[2026-03-03T00:21:40.656+0000] {processor.py:161} INFO - Started process (PID=177) to work on /opt/airflow/dags/csv_to_mysql.py
[2026-03-03T00:21:40.658+0000] {processor.py:830} INFO - Processing file /opt/airflow/dags/csv_to_mysql.py for tasks to queue
[2026-03-03T00:21:40.679+0000] {logging_mixin.py:188} INFO - [2026-03-03T00:21:40.676+0000] {dagbag.py:545} INFO - Filling up the DagBag from /opt/airflow/dags/csv_to_mysql.py
[2026-03-03T00:21:51.559+0000] {processor.py:840} INFO - DAG(s) 'csv_to_mysql' retrieved from /opt/airflow/dags/csv_to_mysql.py
[2026-03-03T00:21:52.561+0000] {logging_mixin.py:188} INFO - [2026-03-03T00:21:52.559+0000] {override.py:1858} INFO - Created Permission View: can delete on DAG:csv_to_mysql
[2026-03-03T00:21:52.583+0000] {logging_mixin.py:188} INFO - [2026-03-03T00:21:52.583+0000] {override.py:1858} INFO - Created Permission View: can edit on DAG:csv_to_mysql
[2026-03-03T00:21:52.604+0000] {logging_mixin.py:188} INFO - [2026-03-03T00:21:52.603+0000] {override.py:1858} INFO - Created Permission View: can read on DAG:csv_to_mysql
[2026-03-03T00:21:52.605+0000] {logging_mixin.py:188} INFO - [2026-03-03T00:21:52.604+0000] {dag.py:3089} INFO - Sync 1 DAGs
[2026-03-03T00:21:54.098+0000] {logging_mixin.py:188} INFO - [2026-03-03T00:21:54.097+0000] {dag.py:3111} INFO - Creating ORM DAG for csv_to_mysql
[2026-03-03T00:21:54.100+0000] {logging_mixin.py:188} INFO - [2026-03-03T00:21:54.099+0000] {dag.py:3947} INFO - Setting next_dagrun for csv_to_mysql to None, run_after=None
[2026-03-03T00:21:54.142+0000] {processor.py:183} INFO - Processing /opt/airflow/dags/csv_to_mysql.py took 13.530 seconds
[2026-03-03T00:22:24.671+0000] {processor.py:161} INFO - Started process (PID=183) to work on /opt/airflow/dags/csv_to_mysql.py
[2026-03-03T00:22:24.674+0000] {processor.py:830} INFO - Processing file /opt/airflow/dags/csv_to_mysql.py for tasks to queue
[2026-03-03T00:22:24.683+0000] {logging_mixin.py:188} INFO - [2026-03-03T00:22:24.679+0000] {dagbag.py:545} INFO - Filling up the DagBag from /opt/airflow/dags/csv_to_mysql.py
[2026-03-03T00:22:25.215+0000] {processor.py:840} INFO - DAG(s) 'csv_to_mysql' retrieved from /opt/airflow/dags/csv_to_mysql.py
[2026-03-03T00:22:25.261+0000] {logging_mixin.py:188} INFO - [2026-03-03T00:22:25.261+0000] {dag.py:3089} INFO - Sync 1 DAGs
[2026-03-03T00:22:25.285+0000] {logging_mixin.py:188} INFO - [2026-03-03T00:22:25.285+0000] {dag.py:3947} INFO - Setting next_dagrun for csv_to_mysql to None, run_after=None
[2026-03-03T00:22:25.313+0000] {processor.py:183} INFO - Processing /opt/airflow/dags/csv_to_mysql.py took 0.667 seconds
[2026-03-03T00:22:55.505+0000] {processor.py:161} INFO - Started process (PID=189) to work on /opt/airflow/dags/csv_to_mysql.py
[2026-03-03T00:22:55.509+0000] {processor.py:830} INFO - Processing file /opt/airflow/dags/csv_to_mysql.py for tasks to queue
[2026-03-03T00:22:55.517+0000] {logging_mixin.py:188} INFO - [2026-03-03T00:22:55.515+0000] {dagbag.py:545} INFO - Filling up the DagBag from /opt/airflow/dags/csv_to_mysql.py
[2026-03-03T00:22:56.027+0000] {processor.py:840} INFO - DAG(s) 'csv_to_mysql' retrieved from /opt/airflow/dags/csv_to_mysql.py
[2026-03-03T00:22:56.064+0000] {logging_mixin.py:188} INFO - [2026-03-03T00:22:56.064+0000] {dag.py:3089} INFO - Sync 1 DAGs
[2026-03-03T00:22:56.087+0000] {logging_mixin.py:188} INFO - [2026-03-03T00:22:56.086+0000] {dag.py:3947} INFO - Setting next_dagrun for csv_to_mysql to None, run_after=None
[2026-03-03T00:22:56.114+0000] {processor.py:183} INFO - Processing /opt/airflow/dags/csv_to_mysql.py took 0.628 seconds
[2026-03-03T00:23:26.251+0000] {processor.py:161} INFO - Started process (PID=195) to work on /opt/airflow/dags/csv_to_mysql.py
[2026-03-03T00:23:26.257+0000] {processor.py:830} INFO - Processing file /opt/airflow/dags/csv_to_mysql.py for tasks to queue
[2026-03-03T00:23:26.260+0000] {logging_mixin.py:188} INFO - [2026-03-03T00:23:26.260+0000] {dagbag.py:545} INFO - Filling up the DagBag from /opt/airflow/dags/csv_to_mysql.py
[2026-03-03T00:23:27.473+0000] {processor.py:840} INFO - DAG(s) 'csv_to_mysql' retrieved from /opt/airflow/dags/csv_to_mysql.py
[2026-03-03T00:23:27.516+0000] {logging_mixin.py:188} INFO - [2026-03-03T00:23:27.515+0000] {dag.py:3089} INFO - Sync 1 DAGs
[2026-03-03T00:23:27.551+0000] {logging_mixin.py:188} INFO - [2026-03-03T00:23:27.550+0000] {dag.py:3947} INFO - Setting next_dagrun for csv_to_mysql to None, run_after=None
[2026-03-03T00:23:27.588+0000] {processor.py:183} INFO - Processing /opt/airflow/dags/csv_to_mysql.py took 1.356 seconds
[2026-03-03T00:23:57.806+0000] {processor.py:161} INFO - Started process (PID=201) to work on /opt/airflow/dags/csv_to_mysql.py
[2026-03-03T00:23:57.809+0000] {processor.py:830} INFO - Processing file /opt/airflow/dags/csv_to_mysql.py for tasks to queue
[2026-03-03T00:23:57.811+0000] {logging_mixin.py:188} INFO - [2026-03-03T00:23:57.811+0000] {dagbag.py:545} INFO - Filling up the DagBag from /opt/airflow/dags/csv_to_mysql.py
[2026-03-03T00:23:58.585+0000] {processor.py:840} INFO - DAG(s) 'csv_to_mysql' retrieved from /opt/airflow/dags/csv_to_mysql.py
[2026-03-03T00:23:58.632+0000] {logging_mixin.py:188} INFO - [2026-03-03T00:23:58.632+0000] {dag.py:3089} INFO - Sync 1 DAGs
[2026-03-03T00:23:58.655+0000] {logging_mixin.py:188} INFO - [2026-03-03T00:23:58.654+0000] {dag.py:3947} INFO - Setting next_dagrun for csv_to_mysql to None, run_after=None
[2026-03-03T00:23:58.681+0000] {processor.py:183} INFO - Processing /opt/airflow/dags/csv_to_mysql.py took 0.883 seconds
[2026-03-03T00:24:28.960+0000] {processor.py:161} INFO - Started process (PID=207) to work on /opt/airflow/dags/csv_to_mysql.py
[2026-03-03T00:24:28.962+0000] {processor.py:830} INFO - Processing file /opt/airflow/dags/csv_to_mysql.py for tasks to queue
[2026-03-03T00:24:28.965+0000] {logging_mixin.py:188} INFO - [2026-03-03T00:24:28.965+0000] {dagbag.py:545} INFO - Filling up the DagBag from /opt/airflow/dags/csv_to_mysql.py
[2026-03-03T00:24:29.381+0000] {processor.py:840} INFO - DAG(s) 'csv_to_mysql' retrieved from /opt/airflow/dags/csv_to_mysql.py
[2026-03-03T00:24:29.418+0000] {logging_mixin.py:188} INFO - [2026-03-03T00:24:29.417+0000] {dag.py:3089} INFO - Sync 1 DAGs
[2026-03-03T00:24:29.435+0000] {logging_mixin.py:188} INFO - [2026-03-03T00:24:29.435+0000] {dag.py:3947} INFO - Setting next_dagrun for csv_to_mysql to None, run_after=None
[2026-03-03T00:24:29.464+0000] {processor.py:183} INFO - Processing /opt/airflow/dags/csv_to_mysql.py took 0.514 seconds
[2026-03-03T00:24:59.604+0000] {processor.py:161} INFO - Started process (PID=216) to work on /opt/airflow/dags/csv_to_mysql.py
[2026-03-03T00:24:59.607+0000] {processor.py:830} INFO - Processing file /opt/airflow/dags/csv_to_mysql.py for tasks to queue
[2026-03-03T00:24:59.616+0000] {logging_mixin.py:188} INFO - [2026-03-03T00:24:59.615+0000] {dagbag.py:545} INFO - Filling up the DagBag from /opt/airflow/dags/csv_to_mysql.py
[2026-03-03T00:25:01.060+0000] {processor.py:840} INFO - DAG(s) 'csv_to_mysql' retrieved from /opt/airflow/dags/csv_to_mysql.py
[2026-03-03T00:25:01.191+0000] {logging_mixin.py:188} INFO - [2026-03-03T00:25:01.190+0000] {dag.py:3089} INFO - Sync 1 DAGs
[2026-03-03T00:25:01.235+0000] {logging_mixin.py:188} INFO - [2026-03-03T00:25:01.235+0000] {dag.py:3947} INFO - Setting next_dagrun for csv_to_mysql to None, run_after=None
[2026-03-03T00:25:01.280+0000] {processor.py:183} INFO - Processing /opt/airflow/dags/csv_to_mysql.py took 1.711 seconds
[2026-03-03T00:25:31.744+0000] {processor.py:161} INFO - Started process (PID=222) to work on /opt/airflow/dags/csv_to_mysql.py
[2026-03-03T00:25:31.746+0000] {processor.py:830} INFO - Processing file /opt/airflow/dags/csv_to_mysql.py for tasks to queue
[2026-03-03T00:25:31.749+0000] {logging_mixin.py:188} INFO - [2026-03-03T00:25:31.749+0000] {dagbag.py:545} INFO - Filling up the DagBag from /opt/airflow/dags/csv_to_mysql.py
[2026-03-03T00:25:32.127+0000] {processor.py:840} INFO - DAG(s) 'csv_to_mysql' retrieved from /opt/airflow/dags/csv_to_mysql.py
[2026-03-03T00:25:32.165+0000] {logging_mixin.py:188} INFO - [2026-03-03T00:25:32.164+0000] {dag.py:3089} INFO - Sync 1 DAGs
[2026-03-03T00:25:32.183+0000] {logging_mixin.py:188} INFO - [2026-03-03T00:25:32.183+0000] {dag.py:3947} INFO - Setting next_dagrun for csv_to_mysql to None, run_after=None
[2026-03-03T00:25:32.209+0000] {processor.py:183} INFO - Processing /opt/airflow/dags/csv_to_mysql.py took 0.473 seconds
[2026-03-03T00:26:02.505+0000] {processor.py:161} INFO - Started process (PID=228) to work on /opt/airflow/dags/csv_to_mysql.py
[2026-03-03T00:26:02.507+0000] {processor.py:830} INFO - Processing file /opt/airflow/dags/csv_to_mysql.py for tasks to queue
[2026-03-03T00:26:02.512+0000] {logging_mixin.py:188} INFO - [2026-03-03T00:26:02.511+0000] {dagbag.py:545} INFO - Filling up the DagBag from /opt/airflow/dags/csv_to_mysql.py
[2026-03-03T00:26:02.910+0000] {processor.py:840} INFO - DAG(s) 'csv_to_mysql' retrieved from /opt/airflow/dags/csv_to_mysql.py
[2026-03-03T00:26:02.944+0000] {logging_mixin.py:188} INFO - [2026-03-03T00:26:02.944+0000] {dag.py:3089} INFO - Sync 1 DAGs
[2026-03-03T00:26:02.962+0000] {logging_mixin.py:188} INFO - [2026-03-03T00:26:02.962+0000] {dag.py:3947} INFO - Setting next_dagrun for csv_to_mysql to None, run_after=None
[2026-03-03T00:26:02.998+0000] {processor.py:183} INFO - Processing /opt/airflow/dags/csv_to_mysql.py took 0.503 seconds
[2026-03-03T00:26:33.261+0000] {processor.py:161} INFO - Started process (PID=234) to work on /opt/airflow/dags/csv_to_mysql.py
[2026-03-03T00:26:33.263+0000] {processor.py:830} INFO - Processing file /opt/airflow/dags/csv_to_mysql.py for tasks to queue
[2026-03-03T00:26:33.269+0000] {logging_mixin.py:188} INFO - [2026-03-03T00:26:33.269+0000] {dagbag.py:545} INFO - Filling up the DagBag from /opt/airflow/dags/csv_to_mysql.py
[2026-03-03T00:26:33.720+0000] {processor.py:840} INFO - DAG(s) 'csv_to_mysql' retrieved from /opt/airflow/dags/csv_to_mysql.py
[2026-03-03T00:26:33.762+0000] {logging_mixin.py:188} INFO - [2026-03-03T00:26:33.761+0000] {dag.py:3089} INFO - Sync 1 DAGs
[2026-03-03T00:26:33.794+0000] {logging_mixin.py:188} INFO - [2026-03-03T00:26:33.793+0000] {dag.py:3947} INFO - Setting next_dagrun for csv_to_mysql to None, run_after=None
[2026-03-03T00:26:33.829+0000] {processor.py:183} INFO - Processing /opt/airflow/dags/csv_to_mysql.py took 0.580 seconds
[2026-03-03T00:27:04.579+0000] {processor.py:161} INFO - Started process (PID=240) to work on /opt/airflow/dags/csv_to_mysql.py
[2026-03-03T00:27:04.581+0000] {processor.py:830} INFO - Processing file /opt/airflow/dags/csv_to_mysql.py for tasks to queue
[2026-03-03T00:27:04.584+0000] {logging_mixin.py:188} INFO - [2026-03-03T00:27:04.584+0000] {dagbag.py:545} INFO - Filling up the DagBag from /opt/airflow/dags/csv_to_mysql.py
[2026-03-03T00:27:04.983+0000] {processor.py:840} INFO - DAG(s) 'csv_to_mysql' retrieved from /opt/airflow/dags/csv_to_mysql.py
[2026-03-03T00:27:05.015+0000] {logging_mixin.py:188} INFO - [2026-03-03T00:27:05.015+0000] {dag.py:3089} INFO - Sync 1 DAGs
[2026-03-03T00:27:05.038+0000] {logging_mixin.py:188} INFO - [2026-03-03T00:27:05.037+0000] {dag.py:3947} INFO - Setting next_dagrun for csv_to_mysql to None, run_after=None
[2026-03-03T00:27:05.063+0000] {processor.py:183} INFO - Processing /opt/airflow/dags/csv_to_mysql.py took 0.495 seconds
[2026-03-03T00:27:35.224+0000] {processor.py:161} INFO - Started process (PID=246) to work on /opt/airflow/dags/csv_to_mysql.py
[2026-03-03T00:27:35.228+0000] {processor.py:830} INFO - Processing file /opt/airflow/dags/csv_to_mysql.py for tasks to queue
[2026-03-03T00:27:35.232+0000] {logging_mixin.py:188} INFO - [2026-03-03T00:27:35.231+0000] {dagbag.py:545} INFO - Filling up the DagBag from /opt/airflow/dags/csv_to_mysql.py
[2026-03-03T00:27:35.690+0000] {processor.py:840} INFO - DAG(s) 'csv_to_mysql' retrieved from /opt/airflow/dags/csv_to_mysql.py
[2026-03-03T00:27:35.733+0000] {logging_mixin.py:188} INFO - [2026-03-03T00:27:35.732+0000] {dag.py:3089} INFO - Sync 1 DAGs
[2026-03-03T00:27:35.778+0000] {logging_mixin.py:188} INFO - [2026-03-03T00:27:35.777+0000] {dag.py:3947} INFO - Setting next_dagrun for csv_to_mysql to None, run_after=None
[2026-03-03T00:27:35.816+0000] {processor.py:183} INFO - Processing /opt/airflow/dags/csv_to_mysql.py took 0.640 seconds
[2026-03-03T00:28:06.432+0000] {processor.py:161} INFO - Started process (PID=252) to work on /opt/airflow/dags/csv_to_mysql.py
[2026-03-03T00:28:06.437+0000] {processor.py:830} INFO - Processing file /opt/airflow/dags/csv_to_mysql.py for tasks to queue
[2026-03-03T00:28:06.442+0000] {logging_mixin.py:188} INFO - [2026-03-03T00:28:06.441+0000] {dagbag.py:545} INFO - Filling up the DagBag from /opt/airflow/dags/csv_to_mysql.py
[2026-03-03T00:28:06.909+0000] {processor.py:840} INFO - DAG(s) 'csv_to_mysql' retrieved from /opt/airflow/dags/csv_to_mysql.py
[2026-03-03T00:28:06.960+0000] {logging_mixin.py:188} INFO - [2026-03-03T00:28:06.960+0000] {dag.py:3089} INFO - Sync 1 DAGs
[2026-03-03T00:28:06.975+0000] {logging_mixin.py:188} INFO - [2026-03-03T00:28:06.975+0000] {dag.py:3947} INFO - Setting next_dagrun for csv_to_mysql to None, run_after=None
[2026-03-03T00:28:07.007+0000] {processor.py:183} INFO - Processing /opt/airflow/dags/csv_to_mysql.py took 0.602 seconds
[2026-03-03T00:28:37.583+0000] {processor.py:161} INFO - Started process (PID=258) to work on /opt/airflow/dags/csv_to_mysql.py
[2026-03-03T00:28:37.584+0000] {processor.py:830} INFO - Processing file /opt/airflow/dags/csv_to_mysql.py for tasks to queue
[2026-03-03T00:28:37.588+0000] {logging_mixin.py:188} INFO - [2026-03-03T00:28:37.587+0000] {dagbag.py:545} INFO - Filling up the DagBag from /opt/airflow/dags/csv_to_mysql.py
[2026-03-03T00:28:37.940+0000] {processor.py:840} INFO - DAG(s) 'csv_to_mysql' retrieved from /opt/airflow/dags/csv_to_mysql.py
[2026-03-03T00:28:37.971+0000] {logging_mixin.py:188} INFO - [2026-03-03T00:28:37.971+0000] {dag.py:3089} INFO - Sync 1 DAGs
[2026-03-03T00:28:37.986+0000] {logging_mixin.py:188} INFO - [2026-03-03T00:28:37.986+0000] {dag.py:3947} INFO - Setting next_dagrun for csv_to_mysql to None, run_after=None
[2026-03-03T00:28:38.014+0000] {processor.py:183} INFO - Processing /opt/airflow/dags/csv_to_mysql.py took 0.438 seconds
[2026-03-03T00:29:08.087+0000] {processor.py:161} INFO - Started process (PID=264) to work on /opt/airflow/dags/csv_to_mysql.py
[2026-03-03T00:29:08.090+0000] {processor.py:830} INFO - Processing file /opt/airflow/dags/csv_to_mysql.py for tasks to queue
[2026-03-03T00:29:08.095+0000] {logging_mixin.py:188} INFO - [2026-03-03T00:29:08.094+0000] {dagbag.py:545} INFO - Filling up the DagBag from /opt/airflow/dags/csv_to_mysql.py
[2026-03-03T00:29:08.797+0000] {processor.py:840} INFO - DAG(s) 'csv_to_mysql' retrieved from /opt/airflow/dags/csv_to_mysql.py
[2026-03-03T00:29:08.832+0000] {logging_mixin.py:188} INFO - [2026-03-03T00:29:08.831+0000] {dag.py:3089} INFO - Sync 1 DAGs
[2026-03-03T00:29:08.847+0000] {logging_mixin.py:188} INFO - [2026-03-03T00:29:08.847+0000] {dag.py:3947} INFO - Setting next_dagrun for csv_to_mysql to None, run_after=None
[2026-03-03T00:29:08.870+0000] {processor.py:183} INFO - Processing /opt/airflow/dags/csv_to_mysql.py took 0.797 seconds
[2026-03-03T00:29:39.461+0000] {processor.py:161} INFO - Started process (PID=270) to work on /opt/airflow/dags/csv_to_mysql.py
[2026-03-03T00:29:39.462+0000] {processor.py:830} INFO - Processing file /opt/airflow/dags/csv_to_mysql.py for tasks to queue
[2026-03-03T00:29:39.465+0000] {logging_mixin.py:188} INFO - [2026-03-03T00:29:39.465+0000] {dagbag.py:545} INFO - Filling up the DagBag from /opt/airflow/dags/csv_to_mysql.py
[2026-03-03T00:29:39.820+0000] {processor.py:840} INFO - DAG(s) 'csv_to_mysql' retrieved from /opt/airflow/dags/csv_to_mysql.py
[2026-03-03T00:29:39.853+0000] {logging_mixin.py:188} INFO - [2026-03-03T00:29:39.853+0000] {dag.py:3089} INFO - Sync 1 DAGs
[2026-03-03T00:29:39.910+0000] {logging_mixin.py:188} INFO - [2026-03-03T00:29:39.910+0000] {dag.py:3947} INFO - Setting next_dagrun for csv_to_mysql to None, run_after=None
[2026-03-03T00:29:39.972+0000] {processor.py:183} INFO - Processing /opt/airflow/dags/csv_to_mysql.py took 0.520 seconds
[2026-03-03T00:30:10.601+0000] {processor.py:161} INFO - Started process (PID=276) to work on /opt/airflow/dags/csv_to_mysql.py
[2026-03-03T00:30:10.604+0000] {processor.py:830} INFO - Processing file /opt/airflow/dags/csv_to_mysql.py for tasks to queue
[2026-03-03T00:30:10.607+0000] {logging_mixin.py:188} INFO - [2026-03-03T00:30:10.606+0000] {dagbag.py:545} INFO - Filling up the DagBag from /opt/airflow/dags/csv_to_mysql.py
[2026-03-03T00:30:11.493+0000] {processor.py:840} INFO - DAG(s) 'csv_to_mysql' retrieved from /opt/airflow/dags/csv_to_mysql.py
[2026-03-03T00:30:11.562+0000] {logging_mixin.py:188} INFO - [2026-03-03T00:30:11.560+0000] {dag.py:3089} INFO - Sync 1 DAGs
[2026-03-03T00:30:11.603+0000] {logging_mixin.py:188} INFO - [2026-03-03T00:30:11.602+0000] {dag.py:3947} INFO - Setting next_dagrun for csv_to_mysql to None, run_after=None
[2026-03-03T00:30:11.664+0000] {processor.py:183} INFO - Processing /opt/airflow/dags/csv_to_mysql.py took 1.095 seconds
[2026-03-03T00:30:42.004+0000] {processor.py:161} INFO - Started process (PID=282) to work on /opt/airflow/dags/csv_to_mysql.py
[2026-03-03T00:30:42.006+0000] {processor.py:830} INFO - Processing file /opt/airflow/dags/csv_to_mysql.py for tasks to queue
[2026-03-03T00:30:42.015+0000] {logging_mixin.py:188} INFO - [2026-03-03T00:30:42.014+0000] {dagbag.py:545} INFO - Filling up the DagBag from /opt/airflow/dags/csv_to_mysql.py
[2026-03-03T00:30:42.633+0000] {processor.py:840} INFO - DAG(s) 'csv_to_mysql' retrieved from /opt/airflow/dags/csv_to_mysql.py
[2026-03-03T00:30:42.683+0000] {logging_mixin.py:188} INFO - [2026-03-03T00:30:42.683+0000] {dag.py:3089} INFO - Sync 1 DAGs
[2026-03-03T00:30:42.707+0000] {logging_mixin.py:188} INFO - [2026-03-03T00:30:42.706+0000] {dag.py:3947} INFO - Setting next_dagrun for csv_to_mysql to None, run_after=None
[2026-03-03T00:30:42.747+0000] {processor.py:183} INFO - Processing /opt/airflow/dags/csv_to_mysql.py took 0.758 seconds
[2026-03-03T00:31:13.688+0000] {processor.py:161} INFO - Started process (PID=288) to work on /opt/airflow/dags/csv_to_mysql.py
[2026-03-03T00:31:13.690+0000] {processor.py:830} INFO - Processing file /opt/airflow/dags/csv_to_mysql.py for tasks to queue
[2026-03-03T00:31:13.693+0000] {logging_mixin.py:188} INFO - [2026-03-03T00:31:13.693+0000] {dagbag.py:545} INFO - Filling up the DagBag from /opt/airflow/dags/csv_to_mysql.py
[2026-03-03T00:31:14.542+0000] {processor.py:840} INFO - DAG(s) 'csv_to_mysql' retrieved from /opt/airflow/dags/csv_to_mysql.py
[2026-03-03T00:31:14.588+0000] {logging_mixin.py:188} INFO - [2026-03-03T00:31:14.588+0000] {dag.py:3089} INFO - Sync 1 DAGs
[2026-03-03T00:31:14.609+0000] {logging_mixin.py:188} INFO - [2026-03-03T00:31:14.609+0000] {dag.py:3947} INFO - Setting next_dagrun for csv_to_mysql to None, run_after=None
[2026-03-03T00:31:14.637+0000] {processor.py:183} INFO - Processing /opt/airflow/dags/csv_to_mysql.py took 0.958 seconds
[2026-03-03T00:31:45.857+0000] {processor.py:161} INFO - Started process (PID=294) to work on /opt/airflow/dags/csv_to_mysql.py
[2026-03-03T00:31:45.860+0000] {processor.py:830} INFO - Processing file /opt/airflow/dags/csv_to_mysql.py for tasks to queue
[2026-03-03T00:31:45.872+0000] {logging_mixin.py:188} INFO - [2026-03-03T00:31:45.871+0000] {dagbag.py:545} INFO - Filling up the DagBag from /opt/airflow/dags/csv_to_mysql.py
[2026-03-03T00:31:47.797+0000] {processor.py:840} INFO - DAG(s) 'csv_to_mysql' retrieved from /opt/airflow/dags/csv_to_mysql.py
[2026-03-03T00:31:47.874+0000] {logging_mixin.py:188} INFO - [2026-03-03T00:31:47.870+0000] {dag.py:3089} INFO - Sync 1 DAGs
[2026-03-03T00:31:47.920+0000] {logging_mixin.py:188} INFO - [2026-03-03T00:31:47.919+0000] {dag.py:3947} INFO - Setting next_dagrun for csv_to_mysql to None, run_after=None
[2026-03-03T00:31:47.966+0000] {processor.py:183} INFO - Processing /opt/airflow/dags/csv_to_mysql.py took 2.313 seconds
[2026-03-03T00:32:18.321+0000] {processor.py:161} INFO - Started process (PID=300) to work on /opt/airflow/dags/csv_to_mysql.py
[2026-03-03T00:32:18.325+0000] {processor.py:830} INFO - Processing file /opt/airflow/dags/csv_to_mysql.py for tasks to queue
[2026-03-03T00:32:18.330+0000] {logging_mixin.py:188} INFO - [2026-03-03T00:32:18.330+0000] {dagbag.py:545} INFO - Filling up the DagBag from /opt/airflow/dags/csv_to_mysql.py
[2026-03-03T00:32:18.845+0000] {processor.py:840} INFO - DAG(s) 'csv_to_mysql' retrieved from /opt/airflow/dags/csv_to_mysql.py
[2026-03-03T00:32:18.888+0000] {logging_mixin.py:188} INFO - [2026-03-03T00:32:18.887+0000] {dag.py:3089} INFO - Sync 1 DAGs
[2026-03-03T00:32:18.911+0000] {logging_mixin.py:188} INFO - [2026-03-03T00:32:18.911+0000] {dag.py:3947} INFO - Setting next_dagrun for csv_to_mysql to None, run_after=None
[2026-03-03T00:32:18.947+0000] {processor.py:183} INFO - Processing /opt/airflow/dags/csv_to_mysql.py took 0.639 seconds
[2026-03-03T00:32:49.325+0000] {processor.py:161} INFO - Started process (PID=306) to work on /opt/airflow/dags/csv_to_mysql.py
[2026-03-03T00:32:49.326+0000] {processor.py:830} INFO - Processing file /opt/airflow/dags/csv_to_mysql.py for tasks to queue
[2026-03-03T00:32:49.328+0000] {logging_mixin.py:188} INFO - [2026-03-03T00:32:49.328+0000] {dagbag.py:545} INFO - Filling up the DagBag from /opt/airflow/dags/csv_to_mysql.py
[2026-03-03T00:32:50.620+0000] {processor.py:840} INFO - DAG(s) 'csv_to_mysql' retrieved from /opt/airflow/dags/csv_to_mysql.py
[2026-03-03T00:32:50.658+0000] {logging_mixin.py:188} INFO - [2026-03-03T00:32:50.657+0000] {dag.py:3089} INFO - Sync 1 DAGs
[2026-03-03T00:32:50.686+0000] {logging_mixin.py:188} INFO - [2026-03-03T00:32:50.686+0000] {dag.py:3947} INFO - Setting next_dagrun for csv_to_mysql to None, run_after=None
[2026-03-03T00:32:50.725+0000] {processor.py:183} INFO - Processing /opt/airflow/dags/csv_to_mysql.py took 1.410 seconds
[2026-03-03T00:33:21.274+0000] {processor.py:161} INFO - Started process (PID=312) to work on /opt/airflow/dags/csv_to_mysql.py
[2026-03-03T00:33:21.276+0000] {processor.py:830} INFO - Processing file /opt/airflow/dags/csv_to_mysql.py for tasks to queue
[2026-03-03T00:33:21.280+0000] {logging_mixin.py:188} INFO - [2026-03-03T00:33:21.280+0000] {dagbag.py:545} INFO - Filling up the DagBag from /opt/airflow/dags/csv_to_mysql.py
[2026-03-03T00:33:21.898+0000] {processor.py:840} INFO - DAG(s) 'csv_to_mysql' retrieved from /opt/airflow/dags/csv_to_mysql.py
[2026-03-03T00:33:21.925+0000] {logging_mixin.py:188} INFO - [2026-03-03T00:33:21.925+0000] {dag.py:3089} INFO - Sync 1 DAGs
[2026-03-03T00:33:21.938+0000] {logging_mixin.py:188} INFO - [2026-03-03T00:33:21.938+0000] {dag.py:3947} INFO - Setting next_dagrun for csv_to_mysql to None, run_after=None
[2026-03-03T00:33:21.958+0000] {processor.py:183} INFO - Processing /opt/airflow/dags/csv_to_mysql.py took 0.696 seconds
[2026-03-03T00:33:52.209+0000] {processor.py:161} INFO - Started process (PID=318) to work on /opt/airflow/dags/csv_to_mysql.py
[2026-03-03T00:33:52.210+0000] {processor.py:830} INFO - Processing file /opt/airflow/dags/csv_to_mysql.py for tasks to queue
[2026-03-03T00:33:52.214+0000] {logging_mixin.py:188} INFO - [2026-03-03T00:33:52.213+0000] {dagbag.py:545} INFO - Filling up the DagBag from /opt/airflow/dags/csv_to_mysql.py
[2026-03-03T00:33:52.613+0000] {processor.py:840} INFO - DAG(s) 'csv_to_mysql' retrieved from /opt/airflow/dags/csv_to_mysql.py
[2026-03-03T00:33:52.696+0000] {logging_mixin.py:188} INFO - [2026-03-03T00:33:52.696+0000] {dag.py:3089} INFO - Sync 1 DAGs
[2026-03-03T00:33:52.740+0000] {logging_mixin.py:188} INFO - [2026-03-03T00:33:52.740+0000] {dag.py:3947} INFO - Setting next_dagrun for csv_to_mysql to None, run_after=None
[2026-03-03T00:33:52.782+0000] {processor.py:183} INFO - Processing /opt/airflow/dags/csv_to_mysql.py took 0.581 seconds
[2026-03-03T00:34:23.016+0000] {processor.py:161} INFO - Started process (PID=324) to work on /opt/airflow/dags/csv_to_mysql.py
[2026-03-03T00:34:23.017+0000] {processor.py:830} INFO - Processing file /opt/airflow/dags/csv_to_mysql.py for tasks to queue
[2026-03-03T00:34:23.024+0000] {logging_mixin.py:188} INFO - [2026-03-03T00:34:23.023+0000] {dagbag.py:545} INFO - Filling up the DagBag from /opt/airflow/dags/csv_to_mysql.py
[2026-03-03T00:34:23.518+0000] {processor.py:840} INFO - DAG(s) 'csv_to_mysql' retrieved from /opt/airflow/dags/csv_to_mysql.py
[2026-03-03T00:34:23.557+0000] {logging_mixin.py:188} INFO - [2026-03-03T00:34:23.556+0000] {dag.py:3089} INFO - Sync 1 DAGs
[2026-03-03T00:34:23.573+0000] {logging_mixin.py:188} INFO - [2026-03-03T00:34:23.573+0000] {dag.py:3947} INFO - Setting next_dagrun for csv_to_mysql to None, run_after=None
[2026-03-03T00:34:23.598+0000] {processor.py:183} INFO - Processing /opt/airflow/dags/csv_to_mysql.py took 0.592 seconds
[2026-03-03T00:34:53.824+0000] {processor.py:161} INFO - Started process (PID=330) to work on /opt/airflow/dags/csv_to_mysql.py
[2026-03-03T00:34:53.825+0000] {processor.py:830} INFO - Processing file /opt/airflow/dags/csv_to_mysql.py for tasks to queue
[2026-03-03T00:34:53.827+0000] {logging_mixin.py:188} INFO - [2026-03-03T00:34:53.827+0000] {dagbag.py:545} INFO - Filling up the DagBag from /opt/airflow/dags/csv_to_mysql.py
[2026-03-03T00:34:54.187+0000] {processor.py:840} INFO - DAG(s) 'csv_to_mysql' retrieved from /opt/airflow/dags/csv_to_mysql.py
[2026-03-03T00:34:54.220+0000] {logging_mixin.py:188} INFO - [2026-03-03T00:34:54.219+0000] {dag.py:3089} INFO - Sync 1 DAGs
[2026-03-03T00:34:54.233+0000] {logging_mixin.py:188} INFO - [2026-03-03T00:34:54.233+0000] {dag.py:3947} INFO - Setting next_dagrun for csv_to_mysql to None, run_after=None
[2026-03-03T00:34:54.260+0000] {processor.py:183} INFO - Processing /opt/airflow/dags/csv_to_mysql.py took 0.443 seconds
[2026-03-03T00:35:24.585+0000] {processor.py:161} INFO - Started process (PID=336) to work on /opt/airflow/dags/csv_to_mysql.py
[2026-03-03T00:35:24.586+0000] {processor.py:830} INFO - Processing file /opt/airflow/dags/csv_to_mysql.py for tasks to queue
[2026-03-03T00:35:24.590+0000] {logging_mixin.py:188} INFO - [2026-03-03T00:35:24.589+0000] {dagbag.py:545} INFO - Filling up the DagBag from /opt/airflow/dags/csv_to_mysql.py
[2026-03-03T00:35:24.938+0000] {processor.py:840} INFO - DAG(s) 'csv_to_mysql' retrieved from /opt/airflow/dags/csv_to_mysql.py
[2026-03-03T00:35:24.968+0000] {logging_mixin.py:188} INFO - [2026-03-03T00:35:24.968+0000] {dag.py:3089} INFO - Sync 1 DAGs
[2026-03-03T00:35:24.982+0000] {logging_mixin.py:188} INFO - [2026-03-03T00:35:24.982+0000] {dag.py:3947} INFO - Setting next_dagrun for csv_to_mysql to None, run_after=None
[2026-03-03T00:35:25.005+0000] {processor.py:183} INFO - Processing /opt/airflow/dags/csv_to_mysql.py took 0.427 seconds
[2026-03-03T00:35:55.230+0000] {processor.py:161} INFO - Started process (PID=342) to work on /opt/airflow/dags/csv_to_mysql.py
[2026-03-03T00:35:55.231+0000] {processor.py:830} INFO - Processing file /opt/airflow/dags/csv_to_mysql.py for tasks to queue
[2026-03-03T00:35:55.233+0000] {logging_mixin.py:188} INFO - [2026-03-03T00:35:55.233+0000] {dagbag.py:545} INFO - Filling up the DagBag from /opt/airflow/dags/csv_to_mysql.py
[2026-03-03T00:35:55.551+0000] {processor.py:840} INFO - DAG(s) 'csv_to_mysql' retrieved from /opt/airflow/dags/csv_to_mysql.py
[2026-03-03T00:35:55.580+0000] {logging_mixin.py:188} INFO - [2026-03-03T00:35:55.580+0000] {dag.py:3089} INFO - Sync 1 DAGs
[2026-03-03T00:35:55.594+0000] {logging_mixin.py:188} INFO - [2026-03-03T00:35:55.593+0000] {dag.py:3947} INFO - Setting next_dagrun for csv_to_mysql to None, run_after=None
[2026-03-03T00:35:55.617+0000] {processor.py:183} INFO - Processing /opt/airflow/dags/csv_to_mysql.py took 0.395 seconds
[2026-03-03T00:36:25.840+0000] {processor.py:161} INFO - Started process (PID=348) to work on /opt/airflow/dags/csv_to_mysql.py
[2026-03-03T00:36:25.841+0000] {processor.py:830} INFO - Processing file /opt/airflow/dags/csv_to_mysql.py for tasks to queue
[2026-03-03T00:36:25.843+0000] {logging_mixin.py:188} INFO - [2026-03-03T00:36:25.843+0000] {dagbag.py:545} INFO - Filling up the DagBag from /opt/airflow/dags/csv_to_mysql.py
[2026-03-03T00:36:26.178+0000] {processor.py:840} INFO - DAG(s) 'csv_to_mysql' retrieved from /opt/airflow/dags/csv_to_mysql.py
[2026-03-03T00:36:26.207+0000] {logging_mixin.py:188} INFO - [2026-03-03T00:36:26.206+0000] {dag.py:3089} INFO - Sync 1 DAGs
[2026-03-03T00:36:26.221+0000] {logging_mixin.py:188} INFO - [2026-03-03T00:36:26.221+0000] {dag.py:3947} INFO - Setting next_dagrun for csv_to_mysql to None, run_after=None
[2026-03-03T00:36:26.244+0000] {processor.py:183} INFO - Processing /opt/airflow/dags/csv_to_mysql.py took 0.411 seconds
[2026-03-03T00:36:56.824+0000] {processor.py:161} INFO - Started process (PID=354) to work on /opt/airflow/dags/csv_to_mysql.py
[2026-03-03T00:36:56.826+0000] {processor.py:830} INFO - Processing file /opt/airflow/dags/csv_to_mysql.py for tasks to queue
[2026-03-03T00:36:56.829+0000] {logging_mixin.py:188} INFO - [2026-03-03T00:36:56.828+0000] {dagbag.py:545} INFO - Filling up the DagBag from /opt/airflow/dags/csv_to_mysql.py
[2026-03-03T00:36:57.313+0000] {processor.py:840} INFO - DAG(s) 'csv_to_mysql' retrieved from /opt/airflow/dags/csv_to_mysql.py
[2026-03-03T00:36:57.346+0000] {logging_mixin.py:188} INFO - [2026-03-03T00:36:57.345+0000] {dag.py:3089} INFO - Sync 1 DAGs
[2026-03-03T00:36:57.362+0000] {logging_mixin.py:188} INFO - [2026-03-03T00:36:57.362+0000] {dag.py:3947} INFO - Setting next_dagrun for csv_to_mysql to None, run_after=None
[2026-03-03T00:36:57.389+0000] {processor.py:183} INFO - Processing /opt/airflow/dags/csv_to_mysql.py took 0.577 seconds
[2026-03-03T00:37:27.612+0000] {processor.py:161} INFO - Started process (PID=360) to work on /opt/airflow/dags/csv_to_mysql.py
[2026-03-03T00:37:27.613+0000] {processor.py:830} INFO - Processing file /opt/airflow/dags/csv_to_mysql.py for tasks to queue
[2026-03-03T00:37:27.616+0000] {logging_mixin.py:188} INFO - [2026-03-03T00:37:27.615+0000] {dagbag.py:545} INFO - Filling up the DagBag from /opt/airflow/dags/csv_to_mysql.py
[2026-03-03T00:37:27.992+0000] {processor.py:840} INFO - DAG(s) 'csv_to_mysql' retrieved from /opt/airflow/dags/csv_to_mysql.py
[2026-03-03T00:37:28.024+0000] {logging_mixin.py:188} INFO - [2026-03-03T00:37:28.024+0000] {dag.py:3089} INFO - Sync 1 DAGs
[2026-03-03T00:37:28.040+0000] {logging_mixin.py:188} INFO - [2026-03-03T00:37:28.039+0000] {dag.py:3947} INFO - Setting next_dagrun for csv_to_mysql to None, run_after=None
[2026-03-03T00:37:28.068+0000] {processor.py:183} INFO - Processing /opt/airflow/dags/csv_to_mysql.py took 0.465 seconds
[2026-03-03T00:37:58.844+0000] {processor.py:161} INFO - Started process (PID=366) to work on /opt/airflow/dags/csv_to_mysql.py
[2026-03-03T00:37:58.846+0000] {processor.py:830} INFO - Processing file /opt/airflow/dags/csv_to_mysql.py for tasks to queue
[2026-03-03T00:37:58.849+0000] {logging_mixin.py:188} INFO - [2026-03-03T00:37:58.848+0000] {dagbag.py:545} INFO - Filling up the DagBag from /opt/airflow/dags/csv_to_mysql.py
[2026-03-03T00:37:59.249+0000] {processor.py:840} INFO - DAG(s) 'csv_to_mysql' retrieved from /opt/airflow/dags/csv_to_mysql.py
[2026-03-03T00:37:59.281+0000] {logging_mixin.py:188} INFO - [2026-03-03T00:37:59.281+0000] {dag.py:3089} INFO - Sync 1 DAGs
[2026-03-03T00:37:59.296+0000] {logging_mixin.py:188} INFO - [2026-03-03T00:37:59.295+0000] {dag.py:3947} INFO - Setting next_dagrun for csv_to_mysql to None, run_after=None
[2026-03-03T00:37:59.325+0000] {processor.py:183} INFO - Processing /opt/airflow/dags/csv_to_mysql.py took 0.488 seconds
[2026-03-03T00:38:29.550+0000] {processor.py:161} INFO - Started process (PID=372) to work on /opt/airflow/dags/csv_to_mysql.py
[2026-03-03T00:38:29.552+0000] {processor.py:830} INFO - Processing file /opt/airflow/dags/csv_to_mysql.py for tasks to queue
[2026-03-03T00:38:29.555+0000] {logging_mixin.py:188} INFO - [2026-03-03T00:38:29.555+0000] {dagbag.py:545} INFO - Filling up the DagBag from /opt/airflow/dags/csv_to_mysql.py
[2026-03-03T00:38:29.982+0000] {processor.py:840} INFO - DAG(s) 'csv_to_mysql' retrieved from /opt/airflow/dags/csv_to_mysql.py
[2026-03-03T00:38:30.018+0000] {logging_mixin.py:188} INFO - [2026-03-03T00:38:30.018+0000] {dag.py:3089} INFO - Sync 1 DAGs
[2026-03-03T00:38:30.763+0000] {logging_mixin.py:188} INFO - [2026-03-03T00:38:30.763+0000] {dag.py:3947} INFO - Setting next_dagrun for csv_to_mysql to None, run_after=None
[2026-03-03T00:38:30.789+0000] {processor.py:183} INFO - Processing /opt/airflow/dags/csv_to_mysql.py took 1.246 seconds
[2026-03-03T00:39:01.007+0000] {processor.py:161} INFO - Started process (PID=378) to work on /opt/airflow/dags/csv_to_mysql.py
[2026-03-03T00:39:01.008+0000] {processor.py:830} INFO - Processing file /opt/airflow/dags/csv_to_mysql.py for tasks to queue
[2026-03-03T00:39:01.010+0000] {logging_mixin.py:188} INFO - [2026-03-03T00:39:01.010+0000] {dagbag.py:545} INFO - Filling up the DagBag from /opt/airflow/dags/csv_to_mysql.py
[2026-03-03T00:39:01.567+0000] {processor.py:840} INFO - DAG(s) 'csv_to_mysql' retrieved from /opt/airflow/dags/csv_to_mysql.py
[2026-03-03T00:39:01.601+0000] {logging_mixin.py:188} INFO - [2026-03-03T00:39:01.601+0000] {dag.py:3089} INFO - Sync 1 DAGs
[2026-03-03T00:39:01.616+0000] {logging_mixin.py:188} INFO - [2026-03-03T00:39:01.616+0000] {dag.py:3947} INFO - Setting next_dagrun for csv_to_mysql to None, run_after=None
[2026-03-03T00:39:01.643+0000] {processor.py:183} INFO - Processing /opt/airflow/dags/csv_to_mysql.py took 0.645 seconds
[2026-03-03T00:39:32.004+0000] {processor.py:161} INFO - Started process (PID=384) to work on /opt/airflow/dags/csv_to_mysql.py
[2026-03-03T00:39:32.005+0000] {processor.py:830} INFO - Processing file /opt/airflow/dags/csv_to_mysql.py for tasks to queue
[2026-03-03T00:39:32.008+0000] {logging_mixin.py:188} INFO - [2026-03-03T00:39:32.007+0000] {dagbag.py:545} INFO - Filling up the DagBag from /opt/airflow/dags/csv_to_mysql.py
[2026-03-03T00:39:32.468+0000] {processor.py:840} INFO - DAG(s) 'csv_to_mysql' retrieved from /opt/airflow/dags/csv_to_mysql.py
[2026-03-03T00:39:32.507+0000] {logging_mixin.py:188} INFO - [2026-03-03T00:39:32.507+0000] {dag.py:3089} INFO - Sync 1 DAGs
[2026-03-03T00:39:32.523+0000] {logging_mixin.py:188} INFO - [2026-03-03T00:39:32.523+0000] {dag.py:3947} INFO - Setting next_dagrun for csv_to_mysql to None, run_after=None
[2026-03-03T00:39:32.545+0000] {processor.py:183} INFO - Processing /opt/airflow/dags/csv_to_mysql.py took 0.550 seconds
[2026-03-03T00:40:02.604+0000] {processor.py:161} INFO - Started process (PID=390) to work on /opt/airflow/dags/csv_to_mysql.py
[2026-03-03T00:40:02.606+0000] {processor.py:830} INFO - Processing file /opt/airflow/dags/csv_to_mysql.py for tasks to queue
[2026-03-03T00:40:02.608+0000] {logging_mixin.py:188} INFO - [2026-03-03T00:40:02.607+0000] {dagbag.py:545} INFO - Filling up the DagBag from /opt/airflow/dags/csv_to_mysql.py
[2026-03-03T00:40:03.038+0000] {processor.py:840} INFO - DAG(s) 'csv_to_mysql' retrieved from /opt/airflow/dags/csv_to_mysql.py
[2026-03-03T00:40:03.070+0000] {logging_mixin.py:188} INFO - [2026-03-03T00:40:03.069+0000] {dag.py:3089} INFO - Sync 1 DAGs
[2026-03-03T00:40:03.085+0000] {logging_mixin.py:188} INFO - [2026-03-03T00:40:03.084+0000] {dag.py:3947} INFO - Setting next_dagrun for csv_to_mysql to None, run_after=None
[2026-03-03T00:40:03.110+0000] {processor.py:183} INFO - Processing /opt/airflow/dags/csv_to_mysql.py took 0.515 seconds
[2026-03-03T00:40:33.424+0000] {processor.py:161} INFO - Started process (PID=396) to work on /opt/airflow/dags/csv_to_mysql.py
[2026-03-03T00:40:33.426+0000] {processor.py:830} INFO - Processing file /opt/airflow/dags/csv_to_mysql.py for tasks to queue
[2026-03-03T00:40:33.428+0000] {logging_mixin.py:188} INFO - [2026-03-03T00:40:33.428+0000] {dagbag.py:545} INFO - Filling up the DagBag from /opt/airflow/dags/csv_to_mysql.py
[2026-03-03T00:40:33.818+0000] {processor.py:840} INFO - DAG(s) 'csv_to_mysql' retrieved from /opt/airflow/dags/csv_to_mysql.py
[2026-03-03T00:40:33.852+0000] {logging_mixin.py:188} INFO - [2026-03-03T00:40:33.852+0000] {dag.py:3089} INFO - Sync 1 DAGs
[2026-03-03T00:40:33.868+0000] {logging_mixin.py:188} INFO - [2026-03-03T00:40:33.867+0000] {dag.py:3947} INFO - Setting next_dagrun for csv_to_mysql to None, run_after=None
[2026-03-03T00:40:33.894+0000] {processor.py:183} INFO - Processing /opt/airflow/dags/csv_to_mysql.py took 0.478 seconds
[2026-03-03T00:41:03.964+0000] {processor.py:161} INFO - Started process (PID=402) to work on /opt/airflow/dags/csv_to_mysql.py
[2026-03-03T00:41:03.966+0000] {processor.py:830} INFO - Processing file /opt/airflow/dags/csv_to_mysql.py for tasks to queue
[2026-03-03T00:41:03.968+0000] {logging_mixin.py:188} INFO - [2026-03-03T00:41:03.968+0000] {dagbag.py:545} INFO - Filling up the DagBag from /opt/airflow/dags/csv_to_mysql.py
[2026-03-03T00:41:04.860+0000] {processor.py:840} INFO - DAG(s) 'csv_to_mysql' retrieved from /opt/airflow/dags/csv_to_mysql.py
[2026-03-03T00:41:04.906+0000] {logging_mixin.py:188} INFO - [2026-03-03T00:41:04.906+0000] {dag.py:3089} INFO - Sync 1 DAGs
[2026-03-03T00:41:04.934+0000] {logging_mixin.py:188} INFO - [2026-03-03T00:41:04.934+0000] {dag.py:3947} INFO - Setting next_dagrun for csv_to_mysql to None, run_after=None
[2026-03-03T00:41:04.977+0000] {processor.py:183} INFO - Processing /opt/airflow/dags/csv_to_mysql.py took 1.022 seconds
[2026-03-03T00:41:35.568+0000] {processor.py:161} INFO - Started process (PID=408) to work on /opt/airflow/dags/csv_to_mysql.py
[2026-03-03T00:41:35.570+0000] {processor.py:830} INFO - Processing file /opt/airflow/dags/csv_to_mysql.py for tasks to queue
[2026-03-03T00:41:35.574+0000] {logging_mixin.py:188} INFO - [2026-03-03T00:41:35.573+0000] {dagbag.py:545} INFO - Filling up the DagBag from /opt/airflow/dags/csv_to_mysql.py
[2026-03-03T00:41:36.479+0000] {processor.py:840} INFO - DAG(s) 'csv_to_mysql' retrieved from /opt/airflow/dags/csv_to_mysql.py
[2026-03-03T00:41:36.543+0000] {logging_mixin.py:188} INFO - [2026-03-03T00:41:36.543+0000] {dag.py:3089} INFO - Sync 1 DAGs
[2026-03-03T00:41:36.944+0000] {logging_mixin.py:188} INFO - [2026-03-03T00:41:36.943+0000] {dag.py:3947} INFO - Setting next_dagrun for csv_to_mysql to None, run_after=None
[2026-03-03T00:41:36.981+0000] {processor.py:183} INFO - Processing /opt/airflow/dags/csv_to_mysql.py took 1.422 seconds
[2026-03-03T00:42:07.377+0000] {processor.py:161} INFO - Started process (PID=414) to work on /opt/airflow/dags/csv_to_mysql.py
[2026-03-03T00:42:07.383+0000] {processor.py:830} INFO - Processing file /opt/airflow/dags/csv_to_mysql.py for tasks to queue
[2026-03-03T00:42:07.389+0000] {logging_mixin.py:188} INFO - [2026-03-03T00:42:07.388+0000] {dagbag.py:545} INFO - Filling up the DagBag from /opt/airflow/dags/csv_to_mysql.py
[2026-03-03T00:42:07.855+0000] {processor.py:840} INFO - DAG(s) 'csv_to_mysql' retrieved from /opt/airflow/dags/csv_to_mysql.py
[2026-03-03T00:42:07.890+0000] {logging_mixin.py:188} INFO - [2026-03-03T00:42:07.889+0000] {dag.py:3089} INFO - Sync 1 DAGs
[2026-03-03T00:42:07.905+0000] {logging_mixin.py:188} INFO - [2026-03-03T00:42:07.904+0000] {dag.py:3947} INFO - Setting next_dagrun for csv_to_mysql to None, run_after=None
[2026-03-03T00:42:07.929+0000] {processor.py:183} INFO - Processing /opt/airflow/dags/csv_to_mysql.py took 0.582 seconds
[2026-03-03T00:42:38.066+0000] {processor.py:161} INFO - Started process (PID=420) to work on /opt/airflow/dags/csv_to_mysql.py
[2026-03-03T00:42:38.070+0000] {processor.py:830} INFO - Processing file /opt/airflow/dags/csv_to_mysql.py for tasks to queue
[2026-03-03T00:42:38.073+0000] {logging_mixin.py:188} INFO - [2026-03-03T00:42:38.072+0000] {dagbag.py:545} INFO - Filling up the DagBag from /opt/airflow/dags/csv_to_mysql.py
[2026-03-03T00:42:39.813+0000] {processor.py:840} INFO - DAG(s) 'csv_to_mysql' retrieved from /opt/airflow/dags/csv_to_mysql.py
[2026-03-03T00:42:39.897+0000] {logging_mixin.py:188} INFO - [2026-03-03T00:42:39.897+0000] {dag.py:3089} INFO - Sync 1 DAGs
[2026-03-03T00:42:39.934+0000] {logging_mixin.py:188} INFO - [2026-03-03T00:42:39.933+0000] {dag.py:3947} INFO - Setting next_dagrun for csv_to_mysql to None, run_after=None
[2026-03-03T00:42:39.993+0000] {processor.py:183} INFO - Processing /opt/airflow/dags/csv_to_mysql.py took 1.945 seconds
[2026-03-03T00:43:10.412+0000] {processor.py:161} INFO - Started process (PID=426) to work on /opt/airflow/dags/csv_to_mysql.py
[2026-03-03T00:43:10.413+0000] {processor.py:830} INFO - Processing file /opt/airflow/dags/csv_to_mysql.py for tasks to queue
[2026-03-03T00:43:10.416+0000] {logging_mixin.py:188} INFO - [2026-03-03T00:43:10.415+0000] {dagbag.py:545} INFO - Filling up the DagBag from /opt/airflow/dags/csv_to_mysql.py
[2026-03-03T00:43:10.852+0000] {processor.py:840} INFO - DAG(s) 'csv_to_mysql' retrieved from /opt/airflow/dags/csv_to_mysql.py
[2026-03-03T00:43:10.881+0000] {logging_mixin.py:188} INFO - [2026-03-03T00:43:10.880+0000] {dag.py:3089} INFO - Sync 1 DAGs
[2026-03-03T00:43:10.894+0000] {logging_mixin.py:188} INFO - [2026-03-03T00:43:10.894+0000] {dag.py:3947} INFO - Setting next_dagrun for csv_to_mysql to None, run_after=None
[2026-03-03T00:43:10.914+0000] {processor.py:183} INFO - Processing /opt/airflow/dags/csv_to_mysql.py took 0.511 seconds
[2026-03-03T00:43:41.579+0000] {processor.py:161} INFO - Started process (PID=432) to work on /opt/airflow/dags/csv_to_mysql.py
[2026-03-03T00:43:41.583+0000] {processor.py:830} INFO - Processing file /opt/airflow/dags/csv_to_mysql.py for tasks to queue
[2026-03-03T00:43:41.586+0000] {logging_mixin.py:188} INFO - [2026-03-03T00:43:41.586+0000] {dagbag.py:545} INFO - Filling up the DagBag from /opt/airflow/dags/csv_to_mysql.py
[2026-03-03T00:43:42.186+0000] {processor.py:840} INFO - DAG(s) 'csv_to_mysql' retrieved from /opt/airflow/dags/csv_to_mysql.py
[2026-03-03T00:43:42.221+0000] {logging_mixin.py:188} INFO - [2026-03-03T00:43:42.220+0000] {dag.py:3089} INFO - Sync 1 DAGs
[2026-03-03T00:43:42.237+0000] {logging_mixin.py:188} INFO - [2026-03-03T00:43:42.237+0000] {dag.py:3947} INFO - Setting next_dagrun for csv_to_mysql to None, run_after=None
[2026-03-03T00:43:42.264+0000] {processor.py:183} INFO - Processing /opt/airflow/dags/csv_to_mysql.py took 0.698 seconds
[2026-03-03T00:44:12.523+0000] {processor.py:161} INFO - Started process (PID=438) to work on /opt/airflow/dags/csv_to_mysql.py
[2026-03-03T00:44:12.525+0000] {processor.py:830} INFO - Processing file /opt/airflow/dags/csv_to_mysql.py for tasks to queue
[2026-03-03T00:44:12.530+0000] {logging_mixin.py:188} INFO - [2026-03-03T00:44:12.529+0000] {dagbag.py:545} INFO - Filling up the DagBag from /opt/airflow/dags/csv_to_mysql.py
[2026-03-03T00:44:12.894+0000] {processor.py:840} INFO - DAG(s) 'csv_to_mysql' retrieved from /opt/airflow/dags/csv_to_mysql.py
[2026-03-03T00:44:12.922+0000] {logging_mixin.py:188} INFO - [2026-03-03T00:44:12.921+0000] {dag.py:3089} INFO - Sync 1 DAGs
[2026-03-03T00:44:12.936+0000] {logging_mixin.py:188} INFO - [2026-03-03T00:44:12.936+0000] {dag.py:3947} INFO - Setting next_dagrun for csv_to_mysql to None, run_after=None
[2026-03-03T00:44:13.129+0000] {processor.py:183} INFO - Processing /opt/airflow/dags/csv_to_mysql.py took 0.616 seconds
[2026-03-03T00:44:43.700+0000] {processor.py:161} INFO - Started process (PID=444) to work on /opt/airflow/dags/csv_to_mysql.py
[2026-03-03T00:44:43.702+0000] {processor.py:830} INFO - Processing file /opt/airflow/dags/csv_to_mysql.py for tasks to queue
[2026-03-03T00:44:43.704+0000] {logging_mixin.py:188} INFO - [2026-03-03T00:44:43.704+0000] {dagbag.py:545} INFO - Filling up the DagBag from /opt/airflow/dags/csv_to_mysql.py
[2026-03-03T00:44:44.076+0000] {processor.py:840} INFO - DAG(s) 'csv_to_mysql' retrieved from /opt/airflow/dags/csv_to_mysql.py
[2026-03-03T00:44:44.106+0000] {logging_mixin.py:188} INFO - [2026-03-03T00:44:44.105+0000] {dag.py:3089} INFO - Sync 1 DAGs
[2026-03-03T00:44:44.123+0000] {logging_mixin.py:188} INFO - [2026-03-03T00:44:44.123+0000] {dag.py:3947} INFO - Setting next_dagrun for csv_to_mysql to None, run_after=None
[2026-03-03T00:44:44.145+0000] {processor.py:183} INFO - Processing /opt/airflow/dags/csv_to_mysql.py took 0.453 seconds
[2026-03-03T00:45:14.309+0000] {processor.py:161} INFO - Started process (PID=450) to work on /opt/airflow/dags/csv_to_mysql.py
[2026-03-03T00:45:14.311+0000] {processor.py:830} INFO - Processing file /opt/airflow/dags/csv_to_mysql.py for tasks to queue
[2026-03-03T00:45:14.318+0000] {logging_mixin.py:188} INFO - [2026-03-03T00:45:14.317+0000] {dagbag.py:545} INFO - Filling up the DagBag from /opt/airflow/dags/csv_to_mysql.py
[2026-03-03T00:45:14.932+0000] {processor.py:840} INFO - DAG(s) 'csv_to_mysql' retrieved from /opt/airflow/dags/csv_to_mysql.py
[2026-03-03T00:45:14.968+0000] {logging_mixin.py:188} INFO - [2026-03-03T00:45:14.967+0000] {dag.py:3089} INFO - Sync 1 DAGs
[2026-03-03T00:45:14.986+0000] {logging_mixin.py:188} INFO - [2026-03-03T00:45:14.984+0000] {dag.py:3947} INFO - Setting next_dagrun for csv_to_mysql to None, run_after=None
[2026-03-03T00:45:15.009+0000] {processor.py:183} INFO - Processing /opt/airflow/dags/csv_to_mysql.py took 0.719 seconds
[2026-03-03T00:45:45.222+0000] {processor.py:161} INFO - Started process (PID=456) to work on /opt/airflow/dags/csv_to_mysql.py
[2026-03-03T00:45:45.224+0000] {processor.py:830} INFO - Processing file /opt/airflow/dags/csv_to_mysql.py for tasks to queue
[2026-03-03T00:45:45.226+0000] {logging_mixin.py:188} INFO - [2026-03-03T00:45:45.226+0000] {dagbag.py:545} INFO - Filling up the DagBag from /opt/airflow/dags/csv_to_mysql.py
[2026-03-03T00:45:45.648+0000] {processor.py:840} INFO - DAG(s) 'csv_to_mysql' retrieved from /opt/airflow/dags/csv_to_mysql.py
[2026-03-03T00:45:45.683+0000] {logging_mixin.py:188} INFO - [2026-03-03T00:45:45.683+0000] {dag.py:3089} INFO - Sync 1 DAGs
[2026-03-03T00:45:45.700+0000] {logging_mixin.py:188} INFO - [2026-03-03T00:45:45.699+0000] {dag.py:3947} INFO - Setting next_dagrun for csv_to_mysql to None, run_after=None
[2026-03-03T00:45:45.727+0000] {processor.py:183} INFO - Processing /opt/airflow/dags/csv_to_mysql.py took 0.513 seconds
[2026-03-03T00:46:16.064+0000] {processor.py:161} INFO - Started process (PID=462) to work on /opt/airflow/dags/csv_to_mysql.py
[2026-03-03T00:46:16.066+0000] {processor.py:830} INFO - Processing file /opt/airflow/dags/csv_to_mysql.py for tasks to queue
[2026-03-03T00:46:16.070+0000] {logging_mixin.py:188} INFO - [2026-03-03T00:46:16.069+0000] {dagbag.py:545} INFO - Filling up the DagBag from /opt/airflow/dags/csv_to_mysql.py
[2026-03-03T00:46:16.632+0000] {processor.py:840} INFO - DAG(s) 'csv_to_mysql' retrieved from /opt/airflow/dags/csv_to_mysql.py
[2026-03-03T00:46:16.675+0000] {logging_mixin.py:188} INFO - [2026-03-03T00:46:16.674+0000] {dag.py:3089} INFO - Sync 1 DAGs
[2026-03-03T00:46:16.696+0000] {logging_mixin.py:188} INFO - [2026-03-03T00:46:16.696+0000] {dag.py:3947} INFO - Setting next_dagrun for csv_to_mysql to None, run_after=None
[2026-03-03T00:46:16.723+0000] {processor.py:183} INFO - Processing /opt/airflow/dags/csv_to_mysql.py took 0.670 seconds
[2026-03-03T00:46:47.165+0000] {processor.py:161} INFO - Started process (PID=468) to work on /opt/airflow/dags/csv_to_mysql.py
[2026-03-03T00:46:47.166+0000] {processor.py:830} INFO - Processing file /opt/airflow/dags/csv_to_mysql.py for tasks to queue
[2026-03-03T00:46:47.168+0000] {logging_mixin.py:188} INFO - [2026-03-03T00:46:47.168+0000] {dagbag.py:545} INFO - Filling up the DagBag from /opt/airflow/dags/csv_to_mysql.py
[2026-03-03T00:46:47.553+0000] {processor.py:840} INFO - DAG(s) 'csv_to_mysql' retrieved from /opt/airflow/dags/csv_to_mysql.py
[2026-03-03T00:46:47.592+0000] {logging_mixin.py:188} INFO - [2026-03-03T00:46:47.591+0000] {dag.py:3089} INFO - Sync 1 DAGs
[2026-03-03T00:46:47.617+0000] {logging_mixin.py:188} INFO - [2026-03-03T00:46:47.617+0000] {dag.py:3947} INFO - Setting next_dagrun for csv_to_mysql to None, run_after=None
[2026-03-03T00:46:47.643+0000] {processor.py:183} INFO - Processing /opt/airflow/dags/csv_to_mysql.py took 0.486 seconds
[2026-03-03T00:47:17.882+0000] {processor.py:161} INFO - Started process (PID=474) to work on /opt/airflow/dags/csv_to_mysql.py
[2026-03-03T00:47:17.884+0000] {processor.py:830} INFO - Processing file /opt/airflow/dags/csv_to_mysql.py for tasks to queue
[2026-03-03T00:47:17.890+0000] {logging_mixin.py:188} INFO - [2026-03-03T00:47:17.889+0000] {dagbag.py:545} INFO - Filling up the DagBag from /opt/airflow/dags/csv_to_mysql.py
[2026-03-03T00:47:18.258+0000] {processor.py:840} INFO - DAG(s) 'csv_to_mysql' retrieved from /opt/airflow/dags/csv_to_mysql.py
[2026-03-03T00:47:18.286+0000] {logging_mixin.py:188} INFO - [2026-03-03T00:47:18.286+0000] {dag.py:3089} INFO - Sync 1 DAGs
[2026-03-03T00:47:18.302+0000] {logging_mixin.py:188} INFO - [2026-03-03T00:47:18.301+0000] {dag.py:3947} INFO - Setting next_dagrun for csv_to_mysql to None, run_after=None
[2026-03-03T00:47:18.706+0000] {processor.py:183} INFO - Processing /opt/airflow/dags/csv_to_mysql.py took 0.831 seconds
[2026-03-03T00:47:49.148+0000] {processor.py:161} INFO - Started process (PID=480) to work on /opt/airflow/dags/csv_to_mysql.py
[2026-03-03T00:47:49.149+0000] {processor.py:830} INFO - Processing file /opt/airflow/dags/csv_to_mysql.py for tasks to queue
[2026-03-03T00:47:49.152+0000] {logging_mixin.py:188} INFO - [2026-03-03T00:47:49.151+0000] {dagbag.py:545} INFO - Filling up the DagBag from /opt/airflow/dags/csv_to_mysql.py
[2026-03-03T00:47:49.794+0000] {processor.py:840} INFO - DAG(s) 'csv_to_mysql' retrieved from /opt/airflow/dags/csv_to_mysql.py
[2026-03-03T00:47:50.028+0000] {logging_mixin.py:188} INFO - [2026-03-03T00:47:50.027+0000] {dag.py:3089} INFO - Sync 1 DAGs
[2026-03-03T00:47:50.137+0000] {logging_mixin.py:188} INFO - [2026-03-03T00:47:50.136+0000] {dag.py:3947} INFO - Setting next_dagrun for csv_to_mysql to None, run_after=None
[2026-03-03T00:47:50.231+0000] {processor.py:183} INFO - Processing /opt/airflow/dags/csv_to_mysql.py took 1.090 seconds
[2026-03-03T00:48:20.615+0000] {processor.py:161} INFO - Started process (PID=486) to work on /opt/airflow/dags/csv_to_mysql.py
[2026-03-03T00:48:20.616+0000] {processor.py:830} INFO - Processing file /opt/airflow/dags/csv_to_mysql.py for tasks to queue
[2026-03-03T00:48:20.619+0000] {logging_mixin.py:188} INFO - [2026-03-03T00:48:20.618+0000] {dagbag.py:545} INFO - Filling up the DagBag from /opt/airflow/dags/csv_to_mysql.py
[2026-03-03T00:48:21.382+0000] {processor.py:840} INFO - DAG(s) 'csv_to_mysql' retrieved from /opt/airflow/dags/csv_to_mysql.py
[2026-03-03T00:48:21.423+0000] {logging_mixin.py:188} INFO - [2026-03-03T00:48:21.423+0000] {dag.py:3089} INFO - Sync 1 DAGs
[2026-03-03T00:48:21.463+0000] {logging_mixin.py:188} INFO - [2026-03-03T00:48:21.462+0000] {dag.py:3947} INFO - Setting next_dagrun for csv_to_mysql to None, run_after=None
[2026-03-03T00:48:21.567+0000] {processor.py:183} INFO - Processing /opt/airflow/dags/csv_to_mysql.py took 0.961 seconds
[2026-03-03T00:48:52.089+0000] {processor.py:161} INFO - Started process (PID=492) to work on /opt/airflow/dags/csv_to_mysql.py
[2026-03-03T00:48:52.143+0000] {processor.py:830} INFO - Processing file /opt/airflow/dags/csv_to_mysql.py for tasks to queue
[2026-03-03T00:48:52.267+0000] {logging_mixin.py:188} INFO - [2026-03-03T00:48:52.261+0000] {dagbag.py:545} INFO - Filling up the DagBag from /opt/airflow/dags/csv_to_mysql.py
[2026-03-03T00:48:54.774+0000] {processor.py:840} INFO - DAG(s) 'csv_to_mysql' retrieved from /opt/airflow/dags/csv_to_mysql.py
[2026-03-03T00:48:54.947+0000] {logging_mixin.py:188} INFO - [2026-03-03T00:48:54.943+0000] {dag.py:3089} INFO - Sync 1 DAGs
[2026-03-03T00:48:55.115+0000] {logging_mixin.py:188} INFO - [2026-03-03T00:48:55.114+0000] {dag.py:3947} INFO - Setting next_dagrun for csv_to_mysql to None, run_after=None
[2026-03-03T00:48:55.233+0000] {processor.py:183} INFO - Processing /opt/airflow/dags/csv_to_mysql.py took 3.347 seconds
[2026-03-03T00:49:25.773+0000] {processor.py:161} INFO - Started process (PID=498) to work on /opt/airflow/dags/csv_to_mysql.py
[2026-03-03T00:49:25.775+0000] {processor.py:830} INFO - Processing file /opt/airflow/dags/csv_to_mysql.py for tasks to queue
[2026-03-03T00:49:25.779+0000] {logging_mixin.py:188} INFO - [2026-03-03T00:49:25.779+0000] {dagbag.py:545} INFO - Filling up the DagBag from /opt/airflow/dags/csv_to_mysql.py
[2026-03-03T00:49:27.293+0000] {processor.py:840} INFO - DAG(s) 'csv_to_mysql' retrieved from /opt/airflow/dags/csv_to_mysql.py
[2026-03-03T00:49:27.359+0000] {logging_mixin.py:188} INFO - [2026-03-03T00:49:27.358+0000] {dag.py:3089} INFO - Sync 1 DAGs
[2026-03-03T00:49:27.424+0000] {logging_mixin.py:188} INFO - [2026-03-03T00:49:27.423+0000] {dag.py:3947} INFO - Setting next_dagrun for csv_to_mysql to None, run_after=None
[2026-03-03T00:49:27.449+0000] {processor.py:183} INFO - Processing /opt/airflow/dags/csv_to_mysql.py took 1.688 seconds
[2026-03-03T00:49:57.800+0000] {processor.py:161} INFO - Started process (PID=504) to work on /opt/airflow/dags/csv_to_mysql.py
[2026-03-03T00:49:57.801+0000] {processor.py:830} INFO - Processing file /opt/airflow/dags/csv_to_mysql.py for tasks to queue
[2026-03-03T00:49:57.805+0000] {logging_mixin.py:188} INFO - [2026-03-03T00:49:57.804+0000] {dagbag.py:545} INFO - Filling up the DagBag from /opt/airflow/dags/csv_to_mysql.py
[2026-03-03T00:49:58.930+0000] {processor.py:840} INFO - DAG(s) 'csv_to_mysql' retrieved from /opt/airflow/dags/csv_to_mysql.py
[2026-03-03T00:49:58.972+0000] {logging_mixin.py:188} INFO - [2026-03-03T00:49:58.972+0000] {dag.py:3089} INFO - Sync 1 DAGs
[2026-03-03T00:49:59.061+0000] {logging_mixin.py:188} INFO - [2026-03-03T00:49:59.061+0000] {dag.py:3947} INFO - Setting next_dagrun for csv_to_mysql to None, run_after=None
[2026-03-03T00:49:59.084+0000] {processor.py:183} INFO - Processing /opt/airflow/dags/csv_to_mysql.py took 1.297 seconds
[2026-03-03T00:50:29.304+0000] {processor.py:161} INFO - Started process (PID=510) to work on /opt/airflow/dags/csv_to_mysql.py
[2026-03-03T00:50:29.305+0000] {processor.py:830} INFO - Processing file /opt/airflow/dags/csv_to_mysql.py for tasks to queue
[2026-03-03T00:50:29.307+0000] {logging_mixin.py:188} INFO - [2026-03-03T00:50:29.307+0000] {dagbag.py:545} INFO - Filling up the DagBag from /opt/airflow/dags/csv_to_mysql.py
[2026-03-03T00:50:29.865+0000] {processor.py:840} INFO - DAG(s) 'csv_to_mysql' retrieved from /opt/airflow/dags/csv_to_mysql.py
[2026-03-03T00:50:29.958+0000] {logging_mixin.py:188} INFO - [2026-03-03T00:50:29.958+0000] {dag.py:3089} INFO - Sync 1 DAGs
[2026-03-03T00:50:30.704+0000] {logging_mixin.py:188} INFO - [2026-03-03T00:50:30.703+0000] {dag.py:3947} INFO - Setting next_dagrun for csv_to_mysql to None, run_after=None
[2026-03-03T00:50:30.732+0000] {processor.py:183} INFO - Processing /opt/airflow/dags/csv_to_mysql.py took 1.435 seconds
[2026-03-03T00:51:01.292+0000] {processor.py:161} INFO - Started process (PID=516) to work on /opt/airflow/dags/csv_to_mysql.py
[2026-03-03T00:51:01.293+0000] {processor.py:830} INFO - Processing file /opt/airflow/dags/csv_to_mysql.py for tasks to queue
[2026-03-03T00:51:01.297+0000] {logging_mixin.py:188} INFO - [2026-03-03T00:51:01.296+0000] {dagbag.py:545} INFO - Filling up the DagBag from /opt/airflow/dags/csv_to_mysql.py
[2026-03-03T00:51:01.831+0000] {processor.py:840} INFO - DAG(s) 'csv_to_mysql' retrieved from /opt/airflow/dags/csv_to_mysql.py
[2026-03-03T00:51:01.896+0000] {logging_mixin.py:188} INFO - [2026-03-03T00:51:01.895+0000] {dag.py:3089} INFO - Sync 1 DAGs
[2026-03-03T00:51:01.929+0000] {logging_mixin.py:188} INFO - [2026-03-03T00:51:01.928+0000] {dag.py:3947} INFO - Setting next_dagrun for csv_to_mysql to None, run_after=None
[2026-03-03T00:51:02.081+0000] {processor.py:183} INFO - Processing /opt/airflow/dags/csv_to_mysql.py took 0.797 seconds
[2026-03-03T00:51:32.465+0000] {processor.py:161} INFO - Started process (PID=522) to work on /opt/airflow/dags/csv_to_mysql.py
[2026-03-03T00:51:32.466+0000] {processor.py:830} INFO - Processing file /opt/airflow/dags/csv_to_mysql.py for tasks to queue
[2026-03-03T00:51:32.469+0000] {logging_mixin.py:188} INFO - [2026-03-03T00:51:32.468+0000] {dagbag.py:545} INFO - Filling up the DagBag from /opt/airflow/dags/csv_to_mysql.py
[2026-03-03T00:51:32.866+0000] {processor.py:840} INFO - DAG(s) 'csv_to_mysql' retrieved from /opt/airflow/dags/csv_to_mysql.py
[2026-03-03T00:51:32.900+0000] {logging_mixin.py:188} INFO - [2026-03-03T00:51:32.900+0000] {dag.py:3089} INFO - Sync 1 DAGs
[2026-03-03T00:51:32.914+0000] {logging_mixin.py:188} INFO - [2026-03-03T00:51:32.914+0000] {dag.py:3947} INFO - Setting next_dagrun for csv_to_mysql to None, run_after=None
[2026-03-03T00:51:32.936+0000] {processor.py:183} INFO - Processing /opt/airflow/dags/csv_to_mysql.py took 0.477 seconds
[2026-03-03T00:52:03.924+0000] {processor.py:161} INFO - Started process (PID=528) to work on /opt/airflow/dags/csv_to_mysql.py
[2026-03-03T00:52:04.118+0000] {processor.py:830} INFO - Processing file /opt/airflow/dags/csv_to_mysql.py for tasks to queue
[2026-03-03T00:52:04.144+0000] {logging_mixin.py:188} INFO - [2026-03-03T00:52:04.143+0000] {dagbag.py:545} INFO - Filling up the DagBag from /opt/airflow/dags/csv_to_mysql.py
[2026-03-03T00:52:05.899+0000] {processor.py:840} INFO - DAG(s) 'csv_to_mysql' retrieved from /opt/airflow/dags/csv_to_mysql.py
[2026-03-03T00:52:06.273+0000] {logging_mixin.py:188} INFO - [2026-03-03T00:52:06.257+0000] {dag.py:3089} INFO - Sync 1 DAGs
[2026-03-03T00:52:06.336+0000] {logging_mixin.py:188} INFO - [2026-03-03T00:52:06.336+0000] {dag.py:3947} INFO - Setting next_dagrun for csv_to_mysql to None, run_after=None
[2026-03-03T00:52:06.387+0000] {processor.py:183} INFO - Processing /opt/airflow/dags/csv_to_mysql.py took 2.811 seconds
[2026-03-03T00:52:36.936+0000] {processor.py:161} INFO - Started process (PID=534) to work on /opt/airflow/dags/csv_to_mysql.py
[2026-03-03T00:52:36.937+0000] {processor.py:830} INFO - Processing file /opt/airflow/dags/csv_to_mysql.py for tasks to queue
[2026-03-03T00:52:36.939+0000] {logging_mixin.py:188} INFO - [2026-03-03T00:52:36.939+0000] {dagbag.py:545} INFO - Filling up the DagBag from /opt/airflow/dags/csv_to_mysql.py
[2026-03-03T00:52:37.359+0000] {processor.py:840} INFO - DAG(s) 'csv_to_mysql' retrieved from /opt/airflow/dags/csv_to_mysql.py
[2026-03-03T00:52:37.408+0000] {logging_mixin.py:188} INFO - [2026-03-03T00:52:37.407+0000] {dag.py:3089} INFO - Sync 1 DAGs
[2026-03-03T00:52:37.429+0000] {logging_mixin.py:188} INFO - [2026-03-03T00:52:37.429+0000] {dag.py:3947} INFO - Setting next_dagrun for csv_to_mysql to None, run_after=None
[2026-03-03T00:52:37.454+0000] {processor.py:183} INFO - Processing /opt/airflow/dags/csv_to_mysql.py took 0.526 seconds
[2026-03-03T00:53:07.742+0000] {processor.py:161} INFO - Started process (PID=540) to work on /opt/airflow/dags/csv_to_mysql.py
[2026-03-03T00:53:07.743+0000] {processor.py:830} INFO - Processing file /opt/airflow/dags/csv_to_mysql.py for tasks to queue
[2026-03-03T00:53:07.746+0000] {logging_mixin.py:188} INFO - [2026-03-03T00:53:07.745+0000] {dagbag.py:545} INFO - Filling up the DagBag from /opt/airflow/dags/csv_to_mysql.py
[2026-03-03T00:53:08.202+0000] {processor.py:840} INFO - DAG(s) 'csv_to_mysql' retrieved from /opt/airflow/dags/csv_to_mysql.py
[2026-03-03T00:53:08.239+0000] {logging_mixin.py:188} INFO - [2026-03-03T00:53:08.239+0000] {dag.py:3089} INFO - Sync 1 DAGs
[2026-03-03T00:53:08.256+0000] {logging_mixin.py:188} INFO - [2026-03-03T00:53:08.255+0000] {dag.py:3947} INFO - Setting next_dagrun for csv_to_mysql to None, run_after=None
[2026-03-03T00:53:08.283+0000] {processor.py:183} INFO - Processing /opt/airflow/dags/csv_to_mysql.py took 0.548 seconds
[2026-03-03T00:53:38.362+0000] {processor.py:161} INFO - Started process (PID=546) to work on /opt/airflow/dags/csv_to_mysql.py
[2026-03-03T00:53:38.363+0000] {processor.py:830} INFO - Processing file /opt/airflow/dags/csv_to_mysql.py for tasks to queue
[2026-03-03T00:53:38.366+0000] {logging_mixin.py:188} INFO - [2026-03-03T00:53:38.366+0000] {dagbag.py:545} INFO - Filling up the DagBag from /opt/airflow/dags/csv_to_mysql.py
[2026-03-03T00:53:38.719+0000] {processor.py:840} INFO - DAG(s) 'csv_to_mysql' retrieved from /opt/airflow/dags/csv_to_mysql.py
[2026-03-03T00:53:38.757+0000] {logging_mixin.py:188} INFO - [2026-03-03T00:53:38.757+0000] {dag.py:3089} INFO - Sync 1 DAGs
[2026-03-03T00:53:39.252+0000] {logging_mixin.py:188} INFO - [2026-03-03T00:53:39.252+0000] {dag.py:3947} INFO - Setting next_dagrun for csv_to_mysql to None, run_after=None
[2026-03-03T00:53:39.292+0000] {processor.py:183} INFO - Processing /opt/airflow/dags/csv_to_mysql.py took 0.937 seconds
[2026-03-03T00:54:09.573+0000] {processor.py:161} INFO - Started process (PID=552) to work on /opt/airflow/dags/csv_to_mysql.py
[2026-03-03T00:54:09.574+0000] {processor.py:830} INFO - Processing file /opt/airflow/dags/csv_to_mysql.py for tasks to queue
[2026-03-03T00:54:09.577+0000] {logging_mixin.py:188} INFO - [2026-03-03T00:54:09.577+0000] {dagbag.py:545} INFO - Filling up the DagBag from /opt/airflow/dags/csv_to_mysql.py
[2026-03-03T00:54:10.159+0000] {processor.py:840} INFO - DAG(s) 'csv_to_mysql' retrieved from /opt/airflow/dags/csv_to_mysql.py
[2026-03-03T00:54:10.205+0000] {logging_mixin.py:188} INFO - [2026-03-03T00:54:10.205+0000] {dag.py:3089} INFO - Sync 1 DAGs
[2026-03-03T00:54:10.221+0000] {logging_mixin.py:188} INFO - [2026-03-03T00:54:10.221+0000] {dag.py:3947} INFO - Setting next_dagrun for csv_to_mysql to None, run_after=None
[2026-03-03T00:54:10.244+0000] {processor.py:183} INFO - Processing /opt/airflow/dags/csv_to_mysql.py took 0.680 seconds
[2026-03-03T00:54:40.671+0000] {processor.py:161} INFO - Started process (PID=558) to work on /opt/airflow/dags/csv_to_mysql.py
[2026-03-03T00:54:40.672+0000] {processor.py:830} INFO - Processing file /opt/airflow/dags/csv_to_mysql.py for tasks to queue
[2026-03-03T00:54:40.676+0000] {logging_mixin.py:188} INFO - [2026-03-03T00:54:40.676+0000] {dagbag.py:545} INFO - Filling up the DagBag from /opt/airflow/dags/csv_to_mysql.py
[2026-03-03T00:54:41.075+0000] {processor.py:840} INFO - DAG(s) 'csv_to_mysql' retrieved from /opt/airflow/dags/csv_to_mysql.py
[2026-03-03T00:54:41.185+0000] {logging_mixin.py:188} INFO - [2026-03-03T00:54:41.184+0000] {dag.py:3089} INFO - Sync 1 DAGs
[2026-03-03T00:54:41.207+0000] {logging_mixin.py:188} INFO - [2026-03-03T00:54:41.206+0000] {dag.py:3947} INFO - Setting next_dagrun for csv_to_mysql to None, run_after=None
[2026-03-03T00:54:41.237+0000] {processor.py:183} INFO - Processing /opt/airflow/dags/csv_to_mysql.py took 0.577 seconds
[2026-03-03T00:55:11.304+0000] {processor.py:161} INFO - Started process (PID=564) to work on /opt/airflow/dags/csv_to_mysql.py
[2026-03-03T00:55:11.305+0000] {processor.py:830} INFO - Processing file /opt/airflow/dags/csv_to_mysql.py for tasks to queue
[2026-03-03T00:55:11.315+0000] {logging_mixin.py:188} INFO - [2026-03-03T00:55:11.313+0000] {dagbag.py:545} INFO - Filling up the DagBag from /opt/airflow/dags/csv_to_mysql.py
[2026-03-03T00:55:11.983+0000] {processor.py:840} INFO - DAG(s) 'csv_to_mysql' retrieved from /opt/airflow/dags/csv_to_mysql.py
[2026-03-03T00:55:12.029+0000] {logging_mixin.py:188} INFO - [2026-03-03T00:55:12.028+0000] {dag.py:3089} INFO - Sync 1 DAGs
[2026-03-03T00:55:12.049+0000] {logging_mixin.py:188} INFO - [2026-03-03T00:55:12.049+0000] {dag.py:3947} INFO - Setting next_dagrun for csv_to_mysql to None, run_after=None
[2026-03-03T00:55:12.076+0000] {processor.py:183} INFO - Processing /opt/airflow/dags/csv_to_mysql.py took 0.779 seconds
[2026-03-03T00:55:42.320+0000] {processor.py:161} INFO - Started process (PID=570) to work on /opt/airflow/dags/csv_to_mysql.py
[2026-03-03T00:55:42.321+0000] {processor.py:830} INFO - Processing file /opt/airflow/dags/csv_to_mysql.py for tasks to queue
[2026-03-03T00:55:42.326+0000] {logging_mixin.py:188} INFO - [2026-03-03T00:55:42.325+0000] {dagbag.py:545} INFO - Filling up the DagBag from /opt/airflow/dags/csv_to_mysql.py
[2026-03-03T00:55:42.689+0000] {processor.py:840} INFO - DAG(s) 'csv_to_mysql' retrieved from /opt/airflow/dags/csv_to_mysql.py
[2026-03-03T00:55:42.726+0000] {logging_mixin.py:188} INFO - [2026-03-03T00:55:42.726+0000] {dag.py:3089} INFO - Sync 1 DAGs
[2026-03-03T00:55:42.740+0000] {logging_mixin.py:188} INFO - [2026-03-03T00:55:42.740+0000] {dag.py:3947} INFO - Setting next_dagrun for csv_to_mysql to None, run_after=None
[2026-03-03T00:55:42.761+0000] {processor.py:183} INFO - Processing /opt/airflow/dags/csv_to_mysql.py took 0.450 seconds
[2026-03-03T00:56:12.944+0000] {processor.py:161} INFO - Started process (PID=576) to work on /opt/airflow/dags/csv_to_mysql.py
[2026-03-03T00:56:12.946+0000] {processor.py:830} INFO - Processing file /opt/airflow/dags/csv_to_mysql.py for tasks to queue
[2026-03-03T00:56:12.948+0000] {logging_mixin.py:188} INFO - [2026-03-03T00:56:12.948+0000] {dagbag.py:545} INFO - Filling up the DagBag from /opt/airflow/dags/csv_to_mysql.py
[2026-03-03T00:56:13.281+0000] {processor.py:840} INFO - DAG(s) 'csv_to_mysql' retrieved from /opt/airflow/dags/csv_to_mysql.py
[2026-03-03T00:56:13.318+0000] {logging_mixin.py:188} INFO - [2026-03-03T00:56:13.318+0000] {dag.py:3089} INFO - Sync 1 DAGs
[2026-03-03T00:56:13.332+0000] {logging_mixin.py:188} INFO - [2026-03-03T00:56:13.332+0000] {dag.py:3947} INFO - Setting next_dagrun for csv_to_mysql to None, run_after=None
[2026-03-03T00:56:13.355+0000] {processor.py:183} INFO - Processing /opt/airflow/dags/csv_to_mysql.py took 0.417 seconds
