[2026-03-04T08:15:06.258+0000] {local_task_job_runner.py:120} INFO - ::group::Pre task execution logs
[2026-03-04T08:15:06.268+0000] {taskinstance.py:2076} INFO - Dependencies all met for dep_context=non-requeueable deps ti=<TaskInstance: conditional_dataset_and_time_based_timetable.conditional_dataset_and_time_based_timetable scheduled__2026-03-04T01:00:00+00:00 [queued]>
[2026-03-04T08:15:06.270+0000] {taskinstance.py:2076} INFO - Dependencies all met for dep_context=requeueable deps ti=<TaskInstance: conditional_dataset_and_time_based_timetable.conditional_dataset_and_time_based_timetable scheduled__2026-03-04T01:00:00+00:00 [queued]>
[2026-03-04T08:15:06.270+0000] {taskinstance.py:2306} INFO - Starting attempt 1 of 1
[2026-03-04T08:15:06.274+0000] {taskinstance.py:2330} INFO - Executing <Task(BashOperator): conditional_dataset_and_time_based_timetable> on 2026-03-04 01:00:00+00:00
[2026-03-04T08:15:06.280+0000] {logging_mixin.py:188} WARNING - /home/***/.local/lib/python3.12/site-packages/***/task/task_runner/standard_task_runner.py:62 DeprecationWarning: This process (pid=9094) is multi-threaded, use of fork() may lead to deadlocks in the child.
[2026-03-04T08:15:06.278+0000] {standard_task_runner.py:90} INFO - Running: ['***', 'tasks', 'run', 'conditional_dataset_and_time_based_timetable', 'conditional_dataset_and_time_based_timetable', 'scheduled__2026-03-04T01:00:00+00:00', '--job-id', '3', '--raw', '--subdir', '/home/***/.local/lib/python3.12/site-packages/***/example_dags/example_datasets.py', '--cfg-path', '/tmp/tmpl9rl6bge']
[2026-03-04T08:15:06.280+0000] {standard_task_runner.py:64} INFO - Started process 9096 to run task
[2026-03-04T08:15:06.280+0000] {standard_task_runner.py:91} INFO - Job 3: Subtask conditional_dataset_and_time_based_timetable
[2026-03-04T08:15:06.300+0000] {task_command.py:426} INFO - Running <TaskInstance: conditional_dataset_and_time_based_timetable.conditional_dataset_and_time_based_timetable scheduled__2026-03-04T01:00:00+00:00 [running]> on host 68fef6ad5aba
[2026-03-04T08:15:06.322+0000] {taskinstance.py:2648} INFO - Exporting env vars: AIRFLOW_CTX_DAG_OWNER='***' AIRFLOW_CTX_DAG_ID='conditional_dataset_and_time_based_timetable' AIRFLOW_CTX_TASK_ID='conditional_dataset_and_time_based_timetable' AIRFLOW_CTX_EXECUTION_DATE='2026-03-04T01:00:00+00:00' AIRFLOW_CTX_TRY_NUMBER='1' AIRFLOW_CTX_DAG_RUN_ID='scheduled__2026-03-04T01:00:00+00:00'
[2026-03-04T08:15:06.324+0000] {taskinstance.py:430} INFO - ::endgroup::
[2026-03-04T08:15:06.324+0000] {subprocess.py:63} INFO - Tmp dir root location: /tmp
[2026-03-04T08:15:06.325+0000] {subprocess.py:75} INFO - Running command: ['/usr/bin/bash', '-c', 'sleep 5']
[2026-03-04T08:15:06.329+0000] {subprocess.py:86} INFO - Output:
[2026-03-04T08:15:11.334+0000] {subprocess.py:97} INFO - Command exited with return code 0
[2026-03-04T08:15:11.335+0000] {taskinstance.py:441} INFO - ::group::Post task execution logs
[2026-03-04T08:15:11.349+0000] {taskinstance.py:1206} INFO - Marking task as SUCCESS. dag_id=conditional_dataset_and_time_based_timetable, task_id=conditional_dataset_and_time_based_timetable, run_id=scheduled__2026-03-04T01:00:00+00:00, execution_date=20260304T010000, start_date=20260304T081506, end_date=20260304T081511
[2026-03-04T08:15:11.378+0000] {local_task_job_runner.py:243} INFO - Task exited with return code 0
[2026-03-04T08:15:11.384+0000] {taskinstance.py:3503} INFO - 0 downstream tasks scheduled from follow-on schedule check
[2026-03-04T08:15:11.384+0000] {local_task_job_runner.py:222} INFO - ::endgroup::
