[2026-03-03T20:24:24.617+0000] {local_task_job_runner.py:120} INFO - ::group::Pre task execution logs
[2026-03-03T20:24:24.732+0000] {taskinstance.py:2076} INFO - Dependencies all met for dep_context=non-requeueable deps ti=<TaskInstance: csv_to_mysql.load_csv_to_mysql manual__2026-03-03T20:24:20.424099+00:00 [queued]>
[2026-03-03T20:24:24.766+0000] {taskinstance.py:2076} INFO - Dependencies all met for dep_context=requeueable deps ti=<TaskInstance: csv_to_mysql.load_csv_to_mysql manual__2026-03-03T20:24:20.424099+00:00 [queued]>
[2026-03-03T20:24:24.768+0000] {taskinstance.py:2306} INFO - Starting attempt 1 of 2
[2026-03-03T20:24:24.830+0000] {taskinstance.py:2330} INFO - Executing <Task(PythonOperator): load_csv_to_mysql> on 2026-03-03 20:24:20.424099+00:00
[2026-03-03T20:24:24.899+0000] {logging_mixin.py:188} WARNING - /home/***/.local/lib/python3.12/site-packages/***/task/task_runner/standard_task_runner.py:62 DeprecationWarning: This process (pid=237) is multi-threaded, use of fork() may lead to deadlocks in the child.
[2026-03-03T20:24:24.873+0000] {standard_task_runner.py:90} INFO - Running: ['***', 'tasks', 'run', 'csv_to_mysql', 'load_csv_to_mysql', 'manual__2026-03-03T20:24:20.424099+00:00', '--job-id', '2', '--raw', '--subdir', 'DAGS_FOLDER/csv_to_mysql.py', '--cfg-path', '/tmp/tmpl9u5zk90']
[2026-03-03T20:24:24.902+0000] {standard_task_runner.py:91} INFO - Job 2: Subtask load_csv_to_mysql
[2026-03-03T20:24:24.901+0000] {standard_task_runner.py:64} INFO - Started process 243 to run task
[2026-03-03T20:24:25.372+0000] {task_command.py:426} INFO - Running <TaskInstance: csv_to_mysql.load_csv_to_mysql manual__2026-03-03T20:24:20.424099+00:00 [running]> on host 6dd9fb222e49
[2026-03-03T20:24:25.979+0000] {taskinstance.py:2648} INFO - Exporting env vars: AIRFLOW_CTX_DAG_OWNER='***' AIRFLOW_CTX_DAG_ID='csv_to_mysql' AIRFLOW_CTX_TASK_ID='load_csv_to_mysql' AIRFLOW_CTX_EXECUTION_DATE='2026-03-03T20:24:20.424099+00:00' AIRFLOW_CTX_TRY_NUMBER='1' AIRFLOW_CTX_DAG_RUN_ID='manual__2026-03-03T20:24:20.424099+00:00'
[2026-03-03T20:24:25.982+0000] {taskinstance.py:430} INFO - ::endgroup::
[2026-03-03T20:24:26.500+0000] {taskinstance.py:441} INFO - ::group::Post task execution logs
[2026-03-03T20:24:26.535+0000] {taskinstance.py:2905} ERROR - Task failed with exception
Traceback (most recent call last):
  File "/home/airflow/.local/lib/python3.12/site-packages/airflow/models/taskinstance.py", line 465, in _execute_task
    result = _execute_callable(context=context, **execute_callable_kwargs)
             ^^^^^^^^^^^^^^^^^^^^^^^^^^^^^^^^^^^^^^^^^^^^^^^^^^^^^^^^^^^^^
  File "/home/airflow/.local/lib/python3.12/site-packages/airflow/models/taskinstance.py", line 432, in _execute_callable
    return execute_callable(context=context, **execute_callable_kwargs)
           ^^^^^^^^^^^^^^^^^^^^^^^^^^^^^^^^^^^^^^^^^^^^^^^^^^^^^^^^^^^^
  File "/home/airflow/.local/lib/python3.12/site-packages/airflow/models/baseoperator.py", line 401, in wrapper
    return func(self, *args, **kwargs)
           ^^^^^^^^^^^^^^^^^^^^^^^^^^^
  File "/home/airflow/.local/lib/python3.12/site-packages/airflow/operators/python.py", line 235, in execute
    return_value = self.execute_callable()
                   ^^^^^^^^^^^^^^^^^^^^^^^
  File "/home/airflow/.local/lib/python3.12/site-packages/airflow/operators/python.py", line 252, in execute_callable
    return self.python_callable(*self.op_args, **self.op_kwargs)
           ^^^^^^^^^^^^^^^^^^^^^^^^^^^^^^^^^^^^^^^^^^^^^^^^^^^^^
  File "/opt/airflow/dags/csv_to_mysql.py", line 15, in load_csv_to_mysql
    connection = BaseHook.get_connection("mysql_default")
                 ^^^^^^^^^^^^^^^^^^^^^^^^^^^^^^^^^^^^^^^^
  File "/home/airflow/.local/lib/python3.12/site-packages/airflow/hooks/base.py", line 83, in get_connection
    conn = Connection.get_connection_from_secrets(conn_id)
           ^^^^^^^^^^^^^^^^^^^^^^^^^^^^^^^^^^^^^^^^^^^^^^^
  File "/home/airflow/.local/lib/python3.12/site-packages/airflow/models/connection.py", line 519, in get_connection_from_secrets
    raise AirflowNotFoundException(f"The conn_id `{conn_id}` isn't defined")
airflow.exceptions.AirflowNotFoundException: The conn_id `mysql_default` isn't defined
[2026-03-03T20:24:26.602+0000] {taskinstance.py:1206} INFO - Marking task as UP_FOR_RETRY. dag_id=csv_to_mysql, task_id=load_csv_to_mysql, run_id=manual__2026-03-03T20:24:20.424099+00:00, execution_date=20260303T202420, start_date=20260303T202424, end_date=20260303T202426
[2026-03-03T20:24:26.629+0000] {standard_task_runner.py:110} ERROR - Failed to execute job 2 for task load_csv_to_mysql (The conn_id `mysql_default` isn't defined; 243)
[2026-03-03T20:24:26.672+0000] {local_task_job_runner.py:243} INFO - Task exited with return code 1
[2026-03-03T20:24:26.704+0000] {taskinstance.py:3503} INFO - 0 downstream tasks scheduled from follow-on schedule check
[2026-03-03T20:24:26.708+0000] {local_task_job_runner.py:222} INFO - ::endgroup::
