[2026-03-04T07:53:56.633+0000] {processor.py:161} INFO - Started process (PID=183) to work on /opt/airflow/dags/csv_to_mysql.py
[2026-03-04T07:53:56.635+0000] {processor.py:830} INFO - Processing file /opt/airflow/dags/csv_to_mysql.py for tasks to queue
[2026-03-04T07:53:56.637+0000] {logging_mixin.py:188} INFO - [2026-03-04T07:53:56.636+0000] {dagbag.py:545} INFO - Filling up the DagBag from /opt/airflow/dags/csv_to_mysql.py
[2026-03-04T07:53:57.337+0000] {processor.py:840} INFO - DAG(s) 'csv_to_mysql' retrieved from /opt/airflow/dags/csv_to_mysql.py
[2026-03-04T07:53:57.498+0000] {logging_mixin.py:188} INFO - [2026-03-04T07:53:57.431+0000] {override.py:1858} INFO - Created Permission View: can edit on DAG:csv_to_mysql
[2026-03-04T07:53:57.501+0000] {logging_mixin.py:188} INFO - [2026-03-04T07:53:57.501+0000] {override.py:1858} INFO - Created Permission View: can delete on DAG:csv_to_mysql
[2026-03-04T07:53:57.502+0000] {logging_mixin.py:188} INFO - [2026-03-04T07:53:57.502+0000] {override.py:1858} INFO - Created Permission View: can read on DAG:csv_to_mysql
[2026-03-04T07:53:57.503+0000] {logging_mixin.py:188} INFO - [2026-03-04T07:53:57.503+0000] {dag.py:3089} INFO - Sync 1 DAGs
[2026-03-04T07:53:57.506+0000] {logging_mixin.py:188} INFO - [2026-03-04T07:53:57.506+0000] {dag.py:3111} INFO - Creating ORM DAG for csv_to_mysql
[2026-03-04T07:53:57.506+0000] {logging_mixin.py:188} INFO - [2026-03-04T07:53:57.506+0000] {dag.py:3947} INFO - Setting next_dagrun for csv_to_mysql to None, run_after=None
[2026-03-04T07:53:57.511+0000] {processor.py:183} INFO - Processing /opt/airflow/dags/csv_to_mysql.py took 0.881 seconds
[2026-03-04T07:54:27.740+0000] {processor.py:161} INFO - Started process (PID=189) to work on /opt/airflow/dags/csv_to_mysql.py
[2026-03-04T07:54:27.741+0000] {processor.py:830} INFO - Processing file /opt/airflow/dags/csv_to_mysql.py for tasks to queue
[2026-03-04T07:54:27.742+0000] {logging_mixin.py:188} INFO - [2026-03-04T07:54:27.742+0000] {dagbag.py:545} INFO - Filling up the DagBag from /opt/airflow/dags/csv_to_mysql.py
[2026-03-04T07:54:27.862+0000] {processor.py:840} INFO - DAG(s) 'csv_to_mysql' retrieved from /opt/airflow/dags/csv_to_mysql.py
[2026-03-04T07:54:27.872+0000] {logging_mixin.py:188} INFO - [2026-03-04T07:54:27.872+0000] {dag.py:3089} INFO - Sync 1 DAGs
[2026-03-04T07:54:27.876+0000] {logging_mixin.py:188} INFO - [2026-03-04T07:54:27.876+0000] {dag.py:3947} INFO - Setting next_dagrun for csv_to_mysql to None, run_after=None
[2026-03-04T07:54:27.882+0000] {processor.py:183} INFO - Processing /opt/airflow/dags/csv_to_mysql.py took 0.148 seconds
[2026-03-04T07:54:57.981+0000] {processor.py:161} INFO - Started process (PID=195) to work on /opt/airflow/dags/csv_to_mysql.py
[2026-03-04T07:54:57.982+0000] {processor.py:830} INFO - Processing file /opt/airflow/dags/csv_to_mysql.py for tasks to queue
[2026-03-04T07:54:57.985+0000] {logging_mixin.py:188} INFO - [2026-03-04T07:54:57.984+0000] {dagbag.py:545} INFO - Filling up the DagBag from /opt/airflow/dags/csv_to_mysql.py
[2026-03-04T07:54:58.112+0000] {processor.py:840} INFO - DAG(s) 'csv_to_mysql' retrieved from /opt/airflow/dags/csv_to_mysql.py
[2026-03-04T07:54:58.122+0000] {logging_mixin.py:188} INFO - [2026-03-04T07:54:58.121+0000] {dag.py:3089} INFO - Sync 1 DAGs
[2026-03-04T07:54:58.127+0000] {logging_mixin.py:188} INFO - [2026-03-04T07:54:58.126+0000] {dag.py:3947} INFO - Setting next_dagrun for csv_to_mysql to None, run_after=None
[2026-03-04T07:54:58.132+0000] {processor.py:183} INFO - Processing /opt/airflow/dags/csv_to_mysql.py took 0.159 seconds
[2026-03-04T07:55:28.219+0000] {processor.py:161} INFO - Started process (PID=201) to work on /opt/airflow/dags/csv_to_mysql.py
[2026-03-04T07:55:28.221+0000] {processor.py:830} INFO - Processing file /opt/airflow/dags/csv_to_mysql.py for tasks to queue
[2026-03-04T07:55:28.223+0000] {logging_mixin.py:188} INFO - [2026-03-04T07:55:28.223+0000] {dagbag.py:545} INFO - Filling up the DagBag from /opt/airflow/dags/csv_to_mysql.py
[2026-03-04T07:55:28.348+0000] {processor.py:840} INFO - DAG(s) 'csv_to_mysql' retrieved from /opt/airflow/dags/csv_to_mysql.py
[2026-03-04T07:55:28.358+0000] {logging_mixin.py:188} INFO - [2026-03-04T07:55:28.357+0000] {dag.py:3089} INFO - Sync 1 DAGs
[2026-03-04T07:55:28.362+0000] {logging_mixin.py:188} INFO - [2026-03-04T07:55:28.362+0000] {dag.py:3947} INFO - Setting next_dagrun for csv_to_mysql to None, run_after=None
[2026-03-04T07:55:28.368+0000] {processor.py:183} INFO - Processing /opt/airflow/dags/csv_to_mysql.py took 0.154 seconds
[2026-03-04T07:55:58.505+0000] {processor.py:161} INFO - Started process (PID=207) to work on /opt/airflow/dags/csv_to_mysql.py
[2026-03-04T07:55:58.506+0000] {processor.py:830} INFO - Processing file /opt/airflow/dags/csv_to_mysql.py for tasks to queue
[2026-03-04T07:55:58.507+0000] {logging_mixin.py:188} INFO - [2026-03-04T07:55:58.507+0000] {dagbag.py:545} INFO - Filling up the DagBag from /opt/airflow/dags/csv_to_mysql.py
[2026-03-04T07:55:58.622+0000] {processor.py:840} INFO - DAG(s) 'csv_to_mysql' retrieved from /opt/airflow/dags/csv_to_mysql.py
[2026-03-04T07:55:58.631+0000] {logging_mixin.py:188} INFO - [2026-03-04T07:55:58.631+0000] {dag.py:3089} INFO - Sync 1 DAGs
[2026-03-04T07:55:58.634+0000] {logging_mixin.py:188} INFO - [2026-03-04T07:55:58.634+0000] {dag.py:3947} INFO - Setting next_dagrun for csv_to_mysql to None, run_after=None
[2026-03-04T07:55:58.640+0000] {processor.py:183} INFO - Processing /opt/airflow/dags/csv_to_mysql.py took 0.142 seconds
[2026-03-04T07:56:28.773+0000] {processor.py:161} INFO - Started process (PID=213) to work on /opt/airflow/dags/csv_to_mysql.py
[2026-03-04T07:56:28.774+0000] {processor.py:830} INFO - Processing file /opt/airflow/dags/csv_to_mysql.py for tasks to queue
[2026-03-04T07:56:28.776+0000] {logging_mixin.py:188} INFO - [2026-03-04T07:56:28.776+0000] {dagbag.py:545} INFO - Filling up the DagBag from /opt/airflow/dags/csv_to_mysql.py
[2026-03-04T07:56:28.895+0000] {processor.py:840} INFO - DAG(s) 'csv_to_mysql' retrieved from /opt/airflow/dags/csv_to_mysql.py
[2026-03-04T07:56:28.904+0000] {logging_mixin.py:188} INFO - [2026-03-04T07:56:28.904+0000] {dag.py:3089} INFO - Sync 1 DAGs
[2026-03-04T07:56:28.908+0000] {logging_mixin.py:188} INFO - [2026-03-04T07:56:28.907+0000] {dag.py:3947} INFO - Setting next_dagrun for csv_to_mysql to None, run_after=None
[2026-03-04T07:56:28.913+0000] {processor.py:183} INFO - Processing /opt/airflow/dags/csv_to_mysql.py took 0.146 seconds
[2026-03-04T07:57:48.905+0000] {processor.py:161} INFO - Started process (PID=183) to work on /opt/airflow/dags/csv_to_mysql.py
[2026-03-04T07:57:48.906+0000] {processor.py:830} INFO - Processing file /opt/airflow/dags/csv_to_mysql.py for tasks to queue
[2026-03-04T07:57:48.909+0000] {logging_mixin.py:188} INFO - [2026-03-04T07:57:48.908+0000] {dagbag.py:545} INFO - Filling up the DagBag from /opt/airflow/dags/csv_to_mysql.py
[2026-03-04T07:57:49.540+0000] {processor.py:840} INFO - DAG(s) 'csv_to_mysql' retrieved from /opt/airflow/dags/csv_to_mysql.py
[2026-03-04T07:57:49.676+0000] {logging_mixin.py:188} INFO - [2026-03-04T07:57:49.592+0000] {override.py:1858} INFO - Created Permission View: can delete on DAG:csv_to_mysql
[2026-03-04T07:57:49.680+0000] {logging_mixin.py:188} INFO - [2026-03-04T07:57:49.679+0000] {override.py:1858} INFO - Created Permission View: can read on DAG:csv_to_mysql
[2026-03-04T07:57:49.682+0000] {logging_mixin.py:188} INFO - [2026-03-04T07:57:49.682+0000] {override.py:1858} INFO - Created Permission View: can edit on DAG:csv_to_mysql
[2026-03-04T07:57:49.682+0000] {logging_mixin.py:188} INFO - [2026-03-04T07:57:49.682+0000] {dag.py:3089} INFO - Sync 1 DAGs
[2026-03-04T07:57:49.686+0000] {logging_mixin.py:188} INFO - [2026-03-04T07:57:49.686+0000] {dag.py:3111} INFO - Creating ORM DAG for csv_to_mysql
[2026-03-04T07:57:49.688+0000] {logging_mixin.py:188} INFO - [2026-03-04T07:57:49.686+0000] {dag.py:3947} INFO - Setting next_dagrun for csv_to_mysql to None, run_after=None
[2026-03-04T07:57:49.693+0000] {processor.py:183} INFO - Processing /opt/airflow/dags/csv_to_mysql.py took 0.791 seconds
[2026-03-04T07:58:19.976+0000] {processor.py:161} INFO - Started process (PID=445) to work on /opt/airflow/dags/csv_to_mysql.py
[2026-03-04T07:58:19.977+0000] {processor.py:830} INFO - Processing file /opt/airflow/dags/csv_to_mysql.py for tasks to queue
[2026-03-04T07:58:19.979+0000] {logging_mixin.py:188} INFO - [2026-03-04T07:58:19.979+0000] {dagbag.py:545} INFO - Filling up the DagBag from /opt/airflow/dags/csv_to_mysql.py
[2026-03-04T07:58:20.102+0000] {processor.py:840} INFO - DAG(s) 'csv_to_mysql' retrieved from /opt/airflow/dags/csv_to_mysql.py
[2026-03-04T07:58:20.189+0000] {logging_mixin.py:188} INFO - [2026-03-04T07:58:20.189+0000] {dag.py:3089} INFO - Sync 1 DAGs
[2026-03-04T07:58:20.194+0000] {logging_mixin.py:188} INFO - [2026-03-04T07:58:20.193+0000] {dag.py:3947} INFO - Setting next_dagrun for csv_to_mysql to None, run_after=None
[2026-03-04T07:58:20.202+0000] {processor.py:183} INFO - Processing /opt/airflow/dags/csv_to_mysql.py took 0.229 seconds
[2026-03-04T07:58:50.503+0000] {processor.py:161} INFO - Started process (PID=707) to work on /opt/airflow/dags/csv_to_mysql.py
[2026-03-04T07:58:50.505+0000] {processor.py:830} INFO - Processing file /opt/airflow/dags/csv_to_mysql.py for tasks to queue
[2026-03-04T07:58:50.507+0000] {logging_mixin.py:188} INFO - [2026-03-04T07:58:50.506+0000] {dagbag.py:545} INFO - Filling up the DagBag from /opt/airflow/dags/csv_to_mysql.py
[2026-03-04T07:58:50.650+0000] {processor.py:840} INFO - DAG(s) 'csv_to_mysql' retrieved from /opt/airflow/dags/csv_to_mysql.py
[2026-03-04T07:58:50.659+0000] {logging_mixin.py:188} INFO - [2026-03-04T07:58:50.659+0000] {dag.py:3089} INFO - Sync 1 DAGs
[2026-03-04T07:58:50.747+0000] {logging_mixin.py:188} INFO - [2026-03-04T07:58:50.747+0000] {dag.py:3947} INFO - Setting next_dagrun for csv_to_mysql to None, run_after=None
[2026-03-04T07:58:50.756+0000] {processor.py:183} INFO - Processing /opt/airflow/dags/csv_to_mysql.py took 0.261 seconds
[2026-03-04T07:59:21.049+0000] {processor.py:161} INFO - Started process (PID=969) to work on /opt/airflow/dags/csv_to_mysql.py
[2026-03-04T07:59:21.050+0000] {processor.py:830} INFO - Processing file /opt/airflow/dags/csv_to_mysql.py for tasks to queue
[2026-03-04T07:59:21.052+0000] {logging_mixin.py:188} INFO - [2026-03-04T07:59:21.052+0000] {dagbag.py:545} INFO - Filling up the DagBag from /opt/airflow/dags/csv_to_mysql.py
[2026-03-04T07:59:21.256+0000] {processor.py:840} INFO - DAG(s) 'csv_to_mysql' retrieved from /opt/airflow/dags/csv_to_mysql.py
[2026-03-04T07:59:21.263+0000] {logging_mixin.py:188} INFO - [2026-03-04T07:59:21.263+0000] {dag.py:3089} INFO - Sync 1 DAGs
[2026-03-04T07:59:21.268+0000] {logging_mixin.py:188} INFO - [2026-03-04T07:59:21.268+0000] {dag.py:3947} INFO - Setting next_dagrun for csv_to_mysql to None, run_after=None
[2026-03-04T07:59:21.274+0000] {processor.py:183} INFO - Processing /opt/airflow/dags/csv_to_mysql.py took 0.232 seconds
[2026-03-04T07:59:51.578+0000] {processor.py:161} INFO - Started process (PID=1231) to work on /opt/airflow/dags/csv_to_mysql.py
[2026-03-04T07:59:51.579+0000] {processor.py:830} INFO - Processing file /opt/airflow/dags/csv_to_mysql.py for tasks to queue
[2026-03-04T07:59:51.580+0000] {logging_mixin.py:188} INFO - [2026-03-04T07:59:51.580+0000] {dagbag.py:545} INFO - Filling up the DagBag from /opt/airflow/dags/csv_to_mysql.py
[2026-03-04T07:59:51.841+0000] {processor.py:840} INFO - DAG(s) 'csv_to_mysql' retrieved from /opt/airflow/dags/csv_to_mysql.py
[2026-03-04T07:59:51.852+0000] {logging_mixin.py:188} INFO - [2026-03-04T07:59:51.852+0000] {dag.py:3089} INFO - Sync 1 DAGs
[2026-03-04T07:59:51.858+0000] {logging_mixin.py:188} INFO - [2026-03-04T07:59:51.858+0000] {dag.py:3947} INFO - Setting next_dagrun for csv_to_mysql to None, run_after=None
[2026-03-04T07:59:51.870+0000] {processor.py:183} INFO - Processing /opt/airflow/dags/csv_to_mysql.py took 0.295 seconds
[2026-03-04T08:00:22.279+0000] {processor.py:161} INFO - Started process (PID=1493) to work on /opt/airflow/dags/csv_to_mysql.py
[2026-03-04T08:00:22.282+0000] {processor.py:830} INFO - Processing file /opt/airflow/dags/csv_to_mysql.py for tasks to queue
[2026-03-04T08:00:22.283+0000] {logging_mixin.py:188} INFO - [2026-03-04T08:00:22.283+0000] {dagbag.py:545} INFO - Filling up the DagBag from /opt/airflow/dags/csv_to_mysql.py
[2026-03-04T08:00:22.593+0000] {processor.py:840} INFO - DAG(s) 'csv_to_mysql' retrieved from /opt/airflow/dags/csv_to_mysql.py
[2026-03-04T08:00:22.603+0000] {logging_mixin.py:188} INFO - [2026-03-04T08:00:22.602+0000] {dag.py:3089} INFO - Sync 1 DAGs
[2026-03-04T08:00:22.607+0000] {logging_mixin.py:188} INFO - [2026-03-04T08:00:22.607+0000] {dag.py:3947} INFO - Setting next_dagrun for csv_to_mysql to None, run_after=None
[2026-03-04T08:00:22.615+0000] {processor.py:183} INFO - Processing /opt/airflow/dags/csv_to_mysql.py took 0.345 seconds
[2026-03-04T08:00:52.943+0000] {processor.py:161} INFO - Started process (PID=1755) to work on /opt/airflow/dags/csv_to_mysql.py
[2026-03-04T08:00:52.944+0000] {processor.py:830} INFO - Processing file /opt/airflow/dags/csv_to_mysql.py for tasks to queue
[2026-03-04T08:00:52.947+0000] {logging_mixin.py:188} INFO - [2026-03-04T08:00:52.947+0000] {dagbag.py:545} INFO - Filling up the DagBag from /opt/airflow/dags/csv_to_mysql.py
[2026-03-04T08:00:53.187+0000] {processor.py:840} INFO - DAG(s) 'csv_to_mysql' retrieved from /opt/airflow/dags/csv_to_mysql.py
[2026-03-04T08:00:53.196+0000] {logging_mixin.py:188} INFO - [2026-03-04T08:00:53.195+0000] {dag.py:3089} INFO - Sync 1 DAGs
[2026-03-04T08:00:53.200+0000] {logging_mixin.py:188} INFO - [2026-03-04T08:00:53.200+0000] {dag.py:3947} INFO - Setting next_dagrun for csv_to_mysql to None, run_after=None
[2026-03-04T08:00:53.207+0000] {processor.py:183} INFO - Processing /opt/airflow/dags/csv_to_mysql.py took 0.274 seconds
[2026-03-04T08:01:23.587+0000] {processor.py:161} INFO - Started process (PID=2017) to work on /opt/airflow/dags/csv_to_mysql.py
[2026-03-04T08:01:23.588+0000] {processor.py:830} INFO - Processing file /opt/airflow/dags/csv_to_mysql.py for tasks to queue
[2026-03-04T08:01:23.590+0000] {logging_mixin.py:188} INFO - [2026-03-04T08:01:23.590+0000] {dagbag.py:545} INFO - Filling up the DagBag from /opt/airflow/dags/csv_to_mysql.py
[2026-03-04T08:01:23.783+0000] {processor.py:840} INFO - DAG(s) 'csv_to_mysql' retrieved from /opt/airflow/dags/csv_to_mysql.py
[2026-03-04T08:01:23.791+0000] {logging_mixin.py:188} INFO - [2026-03-04T08:01:23.790+0000] {dag.py:3089} INFO - Sync 1 DAGs
[2026-03-04T08:01:23.795+0000] {logging_mixin.py:188} INFO - [2026-03-04T08:01:23.795+0000] {dag.py:3947} INFO - Setting next_dagrun for csv_to_mysql to None, run_after=None
[2026-03-04T08:01:23.804+0000] {processor.py:183} INFO - Processing /opt/airflow/dags/csv_to_mysql.py took 0.224 seconds
[2026-03-04T08:01:54.087+0000] {processor.py:161} INFO - Started process (PID=2279) to work on /opt/airflow/dags/csv_to_mysql.py
[2026-03-04T08:01:54.088+0000] {processor.py:830} INFO - Processing file /opt/airflow/dags/csv_to_mysql.py for tasks to queue
[2026-03-04T08:01:54.090+0000] {logging_mixin.py:188} INFO - [2026-03-04T08:01:54.090+0000] {dagbag.py:545} INFO - Filling up the DagBag from /opt/airflow/dags/csv_to_mysql.py
[2026-03-04T08:01:54.348+0000] {processor.py:840} INFO - DAG(s) 'csv_to_mysql' retrieved from /opt/airflow/dags/csv_to_mysql.py
[2026-03-04T08:01:54.355+0000] {logging_mixin.py:188} INFO - [2026-03-04T08:01:54.355+0000] {dag.py:3089} INFO - Sync 1 DAGs
[2026-03-04T08:01:54.359+0000] {logging_mixin.py:188} INFO - [2026-03-04T08:01:54.359+0000] {dag.py:3947} INFO - Setting next_dagrun for csv_to_mysql to None, run_after=None
[2026-03-04T08:01:54.370+0000] {processor.py:183} INFO - Processing /opt/airflow/dags/csv_to_mysql.py took 0.292 seconds
[2026-03-04T08:02:24.657+0000] {processor.py:161} INFO - Started process (PID=2541) to work on /opt/airflow/dags/csv_to_mysql.py
[2026-03-04T08:02:24.658+0000] {processor.py:830} INFO - Processing file /opt/airflow/dags/csv_to_mysql.py for tasks to queue
[2026-03-04T08:02:24.659+0000] {logging_mixin.py:188} INFO - [2026-03-04T08:02:24.659+0000] {dagbag.py:545} INFO - Filling up the DagBag from /opt/airflow/dags/csv_to_mysql.py
[2026-03-04T08:02:24.847+0000] {processor.py:840} INFO - DAG(s) 'csv_to_mysql' retrieved from /opt/airflow/dags/csv_to_mysql.py
[2026-03-04T08:02:24.858+0000] {logging_mixin.py:188} INFO - [2026-03-04T08:02:24.857+0000] {dag.py:3089} INFO - Sync 1 DAGs
[2026-03-04T08:02:24.864+0000] {logging_mixin.py:188} INFO - [2026-03-04T08:02:24.863+0000] {dag.py:3947} INFO - Setting next_dagrun for csv_to_mysql to None, run_after=None
[2026-03-04T08:02:24.871+0000] {processor.py:183} INFO - Processing /opt/airflow/dags/csv_to_mysql.py took 0.220 seconds
[2026-03-04T08:02:55.173+0000] {processor.py:161} INFO - Started process (PID=2803) to work on /opt/airflow/dags/csv_to_mysql.py
[2026-03-04T08:02:55.175+0000] {processor.py:830} INFO - Processing file /opt/airflow/dags/csv_to_mysql.py for tasks to queue
[2026-03-04T08:02:55.177+0000] {logging_mixin.py:188} INFO - [2026-03-04T08:02:55.176+0000] {dagbag.py:545} INFO - Filling up the DagBag from /opt/airflow/dags/csv_to_mysql.py
[2026-03-04T08:02:55.378+0000] {processor.py:840} INFO - DAG(s) 'csv_to_mysql' retrieved from /opt/airflow/dags/csv_to_mysql.py
[2026-03-04T08:02:55.384+0000] {logging_mixin.py:188} INFO - [2026-03-04T08:02:55.384+0000] {dag.py:3089} INFO - Sync 1 DAGs
[2026-03-04T08:02:55.388+0000] {logging_mixin.py:188} INFO - [2026-03-04T08:02:55.388+0000] {dag.py:3947} INFO - Setting next_dagrun for csv_to_mysql to None, run_after=None
[2026-03-04T08:02:55.393+0000] {processor.py:183} INFO - Processing /opt/airflow/dags/csv_to_mysql.py took 0.228 seconds
[2026-03-04T08:03:25.742+0000] {processor.py:161} INFO - Started process (PID=3065) to work on /opt/airflow/dags/csv_to_mysql.py
[2026-03-04T08:03:25.743+0000] {processor.py:830} INFO - Processing file /opt/airflow/dags/csv_to_mysql.py for tasks to queue
[2026-03-04T08:03:25.745+0000] {logging_mixin.py:188} INFO - [2026-03-04T08:03:25.744+0000] {dagbag.py:545} INFO - Filling up the DagBag from /opt/airflow/dags/csv_to_mysql.py
[2026-03-04T08:03:25.986+0000] {processor.py:840} INFO - DAG(s) 'csv_to_mysql' retrieved from /opt/airflow/dags/csv_to_mysql.py
[2026-03-04T08:03:25.993+0000] {logging_mixin.py:188} INFO - [2026-03-04T08:03:25.993+0000] {dag.py:3089} INFO - Sync 1 DAGs
[2026-03-04T08:03:25.998+0000] {logging_mixin.py:188} INFO - [2026-03-04T08:03:25.998+0000] {dag.py:3947} INFO - Setting next_dagrun for csv_to_mysql to None, run_after=None
[2026-03-04T08:03:26.006+0000] {processor.py:183} INFO - Processing /opt/airflow/dags/csv_to_mysql.py took 0.270 seconds
[2026-03-04T08:03:56.300+0000] {processor.py:161} INFO - Started process (PID=3327) to work on /opt/airflow/dags/csv_to_mysql.py
[2026-03-04T08:03:56.300+0000] {processor.py:830} INFO - Processing file /opt/airflow/dags/csv_to_mysql.py for tasks to queue
[2026-03-04T08:03:56.302+0000] {logging_mixin.py:188} INFO - [2026-03-04T08:03:56.301+0000] {dagbag.py:545} INFO - Filling up the DagBag from /opt/airflow/dags/csv_to_mysql.py
[2026-03-04T08:03:56.502+0000] {processor.py:840} INFO - DAG(s) 'csv_to_mysql' retrieved from /opt/airflow/dags/csv_to_mysql.py
[2026-03-04T08:03:56.507+0000] {logging_mixin.py:188} INFO - [2026-03-04T08:03:56.507+0000] {dag.py:3089} INFO - Sync 1 DAGs
[2026-03-04T08:03:56.512+0000] {logging_mixin.py:188} INFO - [2026-03-04T08:03:56.512+0000] {dag.py:3947} INFO - Setting next_dagrun for csv_to_mysql to None, run_after=None
[2026-03-04T08:03:56.526+0000] {processor.py:183} INFO - Processing /opt/airflow/dags/csv_to_mysql.py took 0.231 seconds
[2026-03-04T08:04:26.825+0000] {processor.py:161} INFO - Started process (PID=3589) to work on /opt/airflow/dags/csv_to_mysql.py
[2026-03-04T08:04:26.827+0000] {processor.py:830} INFO - Processing file /opt/airflow/dags/csv_to_mysql.py for tasks to queue
[2026-03-04T08:04:26.828+0000] {logging_mixin.py:188} INFO - [2026-03-04T08:04:26.828+0000] {dagbag.py:545} INFO - Filling up the DagBag from /opt/airflow/dags/csv_to_mysql.py
[2026-03-04T08:04:27.111+0000] {processor.py:840} INFO - DAG(s) 'csv_to_mysql' retrieved from /opt/airflow/dags/csv_to_mysql.py
[2026-03-04T08:04:27.119+0000] {logging_mixin.py:188} INFO - [2026-03-04T08:04:27.119+0000] {dag.py:3089} INFO - Sync 1 DAGs
[2026-03-04T08:04:27.123+0000] {logging_mixin.py:188} INFO - [2026-03-04T08:04:27.123+0000] {dag.py:3947} INFO - Setting next_dagrun for csv_to_mysql to None, run_after=None
[2026-03-04T08:04:27.132+0000] {processor.py:183} INFO - Processing /opt/airflow/dags/csv_to_mysql.py took 0.312 seconds
[2026-03-04T08:04:57.483+0000] {processor.py:161} INFO - Started process (PID=3851) to work on /opt/airflow/dags/csv_to_mysql.py
[2026-03-04T08:04:57.484+0000] {processor.py:830} INFO - Processing file /opt/airflow/dags/csv_to_mysql.py for tasks to queue
[2026-03-04T08:04:57.486+0000] {logging_mixin.py:188} INFO - [2026-03-04T08:04:57.486+0000] {dagbag.py:545} INFO - Filling up the DagBag from /opt/airflow/dags/csv_to_mysql.py
[2026-03-04T08:04:57.691+0000] {processor.py:840} INFO - DAG(s) 'csv_to_mysql' retrieved from /opt/airflow/dags/csv_to_mysql.py
[2026-03-04T08:04:57.697+0000] {logging_mixin.py:188} INFO - [2026-03-04T08:04:57.696+0000] {dag.py:3089} INFO - Sync 1 DAGs
[2026-03-04T08:04:57.701+0000] {logging_mixin.py:188} INFO - [2026-03-04T08:04:57.701+0000] {dag.py:3947} INFO - Setting next_dagrun for csv_to_mysql to None, run_after=None
[2026-03-04T08:04:57.713+0000] {processor.py:183} INFO - Processing /opt/airflow/dags/csv_to_mysql.py took 0.237 seconds
[2026-03-04T08:05:28.023+0000] {processor.py:161} INFO - Started process (PID=4113) to work on /opt/airflow/dags/csv_to_mysql.py
[2026-03-04T08:05:28.026+0000] {processor.py:830} INFO - Processing file /opt/airflow/dags/csv_to_mysql.py for tasks to queue
[2026-03-04T08:05:28.028+0000] {logging_mixin.py:188} INFO - [2026-03-04T08:05:28.028+0000] {dagbag.py:545} INFO - Filling up the DagBag from /opt/airflow/dags/csv_to_mysql.py
[2026-03-04T08:05:28.275+0000] {processor.py:840} INFO - DAG(s) 'csv_to_mysql' retrieved from /opt/airflow/dags/csv_to_mysql.py
[2026-03-04T08:05:28.282+0000] {logging_mixin.py:188} INFO - [2026-03-04T08:05:28.282+0000] {dag.py:3089} INFO - Sync 1 DAGs
[2026-03-04T08:05:28.286+0000] {logging_mixin.py:188} INFO - [2026-03-04T08:05:28.286+0000] {dag.py:3947} INFO - Setting next_dagrun for csv_to_mysql to None, run_after=None
[2026-03-04T08:05:28.294+0000] {processor.py:183} INFO - Processing /opt/airflow/dags/csv_to_mysql.py took 0.278 seconds
[2026-03-04T08:05:58.654+0000] {processor.py:161} INFO - Started process (PID=4375) to work on /opt/airflow/dags/csv_to_mysql.py
[2026-03-04T08:05:58.655+0000] {processor.py:830} INFO - Processing file /opt/airflow/dags/csv_to_mysql.py for tasks to queue
[2026-03-04T08:05:58.656+0000] {logging_mixin.py:188} INFO - [2026-03-04T08:05:58.656+0000] {dagbag.py:545} INFO - Filling up the DagBag from /opt/airflow/dags/csv_to_mysql.py
[2026-03-04T08:05:58.874+0000] {processor.py:840} INFO - DAG(s) 'csv_to_mysql' retrieved from /opt/airflow/dags/csv_to_mysql.py
[2026-03-04T08:05:58.881+0000] {logging_mixin.py:188} INFO - [2026-03-04T08:05:58.881+0000] {dag.py:3089} INFO - Sync 1 DAGs
[2026-03-04T08:05:58.887+0000] {logging_mixin.py:188} INFO - [2026-03-04T08:05:58.887+0000] {dag.py:3947} INFO - Setting next_dagrun for csv_to_mysql to None, run_after=None
[2026-03-04T08:05:58.894+0000] {processor.py:183} INFO - Processing /opt/airflow/dags/csv_to_mysql.py took 0.246 seconds
[2026-03-04T08:06:29.169+0000] {processor.py:161} INFO - Started process (PID=4637) to work on /opt/airflow/dags/csv_to_mysql.py
[2026-03-04T08:06:29.171+0000] {processor.py:830} INFO - Processing file /opt/airflow/dags/csv_to_mysql.py for tasks to queue
[2026-03-04T08:06:29.172+0000] {logging_mixin.py:188} INFO - [2026-03-04T08:06:29.172+0000] {dagbag.py:545} INFO - Filling up the DagBag from /opt/airflow/dags/csv_to_mysql.py
[2026-03-04T08:06:29.365+0000] {processor.py:840} INFO - DAG(s) 'csv_to_mysql' retrieved from /opt/airflow/dags/csv_to_mysql.py
[2026-03-04T08:06:29.373+0000] {logging_mixin.py:188} INFO - [2026-03-04T08:06:29.373+0000] {dag.py:3089} INFO - Sync 1 DAGs
[2026-03-04T08:06:29.377+0000] {logging_mixin.py:188} INFO - [2026-03-04T08:06:29.377+0000] {dag.py:3947} INFO - Setting next_dagrun for csv_to_mysql to None, run_after=None
[2026-03-04T08:06:29.388+0000] {processor.py:183} INFO - Processing /opt/airflow/dags/csv_to_mysql.py took 0.226 seconds
[2026-03-04T08:06:59.772+0000] {processor.py:161} INFO - Started process (PID=4899) to work on /opt/airflow/dags/csv_to_mysql.py
[2026-03-04T08:06:59.774+0000] {processor.py:830} INFO - Processing file /opt/airflow/dags/csv_to_mysql.py for tasks to queue
[2026-03-04T08:06:59.776+0000] {logging_mixin.py:188} INFO - [2026-03-04T08:06:59.776+0000] {dagbag.py:545} INFO - Filling up the DagBag from /opt/airflow/dags/csv_to_mysql.py
[2026-03-04T08:06:59.972+0000] {processor.py:840} INFO - DAG(s) 'csv_to_mysql' retrieved from /opt/airflow/dags/csv_to_mysql.py
[2026-03-04T08:06:59.981+0000] {logging_mixin.py:188} INFO - [2026-03-04T08:06:59.981+0000] {dag.py:3089} INFO - Sync 1 DAGs
[2026-03-04T08:06:59.986+0000] {logging_mixin.py:188} INFO - [2026-03-04T08:06:59.986+0000] {dag.py:3947} INFO - Setting next_dagrun for csv_to_mysql to None, run_after=None
[2026-03-04T08:06:59.998+0000] {processor.py:183} INFO - Processing /opt/airflow/dags/csv_to_mysql.py took 0.233 seconds
[2026-03-04T08:07:30.247+0000] {processor.py:161} INFO - Started process (PID=5161) to work on /opt/airflow/dags/csv_to_mysql.py
[2026-03-04T08:07:30.248+0000] {processor.py:830} INFO - Processing file /opt/airflow/dags/csv_to_mysql.py for tasks to queue
[2026-03-04T08:07:30.250+0000] {logging_mixin.py:188} INFO - [2026-03-04T08:07:30.250+0000] {dagbag.py:545} INFO - Filling up the DagBag from /opt/airflow/dags/csv_to_mysql.py
[2026-03-04T08:07:30.457+0000] {processor.py:840} INFO - DAG(s) 'csv_to_mysql' retrieved from /opt/airflow/dags/csv_to_mysql.py
[2026-03-04T08:07:30.467+0000] {logging_mixin.py:188} INFO - [2026-03-04T08:07:30.467+0000] {dag.py:3089} INFO - Sync 1 DAGs
[2026-03-04T08:07:30.472+0000] {logging_mixin.py:188} INFO - [2026-03-04T08:07:30.472+0000] {dag.py:3947} INFO - Setting next_dagrun for csv_to_mysql to None, run_after=None
[2026-03-04T08:07:30.480+0000] {processor.py:183} INFO - Processing /opt/airflow/dags/csv_to_mysql.py took 0.239 seconds
[2026-03-04T08:08:00.835+0000] {processor.py:161} INFO - Started process (PID=5423) to work on /opt/airflow/dags/csv_to_mysql.py
[2026-03-04T08:08:00.836+0000] {processor.py:830} INFO - Processing file /opt/airflow/dags/csv_to_mysql.py for tasks to queue
[2026-03-04T08:08:00.838+0000] {logging_mixin.py:188} INFO - [2026-03-04T08:08:00.838+0000] {dagbag.py:545} INFO - Filling up the DagBag from /opt/airflow/dags/csv_to_mysql.py
[2026-03-04T08:08:01.066+0000] {processor.py:840} INFO - DAG(s) 'csv_to_mysql' retrieved from /opt/airflow/dags/csv_to_mysql.py
[2026-03-04T08:08:01.073+0000] {logging_mixin.py:188} INFO - [2026-03-04T08:08:01.073+0000] {dag.py:3089} INFO - Sync 1 DAGs
[2026-03-04T08:08:01.077+0000] {logging_mixin.py:188} INFO - [2026-03-04T08:08:01.077+0000] {dag.py:3947} INFO - Setting next_dagrun for csv_to_mysql to None, run_after=None
[2026-03-04T08:08:01.089+0000] {processor.py:183} INFO - Processing /opt/airflow/dags/csv_to_mysql.py took 0.262 seconds
[2026-03-04T08:08:31.407+0000] {processor.py:161} INFO - Started process (PID=5685) to work on /opt/airflow/dags/csv_to_mysql.py
[2026-03-04T08:08:31.408+0000] {processor.py:830} INFO - Processing file /opt/airflow/dags/csv_to_mysql.py for tasks to queue
[2026-03-04T08:08:31.410+0000] {logging_mixin.py:188} INFO - [2026-03-04T08:08:31.410+0000] {dagbag.py:545} INFO - Filling up the DagBag from /opt/airflow/dags/csv_to_mysql.py
[2026-03-04T08:08:31.615+0000] {processor.py:840} INFO - DAG(s) 'csv_to_mysql' retrieved from /opt/airflow/dags/csv_to_mysql.py
[2026-03-04T08:08:31.623+0000] {logging_mixin.py:188} INFO - [2026-03-04T08:08:31.622+0000] {dag.py:3089} INFO - Sync 1 DAGs
[2026-03-04T08:08:31.627+0000] {logging_mixin.py:188} INFO - [2026-03-04T08:08:31.627+0000] {dag.py:3947} INFO - Setting next_dagrun for csv_to_mysql to None, run_after=None
[2026-03-04T08:08:31.635+0000] {processor.py:183} INFO - Processing /opt/airflow/dags/csv_to_mysql.py took 0.236 seconds
[2026-03-04T08:09:02.068+0000] {processor.py:161} INFO - Started process (PID=5947) to work on /opt/airflow/dags/csv_to_mysql.py
[2026-03-04T08:09:02.069+0000] {processor.py:830} INFO - Processing file /opt/airflow/dags/csv_to_mysql.py for tasks to queue
[2026-03-04T08:09:02.070+0000] {logging_mixin.py:188} INFO - [2026-03-04T08:09:02.070+0000] {dagbag.py:545} INFO - Filling up the DagBag from /opt/airflow/dags/csv_to_mysql.py
[2026-03-04T08:09:02.281+0000] {processor.py:840} INFO - DAG(s) 'csv_to_mysql' retrieved from /opt/airflow/dags/csv_to_mysql.py
[2026-03-04T08:09:02.288+0000] {logging_mixin.py:188} INFO - [2026-03-04T08:09:02.288+0000] {dag.py:3089} INFO - Sync 1 DAGs
[2026-03-04T08:09:02.292+0000] {logging_mixin.py:188} INFO - [2026-03-04T08:09:02.292+0000] {dag.py:3947} INFO - Setting next_dagrun for csv_to_mysql to None, run_after=None
[2026-03-04T08:09:02.302+0000] {processor.py:183} INFO - Processing /opt/airflow/dags/csv_to_mysql.py took 0.241 seconds
[2026-03-04T08:09:32.647+0000] {processor.py:161} INFO - Started process (PID=6209) to work on /opt/airflow/dags/csv_to_mysql.py
[2026-03-04T08:09:32.648+0000] {processor.py:830} INFO - Processing file /opt/airflow/dags/csv_to_mysql.py for tasks to queue
[2026-03-04T08:09:32.650+0000] {logging_mixin.py:188} INFO - [2026-03-04T08:09:32.650+0000] {dagbag.py:545} INFO - Filling up the DagBag from /opt/airflow/dags/csv_to_mysql.py
[2026-03-04T08:09:32.848+0000] {processor.py:840} INFO - DAG(s) 'csv_to_mysql' retrieved from /opt/airflow/dags/csv_to_mysql.py
[2026-03-04T08:09:32.858+0000] {logging_mixin.py:188} INFO - [2026-03-04T08:09:32.858+0000] {dag.py:3089} INFO - Sync 1 DAGs
[2026-03-04T08:09:32.863+0000] {logging_mixin.py:188} INFO - [2026-03-04T08:09:32.863+0000] {dag.py:3947} INFO - Setting next_dagrun for csv_to_mysql to None, run_after=None
[2026-03-04T08:09:32.871+0000] {processor.py:183} INFO - Processing /opt/airflow/dags/csv_to_mysql.py took 0.230 seconds
[2026-03-04T08:10:03.186+0000] {processor.py:161} INFO - Started process (PID=6471) to work on /opt/airflow/dags/csv_to_mysql.py
[2026-03-04T08:10:03.187+0000] {processor.py:830} INFO - Processing file /opt/airflow/dags/csv_to_mysql.py for tasks to queue
[2026-03-04T08:10:03.191+0000] {logging_mixin.py:188} INFO - [2026-03-04T08:10:03.191+0000] {dagbag.py:545} INFO - Filling up the DagBag from /opt/airflow/dags/csv_to_mysql.py
[2026-03-04T08:10:03.458+0000] {processor.py:840} INFO - DAG(s) 'csv_to_mysql' retrieved from /opt/airflow/dags/csv_to_mysql.py
[2026-03-04T08:10:03.465+0000] {logging_mixin.py:188} INFO - [2026-03-04T08:10:03.464+0000] {dag.py:3089} INFO - Sync 1 DAGs
[2026-03-04T08:10:03.469+0000] {logging_mixin.py:188} INFO - [2026-03-04T08:10:03.468+0000] {dag.py:3947} INFO - Setting next_dagrun for csv_to_mysql to None, run_after=None
[2026-03-04T08:10:03.474+0000] {processor.py:183} INFO - Processing /opt/airflow/dags/csv_to_mysql.py took 0.297 seconds
[2026-03-04T08:10:33.783+0000] {processor.py:161} INFO - Started process (PID=6736) to work on /opt/airflow/dags/csv_to_mysql.py
[2026-03-04T08:10:33.784+0000] {processor.py:830} INFO - Processing file /opt/airflow/dags/csv_to_mysql.py for tasks to queue
[2026-03-04T08:10:33.785+0000] {logging_mixin.py:188} INFO - [2026-03-04T08:10:33.785+0000] {dagbag.py:545} INFO - Filling up the DagBag from /opt/airflow/dags/csv_to_mysql.py
[2026-03-04T08:10:33.976+0000] {processor.py:840} INFO - DAG(s) 'csv_to_mysql' retrieved from /opt/airflow/dags/csv_to_mysql.py
[2026-03-04T08:10:33.983+0000] {logging_mixin.py:188} INFO - [2026-03-04T08:10:33.983+0000] {dag.py:3089} INFO - Sync 1 DAGs
[2026-03-04T08:10:33.987+0000] {logging_mixin.py:188} INFO - [2026-03-04T08:10:33.987+0000] {dag.py:3947} INFO - Setting next_dagrun for csv_to_mysql to None, run_after=None
[2026-03-04T08:10:34.000+0000] {processor.py:183} INFO - Processing /opt/airflow/dags/csv_to_mysql.py took 0.223 seconds
[2026-03-04T08:11:04.360+0000] {processor.py:161} INFO - Started process (PID=6998) to work on /opt/airflow/dags/csv_to_mysql.py
[2026-03-04T08:11:04.363+0000] {processor.py:830} INFO - Processing file /opt/airflow/dags/csv_to_mysql.py for tasks to queue
[2026-03-04T08:11:04.365+0000] {logging_mixin.py:188} INFO - [2026-03-04T08:11:04.365+0000] {dagbag.py:545} INFO - Filling up the DagBag from /opt/airflow/dags/csv_to_mysql.py
[2026-03-04T08:11:04.621+0000] {processor.py:840} INFO - DAG(s) 'csv_to_mysql' retrieved from /opt/airflow/dags/csv_to_mysql.py
[2026-03-04T08:11:04.631+0000] {logging_mixin.py:188} INFO - [2026-03-04T08:11:04.631+0000] {dag.py:3089} INFO - Sync 1 DAGs
[2026-03-04T08:11:04.635+0000] {logging_mixin.py:188} INFO - [2026-03-04T08:11:04.635+0000] {dag.py:3947} INFO - Setting next_dagrun for csv_to_mysql to None, run_after=None
[2026-03-04T08:11:04.645+0000] {processor.py:183} INFO - Processing /opt/airflow/dags/csv_to_mysql.py took 0.295 seconds
[2026-03-04T08:11:35.041+0000] {processor.py:161} INFO - Started process (PID=7260) to work on /opt/airflow/dags/csv_to_mysql.py
[2026-03-04T08:11:35.043+0000] {processor.py:830} INFO - Processing file /opt/airflow/dags/csv_to_mysql.py for tasks to queue
[2026-03-04T08:11:35.045+0000] {logging_mixin.py:188} INFO - [2026-03-04T08:11:35.045+0000] {dagbag.py:545} INFO - Filling up the DagBag from /opt/airflow/dags/csv_to_mysql.py
[2026-03-04T08:11:35.250+0000] {processor.py:840} INFO - DAG(s) 'csv_to_mysql' retrieved from /opt/airflow/dags/csv_to_mysql.py
[2026-03-04T08:11:35.259+0000] {logging_mixin.py:188} INFO - [2026-03-04T08:11:35.259+0000] {dag.py:3089} INFO - Sync 1 DAGs
[2026-03-04T08:11:35.264+0000] {logging_mixin.py:188} INFO - [2026-03-04T08:11:35.264+0000] {dag.py:3947} INFO - Setting next_dagrun for csv_to_mysql to None, run_after=None
[2026-03-04T08:11:35.272+0000] {processor.py:183} INFO - Processing /opt/airflow/dags/csv_to_mysql.py took 0.239 seconds
[2026-03-04T08:12:05.587+0000] {processor.py:161} INFO - Started process (PID=7522) to work on /opt/airflow/dags/csv_to_mysql.py
[2026-03-04T08:12:05.588+0000] {processor.py:830} INFO - Processing file /opt/airflow/dags/csv_to_mysql.py for tasks to queue
[2026-03-04T08:12:05.590+0000] {logging_mixin.py:188} INFO - [2026-03-04T08:12:05.589+0000] {dagbag.py:545} INFO - Filling up the DagBag from /opt/airflow/dags/csv_to_mysql.py
[2026-03-04T08:12:05.771+0000] {processor.py:840} INFO - DAG(s) 'csv_to_mysql' retrieved from /opt/airflow/dags/csv_to_mysql.py
[2026-03-04T08:12:05.777+0000] {logging_mixin.py:188} INFO - [2026-03-04T08:12:05.777+0000] {dag.py:3089} INFO - Sync 1 DAGs
[2026-03-04T08:12:05.781+0000] {logging_mixin.py:188} INFO - [2026-03-04T08:12:05.781+0000] {dag.py:3947} INFO - Setting next_dagrun for csv_to_mysql to None, run_after=None
[2026-03-04T08:12:05.786+0000] {processor.py:183} INFO - Processing /opt/airflow/dags/csv_to_mysql.py took 0.205 seconds
[2026-03-04T08:12:36.136+0000] {processor.py:161} INFO - Started process (PID=7784) to work on /opt/airflow/dags/csv_to_mysql.py
[2026-03-04T08:12:36.137+0000] {processor.py:830} INFO - Processing file /opt/airflow/dags/csv_to_mysql.py for tasks to queue
[2026-03-04T08:12:36.139+0000] {logging_mixin.py:188} INFO - [2026-03-04T08:12:36.139+0000] {dagbag.py:545} INFO - Filling up the DagBag from /opt/airflow/dags/csv_to_mysql.py
[2026-03-04T08:12:36.327+0000] {processor.py:840} INFO - DAG(s) 'csv_to_mysql' retrieved from /opt/airflow/dags/csv_to_mysql.py
[2026-03-04T08:12:36.334+0000] {logging_mixin.py:188} INFO - [2026-03-04T08:12:36.334+0000] {dag.py:3089} INFO - Sync 1 DAGs
[2026-03-04T08:12:36.340+0000] {logging_mixin.py:188} INFO - [2026-03-04T08:12:36.340+0000] {dag.py:3947} INFO - Setting next_dagrun for csv_to_mysql to None, run_after=None
[2026-03-04T08:12:36.350+0000] {processor.py:183} INFO - Processing /opt/airflow/dags/csv_to_mysql.py took 0.221 seconds
[2026-03-04T08:13:06.672+0000] {processor.py:161} INFO - Started process (PID=8046) to work on /opt/airflow/dags/csv_to_mysql.py
[2026-03-04T08:13:06.673+0000] {processor.py:830} INFO - Processing file /opt/airflow/dags/csv_to_mysql.py for tasks to queue
[2026-03-04T08:13:06.675+0000] {logging_mixin.py:188} INFO - [2026-03-04T08:13:06.674+0000] {dagbag.py:545} INFO - Filling up the DagBag from /opt/airflow/dags/csv_to_mysql.py
[2026-03-04T08:13:06.861+0000] {processor.py:840} INFO - DAG(s) 'csv_to_mysql' retrieved from /opt/airflow/dags/csv_to_mysql.py
[2026-03-04T08:13:06.867+0000] {logging_mixin.py:188} INFO - [2026-03-04T08:13:06.867+0000] {dag.py:3089} INFO - Sync 1 DAGs
[2026-03-04T08:13:06.871+0000] {logging_mixin.py:188} INFO - [2026-03-04T08:13:06.871+0000] {dag.py:3947} INFO - Setting next_dagrun for csv_to_mysql to None, run_after=None
[2026-03-04T08:13:06.882+0000] {processor.py:183} INFO - Processing /opt/airflow/dags/csv_to_mysql.py took 0.217 seconds
[2026-03-04T08:13:37.238+0000] {processor.py:161} INFO - Started process (PID=8308) to work on /opt/airflow/dags/csv_to_mysql.py
[2026-03-04T08:13:37.238+0000] {processor.py:830} INFO - Processing file /opt/airflow/dags/csv_to_mysql.py for tasks to queue
[2026-03-04T08:13:37.239+0000] {logging_mixin.py:188} INFO - [2026-03-04T08:13:37.239+0000] {dagbag.py:545} INFO - Filling up the DagBag from /opt/airflow/dags/csv_to_mysql.py
[2026-03-04T08:13:37.418+0000] {processor.py:840} INFO - DAG(s) 'csv_to_mysql' retrieved from /opt/airflow/dags/csv_to_mysql.py
[2026-03-04T08:13:37.425+0000] {logging_mixin.py:188} INFO - [2026-03-04T08:13:37.425+0000] {dag.py:3089} INFO - Sync 1 DAGs
[2026-03-04T08:13:37.431+0000] {logging_mixin.py:188} INFO - [2026-03-04T08:13:37.431+0000] {dag.py:3947} INFO - Setting next_dagrun for csv_to_mysql to None, run_after=None
[2026-03-04T08:13:37.439+0000] {processor.py:183} INFO - Processing /opt/airflow/dags/csv_to_mysql.py took 0.205 seconds
[2026-03-04T08:14:07.749+0000] {processor.py:161} INFO - Started process (PID=8570) to work on /opt/airflow/dags/csv_to_mysql.py
[2026-03-04T08:14:07.751+0000] {processor.py:830} INFO - Processing file /opt/airflow/dags/csv_to_mysql.py for tasks to queue
[2026-03-04T08:14:07.753+0000] {logging_mixin.py:188} INFO - [2026-03-04T08:14:07.753+0000] {dagbag.py:545} INFO - Filling up the DagBag from /opt/airflow/dags/csv_to_mysql.py
[2026-03-04T08:14:07.947+0000] {processor.py:840} INFO - DAG(s) 'csv_to_mysql' retrieved from /opt/airflow/dags/csv_to_mysql.py
[2026-03-04T08:14:07.953+0000] {logging_mixin.py:188} INFO - [2026-03-04T08:14:07.952+0000] {dag.py:3089} INFO - Sync 1 DAGs
[2026-03-04T08:14:07.957+0000] {logging_mixin.py:188} INFO - [2026-03-04T08:14:07.957+0000] {dag.py:3947} INFO - Setting next_dagrun for csv_to_mysql to None, run_after=None
[2026-03-04T08:14:07.962+0000] {processor.py:183} INFO - Processing /opt/airflow/dags/csv_to_mysql.py took 0.219 seconds
[2026-03-04T08:14:38.245+0000] {processor.py:161} INFO - Started process (PID=8832) to work on /opt/airflow/dags/csv_to_mysql.py
[2026-03-04T08:14:38.249+0000] {processor.py:830} INFO - Processing file /opt/airflow/dags/csv_to_mysql.py for tasks to queue
[2026-03-04T08:14:38.251+0000] {logging_mixin.py:188} INFO - [2026-03-04T08:14:38.251+0000] {dagbag.py:545} INFO - Filling up the DagBag from /opt/airflow/dags/csv_to_mysql.py
[2026-03-04T08:14:38.488+0000] {processor.py:840} INFO - DAG(s) 'csv_to_mysql' retrieved from /opt/airflow/dags/csv_to_mysql.py
[2026-03-04T08:14:38.498+0000] {logging_mixin.py:188} INFO - [2026-03-04T08:14:38.498+0000] {dag.py:3089} INFO - Sync 1 DAGs
[2026-03-04T08:14:38.501+0000] {logging_mixin.py:188} INFO - [2026-03-04T08:14:38.501+0000] {dag.py:3947} INFO - Setting next_dagrun for csv_to_mysql to None, run_after=None
[2026-03-04T08:14:38.510+0000] {processor.py:183} INFO - Processing /opt/airflow/dags/csv_to_mysql.py took 0.271 seconds
[2026-03-04T08:15:08.812+0000] {processor.py:161} INFO - Started process (PID=9098) to work on /opt/airflow/dags/csv_to_mysql.py
[2026-03-04T08:15:08.814+0000] {processor.py:830} INFO - Processing file /opt/airflow/dags/csv_to_mysql.py for tasks to queue
[2026-03-04T08:15:08.817+0000] {logging_mixin.py:188} INFO - [2026-03-04T08:15:08.816+0000] {dagbag.py:545} INFO - Filling up the DagBag from /opt/airflow/dags/csv_to_mysql.py
[2026-03-04T08:15:09.028+0000] {processor.py:840} INFO - DAG(s) 'csv_to_mysql' retrieved from /opt/airflow/dags/csv_to_mysql.py
[2026-03-04T08:15:09.034+0000] {logging_mixin.py:188} INFO - [2026-03-04T08:15:09.034+0000] {dag.py:3089} INFO - Sync 1 DAGs
[2026-03-04T08:15:09.038+0000] {logging_mixin.py:188} INFO - [2026-03-04T08:15:09.038+0000] {dag.py:3947} INFO - Setting next_dagrun for csv_to_mysql to None, run_after=None
[2026-03-04T08:15:09.043+0000] {processor.py:183} INFO - Processing /opt/airflow/dags/csv_to_mysql.py took 0.240 seconds
[2026-03-04T08:15:39.339+0000] {processor.py:161} INFO - Started process (PID=9364) to work on /opt/airflow/dags/csv_to_mysql.py
[2026-03-04T08:15:39.340+0000] {processor.py:830} INFO - Processing file /opt/airflow/dags/csv_to_mysql.py for tasks to queue
[2026-03-04T08:15:39.343+0000] {logging_mixin.py:188} INFO - [2026-03-04T08:15:39.342+0000] {dagbag.py:545} INFO - Filling up the DagBag from /opt/airflow/dags/csv_to_mysql.py
[2026-03-04T08:15:39.590+0000] {processor.py:840} INFO - DAG(s) 'csv_to_mysql' retrieved from /opt/airflow/dags/csv_to_mysql.py
[2026-03-04T08:15:39.596+0000] {logging_mixin.py:188} INFO - [2026-03-04T08:15:39.596+0000] {dag.py:3089} INFO - Sync 1 DAGs
[2026-03-04T08:15:39.600+0000] {logging_mixin.py:188} INFO - [2026-03-04T08:15:39.600+0000] {dag.py:3947} INFO - Setting next_dagrun for csv_to_mysql to None, run_after=None
[2026-03-04T08:15:39.610+0000] {processor.py:183} INFO - Processing /opt/airflow/dags/csv_to_mysql.py took 0.278 seconds
[2026-03-04T08:16:10.008+0000] {processor.py:161} INFO - Started process (PID=9626) to work on /opt/airflow/dags/csv_to_mysql.py
[2026-03-04T08:16:10.009+0000] {processor.py:830} INFO - Processing file /opt/airflow/dags/csv_to_mysql.py for tasks to queue
[2026-03-04T08:16:10.011+0000] {logging_mixin.py:188} INFO - [2026-03-04T08:16:10.011+0000] {dagbag.py:545} INFO - Filling up the DagBag from /opt/airflow/dags/csv_to_mysql.py
[2026-03-04T08:16:10.204+0000] {processor.py:840} INFO - DAG(s) 'csv_to_mysql' retrieved from /opt/airflow/dags/csv_to_mysql.py
[2026-03-04T08:16:10.212+0000] {logging_mixin.py:188} INFO - [2026-03-04T08:16:10.211+0000] {dag.py:3089} INFO - Sync 1 DAGs
[2026-03-04T08:16:10.219+0000] {logging_mixin.py:188} INFO - [2026-03-04T08:16:10.219+0000] {dag.py:3947} INFO - Setting next_dagrun for csv_to_mysql to None, run_after=None
[2026-03-04T08:16:10.227+0000] {processor.py:183} INFO - Processing /opt/airflow/dags/csv_to_mysql.py took 0.226 seconds
[2026-03-04T08:16:40.626+0000] {processor.py:161} INFO - Started process (PID=9888) to work on /opt/airflow/dags/csv_to_mysql.py
[2026-03-04T08:16:40.627+0000] {processor.py:830} INFO - Processing file /opt/airflow/dags/csv_to_mysql.py for tasks to queue
[2026-03-04T08:16:40.629+0000] {logging_mixin.py:188} INFO - [2026-03-04T08:16:40.629+0000] {dagbag.py:545} INFO - Filling up the DagBag from /opt/airflow/dags/csv_to_mysql.py
[2026-03-04T08:16:40.865+0000] {processor.py:840} INFO - DAG(s) 'csv_to_mysql' retrieved from /opt/airflow/dags/csv_to_mysql.py
[2026-03-04T08:16:40.873+0000] {logging_mixin.py:188} INFO - [2026-03-04T08:16:40.873+0000] {dag.py:3089} INFO - Sync 1 DAGs
[2026-03-04T08:16:40.878+0000] {logging_mixin.py:188} INFO - [2026-03-04T08:16:40.878+0000] {dag.py:3947} INFO - Setting next_dagrun for csv_to_mysql to None, run_after=None
[2026-03-04T08:16:40.886+0000] {processor.py:183} INFO - Processing /opt/airflow/dags/csv_to_mysql.py took 0.265 seconds
[2026-03-04T08:17:11.220+0000] {processor.py:161} INFO - Started process (PID=10150) to work on /opt/airflow/dags/csv_to_mysql.py
[2026-03-04T08:17:11.221+0000] {processor.py:830} INFO - Processing file /opt/airflow/dags/csv_to_mysql.py for tasks to queue
[2026-03-04T08:17:11.222+0000] {logging_mixin.py:188} INFO - [2026-03-04T08:17:11.222+0000] {dagbag.py:545} INFO - Filling up the DagBag from /opt/airflow/dags/csv_to_mysql.py
[2026-03-04T08:17:11.408+0000] {processor.py:840} INFO - DAG(s) 'csv_to_mysql' retrieved from /opt/airflow/dags/csv_to_mysql.py
[2026-03-04T08:17:11.418+0000] {logging_mixin.py:188} INFO - [2026-03-04T08:17:11.417+0000] {dag.py:3089} INFO - Sync 1 DAGs
[2026-03-04T08:17:11.423+0000] {logging_mixin.py:188} INFO - [2026-03-04T08:17:11.423+0000] {dag.py:3947} INFO - Setting next_dagrun for csv_to_mysql to None, run_after=None
[2026-03-04T08:17:11.428+0000] {processor.py:183} INFO - Processing /opt/airflow/dags/csv_to_mysql.py took 0.214 seconds
[2026-03-04T08:17:42.266+0000] {processor.py:161} INFO - Started process (PID=10412) to work on /opt/airflow/dags/csv_to_mysql.py
[2026-03-04T08:17:42.268+0000] {processor.py:830} INFO - Processing file /opt/airflow/dags/csv_to_mysql.py for tasks to queue
[2026-03-04T08:17:42.269+0000] {logging_mixin.py:188} INFO - [2026-03-04T08:17:42.269+0000] {dagbag.py:545} INFO - Filling up the DagBag from /opt/airflow/dags/csv_to_mysql.py
[2026-03-04T08:17:42.467+0000] {processor.py:840} INFO - DAG(s) 'csv_to_mysql' retrieved from /opt/airflow/dags/csv_to_mysql.py
[2026-03-04T08:17:42.473+0000] {logging_mixin.py:188} INFO - [2026-03-04T08:17:42.473+0000] {dag.py:3089} INFO - Sync 1 DAGs
[2026-03-04T08:17:42.477+0000] {logging_mixin.py:188} INFO - [2026-03-04T08:17:42.477+0000] {dag.py:3947} INFO - Setting next_dagrun for csv_to_mysql to None, run_after=None
[2026-03-04T08:17:42.482+0000] {processor.py:183} INFO - Processing /opt/airflow/dags/csv_to_mysql.py took 0.223 seconds
[2026-03-04T08:18:12.513+0000] {processor.py:161} INFO - Started process (PID=10699) to work on /opt/airflow/dags/csv_to_mysql.py
[2026-03-04T08:18:12.513+0000] {processor.py:830} INFO - Processing file /opt/airflow/dags/csv_to_mysql.py for tasks to queue
[2026-03-04T08:18:12.514+0000] {logging_mixin.py:188} INFO - [2026-03-04T08:18:12.514+0000] {dagbag.py:545} INFO - Filling up the DagBag from /opt/airflow/dags/csv_to_mysql.py
[2026-03-04T08:18:12.679+0000] {processor.py:840} INFO - DAG(s) 'csv_to_mysql' retrieved from /opt/airflow/dags/csv_to_mysql.py
[2026-03-04T08:18:12.684+0000] {logging_mixin.py:188} INFO - [2026-03-04T08:18:12.684+0000] {dag.py:3089} INFO - Sync 1 DAGs
[2026-03-04T08:18:12.688+0000] {logging_mixin.py:188} INFO - [2026-03-04T08:18:12.688+0000] {dag.py:3947} INFO - Setting next_dagrun for csv_to_mysql to None, run_after=None
[2026-03-04T08:18:12.693+0000] {processor.py:183} INFO - Processing /opt/airflow/dags/csv_to_mysql.py took 0.182 seconds
[2026-03-04T08:18:43.176+0000] {processor.py:161} INFO - Started process (PID=10936) to work on /opt/airflow/dags/csv_to_mysql.py
[2026-03-04T08:18:43.177+0000] {processor.py:830} INFO - Processing file /opt/airflow/dags/csv_to_mysql.py for tasks to queue
[2026-03-04T08:18:43.179+0000] {logging_mixin.py:188} INFO - [2026-03-04T08:18:43.179+0000] {dagbag.py:545} INFO - Filling up the DagBag from /opt/airflow/dags/csv_to_mysql.py
[2026-03-04T08:18:43.300+0000] {processor.py:840} INFO - DAG(s) 'csv_to_mysql' retrieved from /opt/airflow/dags/csv_to_mysql.py
[2026-03-04T08:18:43.312+0000] {logging_mixin.py:188} INFO - [2026-03-04T08:18:43.312+0000] {dag.py:3089} INFO - Sync 1 DAGs
[2026-03-04T08:18:43.318+0000] {logging_mixin.py:188} INFO - [2026-03-04T08:18:43.318+0000] {dag.py:3947} INFO - Setting next_dagrun for csv_to_mysql to None, run_after=None
[2026-03-04T08:18:43.325+0000] {processor.py:183} INFO - Processing /opt/airflow/dags/csv_to_mysql.py took 0.155 seconds
[2026-03-04T08:19:13.695+0000] {processor.py:161} INFO - Started process (PID=11198) to work on /opt/airflow/dags/csv_to_mysql.py
[2026-03-04T08:19:13.697+0000] {processor.py:830} INFO - Processing file /opt/airflow/dags/csv_to_mysql.py for tasks to queue
[2026-03-04T08:19:13.699+0000] {logging_mixin.py:188} INFO - [2026-03-04T08:19:13.699+0000] {dagbag.py:545} INFO - Filling up the DagBag from /opt/airflow/dags/csv_to_mysql.py
[2026-03-04T08:19:13.877+0000] {processor.py:840} INFO - DAG(s) 'csv_to_mysql' retrieved from /opt/airflow/dags/csv_to_mysql.py
[2026-03-04T08:19:13.887+0000] {logging_mixin.py:188} INFO - [2026-03-04T08:19:13.886+0000] {dag.py:3089} INFO - Sync 1 DAGs
[2026-03-04T08:19:13.891+0000] {logging_mixin.py:188} INFO - [2026-03-04T08:19:13.891+0000] {dag.py:3947} INFO - Setting next_dagrun for csv_to_mysql to None, run_after=None
[2026-03-04T08:19:13.900+0000] {processor.py:183} INFO - Processing /opt/airflow/dags/csv_to_mysql.py took 0.211 seconds
[2026-03-04T08:19:44.382+0000] {processor.py:161} INFO - Started process (PID=11460) to work on /opt/airflow/dags/csv_to_mysql.py
[2026-03-04T08:19:44.383+0000] {processor.py:830} INFO - Processing file /opt/airflow/dags/csv_to_mysql.py for tasks to queue
[2026-03-04T08:19:44.384+0000] {logging_mixin.py:188} INFO - [2026-03-04T08:19:44.384+0000] {dagbag.py:545} INFO - Filling up the DagBag from /opt/airflow/dags/csv_to_mysql.py
[2026-03-04T08:19:44.502+0000] {processor.py:840} INFO - DAG(s) 'csv_to_mysql' retrieved from /opt/airflow/dags/csv_to_mysql.py
[2026-03-04T08:19:44.516+0000] {logging_mixin.py:188} INFO - [2026-03-04T08:19:44.516+0000] {dag.py:3089} INFO - Sync 1 DAGs
[2026-03-04T08:19:44.520+0000] {logging_mixin.py:188} INFO - [2026-03-04T08:19:44.520+0000] {dag.py:3947} INFO - Setting next_dagrun for csv_to_mysql to None, run_after=None
[2026-03-04T08:19:44.528+0000] {processor.py:183} INFO - Processing /opt/airflow/dags/csv_to_mysql.py took 0.151 seconds
[2026-03-04T08:20:14.921+0000] {processor.py:161} INFO - Started process (PID=11722) to work on /opt/airflow/dags/csv_to_mysql.py
[2026-03-04T08:20:14.922+0000] {processor.py:830} INFO - Processing file /opt/airflow/dags/csv_to_mysql.py for tasks to queue
[2026-03-04T08:20:14.924+0000] {logging_mixin.py:188} INFO - [2026-03-04T08:20:14.923+0000] {dagbag.py:545} INFO - Filling up the DagBag from /opt/airflow/dags/csv_to_mysql.py
[2026-03-04T08:20:15.047+0000] {processor.py:840} INFO - DAG(s) 'csv_to_mysql' retrieved from /opt/airflow/dags/csv_to_mysql.py
[2026-03-04T08:20:15.057+0000] {logging_mixin.py:188} INFO - [2026-03-04T08:20:15.057+0000] {dag.py:3089} INFO - Sync 1 DAGs
[2026-03-04T08:20:15.063+0000] {logging_mixin.py:188} INFO - [2026-03-04T08:20:15.063+0000] {dag.py:3947} INFO - Setting next_dagrun for csv_to_mysql to None, run_after=None
[2026-03-04T08:20:15.069+0000] {processor.py:183} INFO - Processing /opt/airflow/dags/csv_to_mysql.py took 0.154 seconds
[2026-03-04T08:37:20.520+0000] {processor.py:161} INFO - Started process (PID=11984) to work on /opt/airflow/dags/csv_to_mysql.py
[2026-03-04T08:37:20.520+0000] {processor.py:830} INFO - Processing file /opt/airflow/dags/csv_to_mysql.py for tasks to queue
[2026-03-04T08:37:20.521+0000] {logging_mixin.py:188} INFO - [2026-03-04T08:37:20.521+0000] {dagbag.py:545} INFO - Filling up the DagBag from /opt/airflow/dags/csv_to_mysql.py
[2026-03-04T08:37:20.636+0000] {processor.py:840} INFO - DAG(s) 'csv_to_mysql' retrieved from /opt/airflow/dags/csv_to_mysql.py
[2026-03-04T08:37:20.645+0000] {logging_mixin.py:188} INFO - [2026-03-04T08:37:20.644+0000] {dag.py:3089} INFO - Sync 1 DAGs
[2026-03-04T08:37:20.650+0000] {logging_mixin.py:188} INFO - [2026-03-04T08:37:20.650+0000] {dag.py:3947} INFO - Setting next_dagrun for csv_to_mysql to None, run_after=None
[2026-03-04T08:37:20.657+0000] {processor.py:183} INFO - Processing /opt/airflow/dags/csv_to_mysql.py took 0.141 seconds
[2026-03-04T08:46:10.941+0000] {processor.py:161} INFO - Started process (PID=12246) to work on /opt/airflow/dags/csv_to_mysql.py
[2026-03-04T08:46:10.942+0000] {processor.py:830} INFO - Processing file /opt/airflow/dags/csv_to_mysql.py for tasks to queue
[2026-03-04T08:46:10.944+0000] {logging_mixin.py:188} INFO - [2026-03-04T08:46:10.944+0000] {dagbag.py:545} INFO - Filling up the DagBag from /opt/airflow/dags/csv_to_mysql.py
[2026-03-04T08:46:11.109+0000] {processor.py:840} INFO - DAG(s) 'csv_to_mysql' retrieved from /opt/airflow/dags/csv_to_mysql.py
[2026-03-04T08:46:11.116+0000] {logging_mixin.py:188} INFO - [2026-03-04T08:46:11.116+0000] {dag.py:3089} INFO - Sync 1 DAGs
[2026-03-04T08:46:11.123+0000] {logging_mixin.py:188} INFO - [2026-03-04T08:46:11.123+0000] {dag.py:3947} INFO - Setting next_dagrun for csv_to_mysql to None, run_after=None
[2026-03-04T08:46:11.129+0000] {processor.py:183} INFO - Processing /opt/airflow/dags/csv_to_mysql.py took 0.192 seconds
[2026-03-04T08:46:41.572+0000] {processor.py:161} INFO - Started process (PID=12508) to work on /opt/airflow/dags/csv_to_mysql.py
[2026-03-04T08:46:41.573+0000] {processor.py:830} INFO - Processing file /opt/airflow/dags/csv_to_mysql.py for tasks to queue
[2026-03-04T08:46:41.574+0000] {logging_mixin.py:188} INFO - [2026-03-04T08:46:41.574+0000] {dagbag.py:545} INFO - Filling up the DagBag from /opt/airflow/dags/csv_to_mysql.py
[2026-03-04T08:46:41.703+0000] {processor.py:840} INFO - DAG(s) 'csv_to_mysql' retrieved from /opt/airflow/dags/csv_to_mysql.py
[2026-03-04T08:46:41.711+0000] {logging_mixin.py:188} INFO - [2026-03-04T08:46:41.711+0000] {dag.py:3089} INFO - Sync 1 DAGs
[2026-03-04T08:46:41.717+0000] {logging_mixin.py:188} INFO - [2026-03-04T08:46:41.717+0000] {dag.py:3947} INFO - Setting next_dagrun for csv_to_mysql to None, run_after=None
[2026-03-04T08:46:41.725+0000] {processor.py:183} INFO - Processing /opt/airflow/dags/csv_to_mysql.py took 0.160 seconds
[2026-03-04T08:47:12.139+0000] {processor.py:161} INFO - Started process (PID=12770) to work on /opt/airflow/dags/csv_to_mysql.py
[2026-03-04T08:47:12.140+0000] {processor.py:830} INFO - Processing file /opt/airflow/dags/csv_to_mysql.py for tasks to queue
[2026-03-04T08:47:12.141+0000] {logging_mixin.py:188} INFO - [2026-03-04T08:47:12.141+0000] {dagbag.py:545} INFO - Filling up the DagBag from /opt/airflow/dags/csv_to_mysql.py
[2026-03-04T08:47:12.290+0000] {processor.py:840} INFO - DAG(s) 'csv_to_mysql' retrieved from /opt/airflow/dags/csv_to_mysql.py
[2026-03-04T08:47:12.298+0000] {logging_mixin.py:188} INFO - [2026-03-04T08:47:12.298+0000] {dag.py:3089} INFO - Sync 1 DAGs
[2026-03-04T08:47:12.303+0000] {logging_mixin.py:188} INFO - [2026-03-04T08:47:12.303+0000] {dag.py:3947} INFO - Setting next_dagrun for csv_to_mysql to None, run_after=None
[2026-03-04T08:47:12.309+0000] {processor.py:183} INFO - Processing /opt/airflow/dags/csv_to_mysql.py took 0.173 seconds
[2026-03-04T08:47:42.623+0000] {processor.py:161} INFO - Started process (PID=13032) to work on /opt/airflow/dags/csv_to_mysql.py
[2026-03-04T08:47:42.624+0000] {processor.py:830} INFO - Processing file /opt/airflow/dags/csv_to_mysql.py for tasks to queue
[2026-03-04T08:47:42.626+0000] {logging_mixin.py:188} INFO - [2026-03-04T08:47:42.626+0000] {dagbag.py:545} INFO - Filling up the DagBag from /opt/airflow/dags/csv_to_mysql.py
[2026-03-04T08:47:42.764+0000] {processor.py:840} INFO - DAG(s) 'csv_to_mysql' retrieved from /opt/airflow/dags/csv_to_mysql.py
[2026-03-04T08:47:42.777+0000] {logging_mixin.py:188} INFO - [2026-03-04T08:47:42.776+0000] {dag.py:3089} INFO - Sync 1 DAGs
[2026-03-04T08:47:42.782+0000] {logging_mixin.py:188} INFO - [2026-03-04T08:47:42.782+0000] {dag.py:3947} INFO - Setting next_dagrun for csv_to_mysql to None, run_after=None
[2026-03-04T08:47:42.793+0000] {processor.py:183} INFO - Processing /opt/airflow/dags/csv_to_mysql.py took 0.175 seconds
[2026-03-04T08:48:13.142+0000] {processor.py:161} INFO - Started process (PID=13294) to work on /opt/airflow/dags/csv_to_mysql.py
[2026-03-04T08:48:13.143+0000] {processor.py:830} INFO - Processing file /opt/airflow/dags/csv_to_mysql.py for tasks to queue
[2026-03-04T08:48:13.146+0000] {logging_mixin.py:188} INFO - [2026-03-04T08:48:13.146+0000] {dagbag.py:545} INFO - Filling up the DagBag from /opt/airflow/dags/csv_to_mysql.py
[2026-03-04T08:48:13.307+0000] {processor.py:840} INFO - DAG(s) 'csv_to_mysql' retrieved from /opt/airflow/dags/csv_to_mysql.py
[2026-03-04T08:48:13.315+0000] {logging_mixin.py:188} INFO - [2026-03-04T08:48:13.315+0000] {dag.py:3089} INFO - Sync 1 DAGs
[2026-03-04T08:48:13.321+0000] {logging_mixin.py:188} INFO - [2026-03-04T08:48:13.320+0000] {dag.py:3947} INFO - Setting next_dagrun for csv_to_mysql to None, run_after=None
[2026-03-04T08:48:13.328+0000] {processor.py:183} INFO - Processing /opt/airflow/dags/csv_to_mysql.py took 0.194 seconds
[2026-03-04T08:48:43.713+0000] {processor.py:161} INFO - Started process (PID=13556) to work on /opt/airflow/dags/csv_to_mysql.py
[2026-03-04T08:48:43.715+0000] {processor.py:830} INFO - Processing file /opt/airflow/dags/csv_to_mysql.py for tasks to queue
[2026-03-04T08:48:43.717+0000] {logging_mixin.py:188} INFO - [2026-03-04T08:48:43.716+0000] {dagbag.py:545} INFO - Filling up the DagBag from /opt/airflow/dags/csv_to_mysql.py
[2026-03-04T08:48:43.836+0000] {processor.py:840} INFO - DAG(s) 'csv_to_mysql' retrieved from /opt/airflow/dags/csv_to_mysql.py
[2026-03-04T08:48:43.847+0000] {logging_mixin.py:188} INFO - [2026-03-04T08:48:43.847+0000] {dag.py:3089} INFO - Sync 1 DAGs
[2026-03-04T08:48:43.852+0000] {logging_mixin.py:188} INFO - [2026-03-04T08:48:43.852+0000] {dag.py:3947} INFO - Setting next_dagrun for csv_to_mysql to None, run_after=None
[2026-03-04T08:48:43.859+0000] {processor.py:183} INFO - Processing /opt/airflow/dags/csv_to_mysql.py took 0.153 seconds
[2026-03-04T08:49:14.356+0000] {processor.py:161} INFO - Started process (PID=13818) to work on /opt/airflow/dags/csv_to_mysql.py
[2026-03-04T08:49:14.359+0000] {processor.py:830} INFO - Processing file /opt/airflow/dags/csv_to_mysql.py for tasks to queue
[2026-03-04T08:49:14.361+0000] {logging_mixin.py:188} INFO - [2026-03-04T08:49:14.360+0000] {dagbag.py:545} INFO - Filling up the DagBag from /opt/airflow/dags/csv_to_mysql.py
[2026-03-04T08:49:14.481+0000] {processor.py:840} INFO - DAG(s) 'csv_to_mysql' retrieved from /opt/airflow/dags/csv_to_mysql.py
[2026-03-04T08:49:14.493+0000] {logging_mixin.py:188} INFO - [2026-03-04T08:49:14.493+0000] {dag.py:3089} INFO - Sync 1 DAGs
[2026-03-04T08:49:14.497+0000] {logging_mixin.py:188} INFO - [2026-03-04T08:49:14.497+0000] {dag.py:3947} INFO - Setting next_dagrun for csv_to_mysql to None, run_after=None
[2026-03-04T08:49:14.506+0000] {processor.py:183} INFO - Processing /opt/airflow/dags/csv_to_mysql.py took 0.157 seconds
[2026-03-04T08:49:44.847+0000] {processor.py:161} INFO - Started process (PID=14080) to work on /opt/airflow/dags/csv_to_mysql.py
[2026-03-04T08:49:44.848+0000] {processor.py:830} INFO - Processing file /opt/airflow/dags/csv_to_mysql.py for tasks to queue
[2026-03-04T08:49:44.850+0000] {logging_mixin.py:188} INFO - [2026-03-04T08:49:44.849+0000] {dagbag.py:545} INFO - Filling up the DagBag from /opt/airflow/dags/csv_to_mysql.py
[2026-03-04T08:49:44.976+0000] {processor.py:840} INFO - DAG(s) 'csv_to_mysql' retrieved from /opt/airflow/dags/csv_to_mysql.py
[2026-03-04T08:49:44.983+0000] {logging_mixin.py:188} INFO - [2026-03-04T08:49:44.983+0000] {dag.py:3089} INFO - Sync 1 DAGs
[2026-03-04T08:49:44.987+0000] {logging_mixin.py:188} INFO - [2026-03-04T08:49:44.987+0000] {dag.py:3947} INFO - Setting next_dagrun for csv_to_mysql to None, run_after=None
[2026-03-04T08:49:44.994+0000] {processor.py:183} INFO - Processing /opt/airflow/dags/csv_to_mysql.py took 0.154 seconds
[2026-03-04T08:50:15.418+0000] {processor.py:161} INFO - Started process (PID=14342) to work on /opt/airflow/dags/csv_to_mysql.py
[2026-03-04T08:50:15.420+0000] {processor.py:830} INFO - Processing file /opt/airflow/dags/csv_to_mysql.py for tasks to queue
[2026-03-04T08:50:15.422+0000] {logging_mixin.py:188} INFO - [2026-03-04T08:50:15.422+0000] {dagbag.py:545} INFO - Filling up the DagBag from /opt/airflow/dags/csv_to_mysql.py
[2026-03-04T08:50:15.540+0000] {processor.py:840} INFO - DAG(s) 'csv_to_mysql' retrieved from /opt/airflow/dags/csv_to_mysql.py
[2026-03-04T08:50:15.550+0000] {logging_mixin.py:188} INFO - [2026-03-04T08:50:15.550+0000] {dag.py:3089} INFO - Sync 1 DAGs
[2026-03-04T08:50:15.554+0000] {logging_mixin.py:188} INFO - [2026-03-04T08:50:15.554+0000] {dag.py:3947} INFO - Setting next_dagrun for csv_to_mysql to None, run_after=None
[2026-03-04T08:50:15.562+0000] {processor.py:183} INFO - Processing /opt/airflow/dags/csv_to_mysql.py took 0.149 seconds
[2026-03-04T08:50:45.942+0000] {processor.py:161} INFO - Started process (PID=14604) to work on /opt/airflow/dags/csv_to_mysql.py
[2026-03-04T08:50:45.943+0000] {processor.py:830} INFO - Processing file /opt/airflow/dags/csv_to_mysql.py for tasks to queue
[2026-03-04T08:50:45.946+0000] {logging_mixin.py:188} INFO - [2026-03-04T08:50:45.946+0000] {dagbag.py:545} INFO - Filling up the DagBag from /opt/airflow/dags/csv_to_mysql.py
[2026-03-04T08:50:46.088+0000] {processor.py:840} INFO - DAG(s) 'csv_to_mysql' retrieved from /opt/airflow/dags/csv_to_mysql.py
[2026-03-04T08:50:46.098+0000] {logging_mixin.py:188} INFO - [2026-03-04T08:50:46.098+0000] {dag.py:3089} INFO - Sync 1 DAGs
[2026-03-04T08:50:46.105+0000] {logging_mixin.py:188} INFO - [2026-03-04T08:50:46.105+0000] {dag.py:3947} INFO - Setting next_dagrun for csv_to_mysql to None, run_after=None
[2026-03-04T08:50:46.113+0000] {processor.py:183} INFO - Processing /opt/airflow/dags/csv_to_mysql.py took 0.178 seconds
