[2026-03-03T20:27:46.351+0000] {local_task_job_runner.py:120} INFO - ::group::Pre task execution logs
[2026-03-03T20:27:46.594+0000] {taskinstance.py:2076} INFO - Dependencies all met for dep_context=non-requeueable deps ti=<TaskInstance: csv_to_mysql.load_csv_to_mysql manual__2026-03-03T20:27:43.598464+00:00 [queued]>
[2026-03-03T20:27:46.628+0000] {taskinstance.py:2076} INFO - Dependencies all met for dep_context=requeueable deps ti=<TaskInstance: csv_to_mysql.load_csv_to_mysql manual__2026-03-03T20:27:43.598464+00:00 [queued]>
[2026-03-03T20:27:46.632+0000] {taskinstance.py:2306} INFO - Starting attempt 1 of 2
[2026-03-03T20:27:46.685+0000] {taskinstance.py:2330} INFO - Executing <Task(PythonOperator): load_csv_to_mysql> on 2026-03-03 20:27:43.598464+00:00
[2026-03-03T20:27:46.700+0000] {standard_task_runner.py:90} INFO - Running: ['***', 'tasks', 'run', 'csv_to_mysql', 'load_csv_to_mysql', 'manual__2026-03-03T20:27:43.598464+00:00', '--job-id', '3', '--raw', '--subdir', 'DAGS_FOLDER/csv_to_mysql.py', '--cfg-path', '/tmp/tmpeoyihmus']
[2026-03-03T20:27:46.713+0000] {standard_task_runner.py:91} INFO - Job 3: Subtask load_csv_to_mysql
[2026-03-03T20:27:46.718+0000] {logging_mixin.py:188} WARNING - /home/***/.local/lib/python3.12/site-packages/***/task/task_runner/standard_task_runner.py:62 DeprecationWarning: This process (pid=282) is multi-threaded, use of fork() may lead to deadlocks in the child.
[2026-03-03T20:27:46.722+0000] {standard_task_runner.py:64} INFO - Started process 284 to run task
[2026-03-03T20:27:47.009+0000] {task_command.py:426} INFO - Running <TaskInstance: csv_to_mysql.load_csv_to_mysql manual__2026-03-03T20:27:43.598464+00:00 [running]> on host 6dd9fb222e49
[2026-03-03T20:27:47.150+0000] {taskinstance.py:2648} INFO - Exporting env vars: AIRFLOW_CTX_DAG_OWNER='***' AIRFLOW_CTX_DAG_ID='csv_to_mysql' AIRFLOW_CTX_TASK_ID='load_csv_to_mysql' AIRFLOW_CTX_EXECUTION_DATE='2026-03-03T20:27:43.598464+00:00' AIRFLOW_CTX_TRY_NUMBER='1' AIRFLOW_CTX_DAG_RUN_ID='manual__2026-03-03T20:27:43.598464+00:00'
[2026-03-03T20:27:47.153+0000] {taskinstance.py:430} INFO - ::endgroup::
[2026-03-03T20:27:47.204+0000] {base.py:84} INFO - Using connection ID 'mysql_default' for task execution.
[2026-03-03T20:27:51.238+0000] {csv_to_mysql.py:25} INFO - Loaded 10 rows into people
[2026-03-03T20:27:51.252+0000] {python.py:237} INFO - Done. Returned value was: None
[2026-03-03T20:27:51.253+0000] {taskinstance.py:441} INFO - ::group::Post task execution logs
[2026-03-03T20:27:51.284+0000] {taskinstance.py:1206} INFO - Marking task as SUCCESS. dag_id=csv_to_mysql, task_id=load_csv_to_mysql, run_id=manual__2026-03-03T20:27:43.598464+00:00, execution_date=20260303T202743, start_date=20260303T202746, end_date=20260303T202751
[2026-03-03T20:27:51.335+0000] {local_task_job_runner.py:243} INFO - Task exited with return code 0
[2026-03-03T20:27:51.370+0000] {taskinstance.py:3503} INFO - 0 downstream tasks scheduled from follow-on schedule check
[2026-03-03T20:27:51.372+0000] {local_task_job_runner.py:222} INFO - ::endgroup::
