[2026-03-03T00:21:38.581+0000] {manager.py:470} INFO - Processing files using up to 2 processes at a time 
[2026-03-03T00:21:38.630+0000] {manager.py:471} INFO - Process each file at most once every 30 seconds
[2026-03-03T00:21:38.656+0000] {manager.py:472} INFO - Checking for new files in /opt/airflow/dags every 300 seconds
[2026-03-03T00:21:38.669+0000] {manager.py:737} INFO - Searching for files in /opt/airflow/dags
[2026-03-03T00:21:38.702+0000] {manager.py:740} INFO - There are 1 files in /opt/airflow/dags
[2026-03-03T00:21:40.785+0000] {manager.py:878} INFO - 
================================================================================
DAG File Processing Stats

File Path                            PID  Runtime      # DAGs    # Errors  Last Runtime    Last Run
---------------------------------  -----  ---------  --------  ----------  --------------  ----------
/opt/airflow/dags/csv_to_mysql.py    177  0.28s             0           0
================================================================================
[2026-03-03T00:22:11.262+0000] {manager.py:878} INFO - 
================================================================================
DAG File Processing Stats

File Path                          PID    Runtime      # DAGs    # Errors  Last Runtime    Last Run
---------------------------------  -----  ---------  --------  ----------  --------------  -------------------
/opt/airflow/dags/csv_to_mysql.py                           1           0  13.68s          2026-03-03T00:21:54
================================================================================
[2026-03-03T00:22:41.798+0000] {manager.py:878} INFO - 
================================================================================
DAG File Processing Stats

File Path                          PID    Runtime      # DAGs    # Errors  Last Runtime    Last Run
---------------------------------  -----  ---------  --------  ----------  --------------  -------------------
/opt/airflow/dags/csv_to_mysql.py                           1           0  0.71s           2026-03-03T00:22:25
================================================================================
[2026-03-03T00:23:12.055+0000] {manager.py:878} INFO - 
================================================================================
DAG File Processing Stats

File Path                          PID    Runtime      # DAGs    # Errors  Last Runtime    Last Run
---------------------------------  -----  ---------  --------  ----------  --------------  -------------------
/opt/airflow/dags/csv_to_mysql.py                           1           0  0.67s           2026-03-03T00:22:56
================================================================================
[2026-03-03T00:23:42.647+0000] {manager.py:878} INFO - 
================================================================================
DAG File Processing Stats

File Path                          PID    Runtime      # DAGs    # Errors  Last Runtime    Last Run
---------------------------------  -----  ---------  --------  ----------  --------------  -------------------
/opt/airflow/dags/csv_to_mysql.py                           1           0  1.44s           2026-03-03T00:23:27
================================================================================
[2026-03-03T00:24:12.803+0000] {manager.py:878} INFO - 
================================================================================
DAG File Processing Stats

File Path                          PID    Runtime      # DAGs    # Errors  Last Runtime    Last Run
---------------------------------  -----  ---------  --------  ----------  --------------  -------------------
/opt/airflow/dags/csv_to_mysql.py                           1           0  0.92s           2026-03-03T00:23:58
================================================================================
[2026-03-03T00:24:43.343+0000] {manager.py:878} INFO - 
================================================================================
DAG File Processing Stats

File Path                          PID    Runtime      # DAGs    # Errors  Last Runtime    Last Run
---------------------------------  -----  ---------  --------  ----------  --------------  -------------------
/opt/airflow/dags/csv_to_mysql.py                           1           0  0.56s           2026-03-03T00:24:29
================================================================================
[2026-03-03T00:25:13.681+0000] {manager.py:878} INFO - 
================================================================================
DAG File Processing Stats

File Path                          PID    Runtime      # DAGs    # Errors  Last Runtime    Last Run
---------------------------------  -----  ---------  --------  ----------  --------------  -------------------
/opt/airflow/dags/csv_to_mysql.py                           1           0  1.74s           2026-03-03T00:25:01
================================================================================
[2026-03-03T00:25:43.997+0000] {manager.py:878} INFO - 
================================================================================
DAG File Processing Stats

File Path                          PID    Runtime      # DAGs    # Errors  Last Runtime    Last Run
---------------------------------  -----  ---------  --------  ----------  --------------  -------------------
/opt/airflow/dags/csv_to_mysql.py                           1           0  0.51s           2026-03-03T00:25:32
================================================================================
[2026-03-03T00:26:14.101+0000] {manager.py:878} INFO - 
================================================================================
DAG File Processing Stats

File Path                          PID    Runtime      # DAGs    # Errors  Last Runtime    Last Run
---------------------------------  -----  ---------  --------  ----------  --------------  -------------------
/opt/airflow/dags/csv_to_mysql.py                           1           0  0.54s           2026-03-03T00:26:03
================================================================================
[2026-03-03T00:26:38.881+0000] {manager.py:737} INFO - Searching for files in /opt/airflow/dags
[2026-03-03T00:26:38.893+0000] {manager.py:740} INFO - There are 1 files in /opt/airflow/dags
[2026-03-03T00:26:44.306+0000] {manager.py:878} INFO - 
================================================================================
DAG File Processing Stats

File Path                          PID    Runtime      # DAGs    # Errors  Last Runtime    Last Run
---------------------------------  -----  ---------  --------  ----------  --------------  -------------------
/opt/airflow/dags/csv_to_mysql.py                           1           0  0.61s           2026-03-03T00:26:33
================================================================================
[2026-03-03T00:27:14.909+0000] {manager.py:878} INFO - 
================================================================================
DAG File Processing Stats

File Path                          PID    Runtime      # DAGs    # Errors  Last Runtime    Last Run
---------------------------------  -----  ---------  --------  ----------  --------------  -------------------
/opt/airflow/dags/csv_to_mysql.py                           1           0  0.54s           2026-03-03T00:27:05
================================================================================
[2026-03-03T00:27:44.910+0000] {manager.py:878} INFO - 
================================================================================
DAG File Processing Stats

File Path                          PID    Runtime      # DAGs    # Errors  Last Runtime    Last Run
---------------------------------  -----  ---------  --------  ----------  --------------  -------------------
/opt/airflow/dags/csv_to_mysql.py                           1           0  0.71s           2026-03-03T00:27:35
================================================================================
[2026-03-03T00:28:15.079+0000] {manager.py:878} INFO - 
================================================================================
DAG File Processing Stats

File Path                          PID    Runtime      # DAGs    # Errors  Last Runtime    Last Run
---------------------------------  -----  ---------  --------  ----------  --------------  -------------------
/opt/airflow/dags/csv_to_mysql.py                           1           0  0.64s           2026-03-03T00:28:07
================================================================================
[2026-03-03T00:28:45.657+0000] {manager.py:878} INFO - 
================================================================================
DAG File Processing Stats

File Path                          PID    Runtime      # DAGs    # Errors  Last Runtime    Last Run
---------------------------------  -----  ---------  --------  ----------  --------------  -------------------
/opt/airflow/dags/csv_to_mysql.py                           1           0  0.48s           2026-03-03T00:28:38
================================================================================
[2026-03-03T00:29:16.029+0000] {manager.py:878} INFO - 
================================================================================
DAG File Processing Stats

File Path                          PID    Runtime      # DAGs    # Errors  Last Runtime    Last Run
---------------------------------  -----  ---------  --------  ----------  --------------  -------------------
/opt/airflow/dags/csv_to_mysql.py                           1           0  0.83s           2026-03-03T00:29:08
================================================================================
[2026-03-03T00:29:46.062+0000] {manager.py:878} INFO - 
================================================================================
DAG File Processing Stats

File Path                          PID    Runtime      # DAGs    # Errors  Last Runtime    Last Run
---------------------------------  -----  ---------  --------  ----------  --------------  -------------------
/opt/airflow/dags/csv_to_mysql.py                           1           0  0.55s           2026-03-03T00:29:39
================================================================================
[2026-03-03T00:30:16.640+0000] {manager.py:878} INFO - 
================================================================================
DAG File Processing Stats

File Path                          PID    Runtime      # DAGs    # Errors  Last Runtime    Last Run
---------------------------------  -----  ---------  --------  ----------  --------------  -------------------
/opt/airflow/dags/csv_to_mysql.py                           1           0  1.16s           2026-03-03T00:30:11
================================================================================
[2026-03-03T00:30:46.809+0000] {manager.py:878} INFO - 
================================================================================
DAG File Processing Stats

File Path                          PID    Runtime      # DAGs    # Errors  Last Runtime    Last Run
---------------------------------  -----  ---------  --------  ----------  --------------  -------------------
/opt/airflow/dags/csv_to_mysql.py                           1           0  0.85s           2026-03-03T00:30:42
================================================================================
[2026-03-03T00:31:17.680+0000] {manager.py:878} INFO - 
================================================================================
DAG File Processing Stats

File Path                          PID    Runtime      # DAGs    # Errors  Last Runtime    Last Run
---------------------------------  -----  ---------  --------  ----------  --------------  -------------------
/opt/airflow/dags/csv_to_mysql.py                           1           0  1.00s           2026-03-03T00:31:14
================================================================================
[2026-03-03T00:31:39.483+0000] {manager.py:737} INFO - Searching for files in /opt/airflow/dags
[2026-03-03T00:31:39.504+0000] {manager.py:740} INFO - There are 1 files in /opt/airflow/dags
[2026-03-03T00:31:47.827+0000] {manager.py:878} INFO - 
================================================================================
DAG File Processing Stats

File Path                            PID  Runtime      # DAGs    # Errors  Last Runtime    Last Run
---------------------------------  -----  ---------  --------  ----------  --------------  -------------------
/opt/airflow/dags/csv_to_mysql.py    294  2.24s             1           0  1.00s           2026-03-03T00:31:14
================================================================================
[2026-03-03T00:32:18.287+0000] {manager.py:878} INFO - 
================================================================================
DAG File Processing Stats

File Path                            PID  Runtime      # DAGs    # Errors  Last Runtime    Last Run
---------------------------------  -----  ---------  --------  ----------  --------------  -------------------
/opt/airflow/dags/csv_to_mysql.py    300  0.01s             1           0  2.41s           2026-03-03T00:31:47
================================================================================
[2026-03-03T00:32:48.576+0000] {manager.py:878} INFO - 
================================================================================
DAG File Processing Stats

File Path                          PID    Runtime      # DAGs    # Errors  Last Runtime    Last Run
---------------------------------  -----  ---------  --------  ----------  --------------  -------------------
/opt/airflow/dags/csv_to_mysql.py                           1           0  0.70s           2026-03-03T00:32:18
================================================================================
