[2026-03-04T07:57:50.510+0000] {processor.py:161} INFO - Started process (PID=317) to work on /home/airflow/.local/lib/python3.12/site-packages/airflow/example_dags/example_python_operator.py
[2026-03-04T07:57:50.513+0000] {processor.py:830} INFO - Processing file /home/airflow/.local/lib/python3.12/site-packages/airflow/example_dags/example_python_operator.py for tasks to queue
[2026-03-04T07:57:50.514+0000] {logging_mixin.py:188} INFO - [2026-03-04T07:57:50.514+0000] {dagbag.py:545} INFO - Filling up the DagBag from /home/airflow/.local/lib/python3.12/site-packages/airflow/example_dags/example_python_operator.py
[2026-03-04T07:57:50.519+0000] {processor.py:840} INFO - DAG(s) 'example_python_operator' retrieved from /home/airflow/.local/lib/python3.12/site-packages/airflow/example_dags/example_python_operator.py
[2026-03-04T07:57:50.560+0000] {logging_mixin.py:188} INFO - [2026-03-04T07:57:50.560+0000] {override.py:1858} INFO - Created Permission View: can delete on DAG:example_python_operator
[2026-03-04T07:57:50.564+0000] {logging_mixin.py:188} INFO - [2026-03-04T07:57:50.563+0000] {override.py:1858} INFO - Created Permission View: can read on DAG:example_python_operator
[2026-03-04T07:57:50.567+0000] {logging_mixin.py:188} INFO - [2026-03-04T07:57:50.567+0000] {override.py:1858} INFO - Created Permission View: can edit on DAG:example_python_operator
[2026-03-04T07:57:50.568+0000] {logging_mixin.py:188} INFO - [2026-03-04T07:57:50.568+0000] {dag.py:3089} INFO - Sync 1 DAGs
[2026-03-04T07:57:50.573+0000] {logging_mixin.py:188} INFO - [2026-03-04T07:57:50.573+0000] {dag.py:3111} INFO - Creating ORM DAG for example_python_operator
[2026-03-04T07:57:50.574+0000] {logging_mixin.py:188} INFO - [2026-03-04T07:57:50.574+0000] {dag.py:3947} INFO - Setting next_dagrun for example_python_operator to None, run_after=None
[2026-03-04T07:57:50.582+0000] {processor.py:183} INFO - Processing /home/airflow/.local/lib/python3.12/site-packages/airflow/example_dags/example_python_operator.py took 0.075 seconds
[2026-03-04T07:58:20.670+0000] {processor.py:161} INFO - Started process (PID=581) to work on /home/airflow/.local/lib/python3.12/site-packages/airflow/example_dags/example_python_operator.py
[2026-03-04T07:58:20.671+0000] {processor.py:830} INFO - Processing file /home/airflow/.local/lib/python3.12/site-packages/airflow/example_dags/example_python_operator.py for tasks to queue
[2026-03-04T07:58:20.671+0000] {logging_mixin.py:188} INFO - [2026-03-04T07:58:20.671+0000] {dagbag.py:545} INFO - Filling up the DagBag from /home/airflow/.local/lib/python3.12/site-packages/airflow/example_dags/example_python_operator.py
[2026-03-04T07:58:20.675+0000] {processor.py:840} INFO - DAG(s) 'example_python_operator' retrieved from /home/airflow/.local/lib/python3.12/site-packages/airflow/example_dags/example_python_operator.py
[2026-03-04T07:58:20.682+0000] {logging_mixin.py:188} INFO - [2026-03-04T07:58:20.682+0000] {dag.py:3089} INFO - Sync 1 DAGs
[2026-03-04T07:58:20.686+0000] {logging_mixin.py:188} INFO - [2026-03-04T07:58:20.686+0000] {dag.py:3947} INFO - Setting next_dagrun for example_python_operator to None, run_after=None
[2026-03-04T07:58:20.692+0000] {processor.py:183} INFO - Processing /home/airflow/.local/lib/python3.12/site-packages/airflow/example_dags/example_python_operator.py took 0.023 seconds
[2026-03-04T07:58:51.194+0000] {processor.py:161} INFO - Started process (PID=841) to work on /home/airflow/.local/lib/python3.12/site-packages/airflow/example_dags/example_python_operator.py
[2026-03-04T07:58:51.194+0000] {processor.py:830} INFO - Processing file /home/airflow/.local/lib/python3.12/site-packages/airflow/example_dags/example_python_operator.py for tasks to queue
[2026-03-04T07:58:51.195+0000] {logging_mixin.py:188} INFO - [2026-03-04T07:58:51.195+0000] {dagbag.py:545} INFO - Filling up the DagBag from /home/airflow/.local/lib/python3.12/site-packages/airflow/example_dags/example_python_operator.py
[2026-03-04T07:58:51.200+0000] {processor.py:840} INFO - DAG(s) 'example_python_operator' retrieved from /home/airflow/.local/lib/python3.12/site-packages/airflow/example_dags/example_python_operator.py
[2026-03-04T07:58:51.212+0000] {logging_mixin.py:188} INFO - [2026-03-04T07:58:51.212+0000] {dag.py:3089} INFO - Sync 1 DAGs
[2026-03-04T07:58:51.216+0000] {logging_mixin.py:188} INFO - [2026-03-04T07:58:51.216+0000] {dag.py:3947} INFO - Setting next_dagrun for example_python_operator to None, run_after=None
[2026-03-04T07:58:51.223+0000] {processor.py:183} INFO - Processing /home/airflow/.local/lib/python3.12/site-packages/airflow/example_dags/example_python_operator.py took 0.032 seconds
[2026-03-04T07:59:21.719+0000] {processor.py:161} INFO - Started process (PID=1105) to work on /home/airflow/.local/lib/python3.12/site-packages/airflow/example_dags/example_python_operator.py
[2026-03-04T07:59:21.720+0000] {processor.py:830} INFO - Processing file /home/airflow/.local/lib/python3.12/site-packages/airflow/example_dags/example_python_operator.py for tasks to queue
[2026-03-04T07:59:21.720+0000] {logging_mixin.py:188} INFO - [2026-03-04T07:59:21.720+0000] {dagbag.py:545} INFO - Filling up the DagBag from /home/airflow/.local/lib/python3.12/site-packages/airflow/example_dags/example_python_operator.py
[2026-03-04T07:59:21.724+0000] {processor.py:840} INFO - DAG(s) 'example_python_operator' retrieved from /home/airflow/.local/lib/python3.12/site-packages/airflow/example_dags/example_python_operator.py
[2026-03-04T07:59:21.731+0000] {logging_mixin.py:188} INFO - [2026-03-04T07:59:21.731+0000] {dag.py:3089} INFO - Sync 1 DAGs
[2026-03-04T07:59:21.735+0000] {logging_mixin.py:188} INFO - [2026-03-04T07:59:21.735+0000] {dag.py:3947} INFO - Setting next_dagrun for example_python_operator to None, run_after=None
[2026-03-04T07:59:21.740+0000] {processor.py:183} INFO - Processing /home/airflow/.local/lib/python3.12/site-packages/airflow/example_dags/example_python_operator.py took 0.023 seconds
[2026-03-04T07:59:52.425+0000] {processor.py:161} INFO - Started process (PID=1367) to work on /home/airflow/.local/lib/python3.12/site-packages/airflow/example_dags/example_python_operator.py
[2026-03-04T07:59:52.425+0000] {processor.py:830} INFO - Processing file /home/airflow/.local/lib/python3.12/site-packages/airflow/example_dags/example_python_operator.py for tasks to queue
[2026-03-04T07:59:52.426+0000] {logging_mixin.py:188} INFO - [2026-03-04T07:59:52.426+0000] {dagbag.py:545} INFO - Filling up the DagBag from /home/airflow/.local/lib/python3.12/site-packages/airflow/example_dags/example_python_operator.py
[2026-03-04T07:59:52.430+0000] {processor.py:840} INFO - DAG(s) 'example_python_operator' retrieved from /home/airflow/.local/lib/python3.12/site-packages/airflow/example_dags/example_python_operator.py
[2026-03-04T07:59:52.439+0000] {logging_mixin.py:188} INFO - [2026-03-04T07:59:52.439+0000] {dag.py:3089} INFO - Sync 1 DAGs
[2026-03-04T07:59:52.443+0000] {logging_mixin.py:188} INFO - [2026-03-04T07:59:52.443+0000] {dag.py:3947} INFO - Setting next_dagrun for example_python_operator to None, run_after=None
[2026-03-04T07:59:52.449+0000] {processor.py:183} INFO - Processing /home/airflow/.local/lib/python3.12/site-packages/airflow/example_dags/example_python_operator.py took 0.027 seconds
[2026-03-04T08:00:23.038+0000] {processor.py:161} INFO - Started process (PID=1627) to work on /home/airflow/.local/lib/python3.12/site-packages/airflow/example_dags/example_python_operator.py
[2026-03-04T08:00:23.040+0000] {processor.py:830} INFO - Processing file /home/airflow/.local/lib/python3.12/site-packages/airflow/example_dags/example_python_operator.py for tasks to queue
[2026-03-04T08:00:23.041+0000] {logging_mixin.py:188} INFO - [2026-03-04T08:00:23.041+0000] {dagbag.py:545} INFO - Filling up the DagBag from /home/airflow/.local/lib/python3.12/site-packages/airflow/example_dags/example_python_operator.py
[2026-03-04T08:00:23.048+0000] {processor.py:840} INFO - DAG(s) 'example_python_operator' retrieved from /home/airflow/.local/lib/python3.12/site-packages/airflow/example_dags/example_python_operator.py
[2026-03-04T08:00:23.059+0000] {logging_mixin.py:188} INFO - [2026-03-04T08:00:23.059+0000] {dag.py:3089} INFO - Sync 1 DAGs
[2026-03-04T08:00:23.064+0000] {logging_mixin.py:188} INFO - [2026-03-04T08:00:23.064+0000] {dag.py:3947} INFO - Setting next_dagrun for example_python_operator to None, run_after=None
[2026-03-04T08:00:23.075+0000] {processor.py:183} INFO - Processing /home/airflow/.local/lib/python3.12/site-packages/airflow/example_dags/example_python_operator.py took 0.039 seconds
[2026-03-04T08:00:53.659+0000] {processor.py:161} INFO - Started process (PID=1891) to work on /home/airflow/.local/lib/python3.12/site-packages/airflow/example_dags/example_python_operator.py
[2026-03-04T08:00:53.659+0000] {processor.py:830} INFO - Processing file /home/airflow/.local/lib/python3.12/site-packages/airflow/example_dags/example_python_operator.py for tasks to queue
[2026-03-04T08:00:53.660+0000] {logging_mixin.py:188} INFO - [2026-03-04T08:00:53.660+0000] {dagbag.py:545} INFO - Filling up the DagBag from /home/airflow/.local/lib/python3.12/site-packages/airflow/example_dags/example_python_operator.py
[2026-03-04T08:00:53.664+0000] {processor.py:840} INFO - DAG(s) 'example_python_operator' retrieved from /home/airflow/.local/lib/python3.12/site-packages/airflow/example_dags/example_python_operator.py
[2026-03-04T08:00:53.675+0000] {logging_mixin.py:188} INFO - [2026-03-04T08:00:53.675+0000] {dag.py:3089} INFO - Sync 1 DAGs
[2026-03-04T08:00:53.680+0000] {logging_mixin.py:188} INFO - [2026-03-04T08:00:53.680+0000] {dag.py:3947} INFO - Setting next_dagrun for example_python_operator to None, run_after=None
[2026-03-04T08:00:53.688+0000] {processor.py:183} INFO - Processing /home/airflow/.local/lib/python3.12/site-packages/airflow/example_dags/example_python_operator.py took 0.031 seconds
[2026-03-04T08:01:24.267+0000] {processor.py:161} INFO - Started process (PID=2151) to work on /home/airflow/.local/lib/python3.12/site-packages/airflow/example_dags/example_python_operator.py
[2026-03-04T08:01:24.268+0000] {processor.py:830} INFO - Processing file /home/airflow/.local/lib/python3.12/site-packages/airflow/example_dags/example_python_operator.py for tasks to queue
[2026-03-04T08:01:24.269+0000] {logging_mixin.py:188} INFO - [2026-03-04T08:01:24.268+0000] {dagbag.py:545} INFO - Filling up the DagBag from /home/airflow/.local/lib/python3.12/site-packages/airflow/example_dags/example_python_operator.py
[2026-03-04T08:01:24.273+0000] {processor.py:840} INFO - DAG(s) 'example_python_operator' retrieved from /home/airflow/.local/lib/python3.12/site-packages/airflow/example_dags/example_python_operator.py
[2026-03-04T08:01:24.281+0000] {logging_mixin.py:188} INFO - [2026-03-04T08:01:24.281+0000] {dag.py:3089} INFO - Sync 1 DAGs
[2026-03-04T08:01:24.285+0000] {logging_mixin.py:188} INFO - [2026-03-04T08:01:24.285+0000] {dag.py:3947} INFO - Setting next_dagrun for example_python_operator to None, run_after=None
[2026-03-04T08:01:24.293+0000] {processor.py:183} INFO - Processing /home/airflow/.local/lib/python3.12/site-packages/airflow/example_dags/example_python_operator.py took 0.028 seconds
[2026-03-04T08:01:54.839+0000] {processor.py:161} INFO - Started process (PID=2413) to work on /home/airflow/.local/lib/python3.12/site-packages/airflow/example_dags/example_python_operator.py
[2026-03-04T08:01:54.840+0000] {processor.py:830} INFO - Processing file /home/airflow/.local/lib/python3.12/site-packages/airflow/example_dags/example_python_operator.py for tasks to queue
[2026-03-04T08:01:54.841+0000] {logging_mixin.py:188} INFO - [2026-03-04T08:01:54.841+0000] {dagbag.py:545} INFO - Filling up the DagBag from /home/airflow/.local/lib/python3.12/site-packages/airflow/example_dags/example_python_operator.py
[2026-03-04T08:01:54.847+0000] {processor.py:840} INFO - DAG(s) 'example_python_operator' retrieved from /home/airflow/.local/lib/python3.12/site-packages/airflow/example_dags/example_python_operator.py
[2026-03-04T08:01:54.863+0000] {logging_mixin.py:188} INFO - [2026-03-04T08:01:54.862+0000] {dag.py:3089} INFO - Sync 1 DAGs
[2026-03-04T08:01:54.869+0000] {logging_mixin.py:188} INFO - [2026-03-04T08:01:54.868+0000] {dag.py:3947} INFO - Setting next_dagrun for example_python_operator to None, run_after=None
[2026-03-04T08:01:54.880+0000] {processor.py:183} INFO - Processing /home/airflow/.local/lib/python3.12/site-packages/airflow/example_dags/example_python_operator.py took 0.043 seconds
[2026-03-04T08:02:25.342+0000] {processor.py:161} INFO - Started process (PID=2677) to work on /home/airflow/.local/lib/python3.12/site-packages/airflow/example_dags/example_python_operator.py
[2026-03-04T08:02:25.342+0000] {processor.py:830} INFO - Processing file /home/airflow/.local/lib/python3.12/site-packages/airflow/example_dags/example_python_operator.py for tasks to queue
[2026-03-04T08:02:25.343+0000] {logging_mixin.py:188} INFO - [2026-03-04T08:02:25.343+0000] {dagbag.py:545} INFO - Filling up the DagBag from /home/airflow/.local/lib/python3.12/site-packages/airflow/example_dags/example_python_operator.py
[2026-03-04T08:02:25.347+0000] {processor.py:840} INFO - DAG(s) 'example_python_operator' retrieved from /home/airflow/.local/lib/python3.12/site-packages/airflow/example_dags/example_python_operator.py
[2026-03-04T08:02:25.358+0000] {logging_mixin.py:188} INFO - [2026-03-04T08:02:25.357+0000] {dag.py:3089} INFO - Sync 1 DAGs
[2026-03-04T08:02:25.364+0000] {logging_mixin.py:188} INFO - [2026-03-04T08:02:25.364+0000] {dag.py:3947} INFO - Setting next_dagrun for example_python_operator to None, run_after=None
[2026-03-04T08:02:25.373+0000] {processor.py:183} INFO - Processing /home/airflow/.local/lib/python3.12/site-packages/airflow/example_dags/example_python_operator.py took 0.033 seconds
[2026-03-04T08:02:55.843+0000] {processor.py:161} INFO - Started process (PID=2939) to work on /home/airflow/.local/lib/python3.12/site-packages/airflow/example_dags/example_python_operator.py
[2026-03-04T08:02:55.843+0000] {processor.py:830} INFO - Processing file /home/airflow/.local/lib/python3.12/site-packages/airflow/example_dags/example_python_operator.py for tasks to queue
[2026-03-04T08:02:55.844+0000] {logging_mixin.py:188} INFO - [2026-03-04T08:02:55.844+0000] {dagbag.py:545} INFO - Filling up the DagBag from /home/airflow/.local/lib/python3.12/site-packages/airflow/example_dags/example_python_operator.py
[2026-03-04T08:02:55.847+0000] {processor.py:840} INFO - DAG(s) 'example_python_operator' retrieved from /home/airflow/.local/lib/python3.12/site-packages/airflow/example_dags/example_python_operator.py
[2026-03-04T08:02:55.854+0000] {logging_mixin.py:188} INFO - [2026-03-04T08:02:55.854+0000] {dag.py:3089} INFO - Sync 1 DAGs
[2026-03-04T08:02:55.858+0000] {logging_mixin.py:188} INFO - [2026-03-04T08:02:55.858+0000] {dag.py:3947} INFO - Setting next_dagrun for example_python_operator to None, run_after=None
[2026-03-04T08:02:55.863+0000] {processor.py:183} INFO - Processing /home/airflow/.local/lib/python3.12/site-packages/airflow/example_dags/example_python_operator.py took 0.022 seconds
[2026-03-04T08:03:26.457+0000] {processor.py:161} INFO - Started process (PID=3201) to work on /home/airflow/.local/lib/python3.12/site-packages/airflow/example_dags/example_python_operator.py
[2026-03-04T08:03:26.458+0000] {processor.py:830} INFO - Processing file /home/airflow/.local/lib/python3.12/site-packages/airflow/example_dags/example_python_operator.py for tasks to queue
[2026-03-04T08:03:26.458+0000] {logging_mixin.py:188} INFO - [2026-03-04T08:03:26.458+0000] {dagbag.py:545} INFO - Filling up the DagBag from /home/airflow/.local/lib/python3.12/site-packages/airflow/example_dags/example_python_operator.py
[2026-03-04T08:03:26.462+0000] {processor.py:840} INFO - DAG(s) 'example_python_operator' retrieved from /home/airflow/.local/lib/python3.12/site-packages/airflow/example_dags/example_python_operator.py
[2026-03-04T08:03:26.473+0000] {logging_mixin.py:188} INFO - [2026-03-04T08:03:26.473+0000] {dag.py:3089} INFO - Sync 1 DAGs
[2026-03-04T08:03:26.480+0000] {logging_mixin.py:188} INFO - [2026-03-04T08:03:26.480+0000] {dag.py:3947} INFO - Setting next_dagrun for example_python_operator to None, run_after=None
[2026-03-04T08:03:26.489+0000] {processor.py:183} INFO - Processing /home/airflow/.local/lib/python3.12/site-packages/airflow/example_dags/example_python_operator.py took 0.034 seconds
[2026-03-04T08:03:56.991+0000] {processor.py:161} INFO - Started process (PID=3463) to work on /home/airflow/.local/lib/python3.12/site-packages/airflow/example_dags/example_python_operator.py
[2026-03-04T08:03:56.991+0000] {processor.py:830} INFO - Processing file /home/airflow/.local/lib/python3.12/site-packages/airflow/example_dags/example_python_operator.py for tasks to queue
[2026-03-04T08:03:56.992+0000] {logging_mixin.py:188} INFO - [2026-03-04T08:03:56.992+0000] {dagbag.py:545} INFO - Filling up the DagBag from /home/airflow/.local/lib/python3.12/site-packages/airflow/example_dags/example_python_operator.py
[2026-03-04T08:03:56.995+0000] {processor.py:840} INFO - DAG(s) 'example_python_operator' retrieved from /home/airflow/.local/lib/python3.12/site-packages/airflow/example_dags/example_python_operator.py
[2026-03-04T08:03:57.003+0000] {logging_mixin.py:188} INFO - [2026-03-04T08:03:57.003+0000] {dag.py:3089} INFO - Sync 1 DAGs
[2026-03-04T08:03:57.007+0000] {logging_mixin.py:188} INFO - [2026-03-04T08:03:57.007+0000] {dag.py:3947} INFO - Setting next_dagrun for example_python_operator to None, run_after=None
[2026-03-04T08:03:57.012+0000] {processor.py:183} INFO - Processing /home/airflow/.local/lib/python3.12/site-packages/airflow/example_dags/example_python_operator.py took 0.024 seconds
[2026-03-04T08:04:27.605+0000] {processor.py:161} INFO - Started process (PID=3723) to work on /home/airflow/.local/lib/python3.12/site-packages/airflow/example_dags/example_python_operator.py
[2026-03-04T08:04:27.606+0000] {processor.py:830} INFO - Processing file /home/airflow/.local/lib/python3.12/site-packages/airflow/example_dags/example_python_operator.py for tasks to queue
[2026-03-04T08:04:27.606+0000] {logging_mixin.py:188} INFO - [2026-03-04T08:04:27.606+0000] {dagbag.py:545} INFO - Filling up the DagBag from /home/airflow/.local/lib/python3.12/site-packages/airflow/example_dags/example_python_operator.py
[2026-03-04T08:04:27.611+0000] {processor.py:840} INFO - DAG(s) 'example_python_operator' retrieved from /home/airflow/.local/lib/python3.12/site-packages/airflow/example_dags/example_python_operator.py
[2026-03-04T08:04:27.622+0000] {logging_mixin.py:188} INFO - [2026-03-04T08:04:27.622+0000] {dag.py:3089} INFO - Sync 1 DAGs
[2026-03-04T08:04:27.628+0000] {logging_mixin.py:188} INFO - [2026-03-04T08:04:27.628+0000] {dag.py:3947} INFO - Setting next_dagrun for example_python_operator to None, run_after=None
[2026-03-04T08:04:27.637+0000] {processor.py:183} INFO - Processing /home/airflow/.local/lib/python3.12/site-packages/airflow/example_dags/example_python_operator.py took 0.034 seconds
[2026-03-04T08:04:58.170+0000] {processor.py:161} INFO - Started process (PID=3985) to work on /home/airflow/.local/lib/python3.12/site-packages/airflow/example_dags/example_python_operator.py
[2026-03-04T08:04:58.170+0000] {processor.py:830} INFO - Processing file /home/airflow/.local/lib/python3.12/site-packages/airflow/example_dags/example_python_operator.py for tasks to queue
[2026-03-04T08:04:58.171+0000] {logging_mixin.py:188} INFO - [2026-03-04T08:04:58.171+0000] {dagbag.py:545} INFO - Filling up the DagBag from /home/airflow/.local/lib/python3.12/site-packages/airflow/example_dags/example_python_operator.py
[2026-03-04T08:04:58.176+0000] {processor.py:840} INFO - DAG(s) 'example_python_operator' retrieved from /home/airflow/.local/lib/python3.12/site-packages/airflow/example_dags/example_python_operator.py
[2026-03-04T08:04:58.188+0000] {logging_mixin.py:188} INFO - [2026-03-04T08:04:58.188+0000] {dag.py:3089} INFO - Sync 1 DAGs
[2026-03-04T08:04:58.192+0000] {logging_mixin.py:188} INFO - [2026-03-04T08:04:58.192+0000] {dag.py:3947} INFO - Setting next_dagrun for example_python_operator to None, run_after=None
[2026-03-04T08:04:58.200+0000] {processor.py:183} INFO - Processing /home/airflow/.local/lib/python3.12/site-packages/airflow/example_dags/example_python_operator.py took 0.033 seconds
[2026-03-04T08:05:28.775+0000] {processor.py:161} INFO - Started process (PID=4249) to work on /home/airflow/.local/lib/python3.12/site-packages/airflow/example_dags/example_python_operator.py
[2026-03-04T08:05:28.775+0000] {processor.py:830} INFO - Processing file /home/airflow/.local/lib/python3.12/site-packages/airflow/example_dags/example_python_operator.py for tasks to queue
[2026-03-04T08:05:28.776+0000] {logging_mixin.py:188} INFO - [2026-03-04T08:05:28.776+0000] {dagbag.py:545} INFO - Filling up the DagBag from /home/airflow/.local/lib/python3.12/site-packages/airflow/example_dags/example_python_operator.py
[2026-03-04T08:05:28.781+0000] {processor.py:840} INFO - DAG(s) 'example_python_operator' retrieved from /home/airflow/.local/lib/python3.12/site-packages/airflow/example_dags/example_python_operator.py
[2026-03-04T08:05:28.795+0000] {logging_mixin.py:188} INFO - [2026-03-04T08:05:28.795+0000] {dag.py:3089} INFO - Sync 1 DAGs
[2026-03-04T08:05:28.800+0000] {logging_mixin.py:188} INFO - [2026-03-04T08:05:28.800+0000] {dag.py:3947} INFO - Setting next_dagrun for example_python_operator to None, run_after=None
[2026-03-04T08:05:28.809+0000] {processor.py:183} INFO - Processing /home/airflow/.local/lib/python3.12/site-packages/airflow/example_dags/example_python_operator.py took 0.037 seconds
[2026-03-04T08:05:59.340+0000] {processor.py:161} INFO - Started process (PID=4509) to work on /home/airflow/.local/lib/python3.12/site-packages/airflow/example_dags/example_python_operator.py
[2026-03-04T08:05:59.341+0000] {processor.py:830} INFO - Processing file /home/airflow/.local/lib/python3.12/site-packages/airflow/example_dags/example_python_operator.py for tasks to queue
[2026-03-04T08:05:59.342+0000] {logging_mixin.py:188} INFO - [2026-03-04T08:05:59.342+0000] {dagbag.py:545} INFO - Filling up the DagBag from /home/airflow/.local/lib/python3.12/site-packages/airflow/example_dags/example_python_operator.py
[2026-03-04T08:05:59.347+0000] {processor.py:840} INFO - DAG(s) 'example_python_operator' retrieved from /home/airflow/.local/lib/python3.12/site-packages/airflow/example_dags/example_python_operator.py
[2026-03-04T08:05:59.357+0000] {logging_mixin.py:188} INFO - [2026-03-04T08:05:59.357+0000] {dag.py:3089} INFO - Sync 1 DAGs
[2026-03-04T08:05:59.364+0000] {logging_mixin.py:188} INFO - [2026-03-04T08:05:59.364+0000] {dag.py:3947} INFO - Setting next_dagrun for example_python_operator to None, run_after=None
[2026-03-04T08:05:59.370+0000] {processor.py:183} INFO - Processing /home/airflow/.local/lib/python3.12/site-packages/airflow/example_dags/example_python_operator.py took 0.033 seconds
[2026-03-04T08:06:29.884+0000] {processor.py:161} INFO - Started process (PID=4771) to work on /home/airflow/.local/lib/python3.12/site-packages/airflow/example_dags/example_python_operator.py
[2026-03-04T08:06:29.885+0000] {processor.py:830} INFO - Processing file /home/airflow/.local/lib/python3.12/site-packages/airflow/example_dags/example_python_operator.py for tasks to queue
[2026-03-04T08:06:29.887+0000] {logging_mixin.py:188} INFO - [2026-03-04T08:06:29.887+0000] {dagbag.py:545} INFO - Filling up the DagBag from /home/airflow/.local/lib/python3.12/site-packages/airflow/example_dags/example_python_operator.py
[2026-03-04T08:06:29.890+0000] {processor.py:840} INFO - DAG(s) 'example_python_operator' retrieved from /home/airflow/.local/lib/python3.12/site-packages/airflow/example_dags/example_python_operator.py
[2026-03-04T08:06:29.904+0000] {logging_mixin.py:188} INFO - [2026-03-04T08:06:29.904+0000] {dag.py:3089} INFO - Sync 1 DAGs
[2026-03-04T08:06:29.907+0000] {logging_mixin.py:188} INFO - [2026-03-04T08:06:29.907+0000] {dag.py:3947} INFO - Setting next_dagrun for example_python_operator to None, run_after=None
[2026-03-04T08:06:29.916+0000] {processor.py:183} INFO - Processing /home/airflow/.local/lib/python3.12/site-packages/airflow/example_dags/example_python_operator.py took 0.035 seconds
[2026-03-04T08:07:00.440+0000] {processor.py:161} INFO - Started process (PID=5033) to work on /home/airflow/.local/lib/python3.12/site-packages/airflow/example_dags/example_python_operator.py
[2026-03-04T08:07:00.441+0000] {processor.py:830} INFO - Processing file /home/airflow/.local/lib/python3.12/site-packages/airflow/example_dags/example_python_operator.py for tasks to queue
[2026-03-04T08:07:00.443+0000] {logging_mixin.py:188} INFO - [2026-03-04T08:07:00.442+0000] {dagbag.py:545} INFO - Filling up the DagBag from /home/airflow/.local/lib/python3.12/site-packages/airflow/example_dags/example_python_operator.py
[2026-03-04T08:07:00.447+0000] {processor.py:840} INFO - DAG(s) 'example_python_operator' retrieved from /home/airflow/.local/lib/python3.12/site-packages/airflow/example_dags/example_python_operator.py
[2026-03-04T08:07:00.458+0000] {logging_mixin.py:188} INFO - [2026-03-04T08:07:00.458+0000] {dag.py:3089} INFO - Sync 1 DAGs
[2026-03-04T08:07:00.463+0000] {logging_mixin.py:188} INFO - [2026-03-04T08:07:00.463+0000] {dag.py:3947} INFO - Setting next_dagrun for example_python_operator to None, run_after=None
[2026-03-04T08:07:00.474+0000] {processor.py:183} INFO - Processing /home/airflow/.local/lib/python3.12/site-packages/airflow/example_dags/example_python_operator.py took 0.036 seconds
[2026-03-04T08:07:30.936+0000] {processor.py:161} INFO - Started process (PID=5296) to work on /home/airflow/.local/lib/python3.12/site-packages/airflow/example_dags/example_python_operator.py
[2026-03-04T08:07:30.936+0000] {processor.py:830} INFO - Processing file /home/airflow/.local/lib/python3.12/site-packages/airflow/example_dags/example_python_operator.py for tasks to queue
[2026-03-04T08:07:30.937+0000] {logging_mixin.py:188} INFO - [2026-03-04T08:07:30.937+0000] {dagbag.py:545} INFO - Filling up the DagBag from /home/airflow/.local/lib/python3.12/site-packages/airflow/example_dags/example_python_operator.py
[2026-03-04T08:07:30.941+0000] {processor.py:840} INFO - DAG(s) 'example_python_operator' retrieved from /home/airflow/.local/lib/python3.12/site-packages/airflow/example_dags/example_python_operator.py
[2026-03-04T08:07:30.951+0000] {logging_mixin.py:188} INFO - [2026-03-04T08:07:30.950+0000] {dag.py:3089} INFO - Sync 1 DAGs
[2026-03-04T08:07:30.955+0000] {logging_mixin.py:188} INFO - [2026-03-04T08:07:30.955+0000] {dag.py:3947} INFO - Setting next_dagrun for example_python_operator to None, run_after=None
[2026-03-04T08:07:30.965+0000] {processor.py:183} INFO - Processing /home/airflow/.local/lib/python3.12/site-packages/airflow/example_dags/example_python_operator.py took 0.031 seconds
[2026-03-04T08:08:01.554+0000] {processor.py:161} INFO - Started process (PID=5559) to work on /home/airflow/.local/lib/python3.12/site-packages/airflow/example_dags/example_python_operator.py
[2026-03-04T08:08:01.554+0000] {processor.py:830} INFO - Processing file /home/airflow/.local/lib/python3.12/site-packages/airflow/example_dags/example_python_operator.py for tasks to queue
[2026-03-04T08:08:01.555+0000] {logging_mixin.py:188} INFO - [2026-03-04T08:08:01.555+0000] {dagbag.py:545} INFO - Filling up the DagBag from /home/airflow/.local/lib/python3.12/site-packages/airflow/example_dags/example_python_operator.py
[2026-03-04T08:08:01.558+0000] {processor.py:840} INFO - DAG(s) 'example_python_operator' retrieved from /home/airflow/.local/lib/python3.12/site-packages/airflow/example_dags/example_python_operator.py
[2026-03-04T08:08:01.565+0000] {logging_mixin.py:188} INFO - [2026-03-04T08:08:01.565+0000] {dag.py:3089} INFO - Sync 1 DAGs
[2026-03-04T08:08:01.569+0000] {logging_mixin.py:188} INFO - [2026-03-04T08:08:01.569+0000] {dag.py:3947} INFO - Setting next_dagrun for example_python_operator to None, run_after=None
[2026-03-04T08:08:01.574+0000] {processor.py:183} INFO - Processing /home/airflow/.local/lib/python3.12/site-packages/airflow/example_dags/example_python_operator.py took 0.023 seconds
[2026-03-04T08:08:32.118+0000] {processor.py:161} INFO - Started process (PID=5821) to work on /home/airflow/.local/lib/python3.12/site-packages/airflow/example_dags/example_python_operator.py
[2026-03-04T08:08:32.119+0000] {processor.py:830} INFO - Processing file /home/airflow/.local/lib/python3.12/site-packages/airflow/example_dags/example_python_operator.py for tasks to queue
[2026-03-04T08:08:32.120+0000] {logging_mixin.py:188} INFO - [2026-03-04T08:08:32.119+0000] {dagbag.py:545} INFO - Filling up the DagBag from /home/airflow/.local/lib/python3.12/site-packages/airflow/example_dags/example_python_operator.py
[2026-03-04T08:08:32.123+0000] {processor.py:840} INFO - DAG(s) 'example_python_operator' retrieved from /home/airflow/.local/lib/python3.12/site-packages/airflow/example_dags/example_python_operator.py
[2026-03-04T08:08:32.133+0000] {logging_mixin.py:188} INFO - [2026-03-04T08:08:32.133+0000] {dag.py:3089} INFO - Sync 1 DAGs
[2026-03-04T08:08:32.138+0000] {logging_mixin.py:188} INFO - [2026-03-04T08:08:32.138+0000] {dag.py:3947} INFO - Setting next_dagrun for example_python_operator to None, run_after=None
[2026-03-04T08:08:32.149+0000] {processor.py:183} INFO - Processing /home/airflow/.local/lib/python3.12/site-packages/airflow/example_dags/example_python_operator.py took 0.033 seconds
[2026-03-04T08:09:02.771+0000] {processor.py:161} INFO - Started process (PID=6083) to work on /home/airflow/.local/lib/python3.12/site-packages/airflow/example_dags/example_python_operator.py
[2026-03-04T08:09:02.771+0000] {processor.py:830} INFO - Processing file /home/airflow/.local/lib/python3.12/site-packages/airflow/example_dags/example_python_operator.py for tasks to queue
[2026-03-04T08:09:02.772+0000] {logging_mixin.py:188} INFO - [2026-03-04T08:09:02.772+0000] {dagbag.py:545} INFO - Filling up the DagBag from /home/airflow/.local/lib/python3.12/site-packages/airflow/example_dags/example_python_operator.py
[2026-03-04T08:09:02.776+0000] {processor.py:840} INFO - DAG(s) 'example_python_operator' retrieved from /home/airflow/.local/lib/python3.12/site-packages/airflow/example_dags/example_python_operator.py
[2026-03-04T08:09:02.783+0000] {logging_mixin.py:188} INFO - [2026-03-04T08:09:02.783+0000] {dag.py:3089} INFO - Sync 1 DAGs
[2026-03-04T08:09:02.787+0000] {logging_mixin.py:188} INFO - [2026-03-04T08:09:02.787+0000] {dag.py:3947} INFO - Setting next_dagrun for example_python_operator to None, run_after=None
[2026-03-04T08:09:02.792+0000] {processor.py:183} INFO - Processing /home/airflow/.local/lib/python3.12/site-packages/airflow/example_dags/example_python_operator.py took 0.023 seconds
[2026-03-04T08:09:33.326+0000] {processor.py:161} INFO - Started process (PID=6343) to work on /home/airflow/.local/lib/python3.12/site-packages/airflow/example_dags/example_python_operator.py
[2026-03-04T08:09:33.326+0000] {processor.py:830} INFO - Processing file /home/airflow/.local/lib/python3.12/site-packages/airflow/example_dags/example_python_operator.py for tasks to queue
[2026-03-04T08:09:33.327+0000] {logging_mixin.py:188} INFO - [2026-03-04T08:09:33.327+0000] {dagbag.py:545} INFO - Filling up the DagBag from /home/airflow/.local/lib/python3.12/site-packages/airflow/example_dags/example_python_operator.py
[2026-03-04T08:09:33.333+0000] {processor.py:840} INFO - DAG(s) 'example_python_operator' retrieved from /home/airflow/.local/lib/python3.12/site-packages/airflow/example_dags/example_python_operator.py
[2026-03-04T08:09:33.345+0000] {logging_mixin.py:188} INFO - [2026-03-04T08:09:33.344+0000] {dag.py:3089} INFO - Sync 1 DAGs
[2026-03-04T08:09:33.350+0000] {logging_mixin.py:188} INFO - [2026-03-04T08:09:33.350+0000] {dag.py:3947} INFO - Setting next_dagrun for example_python_operator to None, run_after=None
[2026-03-04T08:09:33.358+0000] {processor.py:183} INFO - Processing /home/airflow/.local/lib/python3.12/site-packages/airflow/example_dags/example_python_operator.py took 0.035 seconds
[2026-03-04T08:10:03.918+0000] {processor.py:161} INFO - Started process (PID=6607) to work on /home/airflow/.local/lib/python3.12/site-packages/airflow/example_dags/example_python_operator.py
[2026-03-04T08:10:03.918+0000] {processor.py:830} INFO - Processing file /home/airflow/.local/lib/python3.12/site-packages/airflow/example_dags/example_python_operator.py for tasks to queue
[2026-03-04T08:10:03.919+0000] {logging_mixin.py:188} INFO - [2026-03-04T08:10:03.919+0000] {dagbag.py:545} INFO - Filling up the DagBag from /home/airflow/.local/lib/python3.12/site-packages/airflow/example_dags/example_python_operator.py
[2026-03-04T08:10:03.922+0000] {processor.py:840} INFO - DAG(s) 'example_python_operator' retrieved from /home/airflow/.local/lib/python3.12/site-packages/airflow/example_dags/example_python_operator.py
[2026-03-04T08:10:03.929+0000] {logging_mixin.py:188} INFO - [2026-03-04T08:10:03.929+0000] {dag.py:3089} INFO - Sync 1 DAGs
[2026-03-04T08:10:03.933+0000] {logging_mixin.py:188} INFO - [2026-03-04T08:10:03.933+0000] {dag.py:3947} INFO - Setting next_dagrun for example_python_operator to None, run_after=None
[2026-03-04T08:10:03.939+0000] {processor.py:183} INFO - Processing /home/airflow/.local/lib/python3.12/site-packages/airflow/example_dags/example_python_operator.py took 0.023 seconds
[2026-03-04T08:10:34.436+0000] {processor.py:161} INFO - Started process (PID=6870) to work on /home/airflow/.local/lib/python3.12/site-packages/airflow/example_dags/example_python_operator.py
[2026-03-04T08:10:34.437+0000] {processor.py:830} INFO - Processing file /home/airflow/.local/lib/python3.12/site-packages/airflow/example_dags/example_python_operator.py for tasks to queue
[2026-03-04T08:10:34.438+0000] {logging_mixin.py:188} INFO - [2026-03-04T08:10:34.437+0000] {dagbag.py:545} INFO - Filling up the DagBag from /home/airflow/.local/lib/python3.12/site-packages/airflow/example_dags/example_python_operator.py
[2026-03-04T08:10:34.442+0000] {processor.py:840} INFO - DAG(s) 'example_python_operator' retrieved from /home/airflow/.local/lib/python3.12/site-packages/airflow/example_dags/example_python_operator.py
[2026-03-04T08:10:34.452+0000] {logging_mixin.py:188} INFO - [2026-03-04T08:10:34.451+0000] {dag.py:3089} INFO - Sync 1 DAGs
[2026-03-04T08:10:34.461+0000] {logging_mixin.py:188} INFO - [2026-03-04T08:10:34.461+0000] {dag.py:3947} INFO - Setting next_dagrun for example_python_operator to None, run_after=None
[2026-03-04T08:10:34.470+0000] {processor.py:183} INFO - Processing /home/airflow/.local/lib/python3.12/site-packages/airflow/example_dags/example_python_operator.py took 0.036 seconds
[2026-03-04T08:11:05.140+0000] {processor.py:161} INFO - Started process (PID=7132) to work on /home/airflow/.local/lib/python3.12/site-packages/airflow/example_dags/example_python_operator.py
[2026-03-04T08:11:05.141+0000] {processor.py:830} INFO - Processing file /home/airflow/.local/lib/python3.12/site-packages/airflow/example_dags/example_python_operator.py for tasks to queue
[2026-03-04T08:11:05.142+0000] {logging_mixin.py:188} INFO - [2026-03-04T08:11:05.141+0000] {dagbag.py:545} INFO - Filling up the DagBag from /home/airflow/.local/lib/python3.12/site-packages/airflow/example_dags/example_python_operator.py
[2026-03-04T08:11:05.146+0000] {processor.py:840} INFO - DAG(s) 'example_python_operator' retrieved from /home/airflow/.local/lib/python3.12/site-packages/airflow/example_dags/example_python_operator.py
[2026-03-04T08:11:05.157+0000] {logging_mixin.py:188} INFO - [2026-03-04T08:11:05.157+0000] {dag.py:3089} INFO - Sync 1 DAGs
[2026-03-04T08:11:05.162+0000] {logging_mixin.py:188} INFO - [2026-03-04T08:11:05.162+0000] {dag.py:3947} INFO - Setting next_dagrun for example_python_operator to None, run_after=None
[2026-03-04T08:11:05.175+0000] {processor.py:183} INFO - Processing /home/airflow/.local/lib/python3.12/site-packages/airflow/example_dags/example_python_operator.py took 0.037 seconds
[2026-03-04T08:11:35.737+0000] {processor.py:161} INFO - Started process (PID=7396) to work on /home/airflow/.local/lib/python3.12/site-packages/airflow/example_dags/example_python_operator.py
[2026-03-04T08:11:35.738+0000] {processor.py:830} INFO - Processing file /home/airflow/.local/lib/python3.12/site-packages/airflow/example_dags/example_python_operator.py for tasks to queue
[2026-03-04T08:11:35.739+0000] {logging_mixin.py:188} INFO - [2026-03-04T08:11:35.738+0000] {dagbag.py:545} INFO - Filling up the DagBag from /home/airflow/.local/lib/python3.12/site-packages/airflow/example_dags/example_python_operator.py
[2026-03-04T08:11:35.742+0000] {processor.py:840} INFO - DAG(s) 'example_python_operator' retrieved from /home/airflow/.local/lib/python3.12/site-packages/airflow/example_dags/example_python_operator.py
[2026-03-04T08:11:35.752+0000] {logging_mixin.py:188} INFO - [2026-03-04T08:11:35.752+0000] {dag.py:3089} INFO - Sync 1 DAGs
[2026-03-04T08:11:35.758+0000] {logging_mixin.py:188} INFO - [2026-03-04T08:11:35.757+0000] {dag.py:3947} INFO - Setting next_dagrun for example_python_operator to None, run_after=None
[2026-03-04T08:11:35.765+0000] {processor.py:183} INFO - Processing /home/airflow/.local/lib/python3.12/site-packages/airflow/example_dags/example_python_operator.py took 0.029 seconds
[2026-03-04T08:12:06.230+0000] {processor.py:161} INFO - Started process (PID=7656) to work on /home/airflow/.local/lib/python3.12/site-packages/airflow/example_dags/example_python_operator.py
[2026-03-04T08:12:06.230+0000] {processor.py:830} INFO - Processing file /home/airflow/.local/lib/python3.12/site-packages/airflow/example_dags/example_python_operator.py for tasks to queue
[2026-03-04T08:12:06.231+0000] {logging_mixin.py:188} INFO - [2026-03-04T08:12:06.231+0000] {dagbag.py:545} INFO - Filling up the DagBag from /home/airflow/.local/lib/python3.12/site-packages/airflow/example_dags/example_python_operator.py
[2026-03-04T08:12:06.235+0000] {processor.py:840} INFO - DAG(s) 'example_python_operator' retrieved from /home/airflow/.local/lib/python3.12/site-packages/airflow/example_dags/example_python_operator.py
[2026-03-04T08:12:06.243+0000] {logging_mixin.py:188} INFO - [2026-03-04T08:12:06.243+0000] {dag.py:3089} INFO - Sync 1 DAGs
[2026-03-04T08:12:06.247+0000] {logging_mixin.py:188} INFO - [2026-03-04T08:12:06.247+0000] {dag.py:3947} INFO - Setting next_dagrun for example_python_operator to None, run_after=None
[2026-03-04T08:12:06.253+0000] {processor.py:183} INFO - Processing /home/airflow/.local/lib/python3.12/site-packages/airflow/example_dags/example_python_operator.py took 0.026 seconds
[2026-03-04T08:12:36.808+0000] {processor.py:161} INFO - Started process (PID=7918) to work on /home/airflow/.local/lib/python3.12/site-packages/airflow/example_dags/example_python_operator.py
[2026-03-04T08:12:36.810+0000] {processor.py:830} INFO - Processing file /home/airflow/.local/lib/python3.12/site-packages/airflow/example_dags/example_python_operator.py for tasks to queue
[2026-03-04T08:12:36.811+0000] {logging_mixin.py:188} INFO - [2026-03-04T08:12:36.811+0000] {dagbag.py:545} INFO - Filling up the DagBag from /home/airflow/.local/lib/python3.12/site-packages/airflow/example_dags/example_python_operator.py
[2026-03-04T08:12:36.817+0000] {processor.py:840} INFO - DAG(s) 'example_python_operator' retrieved from /home/airflow/.local/lib/python3.12/site-packages/airflow/example_dags/example_python_operator.py
[2026-03-04T08:12:36.828+0000] {logging_mixin.py:188} INFO - [2026-03-04T08:12:36.828+0000] {dag.py:3089} INFO - Sync 1 DAGs
[2026-03-04T08:12:36.833+0000] {logging_mixin.py:188} INFO - [2026-03-04T08:12:36.833+0000] {dag.py:3947} INFO - Setting next_dagrun for example_python_operator to None, run_after=None
[2026-03-04T08:12:36.841+0000] {processor.py:183} INFO - Processing /home/airflow/.local/lib/python3.12/site-packages/airflow/example_dags/example_python_operator.py took 0.035 seconds
[2026-03-04T08:13:07.338+0000] {processor.py:161} INFO - Started process (PID=8182) to work on /home/airflow/.local/lib/python3.12/site-packages/airflow/example_dags/example_python_operator.py
[2026-03-04T08:13:07.338+0000] {processor.py:830} INFO - Processing file /home/airflow/.local/lib/python3.12/site-packages/airflow/example_dags/example_python_operator.py for tasks to queue
[2026-03-04T08:13:07.339+0000] {logging_mixin.py:188} INFO - [2026-03-04T08:13:07.339+0000] {dagbag.py:545} INFO - Filling up the DagBag from /home/airflow/.local/lib/python3.12/site-packages/airflow/example_dags/example_python_operator.py
[2026-03-04T08:13:07.344+0000] {processor.py:840} INFO - DAG(s) 'example_python_operator' retrieved from /home/airflow/.local/lib/python3.12/site-packages/airflow/example_dags/example_python_operator.py
[2026-03-04T08:13:07.351+0000] {logging_mixin.py:188} INFO - [2026-03-04T08:13:07.351+0000] {dag.py:3089} INFO - Sync 1 DAGs
[2026-03-04T08:13:07.355+0000] {logging_mixin.py:188} INFO - [2026-03-04T08:13:07.355+0000] {dag.py:3947} INFO - Setting next_dagrun for example_python_operator to None, run_after=None
[2026-03-04T08:13:07.361+0000] {processor.py:183} INFO - Processing /home/airflow/.local/lib/python3.12/site-packages/airflow/example_dags/example_python_operator.py took 0.025 seconds
[2026-03-04T08:13:37.894+0000] {processor.py:161} INFO - Started process (PID=8444) to work on /home/airflow/.local/lib/python3.12/site-packages/airflow/example_dags/example_python_operator.py
[2026-03-04T08:13:37.895+0000] {processor.py:830} INFO - Processing file /home/airflow/.local/lib/python3.12/site-packages/airflow/example_dags/example_python_operator.py for tasks to queue
[2026-03-04T08:13:37.895+0000] {logging_mixin.py:188} INFO - [2026-03-04T08:13:37.895+0000] {dagbag.py:545} INFO - Filling up the DagBag from /home/airflow/.local/lib/python3.12/site-packages/airflow/example_dags/example_python_operator.py
[2026-03-04T08:13:37.899+0000] {processor.py:840} INFO - DAG(s) 'example_python_operator' retrieved from /home/airflow/.local/lib/python3.12/site-packages/airflow/example_dags/example_python_operator.py
[2026-03-04T08:13:37.906+0000] {logging_mixin.py:188} INFO - [2026-03-04T08:13:37.906+0000] {dag.py:3089} INFO - Sync 1 DAGs
[2026-03-04T08:13:37.909+0000] {logging_mixin.py:188} INFO - [2026-03-04T08:13:37.909+0000] {dag.py:3947} INFO - Setting next_dagrun for example_python_operator to None, run_after=None
[2026-03-04T08:13:37.915+0000] {processor.py:183} INFO - Processing /home/airflow/.local/lib/python3.12/site-packages/airflow/example_dags/example_python_operator.py took 0.023 seconds
[2026-03-04T08:14:08.400+0000] {processor.py:161} INFO - Started process (PID=8704) to work on /home/airflow/.local/lib/python3.12/site-packages/airflow/example_dags/example_python_operator.py
[2026-03-04T08:14:08.400+0000] {processor.py:830} INFO - Processing file /home/airflow/.local/lib/python3.12/site-packages/airflow/example_dags/example_python_operator.py for tasks to queue
[2026-03-04T08:14:08.402+0000] {logging_mixin.py:188} INFO - [2026-03-04T08:14:08.402+0000] {dagbag.py:545} INFO - Filling up the DagBag from /home/airflow/.local/lib/python3.12/site-packages/airflow/example_dags/example_python_operator.py
[2026-03-04T08:14:08.407+0000] {processor.py:840} INFO - DAG(s) 'example_python_operator' retrieved from /home/airflow/.local/lib/python3.12/site-packages/airflow/example_dags/example_python_operator.py
[2026-03-04T08:14:08.415+0000] {logging_mixin.py:188} INFO - [2026-03-04T08:14:08.415+0000] {dag.py:3089} INFO - Sync 1 DAGs
[2026-03-04T08:14:08.421+0000] {logging_mixin.py:188} INFO - [2026-03-04T08:14:08.420+0000] {dag.py:3947} INFO - Setting next_dagrun for example_python_operator to None, run_after=None
[2026-03-04T08:14:08.428+0000] {processor.py:183} INFO - Processing /home/airflow/.local/lib/python3.12/site-packages/airflow/example_dags/example_python_operator.py took 0.031 seconds
[2026-03-04T08:14:38.961+0000] {processor.py:161} INFO - Started process (PID=8966) to work on /home/airflow/.local/lib/python3.12/site-packages/airflow/example_dags/example_python_operator.py
[2026-03-04T08:14:38.962+0000] {processor.py:830} INFO - Processing file /home/airflow/.local/lib/python3.12/site-packages/airflow/example_dags/example_python_operator.py for tasks to queue
[2026-03-04T08:14:38.963+0000] {logging_mixin.py:188} INFO - [2026-03-04T08:14:38.963+0000] {dagbag.py:545} INFO - Filling up the DagBag from /home/airflow/.local/lib/python3.12/site-packages/airflow/example_dags/example_python_operator.py
[2026-03-04T08:14:38.969+0000] {processor.py:840} INFO - DAG(s) 'example_python_operator' retrieved from /home/airflow/.local/lib/python3.12/site-packages/airflow/example_dags/example_python_operator.py
[2026-03-04T08:14:38.980+0000] {logging_mixin.py:188} INFO - [2026-03-04T08:14:38.979+0000] {dag.py:3089} INFO - Sync 1 DAGs
[2026-03-04T08:14:38.987+0000] {logging_mixin.py:188} INFO - [2026-03-04T08:14:38.987+0000] {dag.py:3947} INFO - Setting next_dagrun for example_python_operator to None, run_after=None
[2026-03-04T08:14:38.993+0000] {processor.py:183} INFO - Processing /home/airflow/.local/lib/python3.12/site-packages/airflow/example_dags/example_python_operator.py took 0.034 seconds
[2026-03-04T08:15:09.498+0000] {processor.py:161} INFO - Started process (PID=9232) to work on /home/airflow/.local/lib/python3.12/site-packages/airflow/example_dags/example_python_operator.py
[2026-03-04T08:15:09.499+0000] {processor.py:830} INFO - Processing file /home/airflow/.local/lib/python3.12/site-packages/airflow/example_dags/example_python_operator.py for tasks to queue
[2026-03-04T08:15:09.500+0000] {logging_mixin.py:188} INFO - [2026-03-04T08:15:09.500+0000] {dagbag.py:545} INFO - Filling up the DagBag from /home/airflow/.local/lib/python3.12/site-packages/airflow/example_dags/example_python_operator.py
[2026-03-04T08:15:09.506+0000] {processor.py:840} INFO - DAG(s) 'example_python_operator' retrieved from /home/airflow/.local/lib/python3.12/site-packages/airflow/example_dags/example_python_operator.py
[2026-03-04T08:15:09.523+0000] {logging_mixin.py:188} INFO - [2026-03-04T08:15:09.522+0000] {dag.py:3089} INFO - Sync 1 DAGs
[2026-03-04T08:15:09.529+0000] {logging_mixin.py:188} INFO - [2026-03-04T08:15:09.529+0000] {dag.py:3947} INFO - Setting next_dagrun for example_python_operator to None, run_after=None
[2026-03-04T08:15:09.543+0000] {processor.py:183} INFO - Processing /home/airflow/.local/lib/python3.12/site-packages/airflow/example_dags/example_python_operator.py took 0.049 seconds
[2026-03-04T08:15:40.069+0000] {processor.py:161} INFO - Started process (PID=9498) to work on /home/airflow/.local/lib/python3.12/site-packages/airflow/example_dags/example_python_operator.py
[2026-03-04T08:15:40.070+0000] {processor.py:830} INFO - Processing file /home/airflow/.local/lib/python3.12/site-packages/airflow/example_dags/example_python_operator.py for tasks to queue
[2026-03-04T08:15:40.071+0000] {logging_mixin.py:188} INFO - [2026-03-04T08:15:40.071+0000] {dagbag.py:545} INFO - Filling up the DagBag from /home/airflow/.local/lib/python3.12/site-packages/airflow/example_dags/example_python_operator.py
[2026-03-04T08:15:40.076+0000] {processor.py:840} INFO - DAG(s) 'example_python_operator' retrieved from /home/airflow/.local/lib/python3.12/site-packages/airflow/example_dags/example_python_operator.py
[2026-03-04T08:15:40.090+0000] {logging_mixin.py:188} INFO - [2026-03-04T08:15:40.089+0000] {dag.py:3089} INFO - Sync 1 DAGs
[2026-03-04T08:15:40.095+0000] {logging_mixin.py:188} INFO - [2026-03-04T08:15:40.095+0000] {dag.py:3947} INFO - Setting next_dagrun for example_python_operator to None, run_after=None
[2026-03-04T08:15:40.101+0000] {processor.py:183} INFO - Processing /home/airflow/.local/lib/python3.12/site-packages/airflow/example_dags/example_python_operator.py took 0.034 seconds
[2026-03-04T08:16:10.700+0000] {processor.py:161} INFO - Started process (PID=9760) to work on /home/airflow/.local/lib/python3.12/site-packages/airflow/example_dags/example_python_operator.py
[2026-03-04T08:16:10.702+0000] {processor.py:830} INFO - Processing file /home/airflow/.local/lib/python3.12/site-packages/airflow/example_dags/example_python_operator.py for tasks to queue
[2026-03-04T08:16:10.702+0000] {logging_mixin.py:188} INFO - [2026-03-04T08:16:10.702+0000] {dagbag.py:545} INFO - Filling up the DagBag from /home/airflow/.local/lib/python3.12/site-packages/airflow/example_dags/example_python_operator.py
[2026-03-04T08:16:10.706+0000] {processor.py:840} INFO - DAG(s) 'example_python_operator' retrieved from /home/airflow/.local/lib/python3.12/site-packages/airflow/example_dags/example_python_operator.py
[2026-03-04T08:16:10.720+0000] {logging_mixin.py:188} INFO - [2026-03-04T08:16:10.720+0000] {dag.py:3089} INFO - Sync 1 DAGs
[2026-03-04T08:16:10.726+0000] {logging_mixin.py:188} INFO - [2026-03-04T08:16:10.726+0000] {dag.py:3947} INFO - Setting next_dagrun for example_python_operator to None, run_after=None
[2026-03-04T08:16:10.734+0000] {processor.py:183} INFO - Processing /home/airflow/.local/lib/python3.12/site-packages/airflow/example_dags/example_python_operator.py took 0.036 seconds
[2026-03-04T08:16:41.336+0000] {processor.py:161} INFO - Started process (PID=10024) to work on /home/airflow/.local/lib/python3.12/site-packages/airflow/example_dags/example_python_operator.py
[2026-03-04T08:16:41.336+0000] {processor.py:830} INFO - Processing file /home/airflow/.local/lib/python3.12/site-packages/airflow/example_dags/example_python_operator.py for tasks to queue
[2026-03-04T08:16:41.337+0000] {logging_mixin.py:188} INFO - [2026-03-04T08:16:41.337+0000] {dagbag.py:545} INFO - Filling up the DagBag from /home/airflow/.local/lib/python3.12/site-packages/airflow/example_dags/example_python_operator.py
[2026-03-04T08:16:41.341+0000] {processor.py:840} INFO - DAG(s) 'example_python_operator' retrieved from /home/airflow/.local/lib/python3.12/site-packages/airflow/example_dags/example_python_operator.py
[2026-03-04T08:16:41.352+0000] {logging_mixin.py:188} INFO - [2026-03-04T08:16:41.352+0000] {dag.py:3089} INFO - Sync 1 DAGs
[2026-03-04T08:16:41.358+0000] {logging_mixin.py:188} INFO - [2026-03-04T08:16:41.358+0000] {dag.py:3947} INFO - Setting next_dagrun for example_python_operator to None, run_after=None
[2026-03-04T08:16:41.367+0000] {processor.py:183} INFO - Processing /home/airflow/.local/lib/python3.12/site-packages/airflow/example_dags/example_python_operator.py took 0.033 seconds
[2026-03-04T08:17:12.370+0000] {processor.py:161} INFO - Started process (PID=10284) to work on /home/airflow/.local/lib/python3.12/site-packages/airflow/example_dags/example_python_operator.py
[2026-03-04T08:17:12.371+0000] {processor.py:830} INFO - Processing file /home/airflow/.local/lib/python3.12/site-packages/airflow/example_dags/example_python_operator.py for tasks to queue
[2026-03-04T08:17:12.371+0000] {logging_mixin.py:188} INFO - [2026-03-04T08:17:12.371+0000] {dagbag.py:545} INFO - Filling up the DagBag from /home/airflow/.local/lib/python3.12/site-packages/airflow/example_dags/example_python_operator.py
[2026-03-04T08:17:12.375+0000] {processor.py:840} INFO - DAG(s) 'example_python_operator' retrieved from /home/airflow/.local/lib/python3.12/site-packages/airflow/example_dags/example_python_operator.py
[2026-03-04T08:17:12.387+0000] {logging_mixin.py:188} INFO - [2026-03-04T08:17:12.387+0000] {dag.py:3089} INFO - Sync 1 DAGs
[2026-03-04T08:17:12.391+0000] {logging_mixin.py:188} INFO - [2026-03-04T08:17:12.391+0000] {dag.py:3947} INFO - Setting next_dagrun for example_python_operator to None, run_after=None
[2026-03-04T08:17:12.400+0000] {processor.py:183} INFO - Processing /home/airflow/.local/lib/python3.12/site-packages/airflow/example_dags/example_python_operator.py took 0.032 seconds
[2026-03-04T08:17:43.377+0000] {processor.py:161} INFO - Started process (PID=10546) to work on /home/airflow/.local/lib/python3.12/site-packages/airflow/example_dags/example_python_operator.py
[2026-03-04T08:17:43.378+0000] {processor.py:830} INFO - Processing file /home/airflow/.local/lib/python3.12/site-packages/airflow/example_dags/example_python_operator.py for tasks to queue
[2026-03-04T08:17:43.378+0000] {logging_mixin.py:188} INFO - [2026-03-04T08:17:43.378+0000] {dagbag.py:545} INFO - Filling up the DagBag from /home/airflow/.local/lib/python3.12/site-packages/airflow/example_dags/example_python_operator.py
[2026-03-04T08:17:43.382+0000] {processor.py:840} INFO - DAG(s) 'example_python_operator' retrieved from /home/airflow/.local/lib/python3.12/site-packages/airflow/example_dags/example_python_operator.py
[2026-03-04T08:17:43.459+0000] {logging_mixin.py:188} INFO - [2026-03-04T08:17:43.459+0000] {dag.py:3089} INFO - Sync 1 DAGs
[2026-03-04T08:17:43.462+0000] {logging_mixin.py:188} INFO - [2026-03-04T08:17:43.462+0000] {dag.py:3947} INFO - Setting next_dagrun for example_python_operator to None, run_after=None
[2026-03-04T08:17:43.468+0000] {processor.py:183} INFO - Processing /home/airflow/.local/lib/python3.12/site-packages/airflow/example_dags/example_python_operator.py took 0.093 seconds
[2026-03-04T08:18:14.559+0000] {processor.py:161} INFO - Started process (PID=10808) to work on /home/airflow/.local/lib/python3.12/site-packages/airflow/example_dags/example_python_operator.py
[2026-03-04T08:18:14.562+0000] {processor.py:830} INFO - Processing file /home/airflow/.local/lib/python3.12/site-packages/airflow/example_dags/example_python_operator.py for tasks to queue
[2026-03-04T08:18:14.562+0000] {logging_mixin.py:188} INFO - [2026-03-04T08:18:14.562+0000] {dagbag.py:545} INFO - Filling up the DagBag from /home/airflow/.local/lib/python3.12/site-packages/airflow/example_dags/example_python_operator.py
[2026-03-04T08:18:14.566+0000] {processor.py:840} INFO - DAG(s) 'example_python_operator' retrieved from /home/airflow/.local/lib/python3.12/site-packages/airflow/example_dags/example_python_operator.py
[2026-03-04T08:18:14.576+0000] {logging_mixin.py:188} INFO - [2026-03-04T08:18:14.576+0000] {dag.py:3089} INFO - Sync 1 DAGs
[2026-03-04T08:18:14.639+0000] {logging_mixin.py:188} INFO - [2026-03-04T08:18:14.639+0000] {dag.py:3947} INFO - Setting next_dagrun for example_python_operator to None, run_after=None
[2026-03-04T08:18:14.647+0000] {processor.py:183} INFO - Processing /home/airflow/.local/lib/python3.12/site-packages/airflow/example_dags/example_python_operator.py took 0.089 seconds
[2026-03-04T08:18:44.844+0000] {processor.py:161} INFO - Started process (PID=11070) to work on /home/airflow/.local/lib/python3.12/site-packages/airflow/example_dags/example_python_operator.py
[2026-03-04T08:18:44.845+0000] {processor.py:830} INFO - Processing file /home/airflow/.local/lib/python3.12/site-packages/airflow/example_dags/example_python_operator.py for tasks to queue
[2026-03-04T08:18:44.846+0000] {logging_mixin.py:188} INFO - [2026-03-04T08:18:44.846+0000] {dagbag.py:545} INFO - Filling up the DagBag from /home/airflow/.local/lib/python3.12/site-packages/airflow/example_dags/example_python_operator.py
[2026-03-04T08:18:44.849+0000] {processor.py:840} INFO - DAG(s) 'example_python_operator' retrieved from /home/airflow/.local/lib/python3.12/site-packages/airflow/example_dags/example_python_operator.py
[2026-03-04T08:18:44.859+0000] {logging_mixin.py:188} INFO - [2026-03-04T08:18:44.859+0000] {dag.py:3089} INFO - Sync 1 DAGs
[2026-03-04T08:18:44.865+0000] {logging_mixin.py:188} INFO - [2026-03-04T08:18:44.865+0000] {dag.py:3947} INFO - Setting next_dagrun for example_python_operator to None, run_after=None
[2026-03-04T08:18:44.872+0000] {processor.py:183} INFO - Processing /home/airflow/.local/lib/python3.12/site-packages/airflow/example_dags/example_python_operator.py took 0.030 seconds
[2026-03-04T08:19:15.490+0000] {processor.py:161} INFO - Started process (PID=11334) to work on /home/airflow/.local/lib/python3.12/site-packages/airflow/example_dags/example_python_operator.py
[2026-03-04T08:19:15.490+0000] {processor.py:830} INFO - Processing file /home/airflow/.local/lib/python3.12/site-packages/airflow/example_dags/example_python_operator.py for tasks to queue
[2026-03-04T08:19:15.491+0000] {logging_mixin.py:188} INFO - [2026-03-04T08:19:15.491+0000] {dagbag.py:545} INFO - Filling up the DagBag from /home/airflow/.local/lib/python3.12/site-packages/airflow/example_dags/example_python_operator.py
[2026-03-04T08:19:15.495+0000] {processor.py:840} INFO - DAG(s) 'example_python_operator' retrieved from /home/airflow/.local/lib/python3.12/site-packages/airflow/example_dags/example_python_operator.py
[2026-03-04T08:19:15.509+0000] {logging_mixin.py:188} INFO - [2026-03-04T08:19:15.509+0000] {dag.py:3089} INFO - Sync 1 DAGs
[2026-03-04T08:19:15.514+0000] {logging_mixin.py:188} INFO - [2026-03-04T08:19:15.514+0000] {dag.py:3947} INFO - Setting next_dagrun for example_python_operator to None, run_after=None
[2026-03-04T08:19:15.523+0000] {processor.py:183} INFO - Processing /home/airflow/.local/lib/python3.12/site-packages/airflow/example_dags/example_python_operator.py took 0.035 seconds
[2026-03-04T08:19:46.031+0000] {processor.py:161} INFO - Started process (PID=11594) to work on /home/airflow/.local/lib/python3.12/site-packages/airflow/example_dags/example_python_operator.py
[2026-03-04T08:19:46.033+0000] {processor.py:830} INFO - Processing file /home/airflow/.local/lib/python3.12/site-packages/airflow/example_dags/example_python_operator.py for tasks to queue
[2026-03-04T08:19:46.034+0000] {logging_mixin.py:188} INFO - [2026-03-04T08:19:46.034+0000] {dagbag.py:545} INFO - Filling up the DagBag from /home/airflow/.local/lib/python3.12/site-packages/airflow/example_dags/example_python_operator.py
[2026-03-04T08:19:46.038+0000] {processor.py:840} INFO - DAG(s) 'example_python_operator' retrieved from /home/airflow/.local/lib/python3.12/site-packages/airflow/example_dags/example_python_operator.py
[2026-03-04T08:19:46.050+0000] {logging_mixin.py:188} INFO - [2026-03-04T08:19:46.050+0000] {dag.py:3089} INFO - Sync 1 DAGs
[2026-03-04T08:19:46.054+0000] {logging_mixin.py:188} INFO - [2026-03-04T08:19:46.054+0000] {dag.py:3947} INFO - Setting next_dagrun for example_python_operator to None, run_after=None
[2026-03-04T08:19:46.063+0000] {processor.py:183} INFO - Processing /home/airflow/.local/lib/python3.12/site-packages/airflow/example_dags/example_python_operator.py took 0.034 seconds
[2026-03-04T08:20:16.631+0000] {processor.py:161} INFO - Started process (PID=11858) to work on /home/airflow/.local/lib/python3.12/site-packages/airflow/example_dags/example_python_operator.py
[2026-03-04T08:20:16.632+0000] {processor.py:830} INFO - Processing file /home/airflow/.local/lib/python3.12/site-packages/airflow/example_dags/example_python_operator.py for tasks to queue
[2026-03-04T08:20:16.632+0000] {logging_mixin.py:188} INFO - [2026-03-04T08:20:16.632+0000] {dagbag.py:545} INFO - Filling up the DagBag from /home/airflow/.local/lib/python3.12/site-packages/airflow/example_dags/example_python_operator.py
[2026-03-04T08:20:16.636+0000] {processor.py:840} INFO - DAG(s) 'example_python_operator' retrieved from /home/airflow/.local/lib/python3.12/site-packages/airflow/example_dags/example_python_operator.py
[2026-03-04T08:20:16.643+0000] {logging_mixin.py:188} INFO - [2026-03-04T08:20:16.643+0000] {dag.py:3089} INFO - Sync 1 DAGs
[2026-03-04T08:20:16.647+0000] {logging_mixin.py:188} INFO - [2026-03-04T08:20:16.647+0000] {dag.py:3947} INFO - Setting next_dagrun for example_python_operator to None, run_after=None
[2026-03-04T08:20:16.653+0000] {processor.py:183} INFO - Processing /home/airflow/.local/lib/python3.12/site-packages/airflow/example_dags/example_python_operator.py took 0.024 seconds
[2026-03-04T08:37:21.371+0000] {processor.py:161} INFO - Started process (PID=12120) to work on /home/airflow/.local/lib/python3.12/site-packages/airflow/example_dags/example_python_operator.py
[2026-03-04T08:37:21.372+0000] {processor.py:830} INFO - Processing file /home/airflow/.local/lib/python3.12/site-packages/airflow/example_dags/example_python_operator.py for tasks to queue
[2026-03-04T08:37:21.373+0000] {logging_mixin.py:188} INFO - [2026-03-04T08:37:21.373+0000] {dagbag.py:545} INFO - Filling up the DagBag from /home/airflow/.local/lib/python3.12/site-packages/airflow/example_dags/example_python_operator.py
[2026-03-04T08:37:21.382+0000] {processor.py:840} INFO - DAG(s) 'example_python_operator' retrieved from /home/airflow/.local/lib/python3.12/site-packages/airflow/example_dags/example_python_operator.py
[2026-03-04T08:37:21.398+0000] {logging_mixin.py:188} INFO - [2026-03-04T08:37:21.397+0000] {dag.py:3089} INFO - Sync 1 DAGs
[2026-03-04T08:37:21.404+0000] {logging_mixin.py:188} INFO - [2026-03-04T08:37:21.403+0000] {dag.py:3947} INFO - Setting next_dagrun for example_python_operator to None, run_after=None
[2026-03-04T08:37:21.455+0000] {processor.py:183} INFO - Processing /home/airflow/.local/lib/python3.12/site-packages/airflow/example_dags/example_python_operator.py took 0.087 seconds
[2026-03-04T08:46:11.643+0000] {processor.py:161} INFO - Started process (PID=12380) to work on /home/airflow/.local/lib/python3.12/site-packages/airflow/example_dags/example_python_operator.py
[2026-03-04T08:46:11.643+0000] {processor.py:830} INFO - Processing file /home/airflow/.local/lib/python3.12/site-packages/airflow/example_dags/example_python_operator.py for tasks to queue
[2026-03-04T08:46:11.645+0000] {logging_mixin.py:188} INFO - [2026-03-04T08:46:11.645+0000] {dagbag.py:545} INFO - Filling up the DagBag from /home/airflow/.local/lib/python3.12/site-packages/airflow/example_dags/example_python_operator.py
[2026-03-04T08:46:11.649+0000] {processor.py:840} INFO - DAG(s) 'example_python_operator' retrieved from /home/airflow/.local/lib/python3.12/site-packages/airflow/example_dags/example_python_operator.py
[2026-03-04T08:46:11.660+0000] {logging_mixin.py:188} INFO - [2026-03-04T08:46:11.660+0000] {dag.py:3089} INFO - Sync 1 DAGs
[2026-03-04T08:46:11.664+0000] {logging_mixin.py:188} INFO - [2026-03-04T08:46:11.664+0000] {dag.py:3947} INFO - Setting next_dagrun for example_python_operator to None, run_after=None
[2026-03-04T08:46:11.672+0000] {processor.py:183} INFO - Processing /home/airflow/.local/lib/python3.12/site-packages/airflow/example_dags/example_python_operator.py took 0.032 seconds
[2026-03-04T08:46:42.280+0000] {processor.py:161} INFO - Started process (PID=12642) to work on /home/airflow/.local/lib/python3.12/site-packages/airflow/example_dags/example_python_operator.py
[2026-03-04T08:46:42.281+0000] {processor.py:830} INFO - Processing file /home/airflow/.local/lib/python3.12/site-packages/airflow/example_dags/example_python_operator.py for tasks to queue
[2026-03-04T08:46:42.282+0000] {logging_mixin.py:188} INFO - [2026-03-04T08:46:42.282+0000] {dagbag.py:545} INFO - Filling up the DagBag from /home/airflow/.local/lib/python3.12/site-packages/airflow/example_dags/example_python_operator.py
[2026-03-04T08:46:42.286+0000] {processor.py:840} INFO - DAG(s) 'example_python_operator' retrieved from /home/airflow/.local/lib/python3.12/site-packages/airflow/example_dags/example_python_operator.py
[2026-03-04T08:46:42.294+0000] {logging_mixin.py:188} INFO - [2026-03-04T08:46:42.294+0000] {dag.py:3089} INFO - Sync 1 DAGs
[2026-03-04T08:46:42.299+0000] {logging_mixin.py:188} INFO - [2026-03-04T08:46:42.299+0000] {dag.py:3947} INFO - Setting next_dagrun for example_python_operator to None, run_after=None
[2026-03-04T08:46:42.304+0000] {processor.py:183} INFO - Processing /home/airflow/.local/lib/python3.12/site-packages/airflow/example_dags/example_python_operator.py took 0.027 seconds
[2026-03-04T08:47:12.804+0000] {processor.py:161} INFO - Started process (PID=12904) to work on /home/airflow/.local/lib/python3.12/site-packages/airflow/example_dags/example_python_operator.py
[2026-03-04T08:47:12.806+0000] {processor.py:830} INFO - Processing file /home/airflow/.local/lib/python3.12/site-packages/airflow/example_dags/example_python_operator.py for tasks to queue
[2026-03-04T08:47:12.807+0000] {logging_mixin.py:188} INFO - [2026-03-04T08:47:12.807+0000] {dagbag.py:545} INFO - Filling up the DagBag from /home/airflow/.local/lib/python3.12/site-packages/airflow/example_dags/example_python_operator.py
[2026-03-04T08:47:12.811+0000] {processor.py:840} INFO - DAG(s) 'example_python_operator' retrieved from /home/airflow/.local/lib/python3.12/site-packages/airflow/example_dags/example_python_operator.py
[2026-03-04T08:47:12.820+0000] {logging_mixin.py:188} INFO - [2026-03-04T08:47:12.820+0000] {dag.py:3089} INFO - Sync 1 DAGs
[2026-03-04T08:47:12.824+0000] {logging_mixin.py:188} INFO - [2026-03-04T08:47:12.824+0000] {dag.py:3947} INFO - Setting next_dagrun for example_python_operator to None, run_after=None
[2026-03-04T08:47:12.830+0000] {processor.py:183} INFO - Processing /home/airflow/.local/lib/python3.12/site-packages/airflow/example_dags/example_python_operator.py took 0.029 seconds
[2026-03-04T08:47:43.329+0000] {processor.py:161} INFO - Started process (PID=13166) to work on /home/airflow/.local/lib/python3.12/site-packages/airflow/example_dags/example_python_operator.py
[2026-03-04T08:47:43.329+0000] {processor.py:830} INFO - Processing file /home/airflow/.local/lib/python3.12/site-packages/airflow/example_dags/example_python_operator.py for tasks to queue
[2026-03-04T08:47:43.330+0000] {logging_mixin.py:188} INFO - [2026-03-04T08:47:43.330+0000] {dagbag.py:545} INFO - Filling up the DagBag from /home/airflow/.local/lib/python3.12/site-packages/airflow/example_dags/example_python_operator.py
[2026-03-04T08:47:43.335+0000] {processor.py:840} INFO - DAG(s) 'example_python_operator' retrieved from /home/airflow/.local/lib/python3.12/site-packages/airflow/example_dags/example_python_operator.py
[2026-03-04T08:47:43.345+0000] {logging_mixin.py:188} INFO - [2026-03-04T08:47:43.345+0000] {dag.py:3089} INFO - Sync 1 DAGs
[2026-03-04T08:47:43.350+0000] {logging_mixin.py:188} INFO - [2026-03-04T08:47:43.350+0000] {dag.py:3947} INFO - Setting next_dagrun for example_python_operator to None, run_after=None
[2026-03-04T08:47:43.363+0000] {processor.py:183} INFO - Processing /home/airflow/.local/lib/python3.12/site-packages/airflow/example_dags/example_python_operator.py took 0.037 seconds
[2026-03-04T08:48:13.828+0000] {processor.py:161} INFO - Started process (PID=13430) to work on /home/airflow/.local/lib/python3.12/site-packages/airflow/example_dags/example_python_operator.py
[2026-03-04T08:48:13.829+0000] {processor.py:830} INFO - Processing file /home/airflow/.local/lib/python3.12/site-packages/airflow/example_dags/example_python_operator.py for tasks to queue
[2026-03-04T08:48:13.830+0000] {logging_mixin.py:188} INFO - [2026-03-04T08:48:13.830+0000] {dagbag.py:545} INFO - Filling up the DagBag from /home/airflow/.local/lib/python3.12/site-packages/airflow/example_dags/example_python_operator.py
[2026-03-04T08:48:13.834+0000] {processor.py:840} INFO - DAG(s) 'example_python_operator' retrieved from /home/airflow/.local/lib/python3.12/site-packages/airflow/example_dags/example_python_operator.py
[2026-03-04T08:48:13.843+0000] {logging_mixin.py:188} INFO - [2026-03-04T08:48:13.843+0000] {dag.py:3089} INFO - Sync 1 DAGs
[2026-03-04T08:48:13.849+0000] {logging_mixin.py:188} INFO - [2026-03-04T08:48:13.849+0000] {dag.py:3947} INFO - Setting next_dagrun for example_python_operator to None, run_after=None
[2026-03-04T08:48:13.858+0000] {processor.py:183} INFO - Processing /home/airflow/.local/lib/python3.12/site-packages/airflow/example_dags/example_python_operator.py took 0.032 seconds
[2026-03-04T08:48:44.418+0000] {processor.py:161} INFO - Started process (PID=13692) to work on /home/airflow/.local/lib/python3.12/site-packages/airflow/example_dags/example_python_operator.py
[2026-03-04T08:48:44.419+0000] {processor.py:830} INFO - Processing file /home/airflow/.local/lib/python3.12/site-packages/airflow/example_dags/example_python_operator.py for tasks to queue
[2026-03-04T08:48:44.419+0000] {logging_mixin.py:188} INFO - [2026-03-04T08:48:44.419+0000] {dagbag.py:545} INFO - Filling up the DagBag from /home/airflow/.local/lib/python3.12/site-packages/airflow/example_dags/example_python_operator.py
[2026-03-04T08:48:44.423+0000] {processor.py:840} INFO - DAG(s) 'example_python_operator' retrieved from /home/airflow/.local/lib/python3.12/site-packages/airflow/example_dags/example_python_operator.py
[2026-03-04T08:48:44.434+0000] {logging_mixin.py:188} INFO - [2026-03-04T08:48:44.434+0000] {dag.py:3089} INFO - Sync 1 DAGs
[2026-03-04T08:48:44.440+0000] {logging_mixin.py:188} INFO - [2026-03-04T08:48:44.440+0000] {dag.py:3947} INFO - Setting next_dagrun for example_python_operator to None, run_after=None
[2026-03-04T08:48:44.452+0000] {processor.py:183} INFO - Processing /home/airflow/.local/lib/python3.12/site-packages/airflow/example_dags/example_python_operator.py took 0.036 seconds
[2026-03-04T08:49:15.001+0000] {processor.py:161} INFO - Started process (PID=13954) to work on /home/airflow/.local/lib/python3.12/site-packages/airflow/example_dags/example_python_operator.py
[2026-03-04T08:49:15.001+0000] {processor.py:830} INFO - Processing file /home/airflow/.local/lib/python3.12/site-packages/airflow/example_dags/example_python_operator.py for tasks to queue
[2026-03-04T08:49:15.002+0000] {logging_mixin.py:188} INFO - [2026-03-04T08:49:15.002+0000] {dagbag.py:545} INFO - Filling up the DagBag from /home/airflow/.local/lib/python3.12/site-packages/airflow/example_dags/example_python_operator.py
[2026-03-04T08:49:15.006+0000] {processor.py:840} INFO - DAG(s) 'example_python_operator' retrieved from /home/airflow/.local/lib/python3.12/site-packages/airflow/example_dags/example_python_operator.py
[2026-03-04T08:49:15.013+0000] {logging_mixin.py:188} INFO - [2026-03-04T08:49:15.013+0000] {dag.py:3089} INFO - Sync 1 DAGs
[2026-03-04T08:49:15.017+0000] {logging_mixin.py:188} INFO - [2026-03-04T08:49:15.017+0000] {dag.py:3947} INFO - Setting next_dagrun for example_python_operator to None, run_after=None
[2026-03-04T08:49:15.022+0000] {processor.py:183} INFO - Processing /home/airflow/.local/lib/python3.12/site-packages/airflow/example_dags/example_python_operator.py took 0.024 seconds
[2026-03-04T08:49:45.560+0000] {processor.py:161} INFO - Started process (PID=14214) to work on /home/airflow/.local/lib/python3.12/site-packages/airflow/example_dags/example_python_operator.py
[2026-03-04T08:49:45.561+0000] {processor.py:830} INFO - Processing file /home/airflow/.local/lib/python3.12/site-packages/airflow/example_dags/example_python_operator.py for tasks to queue
[2026-03-04T08:49:45.562+0000] {logging_mixin.py:188} INFO - [2026-03-04T08:49:45.562+0000] {dagbag.py:545} INFO - Filling up the DagBag from /home/airflow/.local/lib/python3.12/site-packages/airflow/example_dags/example_python_operator.py
[2026-03-04T08:49:45.566+0000] {processor.py:840} INFO - DAG(s) 'example_python_operator' retrieved from /home/airflow/.local/lib/python3.12/site-packages/airflow/example_dags/example_python_operator.py
[2026-03-04T08:49:45.577+0000] {logging_mixin.py:188} INFO - [2026-03-04T08:49:45.577+0000] {dag.py:3089} INFO - Sync 1 DAGs
[2026-03-04T08:49:45.582+0000] {logging_mixin.py:188} INFO - [2026-03-04T08:49:45.581+0000] {dag.py:3947} INFO - Setting next_dagrun for example_python_operator to None, run_after=None
[2026-03-04T08:49:45.593+0000] {processor.py:183} INFO - Processing /home/airflow/.local/lib/python3.12/site-packages/airflow/example_dags/example_python_operator.py took 0.035 seconds
[2026-03-04T08:50:16.092+0000] {processor.py:161} INFO - Started process (PID=14478) to work on /home/airflow/.local/lib/python3.12/site-packages/airflow/example_dags/example_python_operator.py
[2026-03-04T08:50:16.093+0000] {processor.py:830} INFO - Processing file /home/airflow/.local/lib/python3.12/site-packages/airflow/example_dags/example_python_operator.py for tasks to queue
[2026-03-04T08:50:16.093+0000] {logging_mixin.py:188} INFO - [2026-03-04T08:50:16.093+0000] {dagbag.py:545} INFO - Filling up the DagBag from /home/airflow/.local/lib/python3.12/site-packages/airflow/example_dags/example_python_operator.py
[2026-03-04T08:50:16.098+0000] {processor.py:840} INFO - DAG(s) 'example_python_operator' retrieved from /home/airflow/.local/lib/python3.12/site-packages/airflow/example_dags/example_python_operator.py
[2026-03-04T08:50:16.106+0000] {logging_mixin.py:188} INFO - [2026-03-04T08:50:16.106+0000] {dag.py:3089} INFO - Sync 1 DAGs
[2026-03-04T08:50:16.111+0000] {logging_mixin.py:188} INFO - [2026-03-04T08:50:16.111+0000] {dag.py:3947} INFO - Setting next_dagrun for example_python_operator to None, run_after=None
[2026-03-04T08:50:16.123+0000] {processor.py:183} INFO - Processing /home/airflow/.local/lib/python3.12/site-packages/airflow/example_dags/example_python_operator.py took 0.033 seconds
[2026-03-04T08:50:46.685+0000] {processor.py:161} INFO - Started process (PID=14738) to work on /home/airflow/.local/lib/python3.12/site-packages/airflow/example_dags/example_python_operator.py
[2026-03-04T08:50:46.686+0000] {processor.py:830} INFO - Processing file /home/airflow/.local/lib/python3.12/site-packages/airflow/example_dags/example_python_operator.py for tasks to queue
[2026-03-04T08:50:46.686+0000] {logging_mixin.py:188} INFO - [2026-03-04T08:50:46.686+0000] {dagbag.py:545} INFO - Filling up the DagBag from /home/airflow/.local/lib/python3.12/site-packages/airflow/example_dags/example_python_operator.py
[2026-03-04T08:50:46.690+0000] {processor.py:840} INFO - DAG(s) 'example_python_operator' retrieved from /home/airflow/.local/lib/python3.12/site-packages/airflow/example_dags/example_python_operator.py
[2026-03-04T08:50:46.700+0000] {logging_mixin.py:188} INFO - [2026-03-04T08:50:46.699+0000] {dag.py:3089} INFO - Sync 1 DAGs
[2026-03-04T08:50:46.703+0000] {logging_mixin.py:188} INFO - [2026-03-04T08:50:46.703+0000] {dag.py:3947} INFO - Setting next_dagrun for example_python_operator to None, run_after=None
[2026-03-04T08:50:46.718+0000] {processor.py:183} INFO - Processing /home/airflow/.local/lib/python3.12/site-packages/airflow/example_dags/example_python_operator.py took 0.035 seconds
