[2026-03-04T07:57:50.428+0000] {processor.py:161} INFO - Started process (PID=312) to work on /home/airflow/.local/lib/python3.12/site-packages/airflow/example_dags/example_display_name.py
[2026-03-04T07:57:50.429+0000] {processor.py:830} INFO - Processing file /home/airflow/.local/lib/python3.12/site-packages/airflow/example_dags/example_display_name.py for tasks to queue
[2026-03-04T07:57:50.430+0000] {logging_mixin.py:188} INFO - [2026-03-04T07:57:50.430+0000] {dagbag.py:545} INFO - Filling up the DagBag from /home/airflow/.local/lib/python3.12/site-packages/airflow/example_dags/example_display_name.py
[2026-03-04T07:57:50.434+0000] {processor.py:840} INFO - DAG(s) 'example_display_name' retrieved from /home/airflow/.local/lib/python3.12/site-packages/airflow/example_dags/example_display_name.py
[2026-03-04T07:57:50.490+0000] {logging_mixin.py:188} INFO - [2026-03-04T07:57:50.490+0000] {override.py:1858} INFO - Created Permission View: can delete on DAG:example_display_name
[2026-03-04T07:57:50.495+0000] {logging_mixin.py:188} INFO - [2026-03-04T07:57:50.495+0000] {override.py:1858} INFO - Created Permission View: can read on DAG:example_display_name
[2026-03-04T07:57:50.498+0000] {logging_mixin.py:188} INFO - [2026-03-04T07:57:50.498+0000] {override.py:1858} INFO - Created Permission View: can edit on DAG:example_display_name
[2026-03-04T07:57:50.498+0000] {logging_mixin.py:188} INFO - [2026-03-04T07:57:50.498+0000] {dag.py:3089} INFO - Sync 1 DAGs
[2026-03-04T07:57:50.504+0000] {logging_mixin.py:188} INFO - [2026-03-04T07:57:50.504+0000] {dag.py:3111} INFO - Creating ORM DAG for example_display_name
[2026-03-04T07:57:50.504+0000] {logging_mixin.py:188} INFO - [2026-03-04T07:57:50.504+0000] {dag.py:3947} INFO - Setting next_dagrun for example_display_name to None, run_after=None
[2026-03-04T07:57:50.510+0000] {processor.py:183} INFO - Processing /home/airflow/.local/lib/python3.12/site-packages/airflow/example_dags/example_display_name.py took 0.084 seconds
[2026-03-04T07:58:20.633+0000] {processor.py:161} INFO - Started process (PID=574) to work on /home/airflow/.local/lib/python3.12/site-packages/airflow/example_dags/example_display_name.py
[2026-03-04T07:58:20.634+0000] {processor.py:830} INFO - Processing file /home/airflow/.local/lib/python3.12/site-packages/airflow/example_dags/example_display_name.py for tasks to queue
[2026-03-04T07:58:20.634+0000] {logging_mixin.py:188} INFO - [2026-03-04T07:58:20.634+0000] {dagbag.py:545} INFO - Filling up the DagBag from /home/airflow/.local/lib/python3.12/site-packages/airflow/example_dags/example_display_name.py
[2026-03-04T07:58:20.637+0000] {processor.py:840} INFO - DAG(s) 'example_display_name' retrieved from /home/airflow/.local/lib/python3.12/site-packages/airflow/example_dags/example_display_name.py
[2026-03-04T07:58:20.647+0000] {logging_mixin.py:188} INFO - [2026-03-04T07:58:20.647+0000] {dag.py:3089} INFO - Sync 1 DAGs
[2026-03-04T07:58:20.651+0000] {logging_mixin.py:188} INFO - [2026-03-04T07:58:20.651+0000] {dag.py:3947} INFO - Setting next_dagrun for example_display_name to None, run_after=None
[2026-03-04T07:58:20.660+0000] {processor.py:183} INFO - Processing /home/airflow/.local/lib/python3.12/site-packages/airflow/example_dags/example_display_name.py took 0.029 seconds
[2026-03-04T07:58:51.188+0000] {processor.py:161} INFO - Started process (PID=836) to work on /home/airflow/.local/lib/python3.12/site-packages/airflow/example_dags/example_display_name.py
[2026-03-04T07:58:51.188+0000] {processor.py:830} INFO - Processing file /home/airflow/.local/lib/python3.12/site-packages/airflow/example_dags/example_display_name.py for tasks to queue
[2026-03-04T07:58:51.189+0000] {logging_mixin.py:188} INFO - [2026-03-04T07:58:51.189+0000] {dagbag.py:545} INFO - Filling up the DagBag from /home/airflow/.local/lib/python3.12/site-packages/airflow/example_dags/example_display_name.py
[2026-03-04T07:58:51.191+0000] {processor.py:840} INFO - DAG(s) 'example_display_name' retrieved from /home/airflow/.local/lib/python3.12/site-packages/airflow/example_dags/example_display_name.py
[2026-03-04T07:58:51.201+0000] {logging_mixin.py:188} INFO - [2026-03-04T07:58:51.201+0000] {dag.py:3089} INFO - Sync 1 DAGs
[2026-03-04T07:58:51.206+0000] {logging_mixin.py:188} INFO - [2026-03-04T07:58:51.206+0000] {dag.py:3947} INFO - Setting next_dagrun for example_display_name to None, run_after=None
[2026-03-04T07:58:51.217+0000] {processor.py:183} INFO - Processing /home/airflow/.local/lib/python3.12/site-packages/airflow/example_dags/example_display_name.py took 0.031 seconds
[2026-03-04T07:59:21.679+0000] {processor.py:161} INFO - Started process (PID=1098) to work on /home/airflow/.local/lib/python3.12/site-packages/airflow/example_dags/example_display_name.py
[2026-03-04T07:59:21.679+0000] {processor.py:830} INFO - Processing file /home/airflow/.local/lib/python3.12/site-packages/airflow/example_dags/example_display_name.py for tasks to queue
[2026-03-04T07:59:21.681+0000] {logging_mixin.py:188} INFO - [2026-03-04T07:59:21.681+0000] {dagbag.py:545} INFO - Filling up the DagBag from /home/airflow/.local/lib/python3.12/site-packages/airflow/example_dags/example_display_name.py
[2026-03-04T07:59:21.682+0000] {processor.py:840} INFO - DAG(s) 'example_display_name' retrieved from /home/airflow/.local/lib/python3.12/site-packages/airflow/example_dags/example_display_name.py
[2026-03-04T07:59:21.694+0000] {logging_mixin.py:188} INFO - [2026-03-04T07:59:21.694+0000] {dag.py:3089} INFO - Sync 1 DAGs
[2026-03-04T07:59:21.699+0000] {logging_mixin.py:188} INFO - [2026-03-04T07:59:21.699+0000] {dag.py:3947} INFO - Setting next_dagrun for example_display_name to None, run_after=None
[2026-03-04T07:59:21.709+0000] {processor.py:183} INFO - Processing /home/airflow/.local/lib/python3.12/site-packages/airflow/example_dags/example_display_name.py took 0.032 seconds
[2026-03-04T07:59:52.381+0000] {processor.py:161} INFO - Started process (PID=1360) to work on /home/airflow/.local/lib/python3.12/site-packages/airflow/example_dags/example_display_name.py
[2026-03-04T07:59:52.382+0000] {processor.py:830} INFO - Processing file /home/airflow/.local/lib/python3.12/site-packages/airflow/example_dags/example_display_name.py for tasks to queue
[2026-03-04T07:59:52.383+0000] {logging_mixin.py:188} INFO - [2026-03-04T07:59:52.382+0000] {dagbag.py:545} INFO - Filling up the DagBag from /home/airflow/.local/lib/python3.12/site-packages/airflow/example_dags/example_display_name.py
[2026-03-04T07:59:52.387+0000] {processor.py:840} INFO - DAG(s) 'example_display_name' retrieved from /home/airflow/.local/lib/python3.12/site-packages/airflow/example_dags/example_display_name.py
[2026-03-04T07:59:52.397+0000] {logging_mixin.py:188} INFO - [2026-03-04T07:59:52.397+0000] {dag.py:3089} INFO - Sync 1 DAGs
[2026-03-04T07:59:52.403+0000] {logging_mixin.py:188} INFO - [2026-03-04T07:59:52.403+0000] {dag.py:3947} INFO - Setting next_dagrun for example_display_name to None, run_after=None
[2026-03-04T07:59:52.413+0000] {processor.py:183} INFO - Processing /home/airflow/.local/lib/python3.12/site-packages/airflow/example_dags/example_display_name.py took 0.035 seconds
[2026-03-04T08:00:23.024+0000] {processor.py:161} INFO - Started process (PID=1622) to work on /home/airflow/.local/lib/python3.12/site-packages/airflow/example_dags/example_display_name.py
[2026-03-04T08:00:23.024+0000] {processor.py:830} INFO - Processing file /home/airflow/.local/lib/python3.12/site-packages/airflow/example_dags/example_display_name.py for tasks to queue
[2026-03-04T08:00:23.025+0000] {logging_mixin.py:188} INFO - [2026-03-04T08:00:23.025+0000] {dagbag.py:545} INFO - Filling up the DagBag from /home/airflow/.local/lib/python3.12/site-packages/airflow/example_dags/example_display_name.py
[2026-03-04T08:00:23.027+0000] {processor.py:840} INFO - DAG(s) 'example_display_name' retrieved from /home/airflow/.local/lib/python3.12/site-packages/airflow/example_dags/example_display_name.py
[2026-03-04T08:00:23.036+0000] {logging_mixin.py:188} INFO - [2026-03-04T08:00:23.036+0000] {dag.py:3089} INFO - Sync 1 DAGs
[2026-03-04T08:00:23.041+0000] {logging_mixin.py:188} INFO - [2026-03-04T08:00:23.041+0000] {dag.py:3947} INFO - Setting next_dagrun for example_display_name to None, run_after=None
[2026-03-04T08:00:23.051+0000] {processor.py:183} INFO - Processing /home/airflow/.local/lib/python3.12/site-packages/airflow/example_dags/example_display_name.py took 0.030 seconds
[2026-03-04T08:00:53.619+0000] {processor.py:161} INFO - Started process (PID=1884) to work on /home/airflow/.local/lib/python3.12/site-packages/airflow/example_dags/example_display_name.py
[2026-03-04T08:00:53.620+0000] {processor.py:830} INFO - Processing file /home/airflow/.local/lib/python3.12/site-packages/airflow/example_dags/example_display_name.py for tasks to queue
[2026-03-04T08:00:53.623+0000] {logging_mixin.py:188} INFO - [2026-03-04T08:00:53.623+0000] {dagbag.py:545} INFO - Filling up the DagBag from /home/airflow/.local/lib/python3.12/site-packages/airflow/example_dags/example_display_name.py
[2026-03-04T08:00:53.624+0000] {processor.py:840} INFO - DAG(s) 'example_display_name' retrieved from /home/airflow/.local/lib/python3.12/site-packages/airflow/example_dags/example_display_name.py
[2026-03-04T08:00:53.632+0000] {logging_mixin.py:188} INFO - [2026-03-04T08:00:53.632+0000] {dag.py:3089} INFO - Sync 1 DAGs
[2026-03-04T08:00:53.639+0000] {logging_mixin.py:188} INFO - [2026-03-04T08:00:53.639+0000] {dag.py:3947} INFO - Setting next_dagrun for example_display_name to None, run_after=None
[2026-03-04T08:00:53.648+0000] {processor.py:183} INFO - Processing /home/airflow/.local/lib/python3.12/site-packages/airflow/example_dags/example_display_name.py took 0.032 seconds
[2026-03-04T08:01:24.242+0000] {processor.py:161} INFO - Started process (PID=2146) to work on /home/airflow/.local/lib/python3.12/site-packages/airflow/example_dags/example_display_name.py
[2026-03-04T08:01:24.243+0000] {processor.py:830} INFO - Processing file /home/airflow/.local/lib/python3.12/site-packages/airflow/example_dags/example_display_name.py for tasks to queue
[2026-03-04T08:01:24.244+0000] {logging_mixin.py:188} INFO - [2026-03-04T08:01:24.243+0000] {dagbag.py:545} INFO - Filling up the DagBag from /home/airflow/.local/lib/python3.12/site-packages/airflow/example_dags/example_display_name.py
[2026-03-04T08:01:24.246+0000] {processor.py:840} INFO - DAG(s) 'example_display_name' retrieved from /home/airflow/.local/lib/python3.12/site-packages/airflow/example_dags/example_display_name.py
[2026-03-04T08:01:24.253+0000] {logging_mixin.py:188} INFO - [2026-03-04T08:01:24.253+0000] {dag.py:3089} INFO - Sync 1 DAGs
[2026-03-04T08:01:24.260+0000] {logging_mixin.py:188} INFO - [2026-03-04T08:01:24.260+0000] {dag.py:3947} INFO - Setting next_dagrun for example_display_name to None, run_after=None
[2026-03-04T08:01:24.265+0000] {processor.py:183} INFO - Processing /home/airflow/.local/lib/python3.12/site-packages/airflow/example_dags/example_display_name.py took 0.026 seconds
[2026-03-04T08:01:54.834+0000] {processor.py:161} INFO - Started process (PID=2410) to work on /home/airflow/.local/lib/python3.12/site-packages/airflow/example_dags/example_display_name.py
[2026-03-04T08:01:54.835+0000] {processor.py:830} INFO - Processing file /home/airflow/.local/lib/python3.12/site-packages/airflow/example_dags/example_display_name.py for tasks to queue
[2026-03-04T08:01:54.835+0000] {logging_mixin.py:188} INFO - [2026-03-04T08:01:54.835+0000] {dagbag.py:545} INFO - Filling up the DagBag from /home/airflow/.local/lib/python3.12/site-packages/airflow/example_dags/example_display_name.py
[2026-03-04T08:01:54.837+0000] {processor.py:840} INFO - DAG(s) 'example_display_name' retrieved from /home/airflow/.local/lib/python3.12/site-packages/airflow/example_dags/example_display_name.py
[2026-03-04T08:01:54.854+0000] {logging_mixin.py:188} INFO - [2026-03-04T08:01:54.854+0000] {dag.py:3089} INFO - Sync 1 DAGs
[2026-03-04T08:01:54.861+0000] {logging_mixin.py:188} INFO - [2026-03-04T08:01:54.861+0000] {dag.py:3947} INFO - Setting next_dagrun for example_display_name to None, run_after=None
[2026-03-04T08:01:54.872+0000] {processor.py:183} INFO - Processing /home/airflow/.local/lib/python3.12/site-packages/airflow/example_dags/example_display_name.py took 0.040 seconds
[2026-03-04T08:02:25.311+0000] {processor.py:161} INFO - Started process (PID=2670) to work on /home/airflow/.local/lib/python3.12/site-packages/airflow/example_dags/example_display_name.py
[2026-03-04T08:02:25.313+0000] {processor.py:830} INFO - Processing file /home/airflow/.local/lib/python3.12/site-packages/airflow/example_dags/example_display_name.py for tasks to queue
[2026-03-04T08:02:25.314+0000] {logging_mixin.py:188} INFO - [2026-03-04T08:02:25.314+0000] {dagbag.py:545} INFO - Filling up the DagBag from /home/airflow/.local/lib/python3.12/site-packages/airflow/example_dags/example_display_name.py
[2026-03-04T08:02:25.317+0000] {processor.py:840} INFO - DAG(s) 'example_display_name' retrieved from /home/airflow/.local/lib/python3.12/site-packages/airflow/example_dags/example_display_name.py
[2026-03-04T08:02:25.323+0000] {logging_mixin.py:188} INFO - [2026-03-04T08:02:25.323+0000] {dag.py:3089} INFO - Sync 1 DAGs
[2026-03-04T08:02:25.327+0000] {logging_mixin.py:188} INFO - [2026-03-04T08:02:25.327+0000] {dag.py:3947} INFO - Setting next_dagrun for example_display_name to None, run_after=None
[2026-03-04T08:02:25.336+0000] {processor.py:183} INFO - Processing /home/airflow/.local/lib/python3.12/site-packages/airflow/example_dags/example_display_name.py took 0.027 seconds
[2026-03-04T08:02:55.810+0000] {processor.py:161} INFO - Started process (PID=2932) to work on /home/airflow/.local/lib/python3.12/site-packages/airflow/example_dags/example_display_name.py
[2026-03-04T08:02:55.810+0000] {processor.py:830} INFO - Processing file /home/airflow/.local/lib/python3.12/site-packages/airflow/example_dags/example_display_name.py for tasks to queue
[2026-03-04T08:02:55.811+0000] {logging_mixin.py:188} INFO - [2026-03-04T08:02:55.811+0000] {dagbag.py:545} INFO - Filling up the DagBag from /home/airflow/.local/lib/python3.12/site-packages/airflow/example_dags/example_display_name.py
[2026-03-04T08:02:55.813+0000] {processor.py:840} INFO - DAG(s) 'example_display_name' retrieved from /home/airflow/.local/lib/python3.12/site-packages/airflow/example_dags/example_display_name.py
[2026-03-04T08:02:55.820+0000] {logging_mixin.py:188} INFO - [2026-03-04T08:02:55.820+0000] {dag.py:3089} INFO - Sync 1 DAGs
[2026-03-04T08:02:55.824+0000] {logging_mixin.py:188} INFO - [2026-03-04T08:02:55.824+0000] {dag.py:3947} INFO - Setting next_dagrun for example_display_name to None, run_after=None
[2026-03-04T08:02:55.833+0000] {processor.py:183} INFO - Processing /home/airflow/.local/lib/python3.12/site-packages/airflow/example_dags/example_display_name.py took 0.025 seconds
[2026-03-04T08:03:26.419+0000] {processor.py:161} INFO - Started process (PID=3194) to work on /home/airflow/.local/lib/python3.12/site-packages/airflow/example_dags/example_display_name.py
[2026-03-04T08:03:26.420+0000] {processor.py:830} INFO - Processing file /home/airflow/.local/lib/python3.12/site-packages/airflow/example_dags/example_display_name.py for tasks to queue
[2026-03-04T08:03:26.421+0000] {logging_mixin.py:188} INFO - [2026-03-04T08:03:26.421+0000] {dagbag.py:545} INFO - Filling up the DagBag from /home/airflow/.local/lib/python3.12/site-packages/airflow/example_dags/example_display_name.py
[2026-03-04T08:03:26.423+0000] {processor.py:840} INFO - DAG(s) 'example_display_name' retrieved from /home/airflow/.local/lib/python3.12/site-packages/airflow/example_dags/example_display_name.py
[2026-03-04T08:03:26.431+0000] {logging_mixin.py:188} INFO - [2026-03-04T08:03:26.431+0000] {dag.py:3089} INFO - Sync 1 DAGs
[2026-03-04T08:03:26.436+0000] {logging_mixin.py:188} INFO - [2026-03-04T08:03:26.435+0000] {dag.py:3947} INFO - Setting next_dagrun for example_display_name to None, run_after=None
[2026-03-04T08:03:26.447+0000] {processor.py:183} INFO - Processing /home/airflow/.local/lib/python3.12/site-packages/airflow/example_dags/example_display_name.py took 0.030 seconds
[2026-03-04T08:03:56.950+0000] {processor.py:161} INFO - Started process (PID=3456) to work on /home/airflow/.local/lib/python3.12/site-packages/airflow/example_dags/example_display_name.py
[2026-03-04T08:03:56.950+0000] {processor.py:830} INFO - Processing file /home/airflow/.local/lib/python3.12/site-packages/airflow/example_dags/example_display_name.py for tasks to queue
[2026-03-04T08:03:56.951+0000] {logging_mixin.py:188} INFO - [2026-03-04T08:03:56.951+0000] {dagbag.py:545} INFO - Filling up the DagBag from /home/airflow/.local/lib/python3.12/site-packages/airflow/example_dags/example_display_name.py
[2026-03-04T08:03:56.953+0000] {processor.py:840} INFO - DAG(s) 'example_display_name' retrieved from /home/airflow/.local/lib/python3.12/site-packages/airflow/example_dags/example_display_name.py
[2026-03-04T08:03:56.966+0000] {logging_mixin.py:188} INFO - [2026-03-04T08:03:56.966+0000] {dag.py:3089} INFO - Sync 1 DAGs
[2026-03-04T08:03:56.972+0000] {logging_mixin.py:188} INFO - [2026-03-04T08:03:56.972+0000] {dag.py:3947} INFO - Setting next_dagrun for example_display_name to None, run_after=None
[2026-03-04T08:03:56.981+0000] {processor.py:183} INFO - Processing /home/airflow/.local/lib/python3.12/site-packages/airflow/example_dags/example_display_name.py took 0.034 seconds
[2026-03-04T08:04:27.564+0000] {processor.py:161} INFO - Started process (PID=3718) to work on /home/airflow/.local/lib/python3.12/site-packages/airflow/example_dags/example_display_name.py
[2026-03-04T08:04:27.565+0000] {processor.py:830} INFO - Processing file /home/airflow/.local/lib/python3.12/site-packages/airflow/example_dags/example_display_name.py for tasks to queue
[2026-03-04T08:04:27.565+0000] {logging_mixin.py:188} INFO - [2026-03-04T08:04:27.565+0000] {dagbag.py:545} INFO - Filling up the DagBag from /home/airflow/.local/lib/python3.12/site-packages/airflow/example_dags/example_display_name.py
[2026-03-04T08:04:27.570+0000] {processor.py:840} INFO - DAG(s) 'example_display_name' retrieved from /home/airflow/.local/lib/python3.12/site-packages/airflow/example_dags/example_display_name.py
[2026-03-04T08:04:27.579+0000] {logging_mixin.py:188} INFO - [2026-03-04T08:04:27.579+0000] {dag.py:3089} INFO - Sync 1 DAGs
[2026-03-04T08:04:27.584+0000] {logging_mixin.py:188} INFO - [2026-03-04T08:04:27.584+0000] {dag.py:3947} INFO - Setting next_dagrun for example_display_name to None, run_after=None
[2026-03-04T08:04:27.595+0000] {processor.py:183} INFO - Processing /home/airflow/.local/lib/python3.12/site-packages/airflow/example_dags/example_display_name.py took 0.033 seconds
[2026-03-04T08:04:58.164+0000] {processor.py:161} INFO - Started process (PID=3980) to work on /home/airflow/.local/lib/python3.12/site-packages/airflow/example_dags/example_display_name.py
[2026-03-04T08:04:58.165+0000] {processor.py:830} INFO - Processing file /home/airflow/.local/lib/python3.12/site-packages/airflow/example_dags/example_display_name.py for tasks to queue
[2026-03-04T08:04:58.165+0000] {logging_mixin.py:188} INFO - [2026-03-04T08:04:58.165+0000] {dagbag.py:545} INFO - Filling up the DagBag from /home/airflow/.local/lib/python3.12/site-packages/airflow/example_dags/example_display_name.py
[2026-03-04T08:04:58.168+0000] {processor.py:840} INFO - DAG(s) 'example_display_name' retrieved from /home/airflow/.local/lib/python3.12/site-packages/airflow/example_dags/example_display_name.py
[2026-03-04T08:04:58.178+0000] {logging_mixin.py:188} INFO - [2026-03-04T08:04:58.178+0000] {dag.py:3089} INFO - Sync 1 DAGs
[2026-03-04T08:04:58.183+0000] {logging_mixin.py:188} INFO - [2026-03-04T08:04:58.183+0000] {dag.py:3947} INFO - Setting next_dagrun for example_display_name to None, run_after=None
[2026-03-04T08:04:58.194+0000] {processor.py:183} INFO - Processing /home/airflow/.local/lib/python3.12/site-packages/airflow/example_dags/example_display_name.py took 0.032 seconds
[2026-03-04T08:05:28.732+0000] {processor.py:161} INFO - Started process (PID=4242) to work on /home/airflow/.local/lib/python3.12/site-packages/airflow/example_dags/example_display_name.py
[2026-03-04T08:05:28.733+0000] {processor.py:830} INFO - Processing file /home/airflow/.local/lib/python3.12/site-packages/airflow/example_dags/example_display_name.py for tasks to queue
[2026-03-04T08:05:28.735+0000] {logging_mixin.py:188} INFO - [2026-03-04T08:05:28.735+0000] {dagbag.py:545} INFO - Filling up the DagBag from /home/airflow/.local/lib/python3.12/site-packages/airflow/example_dags/example_display_name.py
[2026-03-04T08:05:28.737+0000] {processor.py:840} INFO - DAG(s) 'example_display_name' retrieved from /home/airflow/.local/lib/python3.12/site-packages/airflow/example_dags/example_display_name.py
[2026-03-04T08:05:28.749+0000] {logging_mixin.py:188} INFO - [2026-03-04T08:05:28.749+0000] {dag.py:3089} INFO - Sync 1 DAGs
[2026-03-04T08:05:28.753+0000] {logging_mixin.py:188} INFO - [2026-03-04T08:05:28.753+0000] {dag.py:3947} INFO - Setting next_dagrun for example_display_name to None, run_after=None
[2026-03-04T08:05:28.763+0000] {processor.py:183} INFO - Processing /home/airflow/.local/lib/python3.12/site-packages/airflow/example_dags/example_display_name.py took 0.033 seconds
[2026-03-04T08:05:59.326+0000] {processor.py:161} INFO - Started process (PID=4504) to work on /home/airflow/.local/lib/python3.12/site-packages/airflow/example_dags/example_display_name.py
[2026-03-04T08:05:59.326+0000] {processor.py:830} INFO - Processing file /home/airflow/.local/lib/python3.12/site-packages/airflow/example_dags/example_display_name.py for tasks to queue
[2026-03-04T08:05:59.327+0000] {logging_mixin.py:188} INFO - [2026-03-04T08:05:59.327+0000] {dagbag.py:545} INFO - Filling up the DagBag from /home/airflow/.local/lib/python3.12/site-packages/airflow/example_dags/example_display_name.py
[2026-03-04T08:05:59.330+0000] {processor.py:840} INFO - DAG(s) 'example_display_name' retrieved from /home/airflow/.local/lib/python3.12/site-packages/airflow/example_dags/example_display_name.py
[2026-03-04T08:05:59.339+0000] {logging_mixin.py:188} INFO - [2026-03-04T08:05:59.338+0000] {dag.py:3089} INFO - Sync 1 DAGs
[2026-03-04T08:05:59.344+0000] {logging_mixin.py:188} INFO - [2026-03-04T08:05:59.344+0000] {dag.py:3947} INFO - Setting next_dagrun for example_display_name to None, run_after=None
[2026-03-04T08:05:59.353+0000] {processor.py:183} INFO - Processing /home/airflow/.local/lib/python3.12/site-packages/airflow/example_dags/example_display_name.py took 0.031 seconds
[2026-03-04T08:06:29.882+0000] {processor.py:161} INFO - Started process (PID=4768) to work on /home/airflow/.local/lib/python3.12/site-packages/airflow/example_dags/example_display_name.py
[2026-03-04T08:06:29.883+0000] {processor.py:830} INFO - Processing file /home/airflow/.local/lib/python3.12/site-packages/airflow/example_dags/example_display_name.py for tasks to queue
[2026-03-04T08:06:29.883+0000] {logging_mixin.py:188} INFO - [2026-03-04T08:06:29.883+0000] {dagbag.py:545} INFO - Filling up the DagBag from /home/airflow/.local/lib/python3.12/site-packages/airflow/example_dags/example_display_name.py
[2026-03-04T08:06:29.885+0000] {processor.py:840} INFO - DAG(s) 'example_display_name' retrieved from /home/airflow/.local/lib/python3.12/site-packages/airflow/example_dags/example_display_name.py
[2026-03-04T08:06:29.896+0000] {logging_mixin.py:188} INFO - [2026-03-04T08:06:29.896+0000] {dag.py:3089} INFO - Sync 1 DAGs
[2026-03-04T08:06:29.901+0000] {logging_mixin.py:188} INFO - [2026-03-04T08:06:29.901+0000] {dag.py:3947} INFO - Setting next_dagrun for example_display_name to None, run_after=None
[2026-03-04T08:06:29.912+0000] {processor.py:183} INFO - Processing /home/airflow/.local/lib/python3.12/site-packages/airflow/example_dags/example_display_name.py took 0.032 seconds
[2026-03-04T08:07:00.424+0000] {processor.py:161} INFO - Started process (PID=5028) to work on /home/airflow/.local/lib/python3.12/site-packages/airflow/example_dags/example_display_name.py
[2026-03-04T08:07:00.425+0000] {processor.py:830} INFO - Processing file /home/airflow/.local/lib/python3.12/site-packages/airflow/example_dags/example_display_name.py for tasks to queue
[2026-03-04T08:07:00.425+0000] {logging_mixin.py:188} INFO - [2026-03-04T08:07:00.425+0000] {dagbag.py:545} INFO - Filling up the DagBag from /home/airflow/.local/lib/python3.12/site-packages/airflow/example_dags/example_display_name.py
[2026-03-04T08:07:00.428+0000] {processor.py:840} INFO - DAG(s) 'example_display_name' retrieved from /home/airflow/.local/lib/python3.12/site-packages/airflow/example_dags/example_display_name.py
[2026-03-04T08:07:00.435+0000] {logging_mixin.py:188} INFO - [2026-03-04T08:07:00.435+0000] {dag.py:3089} INFO - Sync 1 DAGs
[2026-03-04T08:07:00.439+0000] {logging_mixin.py:188} INFO - [2026-03-04T08:07:00.439+0000] {dag.py:3947} INFO - Setting next_dagrun for example_display_name to None, run_after=None
[2026-03-04T08:07:00.449+0000] {processor.py:183} INFO - Processing /home/airflow/.local/lib/python3.12/site-packages/airflow/example_dags/example_display_name.py took 0.028 seconds
[2026-03-04T08:07:30.901+0000] {processor.py:161} INFO - Started process (PID=5290) to work on /home/airflow/.local/lib/python3.12/site-packages/airflow/example_dags/example_display_name.py
[2026-03-04T08:07:30.903+0000] {processor.py:830} INFO - Processing file /home/airflow/.local/lib/python3.12/site-packages/airflow/example_dags/example_display_name.py for tasks to queue
[2026-03-04T08:07:30.903+0000] {logging_mixin.py:188} INFO - [2026-03-04T08:07:30.903+0000] {dagbag.py:545} INFO - Filling up the DagBag from /home/airflow/.local/lib/python3.12/site-packages/airflow/example_dags/example_display_name.py
[2026-03-04T08:07:30.905+0000] {processor.py:840} INFO - DAG(s) 'example_display_name' retrieved from /home/airflow/.local/lib/python3.12/site-packages/airflow/example_dags/example_display_name.py
[2026-03-04T08:07:30.912+0000] {logging_mixin.py:188} INFO - [2026-03-04T08:07:30.912+0000] {dag.py:3089} INFO - Sync 1 DAGs
[2026-03-04T08:07:30.916+0000] {logging_mixin.py:188} INFO - [2026-03-04T08:07:30.916+0000] {dag.py:3947} INFO - Setting next_dagrun for example_display_name to None, run_after=None
[2026-03-04T08:07:30.925+0000] {processor.py:183} INFO - Processing /home/airflow/.local/lib/python3.12/site-packages/airflow/example_dags/example_display_name.py took 0.026 seconds
[2026-03-04T08:08:01.516+0000] {processor.py:161} INFO - Started process (PID=5552) to work on /home/airflow/.local/lib/python3.12/site-packages/airflow/example_dags/example_display_name.py
[2026-03-04T08:08:01.516+0000] {processor.py:830} INFO - Processing file /home/airflow/.local/lib/python3.12/site-packages/airflow/example_dags/example_display_name.py for tasks to queue
[2026-03-04T08:08:01.517+0000] {logging_mixin.py:188} INFO - [2026-03-04T08:08:01.517+0000] {dagbag.py:545} INFO - Filling up the DagBag from /home/airflow/.local/lib/python3.12/site-packages/airflow/example_dags/example_display_name.py
[2026-03-04T08:08:01.520+0000] {processor.py:840} INFO - DAG(s) 'example_display_name' retrieved from /home/airflow/.local/lib/python3.12/site-packages/airflow/example_dags/example_display_name.py
[2026-03-04T08:08:01.530+0000] {logging_mixin.py:188} INFO - [2026-03-04T08:08:01.530+0000] {dag.py:3089} INFO - Sync 1 DAGs
[2026-03-04T08:08:01.535+0000] {logging_mixin.py:188} INFO - [2026-03-04T08:08:01.535+0000] {dag.py:3947} INFO - Setting next_dagrun for example_display_name to None, run_after=None
[2026-03-04T08:08:01.544+0000] {processor.py:183} INFO - Processing /home/airflow/.local/lib/python3.12/site-packages/airflow/example_dags/example_display_name.py took 0.031 seconds
[2026-03-04T08:08:32.079+0000] {processor.py:161} INFO - Started process (PID=5814) to work on /home/airflow/.local/lib/python3.12/site-packages/airflow/example_dags/example_display_name.py
[2026-03-04T08:08:32.080+0000] {processor.py:830} INFO - Processing file /home/airflow/.local/lib/python3.12/site-packages/airflow/example_dags/example_display_name.py for tasks to queue
[2026-03-04T08:08:32.081+0000] {logging_mixin.py:188} INFO - [2026-03-04T08:08:32.081+0000] {dagbag.py:545} INFO - Filling up the DagBag from /home/airflow/.local/lib/python3.12/site-packages/airflow/example_dags/example_display_name.py
[2026-03-04T08:08:32.084+0000] {processor.py:840} INFO - DAG(s) 'example_display_name' retrieved from /home/airflow/.local/lib/python3.12/site-packages/airflow/example_dags/example_display_name.py
[2026-03-04T08:08:32.094+0000] {logging_mixin.py:188} INFO - [2026-03-04T08:08:32.094+0000] {dag.py:3089} INFO - Sync 1 DAGs
[2026-03-04T08:08:32.099+0000] {logging_mixin.py:188} INFO - [2026-03-04T08:08:32.099+0000] {dag.py:3947} INFO - Setting next_dagrun for example_display_name to None, run_after=None
[2026-03-04T08:08:32.108+0000] {processor.py:183} INFO - Processing /home/airflow/.local/lib/python3.12/site-packages/airflow/example_dags/example_display_name.py took 0.031 seconds
[2026-03-04T08:09:02.732+0000] {processor.py:161} INFO - Started process (PID=6076) to work on /home/airflow/.local/lib/python3.12/site-packages/airflow/example_dags/example_display_name.py
[2026-03-04T08:09:02.733+0000] {processor.py:830} INFO - Processing file /home/airflow/.local/lib/python3.12/site-packages/airflow/example_dags/example_display_name.py for tasks to queue
[2026-03-04T08:09:02.734+0000] {logging_mixin.py:188} INFO - [2026-03-04T08:09:02.734+0000] {dagbag.py:545} INFO - Filling up the DagBag from /home/airflow/.local/lib/python3.12/site-packages/airflow/example_dags/example_display_name.py
[2026-03-04T08:09:02.736+0000] {processor.py:840} INFO - DAG(s) 'example_display_name' retrieved from /home/airflow/.local/lib/python3.12/site-packages/airflow/example_dags/example_display_name.py
[2026-03-04T08:09:02.747+0000] {logging_mixin.py:188} INFO - [2026-03-04T08:09:02.747+0000] {dag.py:3089} INFO - Sync 1 DAGs
[2026-03-04T08:09:02.751+0000] {logging_mixin.py:188} INFO - [2026-03-04T08:09:02.751+0000] {dag.py:3947} INFO - Setting next_dagrun for example_display_name to None, run_after=None
[2026-03-04T08:09:02.761+0000] {processor.py:183} INFO - Processing /home/airflow/.local/lib/python3.12/site-packages/airflow/example_dags/example_display_name.py took 0.031 seconds
[2026-03-04T08:09:33.319+0000] {processor.py:161} INFO - Started process (PID=6338) to work on /home/airflow/.local/lib/python3.12/site-packages/airflow/example_dags/example_display_name.py
[2026-03-04T08:09:33.320+0000] {processor.py:830} INFO - Processing file /home/airflow/.local/lib/python3.12/site-packages/airflow/example_dags/example_display_name.py for tasks to queue
[2026-03-04T08:09:33.320+0000] {logging_mixin.py:188} INFO - [2026-03-04T08:09:33.320+0000] {dagbag.py:545} INFO - Filling up the DagBag from /home/airflow/.local/lib/python3.12/site-packages/airflow/example_dags/example_display_name.py
[2026-03-04T08:09:33.322+0000] {processor.py:840} INFO - DAG(s) 'example_display_name' retrieved from /home/airflow/.local/lib/python3.12/site-packages/airflow/example_dags/example_display_name.py
[2026-03-04T08:09:33.330+0000] {logging_mixin.py:188} INFO - [2026-03-04T08:09:33.330+0000] {dag.py:3089} INFO - Sync 1 DAGs
[2026-03-04T08:09:33.335+0000] {logging_mixin.py:188} INFO - [2026-03-04T08:09:33.335+0000] {dag.py:3947} INFO - Setting next_dagrun for example_display_name to None, run_after=None
[2026-03-04T08:09:33.342+0000] {processor.py:183} INFO - Processing /home/airflow/.local/lib/python3.12/site-packages/airflow/example_dags/example_display_name.py took 0.025 seconds
[2026-03-04T08:10:03.885+0000] {processor.py:161} INFO - Started process (PID=6600) to work on /home/airflow/.local/lib/python3.12/site-packages/airflow/example_dags/example_display_name.py
[2026-03-04T08:10:03.885+0000] {processor.py:830} INFO - Processing file /home/airflow/.local/lib/python3.12/site-packages/airflow/example_dags/example_display_name.py for tasks to queue
[2026-03-04T08:10:03.886+0000] {logging_mixin.py:188} INFO - [2026-03-04T08:10:03.886+0000] {dagbag.py:545} INFO - Filling up the DagBag from /home/airflow/.local/lib/python3.12/site-packages/airflow/example_dags/example_display_name.py
[2026-03-04T08:10:03.888+0000] {processor.py:840} INFO - DAG(s) 'example_display_name' retrieved from /home/airflow/.local/lib/python3.12/site-packages/airflow/example_dags/example_display_name.py
[2026-03-04T08:10:03.895+0000] {logging_mixin.py:188} INFO - [2026-03-04T08:10:03.895+0000] {dag.py:3089} INFO - Sync 1 DAGs
[2026-03-04T08:10:03.899+0000] {logging_mixin.py:188} INFO - [2026-03-04T08:10:03.899+0000] {dag.py:3947} INFO - Setting next_dagrun for example_display_name to None, run_after=None
[2026-03-04T08:10:03.908+0000] {processor.py:183} INFO - Processing /home/airflow/.local/lib/python3.12/site-packages/airflow/example_dags/example_display_name.py took 0.026 seconds
[2026-03-04T08:10:34.400+0000] {processor.py:161} INFO - Started process (PID=6865) to work on /home/airflow/.local/lib/python3.12/site-packages/airflow/example_dags/example_display_name.py
[2026-03-04T08:10:34.400+0000] {processor.py:830} INFO - Processing file /home/airflow/.local/lib/python3.12/site-packages/airflow/example_dags/example_display_name.py for tasks to queue
[2026-03-04T08:10:34.402+0000] {logging_mixin.py:188} INFO - [2026-03-04T08:10:34.402+0000] {dagbag.py:545} INFO - Filling up the DagBag from /home/airflow/.local/lib/python3.12/site-packages/airflow/example_dags/example_display_name.py
[2026-03-04T08:10:34.404+0000] {processor.py:840} INFO - DAG(s) 'example_display_name' retrieved from /home/airflow/.local/lib/python3.12/site-packages/airflow/example_dags/example_display_name.py
[2026-03-04T08:10:34.412+0000] {logging_mixin.py:188} INFO - [2026-03-04T08:10:34.412+0000] {dag.py:3089} INFO - Sync 1 DAGs
[2026-03-04T08:10:34.416+0000] {logging_mixin.py:188} INFO - [2026-03-04T08:10:34.416+0000] {dag.py:3947} INFO - Setting next_dagrun for example_display_name to None, run_after=None
[2026-03-04T08:10:34.425+0000] {processor.py:183} INFO - Processing /home/airflow/.local/lib/python3.12/site-packages/airflow/example_dags/example_display_name.py took 0.027 seconds
[2026-03-04T08:11:05.100+0000] {processor.py:161} INFO - Started process (PID=7127) to work on /home/airflow/.local/lib/python3.12/site-packages/airflow/example_dags/example_display_name.py
[2026-03-04T08:11:05.101+0000] {processor.py:830} INFO - Processing file /home/airflow/.local/lib/python3.12/site-packages/airflow/example_dags/example_display_name.py for tasks to queue
[2026-03-04T08:11:05.102+0000] {logging_mixin.py:188} INFO - [2026-03-04T08:11:05.102+0000] {dagbag.py:545} INFO - Filling up the DagBag from /home/airflow/.local/lib/python3.12/site-packages/airflow/example_dags/example_display_name.py
[2026-03-04T08:11:05.104+0000] {processor.py:840} INFO - DAG(s) 'example_display_name' retrieved from /home/airflow/.local/lib/python3.12/site-packages/airflow/example_dags/example_display_name.py
[2026-03-04T08:11:05.112+0000] {logging_mixin.py:188} INFO - [2026-03-04T08:11:05.112+0000] {dag.py:3089} INFO - Sync 1 DAGs
[2026-03-04T08:11:05.118+0000] {logging_mixin.py:188} INFO - [2026-03-04T08:11:05.117+0000] {dag.py:3947} INFO - Setting next_dagrun for example_display_name to None, run_after=None
[2026-03-04T08:11:05.128+0000] {processor.py:183} INFO - Processing /home/airflow/.local/lib/python3.12/site-packages/airflow/example_dags/example_display_name.py took 0.030 seconds
[2026-03-04T08:11:35.696+0000] {processor.py:161} INFO - Started process (PID=7389) to work on /home/airflow/.local/lib/python3.12/site-packages/airflow/example_dags/example_display_name.py
[2026-03-04T08:11:35.697+0000] {processor.py:830} INFO - Processing file /home/airflow/.local/lib/python3.12/site-packages/airflow/example_dags/example_display_name.py for tasks to queue
[2026-03-04T08:11:35.698+0000] {logging_mixin.py:188} INFO - [2026-03-04T08:11:35.698+0000] {dagbag.py:545} INFO - Filling up the DagBag from /home/airflow/.local/lib/python3.12/site-packages/airflow/example_dags/example_display_name.py
[2026-03-04T08:11:35.700+0000] {processor.py:840} INFO - DAG(s) 'example_display_name' retrieved from /home/airflow/.local/lib/python3.12/site-packages/airflow/example_dags/example_display_name.py
[2026-03-04T08:11:35.714+0000] {logging_mixin.py:188} INFO - [2026-03-04T08:11:35.714+0000] {dag.py:3089} INFO - Sync 1 DAGs
[2026-03-04T08:11:35.718+0000] {logging_mixin.py:188} INFO - [2026-03-04T08:11:35.718+0000] {dag.py:3947} INFO - Setting next_dagrun for example_display_name to None, run_after=None
[2026-03-04T08:11:35.728+0000] {processor.py:183} INFO - Processing /home/airflow/.local/lib/python3.12/site-packages/airflow/example_dags/example_display_name.py took 0.033 seconds
[2026-03-04T08:12:06.202+0000] {processor.py:161} INFO - Started process (PID=7651) to work on /home/airflow/.local/lib/python3.12/site-packages/airflow/example_dags/example_display_name.py
[2026-03-04T08:12:06.204+0000] {processor.py:830} INFO - Processing file /home/airflow/.local/lib/python3.12/site-packages/airflow/example_dags/example_display_name.py for tasks to queue
[2026-03-04T08:12:06.204+0000] {logging_mixin.py:188} INFO - [2026-03-04T08:12:06.204+0000] {dagbag.py:545} INFO - Filling up the DagBag from /home/airflow/.local/lib/python3.12/site-packages/airflow/example_dags/example_display_name.py
[2026-03-04T08:12:06.206+0000] {processor.py:840} INFO - DAG(s) 'example_display_name' retrieved from /home/airflow/.local/lib/python3.12/site-packages/airflow/example_dags/example_display_name.py
[2026-03-04T08:12:06.217+0000] {logging_mixin.py:188} INFO - [2026-03-04T08:12:06.216+0000] {dag.py:3089} INFO - Sync 1 DAGs
[2026-03-04T08:12:06.221+0000] {logging_mixin.py:188} INFO - [2026-03-04T08:12:06.221+0000] {dag.py:3947} INFO - Setting next_dagrun for example_display_name to None, run_after=None
[2026-03-04T08:12:06.227+0000] {processor.py:183} INFO - Processing /home/airflow/.local/lib/python3.12/site-packages/airflow/example_dags/example_display_name.py took 0.028 seconds
[2026-03-04T08:12:36.807+0000] {processor.py:161} INFO - Started process (PID=7915) to work on /home/airflow/.local/lib/python3.12/site-packages/airflow/example_dags/example_display_name.py
[2026-03-04T08:12:36.807+0000] {processor.py:830} INFO - Processing file /home/airflow/.local/lib/python3.12/site-packages/airflow/example_dags/example_display_name.py for tasks to queue
[2026-03-04T08:12:36.808+0000] {logging_mixin.py:188} INFO - [2026-03-04T08:12:36.808+0000] {dagbag.py:545} INFO - Filling up the DagBag from /home/airflow/.local/lib/python3.12/site-packages/airflow/example_dags/example_display_name.py
[2026-03-04T08:12:36.810+0000] {processor.py:840} INFO - DAG(s) 'example_display_name' retrieved from /home/airflow/.local/lib/python3.12/site-packages/airflow/example_dags/example_display_name.py
[2026-03-04T08:12:36.818+0000] {logging_mixin.py:188} INFO - [2026-03-04T08:12:36.818+0000] {dag.py:3089} INFO - Sync 1 DAGs
[2026-03-04T08:12:36.823+0000] {logging_mixin.py:188} INFO - [2026-03-04T08:12:36.823+0000] {dag.py:3947} INFO - Setting next_dagrun for example_display_name to None, run_after=None
[2026-03-04T08:12:36.835+0000] {processor.py:183} INFO - Processing /home/airflow/.local/lib/python3.12/site-packages/airflow/example_dags/example_display_name.py took 0.031 seconds
[2026-03-04T08:13:07.303+0000] {processor.py:161} INFO - Started process (PID=8175) to work on /home/airflow/.local/lib/python3.12/site-packages/airflow/example_dags/example_display_name.py
[2026-03-04T08:13:07.304+0000] {processor.py:830} INFO - Processing file /home/airflow/.local/lib/python3.12/site-packages/airflow/example_dags/example_display_name.py for tasks to queue
[2026-03-04T08:13:07.305+0000] {logging_mixin.py:188} INFO - [2026-03-04T08:13:07.304+0000] {dagbag.py:545} INFO - Filling up the DagBag from /home/airflow/.local/lib/python3.12/site-packages/airflow/example_dags/example_display_name.py
[2026-03-04T08:13:07.307+0000] {processor.py:840} INFO - DAG(s) 'example_display_name' retrieved from /home/airflow/.local/lib/python3.12/site-packages/airflow/example_dags/example_display_name.py
[2026-03-04T08:13:07.315+0000] {logging_mixin.py:188} INFO - [2026-03-04T08:13:07.314+0000] {dag.py:3089} INFO - Sync 1 DAGs
[2026-03-04T08:13:07.319+0000] {logging_mixin.py:188} INFO - [2026-03-04T08:13:07.318+0000] {dag.py:3947} INFO - Setting next_dagrun for example_display_name to None, run_after=None
[2026-03-04T08:13:07.328+0000] {processor.py:183} INFO - Processing /home/airflow/.local/lib/python3.12/site-packages/airflow/example_dags/example_display_name.py took 0.027 seconds
[2026-03-04T08:13:37.856+0000] {processor.py:161} INFO - Started process (PID=8437) to work on /home/airflow/.local/lib/python3.12/site-packages/airflow/example_dags/example_display_name.py
[2026-03-04T08:13:37.857+0000] {processor.py:830} INFO - Processing file /home/airflow/.local/lib/python3.12/site-packages/airflow/example_dags/example_display_name.py for tasks to queue
[2026-03-04T08:13:37.857+0000] {logging_mixin.py:188} INFO - [2026-03-04T08:13:37.857+0000] {dagbag.py:545} INFO - Filling up the DagBag from /home/airflow/.local/lib/python3.12/site-packages/airflow/example_dags/example_display_name.py
[2026-03-04T08:13:37.860+0000] {processor.py:840} INFO - DAG(s) 'example_display_name' retrieved from /home/airflow/.local/lib/python3.12/site-packages/airflow/example_dags/example_display_name.py
[2026-03-04T08:13:37.872+0000] {logging_mixin.py:188} INFO - [2026-03-04T08:13:37.872+0000] {dag.py:3089} INFO - Sync 1 DAGs
[2026-03-04T08:13:37.877+0000] {logging_mixin.py:188} INFO - [2026-03-04T08:13:37.877+0000] {dag.py:3947} INFO - Setting next_dagrun for example_display_name to None, run_after=None
[2026-03-04T08:13:37.885+0000] {processor.py:183} INFO - Processing /home/airflow/.local/lib/python3.12/site-packages/airflow/example_dags/example_display_name.py took 0.031 seconds
[2026-03-04T08:14:08.388+0000] {processor.py:161} INFO - Started process (PID=8699) to work on /home/airflow/.local/lib/python3.12/site-packages/airflow/example_dags/example_display_name.py
[2026-03-04T08:14:08.389+0000] {processor.py:830} INFO - Processing file /home/airflow/.local/lib/python3.12/site-packages/airflow/example_dags/example_display_name.py for tasks to queue
[2026-03-04T08:14:08.392+0000] {logging_mixin.py:188} INFO - [2026-03-04T08:14:08.390+0000] {dagbag.py:545} INFO - Filling up the DagBag from /home/airflow/.local/lib/python3.12/site-packages/airflow/example_dags/example_display_name.py
[2026-03-04T08:14:08.394+0000] {processor.py:840} INFO - DAG(s) 'example_display_name' retrieved from /home/airflow/.local/lib/python3.12/site-packages/airflow/example_dags/example_display_name.py
[2026-03-04T08:14:08.400+0000] {logging_mixin.py:188} INFO - [2026-03-04T08:14:08.400+0000] {dag.py:3089} INFO - Sync 1 DAGs
[2026-03-04T08:14:08.404+0000] {logging_mixin.py:188} INFO - [2026-03-04T08:14:08.404+0000] {dag.py:3947} INFO - Setting next_dagrun for example_display_name to None, run_after=None
[2026-03-04T08:14:08.415+0000] {processor.py:183} INFO - Processing /home/airflow/.local/lib/python3.12/site-packages/airflow/example_dags/example_display_name.py took 0.028 seconds
[2026-03-04T08:14:38.947+0000] {processor.py:161} INFO - Started process (PID=8961) to work on /home/airflow/.local/lib/python3.12/site-packages/airflow/example_dags/example_display_name.py
[2026-03-04T08:14:38.947+0000] {processor.py:830} INFO - Processing file /home/airflow/.local/lib/python3.12/site-packages/airflow/example_dags/example_display_name.py for tasks to queue
[2026-03-04T08:14:38.948+0000] {logging_mixin.py:188} INFO - [2026-03-04T08:14:38.948+0000] {dagbag.py:545} INFO - Filling up the DagBag from /home/airflow/.local/lib/python3.12/site-packages/airflow/example_dags/example_display_name.py
[2026-03-04T08:14:38.950+0000] {processor.py:840} INFO - DAG(s) 'example_display_name' retrieved from /home/airflow/.local/lib/python3.12/site-packages/airflow/example_dags/example_display_name.py
[2026-03-04T08:14:38.957+0000] {logging_mixin.py:188} INFO - [2026-03-04T08:14:38.957+0000] {dag.py:3089} INFO - Sync 1 DAGs
[2026-03-04T08:14:38.962+0000] {logging_mixin.py:188} INFO - [2026-03-04T08:14:38.962+0000] {dag.py:3947} INFO - Setting next_dagrun for example_display_name to None, run_after=None
[2026-03-04T08:14:38.971+0000] {processor.py:183} INFO - Processing /home/airflow/.local/lib/python3.12/site-packages/airflow/example_dags/example_display_name.py took 0.027 seconds
[2026-03-04T08:15:09.445+0000] {processor.py:161} INFO - Started process (PID=9227) to work on /home/airflow/.local/lib/python3.12/site-packages/airflow/example_dags/example_display_name.py
[2026-03-04T08:15:09.446+0000] {processor.py:830} INFO - Processing file /home/airflow/.local/lib/python3.12/site-packages/airflow/example_dags/example_display_name.py for tasks to queue
[2026-03-04T08:15:09.449+0000] {logging_mixin.py:188} INFO - [2026-03-04T08:15:09.449+0000] {dagbag.py:545} INFO - Filling up the DagBag from /home/airflow/.local/lib/python3.12/site-packages/airflow/example_dags/example_display_name.py
[2026-03-04T08:15:09.459+0000] {processor.py:840} INFO - DAG(s) 'example_display_name' retrieved from /home/airflow/.local/lib/python3.12/site-packages/airflow/example_dags/example_display_name.py
[2026-03-04T08:15:09.474+0000] {logging_mixin.py:188} INFO - [2026-03-04T08:15:09.474+0000] {dag.py:3089} INFO - Sync 1 DAGs
[2026-03-04T08:15:09.486+0000] {logging_mixin.py:188} INFO - [2026-03-04T08:15:09.486+0000] {dag.py:3947} INFO - Setting next_dagrun for example_display_name to None, run_after=None
[2026-03-04T08:15:09.499+0000] {processor.py:183} INFO - Processing /home/airflow/.local/lib/python3.12/site-packages/airflow/example_dags/example_display_name.py took 0.059 seconds
[2026-03-04T08:15:40.064+0000] {processor.py:161} INFO - Started process (PID=9493) to work on /home/airflow/.local/lib/python3.12/site-packages/airflow/example_dags/example_display_name.py
[2026-03-04T08:15:40.064+0000] {processor.py:830} INFO - Processing file /home/airflow/.local/lib/python3.12/site-packages/airflow/example_dags/example_display_name.py for tasks to queue
[2026-03-04T08:15:40.065+0000] {logging_mixin.py:188} INFO - [2026-03-04T08:15:40.065+0000] {dagbag.py:545} INFO - Filling up the DagBag from /home/airflow/.local/lib/python3.12/site-packages/airflow/example_dags/example_display_name.py
[2026-03-04T08:15:40.067+0000] {processor.py:840} INFO - DAG(s) 'example_display_name' retrieved from /home/airflow/.local/lib/python3.12/site-packages/airflow/example_dags/example_display_name.py
[2026-03-04T08:15:40.075+0000] {logging_mixin.py:188} INFO - [2026-03-04T08:15:40.075+0000] {dag.py:3089} INFO - Sync 1 DAGs
[2026-03-04T08:15:40.080+0000] {logging_mixin.py:188} INFO - [2026-03-04T08:15:40.080+0000] {dag.py:3947} INFO - Setting next_dagrun for example_display_name to None, run_after=None
[2026-03-04T08:15:40.090+0000] {processor.py:183} INFO - Processing /home/airflow/.local/lib/python3.12/site-packages/airflow/example_dags/example_display_name.py took 0.028 seconds
[2026-03-04T08:16:10.698+0000] {processor.py:161} INFO - Started process (PID=9757) to work on /home/airflow/.local/lib/python3.12/site-packages/airflow/example_dags/example_display_name.py
[2026-03-04T08:16:10.699+0000] {processor.py:830} INFO - Processing file /home/airflow/.local/lib/python3.12/site-packages/airflow/example_dags/example_display_name.py for tasks to queue
[2026-03-04T08:16:10.699+0000] {logging_mixin.py:188} INFO - [2026-03-04T08:16:10.699+0000] {dagbag.py:545} INFO - Filling up the DagBag from /home/airflow/.local/lib/python3.12/site-packages/airflow/example_dags/example_display_name.py
[2026-03-04T08:16:10.701+0000] {processor.py:840} INFO - DAG(s) 'example_display_name' retrieved from /home/airflow/.local/lib/python3.12/site-packages/airflow/example_dags/example_display_name.py
[2026-03-04T08:16:10.711+0000] {logging_mixin.py:188} INFO - [2026-03-04T08:16:10.711+0000] {dag.py:3089} INFO - Sync 1 DAGs
[2026-03-04T08:16:10.716+0000] {logging_mixin.py:188} INFO - [2026-03-04T08:16:10.716+0000] {dag.py:3947} INFO - Setting next_dagrun for example_display_name to None, run_after=None
[2026-03-04T08:16:10.728+0000] {processor.py:183} INFO - Processing /home/airflow/.local/lib/python3.12/site-packages/airflow/example_dags/example_display_name.py took 0.032 seconds
[2026-03-04T08:16:41.298+0000] {processor.py:161} INFO - Started process (PID=10017) to work on /home/airflow/.local/lib/python3.12/site-packages/airflow/example_dags/example_display_name.py
[2026-03-04T08:16:41.299+0000] {processor.py:830} INFO - Processing file /home/airflow/.local/lib/python3.12/site-packages/airflow/example_dags/example_display_name.py for tasks to queue
[2026-03-04T08:16:41.300+0000] {logging_mixin.py:188} INFO - [2026-03-04T08:16:41.300+0000] {dagbag.py:545} INFO - Filling up the DagBag from /home/airflow/.local/lib/python3.12/site-packages/airflow/example_dags/example_display_name.py
[2026-03-04T08:16:41.302+0000] {processor.py:840} INFO - DAG(s) 'example_display_name' retrieved from /home/airflow/.local/lib/python3.12/site-packages/airflow/example_dags/example_display_name.py
[2026-03-04T08:16:41.312+0000] {logging_mixin.py:188} INFO - [2026-03-04T08:16:41.311+0000] {dag.py:3089} INFO - Sync 1 DAGs
[2026-03-04T08:16:41.316+0000] {logging_mixin.py:188} INFO - [2026-03-04T08:16:41.316+0000] {dag.py:3947} INFO - Setting next_dagrun for example_display_name to None, run_after=None
[2026-03-04T08:16:41.325+0000] {processor.py:183} INFO - Processing /home/airflow/.local/lib/python3.12/site-packages/airflow/example_dags/example_display_name.py took 0.029 seconds
[2026-03-04T08:17:12.365+0000] {processor.py:161} INFO - Started process (PID=10279) to work on /home/airflow/.local/lib/python3.12/site-packages/airflow/example_dags/example_display_name.py
[2026-03-04T08:17:12.366+0000] {processor.py:830} INFO - Processing file /home/airflow/.local/lib/python3.12/site-packages/airflow/example_dags/example_display_name.py for tasks to queue
[2026-03-04T08:17:12.367+0000] {logging_mixin.py:188} INFO - [2026-03-04T08:17:12.367+0000] {dagbag.py:545} INFO - Filling up the DagBag from /home/airflow/.local/lib/python3.12/site-packages/airflow/example_dags/example_display_name.py
[2026-03-04T08:17:12.369+0000] {processor.py:840} INFO - DAG(s) 'example_display_name' retrieved from /home/airflow/.local/lib/python3.12/site-packages/airflow/example_dags/example_display_name.py
[2026-03-04T08:17:12.380+0000] {logging_mixin.py:188} INFO - [2026-03-04T08:17:12.380+0000] {dag.py:3089} INFO - Sync 1 DAGs
[2026-03-04T08:17:12.384+0000] {logging_mixin.py:188} INFO - [2026-03-04T08:17:12.384+0000] {dag.py:3947} INFO - Setting next_dagrun for example_display_name to None, run_after=None
[2026-03-04T08:17:12.394+0000] {processor.py:183} INFO - Processing /home/airflow/.local/lib/python3.12/site-packages/airflow/example_dags/example_display_name.py took 0.030 seconds
[2026-03-04T08:17:43.340+0000] {processor.py:161} INFO - Started process (PID=10541) to work on /home/airflow/.local/lib/python3.12/site-packages/airflow/example_dags/example_display_name.py
[2026-03-04T08:17:43.341+0000] {processor.py:830} INFO - Processing file /home/airflow/.local/lib/python3.12/site-packages/airflow/example_dags/example_display_name.py for tasks to queue
[2026-03-04T08:17:43.341+0000] {logging_mixin.py:188} INFO - [2026-03-04T08:17:43.341+0000] {dagbag.py:545} INFO - Filling up the DagBag from /home/airflow/.local/lib/python3.12/site-packages/airflow/example_dags/example_display_name.py
[2026-03-04T08:17:43.343+0000] {processor.py:840} INFO - DAG(s) 'example_display_name' retrieved from /home/airflow/.local/lib/python3.12/site-packages/airflow/example_dags/example_display_name.py
[2026-03-04T08:17:43.351+0000] {logging_mixin.py:188} INFO - [2026-03-04T08:17:43.351+0000] {dag.py:3089} INFO - Sync 1 DAGs
[2026-03-04T08:17:43.425+0000] {logging_mixin.py:188} INFO - [2026-03-04T08:17:43.425+0000] {dag.py:3947} INFO - Setting next_dagrun for example_display_name to None, run_after=None
[2026-03-04T08:17:43.437+0000] {processor.py:183} INFO - Processing /home/airflow/.local/lib/python3.12/site-packages/airflow/example_dags/example_display_name.py took 0.099 seconds
[2026-03-04T08:18:14.558+0000] {processor.py:161} INFO - Started process (PID=10805) to work on /home/airflow/.local/lib/python3.12/site-packages/airflow/example_dags/example_display_name.py
[2026-03-04T08:18:14.559+0000] {processor.py:830} INFO - Processing file /home/airflow/.local/lib/python3.12/site-packages/airflow/example_dags/example_display_name.py for tasks to queue
[2026-03-04T08:18:14.560+0000] {logging_mixin.py:188} INFO - [2026-03-04T08:18:14.560+0000] {dagbag.py:545} INFO - Filling up the DagBag from /home/airflow/.local/lib/python3.12/site-packages/airflow/example_dags/example_display_name.py
[2026-03-04T08:18:14.562+0000] {processor.py:840} INFO - DAG(s) 'example_display_name' retrieved from /home/airflow/.local/lib/python3.12/site-packages/airflow/example_dags/example_display_name.py
[2026-03-04T08:18:14.572+0000] {logging_mixin.py:188} INFO - [2026-03-04T08:18:14.571+0000] {dag.py:3089} INFO - Sync 1 DAGs
[2026-03-04T08:18:14.638+0000] {logging_mixin.py:188} INFO - [2026-03-04T08:18:14.638+0000] {dag.py:3947} INFO - Setting next_dagrun for example_display_name to None, run_after=None
[2026-03-04T08:18:14.647+0000] {processor.py:183} INFO - Processing /home/airflow/.local/lib/python3.12/site-packages/airflow/example_dags/example_display_name.py took 0.091 seconds
[2026-03-04T08:18:44.835+0000] {processor.py:161} INFO - Started process (PID=11065) to work on /home/airflow/.local/lib/python3.12/site-packages/airflow/example_dags/example_display_name.py
[2026-03-04T08:18:44.835+0000] {processor.py:830} INFO - Processing file /home/airflow/.local/lib/python3.12/site-packages/airflow/example_dags/example_display_name.py for tasks to queue
[2026-03-04T08:18:44.836+0000] {logging_mixin.py:188} INFO - [2026-03-04T08:18:44.836+0000] {dagbag.py:545} INFO - Filling up the DagBag from /home/airflow/.local/lib/python3.12/site-packages/airflow/example_dags/example_display_name.py
[2026-03-04T08:18:44.838+0000] {processor.py:840} INFO - DAG(s) 'example_display_name' retrieved from /home/airflow/.local/lib/python3.12/site-packages/airflow/example_dags/example_display_name.py
[2026-03-04T08:18:44.846+0000] {logging_mixin.py:188} INFO - [2026-03-04T08:18:44.845+0000] {dag.py:3089} INFO - Sync 1 DAGs
[2026-03-04T08:18:44.852+0000] {logging_mixin.py:188} INFO - [2026-03-04T08:18:44.852+0000] {dag.py:3947} INFO - Setting next_dagrun for example_display_name to None, run_after=None
[2026-03-04T08:18:44.864+0000] {processor.py:183} INFO - Processing /home/airflow/.local/lib/python3.12/site-packages/airflow/example_dags/example_display_name.py took 0.032 seconds
[2026-03-04T08:19:15.451+0000] {processor.py:161} INFO - Started process (PID=11327) to work on /home/airflow/.local/lib/python3.12/site-packages/airflow/example_dags/example_display_name.py
[2026-03-04T08:19:15.452+0000] {processor.py:830} INFO - Processing file /home/airflow/.local/lib/python3.12/site-packages/airflow/example_dags/example_display_name.py for tasks to queue
[2026-03-04T08:19:15.454+0000] {logging_mixin.py:188} INFO - [2026-03-04T08:19:15.454+0000] {dagbag.py:545} INFO - Filling up the DagBag from /home/airflow/.local/lib/python3.12/site-packages/airflow/example_dags/example_display_name.py
[2026-03-04T08:19:15.457+0000] {processor.py:840} INFO - DAG(s) 'example_display_name' retrieved from /home/airflow/.local/lib/python3.12/site-packages/airflow/example_dags/example_display_name.py
[2026-03-04T08:19:15.466+0000] {logging_mixin.py:188} INFO - [2026-03-04T08:19:15.466+0000] {dag.py:3089} INFO - Sync 1 DAGs
[2026-03-04T08:19:15.472+0000] {logging_mixin.py:188} INFO - [2026-03-04T08:19:15.472+0000] {dag.py:3947} INFO - Setting next_dagrun for example_display_name to None, run_after=None
[2026-03-04T08:19:15.479+0000] {processor.py:183} INFO - Processing /home/airflow/.local/lib/python3.12/site-packages/airflow/example_dags/example_display_name.py took 0.029 seconds
[2026-03-04T08:19:46.030+0000] {processor.py:161} INFO - Started process (PID=11591) to work on /home/airflow/.local/lib/python3.12/site-packages/airflow/example_dags/example_display_name.py
[2026-03-04T08:19:46.030+0000] {processor.py:830} INFO - Processing file /home/airflow/.local/lib/python3.12/site-packages/airflow/example_dags/example_display_name.py for tasks to queue
[2026-03-04T08:19:46.031+0000] {logging_mixin.py:188} INFO - [2026-03-04T08:19:46.031+0000] {dagbag.py:545} INFO - Filling up the DagBag from /home/airflow/.local/lib/python3.12/site-packages/airflow/example_dags/example_display_name.py
[2026-03-04T08:19:46.033+0000] {processor.py:840} INFO - DAG(s) 'example_display_name' retrieved from /home/airflow/.local/lib/python3.12/site-packages/airflow/example_dags/example_display_name.py
[2026-03-04T08:19:46.043+0000] {logging_mixin.py:188} INFO - [2026-03-04T08:19:46.043+0000] {dag.py:3089} INFO - Sync 1 DAGs
[2026-03-04T08:19:46.047+0000] {logging_mixin.py:188} INFO - [2026-03-04T08:19:46.047+0000] {dag.py:3947} INFO - Setting next_dagrun for example_display_name to None, run_after=None
[2026-03-04T08:19:46.057+0000] {processor.py:183} INFO - Processing /home/airflow/.local/lib/python3.12/site-packages/airflow/example_dags/example_display_name.py took 0.030 seconds
[2026-03-04T08:20:16.589+0000] {processor.py:161} INFO - Started process (PID=11851) to work on /home/airflow/.local/lib/python3.12/site-packages/airflow/example_dags/example_display_name.py
[2026-03-04T08:20:16.590+0000] {processor.py:830} INFO - Processing file /home/airflow/.local/lib/python3.12/site-packages/airflow/example_dags/example_display_name.py for tasks to queue
[2026-03-04T08:20:16.591+0000] {logging_mixin.py:188} INFO - [2026-03-04T08:20:16.590+0000] {dagbag.py:545} INFO - Filling up the DagBag from /home/airflow/.local/lib/python3.12/site-packages/airflow/example_dags/example_display_name.py
[2026-03-04T08:20:16.593+0000] {processor.py:840} INFO - DAG(s) 'example_display_name' retrieved from /home/airflow/.local/lib/python3.12/site-packages/airflow/example_dags/example_display_name.py
[2026-03-04T08:20:16.605+0000] {logging_mixin.py:188} INFO - [2026-03-04T08:20:16.605+0000] {dag.py:3089} INFO - Sync 1 DAGs
[2026-03-04T08:20:16.610+0000] {logging_mixin.py:188} INFO - [2026-03-04T08:20:16.610+0000] {dag.py:3947} INFO - Setting next_dagrun for example_display_name to None, run_after=None
[2026-03-04T08:20:16.620+0000] {processor.py:183} INFO - Processing /home/airflow/.local/lib/python3.12/site-packages/airflow/example_dags/example_display_name.py took 0.034 seconds
[2026-03-04T08:37:21.130+0000] {processor.py:161} INFO - Started process (PID=12113) to work on /home/airflow/.local/lib/python3.12/site-packages/airflow/example_dags/example_display_name.py
[2026-03-04T08:37:21.131+0000] {processor.py:830} INFO - Processing file /home/airflow/.local/lib/python3.12/site-packages/airflow/example_dags/example_display_name.py for tasks to queue
[2026-03-04T08:37:21.132+0000] {logging_mixin.py:188} INFO - [2026-03-04T08:37:21.132+0000] {dagbag.py:545} INFO - Filling up the DagBag from /home/airflow/.local/lib/python3.12/site-packages/airflow/example_dags/example_display_name.py
[2026-03-04T08:37:21.260+0000] {processor.py:840} INFO - DAG(s) 'example_display_name' retrieved from /home/airflow/.local/lib/python3.12/site-packages/airflow/example_dags/example_display_name.py
[2026-03-04T08:37:21.280+0000] {logging_mixin.py:188} INFO - [2026-03-04T08:37:21.279+0000] {dag.py:3089} INFO - Sync 1 DAGs
[2026-03-04T08:37:21.287+0000] {logging_mixin.py:188} INFO - [2026-03-04T08:37:21.287+0000] {dag.py:3947} INFO - Setting next_dagrun for example_display_name to None, run_after=None
[2026-03-04T08:37:21.347+0000] {processor.py:183} INFO - Processing /home/airflow/.local/lib/python3.12/site-packages/airflow/example_dags/example_display_name.py took 0.218 seconds
[2026-03-04T08:46:11.626+0000] {processor.py:161} INFO - Started process (PID=12375) to work on /home/airflow/.local/lib/python3.12/site-packages/airflow/example_dags/example_display_name.py
[2026-03-04T08:46:11.626+0000] {processor.py:830} INFO - Processing file /home/airflow/.local/lib/python3.12/site-packages/airflow/example_dags/example_display_name.py for tasks to queue
[2026-03-04T08:46:11.627+0000] {logging_mixin.py:188} INFO - [2026-03-04T08:46:11.627+0000] {dagbag.py:545} INFO - Filling up the DagBag from /home/airflow/.local/lib/python3.12/site-packages/airflow/example_dags/example_display_name.py
[2026-03-04T08:46:11.629+0000] {processor.py:840} INFO - DAG(s) 'example_display_name' retrieved from /home/airflow/.local/lib/python3.12/site-packages/airflow/example_dags/example_display_name.py
[2026-03-04T08:46:11.636+0000] {logging_mixin.py:188} INFO - [2026-03-04T08:46:11.636+0000] {dag.py:3089} INFO - Sync 1 DAGs
[2026-03-04T08:46:11.641+0000] {logging_mixin.py:188} INFO - [2026-03-04T08:46:11.641+0000] {dag.py:3947} INFO - Setting next_dagrun for example_display_name to None, run_after=None
[2026-03-04T08:46:11.652+0000] {processor.py:183} INFO - Processing /home/airflow/.local/lib/python3.12/site-packages/airflow/example_dags/example_display_name.py took 0.028 seconds
[2026-03-04T08:46:42.253+0000] {processor.py:161} INFO - Started process (PID=12637) to work on /home/airflow/.local/lib/python3.12/site-packages/airflow/example_dags/example_display_name.py
[2026-03-04T08:46:42.254+0000] {processor.py:830} INFO - Processing file /home/airflow/.local/lib/python3.12/site-packages/airflow/example_dags/example_display_name.py for tasks to queue
[2026-03-04T08:46:42.255+0000] {logging_mixin.py:188} INFO - [2026-03-04T08:46:42.255+0000] {dagbag.py:545} INFO - Filling up the DagBag from /home/airflow/.local/lib/python3.12/site-packages/airflow/example_dags/example_display_name.py
[2026-03-04T08:46:42.257+0000] {processor.py:840} INFO - DAG(s) 'example_display_name' retrieved from /home/airflow/.local/lib/python3.12/site-packages/airflow/example_dags/example_display_name.py
[2026-03-04T08:46:42.266+0000] {logging_mixin.py:188} INFO - [2026-03-04T08:46:42.265+0000] {dag.py:3089} INFO - Sync 1 DAGs
[2026-03-04T08:46:42.272+0000] {logging_mixin.py:188} INFO - [2026-03-04T08:46:42.272+0000] {dag.py:3947} INFO - Setting next_dagrun for example_display_name to None, run_after=None
[2026-03-04T08:46:42.278+0000] {processor.py:183} INFO - Processing /home/airflow/.local/lib/python3.12/site-packages/airflow/example_dags/example_display_name.py took 0.027 seconds
[2026-03-04T08:47:12.779+0000] {processor.py:161} INFO - Started process (PID=12899) to work on /home/airflow/.local/lib/python3.12/site-packages/airflow/example_dags/example_display_name.py
[2026-03-04T08:47:12.780+0000] {processor.py:830} INFO - Processing file /home/airflow/.local/lib/python3.12/site-packages/airflow/example_dags/example_display_name.py for tasks to queue
[2026-03-04T08:47:12.781+0000] {logging_mixin.py:188} INFO - [2026-03-04T08:47:12.781+0000] {dagbag.py:545} INFO - Filling up the DagBag from /home/airflow/.local/lib/python3.12/site-packages/airflow/example_dags/example_display_name.py
[2026-03-04T08:47:12.784+0000] {processor.py:840} INFO - DAG(s) 'example_display_name' retrieved from /home/airflow/.local/lib/python3.12/site-packages/airflow/example_dags/example_display_name.py
[2026-03-04T08:47:12.792+0000] {logging_mixin.py:188} INFO - [2026-03-04T08:47:12.792+0000] {dag.py:3089} INFO - Sync 1 DAGs
[2026-03-04T08:47:12.798+0000] {logging_mixin.py:188} INFO - [2026-03-04T08:47:12.798+0000] {dag.py:3947} INFO - Setting next_dagrun for example_display_name to None, run_after=None
[2026-03-04T08:47:12.803+0000] {processor.py:183} INFO - Processing /home/airflow/.local/lib/python3.12/site-packages/airflow/example_dags/example_display_name.py took 0.026 seconds
[2026-03-04T08:47:43.296+0000] {processor.py:161} INFO - Started process (PID=13161) to work on /home/airflow/.local/lib/python3.12/site-packages/airflow/example_dags/example_display_name.py
[2026-03-04T08:47:43.297+0000] {processor.py:830} INFO - Processing file /home/airflow/.local/lib/python3.12/site-packages/airflow/example_dags/example_display_name.py for tasks to queue
[2026-03-04T08:47:43.298+0000] {logging_mixin.py:188} INFO - [2026-03-04T08:47:43.298+0000] {dagbag.py:545} INFO - Filling up the DagBag from /home/airflow/.local/lib/python3.12/site-packages/airflow/example_dags/example_display_name.py
[2026-03-04T08:47:43.300+0000] {processor.py:840} INFO - DAG(s) 'example_display_name' retrieved from /home/airflow/.local/lib/python3.12/site-packages/airflow/example_dags/example_display_name.py
[2026-03-04T08:47:43.309+0000] {logging_mixin.py:188} INFO - [2026-03-04T08:47:43.309+0000] {dag.py:3089} INFO - Sync 1 DAGs
[2026-03-04T08:47:43.315+0000] {logging_mixin.py:188} INFO - [2026-03-04T08:47:43.315+0000] {dag.py:3947} INFO - Setting next_dagrun for example_display_name to None, run_after=None
[2026-03-04T08:47:43.324+0000] {processor.py:183} INFO - Processing /home/airflow/.local/lib/python3.12/site-packages/airflow/example_dags/example_display_name.py took 0.030 seconds
[2026-03-04T08:48:13.787+0000] {processor.py:161} INFO - Started process (PID=13423) to work on /home/airflow/.local/lib/python3.12/site-packages/airflow/example_dags/example_display_name.py
[2026-03-04T08:48:13.789+0000] {processor.py:830} INFO - Processing file /home/airflow/.local/lib/python3.12/site-packages/airflow/example_dags/example_display_name.py for tasks to queue
[2026-03-04T08:48:13.790+0000] {logging_mixin.py:188} INFO - [2026-03-04T08:48:13.790+0000] {dagbag.py:545} INFO - Filling up the DagBag from /home/airflow/.local/lib/python3.12/site-packages/airflow/example_dags/example_display_name.py
[2026-03-04T08:48:13.792+0000] {processor.py:840} INFO - DAG(s) 'example_display_name' retrieved from /home/airflow/.local/lib/python3.12/site-packages/airflow/example_dags/example_display_name.py
[2026-03-04T08:48:13.803+0000] {logging_mixin.py:188} INFO - [2026-03-04T08:48:13.803+0000] {dag.py:3089} INFO - Sync 1 DAGs
[2026-03-04T08:48:13.808+0000] {logging_mixin.py:188} INFO - [2026-03-04T08:48:13.808+0000] {dag.py:3947} INFO - Setting next_dagrun for example_display_name to None, run_after=None
[2026-03-04T08:48:13.818+0000] {processor.py:183} INFO - Processing /home/airflow/.local/lib/python3.12/site-packages/airflow/example_dags/example_display_name.py took 0.033 seconds
[2026-03-04T08:48:44.379+0000] {processor.py:161} INFO - Started process (PID=13685) to work on /home/airflow/.local/lib/python3.12/site-packages/airflow/example_dags/example_display_name.py
[2026-03-04T08:48:44.381+0000] {processor.py:830} INFO - Processing file /home/airflow/.local/lib/python3.12/site-packages/airflow/example_dags/example_display_name.py for tasks to queue
[2026-03-04T08:48:44.381+0000] {logging_mixin.py:188} INFO - [2026-03-04T08:48:44.381+0000] {dagbag.py:545} INFO - Filling up the DagBag from /home/airflow/.local/lib/python3.12/site-packages/airflow/example_dags/example_display_name.py
[2026-03-04T08:48:44.383+0000] {processor.py:840} INFO - DAG(s) 'example_display_name' retrieved from /home/airflow/.local/lib/python3.12/site-packages/airflow/example_dags/example_display_name.py
[2026-03-04T08:48:44.392+0000] {logging_mixin.py:188} INFO - [2026-03-04T08:48:44.392+0000] {dag.py:3089} INFO - Sync 1 DAGs
[2026-03-04T08:48:44.398+0000] {logging_mixin.py:188} INFO - [2026-03-04T08:48:44.398+0000] {dag.py:3947} INFO - Setting next_dagrun for example_display_name to None, run_after=None
[2026-03-04T08:48:44.408+0000] {processor.py:183} INFO - Processing /home/airflow/.local/lib/python3.12/site-packages/airflow/example_dags/example_display_name.py took 0.031 seconds
[2026-03-04T08:49:14.963+0000] {processor.py:161} INFO - Started process (PID=13947) to work on /home/airflow/.local/lib/python3.12/site-packages/airflow/example_dags/example_display_name.py
[2026-03-04T08:49:14.963+0000] {processor.py:830} INFO - Processing file /home/airflow/.local/lib/python3.12/site-packages/airflow/example_dags/example_display_name.py for tasks to queue
[2026-03-04T08:49:14.966+0000] {logging_mixin.py:188} INFO - [2026-03-04T08:49:14.966+0000] {dagbag.py:545} INFO - Filling up the DagBag from /home/airflow/.local/lib/python3.12/site-packages/airflow/example_dags/example_display_name.py
[2026-03-04T08:49:14.968+0000] {processor.py:840} INFO - DAG(s) 'example_display_name' retrieved from /home/airflow/.local/lib/python3.12/site-packages/airflow/example_dags/example_display_name.py
[2026-03-04T08:49:14.976+0000] {logging_mixin.py:188} INFO - [2026-03-04T08:49:14.976+0000] {dag.py:3089} INFO - Sync 1 DAGs
[2026-03-04T08:49:14.982+0000] {logging_mixin.py:188} INFO - [2026-03-04T08:49:14.982+0000] {dag.py:3947} INFO - Setting next_dagrun for example_display_name to None, run_after=None
[2026-03-04T08:49:14.991+0000] {processor.py:183} INFO - Processing /home/airflow/.local/lib/python3.12/site-packages/airflow/example_dags/example_display_name.py took 0.030 seconds
[2026-03-04T08:49:45.545+0000] {processor.py:161} INFO - Started process (PID=14209) to work on /home/airflow/.local/lib/python3.12/site-packages/airflow/example_dags/example_display_name.py
[2026-03-04T08:49:45.546+0000] {processor.py:830} INFO - Processing file /home/airflow/.local/lib/python3.12/site-packages/airflow/example_dags/example_display_name.py for tasks to queue
[2026-03-04T08:49:45.546+0000] {logging_mixin.py:188} INFO - [2026-03-04T08:49:45.546+0000] {dagbag.py:545} INFO - Filling up the DagBag from /home/airflow/.local/lib/python3.12/site-packages/airflow/example_dags/example_display_name.py
[2026-03-04T08:49:45.548+0000] {processor.py:840} INFO - DAG(s) 'example_display_name' retrieved from /home/airflow/.local/lib/python3.12/site-packages/airflow/example_dags/example_display_name.py
[2026-03-04T08:49:45.555+0000] {logging_mixin.py:188} INFO - [2026-03-04T08:49:45.555+0000] {dag.py:3089} INFO - Sync 1 DAGs
[2026-03-04T08:49:45.560+0000] {logging_mixin.py:188} INFO - [2026-03-04T08:49:45.560+0000] {dag.py:3947} INFO - Setting next_dagrun for example_display_name to None, run_after=None
[2026-03-04T08:49:45.569+0000] {processor.py:183} INFO - Processing /home/airflow/.local/lib/python3.12/site-packages/airflow/example_dags/example_display_name.py took 0.026 seconds
[2026-03-04T08:50:16.051+0000] {processor.py:161} INFO - Started process (PID=14471) to work on /home/airflow/.local/lib/python3.12/site-packages/airflow/example_dags/example_display_name.py
[2026-03-04T08:50:16.052+0000] {processor.py:830} INFO - Processing file /home/airflow/.local/lib/python3.12/site-packages/airflow/example_dags/example_display_name.py for tasks to queue
[2026-03-04T08:50:16.053+0000] {logging_mixin.py:188} INFO - [2026-03-04T08:50:16.053+0000] {dagbag.py:545} INFO - Filling up the DagBag from /home/airflow/.local/lib/python3.12/site-packages/airflow/example_dags/example_display_name.py
[2026-03-04T08:50:16.055+0000] {processor.py:840} INFO - DAG(s) 'example_display_name' retrieved from /home/airflow/.local/lib/python3.12/site-packages/airflow/example_dags/example_display_name.py
[2026-03-04T08:50:16.070+0000] {logging_mixin.py:188} INFO - [2026-03-04T08:50:16.070+0000] {dag.py:3089} INFO - Sync 1 DAGs
[2026-03-04T08:50:16.076+0000] {logging_mixin.py:188} INFO - [2026-03-04T08:50:16.076+0000] {dag.py:3947} INFO - Setting next_dagrun for example_display_name to None, run_after=None
[2026-03-04T08:50:16.085+0000] {processor.py:183} INFO - Processing /home/airflow/.local/lib/python3.12/site-packages/airflow/example_dags/example_display_name.py took 0.037 seconds
[2026-03-04T08:50:46.642+0000] {processor.py:161} INFO - Started process (PID=14733) to work on /home/airflow/.local/lib/python3.12/site-packages/airflow/example_dags/example_display_name.py
[2026-03-04T08:50:46.642+0000] {processor.py:830} INFO - Processing file /home/airflow/.local/lib/python3.12/site-packages/airflow/example_dags/example_display_name.py for tasks to queue
[2026-03-04T08:50:46.643+0000] {logging_mixin.py:188} INFO - [2026-03-04T08:50:46.643+0000] {dagbag.py:545} INFO - Filling up the DagBag from /home/airflow/.local/lib/python3.12/site-packages/airflow/example_dags/example_display_name.py
[2026-03-04T08:50:46.645+0000] {processor.py:840} INFO - DAG(s) 'example_display_name' retrieved from /home/airflow/.local/lib/python3.12/site-packages/airflow/example_dags/example_display_name.py
[2026-03-04T08:50:46.656+0000] {logging_mixin.py:188} INFO - [2026-03-04T08:50:46.656+0000] {dag.py:3089} INFO - Sync 1 DAGs
[2026-03-04T08:50:46.661+0000] {logging_mixin.py:188} INFO - [2026-03-04T08:50:46.661+0000] {dag.py:3947} INFO - Setting next_dagrun for example_display_name to None, run_after=None
[2026-03-04T08:50:46.672+0000] {processor.py:183} INFO - Processing /home/airflow/.local/lib/python3.12/site-packages/airflow/example_dags/example_display_name.py took 0.032 seconds
