[2026-03-04T07:57:50.064+0000] {processor.py:161} INFO - Started process (PID=272) to work on /home/airflow/.local/lib/python3.12/site-packages/airflow/example_dags/example_xcom.py
[2026-03-04T07:57:50.065+0000] {processor.py:830} INFO - Processing file /home/airflow/.local/lib/python3.12/site-packages/airflow/example_dags/example_xcom.py for tasks to queue
[2026-03-04T07:57:50.065+0000] {logging_mixin.py:188} INFO - [2026-03-04T07:57:50.065+0000] {dagbag.py:545} INFO - Filling up the DagBag from /home/airflow/.local/lib/python3.12/site-packages/airflow/example_dags/example_xcom.py
[2026-03-04T07:57:50.070+0000] {processor.py:840} INFO - DAG(s) 'example_xcom' retrieved from /home/airflow/.local/lib/python3.12/site-packages/airflow/example_dags/example_xcom.py
[2026-03-04T07:57:50.120+0000] {logging_mixin.py:188} INFO - [2026-03-04T07:57:50.120+0000] {override.py:1858} INFO - Created Permission View: can delete on DAG:example_xcom
[2026-03-04T07:57:50.124+0000] {logging_mixin.py:188} INFO - [2026-03-04T07:57:50.124+0000] {override.py:1858} INFO - Created Permission View: can read on DAG:example_xcom
[2026-03-04T07:57:50.125+0000] {logging_mixin.py:188} INFO - [2026-03-04T07:57:50.125+0000] {override.py:1858} INFO - Created Permission View: can edit on DAG:example_xcom
[2026-03-04T07:57:50.126+0000] {logging_mixin.py:188} INFO - [2026-03-04T07:57:50.125+0000] {dag.py:3089} INFO - Sync 1 DAGs
[2026-03-04T07:57:50.129+0000] {logging_mixin.py:188} INFO - [2026-03-04T07:57:50.129+0000] {dag.py:3111} INFO - Creating ORM DAG for example_xcom
[2026-03-04T07:57:50.136+0000] {logging_mixin.py:188} INFO - [2026-03-04T07:57:50.136+0000] {dag.py:3947} INFO - Setting next_dagrun for example_xcom to 2021-01-01 00:00:00+00:00, run_after=2021-01-01 00:00:00+00:00
[2026-03-04T07:57:50.145+0000] {processor.py:183} INFO - Processing /home/airflow/.local/lib/python3.12/site-packages/airflow/example_dags/example_xcom.py took 0.084 seconds
[2026-03-04T07:58:20.452+0000] {processor.py:161} INFO - Started process (PID=534) to work on /home/airflow/.local/lib/python3.12/site-packages/airflow/example_dags/example_xcom.py
[2026-03-04T07:58:20.452+0000] {processor.py:830} INFO - Processing file /home/airflow/.local/lib/python3.12/site-packages/airflow/example_dags/example_xcom.py for tasks to queue
[2026-03-04T07:58:20.453+0000] {logging_mixin.py:188} INFO - [2026-03-04T07:58:20.453+0000] {dagbag.py:545} INFO - Filling up the DagBag from /home/airflow/.local/lib/python3.12/site-packages/airflow/example_dags/example_xcom.py
[2026-03-04T07:58:20.456+0000] {processor.py:840} INFO - DAG(s) 'example_xcom' retrieved from /home/airflow/.local/lib/python3.12/site-packages/airflow/example_dags/example_xcom.py
[2026-03-04T07:58:20.467+0000] {logging_mixin.py:188} INFO - [2026-03-04T07:58:20.467+0000] {dag.py:3089} INFO - Sync 1 DAGs
[2026-03-04T07:58:20.476+0000] {logging_mixin.py:188} INFO - [2026-03-04T07:58:20.476+0000] {dag.py:3947} INFO - Setting next_dagrun for example_xcom to 2021-01-01 00:00:00+00:00, run_after=2021-01-01 00:00:00+00:00
[2026-03-04T07:58:20.484+0000] {processor.py:183} INFO - Processing /home/airflow/.local/lib/python3.12/site-packages/airflow/example_dags/example_xcom.py took 0.034 seconds
[2026-03-04T07:58:50.993+0000] {processor.py:161} INFO - Started process (PID=798) to work on /home/airflow/.local/lib/python3.12/site-packages/airflow/example_dags/example_xcom.py
[2026-03-04T07:58:50.993+0000] {processor.py:830} INFO - Processing file /home/airflow/.local/lib/python3.12/site-packages/airflow/example_dags/example_xcom.py for tasks to queue
[2026-03-04T07:58:50.994+0000] {logging_mixin.py:188} INFO - [2026-03-04T07:58:50.994+0000] {dagbag.py:545} INFO - Filling up the DagBag from /home/airflow/.local/lib/python3.12/site-packages/airflow/example_dags/example_xcom.py
[2026-03-04T07:58:50.997+0000] {processor.py:840} INFO - DAG(s) 'example_xcom' retrieved from /home/airflow/.local/lib/python3.12/site-packages/airflow/example_dags/example_xcom.py
[2026-03-04T07:58:51.008+0000] {logging_mixin.py:188} INFO - [2026-03-04T07:58:51.007+0000] {dag.py:3089} INFO - Sync 1 DAGs
[2026-03-04T07:58:51.017+0000] {logging_mixin.py:188} INFO - [2026-03-04T07:58:51.017+0000] {dag.py:3947} INFO - Setting next_dagrun for example_xcom to 2021-01-01 00:00:00+00:00, run_after=2021-01-01 00:00:00+00:00
[2026-03-04T07:58:51.027+0000] {processor.py:183} INFO - Processing /home/airflow/.local/lib/python3.12/site-packages/airflow/example_dags/example_xcom.py took 0.036 seconds
[2026-03-04T07:59:21.501+0000] {processor.py:161} INFO - Started process (PID=1058) to work on /home/airflow/.local/lib/python3.12/site-packages/airflow/example_dags/example_xcom.py
[2026-03-04T07:59:21.503+0000] {processor.py:830} INFO - Processing file /home/airflow/.local/lib/python3.12/site-packages/airflow/example_dags/example_xcom.py for tasks to queue
[2026-03-04T07:59:21.503+0000] {logging_mixin.py:188} INFO - [2026-03-04T07:59:21.503+0000] {dagbag.py:545} INFO - Filling up the DagBag from /home/airflow/.local/lib/python3.12/site-packages/airflow/example_dags/example_xcom.py
[2026-03-04T07:59:21.506+0000] {processor.py:840} INFO - DAG(s) 'example_xcom' retrieved from /home/airflow/.local/lib/python3.12/site-packages/airflow/example_dags/example_xcom.py
[2026-03-04T07:59:21.515+0000] {logging_mixin.py:188} INFO - [2026-03-04T07:59:21.515+0000] {dag.py:3089} INFO - Sync 1 DAGs
[2026-03-04T07:59:21.522+0000] {logging_mixin.py:188} INFO - [2026-03-04T07:59:21.522+0000] {dag.py:3947} INFO - Setting next_dagrun for example_xcom to 2021-01-01 00:00:00+00:00, run_after=2021-01-01 00:00:00+00:00
[2026-03-04T07:59:21.529+0000] {processor.py:183} INFO - Processing /home/airflow/.local/lib/python3.12/site-packages/airflow/example_dags/example_xcom.py took 0.030 seconds
[2026-03-04T07:59:52.178+0000] {processor.py:161} INFO - Started process (PID=1320) to work on /home/airflow/.local/lib/python3.12/site-packages/airflow/example_dags/example_xcom.py
[2026-03-04T07:59:52.179+0000] {processor.py:830} INFO - Processing file /home/airflow/.local/lib/python3.12/site-packages/airflow/example_dags/example_xcom.py for tasks to queue
[2026-03-04T07:59:52.181+0000] {logging_mixin.py:188} INFO - [2026-03-04T07:59:52.180+0000] {dagbag.py:545} INFO - Filling up the DagBag from /home/airflow/.local/lib/python3.12/site-packages/airflow/example_dags/example_xcom.py
[2026-03-04T07:59:52.186+0000] {processor.py:840} INFO - DAG(s) 'example_xcom' retrieved from /home/airflow/.local/lib/python3.12/site-packages/airflow/example_dags/example_xcom.py
[2026-03-04T07:59:52.198+0000] {logging_mixin.py:188} INFO - [2026-03-04T07:59:52.198+0000] {dag.py:3089} INFO - Sync 1 DAGs
[2026-03-04T07:59:52.211+0000] {logging_mixin.py:188} INFO - [2026-03-04T07:59:52.211+0000] {dag.py:3947} INFO - Setting next_dagrun for example_xcom to 2021-01-01 00:00:00+00:00, run_after=2021-01-01 00:00:00+00:00
[2026-03-04T07:59:52.218+0000] {processor.py:183} INFO - Processing /home/airflow/.local/lib/python3.12/site-packages/airflow/example_dags/example_xcom.py took 0.043 seconds
[2026-03-04T08:00:22.844+0000] {processor.py:161} INFO - Started process (PID=1582) to work on /home/airflow/.local/lib/python3.12/site-packages/airflow/example_dags/example_xcom.py
[2026-03-04T08:00:22.845+0000] {processor.py:830} INFO - Processing file /home/airflow/.local/lib/python3.12/site-packages/airflow/example_dags/example_xcom.py for tasks to queue
[2026-03-04T08:00:22.845+0000] {logging_mixin.py:188} INFO - [2026-03-04T08:00:22.845+0000] {dagbag.py:545} INFO - Filling up the DagBag from /home/airflow/.local/lib/python3.12/site-packages/airflow/example_dags/example_xcom.py
[2026-03-04T08:00:22.849+0000] {processor.py:840} INFO - DAG(s) 'example_xcom' retrieved from /home/airflow/.local/lib/python3.12/site-packages/airflow/example_dags/example_xcom.py
[2026-03-04T08:00:22.859+0000] {logging_mixin.py:188} INFO - [2026-03-04T08:00:22.859+0000] {dag.py:3089} INFO - Sync 1 DAGs
[2026-03-04T08:00:22.867+0000] {logging_mixin.py:188} INFO - [2026-03-04T08:00:22.867+0000] {dag.py:3947} INFO - Setting next_dagrun for example_xcom to 2021-01-01 00:00:00+00:00, run_after=2021-01-01 00:00:00+00:00
[2026-03-04T08:00:22.872+0000] {processor.py:183} INFO - Processing /home/airflow/.local/lib/python3.12/site-packages/airflow/example_dags/example_xcom.py took 0.030 seconds
[2026-03-04T08:00:53.428+0000] {processor.py:161} INFO - Started process (PID=1844) to work on /home/airflow/.local/lib/python3.12/site-packages/airflow/example_dags/example_xcom.py
[2026-03-04T08:00:53.429+0000] {processor.py:830} INFO - Processing file /home/airflow/.local/lib/python3.12/site-packages/airflow/example_dags/example_xcom.py for tasks to queue
[2026-03-04T08:00:53.430+0000] {logging_mixin.py:188} INFO - [2026-03-04T08:00:53.430+0000] {dagbag.py:545} INFO - Filling up the DagBag from /home/airflow/.local/lib/python3.12/site-packages/airflow/example_dags/example_xcom.py
[2026-03-04T08:00:53.435+0000] {processor.py:840} INFO - DAG(s) 'example_xcom' retrieved from /home/airflow/.local/lib/python3.12/site-packages/airflow/example_dags/example_xcom.py
[2026-03-04T08:00:53.444+0000] {logging_mixin.py:188} INFO - [2026-03-04T08:00:53.444+0000] {dag.py:3089} INFO - Sync 1 DAGs
[2026-03-04T08:00:53.452+0000] {logging_mixin.py:188} INFO - [2026-03-04T08:00:53.452+0000] {dag.py:3947} INFO - Setting next_dagrun for example_xcom to 2021-01-01 00:00:00+00:00, run_after=2021-01-01 00:00:00+00:00
[2026-03-04T08:00:53.458+0000] {processor.py:183} INFO - Processing /home/airflow/.local/lib/python3.12/site-packages/airflow/example_dags/example_xcom.py took 0.032 seconds
[2026-03-04T08:01:24.055+0000] {processor.py:161} INFO - Started process (PID=2106) to work on /home/airflow/.local/lib/python3.12/site-packages/airflow/example_dags/example_xcom.py
[2026-03-04T08:01:24.056+0000] {processor.py:830} INFO - Processing file /home/airflow/.local/lib/python3.12/site-packages/airflow/example_dags/example_xcom.py for tasks to queue
[2026-03-04T08:01:24.057+0000] {logging_mixin.py:188} INFO - [2026-03-04T08:01:24.057+0000] {dagbag.py:545} INFO - Filling up the DagBag from /home/airflow/.local/lib/python3.12/site-packages/airflow/example_dags/example_xcom.py
[2026-03-04T08:01:24.061+0000] {processor.py:840} INFO - DAG(s) 'example_xcom' retrieved from /home/airflow/.local/lib/python3.12/site-packages/airflow/example_dags/example_xcom.py
[2026-03-04T08:01:24.072+0000] {logging_mixin.py:188} INFO - [2026-03-04T08:01:24.072+0000] {dag.py:3089} INFO - Sync 1 DAGs
[2026-03-04T08:01:24.081+0000] {logging_mixin.py:188} INFO - [2026-03-04T08:01:24.081+0000] {dag.py:3947} INFO - Setting next_dagrun for example_xcom to 2021-01-01 00:00:00+00:00, run_after=2021-01-01 00:00:00+00:00
[2026-03-04T08:01:24.089+0000] {processor.py:183} INFO - Processing /home/airflow/.local/lib/python3.12/site-packages/airflow/example_dags/example_xcom.py took 0.036 seconds
[2026-03-04T08:01:54.630+0000] {processor.py:161} INFO - Started process (PID=2370) to work on /home/airflow/.local/lib/python3.12/site-packages/airflow/example_dags/example_xcom.py
[2026-03-04T08:01:54.631+0000] {processor.py:830} INFO - Processing file /home/airflow/.local/lib/python3.12/site-packages/airflow/example_dags/example_xcom.py for tasks to queue
[2026-03-04T08:01:54.632+0000] {logging_mixin.py:188} INFO - [2026-03-04T08:01:54.632+0000] {dagbag.py:545} INFO - Filling up the DagBag from /home/airflow/.local/lib/python3.12/site-packages/airflow/example_dags/example_xcom.py
[2026-03-04T08:01:54.634+0000] {processor.py:840} INFO - DAG(s) 'example_xcom' retrieved from /home/airflow/.local/lib/python3.12/site-packages/airflow/example_dags/example_xcom.py
[2026-03-04T08:01:54.650+0000] {logging_mixin.py:188} INFO - [2026-03-04T08:01:54.650+0000] {dag.py:3089} INFO - Sync 1 DAGs
[2026-03-04T08:01:54.658+0000] {logging_mixin.py:188} INFO - [2026-03-04T08:01:54.657+0000] {dag.py:3947} INFO - Setting next_dagrun for example_xcom to 2021-01-01 00:00:00+00:00, run_after=2021-01-01 00:00:00+00:00
[2026-03-04T08:01:54.667+0000] {processor.py:183} INFO - Processing /home/airflow/.local/lib/python3.12/site-packages/airflow/example_dags/example_xcom.py took 0.040 seconds
[2026-03-04T08:02:25.147+0000] {processor.py:161} INFO - Started process (PID=2632) to work on /home/airflow/.local/lib/python3.12/site-packages/airflow/example_dags/example_xcom.py
[2026-03-04T08:02:25.149+0000] {processor.py:830} INFO - Processing file /home/airflow/.local/lib/python3.12/site-packages/airflow/example_dags/example_xcom.py for tasks to queue
[2026-03-04T08:02:25.149+0000] {logging_mixin.py:188} INFO - [2026-03-04T08:02:25.149+0000] {dagbag.py:545} INFO - Filling up the DagBag from /home/airflow/.local/lib/python3.12/site-packages/airflow/example_dags/example_xcom.py
[2026-03-04T08:02:25.152+0000] {processor.py:840} INFO - DAG(s) 'example_xcom' retrieved from /home/airflow/.local/lib/python3.12/site-packages/airflow/example_dags/example_xcom.py
[2026-03-04T08:02:25.163+0000] {logging_mixin.py:188} INFO - [2026-03-04T08:02:25.162+0000] {dag.py:3089} INFO - Sync 1 DAGs
[2026-03-04T08:02:25.172+0000] {logging_mixin.py:188} INFO - [2026-03-04T08:02:25.172+0000] {dag.py:3947} INFO - Setting next_dagrun for example_xcom to 2021-01-01 00:00:00+00:00, run_after=2021-01-01 00:00:00+00:00
[2026-03-04T08:02:25.182+0000] {processor.py:183} INFO - Processing /home/airflow/.local/lib/python3.12/site-packages/airflow/example_dags/example_xcom.py took 0.037 seconds
[2026-03-04T08:02:55.639+0000] {processor.py:161} INFO - Started process (PID=2892) to work on /home/airflow/.local/lib/python3.12/site-packages/airflow/example_dags/example_xcom.py
[2026-03-04T08:02:55.639+0000] {processor.py:830} INFO - Processing file /home/airflow/.local/lib/python3.12/site-packages/airflow/example_dags/example_xcom.py for tasks to queue
[2026-03-04T08:02:55.640+0000] {logging_mixin.py:188} INFO - [2026-03-04T08:02:55.640+0000] {dagbag.py:545} INFO - Filling up the DagBag from /home/airflow/.local/lib/python3.12/site-packages/airflow/example_dags/example_xcom.py
[2026-03-04T08:02:55.643+0000] {processor.py:840} INFO - DAG(s) 'example_xcom' retrieved from /home/airflow/.local/lib/python3.12/site-packages/airflow/example_dags/example_xcom.py
[2026-03-04T08:02:55.654+0000] {logging_mixin.py:188} INFO - [2026-03-04T08:02:55.654+0000] {dag.py:3089} INFO - Sync 1 DAGs
[2026-03-04T08:02:55.664+0000] {logging_mixin.py:188} INFO - [2026-03-04T08:02:55.663+0000] {dag.py:3947} INFO - Setting next_dagrun for example_xcom to 2021-01-01 00:00:00+00:00, run_after=2021-01-01 00:00:00+00:00
[2026-03-04T08:02:55.673+0000] {processor.py:183} INFO - Processing /home/airflow/.local/lib/python3.12/site-packages/airflow/example_dags/example_xcom.py took 0.036 seconds
[2026-03-04T08:03:26.239+0000] {processor.py:161} INFO - Started process (PID=3154) to work on /home/airflow/.local/lib/python3.12/site-packages/airflow/example_dags/example_xcom.py
[2026-03-04T08:03:26.239+0000] {processor.py:830} INFO - Processing file /home/airflow/.local/lib/python3.12/site-packages/airflow/example_dags/example_xcom.py for tasks to queue
[2026-03-04T08:03:26.240+0000] {logging_mixin.py:188} INFO - [2026-03-04T08:03:26.240+0000] {dagbag.py:545} INFO - Filling up the DagBag from /home/airflow/.local/lib/python3.12/site-packages/airflow/example_dags/example_xcom.py
[2026-03-04T08:03:26.246+0000] {processor.py:840} INFO - DAG(s) 'example_xcom' retrieved from /home/airflow/.local/lib/python3.12/site-packages/airflow/example_dags/example_xcom.py
[2026-03-04T08:03:26.257+0000] {logging_mixin.py:188} INFO - [2026-03-04T08:03:26.257+0000] {dag.py:3089} INFO - Sync 1 DAGs
[2026-03-04T08:03:26.264+0000] {logging_mixin.py:188} INFO - [2026-03-04T08:03:26.264+0000] {dag.py:3947} INFO - Setting next_dagrun for example_xcom to 2021-01-01 00:00:00+00:00, run_after=2021-01-01 00:00:00+00:00
[2026-03-04T08:03:26.272+0000] {processor.py:183} INFO - Processing /home/airflow/.local/lib/python3.12/site-packages/airflow/example_dags/example_xcom.py took 0.035 seconds
[2026-03-04T08:03:56.773+0000] {processor.py:161} INFO - Started process (PID=3416) to work on /home/airflow/.local/lib/python3.12/site-packages/airflow/example_dags/example_xcom.py
[2026-03-04T08:03:56.774+0000] {processor.py:830} INFO - Processing file /home/airflow/.local/lib/python3.12/site-packages/airflow/example_dags/example_xcom.py for tasks to queue
[2026-03-04T08:03:56.776+0000] {logging_mixin.py:188} INFO - [2026-03-04T08:03:56.776+0000] {dagbag.py:545} INFO - Filling up the DagBag from /home/airflow/.local/lib/python3.12/site-packages/airflow/example_dags/example_xcom.py
[2026-03-04T08:03:56.778+0000] {processor.py:840} INFO - DAG(s) 'example_xcom' retrieved from /home/airflow/.local/lib/python3.12/site-packages/airflow/example_dags/example_xcom.py
[2026-03-04T08:03:56.787+0000] {logging_mixin.py:188} INFO - [2026-03-04T08:03:56.787+0000] {dag.py:3089} INFO - Sync 1 DAGs
[2026-03-04T08:03:56.797+0000] {logging_mixin.py:188} INFO - [2026-03-04T08:03:56.797+0000] {dag.py:3947} INFO - Setting next_dagrun for example_xcom to 2021-01-01 00:00:00+00:00, run_after=2021-01-01 00:00:00+00:00
[2026-03-04T08:03:56.806+0000] {processor.py:183} INFO - Processing /home/airflow/.local/lib/python3.12/site-packages/airflow/example_dags/example_xcom.py took 0.035 seconds
[2026-03-04T08:04:27.369+0000] {processor.py:161} INFO - Started process (PID=3678) to work on /home/airflow/.local/lib/python3.12/site-packages/airflow/example_dags/example_xcom.py
[2026-03-04T08:04:27.370+0000] {processor.py:830} INFO - Processing file /home/airflow/.local/lib/python3.12/site-packages/airflow/example_dags/example_xcom.py for tasks to queue
[2026-03-04T08:04:27.371+0000] {logging_mixin.py:188} INFO - [2026-03-04T08:04:27.371+0000] {dagbag.py:545} INFO - Filling up the DagBag from /home/airflow/.local/lib/python3.12/site-packages/airflow/example_dags/example_xcom.py
[2026-03-04T08:04:27.377+0000] {processor.py:840} INFO - DAG(s) 'example_xcom' retrieved from /home/airflow/.local/lib/python3.12/site-packages/airflow/example_dags/example_xcom.py
[2026-03-04T08:04:27.389+0000] {logging_mixin.py:188} INFO - [2026-03-04T08:04:27.389+0000] {dag.py:3089} INFO - Sync 1 DAGs
[2026-03-04T08:04:27.396+0000] {logging_mixin.py:188} INFO - [2026-03-04T08:04:27.396+0000] {dag.py:3947} INFO - Setting next_dagrun for example_xcom to 2021-01-01 00:00:00+00:00, run_after=2021-01-01 00:00:00+00:00
[2026-03-04T08:04:27.403+0000] {processor.py:183} INFO - Processing /home/airflow/.local/lib/python3.12/site-packages/airflow/example_dags/example_xcom.py took 0.037 seconds
[2026-03-04T08:04:57.959+0000] {processor.py:161} INFO - Started process (PID=3942) to work on /home/airflow/.local/lib/python3.12/site-packages/airflow/example_dags/example_xcom.py
[2026-03-04T08:04:57.959+0000] {processor.py:830} INFO - Processing file /home/airflow/.local/lib/python3.12/site-packages/airflow/example_dags/example_xcom.py for tasks to queue
[2026-03-04T08:04:57.960+0000] {logging_mixin.py:188} INFO - [2026-03-04T08:04:57.960+0000] {dagbag.py:545} INFO - Filling up the DagBag from /home/airflow/.local/lib/python3.12/site-packages/airflow/example_dags/example_xcom.py
[2026-03-04T08:04:57.963+0000] {processor.py:840} INFO - DAG(s) 'example_xcom' retrieved from /home/airflow/.local/lib/python3.12/site-packages/airflow/example_dags/example_xcom.py
[2026-03-04T08:04:57.974+0000] {logging_mixin.py:188} INFO - [2026-03-04T08:04:57.974+0000] {dag.py:3089} INFO - Sync 1 DAGs
[2026-03-04T08:04:57.983+0000] {logging_mixin.py:188} INFO - [2026-03-04T08:04:57.983+0000] {dag.py:3947} INFO - Setting next_dagrun for example_xcom to 2021-01-01 00:00:00+00:00, run_after=2021-01-01 00:00:00+00:00
[2026-03-04T08:04:57.994+0000] {processor.py:183} INFO - Processing /home/airflow/.local/lib/python3.12/site-packages/airflow/example_dags/example_xcom.py took 0.038 seconds
[2026-03-04T08:05:28.557+0000] {processor.py:161} INFO - Started process (PID=4204) to work on /home/airflow/.local/lib/python3.12/site-packages/airflow/example_dags/example_xcom.py
[2026-03-04T08:05:28.558+0000] {processor.py:830} INFO - Processing file /home/airflow/.local/lib/python3.12/site-packages/airflow/example_dags/example_xcom.py for tasks to queue
[2026-03-04T08:05:28.559+0000] {logging_mixin.py:188} INFO - [2026-03-04T08:05:28.559+0000] {dagbag.py:545} INFO - Filling up the DagBag from /home/airflow/.local/lib/python3.12/site-packages/airflow/example_dags/example_xcom.py
[2026-03-04T08:05:28.561+0000] {processor.py:840} INFO - DAG(s) 'example_xcom' retrieved from /home/airflow/.local/lib/python3.12/site-packages/airflow/example_dags/example_xcom.py
[2026-03-04T08:05:28.573+0000] {logging_mixin.py:188} INFO - [2026-03-04T08:05:28.573+0000] {dag.py:3089} INFO - Sync 1 DAGs
[2026-03-04T08:05:28.584+0000] {logging_mixin.py:188} INFO - [2026-03-04T08:05:28.584+0000] {dag.py:3947} INFO - Setting next_dagrun for example_xcom to 2021-01-01 00:00:00+00:00, run_after=2021-01-01 00:00:00+00:00
[2026-03-04T08:05:28.598+0000] {processor.py:183} INFO - Processing /home/airflow/.local/lib/python3.12/site-packages/airflow/example_dags/example_xcom.py took 0.044 seconds
[2026-03-04T08:05:59.125+0000] {processor.py:161} INFO - Started process (PID=4464) to work on /home/airflow/.local/lib/python3.12/site-packages/airflow/example_dags/example_xcom.py
[2026-03-04T08:05:59.125+0000] {processor.py:830} INFO - Processing file /home/airflow/.local/lib/python3.12/site-packages/airflow/example_dags/example_xcom.py for tasks to queue
[2026-03-04T08:05:59.126+0000] {logging_mixin.py:188} INFO - [2026-03-04T08:05:59.126+0000] {dagbag.py:545} INFO - Filling up the DagBag from /home/airflow/.local/lib/python3.12/site-packages/airflow/example_dags/example_xcom.py
[2026-03-04T08:05:59.129+0000] {processor.py:840} INFO - DAG(s) 'example_xcom' retrieved from /home/airflow/.local/lib/python3.12/site-packages/airflow/example_dags/example_xcom.py
[2026-03-04T08:05:59.141+0000] {logging_mixin.py:188} INFO - [2026-03-04T08:05:59.141+0000] {dag.py:3089} INFO - Sync 1 DAGs
[2026-03-04T08:05:59.147+0000] {logging_mixin.py:188} INFO - [2026-03-04T08:05:59.147+0000] {dag.py:3947} INFO - Setting next_dagrun for example_xcom to 2021-01-01 00:00:00+00:00, run_after=2021-01-01 00:00:00+00:00
[2026-03-04T08:05:59.155+0000] {processor.py:183} INFO - Processing /home/airflow/.local/lib/python3.12/site-packages/airflow/example_dags/example_xcom.py took 0.032 seconds
[2026-03-04T08:06:29.650+0000] {processor.py:161} INFO - Started process (PID=4726) to work on /home/airflow/.local/lib/python3.12/site-packages/airflow/example_dags/example_xcom.py
[2026-03-04T08:06:29.651+0000] {processor.py:830} INFO - Processing file /home/airflow/.local/lib/python3.12/site-packages/airflow/example_dags/example_xcom.py for tasks to queue
[2026-03-04T08:06:29.652+0000] {logging_mixin.py:188} INFO - [2026-03-04T08:06:29.652+0000] {dagbag.py:545} INFO - Filling up the DagBag from /home/airflow/.local/lib/python3.12/site-packages/airflow/example_dags/example_xcom.py
[2026-03-04T08:06:29.654+0000] {processor.py:840} INFO - DAG(s) 'example_xcom' retrieved from /home/airflow/.local/lib/python3.12/site-packages/airflow/example_dags/example_xcom.py
[2026-03-04T08:06:29.665+0000] {logging_mixin.py:188} INFO - [2026-03-04T08:06:29.665+0000] {dag.py:3089} INFO - Sync 1 DAGs
[2026-03-04T08:06:29.672+0000] {logging_mixin.py:188} INFO - [2026-03-04T08:06:29.672+0000] {dag.py:3947} INFO - Setting next_dagrun for example_xcom to 2021-01-01 00:00:00+00:00, run_after=2021-01-01 00:00:00+00:00
[2026-03-04T08:06:29.681+0000] {processor.py:183} INFO - Processing /home/airflow/.local/lib/python3.12/site-packages/airflow/example_dags/example_xcom.py took 0.034 seconds
[2026-03-04T08:07:00.237+0000] {processor.py:161} INFO - Started process (PID=4988) to work on /home/airflow/.local/lib/python3.12/site-packages/airflow/example_dags/example_xcom.py
[2026-03-04T08:07:00.238+0000] {processor.py:830} INFO - Processing file /home/airflow/.local/lib/python3.12/site-packages/airflow/example_dags/example_xcom.py for tasks to queue
[2026-03-04T08:07:00.240+0000] {logging_mixin.py:188} INFO - [2026-03-04T08:07:00.239+0000] {dagbag.py:545} INFO - Filling up the DagBag from /home/airflow/.local/lib/python3.12/site-packages/airflow/example_dags/example_xcom.py
[2026-03-04T08:07:00.244+0000] {processor.py:840} INFO - DAG(s) 'example_xcom' retrieved from /home/airflow/.local/lib/python3.12/site-packages/airflow/example_dags/example_xcom.py
[2026-03-04T08:07:00.254+0000] {logging_mixin.py:188} INFO - [2026-03-04T08:07:00.254+0000] {dag.py:3089} INFO - Sync 1 DAGs
[2026-03-04T08:07:00.261+0000] {logging_mixin.py:188} INFO - [2026-03-04T08:07:00.261+0000] {dag.py:3947} INFO - Setting next_dagrun for example_xcom to 2021-01-01 00:00:00+00:00, run_after=2021-01-01 00:00:00+00:00
[2026-03-04T08:07:00.268+0000] {processor.py:183} INFO - Processing /home/airflow/.local/lib/python3.12/site-packages/airflow/example_dags/example_xcom.py took 0.033 seconds
[2026-03-04T08:07:30.732+0000] {processor.py:161} INFO - Started process (PID=5250) to work on /home/airflow/.local/lib/python3.12/site-packages/airflow/example_dags/example_xcom.py
[2026-03-04T08:07:30.734+0000] {processor.py:830} INFO - Processing file /home/airflow/.local/lib/python3.12/site-packages/airflow/example_dags/example_xcom.py for tasks to queue
[2026-03-04T08:07:30.736+0000] {logging_mixin.py:188} INFO - [2026-03-04T08:07:30.736+0000] {dagbag.py:545} INFO - Filling up the DagBag from /home/airflow/.local/lib/python3.12/site-packages/airflow/example_dags/example_xcom.py
[2026-03-04T08:07:30.740+0000] {processor.py:840} INFO - DAG(s) 'example_xcom' retrieved from /home/airflow/.local/lib/python3.12/site-packages/airflow/example_dags/example_xcom.py
[2026-03-04T08:07:30.749+0000] {logging_mixin.py:188} INFO - [2026-03-04T08:07:30.749+0000] {dag.py:3089} INFO - Sync 1 DAGs
[2026-03-04T08:07:30.756+0000] {logging_mixin.py:188} INFO - [2026-03-04T08:07:30.756+0000] {dag.py:3947} INFO - Setting next_dagrun for example_xcom to 2021-01-01 00:00:00+00:00, run_after=2021-01-01 00:00:00+00:00
[2026-03-04T08:07:30.762+0000] {processor.py:183} INFO - Processing /home/airflow/.local/lib/python3.12/site-packages/airflow/example_dags/example_xcom.py took 0.033 seconds
[2026-03-04T08:08:01.338+0000] {processor.py:161} INFO - Started process (PID=5512) to work on /home/airflow/.local/lib/python3.12/site-packages/airflow/example_dags/example_xcom.py
[2026-03-04T08:08:01.339+0000] {processor.py:830} INFO - Processing file /home/airflow/.local/lib/python3.12/site-packages/airflow/example_dags/example_xcom.py for tasks to queue
[2026-03-04T08:08:01.339+0000] {logging_mixin.py:188} INFO - [2026-03-04T08:08:01.339+0000] {dagbag.py:545} INFO - Filling up the DagBag from /home/airflow/.local/lib/python3.12/site-packages/airflow/example_dags/example_xcom.py
[2026-03-04T08:08:01.343+0000] {processor.py:840} INFO - DAG(s) 'example_xcom' retrieved from /home/airflow/.local/lib/python3.12/site-packages/airflow/example_dags/example_xcom.py
[2026-03-04T08:08:01.352+0000] {logging_mixin.py:188} INFO - [2026-03-04T08:08:01.352+0000] {dag.py:3089} INFO - Sync 1 DAGs
[2026-03-04T08:08:01.361+0000] {logging_mixin.py:188} INFO - [2026-03-04T08:08:01.361+0000] {dag.py:3947} INFO - Setting next_dagrun for example_xcom to 2021-01-01 00:00:00+00:00, run_after=2021-01-01 00:00:00+00:00
[2026-03-04T08:08:01.368+0000] {processor.py:183} INFO - Processing /home/airflow/.local/lib/python3.12/site-packages/airflow/example_dags/example_xcom.py took 0.032 seconds
[2026-03-04T08:08:31.907+0000] {processor.py:161} INFO - Started process (PID=5776) to work on /home/airflow/.local/lib/python3.12/site-packages/airflow/example_dags/example_xcom.py
[2026-03-04T08:08:31.908+0000] {processor.py:830} INFO - Processing file /home/airflow/.local/lib/python3.12/site-packages/airflow/example_dags/example_xcom.py for tasks to queue
[2026-03-04T08:08:31.908+0000] {logging_mixin.py:188} INFO - [2026-03-04T08:08:31.908+0000] {dagbag.py:545} INFO - Filling up the DagBag from /home/airflow/.local/lib/python3.12/site-packages/airflow/example_dags/example_xcom.py
[2026-03-04T08:08:31.911+0000] {processor.py:840} INFO - DAG(s) 'example_xcom' retrieved from /home/airflow/.local/lib/python3.12/site-packages/airflow/example_dags/example_xcom.py
[2026-03-04T08:08:31.917+0000] {logging_mixin.py:188} INFO - [2026-03-04T08:08:31.917+0000] {dag.py:3089} INFO - Sync 1 DAGs
[2026-03-04T08:08:31.924+0000] {logging_mixin.py:188} INFO - [2026-03-04T08:08:31.924+0000] {dag.py:3947} INFO - Setting next_dagrun for example_xcom to 2021-01-01 00:00:00+00:00, run_after=2021-01-01 00:00:00+00:00
[2026-03-04T08:08:31.929+0000] {processor.py:183} INFO - Processing /home/airflow/.local/lib/python3.12/site-packages/airflow/example_dags/example_xcom.py took 0.024 seconds
[2026-03-04T08:09:02.560+0000] {processor.py:161} INFO - Started process (PID=6038) to work on /home/airflow/.local/lib/python3.12/site-packages/airflow/example_dags/example_xcom.py
[2026-03-04T08:09:02.560+0000] {processor.py:830} INFO - Processing file /home/airflow/.local/lib/python3.12/site-packages/airflow/example_dags/example_xcom.py for tasks to queue
[2026-03-04T08:09:02.561+0000] {logging_mixin.py:188} INFO - [2026-03-04T08:09:02.561+0000] {dagbag.py:545} INFO - Filling up the DagBag from /home/airflow/.local/lib/python3.12/site-packages/airflow/example_dags/example_xcom.py
[2026-03-04T08:09:02.563+0000] {processor.py:840} INFO - DAG(s) 'example_xcom' retrieved from /home/airflow/.local/lib/python3.12/site-packages/airflow/example_dags/example_xcom.py
[2026-03-04T08:09:02.570+0000] {logging_mixin.py:188} INFO - [2026-03-04T08:09:02.570+0000] {dag.py:3089} INFO - Sync 1 DAGs
[2026-03-04T08:09:02.576+0000] {logging_mixin.py:188} INFO - [2026-03-04T08:09:02.576+0000] {dag.py:3947} INFO - Setting next_dagrun for example_xcom to 2021-01-01 00:00:00+00:00, run_after=2021-01-01 00:00:00+00:00
[2026-03-04T08:09:02.581+0000] {processor.py:183} INFO - Processing /home/airflow/.local/lib/python3.12/site-packages/airflow/example_dags/example_xcom.py took 0.024 seconds
[2026-03-04T08:09:33.115+0000] {processor.py:161} INFO - Started process (PID=6298) to work on /home/airflow/.local/lib/python3.12/site-packages/airflow/example_dags/example_xcom.py
[2026-03-04T08:09:33.116+0000] {processor.py:830} INFO - Processing file /home/airflow/.local/lib/python3.12/site-packages/airflow/example_dags/example_xcom.py for tasks to queue
[2026-03-04T08:09:33.117+0000] {logging_mixin.py:188} INFO - [2026-03-04T08:09:33.117+0000] {dagbag.py:545} INFO - Filling up the DagBag from /home/airflow/.local/lib/python3.12/site-packages/airflow/example_dags/example_xcom.py
[2026-03-04T08:09:33.120+0000] {processor.py:840} INFO - DAG(s) 'example_xcom' retrieved from /home/airflow/.local/lib/python3.12/site-packages/airflow/example_dags/example_xcom.py
[2026-03-04T08:09:33.133+0000] {logging_mixin.py:188} INFO - [2026-03-04T08:09:33.133+0000] {dag.py:3089} INFO - Sync 1 DAGs
[2026-03-04T08:09:33.140+0000] {logging_mixin.py:188} INFO - [2026-03-04T08:09:33.140+0000] {dag.py:3947} INFO - Setting next_dagrun for example_xcom to 2021-01-01 00:00:00+00:00, run_after=2021-01-01 00:00:00+00:00
[2026-03-04T08:09:33.148+0000] {processor.py:183} INFO - Processing /home/airflow/.local/lib/python3.12/site-packages/airflow/example_dags/example_xcom.py took 0.035 seconds
[2026-03-04T08:10:03.708+0000] {processor.py:161} INFO - Started process (PID=6560) to work on /home/airflow/.local/lib/python3.12/site-packages/airflow/example_dags/example_xcom.py
[2026-03-04T08:10:03.709+0000] {processor.py:830} INFO - Processing file /home/airflow/.local/lib/python3.12/site-packages/airflow/example_dags/example_xcom.py for tasks to queue
[2026-03-04T08:10:03.710+0000] {logging_mixin.py:188} INFO - [2026-03-04T08:10:03.709+0000] {dagbag.py:545} INFO - Filling up the DagBag from /home/airflow/.local/lib/python3.12/site-packages/airflow/example_dags/example_xcom.py
[2026-03-04T08:10:03.714+0000] {processor.py:840} INFO - DAG(s) 'example_xcom' retrieved from /home/airflow/.local/lib/python3.12/site-packages/airflow/example_dags/example_xcom.py
[2026-03-04T08:10:03.724+0000] {logging_mixin.py:188} INFO - [2026-03-04T08:10:03.724+0000] {dag.py:3089} INFO - Sync 1 DAGs
[2026-03-04T08:10:03.732+0000] {logging_mixin.py:188} INFO - [2026-03-04T08:10:03.732+0000] {dag.py:3947} INFO - Setting next_dagrun for example_xcom to 2021-01-01 00:00:00+00:00, run_after=2021-01-01 00:00:00+00:00
[2026-03-04T08:10:03.738+0000] {processor.py:183} INFO - Processing /home/airflow/.local/lib/python3.12/site-packages/airflow/example_dags/example_xcom.py took 0.032 seconds
[2026-03-04T08:10:34.224+0000] {processor.py:161} INFO - Started process (PID=6825) to work on /home/airflow/.local/lib/python3.12/site-packages/airflow/example_dags/example_xcom.py
[2026-03-04T08:10:34.225+0000] {processor.py:830} INFO - Processing file /home/airflow/.local/lib/python3.12/site-packages/airflow/example_dags/example_xcom.py for tasks to queue
[2026-03-04T08:10:34.226+0000] {logging_mixin.py:188} INFO - [2026-03-04T08:10:34.226+0000] {dagbag.py:545} INFO - Filling up the DagBag from /home/airflow/.local/lib/python3.12/site-packages/airflow/example_dags/example_xcom.py
[2026-03-04T08:10:34.229+0000] {processor.py:840} INFO - DAG(s) 'example_xcom' retrieved from /home/airflow/.local/lib/python3.12/site-packages/airflow/example_dags/example_xcom.py
[2026-03-04T08:10:34.238+0000] {logging_mixin.py:188} INFO - [2026-03-04T08:10:34.238+0000] {dag.py:3089} INFO - Sync 1 DAGs
[2026-03-04T08:10:34.245+0000] {logging_mixin.py:188} INFO - [2026-03-04T08:10:34.245+0000] {dag.py:3947} INFO - Setting next_dagrun for example_xcom to 2021-01-01 00:00:00+00:00, run_after=2021-01-01 00:00:00+00:00
[2026-03-04T08:10:34.252+0000] {processor.py:183} INFO - Processing /home/airflow/.local/lib/python3.12/site-packages/airflow/example_dags/example_xcom.py took 0.030 seconds
[2026-03-04T08:11:04.889+0000] {processor.py:161} INFO - Started process (PID=7087) to work on /home/airflow/.local/lib/python3.12/site-packages/airflow/example_dags/example_xcom.py
[2026-03-04T08:11:04.889+0000] {processor.py:830} INFO - Processing file /home/airflow/.local/lib/python3.12/site-packages/airflow/example_dags/example_xcom.py for tasks to queue
[2026-03-04T08:11:04.891+0000] {logging_mixin.py:188} INFO - [2026-03-04T08:11:04.890+0000] {dagbag.py:545} INFO - Filling up the DagBag from /home/airflow/.local/lib/python3.12/site-packages/airflow/example_dags/example_xcom.py
[2026-03-04T08:11:04.896+0000] {processor.py:840} INFO - DAG(s) 'example_xcom' retrieved from /home/airflow/.local/lib/python3.12/site-packages/airflow/example_dags/example_xcom.py
[2026-03-04T08:11:04.908+0000] {logging_mixin.py:188} INFO - [2026-03-04T08:11:04.908+0000] {dag.py:3089} INFO - Sync 1 DAGs
[2026-03-04T08:11:04.918+0000] {logging_mixin.py:188} INFO - [2026-03-04T08:11:04.918+0000] {dag.py:3947} INFO - Setting next_dagrun for example_xcom to 2021-01-01 00:00:00+00:00, run_after=2021-01-01 00:00:00+00:00
[2026-03-04T08:11:04.924+0000] {processor.py:183} INFO - Processing /home/airflow/.local/lib/python3.12/site-packages/airflow/example_dags/example_xcom.py took 0.038 seconds
[2026-03-04T08:11:35.515+0000] {processor.py:161} INFO - Started process (PID=7349) to work on /home/airflow/.local/lib/python3.12/site-packages/airflow/example_dags/example_xcom.py
[2026-03-04T08:11:35.515+0000] {processor.py:830} INFO - Processing file /home/airflow/.local/lib/python3.12/site-packages/airflow/example_dags/example_xcom.py for tasks to queue
[2026-03-04T08:11:35.516+0000] {logging_mixin.py:188} INFO - [2026-03-04T08:11:35.516+0000] {dagbag.py:545} INFO - Filling up the DagBag from /home/airflow/.local/lib/python3.12/site-packages/airflow/example_dags/example_xcom.py
[2026-03-04T08:11:35.519+0000] {processor.py:840} INFO - DAG(s) 'example_xcom' retrieved from /home/airflow/.local/lib/python3.12/site-packages/airflow/example_dags/example_xcom.py
[2026-03-04T08:11:35.529+0000] {logging_mixin.py:188} INFO - [2026-03-04T08:11:35.529+0000] {dag.py:3089} INFO - Sync 1 DAGs
[2026-03-04T08:11:35.538+0000] {logging_mixin.py:188} INFO - [2026-03-04T08:11:35.537+0000] {dag.py:3947} INFO - Setting next_dagrun for example_xcom to 2021-01-01 00:00:00+00:00, run_after=2021-01-01 00:00:00+00:00
[2026-03-04T08:11:35.545+0000] {processor.py:183} INFO - Processing /home/airflow/.local/lib/python3.12/site-packages/airflow/example_dags/example_xcom.py took 0.033 seconds
[2026-03-04T08:12:06.029+0000] {processor.py:161} INFO - Started process (PID=7612) to work on /home/airflow/.local/lib/python3.12/site-packages/airflow/example_dags/example_xcom.py
[2026-03-04T08:12:06.029+0000] {processor.py:830} INFO - Processing file /home/airflow/.local/lib/python3.12/site-packages/airflow/example_dags/example_xcom.py for tasks to queue
[2026-03-04T08:12:06.030+0000] {logging_mixin.py:188} INFO - [2026-03-04T08:12:06.030+0000] {dagbag.py:545} INFO - Filling up the DagBag from /home/airflow/.local/lib/python3.12/site-packages/airflow/example_dags/example_xcom.py
[2026-03-04T08:12:06.033+0000] {processor.py:840} INFO - DAG(s) 'example_xcom' retrieved from /home/airflow/.local/lib/python3.12/site-packages/airflow/example_dags/example_xcom.py
[2026-03-04T08:12:06.041+0000] {logging_mixin.py:188} INFO - [2026-03-04T08:12:06.041+0000] {dag.py:3089} INFO - Sync 1 DAGs
[2026-03-04T08:12:06.049+0000] {logging_mixin.py:188} INFO - [2026-03-04T08:12:06.049+0000] {dag.py:3947} INFO - Setting next_dagrun for example_xcom to 2021-01-01 00:00:00+00:00, run_after=2021-01-01 00:00:00+00:00
[2026-03-04T08:12:06.058+0000] {processor.py:183} INFO - Processing /home/airflow/.local/lib/python3.12/site-packages/airflow/example_dags/example_xcom.py took 0.031 seconds
[2026-03-04T08:12:36.612+0000] {processor.py:161} INFO - Started process (PID=7875) to work on /home/airflow/.local/lib/python3.12/site-packages/airflow/example_dags/example_xcom.py
[2026-03-04T08:12:36.613+0000] {processor.py:830} INFO - Processing file /home/airflow/.local/lib/python3.12/site-packages/airflow/example_dags/example_xcom.py for tasks to queue
[2026-03-04T08:12:36.613+0000] {logging_mixin.py:188} INFO - [2026-03-04T08:12:36.613+0000] {dagbag.py:545} INFO - Filling up the DagBag from /home/airflow/.local/lib/python3.12/site-packages/airflow/example_dags/example_xcom.py
[2026-03-04T08:12:36.616+0000] {processor.py:840} INFO - DAG(s) 'example_xcom' retrieved from /home/airflow/.local/lib/python3.12/site-packages/airflow/example_dags/example_xcom.py
[2026-03-04T08:12:36.626+0000] {logging_mixin.py:188} INFO - [2026-03-04T08:12:36.626+0000] {dag.py:3089} INFO - Sync 1 DAGs
[2026-03-04T08:12:36.635+0000] {logging_mixin.py:188} INFO - [2026-03-04T08:12:36.635+0000] {dag.py:3947} INFO - Setting next_dagrun for example_xcom to 2021-01-01 00:00:00+00:00, run_after=2021-01-01 00:00:00+00:00
[2026-03-04T08:12:36.644+0000] {processor.py:183} INFO - Processing /home/airflow/.local/lib/python3.12/site-packages/airflow/example_dags/example_xcom.py took 0.034 seconds
[2026-03-04T08:13:07.108+0000] {processor.py:161} INFO - Started process (PID=8135) to work on /home/airflow/.local/lib/python3.12/site-packages/airflow/example_dags/example_xcom.py
[2026-03-04T08:13:07.109+0000] {processor.py:830} INFO - Processing file /home/airflow/.local/lib/python3.12/site-packages/airflow/example_dags/example_xcom.py for tasks to queue
[2026-03-04T08:13:07.110+0000] {logging_mixin.py:188} INFO - [2026-03-04T08:13:07.110+0000] {dagbag.py:545} INFO - Filling up the DagBag from /home/airflow/.local/lib/python3.12/site-packages/airflow/example_dags/example_xcom.py
[2026-03-04T08:13:07.112+0000] {processor.py:840} INFO - DAG(s) 'example_xcom' retrieved from /home/airflow/.local/lib/python3.12/site-packages/airflow/example_dags/example_xcom.py
[2026-03-04T08:13:07.123+0000] {logging_mixin.py:188} INFO - [2026-03-04T08:13:07.123+0000] {dag.py:3089} INFO - Sync 1 DAGs
[2026-03-04T08:13:07.131+0000] {logging_mixin.py:188} INFO - [2026-03-04T08:13:07.131+0000] {dag.py:3947} INFO - Setting next_dagrun for example_xcom to 2021-01-01 00:00:00+00:00, run_after=2021-01-01 00:00:00+00:00
[2026-03-04T08:13:07.138+0000] {processor.py:183} INFO - Processing /home/airflow/.local/lib/python3.12/site-packages/airflow/example_dags/example_xcom.py took 0.033 seconds
[2026-03-04T08:13:37.684+0000] {processor.py:161} INFO - Started process (PID=8397) to work on /home/airflow/.local/lib/python3.12/site-packages/airflow/example_dags/example_xcom.py
[2026-03-04T08:13:37.687+0000] {processor.py:830} INFO - Processing file /home/airflow/.local/lib/python3.12/site-packages/airflow/example_dags/example_xcom.py for tasks to queue
[2026-03-04T08:13:37.688+0000] {logging_mixin.py:188} INFO - [2026-03-04T08:13:37.688+0000] {dagbag.py:545} INFO - Filling up the DagBag from /home/airflow/.local/lib/python3.12/site-packages/airflow/example_dags/example_xcom.py
[2026-03-04T08:13:37.692+0000] {processor.py:840} INFO - DAG(s) 'example_xcom' retrieved from /home/airflow/.local/lib/python3.12/site-packages/airflow/example_dags/example_xcom.py
[2026-03-04T08:13:37.701+0000] {logging_mixin.py:188} INFO - [2026-03-04T08:13:37.701+0000] {dag.py:3089} INFO - Sync 1 DAGs
[2026-03-04T08:13:37.709+0000] {logging_mixin.py:188} INFO - [2026-03-04T08:13:37.709+0000] {dag.py:3947} INFO - Setting next_dagrun for example_xcom to 2021-01-01 00:00:00+00:00, run_after=2021-01-01 00:00:00+00:00
[2026-03-04T08:13:37.715+0000] {processor.py:183} INFO - Processing /home/airflow/.local/lib/python3.12/site-packages/airflow/example_dags/example_xcom.py took 0.033 seconds
[2026-03-04T08:14:08.211+0000] {processor.py:161} INFO - Started process (PID=8661) to work on /home/airflow/.local/lib/python3.12/site-packages/airflow/example_dags/example_xcom.py
[2026-03-04T08:14:08.211+0000] {processor.py:830} INFO - Processing file /home/airflow/.local/lib/python3.12/site-packages/airflow/example_dags/example_xcom.py for tasks to queue
[2026-03-04T08:14:08.212+0000] {logging_mixin.py:188} INFO - [2026-03-04T08:14:08.212+0000] {dagbag.py:545} INFO - Filling up the DagBag from /home/airflow/.local/lib/python3.12/site-packages/airflow/example_dags/example_xcom.py
[2026-03-04T08:14:08.215+0000] {processor.py:840} INFO - DAG(s) 'example_xcom' retrieved from /home/airflow/.local/lib/python3.12/site-packages/airflow/example_dags/example_xcom.py
[2026-03-04T08:14:08.224+0000] {logging_mixin.py:188} INFO - [2026-03-04T08:14:08.224+0000] {dag.py:3089} INFO - Sync 1 DAGs
[2026-03-04T08:14:08.231+0000] {logging_mixin.py:188} INFO - [2026-03-04T08:14:08.231+0000] {dag.py:3947} INFO - Setting next_dagrun for example_xcom to 2021-01-01 00:00:00+00:00, run_after=2021-01-01 00:00:00+00:00
[2026-03-04T08:14:08.244+0000] {processor.py:183} INFO - Processing /home/airflow/.local/lib/python3.12/site-packages/airflow/example_dags/example_xcom.py took 0.035 seconds
[2026-03-04T08:14:38.749+0000] {processor.py:161} INFO - Started process (PID=8923) to work on /home/airflow/.local/lib/python3.12/site-packages/airflow/example_dags/example_xcom.py
[2026-03-04T08:14:38.751+0000] {processor.py:830} INFO - Processing file /home/airflow/.local/lib/python3.12/site-packages/airflow/example_dags/example_xcom.py for tasks to queue
[2026-03-04T08:14:38.751+0000] {logging_mixin.py:188} INFO - [2026-03-04T08:14:38.751+0000] {dagbag.py:545} INFO - Filling up the DagBag from /home/airflow/.local/lib/python3.12/site-packages/airflow/example_dags/example_xcom.py
[2026-03-04T08:14:38.754+0000] {processor.py:840} INFO - DAG(s) 'example_xcom' retrieved from /home/airflow/.local/lib/python3.12/site-packages/airflow/example_dags/example_xcom.py
[2026-03-04T08:14:38.761+0000] {logging_mixin.py:188} INFO - [2026-03-04T08:14:38.761+0000] {dag.py:3089} INFO - Sync 1 DAGs
[2026-03-04T08:14:38.767+0000] {logging_mixin.py:188} INFO - [2026-03-04T08:14:38.767+0000] {dag.py:3947} INFO - Setting next_dagrun for example_xcom to 2021-01-01 00:00:00+00:00, run_after=2021-01-01 00:00:00+00:00
[2026-03-04T08:14:38.772+0000] {processor.py:183} INFO - Processing /home/airflow/.local/lib/python3.12/site-packages/airflow/example_dags/example_xcom.py took 0.025 seconds
[2026-03-04T08:15:09.242+0000] {processor.py:161} INFO - Started process (PID=9187) to work on /home/airflow/.local/lib/python3.12/site-packages/airflow/example_dags/example_xcom.py
[2026-03-04T08:15:09.242+0000] {processor.py:830} INFO - Processing file /home/airflow/.local/lib/python3.12/site-packages/airflow/example_dags/example_xcom.py for tasks to queue
[2026-03-04T08:15:09.243+0000] {logging_mixin.py:188} INFO - [2026-03-04T08:15:09.243+0000] {dagbag.py:545} INFO - Filling up the DagBag from /home/airflow/.local/lib/python3.12/site-packages/airflow/example_dags/example_xcom.py
[2026-03-04T08:15:09.246+0000] {processor.py:840} INFO - DAG(s) 'example_xcom' retrieved from /home/airflow/.local/lib/python3.12/site-packages/airflow/example_dags/example_xcom.py
[2026-03-04T08:15:09.253+0000] {logging_mixin.py:188} INFO - [2026-03-04T08:15:09.253+0000] {dag.py:3089} INFO - Sync 1 DAGs
[2026-03-04T08:15:09.260+0000] {logging_mixin.py:188} INFO - [2026-03-04T08:15:09.260+0000] {dag.py:3947} INFO - Setting next_dagrun for example_xcom to 2021-01-01 00:00:00+00:00, run_after=2021-01-01 00:00:00+00:00
[2026-03-04T08:15:09.266+0000] {processor.py:183} INFO - Processing /home/airflow/.local/lib/python3.12/site-packages/airflow/example_dags/example_xcom.py took 0.026 seconds
[2026-03-04T08:15:39.874+0000] {processor.py:161} INFO - Started process (PID=9455) to work on /home/airflow/.local/lib/python3.12/site-packages/airflow/example_dags/example_xcom.py
[2026-03-04T08:15:39.875+0000] {processor.py:830} INFO - Processing file /home/airflow/.local/lib/python3.12/site-packages/airflow/example_dags/example_xcom.py for tasks to queue
[2026-03-04T08:15:39.876+0000] {logging_mixin.py:188} INFO - [2026-03-04T08:15:39.876+0000] {dagbag.py:545} INFO - Filling up the DagBag from /home/airflow/.local/lib/python3.12/site-packages/airflow/example_dags/example_xcom.py
[2026-03-04T08:15:39.879+0000] {processor.py:840} INFO - DAG(s) 'example_xcom' retrieved from /home/airflow/.local/lib/python3.12/site-packages/airflow/example_dags/example_xcom.py
[2026-03-04T08:15:39.890+0000] {logging_mixin.py:188} INFO - [2026-03-04T08:15:39.890+0000] {dag.py:3089} INFO - Sync 1 DAGs
[2026-03-04T08:15:39.900+0000] {logging_mixin.py:188} INFO - [2026-03-04T08:15:39.900+0000] {dag.py:3947} INFO - Setting next_dagrun for example_xcom to 2021-01-01 00:00:00+00:00, run_after=2021-01-01 00:00:00+00:00
[2026-03-04T08:15:39.911+0000] {processor.py:183} INFO - Processing /home/airflow/.local/lib/python3.12/site-packages/airflow/example_dags/example_xcom.py took 0.039 seconds
[2026-03-04T08:16:10.484+0000] {processor.py:161} INFO - Started process (PID=9717) to work on /home/airflow/.local/lib/python3.12/site-packages/airflow/example_dags/example_xcom.py
[2026-03-04T08:16:10.485+0000] {processor.py:830} INFO - Processing file /home/airflow/.local/lib/python3.12/site-packages/airflow/example_dags/example_xcom.py for tasks to queue
[2026-03-04T08:16:10.486+0000] {logging_mixin.py:188} INFO - [2026-03-04T08:16:10.486+0000] {dagbag.py:545} INFO - Filling up the DagBag from /home/airflow/.local/lib/python3.12/site-packages/airflow/example_dags/example_xcom.py
[2026-03-04T08:16:10.489+0000] {processor.py:840} INFO - DAG(s) 'example_xcom' retrieved from /home/airflow/.local/lib/python3.12/site-packages/airflow/example_dags/example_xcom.py
[2026-03-04T08:16:10.498+0000] {logging_mixin.py:188} INFO - [2026-03-04T08:16:10.498+0000] {dag.py:3089} INFO - Sync 1 DAGs
[2026-03-04T08:16:10.507+0000] {logging_mixin.py:188} INFO - [2026-03-04T08:16:10.507+0000] {dag.py:3947} INFO - Setting next_dagrun for example_xcom to 2021-01-01 00:00:00+00:00, run_after=2021-01-01 00:00:00+00:00
[2026-03-04T08:16:10.522+0000] {processor.py:183} INFO - Processing /home/airflow/.local/lib/python3.12/site-packages/airflow/example_dags/example_xcom.py took 0.040 seconds
[2026-03-04T08:16:41.111+0000] {processor.py:161} INFO - Started process (PID=9977) to work on /home/airflow/.local/lib/python3.12/site-packages/airflow/example_dags/example_xcom.py
[2026-03-04T08:16:41.111+0000] {processor.py:830} INFO - Processing file /home/airflow/.local/lib/python3.12/site-packages/airflow/example_dags/example_xcom.py for tasks to queue
[2026-03-04T08:16:41.112+0000] {logging_mixin.py:188} INFO - [2026-03-04T08:16:41.112+0000] {dagbag.py:545} INFO - Filling up the DagBag from /home/airflow/.local/lib/python3.12/site-packages/airflow/example_dags/example_xcom.py
[2026-03-04T08:16:41.115+0000] {processor.py:840} INFO - DAG(s) 'example_xcom' retrieved from /home/airflow/.local/lib/python3.12/site-packages/airflow/example_dags/example_xcom.py
[2026-03-04T08:16:41.129+0000] {logging_mixin.py:188} INFO - [2026-03-04T08:16:41.129+0000] {dag.py:3089} INFO - Sync 1 DAGs
[2026-03-04T08:16:41.136+0000] {logging_mixin.py:188} INFO - [2026-03-04T08:16:41.136+0000] {dag.py:3947} INFO - Setting next_dagrun for example_xcom to 2021-01-01 00:00:00+00:00, run_after=2021-01-01 00:00:00+00:00
[2026-03-04T08:16:41.144+0000] {processor.py:183} INFO - Processing /home/airflow/.local/lib/python3.12/site-packages/airflow/example_dags/example_xcom.py took 0.035 seconds
[2026-03-04T08:17:12.101+0000] {processor.py:161} INFO - Started process (PID=10239) to work on /home/airflow/.local/lib/python3.12/site-packages/airflow/example_dags/example_xcom.py
[2026-03-04T08:17:12.101+0000] {processor.py:830} INFO - Processing file /home/airflow/.local/lib/python3.12/site-packages/airflow/example_dags/example_xcom.py for tasks to queue
[2026-03-04T08:17:12.102+0000] {logging_mixin.py:188} INFO - [2026-03-04T08:17:12.102+0000] {dagbag.py:545} INFO - Filling up the DagBag from /home/airflow/.local/lib/python3.12/site-packages/airflow/example_dags/example_xcom.py
[2026-03-04T08:17:12.105+0000] {processor.py:840} INFO - DAG(s) 'example_xcom' retrieved from /home/airflow/.local/lib/python3.12/site-packages/airflow/example_dags/example_xcom.py
[2026-03-04T08:17:12.114+0000] {logging_mixin.py:188} INFO - [2026-03-04T08:17:12.112+0000] {dag.py:3089} INFO - Sync 1 DAGs
[2026-03-04T08:17:12.189+0000] {logging_mixin.py:188} INFO - [2026-03-04T08:17:12.189+0000] {dag.py:3947} INFO - Setting next_dagrun for example_xcom to 2021-01-01 00:00:00+00:00, run_after=2021-01-01 00:00:00+00:00
[2026-03-04T08:17:12.194+0000] {processor.py:183} INFO - Processing /home/airflow/.local/lib/python3.12/site-packages/airflow/example_dags/example_xcom.py took 0.096 seconds
[2026-03-04T08:17:42.904+0000] {processor.py:161} INFO - Started process (PID=10501) to work on /home/airflow/.local/lib/python3.12/site-packages/airflow/example_dags/example_xcom.py
[2026-03-04T08:17:42.904+0000] {processor.py:830} INFO - Processing file /home/airflow/.local/lib/python3.12/site-packages/airflow/example_dags/example_xcom.py for tasks to queue
[2026-03-04T08:17:42.905+0000] {logging_mixin.py:188} INFO - [2026-03-04T08:17:42.904+0000] {dagbag.py:545} INFO - Filling up the DagBag from /home/airflow/.local/lib/python3.12/site-packages/airflow/example_dags/example_xcom.py
[2026-03-04T08:17:42.907+0000] {processor.py:840} INFO - DAG(s) 'example_xcom' retrieved from /home/airflow/.local/lib/python3.12/site-packages/airflow/example_dags/example_xcom.py
[2026-03-04T08:17:42.915+0000] {logging_mixin.py:188} INFO - [2026-03-04T08:17:42.915+0000] {dag.py:3089} INFO - Sync 1 DAGs
[2026-03-04T08:17:42.922+0000] {logging_mixin.py:188} INFO - [2026-03-04T08:17:42.922+0000] {dag.py:3947} INFO - Setting next_dagrun for example_xcom to 2021-01-01 00:00:00+00:00, run_after=2021-01-01 00:00:00+00:00
[2026-03-04T08:17:43.002+0000] {processor.py:183} INFO - Processing /home/airflow/.local/lib/python3.12/site-packages/airflow/example_dags/example_xcom.py took 0.100 seconds
[2026-03-04T08:18:13.965+0000] {processor.py:161} INFO - Started process (PID=10763) to work on /home/airflow/.local/lib/python3.12/site-packages/airflow/example_dags/example_xcom.py
[2026-03-04T08:18:13.968+0000] {processor.py:830} INFO - Processing file /home/airflow/.local/lib/python3.12/site-packages/airflow/example_dags/example_xcom.py for tasks to queue
[2026-03-04T08:18:13.969+0000] {logging_mixin.py:188} INFO - [2026-03-04T08:18:13.969+0000] {dagbag.py:545} INFO - Filling up the DagBag from /home/airflow/.local/lib/python3.12/site-packages/airflow/example_dags/example_xcom.py
[2026-03-04T08:18:13.974+0000] {processor.py:840} INFO - DAG(s) 'example_xcom' retrieved from /home/airflow/.local/lib/python3.12/site-packages/airflow/example_dags/example_xcom.py
[2026-03-04T08:18:13.986+0000] {logging_mixin.py:188} INFO - [2026-03-04T08:18:13.985+0000] {dag.py:3089} INFO - Sync 1 DAGs
[2026-03-04T08:18:13.998+0000] {logging_mixin.py:188} INFO - [2026-03-04T08:18:13.998+0000] {dag.py:3947} INFO - Setting next_dagrun for example_xcom to 2021-01-01 00:00:00+00:00, run_after=2021-01-01 00:00:00+00:00
[2026-03-04T08:18:14.072+0000] {processor.py:183} INFO - Processing /home/airflow/.local/lib/python3.12/site-packages/airflow/example_dags/example_xcom.py took 0.111 seconds
[2026-03-04T08:18:44.609+0000] {processor.py:161} INFO - Started process (PID=11025) to work on /home/airflow/.local/lib/python3.12/site-packages/airflow/example_dags/example_xcom.py
[2026-03-04T08:18:44.611+0000] {processor.py:830} INFO - Processing file /home/airflow/.local/lib/python3.12/site-packages/airflow/example_dags/example_xcom.py for tasks to queue
[2026-03-04T08:18:44.612+0000] {logging_mixin.py:188} INFO - [2026-03-04T08:18:44.612+0000] {dagbag.py:545} INFO - Filling up the DagBag from /home/airflow/.local/lib/python3.12/site-packages/airflow/example_dags/example_xcom.py
[2026-03-04T08:18:44.620+0000] {processor.py:840} INFO - DAG(s) 'example_xcom' retrieved from /home/airflow/.local/lib/python3.12/site-packages/airflow/example_dags/example_xcom.py
[2026-03-04T08:18:44.637+0000] {logging_mixin.py:188} INFO - [2026-03-04T08:18:44.636+0000] {dag.py:3089} INFO - Sync 1 DAGs
[2026-03-04T08:18:44.646+0000] {logging_mixin.py:188} INFO - [2026-03-04T08:18:44.646+0000] {dag.py:3947} INFO - Setting next_dagrun for example_xcom to 2021-01-01 00:00:00+00:00, run_after=2021-01-01 00:00:00+00:00
[2026-03-04T08:18:44.655+0000] {processor.py:183} INFO - Processing /home/airflow/.local/lib/python3.12/site-packages/airflow/example_dags/example_xcom.py took 0.051 seconds
[2026-03-04T08:19:15.186+0000] {processor.py:161} INFO - Started process (PID=11287) to work on /home/airflow/.local/lib/python3.12/site-packages/airflow/example_dags/example_xcom.py
[2026-03-04T08:19:15.187+0000] {processor.py:830} INFO - Processing file /home/airflow/.local/lib/python3.12/site-packages/airflow/example_dags/example_xcom.py for tasks to queue
[2026-03-04T08:19:15.188+0000] {logging_mixin.py:188} INFO - [2026-03-04T08:19:15.188+0000] {dagbag.py:545} INFO - Filling up the DagBag from /home/airflow/.local/lib/python3.12/site-packages/airflow/example_dags/example_xcom.py
[2026-03-04T08:19:15.198+0000] {processor.py:840} INFO - DAG(s) 'example_xcom' retrieved from /home/airflow/.local/lib/python3.12/site-packages/airflow/example_dags/example_xcom.py
[2026-03-04T08:19:15.215+0000] {logging_mixin.py:188} INFO - [2026-03-04T08:19:15.215+0000] {dag.py:3089} INFO - Sync 1 DAGs
[2026-03-04T08:19:15.231+0000] {logging_mixin.py:188} INFO - [2026-03-04T08:19:15.231+0000] {dag.py:3947} INFO - Setting next_dagrun for example_xcom to 2021-01-01 00:00:00+00:00, run_after=2021-01-01 00:00:00+00:00
[2026-03-04T08:19:15.249+0000] {processor.py:183} INFO - Processing /home/airflow/.local/lib/python3.12/site-packages/airflow/example_dags/example_xcom.py took 0.066 seconds
[2026-03-04T08:19:45.807+0000] {processor.py:161} INFO - Started process (PID=11549) to work on /home/airflow/.local/lib/python3.12/site-packages/airflow/example_dags/example_xcom.py
[2026-03-04T08:19:45.809+0000] {processor.py:830} INFO - Processing file /home/airflow/.local/lib/python3.12/site-packages/airflow/example_dags/example_xcom.py for tasks to queue
[2026-03-04T08:19:45.811+0000] {logging_mixin.py:188} INFO - [2026-03-04T08:19:45.811+0000] {dagbag.py:545} INFO - Filling up the DagBag from /home/airflow/.local/lib/python3.12/site-packages/airflow/example_dags/example_xcom.py
[2026-03-04T08:19:45.819+0000] {processor.py:840} INFO - DAG(s) 'example_xcom' retrieved from /home/airflow/.local/lib/python3.12/site-packages/airflow/example_dags/example_xcom.py
[2026-03-04T08:19:45.833+0000] {logging_mixin.py:188} INFO - [2026-03-04T08:19:45.833+0000] {dag.py:3089} INFO - Sync 1 DAGs
[2026-03-04T08:19:45.844+0000] {logging_mixin.py:188} INFO - [2026-03-04T08:19:45.844+0000] {dag.py:3947} INFO - Setting next_dagrun for example_xcom to 2021-01-01 00:00:00+00:00, run_after=2021-01-01 00:00:00+00:00
[2026-03-04T08:19:45.853+0000] {processor.py:183} INFO - Processing /home/airflow/.local/lib/python3.12/site-packages/airflow/example_dags/example_xcom.py took 0.050 seconds
[2026-03-04T08:20:16.356+0000] {processor.py:161} INFO - Started process (PID=11811) to work on /home/airflow/.local/lib/python3.12/site-packages/airflow/example_dags/example_xcom.py
[2026-03-04T08:20:16.359+0000] {processor.py:830} INFO - Processing file /home/airflow/.local/lib/python3.12/site-packages/airflow/example_dags/example_xcom.py for tasks to queue
[2026-03-04T08:20:16.360+0000] {logging_mixin.py:188} INFO - [2026-03-04T08:20:16.360+0000] {dagbag.py:545} INFO - Filling up the DagBag from /home/airflow/.local/lib/python3.12/site-packages/airflow/example_dags/example_xcom.py
[2026-03-04T08:20:16.369+0000] {processor.py:840} INFO - DAG(s) 'example_xcom' retrieved from /home/airflow/.local/lib/python3.12/site-packages/airflow/example_dags/example_xcom.py
[2026-03-04T08:20:16.387+0000] {logging_mixin.py:188} INFO - [2026-03-04T08:20:16.387+0000] {dag.py:3089} INFO - Sync 1 DAGs
[2026-03-04T08:20:16.402+0000] {logging_mixin.py:188} INFO - [2026-03-04T08:20:16.402+0000] {dag.py:3947} INFO - Setting next_dagrun for example_xcom to 2021-01-01 00:00:00+00:00, run_after=2021-01-01 00:00:00+00:00
[2026-03-04T08:20:16.412+0000] {processor.py:183} INFO - Processing /home/airflow/.local/lib/python3.12/site-packages/airflow/example_dags/example_xcom.py took 0.063 seconds
[2026-03-04T08:37:20.931+0000] {processor.py:161} INFO - Started process (PID=12073) to work on /home/airflow/.local/lib/python3.12/site-packages/airflow/example_dags/example_xcom.py
[2026-03-04T08:37:20.932+0000] {processor.py:830} INFO - Processing file /home/airflow/.local/lib/python3.12/site-packages/airflow/example_dags/example_xcom.py for tasks to queue
[2026-03-04T08:37:20.932+0000] {logging_mixin.py:188} INFO - [2026-03-04T08:37:20.932+0000] {dagbag.py:545} INFO - Filling up the DagBag from /home/airflow/.local/lib/python3.12/site-packages/airflow/example_dags/example_xcom.py
[2026-03-04T08:37:20.935+0000] {processor.py:840} INFO - DAG(s) 'example_xcom' retrieved from /home/airflow/.local/lib/python3.12/site-packages/airflow/example_dags/example_xcom.py
[2026-03-04T08:37:20.946+0000] {logging_mixin.py:188} INFO - [2026-03-04T08:37:20.946+0000] {dag.py:3089} INFO - Sync 1 DAGs
[2026-03-04T08:37:20.954+0000] {logging_mixin.py:188} INFO - [2026-03-04T08:37:20.953+0000] {dag.py:3947} INFO - Setting next_dagrun for example_xcom to 2021-01-01 00:00:00+00:00, run_after=2021-01-01 00:00:00+00:00
[2026-03-04T08:37:20.962+0000] {processor.py:183} INFO - Processing /home/airflow/.local/lib/python3.12/site-packages/airflow/example_dags/example_xcom.py took 0.033 seconds
[2026-03-04T08:46:11.431+0000] {processor.py:161} INFO - Started process (PID=12337) to work on /home/airflow/.local/lib/python3.12/site-packages/airflow/example_dags/example_xcom.py
[2026-03-04T08:46:11.432+0000] {processor.py:830} INFO - Processing file /home/airflow/.local/lib/python3.12/site-packages/airflow/example_dags/example_xcom.py for tasks to queue
[2026-03-04T08:46:11.432+0000] {logging_mixin.py:188} INFO - [2026-03-04T08:46:11.432+0000] {dagbag.py:545} INFO - Filling up the DagBag from /home/airflow/.local/lib/python3.12/site-packages/airflow/example_dags/example_xcom.py
[2026-03-04T08:46:11.435+0000] {processor.py:840} INFO - DAG(s) 'example_xcom' retrieved from /home/airflow/.local/lib/python3.12/site-packages/airflow/example_dags/example_xcom.py
[2026-03-04T08:46:11.442+0000] {logging_mixin.py:188} INFO - [2026-03-04T08:46:11.442+0000] {dag.py:3089} INFO - Sync 1 DAGs
[2026-03-04T08:46:11.448+0000] {logging_mixin.py:188} INFO - [2026-03-04T08:46:11.448+0000] {dag.py:3947} INFO - Setting next_dagrun for example_xcom to 2021-01-01 00:00:00+00:00, run_after=2021-01-01 00:00:00+00:00
[2026-03-04T08:46:11.453+0000] {processor.py:183} INFO - Processing /home/airflow/.local/lib/python3.12/site-packages/airflow/example_dags/example_xcom.py took 0.024 seconds
[2026-03-04T08:46:42.054+0000] {processor.py:161} INFO - Started process (PID=12597) to work on /home/airflow/.local/lib/python3.12/site-packages/airflow/example_dags/example_xcom.py
[2026-03-04T08:46:42.055+0000] {processor.py:830} INFO - Processing file /home/airflow/.local/lib/python3.12/site-packages/airflow/example_dags/example_xcom.py for tasks to queue
[2026-03-04T08:46:42.058+0000] {logging_mixin.py:188} INFO - [2026-03-04T08:46:42.058+0000] {dagbag.py:545} INFO - Filling up the DagBag from /home/airflow/.local/lib/python3.12/site-packages/airflow/example_dags/example_xcom.py
[2026-03-04T08:46:42.063+0000] {processor.py:840} INFO - DAG(s) 'example_xcom' retrieved from /home/airflow/.local/lib/python3.12/site-packages/airflow/example_dags/example_xcom.py
[2026-03-04T08:46:42.078+0000] {logging_mixin.py:188} INFO - [2026-03-04T08:46:42.078+0000] {dag.py:3089} INFO - Sync 1 DAGs
[2026-03-04T08:46:42.089+0000] {logging_mixin.py:188} INFO - [2026-03-04T08:46:42.089+0000] {dag.py:3947} INFO - Setting next_dagrun for example_xcom to 2021-01-01 00:00:00+00:00, run_after=2021-01-01 00:00:00+00:00
[2026-03-04T08:46:42.097+0000] {processor.py:183} INFO - Processing /home/airflow/.local/lib/python3.12/site-packages/airflow/example_dags/example_xcom.py took 0.046 seconds
[2026-03-04T08:47:12.600+0000] {processor.py:161} INFO - Started process (PID=12859) to work on /home/airflow/.local/lib/python3.12/site-packages/airflow/example_dags/example_xcom.py
[2026-03-04T08:47:12.600+0000] {processor.py:830} INFO - Processing file /home/airflow/.local/lib/python3.12/site-packages/airflow/example_dags/example_xcom.py for tasks to queue
[2026-03-04T08:47:12.601+0000] {logging_mixin.py:188} INFO - [2026-03-04T08:47:12.601+0000] {dagbag.py:545} INFO - Filling up the DagBag from /home/airflow/.local/lib/python3.12/site-packages/airflow/example_dags/example_xcom.py
[2026-03-04T08:47:12.604+0000] {processor.py:840} INFO - DAG(s) 'example_xcom' retrieved from /home/airflow/.local/lib/python3.12/site-packages/airflow/example_dags/example_xcom.py
[2026-03-04T08:47:12.612+0000] {logging_mixin.py:188} INFO - [2026-03-04T08:47:12.612+0000] {dag.py:3089} INFO - Sync 1 DAGs
[2026-03-04T08:47:12.621+0000] {logging_mixin.py:188} INFO - [2026-03-04T08:47:12.621+0000] {dag.py:3947} INFO - Setting next_dagrun for example_xcom to 2021-01-01 00:00:00+00:00, run_after=2021-01-01 00:00:00+00:00
[2026-03-04T08:47:12.632+0000] {processor.py:183} INFO - Processing /home/airflow/.local/lib/python3.12/site-packages/airflow/example_dags/example_xcom.py took 0.035 seconds
[2026-03-04T08:47:43.094+0000] {processor.py:161} INFO - Started process (PID=13121) to work on /home/airflow/.local/lib/python3.12/site-packages/airflow/example_dags/example_xcom.py
[2026-03-04T08:47:43.096+0000] {processor.py:830} INFO - Processing file /home/airflow/.local/lib/python3.12/site-packages/airflow/example_dags/example_xcom.py for tasks to queue
[2026-03-04T08:47:43.097+0000] {logging_mixin.py:188} INFO - [2026-03-04T08:47:43.097+0000] {dagbag.py:545} INFO - Filling up the DagBag from /home/airflow/.local/lib/python3.12/site-packages/airflow/example_dags/example_xcom.py
[2026-03-04T08:47:43.100+0000] {processor.py:840} INFO - DAG(s) 'example_xcom' retrieved from /home/airflow/.local/lib/python3.12/site-packages/airflow/example_dags/example_xcom.py
[2026-03-04T08:47:43.108+0000] {logging_mixin.py:188} INFO - [2026-03-04T08:47:43.108+0000] {dag.py:3089} INFO - Sync 1 DAGs
[2026-03-04T08:47:43.116+0000] {logging_mixin.py:188} INFO - [2026-03-04T08:47:43.116+0000] {dag.py:3947} INFO - Setting next_dagrun for example_xcom to 2021-01-01 00:00:00+00:00, run_after=2021-01-01 00:00:00+00:00
[2026-03-04T08:47:43.126+0000] {processor.py:183} INFO - Processing /home/airflow/.local/lib/python3.12/site-packages/airflow/example_dags/example_xcom.py took 0.034 seconds
[2026-03-04T08:48:13.616+0000] {processor.py:161} INFO - Started process (PID=13383) to work on /home/airflow/.local/lib/python3.12/site-packages/airflow/example_dags/example_xcom.py
[2026-03-04T08:48:13.619+0000] {processor.py:830} INFO - Processing file /home/airflow/.local/lib/python3.12/site-packages/airflow/example_dags/example_xcom.py for tasks to queue
[2026-03-04T08:48:13.620+0000] {logging_mixin.py:188} INFO - [2026-03-04T08:48:13.620+0000] {dagbag.py:545} INFO - Filling up the DagBag from /home/airflow/.local/lib/python3.12/site-packages/airflow/example_dags/example_xcom.py
[2026-03-04T08:48:13.626+0000] {processor.py:840} INFO - DAG(s) 'example_xcom' retrieved from /home/airflow/.local/lib/python3.12/site-packages/airflow/example_dags/example_xcom.py
[2026-03-04T08:48:13.635+0000] {logging_mixin.py:188} INFO - [2026-03-04T08:48:13.635+0000] {dag.py:3089} INFO - Sync 1 DAGs
[2026-03-04T08:48:13.644+0000] {logging_mixin.py:188} INFO - [2026-03-04T08:48:13.644+0000] {dag.py:3947} INFO - Setting next_dagrun for example_xcom to 2021-01-01 00:00:00+00:00, run_after=2021-01-01 00:00:00+00:00
[2026-03-04T08:48:13.650+0000] {processor.py:183} INFO - Processing /home/airflow/.local/lib/python3.12/site-packages/airflow/example_dags/example_xcom.py took 0.036 seconds
[2026-03-04T08:48:44.179+0000] {processor.py:161} INFO - Started process (PID=13647) to work on /home/airflow/.local/lib/python3.12/site-packages/airflow/example_dags/example_xcom.py
[2026-03-04T08:48:44.180+0000] {processor.py:830} INFO - Processing file /home/airflow/.local/lib/python3.12/site-packages/airflow/example_dags/example_xcom.py for tasks to queue
[2026-03-04T08:48:44.181+0000] {logging_mixin.py:188} INFO - [2026-03-04T08:48:44.180+0000] {dagbag.py:545} INFO - Filling up the DagBag from /home/airflow/.local/lib/python3.12/site-packages/airflow/example_dags/example_xcom.py
[2026-03-04T08:48:44.183+0000] {processor.py:840} INFO - DAG(s) 'example_xcom' retrieved from /home/airflow/.local/lib/python3.12/site-packages/airflow/example_dags/example_xcom.py
[2026-03-04T08:48:44.190+0000] {logging_mixin.py:188} INFO - [2026-03-04T08:48:44.190+0000] {dag.py:3089} INFO - Sync 1 DAGs
[2026-03-04T08:48:44.197+0000] {logging_mixin.py:188} INFO - [2026-03-04T08:48:44.196+0000] {dag.py:3947} INFO - Setting next_dagrun for example_xcom to 2021-01-01 00:00:00+00:00, run_after=2021-01-01 00:00:00+00:00
[2026-03-04T08:48:44.201+0000] {processor.py:183} INFO - Processing /home/airflow/.local/lib/python3.12/site-packages/airflow/example_dags/example_xcom.py took 0.024 seconds
[2026-03-04T08:49:14.767+0000] {processor.py:161} INFO - Started process (PID=13907) to work on /home/airflow/.local/lib/python3.12/site-packages/airflow/example_dags/example_xcom.py
[2026-03-04T08:49:14.768+0000] {processor.py:830} INFO - Processing file /home/airflow/.local/lib/python3.12/site-packages/airflow/example_dags/example_xcom.py for tasks to queue
[2026-03-04T08:49:14.768+0000] {logging_mixin.py:188} INFO - [2026-03-04T08:49:14.768+0000] {dagbag.py:545} INFO - Filling up the DagBag from /home/airflow/.local/lib/python3.12/site-packages/airflow/example_dags/example_xcom.py
[2026-03-04T08:49:14.771+0000] {processor.py:840} INFO - DAG(s) 'example_xcom' retrieved from /home/airflow/.local/lib/python3.12/site-packages/airflow/example_dags/example_xcom.py
[2026-03-04T08:49:14.780+0000] {logging_mixin.py:188} INFO - [2026-03-04T08:49:14.780+0000] {dag.py:3089} INFO - Sync 1 DAGs
[2026-03-04T08:49:14.786+0000] {logging_mixin.py:188} INFO - [2026-03-04T08:49:14.786+0000] {dag.py:3947} INFO - Setting next_dagrun for example_xcom to 2021-01-01 00:00:00+00:00, run_after=2021-01-01 00:00:00+00:00
[2026-03-04T08:49:14.794+0000] {processor.py:183} INFO - Processing /home/airflow/.local/lib/python3.12/site-packages/airflow/example_dags/example_xcom.py took 0.029 seconds
[2026-03-04T08:49:45.361+0000] {processor.py:161} INFO - Started process (PID=14170) to work on /home/airflow/.local/lib/python3.12/site-packages/airflow/example_dags/example_xcom.py
[2026-03-04T08:49:45.362+0000] {processor.py:830} INFO - Processing file /home/airflow/.local/lib/python3.12/site-packages/airflow/example_dags/example_xcom.py for tasks to queue
[2026-03-04T08:49:45.363+0000] {logging_mixin.py:188} INFO - [2026-03-04T08:49:45.362+0000] {dagbag.py:545} INFO - Filling up the DagBag from /home/airflow/.local/lib/python3.12/site-packages/airflow/example_dags/example_xcom.py
[2026-03-04T08:49:45.366+0000] {processor.py:840} INFO - DAG(s) 'example_xcom' retrieved from /home/airflow/.local/lib/python3.12/site-packages/airflow/example_dags/example_xcom.py
[2026-03-04T08:49:45.374+0000] {logging_mixin.py:188} INFO - [2026-03-04T08:49:45.374+0000] {dag.py:3089} INFO - Sync 1 DAGs
[2026-03-04T08:49:45.384+0000] {logging_mixin.py:188} INFO - [2026-03-04T08:49:45.384+0000] {dag.py:3947} INFO - Setting next_dagrun for example_xcom to 2021-01-01 00:00:00+00:00, run_after=2021-01-01 00:00:00+00:00
[2026-03-04T08:49:45.395+0000] {processor.py:183} INFO - Processing /home/airflow/.local/lib/python3.12/site-packages/airflow/example_dags/example_xcom.py took 0.036 seconds
[2026-03-04T08:50:15.878+0000] {processor.py:161} INFO - Started process (PID=14433) to work on /home/airflow/.local/lib/python3.12/site-packages/airflow/example_dags/example_xcom.py
[2026-03-04T08:50:15.879+0000] {processor.py:830} INFO - Processing file /home/airflow/.local/lib/python3.12/site-packages/airflow/example_dags/example_xcom.py for tasks to queue
[2026-03-04T08:50:15.880+0000] {logging_mixin.py:188} INFO - [2026-03-04T08:50:15.880+0000] {dagbag.py:545} INFO - Filling up the DagBag from /home/airflow/.local/lib/python3.12/site-packages/airflow/example_dags/example_xcom.py
[2026-03-04T08:50:15.882+0000] {processor.py:840} INFO - DAG(s) 'example_xcom' retrieved from /home/airflow/.local/lib/python3.12/site-packages/airflow/example_dags/example_xcom.py
[2026-03-04T08:50:15.889+0000] {logging_mixin.py:188} INFO - [2026-03-04T08:50:15.889+0000] {dag.py:3089} INFO - Sync 1 DAGs
[2026-03-04T08:50:15.895+0000] {logging_mixin.py:188} INFO - [2026-03-04T08:50:15.895+0000] {dag.py:3947} INFO - Setting next_dagrun for example_xcom to 2021-01-01 00:00:00+00:00, run_after=2021-01-01 00:00:00+00:00
[2026-03-04T08:50:15.900+0000] {processor.py:183} INFO - Processing /home/airflow/.local/lib/python3.12/site-packages/airflow/example_dags/example_xcom.py took 0.024 seconds
[2026-03-04T08:50:46.455+0000] {processor.py:161} INFO - Started process (PID=14695) to work on /home/airflow/.local/lib/python3.12/site-packages/airflow/example_dags/example_xcom.py
[2026-03-04T08:50:46.455+0000] {processor.py:830} INFO - Processing file /home/airflow/.local/lib/python3.12/site-packages/airflow/example_dags/example_xcom.py for tasks to queue
[2026-03-04T08:50:46.456+0000] {logging_mixin.py:188} INFO - [2026-03-04T08:50:46.456+0000] {dagbag.py:545} INFO - Filling up the DagBag from /home/airflow/.local/lib/python3.12/site-packages/airflow/example_dags/example_xcom.py
[2026-03-04T08:50:46.459+0000] {processor.py:840} INFO - DAG(s) 'example_xcom' retrieved from /home/airflow/.local/lib/python3.12/site-packages/airflow/example_dags/example_xcom.py
[2026-03-04T08:50:46.466+0000] {logging_mixin.py:188} INFO - [2026-03-04T08:50:46.465+0000] {dag.py:3089} INFO - Sync 1 DAGs
[2026-03-04T08:50:46.472+0000] {logging_mixin.py:188} INFO - [2026-03-04T08:50:46.472+0000] {dag.py:3947} INFO - Setting next_dagrun for example_xcom to 2021-01-01 00:00:00+00:00, run_after=2021-01-01 00:00:00+00:00
[2026-03-04T08:50:46.477+0000] {processor.py:183} INFO - Processing /home/airflow/.local/lib/python3.12/site-packages/airflow/example_dags/example_xcom.py took 0.024 seconds
