[2026-03-04T07:57:49.294+0000] {processor.py:161} INFO - Started process (PID=202) to work on /home/airflow/.local/lib/python3.12/site-packages/airflow/example_dags/example_skip_dag.py
[2026-03-04T07:57:49.295+0000] {processor.py:830} INFO - Processing file /home/airflow/.local/lib/python3.12/site-packages/airflow/example_dags/example_skip_dag.py for tasks to queue
[2026-03-04T07:57:49.295+0000] {logging_mixin.py:188} INFO - [2026-03-04T07:57:49.295+0000] {dagbag.py:545} INFO - Filling up the DagBag from /home/airflow/.local/lib/python3.12/site-packages/airflow/example_dags/example_skip_dag.py
[2026-03-04T07:57:49.299+0000] {processor.py:840} INFO - DAG(s) 'example_skip_dag' retrieved from /home/airflow/.local/lib/python3.12/site-packages/airflow/example_dags/example_skip_dag.py
[2026-03-04T07:57:49.335+0000] {logging_mixin.py:188} INFO - [2026-03-04T07:57:49.335+0000] {override.py:1858} INFO - Created Permission View: can delete on DAG:example_skip_dag
[2026-03-04T07:57:49.338+0000] {logging_mixin.py:188} INFO - [2026-03-04T07:57:49.338+0000] {override.py:1858} INFO - Created Permission View: can read on DAG:example_skip_dag
[2026-03-04T07:57:49.339+0000] {logging_mixin.py:188} INFO - [2026-03-04T07:57:49.339+0000] {override.py:1858} INFO - Created Permission View: can edit on DAG:example_skip_dag
[2026-03-04T07:57:49.339+0000] {logging_mixin.py:188} INFO - [2026-03-04T07:57:49.339+0000] {dag.py:3089} INFO - Sync 1 DAGs
[2026-03-04T07:57:49.342+0000] {logging_mixin.py:188} INFO - [2026-03-04T07:57:49.342+0000] {dag.py:3111} INFO - Creating ORM DAG for example_skip_dag
[2026-03-04T07:57:49.345+0000] {logging_mixin.py:188} INFO - [2026-03-04T07:57:49.345+0000] {dag.py:3947} INFO - Setting next_dagrun for example_skip_dag to 2026-03-03 00:00:00+00:00, run_after=2026-03-04 00:00:00+00:00
[2026-03-04T07:57:49.351+0000] {processor.py:183} INFO - Processing /home/airflow/.local/lib/python3.12/site-packages/airflow/example_dags/example_skip_dag.py took 0.059 seconds
[2026-03-04T07:58:20.096+0000] {processor.py:161} INFO - Started process (PID=464) to work on /home/airflow/.local/lib/python3.12/site-packages/airflow/example_dags/example_skip_dag.py
[2026-03-04T07:58:20.096+0000] {processor.py:830} INFO - Processing file /home/airflow/.local/lib/python3.12/site-packages/airflow/example_dags/example_skip_dag.py for tasks to queue
[2026-03-04T07:58:20.097+0000] {logging_mixin.py:188} INFO - [2026-03-04T07:58:20.097+0000] {dagbag.py:545} INFO - Filling up the DagBag from /home/airflow/.local/lib/python3.12/site-packages/airflow/example_dags/example_skip_dag.py
[2026-03-04T07:58:20.099+0000] {processor.py:840} INFO - DAG(s) 'example_skip_dag' retrieved from /home/airflow/.local/lib/python3.12/site-packages/airflow/example_dags/example_skip_dag.py
[2026-03-04T07:58:20.107+0000] {logging_mixin.py:188} INFO - [2026-03-04T07:58:20.107+0000] {dag.py:3089} INFO - Sync 1 DAGs
[2026-03-04T07:58:20.119+0000] {logging_mixin.py:188} INFO - [2026-03-04T07:58:20.119+0000] {dag.py:3947} INFO - Setting next_dagrun for example_skip_dag to 2026-03-03 00:00:00+00:00, run_after=2026-03-04 00:00:00+00:00
[2026-03-04T07:58:20.125+0000] {processor.py:183} INFO - Processing /home/airflow/.local/lib/python3.12/site-packages/airflow/example_dags/example_skip_dag.py took 0.031 seconds
[2026-03-04T07:58:50.629+0000] {processor.py:161} INFO - Started process (PID=726) to work on /home/airflow/.local/lib/python3.12/site-packages/airflow/example_dags/example_skip_dag.py
[2026-03-04T07:58:50.629+0000] {processor.py:830} INFO - Processing file /home/airflow/.local/lib/python3.12/site-packages/airflow/example_dags/example_skip_dag.py for tasks to queue
[2026-03-04T07:58:50.630+0000] {logging_mixin.py:188} INFO - [2026-03-04T07:58:50.630+0000] {dagbag.py:545} INFO - Filling up the DagBag from /home/airflow/.local/lib/python3.12/site-packages/airflow/example_dags/example_skip_dag.py
[2026-03-04T07:58:50.632+0000] {processor.py:840} INFO - DAG(s) 'example_skip_dag' retrieved from /home/airflow/.local/lib/python3.12/site-packages/airflow/example_dags/example_skip_dag.py
[2026-03-04T07:58:50.640+0000] {logging_mixin.py:188} INFO - [2026-03-04T07:58:50.639+0000] {dag.py:3089} INFO - Sync 1 DAGs
[2026-03-04T07:58:50.646+0000] {logging_mixin.py:188} INFO - [2026-03-04T07:58:50.646+0000] {dag.py:3947} INFO - Setting next_dagrun for example_skip_dag to 2026-03-03 00:00:00+00:00, run_after=2026-03-04 00:00:00+00:00
[2026-03-04T07:58:50.653+0000] {processor.py:183} INFO - Processing /home/airflow/.local/lib/python3.12/site-packages/airflow/example_dags/example_skip_dag.py took 0.026 seconds
[2026-03-04T07:59:21.177+0000] {processor.py:161} INFO - Started process (PID=988) to work on /home/airflow/.local/lib/python3.12/site-packages/airflow/example_dags/example_skip_dag.py
[2026-03-04T07:59:21.177+0000] {processor.py:830} INFO - Processing file /home/airflow/.local/lib/python3.12/site-packages/airflow/example_dags/example_skip_dag.py for tasks to queue
[2026-03-04T07:59:21.178+0000] {logging_mixin.py:188} INFO - [2026-03-04T07:59:21.178+0000] {dagbag.py:545} INFO - Filling up the DagBag from /home/airflow/.local/lib/python3.12/site-packages/airflow/example_dags/example_skip_dag.py
[2026-03-04T07:59:21.180+0000] {processor.py:840} INFO - DAG(s) 'example_skip_dag' retrieved from /home/airflow/.local/lib/python3.12/site-packages/airflow/example_dags/example_skip_dag.py
[2026-03-04T07:59:21.189+0000] {logging_mixin.py:188} INFO - [2026-03-04T07:59:21.189+0000] {dag.py:3089} INFO - Sync 1 DAGs
[2026-03-04T07:59:21.197+0000] {logging_mixin.py:188} INFO - [2026-03-04T07:59:21.197+0000] {dag.py:3947} INFO - Setting next_dagrun for example_skip_dag to 2026-03-03 00:00:00+00:00, run_after=2026-03-04 00:00:00+00:00
[2026-03-04T07:59:21.203+0000] {processor.py:183} INFO - Processing /home/airflow/.local/lib/python3.12/site-packages/airflow/example_dags/example_skip_dag.py took 0.029 seconds
[2026-03-04T07:59:51.738+0000] {processor.py:161} INFO - Started process (PID=1250) to work on /home/airflow/.local/lib/python3.12/site-packages/airflow/example_dags/example_skip_dag.py
[2026-03-04T07:59:51.738+0000] {processor.py:830} INFO - Processing file /home/airflow/.local/lib/python3.12/site-packages/airflow/example_dags/example_skip_dag.py for tasks to queue
[2026-03-04T07:59:51.739+0000] {logging_mixin.py:188} INFO - [2026-03-04T07:59:51.739+0000] {dagbag.py:545} INFO - Filling up the DagBag from /home/airflow/.local/lib/python3.12/site-packages/airflow/example_dags/example_skip_dag.py
[2026-03-04T07:59:51.742+0000] {processor.py:840} INFO - DAG(s) 'example_skip_dag' retrieved from /home/airflow/.local/lib/python3.12/site-packages/airflow/example_dags/example_skip_dag.py
[2026-03-04T07:59:51.752+0000] {logging_mixin.py:188} INFO - [2026-03-04T07:59:51.752+0000] {dag.py:3089} INFO - Sync 1 DAGs
[2026-03-04T07:59:51.761+0000] {logging_mixin.py:188} INFO - [2026-03-04T07:59:51.761+0000] {dag.py:3947} INFO - Setting next_dagrun for example_skip_dag to 2026-03-03 00:00:00+00:00, run_after=2026-03-04 00:00:00+00:00
[2026-03-04T07:59:51.770+0000] {processor.py:183} INFO - Processing /home/airflow/.local/lib/python3.12/site-packages/airflow/example_dags/example_skip_dag.py took 0.037 seconds
[2026-03-04T08:00:22.459+0000] {processor.py:161} INFO - Started process (PID=1512) to work on /home/airflow/.local/lib/python3.12/site-packages/airflow/example_dags/example_skip_dag.py
[2026-03-04T08:00:22.460+0000] {processor.py:830} INFO - Processing file /home/airflow/.local/lib/python3.12/site-packages/airflow/example_dags/example_skip_dag.py for tasks to queue
[2026-03-04T08:00:22.460+0000] {logging_mixin.py:188} INFO - [2026-03-04T08:00:22.460+0000] {dagbag.py:545} INFO - Filling up the DagBag from /home/airflow/.local/lib/python3.12/site-packages/airflow/example_dags/example_skip_dag.py
[2026-03-04T08:00:22.463+0000] {processor.py:840} INFO - DAG(s) 'example_skip_dag' retrieved from /home/airflow/.local/lib/python3.12/site-packages/airflow/example_dags/example_skip_dag.py
[2026-03-04T08:00:22.471+0000] {logging_mixin.py:188} INFO - [2026-03-04T08:00:22.470+0000] {dag.py:3089} INFO - Sync 1 DAGs
[2026-03-04T08:00:22.478+0000] {logging_mixin.py:188} INFO - [2026-03-04T08:00:22.478+0000] {dag.py:3947} INFO - Setting next_dagrun for example_skip_dag to 2026-03-03 00:00:00+00:00, run_after=2026-03-04 00:00:00+00:00
[2026-03-04T08:00:22.486+0000] {processor.py:183} INFO - Processing /home/airflow/.local/lib/python3.12/site-packages/airflow/example_dags/example_skip_dag.py took 0.034 seconds
[2026-03-04T08:00:53.087+0000] {processor.py:161} INFO - Started process (PID=1774) to work on /home/airflow/.local/lib/python3.12/site-packages/airflow/example_dags/example_skip_dag.py
[2026-03-04T08:00:53.087+0000] {processor.py:830} INFO - Processing file /home/airflow/.local/lib/python3.12/site-packages/airflow/example_dags/example_skip_dag.py for tasks to queue
[2026-03-04T08:00:53.088+0000] {logging_mixin.py:188} INFO - [2026-03-04T08:00:53.088+0000] {dagbag.py:545} INFO - Filling up the DagBag from /home/airflow/.local/lib/python3.12/site-packages/airflow/example_dags/example_skip_dag.py
[2026-03-04T08:00:53.090+0000] {processor.py:840} INFO - DAG(s) 'example_skip_dag' retrieved from /home/airflow/.local/lib/python3.12/site-packages/airflow/example_dags/example_skip_dag.py
[2026-03-04T08:00:53.099+0000] {logging_mixin.py:188} INFO - [2026-03-04T08:00:53.099+0000] {dag.py:3089} INFO - Sync 1 DAGs
[2026-03-04T08:00:53.109+0000] {logging_mixin.py:188} INFO - [2026-03-04T08:00:53.109+0000] {dag.py:3947} INFO - Setting next_dagrun for example_skip_dag to 2026-03-03 00:00:00+00:00, run_after=2026-03-04 00:00:00+00:00
[2026-03-04T08:00:53.117+0000] {processor.py:183} INFO - Processing /home/airflow/.local/lib/python3.12/site-packages/airflow/example_dags/example_skip_dag.py took 0.033 seconds
[2026-03-04T08:01:23.709+0000] {processor.py:161} INFO - Started process (PID=2036) to work on /home/airflow/.local/lib/python3.12/site-packages/airflow/example_dags/example_skip_dag.py
[2026-03-04T08:01:23.709+0000] {processor.py:830} INFO - Processing file /home/airflow/.local/lib/python3.12/site-packages/airflow/example_dags/example_skip_dag.py for tasks to queue
[2026-03-04T08:01:23.710+0000] {logging_mixin.py:188} INFO - [2026-03-04T08:01:23.710+0000] {dagbag.py:545} INFO - Filling up the DagBag from /home/airflow/.local/lib/python3.12/site-packages/airflow/example_dags/example_skip_dag.py
[2026-03-04T08:01:23.712+0000] {processor.py:840} INFO - DAG(s) 'example_skip_dag' retrieved from /home/airflow/.local/lib/python3.12/site-packages/airflow/example_dags/example_skip_dag.py
[2026-03-04T08:01:23.721+0000] {logging_mixin.py:188} INFO - [2026-03-04T08:01:23.720+0000] {dag.py:3089} INFO - Sync 1 DAGs
[2026-03-04T08:01:23.728+0000] {logging_mixin.py:188} INFO - [2026-03-04T08:01:23.728+0000] {dag.py:3947} INFO - Setting next_dagrun for example_skip_dag to 2026-03-03 00:00:00+00:00, run_after=2026-03-04 00:00:00+00:00
[2026-03-04T08:01:23.734+0000] {processor.py:183} INFO - Processing /home/airflow/.local/lib/python3.12/site-packages/airflow/example_dags/example_skip_dag.py took 0.028 seconds
[2026-03-04T08:01:54.230+0000] {processor.py:161} INFO - Started process (PID=2298) to work on /home/airflow/.local/lib/python3.12/site-packages/airflow/example_dags/example_skip_dag.py
[2026-03-04T08:01:54.230+0000] {processor.py:830} INFO - Processing file /home/airflow/.local/lib/python3.12/site-packages/airflow/example_dags/example_skip_dag.py for tasks to queue
[2026-03-04T08:01:54.231+0000] {logging_mixin.py:188} INFO - [2026-03-04T08:01:54.231+0000] {dagbag.py:545} INFO - Filling up the DagBag from /home/airflow/.local/lib/python3.12/site-packages/airflow/example_dags/example_skip_dag.py
[2026-03-04T08:01:54.234+0000] {processor.py:840} INFO - DAG(s) 'example_skip_dag' retrieved from /home/airflow/.local/lib/python3.12/site-packages/airflow/example_dags/example_skip_dag.py
[2026-03-04T08:01:54.242+0000] {logging_mixin.py:188} INFO - [2026-03-04T08:01:54.241+0000] {dag.py:3089} INFO - Sync 1 DAGs
[2026-03-04T08:01:54.249+0000] {logging_mixin.py:188} INFO - [2026-03-04T08:01:54.249+0000] {dag.py:3947} INFO - Setting next_dagrun for example_skip_dag to 2026-03-03 00:00:00+00:00, run_after=2026-03-04 00:00:00+00:00
[2026-03-04T08:01:54.255+0000] {processor.py:183} INFO - Processing /home/airflow/.local/lib/python3.12/site-packages/airflow/example_dags/example_skip_dag.py took 0.029 seconds
[2026-03-04T08:02:24.769+0000] {processor.py:161} INFO - Started process (PID=2560) to work on /home/airflow/.local/lib/python3.12/site-packages/airflow/example_dags/example_skip_dag.py
[2026-03-04T08:02:24.769+0000] {processor.py:830} INFO - Processing file /home/airflow/.local/lib/python3.12/site-packages/airflow/example_dags/example_skip_dag.py for tasks to queue
[2026-03-04T08:02:24.770+0000] {logging_mixin.py:188} INFO - [2026-03-04T08:02:24.770+0000] {dagbag.py:545} INFO - Filling up the DagBag from /home/airflow/.local/lib/python3.12/site-packages/airflow/example_dags/example_skip_dag.py
[2026-03-04T08:02:24.772+0000] {processor.py:840} INFO - DAG(s) 'example_skip_dag' retrieved from /home/airflow/.local/lib/python3.12/site-packages/airflow/example_dags/example_skip_dag.py
[2026-03-04T08:02:24.780+0000] {logging_mixin.py:188} INFO - [2026-03-04T08:02:24.780+0000] {dag.py:3089} INFO - Sync 1 DAGs
[2026-03-04T08:02:24.787+0000] {logging_mixin.py:188} INFO - [2026-03-04T08:02:24.787+0000] {dag.py:3947} INFO - Setting next_dagrun for example_skip_dag to 2026-03-03 00:00:00+00:00, run_after=2026-03-04 00:00:00+00:00
[2026-03-04T08:02:24.793+0000] {processor.py:183} INFO - Processing /home/airflow/.local/lib/python3.12/site-packages/airflow/example_dags/example_skip_dag.py took 0.026 seconds
[2026-03-04T08:02:55.307+0000] {processor.py:161} INFO - Started process (PID=2822) to work on /home/airflow/.local/lib/python3.12/site-packages/airflow/example_dags/example_skip_dag.py
[2026-03-04T08:02:55.307+0000] {processor.py:830} INFO - Processing file /home/airflow/.local/lib/python3.12/site-packages/airflow/example_dags/example_skip_dag.py for tasks to queue
[2026-03-04T08:02:55.308+0000] {logging_mixin.py:188} INFO - [2026-03-04T08:02:55.308+0000] {dagbag.py:545} INFO - Filling up the DagBag from /home/airflow/.local/lib/python3.12/site-packages/airflow/example_dags/example_skip_dag.py
[2026-03-04T08:02:55.311+0000] {processor.py:840} INFO - DAG(s) 'example_skip_dag' retrieved from /home/airflow/.local/lib/python3.12/site-packages/airflow/example_dags/example_skip_dag.py
[2026-03-04T08:02:55.319+0000] {logging_mixin.py:188} INFO - [2026-03-04T08:02:55.318+0000] {dag.py:3089} INFO - Sync 1 DAGs
[2026-03-04T08:02:55.326+0000] {logging_mixin.py:188} INFO - [2026-03-04T08:02:55.326+0000] {dag.py:3947} INFO - Setting next_dagrun for example_skip_dag to 2026-03-03 00:00:00+00:00, run_after=2026-03-04 00:00:00+00:00
[2026-03-04T08:02:55.332+0000] {processor.py:183} INFO - Processing /home/airflow/.local/lib/python3.12/site-packages/airflow/example_dags/example_skip_dag.py took 0.028 seconds
[2026-03-04T08:03:25.886+0000] {processor.py:161} INFO - Started process (PID=3084) to work on /home/airflow/.local/lib/python3.12/site-packages/airflow/example_dags/example_skip_dag.py
[2026-03-04T08:03:25.887+0000] {processor.py:830} INFO - Processing file /home/airflow/.local/lib/python3.12/site-packages/airflow/example_dags/example_skip_dag.py for tasks to queue
[2026-03-04T08:03:25.887+0000] {logging_mixin.py:188} INFO - [2026-03-04T08:03:25.887+0000] {dagbag.py:545} INFO - Filling up the DagBag from /home/airflow/.local/lib/python3.12/site-packages/airflow/example_dags/example_skip_dag.py
[2026-03-04T08:03:25.891+0000] {processor.py:840} INFO - DAG(s) 'example_skip_dag' retrieved from /home/airflow/.local/lib/python3.12/site-packages/airflow/example_dags/example_skip_dag.py
[2026-03-04T08:03:25.902+0000] {logging_mixin.py:188} INFO - [2026-03-04T08:03:25.901+0000] {dag.py:3089} INFO - Sync 1 DAGs
[2026-03-04T08:03:25.913+0000] {logging_mixin.py:188} INFO - [2026-03-04T08:03:25.912+0000] {dag.py:3947} INFO - Setting next_dagrun for example_skip_dag to 2026-03-03 00:00:00+00:00, run_after=2026-03-04 00:00:00+00:00
[2026-03-04T08:03:25.920+0000] {processor.py:183} INFO - Processing /home/airflow/.local/lib/python3.12/site-packages/airflow/example_dags/example_skip_dag.py took 0.037 seconds
[2026-03-04T08:03:56.432+0000] {processor.py:161} INFO - Started process (PID=3346) to work on /home/airflow/.local/lib/python3.12/site-packages/airflow/example_dags/example_skip_dag.py
[2026-03-04T08:03:56.433+0000] {processor.py:830} INFO - Processing file /home/airflow/.local/lib/python3.12/site-packages/airflow/example_dags/example_skip_dag.py for tasks to queue
[2026-03-04T08:03:56.433+0000] {logging_mixin.py:188} INFO - [2026-03-04T08:03:56.433+0000] {dagbag.py:545} INFO - Filling up the DagBag from /home/airflow/.local/lib/python3.12/site-packages/airflow/example_dags/example_skip_dag.py
[2026-03-04T08:03:56.436+0000] {processor.py:840} INFO - DAG(s) 'example_skip_dag' retrieved from /home/airflow/.local/lib/python3.12/site-packages/airflow/example_dags/example_skip_dag.py
[2026-03-04T08:03:56.445+0000] {logging_mixin.py:188} INFO - [2026-03-04T08:03:56.445+0000] {dag.py:3089} INFO - Sync 1 DAGs
[2026-03-04T08:03:56.452+0000] {logging_mixin.py:188} INFO - [2026-03-04T08:03:56.452+0000] {dag.py:3947} INFO - Setting next_dagrun for example_skip_dag to 2026-03-03 00:00:00+00:00, run_after=2026-03-04 00:00:00+00:00
[2026-03-04T08:03:56.458+0000] {processor.py:183} INFO - Processing /home/airflow/.local/lib/python3.12/site-packages/airflow/example_dags/example_skip_dag.py took 0.029 seconds
[2026-03-04T08:04:26.964+0000] {processor.py:161} INFO - Started process (PID=3608) to work on /home/airflow/.local/lib/python3.12/site-packages/airflow/example_dags/example_skip_dag.py
[2026-03-04T08:04:26.964+0000] {processor.py:830} INFO - Processing file /home/airflow/.local/lib/python3.12/site-packages/airflow/example_dags/example_skip_dag.py for tasks to queue
[2026-03-04T08:04:26.965+0000] {logging_mixin.py:188} INFO - [2026-03-04T08:04:26.965+0000] {dagbag.py:545} INFO - Filling up the DagBag from /home/airflow/.local/lib/python3.12/site-packages/airflow/example_dags/example_skip_dag.py
[2026-03-04T08:04:26.967+0000] {processor.py:840} INFO - DAG(s) 'example_skip_dag' retrieved from /home/airflow/.local/lib/python3.12/site-packages/airflow/example_dags/example_skip_dag.py
[2026-03-04T08:04:26.983+0000] {logging_mixin.py:188} INFO - [2026-03-04T08:04:26.983+0000] {dag.py:3089} INFO - Sync 1 DAGs
[2026-03-04T08:04:27.003+0000] {logging_mixin.py:188} INFO - [2026-03-04T08:04:27.003+0000] {dag.py:3947} INFO - Setting next_dagrun for example_skip_dag to 2026-03-03 00:00:00+00:00, run_after=2026-03-04 00:00:00+00:00
[2026-03-04T08:04:27.012+0000] {processor.py:183} INFO - Processing /home/airflow/.local/lib/python3.12/site-packages/airflow/example_dags/example_skip_dag.py took 0.051 seconds
[2026-03-04T08:04:57.614+0000] {processor.py:161} INFO - Started process (PID=3870) to work on /home/airflow/.local/lib/python3.12/site-packages/airflow/example_dags/example_skip_dag.py
[2026-03-04T08:04:57.615+0000] {processor.py:830} INFO - Processing file /home/airflow/.local/lib/python3.12/site-packages/airflow/example_dags/example_skip_dag.py for tasks to queue
[2026-03-04T08:04:57.616+0000] {logging_mixin.py:188} INFO - [2026-03-04T08:04:57.615+0000] {dagbag.py:545} INFO - Filling up the DagBag from /home/airflow/.local/lib/python3.12/site-packages/airflow/example_dags/example_skip_dag.py
[2026-03-04T08:04:57.618+0000] {processor.py:840} INFO - DAG(s) 'example_skip_dag' retrieved from /home/airflow/.local/lib/python3.12/site-packages/airflow/example_dags/example_skip_dag.py
[2026-03-04T08:04:57.627+0000] {logging_mixin.py:188} INFO - [2026-03-04T08:04:57.627+0000] {dag.py:3089} INFO - Sync 1 DAGs
[2026-03-04T08:04:57.634+0000] {logging_mixin.py:188} INFO - [2026-03-04T08:04:57.634+0000] {dag.py:3947} INFO - Setting next_dagrun for example_skip_dag to 2026-03-03 00:00:00+00:00, run_after=2026-03-04 00:00:00+00:00
[2026-03-04T08:04:57.640+0000] {processor.py:183} INFO - Processing /home/airflow/.local/lib/python3.12/site-packages/airflow/example_dags/example_skip_dag.py took 0.029 seconds
[2026-03-04T08:05:28.183+0000] {processor.py:161} INFO - Started process (PID=4132) to work on /home/airflow/.local/lib/python3.12/site-packages/airflow/example_dags/example_skip_dag.py
[2026-03-04T08:05:28.183+0000] {processor.py:830} INFO - Processing file /home/airflow/.local/lib/python3.12/site-packages/airflow/example_dags/example_skip_dag.py for tasks to queue
[2026-03-04T08:05:28.184+0000] {logging_mixin.py:188} INFO - [2026-03-04T08:05:28.184+0000] {dagbag.py:545} INFO - Filling up the DagBag from /home/airflow/.local/lib/python3.12/site-packages/airflow/example_dags/example_skip_dag.py
[2026-03-04T08:05:28.188+0000] {processor.py:840} INFO - DAG(s) 'example_skip_dag' retrieved from /home/airflow/.local/lib/python3.12/site-packages/airflow/example_dags/example_skip_dag.py
[2026-03-04T08:05:28.197+0000] {logging_mixin.py:188} INFO - [2026-03-04T08:05:28.197+0000] {dag.py:3089} INFO - Sync 1 DAGs
[2026-03-04T08:05:28.205+0000] {logging_mixin.py:188} INFO - [2026-03-04T08:05:28.204+0000] {dag.py:3947} INFO - Setting next_dagrun for example_skip_dag to 2026-03-03 00:00:00+00:00, run_after=2026-03-04 00:00:00+00:00
[2026-03-04T08:05:28.211+0000] {processor.py:183} INFO - Processing /home/airflow/.local/lib/python3.12/site-packages/airflow/example_dags/example_skip_dag.py took 0.031 seconds
[2026-03-04T08:05:58.782+0000] {processor.py:161} INFO - Started process (PID=4394) to work on /home/airflow/.local/lib/python3.12/site-packages/airflow/example_dags/example_skip_dag.py
[2026-03-04T08:05:58.782+0000] {processor.py:830} INFO - Processing file /home/airflow/.local/lib/python3.12/site-packages/airflow/example_dags/example_skip_dag.py for tasks to queue
[2026-03-04T08:05:58.783+0000] {logging_mixin.py:188} INFO - [2026-03-04T08:05:58.783+0000] {dagbag.py:545} INFO - Filling up the DagBag from /home/airflow/.local/lib/python3.12/site-packages/airflow/example_dags/example_skip_dag.py
[2026-03-04T08:05:58.786+0000] {processor.py:840} INFO - DAG(s) 'example_skip_dag' retrieved from /home/airflow/.local/lib/python3.12/site-packages/airflow/example_dags/example_skip_dag.py
[2026-03-04T08:05:58.794+0000] {logging_mixin.py:188} INFO - [2026-03-04T08:05:58.794+0000] {dag.py:3089} INFO - Sync 1 DAGs
[2026-03-04T08:05:58.802+0000] {logging_mixin.py:188} INFO - [2026-03-04T08:05:58.802+0000] {dag.py:3947} INFO - Setting next_dagrun for example_skip_dag to 2026-03-03 00:00:00+00:00, run_after=2026-03-04 00:00:00+00:00
[2026-03-04T08:05:58.808+0000] {processor.py:183} INFO - Processing /home/airflow/.local/lib/python3.12/site-packages/airflow/example_dags/example_skip_dag.py took 0.028 seconds
[2026-03-04T08:06:29.297+0000] {processor.py:161} INFO - Started process (PID=4656) to work on /home/airflow/.local/lib/python3.12/site-packages/airflow/example_dags/example_skip_dag.py
[2026-03-04T08:06:29.298+0000] {processor.py:830} INFO - Processing file /home/airflow/.local/lib/python3.12/site-packages/airflow/example_dags/example_skip_dag.py for tasks to queue
[2026-03-04T08:06:29.298+0000] {logging_mixin.py:188} INFO - [2026-03-04T08:06:29.298+0000] {dagbag.py:545} INFO - Filling up the DagBag from /home/airflow/.local/lib/python3.12/site-packages/airflow/example_dags/example_skip_dag.py
[2026-03-04T08:06:29.301+0000] {processor.py:840} INFO - DAG(s) 'example_skip_dag' retrieved from /home/airflow/.local/lib/python3.12/site-packages/airflow/example_dags/example_skip_dag.py
[2026-03-04T08:06:29.309+0000] {logging_mixin.py:188} INFO - [2026-03-04T08:06:29.309+0000] {dag.py:3089} INFO - Sync 1 DAGs
[2026-03-04T08:06:29.316+0000] {logging_mixin.py:188} INFO - [2026-03-04T08:06:29.316+0000] {dag.py:3947} INFO - Setting next_dagrun for example_skip_dag to 2026-03-03 00:00:00+00:00, run_after=2026-03-04 00:00:00+00:00
[2026-03-04T08:06:29.321+0000] {processor.py:183} INFO - Processing /home/airflow/.local/lib/python3.12/site-packages/airflow/example_dags/example_skip_dag.py took 0.026 seconds
[2026-03-04T08:06:59.903+0000] {processor.py:161} INFO - Started process (PID=4918) to work on /home/airflow/.local/lib/python3.12/site-packages/airflow/example_dags/example_skip_dag.py
[2026-03-04T08:06:59.904+0000] {processor.py:830} INFO - Processing file /home/airflow/.local/lib/python3.12/site-packages/airflow/example_dags/example_skip_dag.py for tasks to queue
[2026-03-04T08:06:59.904+0000] {logging_mixin.py:188} INFO - [2026-03-04T08:06:59.904+0000] {dagbag.py:545} INFO - Filling up the DagBag from /home/airflow/.local/lib/python3.12/site-packages/airflow/example_dags/example_skip_dag.py
[2026-03-04T08:06:59.907+0000] {processor.py:840} INFO - DAG(s) 'example_skip_dag' retrieved from /home/airflow/.local/lib/python3.12/site-packages/airflow/example_dags/example_skip_dag.py
[2026-03-04T08:06:59.915+0000] {logging_mixin.py:188} INFO - [2026-03-04T08:06:59.915+0000] {dag.py:3089} INFO - Sync 1 DAGs
[2026-03-04T08:06:59.922+0000] {logging_mixin.py:188} INFO - [2026-03-04T08:06:59.922+0000] {dag.py:3947} INFO - Setting next_dagrun for example_skip_dag to 2026-03-03 00:00:00+00:00, run_after=2026-03-04 00:00:00+00:00
[2026-03-04T08:06:59.928+0000] {processor.py:183} INFO - Processing /home/airflow/.local/lib/python3.12/site-packages/airflow/example_dags/example_skip_dag.py took 0.027 seconds
[2026-03-04T08:07:30.384+0000] {processor.py:161} INFO - Started process (PID=5180) to work on /home/airflow/.local/lib/python3.12/site-packages/airflow/example_dags/example_skip_dag.py
[2026-03-04T08:07:30.384+0000] {processor.py:830} INFO - Processing file /home/airflow/.local/lib/python3.12/site-packages/airflow/example_dags/example_skip_dag.py for tasks to queue
[2026-03-04T08:07:30.385+0000] {logging_mixin.py:188} INFO - [2026-03-04T08:07:30.385+0000] {dagbag.py:545} INFO - Filling up the DagBag from /home/airflow/.local/lib/python3.12/site-packages/airflow/example_dags/example_skip_dag.py
[2026-03-04T08:07:30.388+0000] {processor.py:840} INFO - DAG(s) 'example_skip_dag' retrieved from /home/airflow/.local/lib/python3.12/site-packages/airflow/example_dags/example_skip_dag.py
[2026-03-04T08:07:30.395+0000] {logging_mixin.py:188} INFO - [2026-03-04T08:07:30.395+0000] {dag.py:3089} INFO - Sync 1 DAGs
[2026-03-04T08:07:30.402+0000] {logging_mixin.py:188} INFO - [2026-03-04T08:07:30.402+0000] {dag.py:3947} INFO - Setting next_dagrun for example_skip_dag to 2026-03-03 00:00:00+00:00, run_after=2026-03-04 00:00:00+00:00
[2026-03-04T08:07:30.408+0000] {processor.py:183} INFO - Processing /home/airflow/.local/lib/python3.12/site-packages/airflow/example_dags/example_skip_dag.py took 0.027 seconds
[2026-03-04T08:08:00.985+0000] {processor.py:161} INFO - Started process (PID=5442) to work on /home/airflow/.local/lib/python3.12/site-packages/airflow/example_dags/example_skip_dag.py
[2026-03-04T08:08:00.985+0000] {processor.py:830} INFO - Processing file /home/airflow/.local/lib/python3.12/site-packages/airflow/example_dags/example_skip_dag.py for tasks to queue
[2026-03-04T08:08:00.987+0000] {logging_mixin.py:188} INFO - [2026-03-04T08:08:00.986+0000] {dagbag.py:545} INFO - Filling up the DagBag from /home/airflow/.local/lib/python3.12/site-packages/airflow/example_dags/example_skip_dag.py
[2026-03-04T08:08:00.990+0000] {processor.py:840} INFO - DAG(s) 'example_skip_dag' retrieved from /home/airflow/.local/lib/python3.12/site-packages/airflow/example_dags/example_skip_dag.py
[2026-03-04T08:08:01.001+0000] {logging_mixin.py:188} INFO - [2026-03-04T08:08:01.001+0000] {dag.py:3089} INFO - Sync 1 DAGs
[2026-03-04T08:08:01.009+0000] {logging_mixin.py:188} INFO - [2026-03-04T08:08:01.009+0000] {dag.py:3947} INFO - Setting next_dagrun for example_skip_dag to 2026-03-03 00:00:00+00:00, run_after=2026-03-04 00:00:00+00:00
[2026-03-04T08:08:01.016+0000] {processor.py:183} INFO - Processing /home/airflow/.local/lib/python3.12/site-packages/airflow/example_dags/example_skip_dag.py took 0.035 seconds
[2026-03-04T08:08:31.538+0000] {processor.py:161} INFO - Started process (PID=5704) to work on /home/airflow/.local/lib/python3.12/site-packages/airflow/example_dags/example_skip_dag.py
[2026-03-04T08:08:31.539+0000] {processor.py:830} INFO - Processing file /home/airflow/.local/lib/python3.12/site-packages/airflow/example_dags/example_skip_dag.py for tasks to queue
[2026-03-04T08:08:31.539+0000] {logging_mixin.py:188} INFO - [2026-03-04T08:08:31.539+0000] {dagbag.py:545} INFO - Filling up the DagBag from /home/airflow/.local/lib/python3.12/site-packages/airflow/example_dags/example_skip_dag.py
[2026-03-04T08:08:31.542+0000] {processor.py:840} INFO - DAG(s) 'example_skip_dag' retrieved from /home/airflow/.local/lib/python3.12/site-packages/airflow/example_dags/example_skip_dag.py
[2026-03-04T08:08:31.549+0000] {logging_mixin.py:188} INFO - [2026-03-04T08:08:31.549+0000] {dag.py:3089} INFO - Sync 1 DAGs
[2026-03-04T08:08:31.556+0000] {logging_mixin.py:188} INFO - [2026-03-04T08:08:31.556+0000] {dag.py:3947} INFO - Setting next_dagrun for example_skip_dag to 2026-03-03 00:00:00+00:00, run_after=2026-03-04 00:00:00+00:00
[2026-03-04T08:08:31.562+0000] {processor.py:183} INFO - Processing /home/airflow/.local/lib/python3.12/site-packages/airflow/example_dags/example_skip_dag.py took 0.026 seconds
[2026-03-04T08:09:02.207+0000] {processor.py:161} INFO - Started process (PID=5966) to work on /home/airflow/.local/lib/python3.12/site-packages/airflow/example_dags/example_skip_dag.py
[2026-03-04T08:09:02.207+0000] {processor.py:830} INFO - Processing file /home/airflow/.local/lib/python3.12/site-packages/airflow/example_dags/example_skip_dag.py for tasks to queue
[2026-03-04T08:09:02.208+0000] {logging_mixin.py:188} INFO - [2026-03-04T08:09:02.208+0000] {dagbag.py:545} INFO - Filling up the DagBag from /home/airflow/.local/lib/python3.12/site-packages/airflow/example_dags/example_skip_dag.py
[2026-03-04T08:09:02.211+0000] {processor.py:840} INFO - DAG(s) 'example_skip_dag' retrieved from /home/airflow/.local/lib/python3.12/site-packages/airflow/example_dags/example_skip_dag.py
[2026-03-04T08:09:02.219+0000] {logging_mixin.py:188} INFO - [2026-03-04T08:09:02.219+0000] {dag.py:3089} INFO - Sync 1 DAGs
[2026-03-04T08:09:02.225+0000] {logging_mixin.py:188} INFO - [2026-03-04T08:09:02.225+0000] {dag.py:3947} INFO - Setting next_dagrun for example_skip_dag to 2026-03-03 00:00:00+00:00, run_after=2026-03-04 00:00:00+00:00
[2026-03-04T08:09:02.232+0000] {processor.py:183} INFO - Processing /home/airflow/.local/lib/python3.12/site-packages/airflow/example_dags/example_skip_dag.py took 0.028 seconds
[2026-03-04T08:09:32.775+0000] {processor.py:161} INFO - Started process (PID=6228) to work on /home/airflow/.local/lib/python3.12/site-packages/airflow/example_dags/example_skip_dag.py
[2026-03-04T08:09:32.776+0000] {processor.py:830} INFO - Processing file /home/airflow/.local/lib/python3.12/site-packages/airflow/example_dags/example_skip_dag.py for tasks to queue
[2026-03-04T08:09:32.777+0000] {logging_mixin.py:188} INFO - [2026-03-04T08:09:32.777+0000] {dagbag.py:545} INFO - Filling up the DagBag from /home/airflow/.local/lib/python3.12/site-packages/airflow/example_dags/example_skip_dag.py
[2026-03-04T08:09:32.779+0000] {processor.py:840} INFO - DAG(s) 'example_skip_dag' retrieved from /home/airflow/.local/lib/python3.12/site-packages/airflow/example_dags/example_skip_dag.py
[2026-03-04T08:09:32.787+0000] {logging_mixin.py:188} INFO - [2026-03-04T08:09:32.787+0000] {dag.py:3089} INFO - Sync 1 DAGs
[2026-03-04T08:09:32.794+0000] {logging_mixin.py:188} INFO - [2026-03-04T08:09:32.794+0000] {dag.py:3947} INFO - Setting next_dagrun for example_skip_dag to 2026-03-03 00:00:00+00:00, run_after=2026-03-04 00:00:00+00:00
[2026-03-04T08:09:32.799+0000] {processor.py:183} INFO - Processing /home/airflow/.local/lib/python3.12/site-packages/airflow/example_dags/example_skip_dag.py took 0.026 seconds
[2026-03-04T08:10:03.346+0000] {processor.py:161} INFO - Started process (PID=6490) to work on /home/airflow/.local/lib/python3.12/site-packages/airflow/example_dags/example_skip_dag.py
[2026-03-04T08:10:03.347+0000] {processor.py:830} INFO - Processing file /home/airflow/.local/lib/python3.12/site-packages/airflow/example_dags/example_skip_dag.py for tasks to queue
[2026-03-04T08:10:03.348+0000] {logging_mixin.py:188} INFO - [2026-03-04T08:10:03.348+0000] {dagbag.py:545} INFO - Filling up the DagBag from /home/airflow/.local/lib/python3.12/site-packages/airflow/example_dags/example_skip_dag.py
[2026-03-04T08:10:03.350+0000] {processor.py:840} INFO - DAG(s) 'example_skip_dag' retrieved from /home/airflow/.local/lib/python3.12/site-packages/airflow/example_dags/example_skip_dag.py
[2026-03-04T08:10:03.360+0000] {logging_mixin.py:188} INFO - [2026-03-04T08:10:03.360+0000] {dag.py:3089} INFO - Sync 1 DAGs
[2026-03-04T08:10:03.368+0000] {logging_mixin.py:188} INFO - [2026-03-04T08:10:03.368+0000] {dag.py:3947} INFO - Setting next_dagrun for example_skip_dag to 2026-03-03 00:00:00+00:00, run_after=2026-03-04 00:00:00+00:00
[2026-03-04T08:10:03.375+0000] {processor.py:183} INFO - Processing /home/airflow/.local/lib/python3.12/site-packages/airflow/example_dags/example_skip_dag.py took 0.033 seconds
[2026-03-04T08:10:33.905+0000] {processor.py:161} INFO - Started process (PID=6755) to work on /home/airflow/.local/lib/python3.12/site-packages/airflow/example_dags/example_skip_dag.py
[2026-03-04T08:10:33.906+0000] {processor.py:830} INFO - Processing file /home/airflow/.local/lib/python3.12/site-packages/airflow/example_dags/example_skip_dag.py for tasks to queue
[2026-03-04T08:10:33.906+0000] {logging_mixin.py:188} INFO - [2026-03-04T08:10:33.906+0000] {dagbag.py:545} INFO - Filling up the DagBag from /home/airflow/.local/lib/python3.12/site-packages/airflow/example_dags/example_skip_dag.py
[2026-03-04T08:10:33.909+0000] {processor.py:840} INFO - DAG(s) 'example_skip_dag' retrieved from /home/airflow/.local/lib/python3.12/site-packages/airflow/example_dags/example_skip_dag.py
[2026-03-04T08:10:33.917+0000] {logging_mixin.py:188} INFO - [2026-03-04T08:10:33.916+0000] {dag.py:3089} INFO - Sync 1 DAGs
[2026-03-04T08:10:33.924+0000] {logging_mixin.py:188} INFO - [2026-03-04T08:10:33.924+0000] {dag.py:3947} INFO - Setting next_dagrun for example_skip_dag to 2026-03-03 00:00:00+00:00, run_after=2026-03-04 00:00:00+00:00
[2026-03-04T08:10:33.930+0000] {processor.py:183} INFO - Processing /home/airflow/.local/lib/python3.12/site-packages/airflow/example_dags/example_skip_dag.py took 0.028 seconds
[2026-03-04T08:11:04.535+0000] {processor.py:161} INFO - Started process (PID=7017) to work on /home/airflow/.local/lib/python3.12/site-packages/airflow/example_dags/example_skip_dag.py
[2026-03-04T08:11:04.535+0000] {processor.py:830} INFO - Processing file /home/airflow/.local/lib/python3.12/site-packages/airflow/example_dags/example_skip_dag.py for tasks to queue
[2026-03-04T08:11:04.536+0000] {logging_mixin.py:188} INFO - [2026-03-04T08:11:04.536+0000] {dagbag.py:545} INFO - Filling up the DagBag from /home/airflow/.local/lib/python3.12/site-packages/airflow/example_dags/example_skip_dag.py
[2026-03-04T08:11:04.539+0000] {processor.py:840} INFO - DAG(s) 'example_skip_dag' retrieved from /home/airflow/.local/lib/python3.12/site-packages/airflow/example_dags/example_skip_dag.py
[2026-03-04T08:11:04.547+0000] {logging_mixin.py:188} INFO - [2026-03-04T08:11:04.547+0000] {dag.py:3089} INFO - Sync 1 DAGs
[2026-03-04T08:11:04.555+0000] {logging_mixin.py:188} INFO - [2026-03-04T08:11:04.554+0000] {dag.py:3947} INFO - Setting next_dagrun for example_skip_dag to 2026-03-03 00:00:00+00:00, run_after=2026-03-04 00:00:00+00:00
[2026-03-04T08:11:04.561+0000] {processor.py:183} INFO - Processing /home/airflow/.local/lib/python3.12/site-packages/airflow/example_dags/example_skip_dag.py took 0.028 seconds
[2026-03-04T08:11:35.178+0000] {processor.py:161} INFO - Started process (PID=7279) to work on /home/airflow/.local/lib/python3.12/site-packages/airflow/example_dags/example_skip_dag.py
[2026-03-04T08:11:35.178+0000] {processor.py:830} INFO - Processing file /home/airflow/.local/lib/python3.12/site-packages/airflow/example_dags/example_skip_dag.py for tasks to queue
[2026-03-04T08:11:35.179+0000] {logging_mixin.py:188} INFO - [2026-03-04T08:11:35.179+0000] {dagbag.py:545} INFO - Filling up the DagBag from /home/airflow/.local/lib/python3.12/site-packages/airflow/example_dags/example_skip_dag.py
[2026-03-04T08:11:35.181+0000] {processor.py:840} INFO - DAG(s) 'example_skip_dag' retrieved from /home/airflow/.local/lib/python3.12/site-packages/airflow/example_dags/example_skip_dag.py
[2026-03-04T08:11:35.189+0000] {logging_mixin.py:188} INFO - [2026-03-04T08:11:35.189+0000] {dag.py:3089} INFO - Sync 1 DAGs
[2026-03-04T08:11:35.196+0000] {logging_mixin.py:188} INFO - [2026-03-04T08:11:35.196+0000] {dag.py:3947} INFO - Setting next_dagrun for example_skip_dag to 2026-03-03 00:00:00+00:00, run_after=2026-03-04 00:00:00+00:00
[2026-03-04T08:11:35.202+0000] {processor.py:183} INFO - Processing /home/airflow/.local/lib/python3.12/site-packages/airflow/example_dags/example_skip_dag.py took 0.026 seconds
[2026-03-04T08:12:05.707+0000] {processor.py:161} INFO - Started process (PID=7541) to work on /home/airflow/.local/lib/python3.12/site-packages/airflow/example_dags/example_skip_dag.py
[2026-03-04T08:12:05.707+0000] {processor.py:830} INFO - Processing file /home/airflow/.local/lib/python3.12/site-packages/airflow/example_dags/example_skip_dag.py for tasks to queue
[2026-03-04T08:12:05.708+0000] {logging_mixin.py:188} INFO - [2026-03-04T08:12:05.708+0000] {dagbag.py:545} INFO - Filling up the DagBag from /home/airflow/.local/lib/python3.12/site-packages/airflow/example_dags/example_skip_dag.py
[2026-03-04T08:12:05.710+0000] {processor.py:840} INFO - DAG(s) 'example_skip_dag' retrieved from /home/airflow/.local/lib/python3.12/site-packages/airflow/example_dags/example_skip_dag.py
[2026-03-04T08:12:05.717+0000] {logging_mixin.py:188} INFO - [2026-03-04T08:12:05.717+0000] {dag.py:3089} INFO - Sync 1 DAGs
[2026-03-04T08:12:05.724+0000] {logging_mixin.py:188} INFO - [2026-03-04T08:12:05.724+0000] {dag.py:3947} INFO - Setting next_dagrun for example_skip_dag to 2026-03-03 00:00:00+00:00, run_after=2026-03-04 00:00:00+00:00
[2026-03-04T08:12:05.730+0000] {processor.py:183} INFO - Processing /home/airflow/.local/lib/python3.12/site-packages/airflow/example_dags/example_skip_dag.py took 0.025 seconds
[2026-03-04T08:12:36.261+0000] {processor.py:161} INFO - Started process (PID=7803) to work on /home/airflow/.local/lib/python3.12/site-packages/airflow/example_dags/example_skip_dag.py
[2026-03-04T08:12:36.261+0000] {processor.py:830} INFO - Processing file /home/airflow/.local/lib/python3.12/site-packages/airflow/example_dags/example_skip_dag.py for tasks to queue
[2026-03-04T08:12:36.262+0000] {logging_mixin.py:188} INFO - [2026-03-04T08:12:36.262+0000] {dagbag.py:545} INFO - Filling up the DagBag from /home/airflow/.local/lib/python3.12/site-packages/airflow/example_dags/example_skip_dag.py
[2026-03-04T08:12:36.264+0000] {processor.py:840} INFO - DAG(s) 'example_skip_dag' retrieved from /home/airflow/.local/lib/python3.12/site-packages/airflow/example_dags/example_skip_dag.py
[2026-03-04T08:12:36.271+0000] {logging_mixin.py:188} INFO - [2026-03-04T08:12:36.271+0000] {dag.py:3089} INFO - Sync 1 DAGs
[2026-03-04T08:12:36.278+0000] {logging_mixin.py:188} INFO - [2026-03-04T08:12:36.278+0000] {dag.py:3947} INFO - Setting next_dagrun for example_skip_dag to 2026-03-03 00:00:00+00:00, run_after=2026-03-04 00:00:00+00:00
[2026-03-04T08:12:36.284+0000] {processor.py:183} INFO - Processing /home/airflow/.local/lib/python3.12/site-packages/airflow/example_dags/example_skip_dag.py took 0.025 seconds
[2026-03-04T08:13:06.793+0000] {processor.py:161} INFO - Started process (PID=8065) to work on /home/airflow/.local/lib/python3.12/site-packages/airflow/example_dags/example_skip_dag.py
[2026-03-04T08:13:06.793+0000] {processor.py:830} INFO - Processing file /home/airflow/.local/lib/python3.12/site-packages/airflow/example_dags/example_skip_dag.py for tasks to queue
[2026-03-04T08:13:06.794+0000] {logging_mixin.py:188} INFO - [2026-03-04T08:13:06.794+0000] {dagbag.py:545} INFO - Filling up the DagBag from /home/airflow/.local/lib/python3.12/site-packages/airflow/example_dags/example_skip_dag.py
[2026-03-04T08:13:06.796+0000] {processor.py:840} INFO - DAG(s) 'example_skip_dag' retrieved from /home/airflow/.local/lib/python3.12/site-packages/airflow/example_dags/example_skip_dag.py
[2026-03-04T08:13:06.803+0000] {logging_mixin.py:188} INFO - [2026-03-04T08:13:06.803+0000] {dag.py:3089} INFO - Sync 1 DAGs
[2026-03-04T08:13:06.810+0000] {logging_mixin.py:188} INFO - [2026-03-04T08:13:06.810+0000] {dag.py:3947} INFO - Setting next_dagrun for example_skip_dag to 2026-03-03 00:00:00+00:00, run_after=2026-03-04 00:00:00+00:00
[2026-03-04T08:13:06.816+0000] {processor.py:183} INFO - Processing /home/airflow/.local/lib/python3.12/site-packages/airflow/example_dags/example_skip_dag.py took 0.025 seconds
[2026-03-04T08:13:37.350+0000] {processor.py:161} INFO - Started process (PID=8327) to work on /home/airflow/.local/lib/python3.12/site-packages/airflow/example_dags/example_skip_dag.py
[2026-03-04T08:13:37.350+0000] {processor.py:830} INFO - Processing file /home/airflow/.local/lib/python3.12/site-packages/airflow/example_dags/example_skip_dag.py for tasks to queue
[2026-03-04T08:13:37.351+0000] {logging_mixin.py:188} INFO - [2026-03-04T08:13:37.351+0000] {dagbag.py:545} INFO - Filling up the DagBag from /home/airflow/.local/lib/python3.12/site-packages/airflow/example_dags/example_skip_dag.py
[2026-03-04T08:13:37.353+0000] {processor.py:840} INFO - DAG(s) 'example_skip_dag' retrieved from /home/airflow/.local/lib/python3.12/site-packages/airflow/example_dags/example_skip_dag.py
[2026-03-04T08:13:37.360+0000] {logging_mixin.py:188} INFO - [2026-03-04T08:13:37.360+0000] {dag.py:3089} INFO - Sync 1 DAGs
[2026-03-04T08:13:37.367+0000] {logging_mixin.py:188} INFO - [2026-03-04T08:13:37.367+0000] {dag.py:3947} INFO - Setting next_dagrun for example_skip_dag to 2026-03-03 00:00:00+00:00, run_after=2026-03-04 00:00:00+00:00
[2026-03-04T08:13:37.373+0000] {processor.py:183} INFO - Processing /home/airflow/.local/lib/python3.12/site-packages/airflow/example_dags/example_skip_dag.py took 0.026 seconds
[2026-03-04T08:14:07.881+0000] {processor.py:161} INFO - Started process (PID=8589) to work on /home/airflow/.local/lib/python3.12/site-packages/airflow/example_dags/example_skip_dag.py
[2026-03-04T08:14:07.881+0000] {processor.py:830} INFO - Processing file /home/airflow/.local/lib/python3.12/site-packages/airflow/example_dags/example_skip_dag.py for tasks to queue
[2026-03-04T08:14:07.882+0000] {logging_mixin.py:188} INFO - [2026-03-04T08:14:07.882+0000] {dagbag.py:545} INFO - Filling up the DagBag from /home/airflow/.local/lib/python3.12/site-packages/airflow/example_dags/example_skip_dag.py
[2026-03-04T08:14:07.884+0000] {processor.py:840} INFO - DAG(s) 'example_skip_dag' retrieved from /home/airflow/.local/lib/python3.12/site-packages/airflow/example_dags/example_skip_dag.py
[2026-03-04T08:14:07.892+0000] {logging_mixin.py:188} INFO - [2026-03-04T08:14:07.891+0000] {dag.py:3089} INFO - Sync 1 DAGs
[2026-03-04T08:14:07.898+0000] {logging_mixin.py:188} INFO - [2026-03-04T08:14:07.898+0000] {dag.py:3947} INFO - Setting next_dagrun for example_skip_dag to 2026-03-03 00:00:00+00:00, run_after=2026-03-04 00:00:00+00:00
[2026-03-04T08:14:07.904+0000] {processor.py:183} INFO - Processing /home/airflow/.local/lib/python3.12/site-packages/airflow/example_dags/example_skip_dag.py took 0.025 seconds
[2026-03-04T08:14:38.400+0000] {processor.py:161} INFO - Started process (PID=8851) to work on /home/airflow/.local/lib/python3.12/site-packages/airflow/example_dags/example_skip_dag.py
[2026-03-04T08:14:38.400+0000] {processor.py:830} INFO - Processing file /home/airflow/.local/lib/python3.12/site-packages/airflow/example_dags/example_skip_dag.py for tasks to queue
[2026-03-04T08:14:38.401+0000] {logging_mixin.py:188} INFO - [2026-03-04T08:14:38.401+0000] {dagbag.py:545} INFO - Filling up the DagBag from /home/airflow/.local/lib/python3.12/site-packages/airflow/example_dags/example_skip_dag.py
[2026-03-04T08:14:38.403+0000] {processor.py:840} INFO - DAG(s) 'example_skip_dag' retrieved from /home/airflow/.local/lib/python3.12/site-packages/airflow/example_dags/example_skip_dag.py
[2026-03-04T08:14:38.412+0000] {logging_mixin.py:188} INFO - [2026-03-04T08:14:38.411+0000] {dag.py:3089} INFO - Sync 1 DAGs
[2026-03-04T08:14:38.418+0000] {logging_mixin.py:188} INFO - [2026-03-04T08:14:38.418+0000] {dag.py:3947} INFO - Setting next_dagrun for example_skip_dag to 2026-03-03 00:00:00+00:00, run_after=2026-03-04 00:00:00+00:00
[2026-03-04T08:14:38.424+0000] {processor.py:183} INFO - Processing /home/airflow/.local/lib/python3.12/site-packages/airflow/example_dags/example_skip_dag.py took 0.026 seconds
[2026-03-04T08:15:08.943+0000] {processor.py:161} INFO - Started process (PID=9117) to work on /home/airflow/.local/lib/python3.12/site-packages/airflow/example_dags/example_skip_dag.py
[2026-03-04T08:15:08.943+0000] {processor.py:830} INFO - Processing file /home/airflow/.local/lib/python3.12/site-packages/airflow/example_dags/example_skip_dag.py for tasks to queue
[2026-03-04T08:15:08.944+0000] {logging_mixin.py:188} INFO - [2026-03-04T08:15:08.944+0000] {dagbag.py:545} INFO - Filling up the DagBag from /home/airflow/.local/lib/python3.12/site-packages/airflow/example_dags/example_skip_dag.py
[2026-03-04T08:15:08.947+0000] {processor.py:840} INFO - DAG(s) 'example_skip_dag' retrieved from /home/airflow/.local/lib/python3.12/site-packages/airflow/example_dags/example_skip_dag.py
[2026-03-04T08:15:08.956+0000] {logging_mixin.py:188} INFO - [2026-03-04T08:15:08.956+0000] {dag.py:3089} INFO - Sync 1 DAGs
[2026-03-04T08:15:08.964+0000] {logging_mixin.py:188} INFO - [2026-03-04T08:15:08.963+0000] {dag.py:3947} INFO - Setting next_dagrun for example_skip_dag to 2026-03-03 00:00:00+00:00, run_after=2026-03-04 00:00:00+00:00
[2026-03-04T08:15:08.970+0000] {processor.py:183} INFO - Processing /home/airflow/.local/lib/python3.12/site-packages/airflow/example_dags/example_skip_dag.py took 0.030 seconds
[2026-03-04T08:15:39.487+0000] {processor.py:161} INFO - Started process (PID=9383) to work on /home/airflow/.local/lib/python3.12/site-packages/airflow/example_dags/example_skip_dag.py
[2026-03-04T08:15:39.487+0000] {processor.py:830} INFO - Processing file /home/airflow/.local/lib/python3.12/site-packages/airflow/example_dags/example_skip_dag.py for tasks to queue
[2026-03-04T08:15:39.488+0000] {logging_mixin.py:188} INFO - [2026-03-04T08:15:39.488+0000] {dagbag.py:545} INFO - Filling up the DagBag from /home/airflow/.local/lib/python3.12/site-packages/airflow/example_dags/example_skip_dag.py
[2026-03-04T08:15:39.491+0000] {processor.py:840} INFO - DAG(s) 'example_skip_dag' retrieved from /home/airflow/.local/lib/python3.12/site-packages/airflow/example_dags/example_skip_dag.py
[2026-03-04T08:15:39.500+0000] {logging_mixin.py:188} INFO - [2026-03-04T08:15:39.500+0000] {dag.py:3089} INFO - Sync 1 DAGs
[2026-03-04T08:15:39.507+0000] {logging_mixin.py:188} INFO - [2026-03-04T08:15:39.507+0000] {dag.py:3947} INFO - Setting next_dagrun for example_skip_dag to 2026-03-03 00:00:00+00:00, run_after=2026-03-04 00:00:00+00:00
[2026-03-04T08:15:39.513+0000] {processor.py:183} INFO - Processing /home/airflow/.local/lib/python3.12/site-packages/airflow/example_dags/example_skip_dag.py took 0.029 seconds
[2026-03-04T08:16:10.134+0000] {processor.py:161} INFO - Started process (PID=9645) to work on /home/airflow/.local/lib/python3.12/site-packages/airflow/example_dags/example_skip_dag.py
[2026-03-04T08:16:10.135+0000] {processor.py:830} INFO - Processing file /home/airflow/.local/lib/python3.12/site-packages/airflow/example_dags/example_skip_dag.py for tasks to queue
[2026-03-04T08:16:10.135+0000] {logging_mixin.py:188} INFO - [2026-03-04T08:16:10.135+0000] {dagbag.py:545} INFO - Filling up the DagBag from /home/airflow/.local/lib/python3.12/site-packages/airflow/example_dags/example_skip_dag.py
[2026-03-04T08:16:10.137+0000] {processor.py:840} INFO - DAG(s) 'example_skip_dag' retrieved from /home/airflow/.local/lib/python3.12/site-packages/airflow/example_dags/example_skip_dag.py
[2026-03-04T08:16:10.145+0000] {logging_mixin.py:188} INFO - [2026-03-04T08:16:10.145+0000] {dag.py:3089} INFO - Sync 1 DAGs
[2026-03-04T08:16:10.152+0000] {logging_mixin.py:188} INFO - [2026-03-04T08:16:10.152+0000] {dag.py:3947} INFO - Setting next_dagrun for example_skip_dag to 2026-03-03 00:00:00+00:00, run_after=2026-03-04 00:00:00+00:00
[2026-03-04T08:16:10.158+0000] {processor.py:183} INFO - Processing /home/airflow/.local/lib/python3.12/site-packages/airflow/example_dags/example_skip_dag.py took 0.026 seconds
[2026-03-04T08:16:40.762+0000] {processor.py:161} INFO - Started process (PID=9907) to work on /home/airflow/.local/lib/python3.12/site-packages/airflow/example_dags/example_skip_dag.py
[2026-03-04T08:16:40.763+0000] {processor.py:830} INFO - Processing file /home/airflow/.local/lib/python3.12/site-packages/airflow/example_dags/example_skip_dag.py for tasks to queue
[2026-03-04T08:16:40.764+0000] {logging_mixin.py:188} INFO - [2026-03-04T08:16:40.764+0000] {dagbag.py:545} INFO - Filling up the DagBag from /home/airflow/.local/lib/python3.12/site-packages/airflow/example_dags/example_skip_dag.py
[2026-03-04T08:16:40.767+0000] {processor.py:840} INFO - DAG(s) 'example_skip_dag' retrieved from /home/airflow/.local/lib/python3.12/site-packages/airflow/example_dags/example_skip_dag.py
[2026-03-04T08:16:40.775+0000] {logging_mixin.py:188} INFO - [2026-03-04T08:16:40.775+0000] {dag.py:3089} INFO - Sync 1 DAGs
[2026-03-04T08:16:40.783+0000] {logging_mixin.py:188} INFO - [2026-03-04T08:16:40.783+0000] {dag.py:3947} INFO - Setting next_dagrun for example_skip_dag to 2026-03-03 00:00:00+00:00, run_after=2026-03-04 00:00:00+00:00
[2026-03-04T08:16:40.788+0000] {processor.py:183} INFO - Processing /home/airflow/.local/lib/python3.12/site-packages/airflow/example_dags/example_skip_dag.py took 0.028 seconds
[2026-03-04T08:17:11.441+0000] {processor.py:161} INFO - Started process (PID=10169) to work on /home/airflow/.local/lib/python3.12/site-packages/airflow/example_dags/example_skip_dag.py
[2026-03-04T08:17:11.441+0000] {processor.py:830} INFO - Processing file /home/airflow/.local/lib/python3.12/site-packages/airflow/example_dags/example_skip_dag.py for tasks to queue
[2026-03-04T08:17:11.442+0000] {logging_mixin.py:188} INFO - [2026-03-04T08:17:11.442+0000] {dagbag.py:545} INFO - Filling up the DagBag from /home/airflow/.local/lib/python3.12/site-packages/airflow/example_dags/example_skip_dag.py
[2026-03-04T08:17:11.445+0000] {processor.py:840} INFO - DAG(s) 'example_skip_dag' retrieved from /home/airflow/.local/lib/python3.12/site-packages/airflow/example_dags/example_skip_dag.py
[2026-03-04T08:17:11.455+0000] {logging_mixin.py:188} INFO - [2026-03-04T08:17:11.454+0000] {dag.py:3089} INFO - Sync 1 DAGs
[2026-03-04T08:17:11.462+0000] {logging_mixin.py:188} INFO - [2026-03-04T08:17:11.462+0000] {dag.py:3947} INFO - Setting next_dagrun for example_skip_dag to 2026-03-03 00:00:00+00:00, run_after=2026-03-04 00:00:00+00:00
[2026-03-04T08:17:11.543+0000] {processor.py:183} INFO - Processing /home/airflow/.local/lib/python3.12/site-packages/airflow/example_dags/example_skip_dag.py took 0.105 seconds
[2026-03-04T08:17:42.398+0000] {processor.py:161} INFO - Started process (PID=10431) to work on /home/airflow/.local/lib/python3.12/site-packages/airflow/example_dags/example_skip_dag.py
[2026-03-04T08:17:42.398+0000] {processor.py:830} INFO - Processing file /home/airflow/.local/lib/python3.12/site-packages/airflow/example_dags/example_skip_dag.py for tasks to queue
[2026-03-04T08:17:42.399+0000] {logging_mixin.py:188} INFO - [2026-03-04T08:17:42.399+0000] {dagbag.py:545} INFO - Filling up the DagBag from /home/airflow/.local/lib/python3.12/site-packages/airflow/example_dags/example_skip_dag.py
[2026-03-04T08:17:42.401+0000] {processor.py:840} INFO - DAG(s) 'example_skip_dag' retrieved from /home/airflow/.local/lib/python3.12/site-packages/airflow/example_dags/example_skip_dag.py
[2026-03-04T08:17:42.409+0000] {logging_mixin.py:188} INFO - [2026-03-04T08:17:42.409+0000] {dag.py:3089} INFO - Sync 1 DAGs
[2026-03-04T08:17:42.416+0000] {logging_mixin.py:188} INFO - [2026-03-04T08:17:42.416+0000] {dag.py:3947} INFO - Setting next_dagrun for example_skip_dag to 2026-03-03 00:00:00+00:00, run_after=2026-03-04 00:00:00+00:00
[2026-03-04T08:17:42.422+0000] {processor.py:183} INFO - Processing /home/airflow/.local/lib/python3.12/site-packages/airflow/example_dags/example_skip_dag.py took 0.027 seconds
[2026-03-04T08:18:12.453+0000] {processor.py:161} INFO - Started process (PID=10689) to work on /home/airflow/.local/lib/python3.12/site-packages/airflow/example_dags/example_skip_dag.py
[2026-03-04T08:18:12.453+0000] {processor.py:830} INFO - Processing file /home/airflow/.local/lib/python3.12/site-packages/airflow/example_dags/example_skip_dag.py for tasks to queue
[2026-03-04T08:18:12.454+0000] {logging_mixin.py:188} INFO - [2026-03-04T08:18:12.454+0000] {dagbag.py:545} INFO - Filling up the DagBag from /home/airflow/.local/lib/python3.12/site-packages/airflow/example_dags/example_skip_dag.py
[2026-03-04T08:18:12.456+0000] {processor.py:840} INFO - DAG(s) 'example_skip_dag' retrieved from /home/airflow/.local/lib/python3.12/site-packages/airflow/example_dags/example_skip_dag.py
[2026-03-04T08:18:12.463+0000] {logging_mixin.py:188} INFO - [2026-03-04T08:18:12.463+0000] {dag.py:3089} INFO - Sync 1 DAGs
[2026-03-04T08:18:12.469+0000] {logging_mixin.py:188} INFO - [2026-03-04T08:18:12.469+0000] {dag.py:3947} INFO - Setting next_dagrun for example_skip_dag to 2026-03-03 00:00:00+00:00, run_after=2026-03-04 00:00:00+00:00
[2026-03-04T08:18:12.474+0000] {processor.py:183} INFO - Processing /home/airflow/.local/lib/python3.12/site-packages/airflow/example_dags/example_skip_dag.py took 0.023 seconds
[2026-03-04T08:18:43.295+0000] {processor.py:161} INFO - Started process (PID=10955) to work on /home/airflow/.local/lib/python3.12/site-packages/airflow/example_dags/example_skip_dag.py
[2026-03-04T08:18:43.296+0000] {processor.py:830} INFO - Processing file /home/airflow/.local/lib/python3.12/site-packages/airflow/example_dags/example_skip_dag.py for tasks to queue
[2026-03-04T08:18:43.296+0000] {logging_mixin.py:188} INFO - [2026-03-04T08:18:43.296+0000] {dagbag.py:545} INFO - Filling up the DagBag from /home/airflow/.local/lib/python3.12/site-packages/airflow/example_dags/example_skip_dag.py
[2026-03-04T08:18:43.299+0000] {processor.py:840} INFO - DAG(s) 'example_skip_dag' retrieved from /home/airflow/.local/lib/python3.12/site-packages/airflow/example_dags/example_skip_dag.py
[2026-03-04T08:18:43.306+0000] {logging_mixin.py:188} INFO - [2026-03-04T08:18:43.306+0000] {dag.py:3089} INFO - Sync 1 DAGs
[2026-03-04T08:18:43.315+0000] {logging_mixin.py:188} INFO - [2026-03-04T08:18:43.315+0000] {dag.py:3947} INFO - Setting next_dagrun for example_skip_dag to 2026-03-03 00:00:00+00:00, run_after=2026-03-04 00:00:00+00:00
[2026-03-04T08:18:43.324+0000] {processor.py:183} INFO - Processing /home/airflow/.local/lib/python3.12/site-packages/airflow/example_dags/example_skip_dag.py took 0.031 seconds
[2026-03-04T08:19:13.860+0000] {processor.py:161} INFO - Started process (PID=11217) to work on /home/airflow/.local/lib/python3.12/site-packages/airflow/example_dags/example_skip_dag.py
[2026-03-04T08:19:13.860+0000] {processor.py:830} INFO - Processing file /home/airflow/.local/lib/python3.12/site-packages/airflow/example_dags/example_skip_dag.py for tasks to queue
[2026-03-04T08:19:13.861+0000] {logging_mixin.py:188} INFO - [2026-03-04T08:19:13.861+0000] {dagbag.py:545} INFO - Filling up the DagBag from /home/airflow/.local/lib/python3.12/site-packages/airflow/example_dags/example_skip_dag.py
[2026-03-04T08:19:13.863+0000] {processor.py:840} INFO - DAG(s) 'example_skip_dag' retrieved from /home/airflow/.local/lib/python3.12/site-packages/airflow/example_dags/example_skip_dag.py
[2026-03-04T08:19:13.872+0000] {logging_mixin.py:188} INFO - [2026-03-04T08:19:13.872+0000] {dag.py:3089} INFO - Sync 1 DAGs
[2026-03-04T08:19:13.880+0000] {logging_mixin.py:188} INFO - [2026-03-04T08:19:13.880+0000] {dag.py:3947} INFO - Setting next_dagrun for example_skip_dag to 2026-03-03 00:00:00+00:00, run_after=2026-03-04 00:00:00+00:00
[2026-03-04T08:19:13.893+0000] {processor.py:183} INFO - Processing /home/airflow/.local/lib/python3.12/site-packages/airflow/example_dags/example_skip_dag.py took 0.036 seconds
[2026-03-04T08:19:44.494+0000] {processor.py:161} INFO - Started process (PID=11479) to work on /home/airflow/.local/lib/python3.12/site-packages/airflow/example_dags/example_skip_dag.py
[2026-03-04T08:19:44.495+0000] {processor.py:830} INFO - Processing file /home/airflow/.local/lib/python3.12/site-packages/airflow/example_dags/example_skip_dag.py for tasks to queue
[2026-03-04T08:19:44.495+0000] {logging_mixin.py:188} INFO - [2026-03-04T08:19:44.495+0000] {dagbag.py:545} INFO - Filling up the DagBag from /home/airflow/.local/lib/python3.12/site-packages/airflow/example_dags/example_skip_dag.py
[2026-03-04T08:19:44.497+0000] {processor.py:840} INFO - DAG(s) 'example_skip_dag' retrieved from /home/airflow/.local/lib/python3.12/site-packages/airflow/example_dags/example_skip_dag.py
[2026-03-04T08:19:44.505+0000] {logging_mixin.py:188} INFO - [2026-03-04T08:19:44.505+0000] {dag.py:3089} INFO - Sync 1 DAGs
[2026-03-04T08:19:44.512+0000] {logging_mixin.py:188} INFO - [2026-03-04T08:19:44.512+0000] {dag.py:3947} INFO - Setting next_dagrun for example_skip_dag to 2026-03-03 00:00:00+00:00, run_after=2026-03-04 00:00:00+00:00
[2026-03-04T08:19:44.524+0000] {processor.py:183} INFO - Processing /home/airflow/.local/lib/python3.12/site-packages/airflow/example_dags/example_skip_dag.py took 0.032 seconds
[2026-03-04T08:20:15.036+0000] {processor.py:161} INFO - Started process (PID=11741) to work on /home/airflow/.local/lib/python3.12/site-packages/airflow/example_dags/example_skip_dag.py
[2026-03-04T08:20:15.036+0000] {processor.py:830} INFO - Processing file /home/airflow/.local/lib/python3.12/site-packages/airflow/example_dags/example_skip_dag.py for tasks to queue
[2026-03-04T08:20:15.037+0000] {logging_mixin.py:188} INFO - [2026-03-04T08:20:15.037+0000] {dagbag.py:545} INFO - Filling up the DagBag from /home/airflow/.local/lib/python3.12/site-packages/airflow/example_dags/example_skip_dag.py
[2026-03-04T08:20:15.039+0000] {processor.py:840} INFO - DAG(s) 'example_skip_dag' retrieved from /home/airflow/.local/lib/python3.12/site-packages/airflow/example_dags/example_skip_dag.py
[2026-03-04T08:20:15.046+0000] {logging_mixin.py:188} INFO - [2026-03-04T08:20:15.046+0000] {dag.py:3089} INFO - Sync 1 DAGs
[2026-03-04T08:20:15.053+0000] {logging_mixin.py:188} INFO - [2026-03-04T08:20:15.053+0000] {dag.py:3947} INFO - Setting next_dagrun for example_skip_dag to 2026-03-03 00:00:00+00:00, run_after=2026-03-04 00:00:00+00:00
[2026-03-04T08:20:15.062+0000] {processor.py:183} INFO - Processing /home/airflow/.local/lib/python3.12/site-packages/airflow/example_dags/example_skip_dag.py took 0.029 seconds
[2026-03-04T08:37:20.628+0000] {processor.py:161} INFO - Started process (PID=12003) to work on /home/airflow/.local/lib/python3.12/site-packages/airflow/example_dags/example_skip_dag.py
[2026-03-04T08:37:20.628+0000] {processor.py:830} INFO - Processing file /home/airflow/.local/lib/python3.12/site-packages/airflow/example_dags/example_skip_dag.py for tasks to queue
[2026-03-04T08:37:20.629+0000] {logging_mixin.py:188} INFO - [2026-03-04T08:37:20.629+0000] {dagbag.py:545} INFO - Filling up the DagBag from /home/airflow/.local/lib/python3.12/site-packages/airflow/example_dags/example_skip_dag.py
[2026-03-04T08:37:20.631+0000] {processor.py:840} INFO - DAG(s) 'example_skip_dag' retrieved from /home/airflow/.local/lib/python3.12/site-packages/airflow/example_dags/example_skip_dag.py
[2026-03-04T08:37:20.639+0000] {logging_mixin.py:188} INFO - [2026-03-04T08:37:20.639+0000] {dag.py:3089} INFO - Sync 1 DAGs
[2026-03-04T08:37:20.648+0000] {logging_mixin.py:188} INFO - [2026-03-04T08:37:20.648+0000] {dag.py:3947} INFO - Setting next_dagrun for example_skip_dag to 2026-03-03 00:00:00+00:00, run_after=2026-03-04 00:00:00+00:00
[2026-03-04T08:37:20.656+0000] {processor.py:183} INFO - Processing /home/airflow/.local/lib/python3.12/site-packages/airflow/example_dags/example_skip_dag.py took 0.031 seconds
[2026-03-04T08:46:11.081+0000] {processor.py:161} INFO - Started process (PID=12265) to work on /home/airflow/.local/lib/python3.12/site-packages/airflow/example_dags/example_skip_dag.py
[2026-03-04T08:46:11.081+0000] {processor.py:830} INFO - Processing file /home/airflow/.local/lib/python3.12/site-packages/airflow/example_dags/example_skip_dag.py for tasks to queue
[2026-03-04T08:46:11.082+0000] {logging_mixin.py:188} INFO - [2026-03-04T08:46:11.082+0000] {dagbag.py:545} INFO - Filling up the DagBag from /home/airflow/.local/lib/python3.12/site-packages/airflow/example_dags/example_skip_dag.py
[2026-03-04T08:46:11.085+0000] {processor.py:840} INFO - DAG(s) 'example_skip_dag' retrieved from /home/airflow/.local/lib/python3.12/site-packages/airflow/example_dags/example_skip_dag.py
[2026-03-04T08:46:11.092+0000] {logging_mixin.py:188} INFO - [2026-03-04T08:46:11.092+0000] {dag.py:3089} INFO - Sync 1 DAGs
[2026-03-04T08:46:11.100+0000] {logging_mixin.py:188} INFO - [2026-03-04T08:46:11.100+0000] {dag.py:3947} INFO - Setting next_dagrun for example_skip_dag to 2026-03-03 00:00:00+00:00, run_after=2026-03-04 00:00:00+00:00
[2026-03-04T08:46:11.106+0000] {processor.py:183} INFO - Processing /home/airflow/.local/lib/python3.12/site-packages/airflow/example_dags/example_skip_dag.py took 0.028 seconds
[2026-03-04T08:46:41.698+0000] {processor.py:161} INFO - Started process (PID=12527) to work on /home/airflow/.local/lib/python3.12/site-packages/airflow/example_dags/example_skip_dag.py
[2026-03-04T08:46:41.698+0000] {processor.py:830} INFO - Processing file /home/airflow/.local/lib/python3.12/site-packages/airflow/example_dags/example_skip_dag.py for tasks to queue
[2026-03-04T08:46:41.699+0000] {logging_mixin.py:188} INFO - [2026-03-04T08:46:41.698+0000] {dagbag.py:545} INFO - Filling up the DagBag from /home/airflow/.local/lib/python3.12/site-packages/airflow/example_dags/example_skip_dag.py
[2026-03-04T08:46:41.701+0000] {processor.py:840} INFO - DAG(s) 'example_skip_dag' retrieved from /home/airflow/.local/lib/python3.12/site-packages/airflow/example_dags/example_skip_dag.py
[2026-03-04T08:46:41.710+0000] {logging_mixin.py:188} INFO - [2026-03-04T08:46:41.710+0000] {dag.py:3089} INFO - Sync 1 DAGs
[2026-03-04T08:46:41.720+0000] {logging_mixin.py:188} INFO - [2026-03-04T08:46:41.720+0000] {dag.py:3947} INFO - Setting next_dagrun for example_skip_dag to 2026-03-03 00:00:00+00:00, run_after=2026-03-04 00:00:00+00:00
[2026-03-04T08:46:41.727+0000] {processor.py:183} INFO - Processing /home/airflow/.local/lib/python3.12/site-packages/airflow/example_dags/example_skip_dag.py took 0.032 seconds
[2026-03-04T08:47:12.267+0000] {processor.py:161} INFO - Started process (PID=12789) to work on /home/airflow/.local/lib/python3.12/site-packages/airflow/example_dags/example_skip_dag.py
[2026-03-04T08:47:12.268+0000] {processor.py:830} INFO - Processing file /home/airflow/.local/lib/python3.12/site-packages/airflow/example_dags/example_skip_dag.py for tasks to queue
[2026-03-04T08:47:12.268+0000] {logging_mixin.py:188} INFO - [2026-03-04T08:47:12.268+0000] {dagbag.py:545} INFO - Filling up the DagBag from /home/airflow/.local/lib/python3.12/site-packages/airflow/example_dags/example_skip_dag.py
[2026-03-04T08:47:12.271+0000] {processor.py:840} INFO - DAG(s) 'example_skip_dag' retrieved from /home/airflow/.local/lib/python3.12/site-packages/airflow/example_dags/example_skip_dag.py
[2026-03-04T08:47:12.279+0000] {logging_mixin.py:188} INFO - [2026-03-04T08:47:12.278+0000] {dag.py:3089} INFO - Sync 1 DAGs
[2026-03-04T08:47:12.286+0000] {logging_mixin.py:188} INFO - [2026-03-04T08:47:12.286+0000] {dag.py:3947} INFO - Setting next_dagrun for example_skip_dag to 2026-03-03 00:00:00+00:00, run_after=2026-03-04 00:00:00+00:00
[2026-03-04T08:47:12.293+0000] {processor.py:183} INFO - Processing /home/airflow/.local/lib/python3.12/site-packages/airflow/example_dags/example_skip_dag.py took 0.028 seconds
[2026-03-04T08:47:42.758+0000] {processor.py:161} INFO - Started process (PID=13051) to work on /home/airflow/.local/lib/python3.12/site-packages/airflow/example_dags/example_skip_dag.py
[2026-03-04T08:47:42.758+0000] {processor.py:830} INFO - Processing file /home/airflow/.local/lib/python3.12/site-packages/airflow/example_dags/example_skip_dag.py for tasks to queue
[2026-03-04T08:47:42.759+0000] {logging_mixin.py:188} INFO - [2026-03-04T08:47:42.759+0000] {dagbag.py:545} INFO - Filling up the DagBag from /home/airflow/.local/lib/python3.12/site-packages/airflow/example_dags/example_skip_dag.py
[2026-03-04T08:47:42.761+0000] {processor.py:840} INFO - DAG(s) 'example_skip_dag' retrieved from /home/airflow/.local/lib/python3.12/site-packages/airflow/example_dags/example_skip_dag.py
[2026-03-04T08:47:42.770+0000] {logging_mixin.py:188} INFO - [2026-03-04T08:47:42.770+0000] {dag.py:3089} INFO - Sync 1 DAGs
[2026-03-04T08:47:42.779+0000] {logging_mixin.py:188} INFO - [2026-03-04T08:47:42.779+0000] {dag.py:3947} INFO - Setting next_dagrun for example_skip_dag to 2026-03-03 00:00:00+00:00, run_after=2026-03-04 00:00:00+00:00
[2026-03-04T08:47:42.789+0000] {processor.py:183} INFO - Processing /home/airflow/.local/lib/python3.12/site-packages/airflow/example_dags/example_skip_dag.py took 0.034 seconds
[2026-03-04T08:48:13.289+0000] {processor.py:161} INFO - Started process (PID=13313) to work on /home/airflow/.local/lib/python3.12/site-packages/airflow/example_dags/example_skip_dag.py
[2026-03-04T08:48:13.289+0000] {processor.py:830} INFO - Processing file /home/airflow/.local/lib/python3.12/site-packages/airflow/example_dags/example_skip_dag.py for tasks to queue
[2026-03-04T08:48:13.290+0000] {logging_mixin.py:188} INFO - [2026-03-04T08:48:13.290+0000] {dagbag.py:545} INFO - Filling up the DagBag from /home/airflow/.local/lib/python3.12/site-packages/airflow/example_dags/example_skip_dag.py
[2026-03-04T08:48:13.293+0000] {processor.py:840} INFO - DAG(s) 'example_skip_dag' retrieved from /home/airflow/.local/lib/python3.12/site-packages/airflow/example_dags/example_skip_dag.py
[2026-03-04T08:48:13.301+0000] {logging_mixin.py:188} INFO - [2026-03-04T08:48:13.301+0000] {dag.py:3089} INFO - Sync 1 DAGs
[2026-03-04T08:48:13.309+0000] {logging_mixin.py:188} INFO - [2026-03-04T08:48:13.309+0000] {dag.py:3947} INFO - Setting next_dagrun for example_skip_dag to 2026-03-03 00:00:00+00:00, run_after=2026-03-04 00:00:00+00:00
[2026-03-04T08:48:13.318+0000] {processor.py:183} INFO - Processing /home/airflow/.local/lib/python3.12/site-packages/airflow/example_dags/example_skip_dag.py took 0.033 seconds
[2026-03-04T08:48:43.830+0000] {processor.py:161} INFO - Started process (PID=13575) to work on /home/airflow/.local/lib/python3.12/site-packages/airflow/example_dags/example_skip_dag.py
[2026-03-04T08:48:43.831+0000] {processor.py:830} INFO - Processing file /home/airflow/.local/lib/python3.12/site-packages/airflow/example_dags/example_skip_dag.py for tasks to queue
[2026-03-04T08:48:43.831+0000] {logging_mixin.py:188} INFO - [2026-03-04T08:48:43.831+0000] {dagbag.py:545} INFO - Filling up the DagBag from /home/airflow/.local/lib/python3.12/site-packages/airflow/example_dags/example_skip_dag.py
[2026-03-04T08:48:43.834+0000] {processor.py:840} INFO - DAG(s) 'example_skip_dag' retrieved from /home/airflow/.local/lib/python3.12/site-packages/airflow/example_dags/example_skip_dag.py
[2026-03-04T08:48:43.842+0000] {logging_mixin.py:188} INFO - [2026-03-04T08:48:43.842+0000] {dag.py:3089} INFO - Sync 1 DAGs
[2026-03-04T08:48:43.851+0000] {logging_mixin.py:188} INFO - [2026-03-04T08:48:43.851+0000] {dag.py:3947} INFO - Setting next_dagrun for example_skip_dag to 2026-03-03 00:00:00+00:00, run_after=2026-03-04 00:00:00+00:00
[2026-03-04T08:48:43.860+0000] {processor.py:183} INFO - Processing /home/airflow/.local/lib/python3.12/site-packages/airflow/example_dags/example_skip_dag.py took 0.032 seconds
[2026-03-04T08:49:14.474+0000] {processor.py:161} INFO - Started process (PID=13837) to work on /home/airflow/.local/lib/python3.12/site-packages/airflow/example_dags/example_skip_dag.py
[2026-03-04T08:49:14.474+0000] {processor.py:830} INFO - Processing file /home/airflow/.local/lib/python3.12/site-packages/airflow/example_dags/example_skip_dag.py for tasks to queue
[2026-03-04T08:49:14.475+0000] {logging_mixin.py:188} INFO - [2026-03-04T08:49:14.475+0000] {dagbag.py:545} INFO - Filling up the DagBag from /home/airflow/.local/lib/python3.12/site-packages/airflow/example_dags/example_skip_dag.py
[2026-03-04T08:49:14.477+0000] {processor.py:840} INFO - DAG(s) 'example_skip_dag' retrieved from /home/airflow/.local/lib/python3.12/site-packages/airflow/example_dags/example_skip_dag.py
[2026-03-04T08:49:14.485+0000] {logging_mixin.py:188} INFO - [2026-03-04T08:49:14.485+0000] {dag.py:3089} INFO - Sync 1 DAGs
[2026-03-04T08:49:14.492+0000] {logging_mixin.py:188} INFO - [2026-03-04T08:49:14.492+0000] {dag.py:3947} INFO - Setting next_dagrun for example_skip_dag to 2026-03-03 00:00:00+00:00, run_after=2026-03-04 00:00:00+00:00
[2026-03-04T08:49:14.502+0000] {processor.py:183} INFO - Processing /home/airflow/.local/lib/python3.12/site-packages/airflow/example_dags/example_skip_dag.py took 0.030 seconds
[2026-03-04T08:49:44.972+0000] {processor.py:161} INFO - Started process (PID=14099) to work on /home/airflow/.local/lib/python3.12/site-packages/airflow/example_dags/example_skip_dag.py
[2026-03-04T08:49:44.972+0000] {processor.py:830} INFO - Processing file /home/airflow/.local/lib/python3.12/site-packages/airflow/example_dags/example_skip_dag.py for tasks to queue
[2026-03-04T08:49:44.973+0000] {logging_mixin.py:188} INFO - [2026-03-04T08:49:44.973+0000] {dagbag.py:545} INFO - Filling up the DagBag from /home/airflow/.local/lib/python3.12/site-packages/airflow/example_dags/example_skip_dag.py
[2026-03-04T08:49:44.975+0000] {processor.py:840} INFO - DAG(s) 'example_skip_dag' retrieved from /home/airflow/.local/lib/python3.12/site-packages/airflow/example_dags/example_skip_dag.py
[2026-03-04T08:49:44.984+0000] {logging_mixin.py:188} INFO - [2026-03-04T08:49:44.984+0000] {dag.py:3089} INFO - Sync 1 DAGs
[2026-03-04T08:49:44.993+0000] {logging_mixin.py:188} INFO - [2026-03-04T08:49:44.992+0000] {dag.py:3947} INFO - Setting next_dagrun for example_skip_dag to 2026-03-03 00:00:00+00:00, run_after=2026-03-04 00:00:00+00:00
[2026-03-04T08:49:44.999+0000] {processor.py:183} INFO - Processing /home/airflow/.local/lib/python3.12/site-packages/airflow/example_dags/example_skip_dag.py took 0.029 seconds
[2026-03-04T08:50:15.533+0000] {processor.py:161} INFO - Started process (PID=14361) to work on /home/airflow/.local/lib/python3.12/site-packages/airflow/example_dags/example_skip_dag.py
[2026-03-04T08:50:15.533+0000] {processor.py:830} INFO - Processing file /home/airflow/.local/lib/python3.12/site-packages/airflow/example_dags/example_skip_dag.py for tasks to queue
[2026-03-04T08:50:15.534+0000] {logging_mixin.py:188} INFO - [2026-03-04T08:50:15.534+0000] {dagbag.py:545} INFO - Filling up the DagBag from /home/airflow/.local/lib/python3.12/site-packages/airflow/example_dags/example_skip_dag.py
[2026-03-04T08:50:15.536+0000] {processor.py:840} INFO - DAG(s) 'example_skip_dag' retrieved from /home/airflow/.local/lib/python3.12/site-packages/airflow/example_dags/example_skip_dag.py
[2026-03-04T08:50:15.543+0000] {logging_mixin.py:188} INFO - [2026-03-04T08:50:15.543+0000] {dag.py:3089} INFO - Sync 1 DAGs
[2026-03-04T08:50:15.553+0000] {logging_mixin.py:188} INFO - [2026-03-04T08:50:15.553+0000] {dag.py:3947} INFO - Setting next_dagrun for example_skip_dag to 2026-03-03 00:00:00+00:00, run_after=2026-03-04 00:00:00+00:00
[2026-03-04T08:50:15.561+0000] {processor.py:183} INFO - Processing /home/airflow/.local/lib/python3.12/site-packages/airflow/example_dags/example_skip_dag.py took 0.030 seconds
[2026-03-04T08:50:46.082+0000] {processor.py:161} INFO - Started process (PID=14623) to work on /home/airflow/.local/lib/python3.12/site-packages/airflow/example_dags/example_skip_dag.py
[2026-03-04T08:50:46.083+0000] {processor.py:830} INFO - Processing file /home/airflow/.local/lib/python3.12/site-packages/airflow/example_dags/example_skip_dag.py for tasks to queue
[2026-03-04T08:50:46.083+0000] {logging_mixin.py:188} INFO - [2026-03-04T08:50:46.083+0000] {dagbag.py:545} INFO - Filling up the DagBag from /home/airflow/.local/lib/python3.12/site-packages/airflow/example_dags/example_skip_dag.py
[2026-03-04T08:50:46.086+0000] {processor.py:840} INFO - DAG(s) 'example_skip_dag' retrieved from /home/airflow/.local/lib/python3.12/site-packages/airflow/example_dags/example_skip_dag.py
[2026-03-04T08:50:46.095+0000] {logging_mixin.py:188} INFO - [2026-03-04T08:50:46.095+0000] {dag.py:3089} INFO - Sync 1 DAGs
[2026-03-04T08:50:46.105+0000] {logging_mixin.py:188} INFO - [2026-03-04T08:50:46.105+0000] {dag.py:3947} INFO - Setting next_dagrun for example_skip_dag to 2026-03-03 00:00:00+00:00, run_after=2026-03-04 00:00:00+00:00
[2026-03-04T08:50:46.114+0000] {processor.py:183} INFO - Processing /home/airflow/.local/lib/python3.12/site-packages/airflow/example_dags/example_skip_dag.py took 0.035 seconds
