[2026-03-04T07:57:50.337+0000] {processor.py:161} INFO - Started process (PID=302) to work on /home/airflow/.local/lib/python3.12/site-packages/airflow/example_dags/example_task_group.py
[2026-03-04T07:57:50.338+0000] {processor.py:830} INFO - Processing file /home/airflow/.local/lib/python3.12/site-packages/airflow/example_dags/example_task_group.py for tasks to queue
[2026-03-04T07:57:50.339+0000] {logging_mixin.py:188} INFO - [2026-03-04T07:57:50.339+0000] {dagbag.py:545} INFO - Filling up the DagBag from /home/airflow/.local/lib/python3.12/site-packages/airflow/example_dags/example_task_group.py
[2026-03-04T07:57:50.346+0000] {processor.py:840} INFO - DAG(s) 'example_task_group' retrieved from /home/airflow/.local/lib/python3.12/site-packages/airflow/example_dags/example_task_group.py
[2026-03-04T07:57:50.394+0000] {logging_mixin.py:188} INFO - [2026-03-04T07:57:50.394+0000] {override.py:1858} INFO - Created Permission View: can delete on DAG:example_task_group
[2026-03-04T07:57:50.398+0000] {logging_mixin.py:188} INFO - [2026-03-04T07:57:50.398+0000] {override.py:1858} INFO - Created Permission View: can read on DAG:example_task_group
[2026-03-04T07:57:50.400+0000] {logging_mixin.py:188} INFO - [2026-03-04T07:57:50.400+0000] {override.py:1858} INFO - Created Permission View: can edit on DAG:example_task_group
[2026-03-04T07:57:50.400+0000] {logging_mixin.py:188} INFO - [2026-03-04T07:57:50.400+0000] {dag.py:3089} INFO - Sync 1 DAGs
[2026-03-04T07:57:50.404+0000] {logging_mixin.py:188} INFO - [2026-03-04T07:57:50.404+0000] {dag.py:3111} INFO - Creating ORM DAG for example_task_group
[2026-03-04T07:57:50.407+0000] {logging_mixin.py:188} INFO - [2026-03-04T07:57:50.407+0000] {dag.py:3947} INFO - Setting next_dagrun for example_task_group to 2026-03-03 00:00:00+00:00, run_after=2026-03-04 00:00:00+00:00
[2026-03-04T07:57:50.415+0000] {processor.py:183} INFO - Processing /home/airflow/.local/lib/python3.12/site-packages/airflow/example_dags/example_task_group.py took 0.080 seconds
[2026-03-04T07:58:20.589+0000] {processor.py:161} INFO - Started process (PID=564) to work on /home/airflow/.local/lib/python3.12/site-packages/airflow/example_dags/example_task_group.py
[2026-03-04T07:58:20.589+0000] {processor.py:830} INFO - Processing file /home/airflow/.local/lib/python3.12/site-packages/airflow/example_dags/example_task_group.py for tasks to queue
[2026-03-04T07:58:20.590+0000] {logging_mixin.py:188} INFO - [2026-03-04T07:58:20.590+0000] {dagbag.py:545} INFO - Filling up the DagBag from /home/airflow/.local/lib/python3.12/site-packages/airflow/example_dags/example_task_group.py
[2026-03-04T07:58:20.595+0000] {processor.py:840} INFO - DAG(s) 'example_task_group' retrieved from /home/airflow/.local/lib/python3.12/site-packages/airflow/example_dags/example_task_group.py
[2026-03-04T07:58:20.608+0000] {logging_mixin.py:188} INFO - [2026-03-04T07:58:20.608+0000] {dag.py:3089} INFO - Sync 1 DAGs
[2026-03-04T07:58:20.615+0000] {logging_mixin.py:188} INFO - [2026-03-04T07:58:20.615+0000] {dag.py:3947} INFO - Setting next_dagrun for example_task_group to 2026-03-03 00:00:00+00:00, run_after=2026-03-04 00:00:00+00:00
[2026-03-04T07:58:20.623+0000] {processor.py:183} INFO - Processing /home/airflow/.local/lib/python3.12/site-packages/airflow/example_dags/example_task_group.py took 0.036 seconds
[2026-03-04T07:58:51.141+0000] {processor.py:161} INFO - Started process (PID=828) to work on /home/airflow/.local/lib/python3.12/site-packages/airflow/example_dags/example_task_group.py
[2026-03-04T07:58:51.141+0000] {processor.py:830} INFO - Processing file /home/airflow/.local/lib/python3.12/site-packages/airflow/example_dags/example_task_group.py for tasks to queue
[2026-03-04T07:58:51.142+0000] {logging_mixin.py:188} INFO - [2026-03-04T07:58:51.142+0000] {dagbag.py:545} INFO - Filling up the DagBag from /home/airflow/.local/lib/python3.12/site-packages/airflow/example_dags/example_task_group.py
[2026-03-04T07:58:51.144+0000] {processor.py:840} INFO - DAG(s) 'example_task_group' retrieved from /home/airflow/.local/lib/python3.12/site-packages/airflow/example_dags/example_task_group.py
[2026-03-04T07:58:51.155+0000] {logging_mixin.py:188} INFO - [2026-03-04T07:58:51.155+0000] {dag.py:3089} INFO - Sync 1 DAGs
[2026-03-04T07:58:51.165+0000] {logging_mixin.py:188} INFO - [2026-03-04T07:58:51.165+0000] {dag.py:3947} INFO - Setting next_dagrun for example_task_group to 2026-03-03 00:00:00+00:00, run_after=2026-03-04 00:00:00+00:00
[2026-03-04T07:58:51.177+0000] {processor.py:183} INFO - Processing /home/airflow/.local/lib/python3.12/site-packages/airflow/example_dags/example_task_group.py took 0.038 seconds
[2026-03-04T07:59:21.633+0000] {processor.py:161} INFO - Started process (PID=1088) to work on /home/airflow/.local/lib/python3.12/site-packages/airflow/example_dags/example_task_group.py
[2026-03-04T07:59:21.634+0000] {processor.py:830} INFO - Processing file /home/airflow/.local/lib/python3.12/site-packages/airflow/example_dags/example_task_group.py for tasks to queue
[2026-03-04T07:59:21.635+0000] {logging_mixin.py:188} INFO - [2026-03-04T07:59:21.635+0000] {dagbag.py:545} INFO - Filling up the DagBag from /home/airflow/.local/lib/python3.12/site-packages/airflow/example_dags/example_task_group.py
[2026-03-04T07:59:21.639+0000] {processor.py:840} INFO - DAG(s) 'example_task_group' retrieved from /home/airflow/.local/lib/python3.12/site-packages/airflow/example_dags/example_task_group.py
[2026-03-04T07:59:21.652+0000] {logging_mixin.py:188} INFO - [2026-03-04T07:59:21.652+0000] {dag.py:3089} INFO - Sync 1 DAGs
[2026-03-04T07:59:21.660+0000] {logging_mixin.py:188} INFO - [2026-03-04T07:59:21.660+0000] {dag.py:3947} INFO - Setting next_dagrun for example_task_group to 2026-03-03 00:00:00+00:00, run_after=2026-03-04 00:00:00+00:00
[2026-03-04T07:59:21.668+0000] {processor.py:183} INFO - Processing /home/airflow/.local/lib/python3.12/site-packages/airflow/example_dags/example_task_group.py took 0.037 seconds
[2026-03-04T07:59:52.332+0000] {processor.py:161} INFO - Started process (PID=1350) to work on /home/airflow/.local/lib/python3.12/site-packages/airflow/example_dags/example_task_group.py
[2026-03-04T07:59:52.333+0000] {processor.py:830} INFO - Processing file /home/airflow/.local/lib/python3.12/site-packages/airflow/example_dags/example_task_group.py for tasks to queue
[2026-03-04T07:59:52.334+0000] {logging_mixin.py:188} INFO - [2026-03-04T07:59:52.334+0000] {dagbag.py:545} INFO - Filling up the DagBag from /home/airflow/.local/lib/python3.12/site-packages/airflow/example_dags/example_task_group.py
[2026-03-04T07:59:52.339+0000] {processor.py:840} INFO - DAG(s) 'example_task_group' retrieved from /home/airflow/.local/lib/python3.12/site-packages/airflow/example_dags/example_task_group.py
[2026-03-04T07:59:52.351+0000] {logging_mixin.py:188} INFO - [2026-03-04T07:59:52.351+0000] {dag.py:3089} INFO - Sync 1 DAGs
[2026-03-04T07:59:52.358+0000] {logging_mixin.py:188} INFO - [2026-03-04T07:59:52.358+0000] {dag.py:3947} INFO - Setting next_dagrun for example_task_group to 2026-03-03 00:00:00+00:00, run_after=2026-03-04 00:00:00+00:00
[2026-03-04T07:59:52.369+0000] {processor.py:183} INFO - Processing /home/airflow/.local/lib/python3.12/site-packages/airflow/example_dags/example_task_group.py took 0.039 seconds
[2026-03-04T08:00:22.978+0000] {processor.py:161} INFO - Started process (PID=1612) to work on /home/airflow/.local/lib/python3.12/site-packages/airflow/example_dags/example_task_group.py
[2026-03-04T08:00:22.978+0000] {processor.py:830} INFO - Processing file /home/airflow/.local/lib/python3.12/site-packages/airflow/example_dags/example_task_group.py for tasks to queue
[2026-03-04T08:00:22.979+0000] {logging_mixin.py:188} INFO - [2026-03-04T08:00:22.979+0000] {dagbag.py:545} INFO - Filling up the DagBag from /home/airflow/.local/lib/python3.12/site-packages/airflow/example_dags/example_task_group.py
[2026-03-04T08:00:22.982+0000] {processor.py:840} INFO - DAG(s) 'example_task_group' retrieved from /home/airflow/.local/lib/python3.12/site-packages/airflow/example_dags/example_task_group.py
[2026-03-04T08:00:22.994+0000] {logging_mixin.py:188} INFO - [2026-03-04T08:00:22.994+0000] {dag.py:3089} INFO - Sync 1 DAGs
[2026-03-04T08:00:23.002+0000] {logging_mixin.py:188} INFO - [2026-03-04T08:00:23.002+0000] {dag.py:3947} INFO - Setting next_dagrun for example_task_group to 2026-03-03 00:00:00+00:00, run_after=2026-03-04 00:00:00+00:00
[2026-03-04T08:00:23.012+0000] {processor.py:183} INFO - Processing /home/airflow/.local/lib/python3.12/site-packages/airflow/example_dags/example_task_group.py took 0.036 seconds
[2026-03-04T08:00:53.586+0000] {processor.py:161} INFO - Started process (PID=1876) to work on /home/airflow/.local/lib/python3.12/site-packages/airflow/example_dags/example_task_group.py
[2026-03-04T08:00:53.587+0000] {processor.py:830} INFO - Processing file /home/airflow/.local/lib/python3.12/site-packages/airflow/example_dags/example_task_group.py for tasks to queue
[2026-03-04T08:00:53.587+0000] {logging_mixin.py:188} INFO - [2026-03-04T08:00:53.587+0000] {dagbag.py:545} INFO - Filling up the DagBag from /home/airflow/.local/lib/python3.12/site-packages/airflow/example_dags/example_task_group.py
[2026-03-04T08:00:53.590+0000] {processor.py:840} INFO - DAG(s) 'example_task_group' retrieved from /home/airflow/.local/lib/python3.12/site-packages/airflow/example_dags/example_task_group.py
[2026-03-04T08:00:53.596+0000] {logging_mixin.py:188} INFO - [2026-03-04T08:00:53.596+0000] {dag.py:3089} INFO - Sync 1 DAGs
[2026-03-04T08:00:53.603+0000] {logging_mixin.py:188} INFO - [2026-03-04T08:00:53.603+0000] {dag.py:3947} INFO - Setting next_dagrun for example_task_group to 2026-03-03 00:00:00+00:00, run_after=2026-03-04 00:00:00+00:00
[2026-03-04T08:00:53.608+0000] {processor.py:183} INFO - Processing /home/airflow/.local/lib/python3.12/site-packages/airflow/example_dags/example_task_group.py took 0.024 seconds
[2026-03-04T08:01:24.201+0000] {processor.py:161} INFO - Started process (PID=2136) to work on /home/airflow/.local/lib/python3.12/site-packages/airflow/example_dags/example_task_group.py
[2026-03-04T08:01:24.202+0000] {processor.py:830} INFO - Processing file /home/airflow/.local/lib/python3.12/site-packages/airflow/example_dags/example_task_group.py for tasks to queue
[2026-03-04T08:01:24.202+0000] {logging_mixin.py:188} INFO - [2026-03-04T08:01:24.202+0000] {dagbag.py:545} INFO - Filling up the DagBag from /home/airflow/.local/lib/python3.12/site-packages/airflow/example_dags/example_task_group.py
[2026-03-04T08:01:24.205+0000] {processor.py:840} INFO - DAG(s) 'example_task_group' retrieved from /home/airflow/.local/lib/python3.12/site-packages/airflow/example_dags/example_task_group.py
[2026-03-04T08:01:24.214+0000] {logging_mixin.py:188} INFO - [2026-03-04T08:01:24.214+0000] {dag.py:3089} INFO - Sync 1 DAGs
[2026-03-04T08:01:24.222+0000] {logging_mixin.py:188} INFO - [2026-03-04T08:01:24.222+0000] {dag.py:3947} INFO - Setting next_dagrun for example_task_group to 2026-03-03 00:00:00+00:00, run_after=2026-03-04 00:00:00+00:00
[2026-03-04T08:01:24.230+0000] {processor.py:183} INFO - Processing /home/airflow/.local/lib/python3.12/site-packages/airflow/example_dags/example_task_group.py took 0.031 seconds
[2026-03-04T08:01:54.786+0000] {processor.py:161} INFO - Started process (PID=2400) to work on /home/airflow/.local/lib/python3.12/site-packages/airflow/example_dags/example_task_group.py
[2026-03-04T08:01:54.788+0000] {processor.py:830} INFO - Processing file /home/airflow/.local/lib/python3.12/site-packages/airflow/example_dags/example_task_group.py for tasks to queue
[2026-03-04T08:01:54.789+0000] {logging_mixin.py:188} INFO - [2026-03-04T08:01:54.789+0000] {dagbag.py:545} INFO - Filling up the DagBag from /home/airflow/.local/lib/python3.12/site-packages/airflow/example_dags/example_task_group.py
[2026-03-04T08:01:54.795+0000] {processor.py:840} INFO - DAG(s) 'example_task_group' retrieved from /home/airflow/.local/lib/python3.12/site-packages/airflow/example_dags/example_task_group.py
[2026-03-04T08:01:54.806+0000] {logging_mixin.py:188} INFO - [2026-03-04T08:01:54.803+0000] {dag.py:3089} INFO - Sync 1 DAGs
[2026-03-04T08:01:54.813+0000] {logging_mixin.py:188} INFO - [2026-03-04T08:01:54.813+0000] {dag.py:3947} INFO - Setting next_dagrun for example_task_group to 2026-03-03 00:00:00+00:00, run_after=2026-03-04 00:00:00+00:00
[2026-03-04T08:01:54.824+0000] {processor.py:183} INFO - Processing /home/airflow/.local/lib/python3.12/site-packages/airflow/example_dags/example_task_group.py took 0.041 seconds
[2026-03-04T08:02:25.272+0000] {processor.py:161} INFO - Started process (PID=2660) to work on /home/airflow/.local/lib/python3.12/site-packages/airflow/example_dags/example_task_group.py
[2026-03-04T08:02:25.273+0000] {processor.py:830} INFO - Processing file /home/airflow/.local/lib/python3.12/site-packages/airflow/example_dags/example_task_group.py for tasks to queue
[2026-03-04T08:02:25.274+0000] {logging_mixin.py:188} INFO - [2026-03-04T08:02:25.274+0000] {dagbag.py:545} INFO - Filling up the DagBag from /home/airflow/.local/lib/python3.12/site-packages/airflow/example_dags/example_task_group.py
[2026-03-04T08:02:25.276+0000] {processor.py:840} INFO - DAG(s) 'example_task_group' retrieved from /home/airflow/.local/lib/python3.12/site-packages/airflow/example_dags/example_task_group.py
[2026-03-04T08:02:25.285+0000] {logging_mixin.py:188} INFO - [2026-03-04T08:02:25.284+0000] {dag.py:3089} INFO - Sync 1 DAGs
[2026-03-04T08:02:25.291+0000] {logging_mixin.py:188} INFO - [2026-03-04T08:02:25.291+0000] {dag.py:3947} INFO - Setting next_dagrun for example_task_group to 2026-03-03 00:00:00+00:00, run_after=2026-03-04 00:00:00+00:00
[2026-03-04T08:02:25.302+0000] {processor.py:183} INFO - Processing /home/airflow/.local/lib/python3.12/site-packages/airflow/example_dags/example_task_group.py took 0.031 seconds
[2026-03-04T08:02:55.770+0000] {processor.py:161} INFO - Started process (PID=2922) to work on /home/airflow/.local/lib/python3.12/site-packages/airflow/example_dags/example_task_group.py
[2026-03-04T08:02:55.771+0000] {processor.py:830} INFO - Processing file /home/airflow/.local/lib/python3.12/site-packages/airflow/example_dags/example_task_group.py for tasks to queue
[2026-03-04T08:02:55.773+0000] {logging_mixin.py:188} INFO - [2026-03-04T08:02:55.772+0000] {dagbag.py:545} INFO - Filling up the DagBag from /home/airflow/.local/lib/python3.12/site-packages/airflow/example_dags/example_task_group.py
[2026-03-04T08:02:55.776+0000] {processor.py:840} INFO - DAG(s) 'example_task_group' retrieved from /home/airflow/.local/lib/python3.12/site-packages/airflow/example_dags/example_task_group.py
[2026-03-04T08:02:55.784+0000] {logging_mixin.py:188} INFO - [2026-03-04T08:02:55.784+0000] {dag.py:3089} INFO - Sync 1 DAGs
[2026-03-04T08:02:55.794+0000] {logging_mixin.py:188} INFO - [2026-03-04T08:02:55.794+0000] {dag.py:3947} INFO - Setting next_dagrun for example_task_group to 2026-03-03 00:00:00+00:00, run_after=2026-03-04 00:00:00+00:00
[2026-03-04T08:02:55.800+0000] {processor.py:183} INFO - Processing /home/airflow/.local/lib/python3.12/site-packages/airflow/example_dags/example_task_group.py took 0.032 seconds
[2026-03-04T08:03:26.374+0000] {processor.py:161} INFO - Started process (PID=3184) to work on /home/airflow/.local/lib/python3.12/site-packages/airflow/example_dags/example_task_group.py
[2026-03-04T08:03:26.374+0000] {processor.py:830} INFO - Processing file /home/airflow/.local/lib/python3.12/site-packages/airflow/example_dags/example_task_group.py for tasks to queue
[2026-03-04T08:03:26.375+0000] {logging_mixin.py:188} INFO - [2026-03-04T08:03:26.375+0000] {dagbag.py:545} INFO - Filling up the DagBag from /home/airflow/.local/lib/python3.12/site-packages/airflow/example_dags/example_task_group.py
[2026-03-04T08:03:26.378+0000] {processor.py:840} INFO - DAG(s) 'example_task_group' retrieved from /home/airflow/.local/lib/python3.12/site-packages/airflow/example_dags/example_task_group.py
[2026-03-04T08:03:26.391+0000] {logging_mixin.py:188} INFO - [2026-03-04T08:03:26.391+0000] {dag.py:3089} INFO - Sync 1 DAGs
[2026-03-04T08:03:26.400+0000] {logging_mixin.py:188} INFO - [2026-03-04T08:03:26.400+0000] {dag.py:3947} INFO - Setting next_dagrun for example_task_group to 2026-03-03 00:00:00+00:00, run_after=2026-03-04 00:00:00+00:00
[2026-03-04T08:03:26.409+0000] {processor.py:183} INFO - Processing /home/airflow/.local/lib/python3.12/site-packages/airflow/example_dags/example_task_group.py took 0.037 seconds
[2026-03-04T08:03:56.909+0000] {processor.py:161} INFO - Started process (PID=3446) to work on /home/airflow/.local/lib/python3.12/site-packages/airflow/example_dags/example_task_group.py
[2026-03-04T08:03:56.910+0000] {processor.py:830} INFO - Processing file /home/airflow/.local/lib/python3.12/site-packages/airflow/example_dags/example_task_group.py for tasks to queue
[2026-03-04T08:03:56.912+0000] {logging_mixin.py:188} INFO - [2026-03-04T08:03:56.911+0000] {dagbag.py:545} INFO - Filling up the DagBag from /home/airflow/.local/lib/python3.12/site-packages/airflow/example_dags/example_task_group.py
[2026-03-04T08:03:56.914+0000] {processor.py:840} INFO - DAG(s) 'example_task_group' retrieved from /home/airflow/.local/lib/python3.12/site-packages/airflow/example_dags/example_task_group.py
[2026-03-04T08:03:56.925+0000] {logging_mixin.py:188} INFO - [2026-03-04T08:03:56.925+0000] {dag.py:3089} INFO - Sync 1 DAGs
[2026-03-04T08:03:56.932+0000] {logging_mixin.py:188} INFO - [2026-03-04T08:03:56.932+0000] {dag.py:3947} INFO - Setting next_dagrun for example_task_group to 2026-03-03 00:00:00+00:00, run_after=2026-03-04 00:00:00+00:00
[2026-03-04T08:03:56.940+0000] {processor.py:183} INFO - Processing /home/airflow/.local/lib/python3.12/site-packages/airflow/example_dags/example_task_group.py took 0.034 seconds
[2026-03-04T08:04:27.532+0000] {processor.py:161} INFO - Started process (PID=3710) to work on /home/airflow/.local/lib/python3.12/site-packages/airflow/example_dags/example_task_group.py
[2026-03-04T08:04:27.532+0000] {processor.py:830} INFO - Processing file /home/airflow/.local/lib/python3.12/site-packages/airflow/example_dags/example_task_group.py for tasks to queue
[2026-03-04T08:04:27.533+0000] {logging_mixin.py:188} INFO - [2026-03-04T08:04:27.533+0000] {dagbag.py:545} INFO - Filling up the DagBag from /home/airflow/.local/lib/python3.12/site-packages/airflow/example_dags/example_task_group.py
[2026-03-04T08:04:27.535+0000] {processor.py:840} INFO - DAG(s) 'example_task_group' retrieved from /home/airflow/.local/lib/python3.12/site-packages/airflow/example_dags/example_task_group.py
[2026-03-04T08:04:27.542+0000] {logging_mixin.py:188} INFO - [2026-03-04T08:04:27.542+0000] {dag.py:3089} INFO - Sync 1 DAGs
[2026-03-04T08:04:27.548+0000] {logging_mixin.py:188} INFO - [2026-03-04T08:04:27.548+0000] {dag.py:3947} INFO - Setting next_dagrun for example_task_group to 2026-03-03 00:00:00+00:00, run_after=2026-03-04 00:00:00+00:00
[2026-03-04T08:04:27.554+0000] {processor.py:183} INFO - Processing /home/airflow/.local/lib/python3.12/site-packages/airflow/example_dags/example_task_group.py took 0.024 seconds
[2026-03-04T08:04:58.119+0000] {processor.py:161} INFO - Started process (PID=3972) to work on /home/airflow/.local/lib/python3.12/site-packages/airflow/example_dags/example_task_group.py
[2026-03-04T08:04:58.119+0000] {processor.py:830} INFO - Processing file /home/airflow/.local/lib/python3.12/site-packages/airflow/example_dags/example_task_group.py for tasks to queue
[2026-03-04T08:04:58.120+0000] {logging_mixin.py:188} INFO - [2026-03-04T08:04:58.120+0000] {dagbag.py:545} INFO - Filling up the DagBag from /home/airflow/.local/lib/python3.12/site-packages/airflow/example_dags/example_task_group.py
[2026-03-04T08:04:58.123+0000] {processor.py:840} INFO - DAG(s) 'example_task_group' retrieved from /home/airflow/.local/lib/python3.12/site-packages/airflow/example_dags/example_task_group.py
[2026-03-04T08:04:58.135+0000] {logging_mixin.py:188} INFO - [2026-03-04T08:04:58.135+0000] {dag.py:3089} INFO - Sync 1 DAGs
[2026-03-04T08:04:58.143+0000] {logging_mixin.py:188} INFO - [2026-03-04T08:04:58.143+0000] {dag.py:3947} INFO - Setting next_dagrun for example_task_group to 2026-03-03 00:00:00+00:00, run_after=2026-03-04 00:00:00+00:00
[2026-03-04T08:04:58.153+0000] {processor.py:183} INFO - Processing /home/airflow/.local/lib/python3.12/site-packages/airflow/example_dags/example_task_group.py took 0.037 seconds
[2026-03-04T08:05:28.699+0000] {processor.py:161} INFO - Started process (PID=4234) to work on /home/airflow/.local/lib/python3.12/site-packages/airflow/example_dags/example_task_group.py
[2026-03-04T08:05:28.699+0000] {processor.py:830} INFO - Processing file /home/airflow/.local/lib/python3.12/site-packages/airflow/example_dags/example_task_group.py for tasks to queue
[2026-03-04T08:05:28.700+0000] {logging_mixin.py:188} INFO - [2026-03-04T08:05:28.700+0000] {dagbag.py:545} INFO - Filling up the DagBag from /home/airflow/.local/lib/python3.12/site-packages/airflow/example_dags/example_task_group.py
[2026-03-04T08:05:28.702+0000] {processor.py:840} INFO - DAG(s) 'example_task_group' retrieved from /home/airflow/.local/lib/python3.12/site-packages/airflow/example_dags/example_task_group.py
[2026-03-04T08:05:28.709+0000] {logging_mixin.py:188} INFO - [2026-03-04T08:05:28.709+0000] {dag.py:3089} INFO - Sync 1 DAGs
[2026-03-04T08:05:28.716+0000] {logging_mixin.py:188} INFO - [2026-03-04T08:05:28.716+0000] {dag.py:3947} INFO - Setting next_dagrun for example_task_group to 2026-03-03 00:00:00+00:00, run_after=2026-03-04 00:00:00+00:00
[2026-03-04T08:05:28.721+0000] {processor.py:183} INFO - Processing /home/airflow/.local/lib/python3.12/site-packages/airflow/example_dags/example_task_group.py took 0.024 seconds
[2026-03-04T08:05:59.283+0000] {processor.py:161} INFO - Started process (PID=4495) to work on /home/airflow/.local/lib/python3.12/site-packages/airflow/example_dags/example_task_group.py
[2026-03-04T08:05:59.284+0000] {processor.py:830} INFO - Processing file /home/airflow/.local/lib/python3.12/site-packages/airflow/example_dags/example_task_group.py for tasks to queue
[2026-03-04T08:05:59.285+0000] {logging_mixin.py:188} INFO - [2026-03-04T08:05:59.285+0000] {dagbag.py:545} INFO - Filling up the DagBag from /home/airflow/.local/lib/python3.12/site-packages/airflow/example_dags/example_task_group.py
[2026-03-04T08:05:59.287+0000] {processor.py:840} INFO - DAG(s) 'example_task_group' retrieved from /home/airflow/.local/lib/python3.12/site-packages/airflow/example_dags/example_task_group.py
[2026-03-04T08:05:59.299+0000] {logging_mixin.py:188} INFO - [2026-03-04T08:05:59.299+0000] {dag.py:3089} INFO - Sync 1 DAGs
[2026-03-04T08:05:59.308+0000] {logging_mixin.py:188} INFO - [2026-03-04T08:05:59.308+0000] {dag.py:3947} INFO - Setting next_dagrun for example_task_group to 2026-03-03 00:00:00+00:00, run_after=2026-03-04 00:00:00+00:00
[2026-03-04T08:05:59.315+0000] {processor.py:183} INFO - Processing /home/airflow/.local/lib/python3.12/site-packages/airflow/example_dags/example_task_group.py took 0.033 seconds
[2026-03-04T08:06:29.804+0000] {processor.py:161} INFO - Started process (PID=4756) to work on /home/airflow/.local/lib/python3.12/site-packages/airflow/example_dags/example_task_group.py
[2026-03-04T08:06:29.804+0000] {processor.py:830} INFO - Processing file /home/airflow/.local/lib/python3.12/site-packages/airflow/example_dags/example_task_group.py for tasks to queue
[2026-03-04T08:06:29.805+0000] {logging_mixin.py:188} INFO - [2026-03-04T08:06:29.805+0000] {dagbag.py:545} INFO - Filling up the DagBag from /home/airflow/.local/lib/python3.12/site-packages/airflow/example_dags/example_task_group.py
[2026-03-04T08:06:29.809+0000] {processor.py:840} INFO - DAG(s) 'example_task_group' retrieved from /home/airflow/.local/lib/python3.12/site-packages/airflow/example_dags/example_task_group.py
[2026-03-04T08:06:29.817+0000] {logging_mixin.py:188} INFO - [2026-03-04T08:06:29.817+0000] {dag.py:3089} INFO - Sync 1 DAGs
[2026-03-04T08:06:29.825+0000] {logging_mixin.py:188} INFO - [2026-03-04T08:06:29.825+0000] {dag.py:3947} INFO - Setting next_dagrun for example_task_group to 2026-03-03 00:00:00+00:00, run_after=2026-03-04 00:00:00+00:00
[2026-03-04T08:06:29.834+0000] {processor.py:183} INFO - Processing /home/airflow/.local/lib/python3.12/site-packages/airflow/example_dags/example_task_group.py took 0.033 seconds
[2026-03-04T08:07:00.379+0000] {processor.py:161} INFO - Started process (PID=5018) to work on /home/airflow/.local/lib/python3.12/site-packages/airflow/example_dags/example_task_group.py
[2026-03-04T08:07:00.380+0000] {processor.py:830} INFO - Processing file /home/airflow/.local/lib/python3.12/site-packages/airflow/example_dags/example_task_group.py for tasks to queue
[2026-03-04T08:07:00.381+0000] {logging_mixin.py:188} INFO - [2026-03-04T08:07:00.380+0000] {dagbag.py:545} INFO - Filling up the DagBag from /home/airflow/.local/lib/python3.12/site-packages/airflow/example_dags/example_task_group.py
[2026-03-04T08:07:00.383+0000] {processor.py:840} INFO - DAG(s) 'example_task_group' retrieved from /home/airflow/.local/lib/python3.12/site-packages/airflow/example_dags/example_task_group.py
[2026-03-04T08:07:00.391+0000] {logging_mixin.py:188} INFO - [2026-03-04T08:07:00.391+0000] {dag.py:3089} INFO - Sync 1 DAGs
[2026-03-04T08:07:00.400+0000] {logging_mixin.py:188} INFO - [2026-03-04T08:07:00.400+0000] {dag.py:3947} INFO - Setting next_dagrun for example_task_group to 2026-03-03 00:00:00+00:00, run_after=2026-03-04 00:00:00+00:00
[2026-03-04T08:07:00.412+0000] {processor.py:183} INFO - Processing /home/airflow/.local/lib/python3.12/site-packages/airflow/example_dags/example_task_group.py took 0.035 seconds
[2026-03-04T08:07:30.863+0000] {processor.py:161} INFO - Started process (PID=5280) to work on /home/airflow/.local/lib/python3.12/site-packages/airflow/example_dags/example_task_group.py
[2026-03-04T08:07:30.865+0000] {processor.py:830} INFO - Processing file /home/airflow/.local/lib/python3.12/site-packages/airflow/example_dags/example_task_group.py for tasks to queue
[2026-03-04T08:07:30.866+0000] {logging_mixin.py:188} INFO - [2026-03-04T08:07:30.866+0000] {dagbag.py:545} INFO - Filling up the DagBag from /home/airflow/.local/lib/python3.12/site-packages/airflow/example_dags/example_task_group.py
[2026-03-04T08:07:30.869+0000] {processor.py:840} INFO - DAG(s) 'example_task_group' retrieved from /home/airflow/.local/lib/python3.12/site-packages/airflow/example_dags/example_task_group.py
[2026-03-04T08:07:30.878+0000] {logging_mixin.py:188} INFO - [2026-03-04T08:07:30.878+0000] {dag.py:3089} INFO - Sync 1 DAGs
[2026-03-04T08:07:30.885+0000] {logging_mixin.py:188} INFO - [2026-03-04T08:07:30.885+0000] {dag.py:3947} INFO - Setting next_dagrun for example_task_group to 2026-03-03 00:00:00+00:00, run_after=2026-03-04 00:00:00+00:00
[2026-03-04T08:07:30.891+0000] {processor.py:183} INFO - Processing /home/airflow/.local/lib/python3.12/site-packages/airflow/example_dags/example_task_group.py took 0.031 seconds
[2026-03-04T08:08:01.469+0000] {processor.py:161} INFO - Started process (PID=5542) to work on /home/airflow/.local/lib/python3.12/site-packages/airflow/example_dags/example_task_group.py
[2026-03-04T08:08:01.470+0000] {processor.py:830} INFO - Processing file /home/airflow/.local/lib/python3.12/site-packages/airflow/example_dags/example_task_group.py for tasks to queue
[2026-03-04T08:08:01.471+0000] {logging_mixin.py:188} INFO - [2026-03-04T08:08:01.470+0000] {dagbag.py:545} INFO - Filling up the DagBag from /home/airflow/.local/lib/python3.12/site-packages/airflow/example_dags/example_task_group.py
[2026-03-04T08:08:01.473+0000] {processor.py:840} INFO - DAG(s) 'example_task_group' retrieved from /home/airflow/.local/lib/python3.12/site-packages/airflow/example_dags/example_task_group.py
[2026-03-04T08:08:01.489+0000] {logging_mixin.py:188} INFO - [2026-03-04T08:08:01.489+0000] {dag.py:3089} INFO - Sync 1 DAGs
[2026-03-04T08:08:01.498+0000] {logging_mixin.py:188} INFO - [2026-03-04T08:08:01.498+0000] {dag.py:3947} INFO - Setting next_dagrun for example_task_group to 2026-03-03 00:00:00+00:00, run_after=2026-03-04 00:00:00+00:00
[2026-03-04T08:08:01.505+0000] {processor.py:183} INFO - Processing /home/airflow/.local/lib/python3.12/site-packages/airflow/example_dags/example_task_group.py took 0.039 seconds
[2026-03-04T08:08:32.034+0000] {processor.py:161} INFO - Started process (PID=5804) to work on /home/airflow/.local/lib/python3.12/site-packages/airflow/example_dags/example_task_group.py
[2026-03-04T08:08:32.035+0000] {processor.py:830} INFO - Processing file /home/airflow/.local/lib/python3.12/site-packages/airflow/example_dags/example_task_group.py for tasks to queue
[2026-03-04T08:08:32.036+0000] {logging_mixin.py:188} INFO - [2026-03-04T08:08:32.036+0000] {dagbag.py:545} INFO - Filling up the DagBag from /home/airflow/.local/lib/python3.12/site-packages/airflow/example_dags/example_task_group.py
[2026-03-04T08:08:32.039+0000] {processor.py:840} INFO - DAG(s) 'example_task_group' retrieved from /home/airflow/.local/lib/python3.12/site-packages/airflow/example_dags/example_task_group.py
[2026-03-04T08:08:32.051+0000] {logging_mixin.py:188} INFO - [2026-03-04T08:08:32.051+0000] {dag.py:3089} INFO - Sync 1 DAGs
[2026-03-04T08:08:32.060+0000] {logging_mixin.py:188} INFO - [2026-03-04T08:08:32.060+0000] {dag.py:3947} INFO - Setting next_dagrun for example_task_group to 2026-03-03 00:00:00+00:00, run_after=2026-03-04 00:00:00+00:00
[2026-03-04T08:08:32.069+0000] {processor.py:183} INFO - Processing /home/airflow/.local/lib/python3.12/site-packages/airflow/example_dags/example_task_group.py took 0.037 seconds
[2026-03-04T08:09:02.686+0000] {processor.py:161} INFO - Started process (PID=6066) to work on /home/airflow/.local/lib/python3.12/site-packages/airflow/example_dags/example_task_group.py
[2026-03-04T08:09:02.686+0000] {processor.py:830} INFO - Processing file /home/airflow/.local/lib/python3.12/site-packages/airflow/example_dags/example_task_group.py for tasks to queue
[2026-03-04T08:09:02.688+0000] {logging_mixin.py:188} INFO - [2026-03-04T08:09:02.688+0000] {dagbag.py:545} INFO - Filling up the DagBag from /home/airflow/.local/lib/python3.12/site-packages/airflow/example_dags/example_task_group.py
[2026-03-04T08:09:02.690+0000] {processor.py:840} INFO - DAG(s) 'example_task_group' retrieved from /home/airflow/.local/lib/python3.12/site-packages/airflow/example_dags/example_task_group.py
[2026-03-04T08:09:02.707+0000] {logging_mixin.py:188} INFO - [2026-03-04T08:09:02.706+0000] {dag.py:3089} INFO - Sync 1 DAGs
[2026-03-04T08:09:02.714+0000] {logging_mixin.py:188} INFO - [2026-03-04T08:09:02.714+0000] {dag.py:3947} INFO - Setting next_dagrun for example_task_group to 2026-03-03 00:00:00+00:00, run_after=2026-03-04 00:00:00+00:00
[2026-03-04T08:09:02.722+0000] {processor.py:183} INFO - Processing /home/airflow/.local/lib/python3.12/site-packages/airflow/example_dags/example_task_group.py took 0.039 seconds
[2026-03-04T08:09:33.275+0000] {processor.py:161} INFO - Started process (PID=6330) to work on /home/airflow/.local/lib/python3.12/site-packages/airflow/example_dags/example_task_group.py
[2026-03-04T08:09:33.275+0000] {processor.py:830} INFO - Processing file /home/airflow/.local/lib/python3.12/site-packages/airflow/example_dags/example_task_group.py for tasks to queue
[2026-03-04T08:09:33.276+0000] {logging_mixin.py:188} INFO - [2026-03-04T08:09:33.276+0000] {dagbag.py:545} INFO - Filling up the DagBag from /home/airflow/.local/lib/python3.12/site-packages/airflow/example_dags/example_task_group.py
[2026-03-04T08:09:33.279+0000] {processor.py:840} INFO - DAG(s) 'example_task_group' retrieved from /home/airflow/.local/lib/python3.12/site-packages/airflow/example_dags/example_task_group.py
[2026-03-04T08:09:33.290+0000] {logging_mixin.py:188} INFO - [2026-03-04T08:09:33.290+0000] {dag.py:3089} INFO - Sync 1 DAGs
[2026-03-04T08:09:33.299+0000] {logging_mixin.py:188} INFO - [2026-03-04T08:09:33.299+0000] {dag.py:3947} INFO - Setting next_dagrun for example_task_group to 2026-03-03 00:00:00+00:00, run_after=2026-03-04 00:00:00+00:00
[2026-03-04T08:09:33.309+0000] {processor.py:183} INFO - Processing /home/airflow/.local/lib/python3.12/site-packages/airflow/example_dags/example_task_group.py took 0.036 seconds
[2026-03-04T08:10:03.844+0000] {processor.py:161} INFO - Started process (PID=6590) to work on /home/airflow/.local/lib/python3.12/site-packages/airflow/example_dags/example_task_group.py
[2026-03-04T08:10:03.847+0000] {processor.py:830} INFO - Processing file /home/airflow/.local/lib/python3.12/site-packages/airflow/example_dags/example_task_group.py for tasks to queue
[2026-03-04T08:10:03.847+0000] {logging_mixin.py:188} INFO - [2026-03-04T08:10:03.847+0000] {dagbag.py:545} INFO - Filling up the DagBag from /home/airflow/.local/lib/python3.12/site-packages/airflow/example_dags/example_task_group.py
[2026-03-04T08:10:03.852+0000] {processor.py:840} INFO - DAG(s) 'example_task_group' retrieved from /home/airflow/.local/lib/python3.12/site-packages/airflow/example_dags/example_task_group.py
[2026-03-04T08:10:03.860+0000] {logging_mixin.py:188} INFO - [2026-03-04T08:10:03.860+0000] {dag.py:3089} INFO - Sync 1 DAGs
[2026-03-04T08:10:03.867+0000] {logging_mixin.py:188} INFO - [2026-03-04T08:10:03.867+0000] {dag.py:3947} INFO - Setting next_dagrun for example_task_group to 2026-03-03 00:00:00+00:00, run_after=2026-03-04 00:00:00+00:00
[2026-03-04T08:10:03.873+0000] {processor.py:183} INFO - Processing /home/airflow/.local/lib/python3.12/site-packages/airflow/example_dags/example_task_group.py took 0.031 seconds
[2026-03-04T08:10:34.356+0000] {processor.py:161} INFO - Started process (PID=6855) to work on /home/airflow/.local/lib/python3.12/site-packages/airflow/example_dags/example_task_group.py
[2026-03-04T08:10:34.357+0000] {processor.py:830} INFO - Processing file /home/airflow/.local/lib/python3.12/site-packages/airflow/example_dags/example_task_group.py for tasks to queue
[2026-03-04T08:10:34.358+0000] {logging_mixin.py:188} INFO - [2026-03-04T08:10:34.358+0000] {dagbag.py:545} INFO - Filling up the DagBag from /home/airflow/.local/lib/python3.12/site-packages/airflow/example_dags/example_task_group.py
[2026-03-04T08:10:34.360+0000] {processor.py:840} INFO - DAG(s) 'example_task_group' retrieved from /home/airflow/.local/lib/python3.12/site-packages/airflow/example_dags/example_task_group.py
[2026-03-04T08:10:34.373+0000] {logging_mixin.py:188} INFO - [2026-03-04T08:10:34.373+0000] {dag.py:3089} INFO - Sync 1 DAGs
[2026-03-04T08:10:34.380+0000] {logging_mixin.py:188} INFO - [2026-03-04T08:10:34.380+0000] {dag.py:3947} INFO - Setting next_dagrun for example_task_group to 2026-03-03 00:00:00+00:00, run_after=2026-03-04 00:00:00+00:00
[2026-03-04T08:10:34.390+0000] {processor.py:183} INFO - Processing /home/airflow/.local/lib/python3.12/site-packages/airflow/example_dags/example_task_group.py took 0.036 seconds
[2026-03-04T08:11:05.040+0000] {processor.py:161} INFO - Started process (PID=7117) to work on /home/airflow/.local/lib/python3.12/site-packages/airflow/example_dags/example_task_group.py
[2026-03-04T08:11:05.041+0000] {processor.py:830} INFO - Processing file /home/airflow/.local/lib/python3.12/site-packages/airflow/example_dags/example_task_group.py for tasks to queue
[2026-03-04T08:11:05.043+0000] {logging_mixin.py:188} INFO - [2026-03-04T08:11:05.042+0000] {dagbag.py:545} INFO - Filling up the DagBag from /home/airflow/.local/lib/python3.12/site-packages/airflow/example_dags/example_task_group.py
[2026-03-04T08:11:05.048+0000] {processor.py:840} INFO - DAG(s) 'example_task_group' retrieved from /home/airflow/.local/lib/python3.12/site-packages/airflow/example_dags/example_task_group.py
[2026-03-04T08:11:05.061+0000] {logging_mixin.py:188} INFO - [2026-03-04T08:11:05.061+0000] {dag.py:3089} INFO - Sync 1 DAGs
[2026-03-04T08:11:05.072+0000] {logging_mixin.py:188} INFO - [2026-03-04T08:11:05.072+0000] {dag.py:3947} INFO - Setting next_dagrun for example_task_group to 2026-03-03 00:00:00+00:00, run_after=2026-03-04 00:00:00+00:00
[2026-03-04T08:11:05.083+0000] {processor.py:183} INFO - Processing /home/airflow/.local/lib/python3.12/site-packages/airflow/example_dags/example_task_group.py took 0.047 seconds
[2026-03-04T08:11:35.651+0000] {processor.py:161} INFO - Started process (PID=7379) to work on /home/airflow/.local/lib/python3.12/site-packages/airflow/example_dags/example_task_group.py
[2026-03-04T08:11:35.651+0000] {processor.py:830} INFO - Processing file /home/airflow/.local/lib/python3.12/site-packages/airflow/example_dags/example_task_group.py for tasks to queue
[2026-03-04T08:11:35.652+0000] {logging_mixin.py:188} INFO - [2026-03-04T08:11:35.652+0000] {dagbag.py:545} INFO - Filling up the DagBag from /home/airflow/.local/lib/python3.12/site-packages/airflow/example_dags/example_task_group.py
[2026-03-04T08:11:35.655+0000] {processor.py:840} INFO - DAG(s) 'example_task_group' retrieved from /home/airflow/.local/lib/python3.12/site-packages/airflow/example_dags/example_task_group.py
[2026-03-04T08:11:35.670+0000] {logging_mixin.py:188} INFO - [2026-03-04T08:11:35.670+0000] {dag.py:3089} INFO - Sync 1 DAGs
[2026-03-04T08:11:35.678+0000] {logging_mixin.py:188} INFO - [2026-03-04T08:11:35.678+0000] {dag.py:3947} INFO - Setting next_dagrun for example_task_group to 2026-03-03 00:00:00+00:00, run_after=2026-03-04 00:00:00+00:00
[2026-03-04T08:11:35.686+0000] {processor.py:183} INFO - Processing /home/airflow/.local/lib/python3.12/site-packages/airflow/example_dags/example_task_group.py took 0.038 seconds
[2026-03-04T08:12:06.158+0000] {processor.py:161} INFO - Started process (PID=7641) to work on /home/airflow/.local/lib/python3.12/site-packages/airflow/example_dags/example_task_group.py
[2026-03-04T08:12:06.158+0000] {processor.py:830} INFO - Processing file /home/airflow/.local/lib/python3.12/site-packages/airflow/example_dags/example_task_group.py for tasks to queue
[2026-03-04T08:12:06.160+0000] {logging_mixin.py:188} INFO - [2026-03-04T08:12:06.160+0000] {dagbag.py:545} INFO - Filling up the DagBag from /home/airflow/.local/lib/python3.12/site-packages/airflow/example_dags/example_task_group.py
[2026-03-04T08:12:06.162+0000] {processor.py:840} INFO - DAG(s) 'example_task_group' retrieved from /home/airflow/.local/lib/python3.12/site-packages/airflow/example_dags/example_task_group.py
[2026-03-04T08:12:06.174+0000] {logging_mixin.py:188} INFO - [2026-03-04T08:12:06.174+0000] {dag.py:3089} INFO - Sync 1 DAGs
[2026-03-04T08:12:06.183+0000] {logging_mixin.py:188} INFO - [2026-03-04T08:12:06.182+0000] {dag.py:3947} INFO - Setting next_dagrun for example_task_group to 2026-03-03 00:00:00+00:00, run_after=2026-03-04 00:00:00+00:00
[2026-03-04T08:12:06.191+0000] {processor.py:183} INFO - Processing /home/airflow/.local/lib/python3.12/site-packages/airflow/example_dags/example_task_group.py took 0.036 seconds
[2026-03-04T08:12:36.735+0000] {processor.py:161} INFO - Started process (PID=7903) to work on /home/airflow/.local/lib/python3.12/site-packages/airflow/example_dags/example_task_group.py
[2026-03-04T08:12:36.736+0000] {processor.py:830} INFO - Processing file /home/airflow/.local/lib/python3.12/site-packages/airflow/example_dags/example_task_group.py for tasks to queue
[2026-03-04T08:12:36.736+0000] {logging_mixin.py:188} INFO - [2026-03-04T08:12:36.736+0000] {dagbag.py:545} INFO - Filling up the DagBag from /home/airflow/.local/lib/python3.12/site-packages/airflow/example_dags/example_task_group.py
[2026-03-04T08:12:36.739+0000] {processor.py:840} INFO - DAG(s) 'example_task_group' retrieved from /home/airflow/.local/lib/python3.12/site-packages/airflow/example_dags/example_task_group.py
[2026-03-04T08:12:36.749+0000] {logging_mixin.py:188} INFO - [2026-03-04T08:12:36.749+0000] {dag.py:3089} INFO - Sync 1 DAGs
[2026-03-04T08:12:36.757+0000] {logging_mixin.py:188} INFO - [2026-03-04T08:12:36.757+0000] {dag.py:3947} INFO - Setting next_dagrun for example_task_group to 2026-03-03 00:00:00+00:00, run_after=2026-03-04 00:00:00+00:00
[2026-03-04T08:12:36.764+0000] {processor.py:183} INFO - Processing /home/airflow/.local/lib/python3.12/site-packages/airflow/example_dags/example_task_group.py took 0.030 seconds
[2026-03-04T08:13:07.252+0000] {processor.py:161} INFO - Started process (PID=8165) to work on /home/airflow/.local/lib/python3.12/site-packages/airflow/example_dags/example_task_group.py
[2026-03-04T08:13:07.253+0000] {processor.py:830} INFO - Processing file /home/airflow/.local/lib/python3.12/site-packages/airflow/example_dags/example_task_group.py for tasks to queue
[2026-03-04T08:13:07.256+0000] {logging_mixin.py:188} INFO - [2026-03-04T08:13:07.256+0000] {dagbag.py:545} INFO - Filling up the DagBag from /home/airflow/.local/lib/python3.12/site-packages/airflow/example_dags/example_task_group.py
[2026-03-04T08:13:07.260+0000] {processor.py:840} INFO - DAG(s) 'example_task_group' retrieved from /home/airflow/.local/lib/python3.12/site-packages/airflow/example_dags/example_task_group.py
[2026-03-04T08:13:07.276+0000] {logging_mixin.py:188} INFO - [2026-03-04T08:13:07.275+0000] {dag.py:3089} INFO - Sync 1 DAGs
[2026-03-04T08:13:07.285+0000] {logging_mixin.py:188} INFO - [2026-03-04T08:13:07.285+0000] {dag.py:3947} INFO - Setting next_dagrun for example_task_group to 2026-03-03 00:00:00+00:00, run_after=2026-03-04 00:00:00+00:00
[2026-03-04T08:13:07.292+0000] {processor.py:183} INFO - Processing /home/airflow/.local/lib/python3.12/site-packages/airflow/example_dags/example_task_group.py took 0.042 seconds
[2026-03-04T08:13:37.811+0000] {processor.py:161} INFO - Started process (PID=8427) to work on /home/airflow/.local/lib/python3.12/site-packages/airflow/example_dags/example_task_group.py
[2026-03-04T08:13:37.812+0000] {processor.py:830} INFO - Processing file /home/airflow/.local/lib/python3.12/site-packages/airflow/example_dags/example_task_group.py for tasks to queue
[2026-03-04T08:13:37.813+0000] {logging_mixin.py:188} INFO - [2026-03-04T08:13:37.813+0000] {dagbag.py:545} INFO - Filling up the DagBag from /home/airflow/.local/lib/python3.12/site-packages/airflow/example_dags/example_task_group.py
[2026-03-04T08:13:37.816+0000] {processor.py:840} INFO - DAG(s) 'example_task_group' retrieved from /home/airflow/.local/lib/python3.12/site-packages/airflow/example_dags/example_task_group.py
[2026-03-04T08:13:37.831+0000] {logging_mixin.py:188} INFO - [2026-03-04T08:13:37.830+0000] {dag.py:3089} INFO - Sync 1 DAGs
[2026-03-04T08:13:37.839+0000] {logging_mixin.py:188} INFO - [2026-03-04T08:13:37.838+0000] {dag.py:3947} INFO - Setting next_dagrun for example_task_group to 2026-03-03 00:00:00+00:00, run_after=2026-03-04 00:00:00+00:00
[2026-03-04T08:13:37.846+0000] {processor.py:183} INFO - Processing /home/airflow/.local/lib/python3.12/site-packages/airflow/example_dags/example_task_group.py took 0.037 seconds
[2026-03-04T08:14:08.345+0000] {processor.py:161} INFO - Started process (PID=8689) to work on /home/airflow/.local/lib/python3.12/site-packages/airflow/example_dags/example_task_group.py
[2026-03-04T08:14:08.346+0000] {processor.py:830} INFO - Processing file /home/airflow/.local/lib/python3.12/site-packages/airflow/example_dags/example_task_group.py for tasks to queue
[2026-03-04T08:14:08.346+0000] {logging_mixin.py:188} INFO - [2026-03-04T08:14:08.346+0000] {dagbag.py:545} INFO - Filling up the DagBag from /home/airflow/.local/lib/python3.12/site-packages/airflow/example_dags/example_task_group.py
[2026-03-04T08:14:08.349+0000] {processor.py:840} INFO - DAG(s) 'example_task_group' retrieved from /home/airflow/.local/lib/python3.12/site-packages/airflow/example_dags/example_task_group.py
[2026-03-04T08:14:08.356+0000] {logging_mixin.py:188} INFO - [2026-03-04T08:14:08.356+0000] {dag.py:3089} INFO - Sync 1 DAGs
[2026-03-04T08:14:08.365+0000] {logging_mixin.py:188} INFO - [2026-03-04T08:14:08.365+0000] {dag.py:3947} INFO - Setting next_dagrun for example_task_group to 2026-03-03 00:00:00+00:00, run_after=2026-03-04 00:00:00+00:00
[2026-03-04T08:14:08.376+0000] {processor.py:183} INFO - Processing /home/airflow/.local/lib/python3.12/site-packages/airflow/example_dags/example_task_group.py took 0.034 seconds
[2026-03-04T08:14:38.906+0000] {processor.py:161} INFO - Started process (PID=8951) to work on /home/airflow/.local/lib/python3.12/site-packages/airflow/example_dags/example_task_group.py
[2026-03-04T08:14:38.906+0000] {processor.py:830} INFO - Processing file /home/airflow/.local/lib/python3.12/site-packages/airflow/example_dags/example_task_group.py for tasks to queue
[2026-03-04T08:14:38.907+0000] {logging_mixin.py:188} INFO - [2026-03-04T08:14:38.907+0000] {dagbag.py:545} INFO - Filling up the DagBag from /home/airflow/.local/lib/python3.12/site-packages/airflow/example_dags/example_task_group.py
[2026-03-04T08:14:38.910+0000] {processor.py:840} INFO - DAG(s) 'example_task_group' retrieved from /home/airflow/.local/lib/python3.12/site-packages/airflow/example_dags/example_task_group.py
[2026-03-04T08:14:38.920+0000] {logging_mixin.py:188} INFO - [2026-03-04T08:14:38.920+0000] {dag.py:3089} INFO - Sync 1 DAGs
[2026-03-04T08:14:38.928+0000] {logging_mixin.py:188} INFO - [2026-03-04T08:14:38.928+0000] {dag.py:3947} INFO - Setting next_dagrun for example_task_group to 2026-03-03 00:00:00+00:00, run_after=2026-03-04 00:00:00+00:00
[2026-03-04T08:14:38.937+0000] {processor.py:183} INFO - Processing /home/airflow/.local/lib/python3.12/site-packages/airflow/example_dags/example_task_group.py took 0.033 seconds
[2026-03-04T08:15:09.364+0000] {processor.py:161} INFO - Started process (PID=9217) to work on /home/airflow/.local/lib/python3.12/site-packages/airflow/example_dags/example_task_group.py
[2026-03-04T08:15:09.365+0000] {processor.py:830} INFO - Processing file /home/airflow/.local/lib/python3.12/site-packages/airflow/example_dags/example_task_group.py for tasks to queue
[2026-03-04T08:15:09.366+0000] {logging_mixin.py:188} INFO - [2026-03-04T08:15:09.365+0000] {dagbag.py:545} INFO - Filling up the DagBag from /home/airflow/.local/lib/python3.12/site-packages/airflow/example_dags/example_task_group.py
[2026-03-04T08:15:09.368+0000] {processor.py:840} INFO - DAG(s) 'example_task_group' retrieved from /home/airflow/.local/lib/python3.12/site-packages/airflow/example_dags/example_task_group.py
[2026-03-04T08:15:09.393+0000] {logging_mixin.py:188} INFO - [2026-03-04T08:15:09.393+0000] {dag.py:3089} INFO - Sync 1 DAGs
[2026-03-04T08:15:09.406+0000] {logging_mixin.py:188} INFO - [2026-03-04T08:15:09.406+0000] {dag.py:3947} INFO - Setting next_dagrun for example_task_group to 2026-03-03 00:00:00+00:00, run_after=2026-03-04 00:00:00+00:00
[2026-03-04T08:15:09.419+0000] {processor.py:183} INFO - Processing /home/airflow/.local/lib/python3.12/site-packages/airflow/example_dags/example_task_group.py took 0.057 seconds
[2026-03-04T08:15:40.017+0000] {processor.py:161} INFO - Started process (PID=9485) to work on /home/airflow/.local/lib/python3.12/site-packages/airflow/example_dags/example_task_group.py
[2026-03-04T08:15:40.017+0000] {processor.py:830} INFO - Processing file /home/airflow/.local/lib/python3.12/site-packages/airflow/example_dags/example_task_group.py for tasks to queue
[2026-03-04T08:15:40.018+0000] {logging_mixin.py:188} INFO - [2026-03-04T08:15:40.018+0000] {dagbag.py:545} INFO - Filling up the DagBag from /home/airflow/.local/lib/python3.12/site-packages/airflow/example_dags/example_task_group.py
[2026-03-04T08:15:40.020+0000] {processor.py:840} INFO - DAG(s) 'example_task_group' retrieved from /home/airflow/.local/lib/python3.12/site-packages/airflow/example_dags/example_task_group.py
[2026-03-04T08:15:40.031+0000] {logging_mixin.py:188} INFO - [2026-03-04T08:15:40.031+0000] {dag.py:3089} INFO - Sync 1 DAGs
[2026-03-04T08:15:40.041+0000] {logging_mixin.py:188} INFO - [2026-03-04T08:15:40.041+0000] {dag.py:3947} INFO - Setting next_dagrun for example_task_group to 2026-03-03 00:00:00+00:00, run_after=2026-03-04 00:00:00+00:00
[2026-03-04T08:15:40.052+0000] {processor.py:183} INFO - Processing /home/airflow/.local/lib/python3.12/site-packages/airflow/example_dags/example_task_group.py took 0.037 seconds
[2026-03-04T08:16:10.619+0000] {processor.py:161} INFO - Started process (PID=9745) to work on /home/airflow/.local/lib/python3.12/site-packages/airflow/example_dags/example_task_group.py
[2026-03-04T08:16:10.620+0000] {processor.py:830} INFO - Processing file /home/airflow/.local/lib/python3.12/site-packages/airflow/example_dags/example_task_group.py for tasks to queue
[2026-03-04T08:16:10.621+0000] {logging_mixin.py:188} INFO - [2026-03-04T08:16:10.621+0000] {dagbag.py:545} INFO - Filling up the DagBag from /home/airflow/.local/lib/python3.12/site-packages/airflow/example_dags/example_task_group.py
[2026-03-04T08:16:10.624+0000] {processor.py:840} INFO - DAG(s) 'example_task_group' retrieved from /home/airflow/.local/lib/python3.12/site-packages/airflow/example_dags/example_task_group.py
[2026-03-04T08:16:10.635+0000] {logging_mixin.py:188} INFO - [2026-03-04T08:16:10.635+0000] {dag.py:3089} INFO - Sync 1 DAGs
[2026-03-04T08:16:10.642+0000] {logging_mixin.py:188} INFO - [2026-03-04T08:16:10.642+0000] {dag.py:3947} INFO - Setting next_dagrun for example_task_group to 2026-03-03 00:00:00+00:00, run_after=2026-03-04 00:00:00+00:00
[2026-03-04T08:16:10.651+0000] {processor.py:183} INFO - Processing /home/airflow/.local/lib/python3.12/site-packages/airflow/example_dags/example_task_group.py took 0.033 seconds
[2026-03-04T08:16:41.256+0000] {processor.py:161} INFO - Started process (PID=10007) to work on /home/airflow/.local/lib/python3.12/site-packages/airflow/example_dags/example_task_group.py
[2026-03-04T08:16:41.257+0000] {processor.py:830} INFO - Processing file /home/airflow/.local/lib/python3.12/site-packages/airflow/example_dags/example_task_group.py for tasks to queue
[2026-03-04T08:16:41.258+0000] {logging_mixin.py:188} INFO - [2026-03-04T08:16:41.258+0000] {dagbag.py:545} INFO - Filling up the DagBag from /home/airflow/.local/lib/python3.12/site-packages/airflow/example_dags/example_task_group.py
[2026-03-04T08:16:41.261+0000] {processor.py:840} INFO - DAG(s) 'example_task_group' retrieved from /home/airflow/.local/lib/python3.12/site-packages/airflow/example_dags/example_task_group.py
[2026-03-04T08:16:41.273+0000] {logging_mixin.py:188} INFO - [2026-03-04T08:16:41.273+0000] {dag.py:3089} INFO - Sync 1 DAGs
[2026-03-04T08:16:41.279+0000] {logging_mixin.py:188} INFO - [2026-03-04T08:16:41.279+0000] {dag.py:3947} INFO - Setting next_dagrun for example_task_group to 2026-03-03 00:00:00+00:00, run_after=2026-03-04 00:00:00+00:00
[2026-03-04T08:16:41.287+0000] {processor.py:183} INFO - Processing /home/airflow/.local/lib/python3.12/site-packages/airflow/example_dags/example_task_group.py took 0.033 seconds
[2026-03-04T08:17:12.320+0000] {processor.py:161} INFO - Started process (PID=10271) to work on /home/airflow/.local/lib/python3.12/site-packages/airflow/example_dags/example_task_group.py
[2026-03-04T08:17:12.321+0000] {processor.py:830} INFO - Processing file /home/airflow/.local/lib/python3.12/site-packages/airflow/example_dags/example_task_group.py for tasks to queue
[2026-03-04T08:17:12.321+0000] {logging_mixin.py:188} INFO - [2026-03-04T08:17:12.321+0000] {dagbag.py:545} INFO - Filling up the DagBag from /home/airflow/.local/lib/python3.12/site-packages/airflow/example_dags/example_task_group.py
[2026-03-04T08:17:12.324+0000] {processor.py:840} INFO - DAG(s) 'example_task_group' retrieved from /home/airflow/.local/lib/python3.12/site-packages/airflow/example_dags/example_task_group.py
[2026-03-04T08:17:12.334+0000] {logging_mixin.py:188} INFO - [2026-03-04T08:17:12.334+0000] {dag.py:3089} INFO - Sync 1 DAGs
[2026-03-04T08:17:12.342+0000] {logging_mixin.py:188} INFO - [2026-03-04T08:17:12.342+0000] {dag.py:3947} INFO - Setting next_dagrun for example_task_group to 2026-03-03 00:00:00+00:00, run_after=2026-03-04 00:00:00+00:00
[2026-03-04T08:17:12.353+0000] {processor.py:183} INFO - Processing /home/airflow/.local/lib/python3.12/site-packages/airflow/example_dags/example_task_group.py took 0.035 seconds
[2026-03-04T08:17:43.239+0000] {processor.py:161} INFO - Started process (PID=10531) to work on /home/airflow/.local/lib/python3.12/site-packages/airflow/example_dags/example_task_group.py
[2026-03-04T08:17:43.241+0000] {processor.py:830} INFO - Processing file /home/airflow/.local/lib/python3.12/site-packages/airflow/example_dags/example_task_group.py for tasks to queue
[2026-03-04T08:17:43.241+0000] {logging_mixin.py:188} INFO - [2026-03-04T08:17:43.241+0000] {dagbag.py:545} INFO - Filling up the DagBag from /home/airflow/.local/lib/python3.12/site-packages/airflow/example_dags/example_task_group.py
[2026-03-04T08:17:43.244+0000] {processor.py:840} INFO - DAG(s) 'example_task_group' retrieved from /home/airflow/.local/lib/python3.12/site-packages/airflow/example_dags/example_task_group.py
[2026-03-04T08:17:43.252+0000] {logging_mixin.py:188} INFO - [2026-03-04T08:17:43.252+0000] {dag.py:3089} INFO - Sync 1 DAGs
[2026-03-04T08:17:43.323+0000] {logging_mixin.py:188} INFO - [2026-03-04T08:17:43.323+0000] {dag.py:3947} INFO - Setting next_dagrun for example_task_group to 2026-03-03 00:00:00+00:00, run_after=2026-03-04 00:00:00+00:00
[2026-03-04T08:17:43.328+0000] {processor.py:183} INFO - Processing /home/airflow/.local/lib/python3.12/site-packages/airflow/example_dags/example_task_group.py took 0.092 seconds
[2026-03-04T08:18:14.366+0000] {processor.py:161} INFO - Started process (PID=10793) to work on /home/airflow/.local/lib/python3.12/site-packages/airflow/example_dags/example_task_group.py
[2026-03-04T08:18:14.368+0000] {processor.py:830} INFO - Processing file /home/airflow/.local/lib/python3.12/site-packages/airflow/example_dags/example_task_group.py for tasks to queue
[2026-03-04T08:18:14.368+0000] {logging_mixin.py:188} INFO - [2026-03-04T08:18:14.368+0000] {dagbag.py:545} INFO - Filling up the DagBag from /home/airflow/.local/lib/python3.12/site-packages/airflow/example_dags/example_task_group.py
[2026-03-04T08:18:14.370+0000] {processor.py:840} INFO - DAG(s) 'example_task_group' retrieved from /home/airflow/.local/lib/python3.12/site-packages/airflow/example_dags/example_task_group.py
[2026-03-04T08:18:14.380+0000] {logging_mixin.py:188} INFO - [2026-03-04T08:18:14.380+0000] {dag.py:3089} INFO - Sync 1 DAGs
[2026-03-04T08:18:14.451+0000] {logging_mixin.py:188} INFO - [2026-03-04T08:18:14.451+0000] {dag.py:3947} INFO - Setting next_dagrun for example_task_group to 2026-03-03 00:00:00+00:00, run_after=2026-03-04 00:00:00+00:00
[2026-03-04T08:18:14.459+0000] {processor.py:183} INFO - Processing /home/airflow/.local/lib/python3.12/site-packages/airflow/example_dags/example_task_group.py took 0.095 seconds
[2026-03-04T08:18:44.791+0000] {processor.py:161} INFO - Started process (PID=11057) to work on /home/airflow/.local/lib/python3.12/site-packages/airflow/example_dags/example_task_group.py
[2026-03-04T08:18:44.792+0000] {processor.py:830} INFO - Processing file /home/airflow/.local/lib/python3.12/site-packages/airflow/example_dags/example_task_group.py for tasks to queue
[2026-03-04T08:18:44.792+0000] {logging_mixin.py:188} INFO - [2026-03-04T08:18:44.792+0000] {dagbag.py:545} INFO - Filling up the DagBag from /home/airflow/.local/lib/python3.12/site-packages/airflow/example_dags/example_task_group.py
[2026-03-04T08:18:44.795+0000] {processor.py:840} INFO - DAG(s) 'example_task_group' retrieved from /home/airflow/.local/lib/python3.12/site-packages/airflow/example_dags/example_task_group.py
[2026-03-04T08:18:44.802+0000] {logging_mixin.py:188} INFO - [2026-03-04T08:18:44.802+0000] {dag.py:3089} INFO - Sync 1 DAGs
[2026-03-04T08:18:44.810+0000] {logging_mixin.py:188} INFO - [2026-03-04T08:18:44.809+0000] {dag.py:3947} INFO - Setting next_dagrun for example_task_group to 2026-03-03 00:00:00+00:00, run_after=2026-03-04 00:00:00+00:00
[2026-03-04T08:18:44.822+0000] {processor.py:183} INFO - Processing /home/airflow/.local/lib/python3.12/site-packages/airflow/example_dags/example_task_group.py took 0.032 seconds
[2026-03-04T08:19:15.417+0000] {processor.py:161} INFO - Started process (PID=11319) to work on /home/airflow/.local/lib/python3.12/site-packages/airflow/example_dags/example_task_group.py
[2026-03-04T08:19:15.417+0000] {processor.py:830} INFO - Processing file /home/airflow/.local/lib/python3.12/site-packages/airflow/example_dags/example_task_group.py for tasks to queue
[2026-03-04T08:19:15.418+0000] {logging_mixin.py:188} INFO - [2026-03-04T08:19:15.417+0000] {dagbag.py:545} INFO - Filling up the DagBag from /home/airflow/.local/lib/python3.12/site-packages/airflow/example_dags/example_task_group.py
[2026-03-04T08:19:15.420+0000] {processor.py:840} INFO - DAG(s) 'example_task_group' retrieved from /home/airflow/.local/lib/python3.12/site-packages/airflow/example_dags/example_task_group.py
[2026-03-04T08:19:15.427+0000] {logging_mixin.py:188} INFO - [2026-03-04T08:19:15.427+0000] {dag.py:3089} INFO - Sync 1 DAGs
[2026-03-04T08:19:15.434+0000] {logging_mixin.py:188} INFO - [2026-03-04T08:19:15.434+0000] {dag.py:3947} INFO - Setting next_dagrun for example_task_group to 2026-03-03 00:00:00+00:00, run_after=2026-03-04 00:00:00+00:00
[2026-03-04T08:19:15.439+0000] {processor.py:183} INFO - Processing /home/airflow/.local/lib/python3.12/site-packages/airflow/example_dags/example_task_group.py took 0.025 seconds
[2026-03-04T08:19:45.958+0000] {processor.py:161} INFO - Started process (PID=11579) to work on /home/airflow/.local/lib/python3.12/site-packages/airflow/example_dags/example_task_group.py
[2026-03-04T08:19:45.959+0000] {processor.py:830} INFO - Processing file /home/airflow/.local/lib/python3.12/site-packages/airflow/example_dags/example_task_group.py for tasks to queue
[2026-03-04T08:19:45.960+0000] {logging_mixin.py:188} INFO - [2026-03-04T08:19:45.959+0000] {dagbag.py:545} INFO - Filling up the DagBag from /home/airflow/.local/lib/python3.12/site-packages/airflow/example_dags/example_task_group.py
[2026-03-04T08:19:45.962+0000] {processor.py:840} INFO - DAG(s) 'example_task_group' retrieved from /home/airflow/.local/lib/python3.12/site-packages/airflow/example_dags/example_task_group.py
[2026-03-04T08:19:45.971+0000] {logging_mixin.py:188} INFO - [2026-03-04T08:19:45.971+0000] {dag.py:3089} INFO - Sync 1 DAGs
[2026-03-04T08:19:45.979+0000] {logging_mixin.py:188} INFO - [2026-03-04T08:19:45.979+0000] {dag.py:3947} INFO - Setting next_dagrun for example_task_group to 2026-03-03 00:00:00+00:00, run_after=2026-03-04 00:00:00+00:00
[2026-03-04T08:19:45.988+0000] {processor.py:183} INFO - Processing /home/airflow/.local/lib/python3.12/site-packages/airflow/example_dags/example_task_group.py took 0.032 seconds
[2026-03-04T08:20:16.542+0000] {processor.py:161} INFO - Started process (PID=11841) to work on /home/airflow/.local/lib/python3.12/site-packages/airflow/example_dags/example_task_group.py
[2026-03-04T08:20:16.543+0000] {processor.py:830} INFO - Processing file /home/airflow/.local/lib/python3.12/site-packages/airflow/example_dags/example_task_group.py for tasks to queue
[2026-03-04T08:20:16.543+0000] {logging_mixin.py:188} INFO - [2026-03-04T08:20:16.543+0000] {dagbag.py:545} INFO - Filling up the DagBag from /home/airflow/.local/lib/python3.12/site-packages/airflow/example_dags/example_task_group.py
[2026-03-04T08:20:16.546+0000] {processor.py:840} INFO - DAG(s) 'example_task_group' retrieved from /home/airflow/.local/lib/python3.12/site-packages/airflow/example_dags/example_task_group.py
[2026-03-04T08:20:16.555+0000] {logging_mixin.py:188} INFO - [2026-03-04T08:20:16.555+0000] {dag.py:3089} INFO - Sync 1 DAGs
[2026-03-04T08:20:16.562+0000] {logging_mixin.py:188} INFO - [2026-03-04T08:20:16.562+0000] {dag.py:3947} INFO - Setting next_dagrun for example_task_group to 2026-03-03 00:00:00+00:00, run_after=2026-03-04 00:00:00+00:00
[2026-03-04T08:20:16.571+0000] {processor.py:183} INFO - Processing /home/airflow/.local/lib/python3.12/site-packages/airflow/example_dags/example_task_group.py took 0.031 seconds
[2026-03-04T08:37:21.091+0000] {processor.py:161} INFO - Started process (PID=12103) to work on /home/airflow/.local/lib/python3.12/site-packages/airflow/example_dags/example_task_group.py
[2026-03-04T08:37:21.091+0000] {processor.py:830} INFO - Processing file /home/airflow/.local/lib/python3.12/site-packages/airflow/example_dags/example_task_group.py for tasks to queue
[2026-03-04T08:37:21.092+0000] {logging_mixin.py:188} INFO - [2026-03-04T08:37:21.092+0000] {dagbag.py:545} INFO - Filling up the DagBag from /home/airflow/.local/lib/python3.12/site-packages/airflow/example_dags/example_task_group.py
[2026-03-04T08:37:21.095+0000] {processor.py:840} INFO - DAG(s) 'example_task_group' retrieved from /home/airflow/.local/lib/python3.12/site-packages/airflow/example_dags/example_task_group.py
[2026-03-04T08:37:21.104+0000] {logging_mixin.py:188} INFO - [2026-03-04T08:37:21.104+0000] {dag.py:3089} INFO - Sync 1 DAGs
[2026-03-04T08:37:21.111+0000] {logging_mixin.py:188} INFO - [2026-03-04T08:37:21.111+0000] {dag.py:3947} INFO - Setting next_dagrun for example_task_group to 2026-03-03 00:00:00+00:00, run_after=2026-03-04 00:00:00+00:00
[2026-03-04T08:37:21.119+0000] {processor.py:183} INFO - Processing /home/airflow/.local/lib/python3.12/site-packages/airflow/example_dags/example_task_group.py took 0.031 seconds
[2026-03-04T08:46:11.585+0000] {processor.py:161} INFO - Started process (PID=12367) to work on /home/airflow/.local/lib/python3.12/site-packages/airflow/example_dags/example_task_group.py
[2026-03-04T08:46:11.586+0000] {processor.py:830} INFO - Processing file /home/airflow/.local/lib/python3.12/site-packages/airflow/example_dags/example_task_group.py for tasks to queue
[2026-03-04T08:46:11.587+0000] {logging_mixin.py:188} INFO - [2026-03-04T08:46:11.586+0000] {dagbag.py:545} INFO - Filling up the DagBag from /home/airflow/.local/lib/python3.12/site-packages/airflow/example_dags/example_task_group.py
[2026-03-04T08:46:11.589+0000] {processor.py:840} INFO - DAG(s) 'example_task_group' retrieved from /home/airflow/.local/lib/python3.12/site-packages/airflow/example_dags/example_task_group.py
[2026-03-04T08:46:11.597+0000] {logging_mixin.py:188} INFO - [2026-03-04T08:46:11.597+0000] {dag.py:3089} INFO - Sync 1 DAGs
[2026-03-04T08:46:11.604+0000] {logging_mixin.py:188} INFO - [2026-03-04T08:46:11.604+0000] {dag.py:3947} INFO - Setting next_dagrun for example_task_group to 2026-03-03 00:00:00+00:00, run_after=2026-03-04 00:00:00+00:00
[2026-03-04T08:46:11.615+0000] {processor.py:183} INFO - Processing /home/airflow/.local/lib/python3.12/site-packages/airflow/example_dags/example_task_group.py took 0.032 seconds
[2026-03-04T08:46:42.208+0000] {processor.py:161} INFO - Started process (PID=12627) to work on /home/airflow/.local/lib/python3.12/site-packages/airflow/example_dags/example_task_group.py
[2026-03-04T08:46:42.210+0000] {processor.py:830} INFO - Processing file /home/airflow/.local/lib/python3.12/site-packages/airflow/example_dags/example_task_group.py for tasks to queue
[2026-03-04T08:46:42.211+0000] {logging_mixin.py:188} INFO - [2026-03-04T08:46:42.211+0000] {dagbag.py:545} INFO - Filling up the DagBag from /home/airflow/.local/lib/python3.12/site-packages/airflow/example_dags/example_task_group.py
[2026-03-04T08:46:42.214+0000] {processor.py:840} INFO - DAG(s) 'example_task_group' retrieved from /home/airflow/.local/lib/python3.12/site-packages/airflow/example_dags/example_task_group.py
[2026-03-04T08:46:42.225+0000] {logging_mixin.py:188} INFO - [2026-03-04T08:46:42.225+0000] {dag.py:3089} INFO - Sync 1 DAGs
[2026-03-04T08:46:42.233+0000] {logging_mixin.py:188} INFO - [2026-03-04T08:46:42.233+0000] {dag.py:3947} INFO - Setting next_dagrun for example_task_group to 2026-03-03 00:00:00+00:00, run_after=2026-03-04 00:00:00+00:00
[2026-03-04T08:46:42.242+0000] {processor.py:183} INFO - Processing /home/airflow/.local/lib/python3.12/site-packages/airflow/example_dags/example_task_group.py took 0.037 seconds
[2026-03-04T08:47:12.741+0000] {processor.py:161} INFO - Started process (PID=12889) to work on /home/airflow/.local/lib/python3.12/site-packages/airflow/example_dags/example_task_group.py
[2026-03-04T08:47:12.741+0000] {processor.py:830} INFO - Processing file /home/airflow/.local/lib/python3.12/site-packages/airflow/example_dags/example_task_group.py for tasks to queue
[2026-03-04T08:47:12.742+0000] {logging_mixin.py:188} INFO - [2026-03-04T08:47:12.742+0000] {dagbag.py:545} INFO - Filling up the DagBag from /home/airflow/.local/lib/python3.12/site-packages/airflow/example_dags/example_task_group.py
[2026-03-04T08:47:12.745+0000] {processor.py:840} INFO - DAG(s) 'example_task_group' retrieved from /home/airflow/.local/lib/python3.12/site-packages/airflow/example_dags/example_task_group.py
[2026-03-04T08:47:12.753+0000] {logging_mixin.py:188} INFO - [2026-03-04T08:47:12.752+0000] {dag.py:3089} INFO - Sync 1 DAGs
[2026-03-04T08:47:12.760+0000] {logging_mixin.py:188} INFO - [2026-03-04T08:47:12.760+0000] {dag.py:3947} INFO - Setting next_dagrun for example_task_group to 2026-03-03 00:00:00+00:00, run_after=2026-03-04 00:00:00+00:00
[2026-03-04T08:47:12.769+0000] {processor.py:183} INFO - Processing /home/airflow/.local/lib/python3.12/site-packages/airflow/example_dags/example_task_group.py took 0.031 seconds
[2026-03-04T08:47:43.243+0000] {processor.py:161} INFO - Started process (PID=13151) to work on /home/airflow/.local/lib/python3.12/site-packages/airflow/example_dags/example_task_group.py
[2026-03-04T08:47:43.243+0000] {processor.py:830} INFO - Processing file /home/airflow/.local/lib/python3.12/site-packages/airflow/example_dags/example_task_group.py for tasks to queue
[2026-03-04T08:47:43.246+0000] {logging_mixin.py:188} INFO - [2026-03-04T08:47:43.246+0000] {dagbag.py:545} INFO - Filling up the DagBag from /home/airflow/.local/lib/python3.12/site-packages/airflow/example_dags/example_task_group.py
[2026-03-04T08:47:43.249+0000] {processor.py:840} INFO - DAG(s) 'example_task_group' retrieved from /home/airflow/.local/lib/python3.12/site-packages/airflow/example_dags/example_task_group.py
[2026-03-04T08:47:43.262+0000] {logging_mixin.py:188} INFO - [2026-03-04T08:47:43.262+0000] {dag.py:3089} INFO - Sync 1 DAGs
[2026-03-04T08:47:43.274+0000] {logging_mixin.py:188} INFO - [2026-03-04T08:47:43.274+0000] {dag.py:3947} INFO - Setting next_dagrun for example_task_group to 2026-03-03 00:00:00+00:00, run_after=2026-03-04 00:00:00+00:00
[2026-03-04T08:47:43.281+0000] {processor.py:183} INFO - Processing /home/airflow/.local/lib/python3.12/site-packages/airflow/example_dags/example_task_group.py took 0.041 seconds
[2026-03-04T08:48:13.744+0000] {processor.py:161} INFO - Started process (PID=13413) to work on /home/airflow/.local/lib/python3.12/site-packages/airflow/example_dags/example_task_group.py
[2026-03-04T08:48:13.745+0000] {processor.py:830} INFO - Processing file /home/airflow/.local/lib/python3.12/site-packages/airflow/example_dags/example_task_group.py for tasks to queue
[2026-03-04T08:48:13.745+0000] {logging_mixin.py:188} INFO - [2026-03-04T08:48:13.745+0000] {dagbag.py:545} INFO - Filling up the DagBag from /home/airflow/.local/lib/python3.12/site-packages/airflow/example_dags/example_task_group.py
[2026-03-04T08:48:13.749+0000] {processor.py:840} INFO - DAG(s) 'example_task_group' retrieved from /home/airflow/.local/lib/python3.12/site-packages/airflow/example_dags/example_task_group.py
[2026-03-04T08:48:13.760+0000] {logging_mixin.py:188} INFO - [2026-03-04T08:48:13.759+0000] {dag.py:3089} INFO - Sync 1 DAGs
[2026-03-04T08:48:13.768+0000] {logging_mixin.py:188} INFO - [2026-03-04T08:48:13.768+0000] {dag.py:3947} INFO - Setting next_dagrun for example_task_group to 2026-03-03 00:00:00+00:00, run_after=2026-03-04 00:00:00+00:00
[2026-03-04T08:48:13.776+0000] {processor.py:183} INFO - Processing /home/airflow/.local/lib/python3.12/site-packages/airflow/example_dags/example_task_group.py took 0.035 seconds
[2026-03-04T08:48:44.332+0000] {processor.py:161} INFO - Started process (PID=13675) to work on /home/airflow/.local/lib/python3.12/site-packages/airflow/example_dags/example_task_group.py
[2026-03-04T08:48:44.333+0000] {processor.py:830} INFO - Processing file /home/airflow/.local/lib/python3.12/site-packages/airflow/example_dags/example_task_group.py for tasks to queue
[2026-03-04T08:48:44.333+0000] {logging_mixin.py:188} INFO - [2026-03-04T08:48:44.333+0000] {dagbag.py:545} INFO - Filling up the DagBag from /home/airflow/.local/lib/python3.12/site-packages/airflow/example_dags/example_task_group.py
[2026-03-04T08:48:44.336+0000] {processor.py:840} INFO - DAG(s) 'example_task_group' retrieved from /home/airflow/.local/lib/python3.12/site-packages/airflow/example_dags/example_task_group.py
[2026-03-04T08:48:44.348+0000] {logging_mixin.py:188} INFO - [2026-03-04T08:48:44.348+0000] {dag.py:3089} INFO - Sync 1 DAGs
[2026-03-04T08:48:44.360+0000] {logging_mixin.py:188} INFO - [2026-03-04T08:48:44.360+0000] {dag.py:3947} INFO - Setting next_dagrun for example_task_group to 2026-03-03 00:00:00+00:00, run_after=2026-03-04 00:00:00+00:00
[2026-03-04T08:48:44.369+0000] {processor.py:183} INFO - Processing /home/airflow/.local/lib/python3.12/site-packages/airflow/example_dags/example_task_group.py took 0.039 seconds
[2026-03-04T08:49:14.930+0000] {processor.py:161} INFO - Started process (PID=13939) to work on /home/airflow/.local/lib/python3.12/site-packages/airflow/example_dags/example_task_group.py
[2026-03-04T08:49:14.931+0000] {processor.py:830} INFO - Processing file /home/airflow/.local/lib/python3.12/site-packages/airflow/example_dags/example_task_group.py for tasks to queue
[2026-03-04T08:49:14.932+0000] {logging_mixin.py:188} INFO - [2026-03-04T08:49:14.931+0000] {dagbag.py:545} INFO - Filling up the DagBag from /home/airflow/.local/lib/python3.12/site-packages/airflow/example_dags/example_task_group.py
[2026-03-04T08:49:14.934+0000] {processor.py:840} INFO - DAG(s) 'example_task_group' retrieved from /home/airflow/.local/lib/python3.12/site-packages/airflow/example_dags/example_task_group.py
[2026-03-04T08:49:14.941+0000] {logging_mixin.py:188} INFO - [2026-03-04T08:49:14.940+0000] {dag.py:3089} INFO - Sync 1 DAGs
[2026-03-04T08:49:14.947+0000] {logging_mixin.py:188} INFO - [2026-03-04T08:49:14.947+0000] {dag.py:3947} INFO - Setting next_dagrun for example_task_group to 2026-03-03 00:00:00+00:00, run_after=2026-03-04 00:00:00+00:00
[2026-03-04T08:49:14.952+0000] {processor.py:183} INFO - Processing /home/airflow/.local/lib/python3.12/site-packages/airflow/example_dags/example_task_group.py took 0.024 seconds
[2026-03-04T08:49:45.503+0000] {processor.py:161} INFO - Started process (PID=14200) to work on /home/airflow/.local/lib/python3.12/site-packages/airflow/example_dags/example_task_group.py
[2026-03-04T08:49:45.503+0000] {processor.py:830} INFO - Processing file /home/airflow/.local/lib/python3.12/site-packages/airflow/example_dags/example_task_group.py for tasks to queue
[2026-03-04T08:49:45.504+0000] {logging_mixin.py:188} INFO - [2026-03-04T08:49:45.504+0000] {dagbag.py:545} INFO - Filling up the DagBag from /home/airflow/.local/lib/python3.12/site-packages/airflow/example_dags/example_task_group.py
[2026-03-04T08:49:45.506+0000] {processor.py:840} INFO - DAG(s) 'example_task_group' retrieved from /home/airflow/.local/lib/python3.12/site-packages/airflow/example_dags/example_task_group.py
[2026-03-04T08:49:45.515+0000] {logging_mixin.py:188} INFO - [2026-03-04T08:49:45.515+0000] {dag.py:3089} INFO - Sync 1 DAGs
[2026-03-04T08:49:45.523+0000] {logging_mixin.py:188} INFO - [2026-03-04T08:49:45.523+0000] {dag.py:3947} INFO - Setting next_dagrun for example_task_group to 2026-03-03 00:00:00+00:00, run_after=2026-03-04 00:00:00+00:00
[2026-03-04T08:49:45.534+0000] {processor.py:183} INFO - Processing /home/airflow/.local/lib/python3.12/site-packages/airflow/example_dags/example_task_group.py took 0.033 seconds
[2026-03-04T08:50:16.008+0000] {processor.py:161} INFO - Started process (PID=14461) to work on /home/airflow/.local/lib/python3.12/site-packages/airflow/example_dags/example_task_group.py
[2026-03-04T08:50:16.009+0000] {processor.py:830} INFO - Processing file /home/airflow/.local/lib/python3.12/site-packages/airflow/example_dags/example_task_group.py for tasks to queue
[2026-03-04T08:50:16.010+0000] {logging_mixin.py:188} INFO - [2026-03-04T08:50:16.010+0000] {dagbag.py:545} INFO - Filling up the DagBag from /home/airflow/.local/lib/python3.12/site-packages/airflow/example_dags/example_task_group.py
[2026-03-04T08:50:16.013+0000] {processor.py:840} INFO - DAG(s) 'example_task_group' retrieved from /home/airflow/.local/lib/python3.12/site-packages/airflow/example_dags/example_task_group.py
[2026-03-04T08:50:16.027+0000] {logging_mixin.py:188} INFO - [2026-03-04T08:50:16.027+0000] {dag.py:3089} INFO - Sync 1 DAGs
[2026-03-04T08:50:16.035+0000] {logging_mixin.py:188} INFO - [2026-03-04T08:50:16.035+0000] {dag.py:3947} INFO - Setting next_dagrun for example_task_group to 2026-03-03 00:00:00+00:00, run_after=2026-03-04 00:00:00+00:00
[2026-03-04T08:50:16.041+0000] {processor.py:183} INFO - Processing /home/airflow/.local/lib/python3.12/site-packages/airflow/example_dags/example_task_group.py took 0.035 seconds
[2026-03-04T08:50:46.608+0000] {processor.py:161} INFO - Started process (PID=14725) to work on /home/airflow/.local/lib/python3.12/site-packages/airflow/example_dags/example_task_group.py
[2026-03-04T08:50:46.609+0000] {processor.py:830} INFO - Processing file /home/airflow/.local/lib/python3.12/site-packages/airflow/example_dags/example_task_group.py for tasks to queue
[2026-03-04T08:50:46.609+0000] {logging_mixin.py:188} INFO - [2026-03-04T08:50:46.609+0000] {dagbag.py:545} INFO - Filling up the DagBag from /home/airflow/.local/lib/python3.12/site-packages/airflow/example_dags/example_task_group.py
[2026-03-04T08:50:46.612+0000] {processor.py:840} INFO - DAG(s) 'example_task_group' retrieved from /home/airflow/.local/lib/python3.12/site-packages/airflow/example_dags/example_task_group.py
[2026-03-04T08:50:46.619+0000] {logging_mixin.py:188} INFO - [2026-03-04T08:50:46.619+0000] {dag.py:3089} INFO - Sync 1 DAGs
[2026-03-04T08:50:46.625+0000] {logging_mixin.py:188} INFO - [2026-03-04T08:50:46.625+0000] {dag.py:3947} INFO - Setting next_dagrun for example_task_group to 2026-03-03 00:00:00+00:00, run_after=2026-03-04 00:00:00+00:00
[2026-03-04T08:50:46.630+0000] {processor.py:183} INFO - Processing /home/airflow/.local/lib/python3.12/site-packages/airflow/example_dags/example_task_group.py took 0.024 seconds
