[2026-03-04T07:57:49.598+0000] {processor.py:161} INFO - Started process (PID=222) to work on /home/airflow/.local/lib/python3.12/site-packages/airflow/example_dags/example_branch_operator.py
[2026-03-04T07:57:49.599+0000] {processor.py:830} INFO - Processing file /home/airflow/.local/lib/python3.12/site-packages/airflow/example_dags/example_branch_operator.py for tasks to queue
[2026-03-04T07:57:49.602+0000] {logging_mixin.py:188} INFO - [2026-03-04T07:57:49.601+0000] {dagbag.py:545} INFO - Filling up the DagBag from /home/airflow/.local/lib/python3.12/site-packages/airflow/example_dags/example_branch_operator.py
[2026-03-04T07:57:49.616+0000] {processor.py:840} INFO - DAG(s) 'example_branch_operator' retrieved from /home/airflow/.local/lib/python3.12/site-packages/airflow/example_dags/example_branch_operator.py
[2026-03-04T07:57:49.666+0000] {logging_mixin.py:188} INFO - [2026-03-04T07:57:49.665+0000] {override.py:1858} INFO - Created Permission View: can delete on DAG:example_branch_operator
[2026-03-04T07:57:49.669+0000] {logging_mixin.py:188} INFO - [2026-03-04T07:57:49.669+0000] {override.py:1858} INFO - Created Permission View: can read on DAG:example_branch_operator
[2026-03-04T07:57:49.670+0000] {logging_mixin.py:188} INFO - [2026-03-04T07:57:49.670+0000] {override.py:1858} INFO - Created Permission View: can edit on DAG:example_branch_operator
[2026-03-04T07:57:49.670+0000] {logging_mixin.py:188} INFO - [2026-03-04T07:57:49.670+0000] {dag.py:3089} INFO - Sync 1 DAGs
[2026-03-04T07:57:49.674+0000] {logging_mixin.py:188} INFO - [2026-03-04T07:57:49.674+0000] {dag.py:3111} INFO - Creating ORM DAG for example_branch_operator
[2026-03-04T07:57:49.678+0000] {logging_mixin.py:188} INFO - [2026-03-04T07:57:49.678+0000] {dag.py:3947} INFO - Setting next_dagrun for example_branch_operator to 2026-03-03 00:00:00+00:00, run_after=2026-03-04 00:00:00+00:00
[2026-03-04T07:57:49.685+0000] {processor.py:183} INFO - Processing /home/airflow/.local/lib/python3.12/site-packages/airflow/example_dags/example_branch_operator.py took 0.090 seconds
[2026-03-04T07:58:20.242+0000] {processor.py:161} INFO - Started process (PID=486) to work on /home/airflow/.local/lib/python3.12/site-packages/airflow/example_dags/example_branch_operator.py
[2026-03-04T07:58:20.242+0000] {processor.py:830} INFO - Processing file /home/airflow/.local/lib/python3.12/site-packages/airflow/example_dags/example_branch_operator.py for tasks to queue
[2026-03-04T07:58:20.243+0000] {logging_mixin.py:188} INFO - [2026-03-04T07:58:20.243+0000] {dagbag.py:545} INFO - Filling up the DagBag from /home/airflow/.local/lib/python3.12/site-packages/airflow/example_dags/example_branch_operator.py
[2026-03-04T07:58:20.249+0000] {processor.py:840} INFO - DAG(s) 'example_branch_operator' retrieved from /home/airflow/.local/lib/python3.12/site-packages/airflow/example_dags/example_branch_operator.py
[2026-03-04T07:58:20.264+0000] {logging_mixin.py:188} INFO - [2026-03-04T07:58:20.264+0000] {dag.py:3089} INFO - Sync 1 DAGs
[2026-03-04T07:58:20.273+0000] {logging_mixin.py:188} INFO - [2026-03-04T07:58:20.273+0000] {dag.py:3947} INFO - Setting next_dagrun for example_branch_operator to 2026-03-03 00:00:00+00:00, run_after=2026-03-04 00:00:00+00:00
[2026-03-04T07:58:20.282+0000] {processor.py:183} INFO - Processing /home/airflow/.local/lib/python3.12/site-packages/airflow/example_dags/example_branch_operator.py took 0.042 seconds
[2026-03-04T07:58:50.770+0000] {processor.py:161} INFO - Started process (PID=746) to work on /home/airflow/.local/lib/python3.12/site-packages/airflow/example_dags/example_branch_operator.py
[2026-03-04T07:58:50.770+0000] {processor.py:830} INFO - Processing file /home/airflow/.local/lib/python3.12/site-packages/airflow/example_dags/example_branch_operator.py for tasks to queue
[2026-03-04T07:58:50.771+0000] {logging_mixin.py:188} INFO - [2026-03-04T07:58:50.771+0000] {dagbag.py:545} INFO - Filling up the DagBag from /home/airflow/.local/lib/python3.12/site-packages/airflow/example_dags/example_branch_operator.py
[2026-03-04T07:58:50.777+0000] {processor.py:840} INFO - DAG(s) 'example_branch_operator' retrieved from /home/airflow/.local/lib/python3.12/site-packages/airflow/example_dags/example_branch_operator.py
[2026-03-04T07:58:50.790+0000] {logging_mixin.py:188} INFO - [2026-03-04T07:58:50.790+0000] {dag.py:3089} INFO - Sync 1 DAGs
[2026-03-04T07:58:50.801+0000] {logging_mixin.py:188} INFO - [2026-03-04T07:58:50.801+0000] {dag.py:3947} INFO - Setting next_dagrun for example_branch_operator to 2026-03-03 00:00:00+00:00, run_after=2026-03-04 00:00:00+00:00
[2026-03-04T07:58:50.809+0000] {processor.py:183} INFO - Processing /home/airflow/.local/lib/python3.12/site-packages/airflow/example_dags/example_branch_operator.py took 0.042 seconds
[2026-03-04T07:59:21.290+0000] {processor.py:161} INFO - Started process (PID=1008) to work on /home/airflow/.local/lib/python3.12/site-packages/airflow/example_dags/example_branch_operator.py
[2026-03-04T07:59:21.291+0000] {processor.py:830} INFO - Processing file /home/airflow/.local/lib/python3.12/site-packages/airflow/example_dags/example_branch_operator.py for tasks to queue
[2026-03-04T07:59:21.292+0000] {logging_mixin.py:188} INFO - [2026-03-04T07:59:21.292+0000] {dagbag.py:545} INFO - Filling up the DagBag from /home/airflow/.local/lib/python3.12/site-packages/airflow/example_dags/example_branch_operator.py
[2026-03-04T07:59:21.300+0000] {processor.py:840} INFO - DAG(s) 'example_branch_operator' retrieved from /home/airflow/.local/lib/python3.12/site-packages/airflow/example_dags/example_branch_operator.py
[2026-03-04T07:59:21.314+0000] {logging_mixin.py:188} INFO - [2026-03-04T07:59:21.314+0000] {dag.py:3089} INFO - Sync 1 DAGs
[2026-03-04T07:59:21.322+0000] {logging_mixin.py:188} INFO - [2026-03-04T07:59:21.322+0000] {dag.py:3947} INFO - Setting next_dagrun for example_branch_operator to 2026-03-03 00:00:00+00:00, run_after=2026-03-04 00:00:00+00:00
[2026-03-04T07:59:21.328+0000] {processor.py:183} INFO - Processing /home/airflow/.local/lib/python3.12/site-packages/airflow/example_dags/example_branch_operator.py took 0.040 seconds
[2026-03-04T07:59:51.929+0000] {processor.py:161} INFO - Started process (PID=1272) to work on /home/airflow/.local/lib/python3.12/site-packages/airflow/example_dags/example_branch_operator.py
[2026-03-04T07:59:51.929+0000] {processor.py:830} INFO - Processing file /home/airflow/.local/lib/python3.12/site-packages/airflow/example_dags/example_branch_operator.py for tasks to queue
[2026-03-04T07:59:51.930+0000] {logging_mixin.py:188} INFO - [2026-03-04T07:59:51.930+0000] {dagbag.py:545} INFO - Filling up the DagBag from /home/airflow/.local/lib/python3.12/site-packages/airflow/example_dags/example_branch_operator.py
[2026-03-04T07:59:51.938+0000] {processor.py:840} INFO - DAG(s) 'example_branch_operator' retrieved from /home/airflow/.local/lib/python3.12/site-packages/airflow/example_dags/example_branch_operator.py
[2026-03-04T07:59:51.953+0000] {logging_mixin.py:188} INFO - [2026-03-04T07:59:51.953+0000] {dag.py:3089} INFO - Sync 1 DAGs
[2026-03-04T07:59:51.962+0000] {logging_mixin.py:188} INFO - [2026-03-04T07:59:51.962+0000] {dag.py:3947} INFO - Setting next_dagrun for example_branch_operator to 2026-03-03 00:00:00+00:00, run_after=2026-03-04 00:00:00+00:00
[2026-03-04T07:59:51.973+0000] {processor.py:183} INFO - Processing /home/airflow/.local/lib/python3.12/site-packages/airflow/example_dags/example_branch_operator.py took 0.047 seconds
[2026-03-04T08:00:22.622+0000] {processor.py:161} INFO - Started process (PID=1534) to work on /home/airflow/.local/lib/python3.12/site-packages/airflow/example_dags/example_branch_operator.py
[2026-03-04T08:00:22.622+0000] {processor.py:830} INFO - Processing file /home/airflow/.local/lib/python3.12/site-packages/airflow/example_dags/example_branch_operator.py for tasks to queue
[2026-03-04T08:00:22.623+0000] {logging_mixin.py:188} INFO - [2026-03-04T08:00:22.623+0000] {dagbag.py:545} INFO - Filling up the DagBag from /home/airflow/.local/lib/python3.12/site-packages/airflow/example_dags/example_branch_operator.py
[2026-03-04T08:00:22.629+0000] {processor.py:840} INFO - DAG(s) 'example_branch_operator' retrieved from /home/airflow/.local/lib/python3.12/site-packages/airflow/example_dags/example_branch_operator.py
[2026-03-04T08:00:22.642+0000] {logging_mixin.py:188} INFO - [2026-03-04T08:00:22.642+0000] {dag.py:3089} INFO - Sync 1 DAGs
[2026-03-04T08:00:22.651+0000] {logging_mixin.py:188} INFO - [2026-03-04T08:00:22.651+0000] {dag.py:3947} INFO - Setting next_dagrun for example_branch_operator to 2026-03-03 00:00:00+00:00, run_after=2026-03-04 00:00:00+00:00
[2026-03-04T08:00:22.661+0000] {processor.py:183} INFO - Processing /home/airflow/.local/lib/python3.12/site-packages/airflow/example_dags/example_branch_operator.py took 0.042 seconds
[2026-03-04T08:00:53.220+0000] {processor.py:161} INFO - Started process (PID=1794) to work on /home/airflow/.local/lib/python3.12/site-packages/airflow/example_dags/example_branch_operator.py
[2026-03-04T08:00:53.221+0000] {processor.py:830} INFO - Processing file /home/airflow/.local/lib/python3.12/site-packages/airflow/example_dags/example_branch_operator.py for tasks to queue
[2026-03-04T08:00:53.223+0000] {logging_mixin.py:188} INFO - [2026-03-04T08:00:53.223+0000] {dagbag.py:545} INFO - Filling up the DagBag from /home/airflow/.local/lib/python3.12/site-packages/airflow/example_dags/example_branch_operator.py
[2026-03-04T08:00:53.230+0000] {processor.py:840} INFO - DAG(s) 'example_branch_operator' retrieved from /home/airflow/.local/lib/python3.12/site-packages/airflow/example_dags/example_branch_operator.py
[2026-03-04T08:00:53.241+0000] {logging_mixin.py:188} INFO - [2026-03-04T08:00:53.241+0000] {dag.py:3089} INFO - Sync 1 DAGs
[2026-03-04T08:00:53.248+0000] {logging_mixin.py:188} INFO - [2026-03-04T08:00:53.248+0000] {dag.py:3947} INFO - Setting next_dagrun for example_branch_operator to 2026-03-03 00:00:00+00:00, run_after=2026-03-04 00:00:00+00:00
[2026-03-04T08:00:53.257+0000] {processor.py:183} INFO - Processing /home/airflow/.local/lib/python3.12/site-packages/airflow/example_dags/example_branch_operator.py took 0.039 seconds
[2026-03-04T08:01:23.820+0000] {processor.py:161} INFO - Started process (PID=2056) to work on /home/airflow/.local/lib/python3.12/site-packages/airflow/example_dags/example_branch_operator.py
[2026-03-04T08:01:23.820+0000] {processor.py:830} INFO - Processing file /home/airflow/.local/lib/python3.12/site-packages/airflow/example_dags/example_branch_operator.py for tasks to queue
[2026-03-04T08:01:23.821+0000] {logging_mixin.py:188} INFO - [2026-03-04T08:01:23.821+0000] {dagbag.py:545} INFO - Filling up the DagBag from /home/airflow/.local/lib/python3.12/site-packages/airflow/example_dags/example_branch_operator.py
[2026-03-04T08:01:23.830+0000] {processor.py:840} INFO - DAG(s) 'example_branch_operator' retrieved from /home/airflow/.local/lib/python3.12/site-packages/airflow/example_dags/example_branch_operator.py
[2026-03-04T08:01:23.845+0000] {logging_mixin.py:188} INFO - [2026-03-04T08:01:23.845+0000] {dag.py:3089} INFO - Sync 1 DAGs
[2026-03-04T08:01:23.855+0000] {logging_mixin.py:188} INFO - [2026-03-04T08:01:23.855+0000] {dag.py:3947} INFO - Setting next_dagrun for example_branch_operator to 2026-03-03 00:00:00+00:00, run_after=2026-03-04 00:00:00+00:00
[2026-03-04T08:01:23.861+0000] {processor.py:183} INFO - Processing /home/airflow/.local/lib/python3.12/site-packages/airflow/example_dags/example_branch_operator.py took 0.044 seconds
[2026-03-04T08:01:54.383+0000] {processor.py:161} INFO - Started process (PID=2320) to work on /home/airflow/.local/lib/python3.12/site-packages/airflow/example_dags/example_branch_operator.py
[2026-03-04T08:01:54.384+0000] {processor.py:830} INFO - Processing file /home/airflow/.local/lib/python3.12/site-packages/airflow/example_dags/example_branch_operator.py for tasks to queue
[2026-03-04T08:01:54.384+0000] {logging_mixin.py:188} INFO - [2026-03-04T08:01:54.384+0000] {dagbag.py:545} INFO - Filling up the DagBag from /home/airflow/.local/lib/python3.12/site-packages/airflow/example_dags/example_branch_operator.py
[2026-03-04T08:01:54.390+0000] {processor.py:840} INFO - DAG(s) 'example_branch_operator' retrieved from /home/airflow/.local/lib/python3.12/site-packages/airflow/example_dags/example_branch_operator.py
[2026-03-04T08:01:54.399+0000] {logging_mixin.py:188} INFO - [2026-03-04T08:01:54.399+0000] {dag.py:3089} INFO - Sync 1 DAGs
[2026-03-04T08:01:54.405+0000] {logging_mixin.py:188} INFO - [2026-03-04T08:01:54.405+0000] {dag.py:3947} INFO - Setting next_dagrun for example_branch_operator to 2026-03-03 00:00:00+00:00, run_after=2026-03-04 00:00:00+00:00
[2026-03-04T08:01:54.410+0000] {processor.py:183} INFO - Processing /home/airflow/.local/lib/python3.12/site-packages/airflow/example_dags/example_branch_operator.py took 0.029 seconds
[2026-03-04T08:02:24.919+0000] {processor.py:161} INFO - Started process (PID=2582) to work on /home/airflow/.local/lib/python3.12/site-packages/airflow/example_dags/example_branch_operator.py
[2026-03-04T08:02:24.919+0000] {processor.py:830} INFO - Processing file /home/airflow/.local/lib/python3.12/site-packages/airflow/example_dags/example_branch_operator.py for tasks to queue
[2026-03-04T08:02:24.920+0000] {logging_mixin.py:188} INFO - [2026-03-04T08:02:24.920+0000] {dagbag.py:545} INFO - Filling up the DagBag from /home/airflow/.local/lib/python3.12/site-packages/airflow/example_dags/example_branch_operator.py
[2026-03-04T08:02:24.926+0000] {processor.py:840} INFO - DAG(s) 'example_branch_operator' retrieved from /home/airflow/.local/lib/python3.12/site-packages/airflow/example_dags/example_branch_operator.py
[2026-03-04T08:02:24.939+0000] {logging_mixin.py:188} INFO - [2026-03-04T08:02:24.939+0000] {dag.py:3089} INFO - Sync 1 DAGs
[2026-03-04T08:02:24.948+0000] {logging_mixin.py:188} INFO - [2026-03-04T08:02:24.947+0000] {dag.py:3947} INFO - Setting next_dagrun for example_branch_operator to 2026-03-03 00:00:00+00:00, run_after=2026-03-04 00:00:00+00:00
[2026-03-04T08:02:24.956+0000] {processor.py:183} INFO - Processing /home/airflow/.local/lib/python3.12/site-packages/airflow/example_dags/example_branch_operator.py took 0.039 seconds
[2026-03-04T08:02:55.415+0000] {processor.py:161} INFO - Started process (PID=2842) to work on /home/airflow/.local/lib/python3.12/site-packages/airflow/example_dags/example_branch_operator.py
[2026-03-04T08:02:55.416+0000] {processor.py:830} INFO - Processing file /home/airflow/.local/lib/python3.12/site-packages/airflow/example_dags/example_branch_operator.py for tasks to queue
[2026-03-04T08:02:55.417+0000] {logging_mixin.py:188} INFO - [2026-03-04T08:02:55.417+0000] {dagbag.py:545} INFO - Filling up the DagBag from /home/airflow/.local/lib/python3.12/site-packages/airflow/example_dags/example_branch_operator.py
[2026-03-04T08:02:55.425+0000] {processor.py:840} INFO - DAG(s) 'example_branch_operator' retrieved from /home/airflow/.local/lib/python3.12/site-packages/airflow/example_dags/example_branch_operator.py
[2026-03-04T08:02:55.438+0000] {logging_mixin.py:188} INFO - [2026-03-04T08:02:55.438+0000] {dag.py:3089} INFO - Sync 1 DAGs
[2026-03-04T08:02:55.446+0000] {logging_mixin.py:188} INFO - [2026-03-04T08:02:55.445+0000] {dag.py:3947} INFO - Setting next_dagrun for example_branch_operator to 2026-03-03 00:00:00+00:00, run_after=2026-03-04 00:00:00+00:00
[2026-03-04T08:02:55.456+0000] {processor.py:183} INFO - Processing /home/airflow/.local/lib/python3.12/site-packages/airflow/example_dags/example_branch_operator.py took 0.043 seconds
[2026-03-04T08:03:26.019+0000] {processor.py:161} INFO - Started process (PID=3104) to work on /home/airflow/.local/lib/python3.12/site-packages/airflow/example_dags/example_branch_operator.py
[2026-03-04T08:03:26.020+0000] {processor.py:830} INFO - Processing file /home/airflow/.local/lib/python3.12/site-packages/airflow/example_dags/example_branch_operator.py for tasks to queue
[2026-03-04T08:03:26.022+0000] {logging_mixin.py:188} INFO - [2026-03-04T08:03:26.022+0000] {dagbag.py:545} INFO - Filling up the DagBag from /home/airflow/.local/lib/python3.12/site-packages/airflow/example_dags/example_branch_operator.py
[2026-03-04T08:03:26.029+0000] {processor.py:840} INFO - DAG(s) 'example_branch_operator' retrieved from /home/airflow/.local/lib/python3.12/site-packages/airflow/example_dags/example_branch_operator.py
[2026-03-04T08:03:26.043+0000] {logging_mixin.py:188} INFO - [2026-03-04T08:03:26.042+0000] {dag.py:3089} INFO - Sync 1 DAGs
[2026-03-04T08:03:26.051+0000] {logging_mixin.py:188} INFO - [2026-03-04T08:03:26.051+0000] {dag.py:3947} INFO - Setting next_dagrun for example_branch_operator to 2026-03-03 00:00:00+00:00, run_after=2026-03-04 00:00:00+00:00
[2026-03-04T08:03:26.057+0000] {processor.py:183} INFO - Processing /home/airflow/.local/lib/python3.12/site-packages/airflow/example_dags/example_branch_operator.py took 0.041 seconds
[2026-03-04T08:03:56.547+0000] {processor.py:161} INFO - Started process (PID=3366) to work on /home/airflow/.local/lib/python3.12/site-packages/airflow/example_dags/example_branch_operator.py
[2026-03-04T08:03:56.547+0000] {processor.py:830} INFO - Processing file /home/airflow/.local/lib/python3.12/site-packages/airflow/example_dags/example_branch_operator.py for tasks to queue
[2026-03-04T08:03:56.548+0000] {logging_mixin.py:188} INFO - [2026-03-04T08:03:56.548+0000] {dagbag.py:545} INFO - Filling up the DagBag from /home/airflow/.local/lib/python3.12/site-packages/airflow/example_dags/example_branch_operator.py
[2026-03-04T08:03:56.557+0000] {processor.py:840} INFO - DAG(s) 'example_branch_operator' retrieved from /home/airflow/.local/lib/python3.12/site-packages/airflow/example_dags/example_branch_operator.py
[2026-03-04T08:03:56.574+0000] {logging_mixin.py:188} INFO - [2026-03-04T08:03:56.574+0000] {dag.py:3089} INFO - Sync 1 DAGs
[2026-03-04T08:03:56.584+0000] {logging_mixin.py:188} INFO - [2026-03-04T08:03:56.584+0000] {dag.py:3947} INFO - Setting next_dagrun for example_branch_operator to 2026-03-03 00:00:00+00:00, run_after=2026-03-04 00:00:00+00:00
[2026-03-04T08:03:56.590+0000] {processor.py:183} INFO - Processing /home/airflow/.local/lib/python3.12/site-packages/airflow/example_dags/example_branch_operator.py took 0.046 seconds
[2026-03-04T08:04:27.145+0000] {processor.py:161} INFO - Started process (PID=3630) to work on /home/airflow/.local/lib/python3.12/site-packages/airflow/example_dags/example_branch_operator.py
[2026-03-04T08:04:27.146+0000] {processor.py:830} INFO - Processing file /home/airflow/.local/lib/python3.12/site-packages/airflow/example_dags/example_branch_operator.py for tasks to queue
[2026-03-04T08:04:27.147+0000] {logging_mixin.py:188} INFO - [2026-03-04T08:04:27.147+0000] {dagbag.py:545} INFO - Filling up the DagBag from /home/airflow/.local/lib/python3.12/site-packages/airflow/example_dags/example_branch_operator.py
[2026-03-04T08:04:27.152+0000] {processor.py:840} INFO - DAG(s) 'example_branch_operator' retrieved from /home/airflow/.local/lib/python3.12/site-packages/airflow/example_dags/example_branch_operator.py
[2026-03-04T08:04:27.161+0000] {logging_mixin.py:188} INFO - [2026-03-04T08:04:27.161+0000] {dag.py:3089} INFO - Sync 1 DAGs
[2026-03-04T08:04:27.168+0000] {logging_mixin.py:188} INFO - [2026-03-04T08:04:27.168+0000] {dag.py:3947} INFO - Setting next_dagrun for example_branch_operator to 2026-03-03 00:00:00+00:00, run_after=2026-03-04 00:00:00+00:00
[2026-03-04T08:04:27.173+0000] {processor.py:183} INFO - Processing /home/airflow/.local/lib/python3.12/site-packages/airflow/example_dags/example_branch_operator.py took 0.030 seconds
[2026-03-04T08:04:57.731+0000] {processor.py:161} INFO - Started process (PID=3890) to work on /home/airflow/.local/lib/python3.12/site-packages/airflow/example_dags/example_branch_operator.py
[2026-03-04T08:04:57.731+0000] {processor.py:830} INFO - Processing file /home/airflow/.local/lib/python3.12/site-packages/airflow/example_dags/example_branch_operator.py for tasks to queue
[2026-03-04T08:04:57.733+0000] {logging_mixin.py:188} INFO - [2026-03-04T08:04:57.733+0000] {dagbag.py:545} INFO - Filling up the DagBag from /home/airflow/.local/lib/python3.12/site-packages/airflow/example_dags/example_branch_operator.py
[2026-03-04T08:04:57.740+0000] {processor.py:840} INFO - DAG(s) 'example_branch_operator' retrieved from /home/airflow/.local/lib/python3.12/site-packages/airflow/example_dags/example_branch_operator.py
[2026-03-04T08:04:57.753+0000] {logging_mixin.py:188} INFO - [2026-03-04T08:04:57.752+0000] {dag.py:3089} INFO - Sync 1 DAGs
[2026-03-04T08:04:57.763+0000] {logging_mixin.py:188} INFO - [2026-03-04T08:04:57.763+0000] {dag.py:3947} INFO - Setting next_dagrun for example_branch_operator to 2026-03-03 00:00:00+00:00, run_after=2026-03-04 00:00:00+00:00
[2026-03-04T08:04:57.769+0000] {processor.py:183} INFO - Processing /home/airflow/.local/lib/python3.12/site-packages/airflow/example_dags/example_branch_operator.py took 0.040 seconds
[2026-03-04T08:05:28.310+0000] {processor.py:161} INFO - Started process (PID=4152) to work on /home/airflow/.local/lib/python3.12/site-packages/airflow/example_dags/example_branch_operator.py
[2026-03-04T08:05:28.311+0000] {processor.py:830} INFO - Processing file /home/airflow/.local/lib/python3.12/site-packages/airflow/example_dags/example_branch_operator.py for tasks to queue
[2026-03-04T08:05:28.312+0000] {logging_mixin.py:188} INFO - [2026-03-04T08:05:28.311+0000] {dagbag.py:545} INFO - Filling up the DagBag from /home/airflow/.local/lib/python3.12/site-packages/airflow/example_dags/example_branch_operator.py
[2026-03-04T08:05:28.318+0000] {processor.py:840} INFO - DAG(s) 'example_branch_operator' retrieved from /home/airflow/.local/lib/python3.12/site-packages/airflow/example_dags/example_branch_operator.py
[2026-03-04T08:05:28.331+0000] {logging_mixin.py:188} INFO - [2026-03-04T08:05:28.331+0000] {dag.py:3089} INFO - Sync 1 DAGs
[2026-03-04T08:05:28.340+0000] {logging_mixin.py:188} INFO - [2026-03-04T08:05:28.340+0000] {dag.py:3947} INFO - Setting next_dagrun for example_branch_operator to 2026-03-03 00:00:00+00:00, run_after=2026-03-04 00:00:00+00:00
[2026-03-04T08:05:28.346+0000] {processor.py:183} INFO - Processing /home/airflow/.local/lib/python3.12/site-packages/airflow/example_dags/example_branch_operator.py took 0.040 seconds
[2026-03-04T08:05:58.912+0000] {processor.py:161} INFO - Started process (PID=4414) to work on /home/airflow/.local/lib/python3.12/site-packages/airflow/example_dags/example_branch_operator.py
[2026-03-04T08:05:58.912+0000] {processor.py:830} INFO - Processing file /home/airflow/.local/lib/python3.12/site-packages/airflow/example_dags/example_branch_operator.py for tasks to queue
[2026-03-04T08:05:58.913+0000] {logging_mixin.py:188} INFO - [2026-03-04T08:05:58.913+0000] {dagbag.py:545} INFO - Filling up the DagBag from /home/airflow/.local/lib/python3.12/site-packages/airflow/example_dags/example_branch_operator.py
[2026-03-04T08:05:58.921+0000] {processor.py:840} INFO - DAG(s) 'example_branch_operator' retrieved from /home/airflow/.local/lib/python3.12/site-packages/airflow/example_dags/example_branch_operator.py
[2026-03-04T08:05:58.934+0000] {logging_mixin.py:188} INFO - [2026-03-04T08:05:58.934+0000] {dag.py:3089} INFO - Sync 1 DAGs
[2026-03-04T08:05:58.942+0000] {logging_mixin.py:188} INFO - [2026-03-04T08:05:58.942+0000] {dag.py:3947} INFO - Setting next_dagrun for example_branch_operator to 2026-03-03 00:00:00+00:00, run_after=2026-03-04 00:00:00+00:00
[2026-03-04T08:05:58.955+0000] {processor.py:183} INFO - Processing /home/airflow/.local/lib/python3.12/site-packages/airflow/example_dags/example_branch_operator.py took 0.045 seconds
[2026-03-04T08:06:29.431+0000] {processor.py:161} INFO - Started process (PID=4678) to work on /home/airflow/.local/lib/python3.12/site-packages/airflow/example_dags/example_branch_operator.py
[2026-03-04T08:06:29.432+0000] {processor.py:830} INFO - Processing file /home/airflow/.local/lib/python3.12/site-packages/airflow/example_dags/example_branch_operator.py for tasks to queue
[2026-03-04T08:06:29.432+0000] {logging_mixin.py:188} INFO - [2026-03-04T08:06:29.432+0000] {dagbag.py:545} INFO - Filling up the DagBag from /home/airflow/.local/lib/python3.12/site-packages/airflow/example_dags/example_branch_operator.py
[2026-03-04T08:06:29.439+0000] {processor.py:840} INFO - DAG(s) 'example_branch_operator' retrieved from /home/airflow/.local/lib/python3.12/site-packages/airflow/example_dags/example_branch_operator.py
[2026-03-04T08:06:29.452+0000] {logging_mixin.py:188} INFO - [2026-03-04T08:06:29.452+0000] {dag.py:3089} INFO - Sync 1 DAGs
[2026-03-04T08:06:29.462+0000] {logging_mixin.py:188} INFO - [2026-03-04T08:06:29.462+0000] {dag.py:3947} INFO - Setting next_dagrun for example_branch_operator to 2026-03-03 00:00:00+00:00, run_after=2026-03-04 00:00:00+00:00
[2026-03-04T08:06:29.470+0000] {processor.py:183} INFO - Processing /home/airflow/.local/lib/python3.12/site-packages/airflow/example_dags/example_branch_operator.py took 0.041 seconds
[2026-03-04T08:07:00.014+0000] {processor.py:161} INFO - Started process (PID=4938) to work on /home/airflow/.local/lib/python3.12/site-packages/airflow/example_dags/example_branch_operator.py
[2026-03-04T08:07:00.015+0000] {processor.py:830} INFO - Processing file /home/airflow/.local/lib/python3.12/site-packages/airflow/example_dags/example_branch_operator.py for tasks to queue
[2026-03-04T08:07:00.015+0000] {logging_mixin.py:188} INFO - [2026-03-04T08:07:00.015+0000] {dagbag.py:545} INFO - Filling up the DagBag from /home/airflow/.local/lib/python3.12/site-packages/airflow/example_dags/example_branch_operator.py
[2026-03-04T08:07:00.024+0000] {processor.py:840} INFO - DAG(s) 'example_branch_operator' retrieved from /home/airflow/.local/lib/python3.12/site-packages/airflow/example_dags/example_branch_operator.py
[2026-03-04T08:07:00.037+0000] {logging_mixin.py:188} INFO - [2026-03-04T08:07:00.037+0000] {dag.py:3089} INFO - Sync 1 DAGs
[2026-03-04T08:07:00.046+0000] {logging_mixin.py:188} INFO - [2026-03-04T08:07:00.046+0000] {dag.py:3947} INFO - Setting next_dagrun for example_branch_operator to 2026-03-03 00:00:00+00:00, run_after=2026-03-04 00:00:00+00:00
[2026-03-04T08:07:00.051+0000] {processor.py:183} INFO - Processing /home/airflow/.local/lib/python3.12/site-packages/airflow/example_dags/example_branch_operator.py took 0.039 seconds
[2026-03-04T08:07:30.518+0000] {processor.py:161} INFO - Started process (PID=5202) to work on /home/airflow/.local/lib/python3.12/site-packages/airflow/example_dags/example_branch_operator.py
[2026-03-04T08:07:30.519+0000] {processor.py:830} INFO - Processing file /home/airflow/.local/lib/python3.12/site-packages/airflow/example_dags/example_branch_operator.py for tasks to queue
[2026-03-04T08:07:30.520+0000] {logging_mixin.py:188} INFO - [2026-03-04T08:07:30.519+0000] {dagbag.py:545} INFO - Filling up the DagBag from /home/airflow/.local/lib/python3.12/site-packages/airflow/example_dags/example_branch_operator.py
[2026-03-04T08:07:30.526+0000] {processor.py:840} INFO - DAG(s) 'example_branch_operator' retrieved from /home/airflow/.local/lib/python3.12/site-packages/airflow/example_dags/example_branch_operator.py
[2026-03-04T08:07:30.537+0000] {logging_mixin.py:188} INFO - [2026-03-04T08:07:30.537+0000] {dag.py:3089} INFO - Sync 1 DAGs
[2026-03-04T08:07:30.545+0000] {logging_mixin.py:188} INFO - [2026-03-04T08:07:30.545+0000] {dag.py:3947} INFO - Setting next_dagrun for example_branch_operator to 2026-03-03 00:00:00+00:00, run_after=2026-03-04 00:00:00+00:00
[2026-03-04T08:07:30.553+0000] {processor.py:183} INFO - Processing /home/airflow/.local/lib/python3.12/site-packages/airflow/example_dags/example_branch_operator.py took 0.037 seconds
[2026-03-04T08:08:01.110+0000] {processor.py:161} INFO - Started process (PID=5462) to work on /home/airflow/.local/lib/python3.12/site-packages/airflow/example_dags/example_branch_operator.py
[2026-03-04T08:08:01.110+0000] {processor.py:830} INFO - Processing file /home/airflow/.local/lib/python3.12/site-packages/airflow/example_dags/example_branch_operator.py for tasks to queue
[2026-03-04T08:08:01.111+0000] {logging_mixin.py:188} INFO - [2026-03-04T08:08:01.111+0000] {dagbag.py:545} INFO - Filling up the DagBag from /home/airflow/.local/lib/python3.12/site-packages/airflow/example_dags/example_branch_operator.py
[2026-03-04T08:08:01.121+0000] {processor.py:840} INFO - DAG(s) 'example_branch_operator' retrieved from /home/airflow/.local/lib/python3.12/site-packages/airflow/example_dags/example_branch_operator.py
[2026-03-04T08:08:01.134+0000] {logging_mixin.py:188} INFO - [2026-03-04T08:08:01.134+0000] {dag.py:3089} INFO - Sync 1 DAGs
[2026-03-04T08:08:01.142+0000] {logging_mixin.py:188} INFO - [2026-03-04T08:08:01.141+0000] {dag.py:3947} INFO - Setting next_dagrun for example_branch_operator to 2026-03-03 00:00:00+00:00, run_after=2026-03-04 00:00:00+00:00
[2026-03-04T08:08:01.148+0000] {processor.py:183} INFO - Processing /home/airflow/.local/lib/python3.12/site-packages/airflow/example_dags/example_branch_operator.py took 0.041 seconds
[2026-03-04T08:08:31.677+0000] {processor.py:161} INFO - Started process (PID=5726) to work on /home/airflow/.local/lib/python3.12/site-packages/airflow/example_dags/example_branch_operator.py
[2026-03-04T08:08:31.677+0000] {processor.py:830} INFO - Processing file /home/airflow/.local/lib/python3.12/site-packages/airflow/example_dags/example_branch_operator.py for tasks to queue
[2026-03-04T08:08:31.678+0000] {logging_mixin.py:188} INFO - [2026-03-04T08:08:31.678+0000] {dagbag.py:545} INFO - Filling up the DagBag from /home/airflow/.local/lib/python3.12/site-packages/airflow/example_dags/example_branch_operator.py
[2026-03-04T08:08:31.687+0000] {processor.py:840} INFO - DAG(s) 'example_branch_operator' retrieved from /home/airflow/.local/lib/python3.12/site-packages/airflow/example_dags/example_branch_operator.py
[2026-03-04T08:08:31.702+0000] {logging_mixin.py:188} INFO - [2026-03-04T08:08:31.702+0000] {dag.py:3089} INFO - Sync 1 DAGs
[2026-03-04T08:08:31.709+0000] {logging_mixin.py:188} INFO - [2026-03-04T08:08:31.709+0000] {dag.py:3947} INFO - Setting next_dagrun for example_branch_operator to 2026-03-03 00:00:00+00:00, run_after=2026-03-04 00:00:00+00:00
[2026-03-04T08:08:31.718+0000] {processor.py:183} INFO - Processing /home/airflow/.local/lib/python3.12/site-packages/airflow/example_dags/example_branch_operator.py took 0.044 seconds
[2026-03-04T08:09:02.344+0000] {processor.py:161} INFO - Started process (PID=5988) to work on /home/airflow/.local/lib/python3.12/site-packages/airflow/example_dags/example_branch_operator.py
[2026-03-04T08:09:02.344+0000] {processor.py:830} INFO - Processing file /home/airflow/.local/lib/python3.12/site-packages/airflow/example_dags/example_branch_operator.py for tasks to queue
[2026-03-04T08:09:02.345+0000] {logging_mixin.py:188} INFO - [2026-03-04T08:09:02.345+0000] {dagbag.py:545} INFO - Filling up the DagBag from /home/airflow/.local/lib/python3.12/site-packages/airflow/example_dags/example_branch_operator.py
[2026-03-04T08:09:02.353+0000] {processor.py:840} INFO - DAG(s) 'example_branch_operator' retrieved from /home/airflow/.local/lib/python3.12/site-packages/airflow/example_dags/example_branch_operator.py
[2026-03-04T08:09:02.369+0000] {logging_mixin.py:188} INFO - [2026-03-04T08:09:02.369+0000] {dag.py:3089} INFO - Sync 1 DAGs
[2026-03-04T08:09:02.375+0000] {logging_mixin.py:188} INFO - [2026-03-04T08:09:02.375+0000] {dag.py:3947} INFO - Setting next_dagrun for example_branch_operator to 2026-03-03 00:00:00+00:00, run_after=2026-03-04 00:00:00+00:00
[2026-03-04T08:09:02.384+0000] {processor.py:183} INFO - Processing /home/airflow/.local/lib/python3.12/site-packages/airflow/example_dags/example_branch_operator.py took 0.042 seconds
[2026-03-04T08:09:32.911+0000] {processor.py:161} INFO - Started process (PID=6250) to work on /home/airflow/.local/lib/python3.12/site-packages/airflow/example_dags/example_branch_operator.py
[2026-03-04T08:09:32.911+0000] {processor.py:830} INFO - Processing file /home/airflow/.local/lib/python3.12/site-packages/airflow/example_dags/example_branch_operator.py for tasks to queue
[2026-03-04T08:09:32.912+0000] {logging_mixin.py:188} INFO - [2026-03-04T08:09:32.912+0000] {dagbag.py:545} INFO - Filling up the DagBag from /home/airflow/.local/lib/python3.12/site-packages/airflow/example_dags/example_branch_operator.py
[2026-03-04T08:09:32.919+0000] {processor.py:840} INFO - DAG(s) 'example_branch_operator' retrieved from /home/airflow/.local/lib/python3.12/site-packages/airflow/example_dags/example_branch_operator.py
[2026-03-04T08:09:32.928+0000] {logging_mixin.py:188} INFO - [2026-03-04T08:09:32.928+0000] {dag.py:3089} INFO - Sync 1 DAGs
[2026-03-04T08:09:32.938+0000] {logging_mixin.py:188} INFO - [2026-03-04T08:09:32.938+0000] {dag.py:3947} INFO - Setting next_dagrun for example_branch_operator to 2026-03-03 00:00:00+00:00, run_after=2026-03-04 00:00:00+00:00
[2026-03-04T08:09:32.947+0000] {processor.py:183} INFO - Processing /home/airflow/.local/lib/python3.12/site-packages/airflow/example_dags/example_branch_operator.py took 0.039 seconds
[2026-03-04T08:10:03.492+0000] {processor.py:161} INFO - Started process (PID=6510) to work on /home/airflow/.local/lib/python3.12/site-packages/airflow/example_dags/example_branch_operator.py
[2026-03-04T08:10:03.493+0000] {processor.py:830} INFO - Processing file /home/airflow/.local/lib/python3.12/site-packages/airflow/example_dags/example_branch_operator.py for tasks to queue
[2026-03-04T08:10:03.494+0000] {logging_mixin.py:188} INFO - [2026-03-04T08:10:03.494+0000] {dagbag.py:545} INFO - Filling up the DagBag from /home/airflow/.local/lib/python3.12/site-packages/airflow/example_dags/example_branch_operator.py
[2026-03-04T08:10:03.503+0000] {processor.py:840} INFO - DAG(s) 'example_branch_operator' retrieved from /home/airflow/.local/lib/python3.12/site-packages/airflow/example_dags/example_branch_operator.py
[2026-03-04T08:10:03.514+0000] {logging_mixin.py:188} INFO - [2026-03-04T08:10:03.514+0000] {dag.py:3089} INFO - Sync 1 DAGs
[2026-03-04T08:10:03.522+0000] {logging_mixin.py:188} INFO - [2026-03-04T08:10:03.522+0000] {dag.py:3947} INFO - Setting next_dagrun for example_branch_operator to 2026-03-03 00:00:00+00:00, run_after=2026-03-04 00:00:00+00:00
[2026-03-04T08:10:03.536+0000] {processor.py:183} INFO - Processing /home/airflow/.local/lib/python3.12/site-packages/airflow/example_dags/example_branch_operator.py took 0.047 seconds
[2026-03-04T08:10:34.016+0000] {processor.py:161} INFO - Started process (PID=6775) to work on /home/airflow/.local/lib/python3.12/site-packages/airflow/example_dags/example_branch_operator.py
[2026-03-04T08:10:34.016+0000] {processor.py:830} INFO - Processing file /home/airflow/.local/lib/python3.12/site-packages/airflow/example_dags/example_branch_operator.py for tasks to queue
[2026-03-04T08:10:34.017+0000] {logging_mixin.py:188} INFO - [2026-03-04T08:10:34.017+0000] {dagbag.py:545} INFO - Filling up the DagBag from /home/airflow/.local/lib/python3.12/site-packages/airflow/example_dags/example_branch_operator.py
[2026-03-04T08:10:34.026+0000] {processor.py:840} INFO - DAG(s) 'example_branch_operator' retrieved from /home/airflow/.local/lib/python3.12/site-packages/airflow/example_dags/example_branch_operator.py
[2026-03-04T08:10:34.040+0000] {logging_mixin.py:188} INFO - [2026-03-04T08:10:34.039+0000] {dag.py:3089} INFO - Sync 1 DAGs
[2026-03-04T08:10:34.049+0000] {logging_mixin.py:188} INFO - [2026-03-04T08:10:34.049+0000] {dag.py:3947} INFO - Setting next_dagrun for example_branch_operator to 2026-03-03 00:00:00+00:00, run_after=2026-03-04 00:00:00+00:00
[2026-03-04T08:10:34.054+0000] {processor.py:183} INFO - Processing /home/airflow/.local/lib/python3.12/site-packages/airflow/example_dags/example_branch_operator.py took 0.041 seconds
[2026-03-04T08:11:04.658+0000] {processor.py:161} INFO - Started process (PID=7037) to work on /home/airflow/.local/lib/python3.12/site-packages/airflow/example_dags/example_branch_operator.py
[2026-03-04T08:11:04.658+0000] {processor.py:830} INFO - Processing file /home/airflow/.local/lib/python3.12/site-packages/airflow/example_dags/example_branch_operator.py for tasks to queue
[2026-03-04T08:11:04.660+0000] {logging_mixin.py:188} INFO - [2026-03-04T08:11:04.660+0000] {dagbag.py:545} INFO - Filling up the DagBag from /home/airflow/.local/lib/python3.12/site-packages/airflow/example_dags/example_branch_operator.py
[2026-03-04T08:11:04.666+0000] {processor.py:840} INFO - DAG(s) 'example_branch_operator' retrieved from /home/airflow/.local/lib/python3.12/site-packages/airflow/example_dags/example_branch_operator.py
[2026-03-04T08:11:04.681+0000] {logging_mixin.py:188} INFO - [2026-03-04T08:11:04.681+0000] {dag.py:3089} INFO - Sync 1 DAGs
[2026-03-04T08:11:04.689+0000] {logging_mixin.py:188} INFO - [2026-03-04T08:11:04.689+0000] {dag.py:3947} INFO - Setting next_dagrun for example_branch_operator to 2026-03-03 00:00:00+00:00, run_after=2026-03-04 00:00:00+00:00
[2026-03-04T08:11:04.695+0000] {processor.py:183} INFO - Processing /home/airflow/.local/lib/python3.12/site-packages/airflow/example_dags/example_branch_operator.py took 0.040 seconds
[2026-03-04T08:11:35.311+0000] {processor.py:161} INFO - Started process (PID=7301) to work on /home/airflow/.local/lib/python3.12/site-packages/airflow/example_dags/example_branch_operator.py
[2026-03-04T08:11:35.312+0000] {processor.py:830} INFO - Processing file /home/airflow/.local/lib/python3.12/site-packages/airflow/example_dags/example_branch_operator.py for tasks to queue
[2026-03-04T08:11:35.312+0000] {logging_mixin.py:188} INFO - [2026-03-04T08:11:35.312+0000] {dagbag.py:545} INFO - Filling up the DagBag from /home/airflow/.local/lib/python3.12/site-packages/airflow/example_dags/example_branch_operator.py
[2026-03-04T08:11:35.321+0000] {processor.py:840} INFO - DAG(s) 'example_branch_operator' retrieved from /home/airflow/.local/lib/python3.12/site-packages/airflow/example_dags/example_branch_operator.py
[2026-03-04T08:11:35.338+0000] {logging_mixin.py:188} INFO - [2026-03-04T08:11:35.338+0000] {dag.py:3089} INFO - Sync 1 DAGs
[2026-03-04T08:11:35.348+0000] {logging_mixin.py:188} INFO - [2026-03-04T08:11:35.348+0000] {dag.py:3947} INFO - Setting next_dagrun for example_branch_operator to 2026-03-03 00:00:00+00:00, run_after=2026-03-04 00:00:00+00:00
[2026-03-04T08:11:35.357+0000] {processor.py:183} INFO - Processing /home/airflow/.local/lib/python3.12/site-packages/airflow/example_dags/example_branch_operator.py took 0.048 seconds
[2026-03-04T08:12:05.812+0000] {processor.py:161} INFO - Started process (PID=7561) to work on /home/airflow/.local/lib/python3.12/site-packages/airflow/example_dags/example_branch_operator.py
[2026-03-04T08:12:05.812+0000] {processor.py:830} INFO - Processing file /home/airflow/.local/lib/python3.12/site-packages/airflow/example_dags/example_branch_operator.py for tasks to queue
[2026-03-04T08:12:05.813+0000] {logging_mixin.py:188} INFO - [2026-03-04T08:12:05.813+0000] {dagbag.py:545} INFO - Filling up the DagBag from /home/airflow/.local/lib/python3.12/site-packages/airflow/example_dags/example_branch_operator.py
[2026-03-04T08:12:05.820+0000] {processor.py:840} INFO - DAG(s) 'example_branch_operator' retrieved from /home/airflow/.local/lib/python3.12/site-packages/airflow/example_dags/example_branch_operator.py
[2026-03-04T08:12:05.833+0000] {logging_mixin.py:188} INFO - [2026-03-04T08:12:05.833+0000] {dag.py:3089} INFO - Sync 1 DAGs
[2026-03-04T08:12:05.840+0000] {logging_mixin.py:188} INFO - [2026-03-04T08:12:05.840+0000] {dag.py:3947} INFO - Setting next_dagrun for example_branch_operator to 2026-03-03 00:00:00+00:00, run_after=2026-03-04 00:00:00+00:00
[2026-03-04T08:12:05.846+0000] {processor.py:183} INFO - Processing /home/airflow/.local/lib/python3.12/site-packages/airflow/example_dags/example_branch_operator.py took 0.036 seconds
[2026-03-04T08:12:36.392+0000] {processor.py:161} INFO - Started process (PID=7825) to work on /home/airflow/.local/lib/python3.12/site-packages/airflow/example_dags/example_branch_operator.py
[2026-03-04T08:12:36.393+0000] {processor.py:830} INFO - Processing file /home/airflow/.local/lib/python3.12/site-packages/airflow/example_dags/example_branch_operator.py for tasks to queue
[2026-03-04T08:12:36.393+0000] {logging_mixin.py:188} INFO - [2026-03-04T08:12:36.393+0000] {dagbag.py:545} INFO - Filling up the DagBag from /home/airflow/.local/lib/python3.12/site-packages/airflow/example_dags/example_branch_operator.py
[2026-03-04T08:12:36.402+0000] {processor.py:840} INFO - DAG(s) 'example_branch_operator' retrieved from /home/airflow/.local/lib/python3.12/site-packages/airflow/example_dags/example_branch_operator.py
[2026-03-04T08:12:36.420+0000] {logging_mixin.py:188} INFO - [2026-03-04T08:12:36.420+0000] {dag.py:3089} INFO - Sync 1 DAGs
[2026-03-04T08:12:36.428+0000] {logging_mixin.py:188} INFO - [2026-03-04T08:12:36.428+0000] {dag.py:3947} INFO - Setting next_dagrun for example_branch_operator to 2026-03-03 00:00:00+00:00, run_after=2026-03-04 00:00:00+00:00
[2026-03-04T08:12:36.435+0000] {processor.py:183} INFO - Processing /home/airflow/.local/lib/python3.12/site-packages/airflow/example_dags/example_branch_operator.py took 0.045 seconds
[2026-03-04T08:13:06.899+0000] {processor.py:161} INFO - Started process (PID=8085) to work on /home/airflow/.local/lib/python3.12/site-packages/airflow/example_dags/example_branch_operator.py
[2026-03-04T08:13:06.900+0000] {processor.py:830} INFO - Processing file /home/airflow/.local/lib/python3.12/site-packages/airflow/example_dags/example_branch_operator.py for tasks to queue
[2026-03-04T08:13:06.901+0000] {logging_mixin.py:188} INFO - [2026-03-04T08:13:06.901+0000] {dagbag.py:545} INFO - Filling up the DagBag from /home/airflow/.local/lib/python3.12/site-packages/airflow/example_dags/example_branch_operator.py
[2026-03-04T08:13:06.910+0000] {processor.py:840} INFO - DAG(s) 'example_branch_operator' retrieved from /home/airflow/.local/lib/python3.12/site-packages/airflow/example_dags/example_branch_operator.py
[2026-03-04T08:13:06.921+0000] {logging_mixin.py:188} INFO - [2026-03-04T08:13:06.921+0000] {dag.py:3089} INFO - Sync 1 DAGs
[2026-03-04T08:13:06.929+0000] {logging_mixin.py:188} INFO - [2026-03-04T08:13:06.929+0000] {dag.py:3947} INFO - Setting next_dagrun for example_branch_operator to 2026-03-03 00:00:00+00:00, run_after=2026-03-04 00:00:00+00:00
[2026-03-04T08:13:06.937+0000] {processor.py:183} INFO - Processing /home/airflow/.local/lib/python3.12/site-packages/airflow/example_dags/example_branch_operator.py took 0.040 seconds
[2026-03-04T08:13:37.479+0000] {processor.py:161} INFO - Started process (PID=8349) to work on /home/airflow/.local/lib/python3.12/site-packages/airflow/example_dags/example_branch_operator.py
[2026-03-04T08:13:37.480+0000] {processor.py:830} INFO - Processing file /home/airflow/.local/lib/python3.12/site-packages/airflow/example_dags/example_branch_operator.py for tasks to queue
[2026-03-04T08:13:37.480+0000] {logging_mixin.py:188} INFO - [2026-03-04T08:13:37.480+0000] {dagbag.py:545} INFO - Filling up the DagBag from /home/airflow/.local/lib/python3.12/site-packages/airflow/example_dags/example_branch_operator.py
[2026-03-04T08:13:37.488+0000] {processor.py:840} INFO - DAG(s) 'example_branch_operator' retrieved from /home/airflow/.local/lib/python3.12/site-packages/airflow/example_dags/example_branch_operator.py
[2026-03-04T08:13:37.503+0000] {logging_mixin.py:188} INFO - [2026-03-04T08:13:37.502+0000] {dag.py:3089} INFO - Sync 1 DAGs
[2026-03-04T08:13:37.509+0000] {logging_mixin.py:188} INFO - [2026-03-04T08:13:37.509+0000] {dag.py:3947} INFO - Setting next_dagrun for example_branch_operator to 2026-03-03 00:00:00+00:00, run_after=2026-03-04 00:00:00+00:00
[2026-03-04T08:13:37.520+0000] {processor.py:183} INFO - Processing /home/airflow/.local/lib/python3.12/site-packages/airflow/example_dags/example_branch_operator.py took 0.043 seconds
[2026-03-04T08:14:07.984+0000] {processor.py:161} INFO - Started process (PID=8609) to work on /home/airflow/.local/lib/python3.12/site-packages/airflow/example_dags/example_branch_operator.py
[2026-03-04T08:14:07.986+0000] {processor.py:830} INFO - Processing file /home/airflow/.local/lib/python3.12/site-packages/airflow/example_dags/example_branch_operator.py for tasks to queue
[2026-03-04T08:14:07.986+0000] {logging_mixin.py:188} INFO - [2026-03-04T08:14:07.986+0000] {dagbag.py:545} INFO - Filling up the DagBag from /home/airflow/.local/lib/python3.12/site-packages/airflow/example_dags/example_branch_operator.py
[2026-03-04T08:14:07.991+0000] {processor.py:840} INFO - DAG(s) 'example_branch_operator' retrieved from /home/airflow/.local/lib/python3.12/site-packages/airflow/example_dags/example_branch_operator.py
[2026-03-04T08:14:08.007+0000] {logging_mixin.py:188} INFO - [2026-03-04T08:14:08.007+0000] {dag.py:3089} INFO - Sync 1 DAGs
[2026-03-04T08:14:08.015+0000] {logging_mixin.py:188} INFO - [2026-03-04T08:14:08.015+0000] {dag.py:3947} INFO - Setting next_dagrun for example_branch_operator to 2026-03-03 00:00:00+00:00, run_after=2026-03-04 00:00:00+00:00
[2026-03-04T08:14:08.020+0000] {processor.py:183} INFO - Processing /home/airflow/.local/lib/python3.12/site-packages/airflow/example_dags/example_branch_operator.py took 0.038 seconds
[2026-03-04T08:14:38.524+0000] {processor.py:161} INFO - Started process (PID=8871) to work on /home/airflow/.local/lib/python3.12/site-packages/airflow/example_dags/example_branch_operator.py
[2026-03-04T08:14:38.524+0000] {processor.py:830} INFO - Processing file /home/airflow/.local/lib/python3.12/site-packages/airflow/example_dags/example_branch_operator.py for tasks to queue
[2026-03-04T08:14:38.527+0000] {logging_mixin.py:188} INFO - [2026-03-04T08:14:38.527+0000] {dagbag.py:545} INFO - Filling up the DagBag from /home/airflow/.local/lib/python3.12/site-packages/airflow/example_dags/example_branch_operator.py
[2026-03-04T08:14:38.532+0000] {processor.py:840} INFO - DAG(s) 'example_branch_operator' retrieved from /home/airflow/.local/lib/python3.12/site-packages/airflow/example_dags/example_branch_operator.py
[2026-03-04T08:14:38.548+0000] {logging_mixin.py:188} INFO - [2026-03-04T08:14:38.548+0000] {dag.py:3089} INFO - Sync 1 DAGs
[2026-03-04T08:14:38.556+0000] {logging_mixin.py:188} INFO - [2026-03-04T08:14:38.556+0000] {dag.py:3947} INFO - Setting next_dagrun for example_branch_operator to 2026-03-03 00:00:00+00:00, run_after=2026-03-04 00:00:00+00:00
[2026-03-04T08:14:38.566+0000] {processor.py:183} INFO - Processing /home/airflow/.local/lib/python3.12/site-packages/airflow/example_dags/example_branch_operator.py took 0.045 seconds
[2026-03-04T08:15:09.055+0000] {processor.py:161} INFO - Started process (PID=9137) to work on /home/airflow/.local/lib/python3.12/site-packages/airflow/example_dags/example_branch_operator.py
[2026-03-04T08:15:09.055+0000] {processor.py:830} INFO - Processing file /home/airflow/.local/lib/python3.12/site-packages/airflow/example_dags/example_branch_operator.py for tasks to queue
[2026-03-04T08:15:09.056+0000] {logging_mixin.py:188} INFO - [2026-03-04T08:15:09.056+0000] {dagbag.py:545} INFO - Filling up the DagBag from /home/airflow/.local/lib/python3.12/site-packages/airflow/example_dags/example_branch_operator.py
[2026-03-04T08:15:09.062+0000] {processor.py:840} INFO - DAG(s) 'example_branch_operator' retrieved from /home/airflow/.local/lib/python3.12/site-packages/airflow/example_dags/example_branch_operator.py
[2026-03-04T08:15:09.071+0000] {logging_mixin.py:188} INFO - [2026-03-04T08:15:09.071+0000] {dag.py:3089} INFO - Sync 1 DAGs
[2026-03-04T08:15:09.079+0000] {logging_mixin.py:188} INFO - [2026-03-04T08:15:09.079+0000] {dag.py:3947} INFO - Setting next_dagrun for example_branch_operator to 2026-03-03 00:00:00+00:00, run_after=2026-03-04 00:00:00+00:00
[2026-03-04T08:15:09.084+0000] {processor.py:183} INFO - Processing /home/airflow/.local/lib/python3.12/site-packages/airflow/example_dags/example_branch_operator.py took 0.032 seconds
[2026-03-04T08:15:39.626+0000] {processor.py:161} INFO - Started process (PID=9403) to work on /home/airflow/.local/lib/python3.12/site-packages/airflow/example_dags/example_branch_operator.py
[2026-03-04T08:15:39.626+0000] {processor.py:830} INFO - Processing file /home/airflow/.local/lib/python3.12/site-packages/airflow/example_dags/example_branch_operator.py for tasks to queue
[2026-03-04T08:15:39.627+0000] {logging_mixin.py:188} INFO - [2026-03-04T08:15:39.627+0000] {dagbag.py:545} INFO - Filling up the DagBag from /home/airflow/.local/lib/python3.12/site-packages/airflow/example_dags/example_branch_operator.py
[2026-03-04T08:15:39.634+0000] {processor.py:840} INFO - DAG(s) 'example_branch_operator' retrieved from /home/airflow/.local/lib/python3.12/site-packages/airflow/example_dags/example_branch_operator.py
[2026-03-04T08:15:39.647+0000] {logging_mixin.py:188} INFO - [2026-03-04T08:15:39.647+0000] {dag.py:3089} INFO - Sync 1 DAGs
[2026-03-04T08:15:39.662+0000] {logging_mixin.py:188} INFO - [2026-03-04T08:15:39.662+0000] {dag.py:3947} INFO - Setting next_dagrun for example_branch_operator to 2026-03-03 00:00:00+00:00, run_after=2026-03-04 00:00:00+00:00
[2026-03-04T08:15:39.672+0000] {processor.py:183} INFO - Processing /home/airflow/.local/lib/python3.12/site-packages/airflow/example_dags/example_branch_operator.py took 0.049 seconds
[2026-03-04T08:16:10.268+0000] {processor.py:161} INFO - Started process (PID=9667) to work on /home/airflow/.local/lib/python3.12/site-packages/airflow/example_dags/example_branch_operator.py
[2026-03-04T08:16:10.269+0000] {processor.py:830} INFO - Processing file /home/airflow/.local/lib/python3.12/site-packages/airflow/example_dags/example_branch_operator.py for tasks to queue
[2026-03-04T08:16:10.269+0000] {logging_mixin.py:188} INFO - [2026-03-04T08:16:10.269+0000] {dagbag.py:545} INFO - Filling up the DagBag from /home/airflow/.local/lib/python3.12/site-packages/airflow/example_dags/example_branch_operator.py
[2026-03-04T08:16:10.276+0000] {processor.py:840} INFO - DAG(s) 'example_branch_operator' retrieved from /home/airflow/.local/lib/python3.12/site-packages/airflow/example_dags/example_branch_operator.py
[2026-03-04T08:16:10.287+0000] {logging_mixin.py:188} INFO - [2026-03-04T08:16:10.287+0000] {dag.py:3089} INFO - Sync 1 DAGs
[2026-03-04T08:16:10.296+0000] {logging_mixin.py:188} INFO - [2026-03-04T08:16:10.296+0000] {dag.py:3947} INFO - Setting next_dagrun for example_branch_operator to 2026-03-03 00:00:00+00:00, run_after=2026-03-04 00:00:00+00:00
[2026-03-04T08:16:10.304+0000] {processor.py:183} INFO - Processing /home/airflow/.local/lib/python3.12/site-packages/airflow/example_dags/example_branch_operator.py took 0.038 seconds
[2026-03-04T08:16:40.899+0000] {processor.py:161} INFO - Started process (PID=9927) to work on /home/airflow/.local/lib/python3.12/site-packages/airflow/example_dags/example_branch_operator.py
[2026-03-04T08:16:40.900+0000] {processor.py:830} INFO - Processing file /home/airflow/.local/lib/python3.12/site-packages/airflow/example_dags/example_branch_operator.py for tasks to queue
[2026-03-04T08:16:40.901+0000] {logging_mixin.py:188} INFO - [2026-03-04T08:16:40.901+0000] {dagbag.py:545} INFO - Filling up the DagBag from /home/airflow/.local/lib/python3.12/site-packages/airflow/example_dags/example_branch_operator.py
[2026-03-04T08:16:40.908+0000] {processor.py:840} INFO - DAG(s) 'example_branch_operator' retrieved from /home/airflow/.local/lib/python3.12/site-packages/airflow/example_dags/example_branch_operator.py
[2026-03-04T08:16:40.921+0000] {logging_mixin.py:188} INFO - [2026-03-04T08:16:40.921+0000] {dag.py:3089} INFO - Sync 1 DAGs
[2026-03-04T08:16:40.931+0000] {logging_mixin.py:188} INFO - [2026-03-04T08:16:40.931+0000] {dag.py:3947} INFO - Setting next_dagrun for example_branch_operator to 2026-03-03 00:00:00+00:00, run_after=2026-03-04 00:00:00+00:00
[2026-03-04T08:16:40.940+0000] {processor.py:183} INFO - Processing /home/airflow/.local/lib/python3.12/site-packages/airflow/example_dags/example_branch_operator.py took 0.043 seconds
[2026-03-04T08:17:11.666+0000] {processor.py:161} INFO - Started process (PID=10189) to work on /home/airflow/.local/lib/python3.12/site-packages/airflow/example_dags/example_branch_operator.py
[2026-03-04T08:17:11.667+0000] {processor.py:830} INFO - Processing file /home/airflow/.local/lib/python3.12/site-packages/airflow/example_dags/example_branch_operator.py for tasks to queue
[2026-03-04T08:17:11.670+0000] {logging_mixin.py:188} INFO - [2026-03-04T08:17:11.670+0000] {dagbag.py:545} INFO - Filling up the DagBag from /home/airflow/.local/lib/python3.12/site-packages/airflow/example_dags/example_branch_operator.py
[2026-03-04T08:17:11.676+0000] {processor.py:840} INFO - DAG(s) 'example_branch_operator' retrieved from /home/airflow/.local/lib/python3.12/site-packages/airflow/example_dags/example_branch_operator.py
[2026-03-04T08:17:11.689+0000] {logging_mixin.py:188} INFO - [2026-03-04T08:17:11.689+0000] {dag.py:3089} INFO - Sync 1 DAGs
[2026-03-04T08:17:11.762+0000] {logging_mixin.py:188} INFO - [2026-03-04T08:17:11.761+0000] {dag.py:3947} INFO - Setting next_dagrun for example_branch_operator to 2026-03-03 00:00:00+00:00, run_after=2026-03-04 00:00:00+00:00
[2026-03-04T08:17:11.773+0000] {processor.py:183} INFO - Processing /home/airflow/.local/lib/python3.12/site-packages/airflow/example_dags/example_branch_operator.py took 0.109 seconds
[2026-03-04T08:17:42.509+0000] {processor.py:161} INFO - Started process (PID=10451) to work on /home/airflow/.local/lib/python3.12/site-packages/airflow/example_dags/example_branch_operator.py
[2026-03-04T08:17:42.510+0000] {processor.py:830} INFO - Processing file /home/airflow/.local/lib/python3.12/site-packages/airflow/example_dags/example_branch_operator.py for tasks to queue
[2026-03-04T08:17:42.511+0000] {logging_mixin.py:188} INFO - [2026-03-04T08:17:42.510+0000] {dagbag.py:545} INFO - Filling up the DagBag from /home/airflow/.local/lib/python3.12/site-packages/airflow/example_dags/example_branch_operator.py
[2026-03-04T08:17:42.516+0000] {processor.py:840} INFO - DAG(s) 'example_branch_operator' retrieved from /home/airflow/.local/lib/python3.12/site-packages/airflow/example_dags/example_branch_operator.py
[2026-03-04T08:17:42.529+0000] {logging_mixin.py:188} INFO - [2026-03-04T08:17:42.529+0000] {dag.py:3089} INFO - Sync 1 DAGs
[2026-03-04T08:17:42.538+0000] {logging_mixin.py:188} INFO - [2026-03-04T08:17:42.538+0000] {dag.py:3947} INFO - Setting next_dagrun for example_branch_operator to 2026-03-03 00:00:00+00:00, run_after=2026-03-04 00:00:00+00:00
[2026-03-04T08:17:42.612+0000] {processor.py:183} INFO - Processing /home/airflow/.local/lib/python3.12/site-packages/airflow/example_dags/example_branch_operator.py took 0.105 seconds
[2026-03-04T08:18:12.706+0000] {processor.py:161} INFO - Started process (PID=10715) to work on /home/airflow/.local/lib/python3.12/site-packages/airflow/example_dags/example_branch_operator.py
[2026-03-04T08:18:12.706+0000] {processor.py:830} INFO - Processing file /home/airflow/.local/lib/python3.12/site-packages/airflow/example_dags/example_branch_operator.py for tasks to queue
[2026-03-04T08:18:12.707+0000] {logging_mixin.py:188} INFO - [2026-03-04T08:18:12.707+0000] {dagbag.py:545} INFO - Filling up the DagBag from /home/airflow/.local/lib/python3.12/site-packages/airflow/example_dags/example_branch_operator.py
[2026-03-04T08:18:12.717+0000] {processor.py:840} INFO - DAG(s) 'example_branch_operator' retrieved from /home/airflow/.local/lib/python3.12/site-packages/airflow/example_dags/example_branch_operator.py
[2026-03-04T08:18:12.733+0000] {logging_mixin.py:188} INFO - [2026-03-04T08:18:12.733+0000] {dag.py:3089} INFO - Sync 1 DAGs
[2026-03-04T08:18:12.743+0000] {logging_mixin.py:188} INFO - [2026-03-04T08:18:12.743+0000] {dag.py:3947} INFO - Setting next_dagrun for example_branch_operator to 2026-03-03 00:00:00+00:00, run_after=2026-03-04 00:00:00+00:00
[2026-03-04T08:18:12.831+0000] {processor.py:183} INFO - Processing /home/airflow/.local/lib/python3.12/site-packages/airflow/example_dags/example_branch_operator.py took 0.128 seconds
[2026-03-04T08:18:43.384+0000] {processor.py:161} INFO - Started process (PID=10975) to work on /home/airflow/.local/lib/python3.12/site-packages/airflow/example_dags/example_branch_operator.py
[2026-03-04T08:18:43.385+0000] {processor.py:830} INFO - Processing file /home/airflow/.local/lib/python3.12/site-packages/airflow/example_dags/example_branch_operator.py for tasks to queue
[2026-03-04T08:18:43.386+0000] {logging_mixin.py:188} INFO - [2026-03-04T08:18:43.386+0000] {dagbag.py:545} INFO - Filling up the DagBag from /home/airflow/.local/lib/python3.12/site-packages/airflow/example_dags/example_branch_operator.py
[2026-03-04T08:18:43.393+0000] {processor.py:840} INFO - DAG(s) 'example_branch_operator' retrieved from /home/airflow/.local/lib/python3.12/site-packages/airflow/example_dags/example_branch_operator.py
[2026-03-04T08:18:43.407+0000] {logging_mixin.py:188} INFO - [2026-03-04T08:18:43.407+0000] {dag.py:3089} INFO - Sync 1 DAGs
[2026-03-04T08:18:43.415+0000] {logging_mixin.py:188} INFO - [2026-03-04T08:18:43.415+0000] {dag.py:3947} INFO - Setting next_dagrun for example_branch_operator to 2026-03-03 00:00:00+00:00, run_after=2026-03-04 00:00:00+00:00
[2026-03-04T08:18:43.421+0000] {processor.py:183} INFO - Processing /home/airflow/.local/lib/python3.12/site-packages/airflow/example_dags/example_branch_operator.py took 0.039 seconds
[2026-03-04T08:19:13.963+0000] {processor.py:161} INFO - Started process (PID=11237) to work on /home/airflow/.local/lib/python3.12/site-packages/airflow/example_dags/example_branch_operator.py
[2026-03-04T08:19:13.963+0000] {processor.py:830} INFO - Processing file /home/airflow/.local/lib/python3.12/site-packages/airflow/example_dags/example_branch_operator.py for tasks to queue
[2026-03-04T08:19:13.964+0000] {logging_mixin.py:188} INFO - [2026-03-04T08:19:13.964+0000] {dagbag.py:545} INFO - Filling up the DagBag from /home/airflow/.local/lib/python3.12/site-packages/airflow/example_dags/example_branch_operator.py
[2026-03-04T08:19:13.970+0000] {processor.py:840} INFO - DAG(s) 'example_branch_operator' retrieved from /home/airflow/.local/lib/python3.12/site-packages/airflow/example_dags/example_branch_operator.py
[2026-03-04T08:19:13.983+0000] {logging_mixin.py:188} INFO - [2026-03-04T08:19:13.983+0000] {dag.py:3089} INFO - Sync 1 DAGs
[2026-03-04T08:19:13.992+0000] {logging_mixin.py:188} INFO - [2026-03-04T08:19:13.992+0000] {dag.py:3947} INFO - Setting next_dagrun for example_branch_operator to 2026-03-03 00:00:00+00:00, run_after=2026-03-04 00:00:00+00:00
[2026-03-04T08:19:14.002+0000] {processor.py:183} INFO - Processing /home/airflow/.local/lib/python3.12/site-packages/airflow/example_dags/example_branch_operator.py took 0.042 seconds
[2026-03-04T08:19:44.585+0000] {processor.py:161} INFO - Started process (PID=11499) to work on /home/airflow/.local/lib/python3.12/site-packages/airflow/example_dags/example_branch_operator.py
[2026-03-04T08:19:44.586+0000] {processor.py:830} INFO - Processing file /home/airflow/.local/lib/python3.12/site-packages/airflow/example_dags/example_branch_operator.py for tasks to queue
[2026-03-04T08:19:44.587+0000] {logging_mixin.py:188} INFO - [2026-03-04T08:19:44.586+0000] {dagbag.py:545} INFO - Filling up the DagBag from /home/airflow/.local/lib/python3.12/site-packages/airflow/example_dags/example_branch_operator.py
[2026-03-04T08:19:44.594+0000] {processor.py:840} INFO - DAG(s) 'example_branch_operator' retrieved from /home/airflow/.local/lib/python3.12/site-packages/airflow/example_dags/example_branch_operator.py
[2026-03-04T08:19:44.606+0000] {logging_mixin.py:188} INFO - [2026-03-04T08:19:44.606+0000] {dag.py:3089} INFO - Sync 1 DAGs
[2026-03-04T08:19:44.615+0000] {logging_mixin.py:188} INFO - [2026-03-04T08:19:44.614+0000] {dag.py:3947} INFO - Setting next_dagrun for example_branch_operator to 2026-03-03 00:00:00+00:00, run_after=2026-03-04 00:00:00+00:00
[2026-03-04T08:19:44.620+0000] {processor.py:183} INFO - Processing /home/airflow/.local/lib/python3.12/site-packages/airflow/example_dags/example_branch_operator.py took 0.038 seconds
[2026-03-04T08:20:15.124+0000] {processor.py:161} INFO - Started process (PID=11761) to work on /home/airflow/.local/lib/python3.12/site-packages/airflow/example_dags/example_branch_operator.py
[2026-03-04T08:20:15.125+0000] {processor.py:830} INFO - Processing file /home/airflow/.local/lib/python3.12/site-packages/airflow/example_dags/example_branch_operator.py for tasks to queue
[2026-03-04T08:20:15.126+0000] {logging_mixin.py:188} INFO - [2026-03-04T08:20:15.126+0000] {dagbag.py:545} INFO - Filling up the DagBag from /home/airflow/.local/lib/python3.12/site-packages/airflow/example_dags/example_branch_operator.py
[2026-03-04T08:20:15.132+0000] {processor.py:840} INFO - DAG(s) 'example_branch_operator' retrieved from /home/airflow/.local/lib/python3.12/site-packages/airflow/example_dags/example_branch_operator.py
[2026-03-04T08:20:15.144+0000] {logging_mixin.py:188} INFO - [2026-03-04T08:20:15.143+0000] {dag.py:3089} INFO - Sync 1 DAGs
[2026-03-04T08:20:15.153+0000] {logging_mixin.py:188} INFO - [2026-03-04T08:20:15.153+0000] {dag.py:3947} INFO - Setting next_dagrun for example_branch_operator to 2026-03-03 00:00:00+00:00, run_after=2026-03-04 00:00:00+00:00
[2026-03-04T08:20:15.160+0000] {processor.py:183} INFO - Processing /home/airflow/.local/lib/python3.12/site-packages/airflow/example_dags/example_branch_operator.py took 0.039 seconds
[2026-03-04T08:37:20.714+0000] {processor.py:161} INFO - Started process (PID=12023) to work on /home/airflow/.local/lib/python3.12/site-packages/airflow/example_dags/example_branch_operator.py
[2026-03-04T08:37:20.715+0000] {processor.py:830} INFO - Processing file /home/airflow/.local/lib/python3.12/site-packages/airflow/example_dags/example_branch_operator.py for tasks to queue
[2026-03-04T08:37:20.715+0000] {logging_mixin.py:188} INFO - [2026-03-04T08:37:20.715+0000] {dagbag.py:545} INFO - Filling up the DagBag from /home/airflow/.local/lib/python3.12/site-packages/airflow/example_dags/example_branch_operator.py
[2026-03-04T08:37:20.723+0000] {processor.py:840} INFO - DAG(s) 'example_branch_operator' retrieved from /home/airflow/.local/lib/python3.12/site-packages/airflow/example_dags/example_branch_operator.py
[2026-03-04T08:37:20.734+0000] {logging_mixin.py:188} INFO - [2026-03-04T08:37:20.734+0000] {dag.py:3089} INFO - Sync 1 DAGs
[2026-03-04T08:37:20.741+0000] {logging_mixin.py:188} INFO - [2026-03-04T08:37:20.741+0000] {dag.py:3947} INFO - Setting next_dagrun for example_branch_operator to 2026-03-03 00:00:00+00:00, run_after=2026-03-04 00:00:00+00:00
[2026-03-04T08:37:20.747+0000] {processor.py:183} INFO - Processing /home/airflow/.local/lib/python3.12/site-packages/airflow/example_dags/example_branch_operator.py took 0.035 seconds
[2026-03-04T08:46:11.194+0000] {processor.py:161} INFO - Started process (PID=12285) to work on /home/airflow/.local/lib/python3.12/site-packages/airflow/example_dags/example_branch_operator.py
[2026-03-04T08:46:11.195+0000] {processor.py:830} INFO - Processing file /home/airflow/.local/lib/python3.12/site-packages/airflow/example_dags/example_branch_operator.py for tasks to queue
[2026-03-04T08:46:11.196+0000] {logging_mixin.py:188} INFO - [2026-03-04T08:46:11.195+0000] {dagbag.py:545} INFO - Filling up the DagBag from /home/airflow/.local/lib/python3.12/site-packages/airflow/example_dags/example_branch_operator.py
[2026-03-04T08:46:11.202+0000] {processor.py:840} INFO - DAG(s) 'example_branch_operator' retrieved from /home/airflow/.local/lib/python3.12/site-packages/airflow/example_dags/example_branch_operator.py
[2026-03-04T08:46:11.218+0000] {logging_mixin.py:188} INFO - [2026-03-04T08:46:11.218+0000] {dag.py:3089} INFO - Sync 1 DAGs
[2026-03-04T08:46:11.226+0000] {logging_mixin.py:188} INFO - [2026-03-04T08:46:11.226+0000] {dag.py:3947} INFO - Setting next_dagrun for example_branch_operator to 2026-03-03 00:00:00+00:00, run_after=2026-03-04 00:00:00+00:00
[2026-03-04T08:46:11.235+0000] {processor.py:183} INFO - Processing /home/airflow/.local/lib/python3.12/site-packages/airflow/example_dags/example_branch_operator.py took 0.043 seconds
[2026-03-04T08:46:41.812+0000] {processor.py:161} INFO - Started process (PID=12549) to work on /home/airflow/.local/lib/python3.12/site-packages/airflow/example_dags/example_branch_operator.py
[2026-03-04T08:46:41.813+0000] {processor.py:830} INFO - Processing file /home/airflow/.local/lib/python3.12/site-packages/airflow/example_dags/example_branch_operator.py for tasks to queue
[2026-03-04T08:46:41.813+0000] {logging_mixin.py:188} INFO - [2026-03-04T08:46:41.813+0000] {dagbag.py:545} INFO - Filling up the DagBag from /home/airflow/.local/lib/python3.12/site-packages/airflow/example_dags/example_branch_operator.py
[2026-03-04T08:46:41.819+0000] {processor.py:840} INFO - DAG(s) 'example_branch_operator' retrieved from /home/airflow/.local/lib/python3.12/site-packages/airflow/example_dags/example_branch_operator.py
[2026-03-04T08:46:41.828+0000] {logging_mixin.py:188} INFO - [2026-03-04T08:46:41.828+0000] {dag.py:3089} INFO - Sync 1 DAGs
[2026-03-04T08:46:41.835+0000] {logging_mixin.py:188} INFO - [2026-03-04T08:46:41.834+0000] {dag.py:3947} INFO - Setting next_dagrun for example_branch_operator to 2026-03-03 00:00:00+00:00, run_after=2026-03-04 00:00:00+00:00
[2026-03-04T08:46:41.839+0000] {processor.py:183} INFO - Processing /home/airflow/.local/lib/python3.12/site-packages/airflow/example_dags/example_branch_operator.py took 0.029 seconds
[2026-03-04T08:47:12.367+0000] {processor.py:161} INFO - Started process (PID=12809) to work on /home/airflow/.local/lib/python3.12/site-packages/airflow/example_dags/example_branch_operator.py
[2026-03-04T08:47:12.369+0000] {processor.py:830} INFO - Processing file /home/airflow/.local/lib/python3.12/site-packages/airflow/example_dags/example_branch_operator.py for tasks to queue
[2026-03-04T08:47:12.369+0000] {logging_mixin.py:188} INFO - [2026-03-04T08:47:12.369+0000] {dagbag.py:545} INFO - Filling up the DagBag from /home/airflow/.local/lib/python3.12/site-packages/airflow/example_dags/example_branch_operator.py
[2026-03-04T08:47:12.376+0000] {processor.py:840} INFO - DAG(s) 'example_branch_operator' retrieved from /home/airflow/.local/lib/python3.12/site-packages/airflow/example_dags/example_branch_operator.py
[2026-03-04T08:47:12.388+0000] {logging_mixin.py:188} INFO - [2026-03-04T08:47:12.388+0000] {dag.py:3089} INFO - Sync 1 DAGs
[2026-03-04T08:47:12.396+0000] {logging_mixin.py:188} INFO - [2026-03-04T08:47:12.396+0000] {dag.py:3947} INFO - Setting next_dagrun for example_branch_operator to 2026-03-03 00:00:00+00:00, run_after=2026-03-04 00:00:00+00:00
[2026-03-04T08:47:12.401+0000] {processor.py:183} INFO - Processing /home/airflow/.local/lib/python3.12/site-packages/airflow/example_dags/example_branch_operator.py took 0.037 seconds
[2026-03-04T08:47:42.857+0000] {processor.py:161} INFO - Started process (PID=13071) to work on /home/airflow/.local/lib/python3.12/site-packages/airflow/example_dags/example_branch_operator.py
[2026-03-04T08:47:42.857+0000] {processor.py:830} INFO - Processing file /home/airflow/.local/lib/python3.12/site-packages/airflow/example_dags/example_branch_operator.py for tasks to queue
[2026-03-04T08:47:42.859+0000] {logging_mixin.py:188} INFO - [2026-03-04T08:47:42.858+0000] {dagbag.py:545} INFO - Filling up the DagBag from /home/airflow/.local/lib/python3.12/site-packages/airflow/example_dags/example_branch_operator.py
[2026-03-04T08:47:42.866+0000] {processor.py:840} INFO - DAG(s) 'example_branch_operator' retrieved from /home/airflow/.local/lib/python3.12/site-packages/airflow/example_dags/example_branch_operator.py
[2026-03-04T08:47:42.884+0000] {logging_mixin.py:188} INFO - [2026-03-04T08:47:42.884+0000] {dag.py:3089} INFO - Sync 1 DAGs
[2026-03-04T08:47:42.893+0000] {logging_mixin.py:188} INFO - [2026-03-04T08:47:42.893+0000] {dag.py:3947} INFO - Setting next_dagrun for example_branch_operator to 2026-03-03 00:00:00+00:00, run_after=2026-03-04 00:00:00+00:00
[2026-03-04T08:47:42.902+0000] {processor.py:183} INFO - Processing /home/airflow/.local/lib/python3.12/site-packages/airflow/example_dags/example_branch_operator.py took 0.048 seconds
[2026-03-04T08:48:13.386+0000] {processor.py:161} INFO - Started process (PID=13333) to work on /home/airflow/.local/lib/python3.12/site-packages/airflow/example_dags/example_branch_operator.py
[2026-03-04T08:48:13.387+0000] {processor.py:830} INFO - Processing file /home/airflow/.local/lib/python3.12/site-packages/airflow/example_dags/example_branch_operator.py for tasks to queue
[2026-03-04T08:48:13.387+0000] {logging_mixin.py:188} INFO - [2026-03-04T08:48:13.387+0000] {dagbag.py:545} INFO - Filling up the DagBag from /home/airflow/.local/lib/python3.12/site-packages/airflow/example_dags/example_branch_operator.py
[2026-03-04T08:48:13.393+0000] {processor.py:840} INFO - DAG(s) 'example_branch_operator' retrieved from /home/airflow/.local/lib/python3.12/site-packages/airflow/example_dags/example_branch_operator.py
[2026-03-04T08:48:13.408+0000] {logging_mixin.py:188} INFO - [2026-03-04T08:48:13.408+0000] {dag.py:3089} INFO - Sync 1 DAGs
[2026-03-04T08:48:13.420+0000] {logging_mixin.py:188} INFO - [2026-03-04T08:48:13.420+0000] {dag.py:3947} INFO - Setting next_dagrun for example_branch_operator to 2026-03-03 00:00:00+00:00, run_after=2026-03-04 00:00:00+00:00
[2026-03-04T08:48:13.428+0000] {processor.py:183} INFO - Processing /home/airflow/.local/lib/python3.12/site-packages/airflow/example_dags/example_branch_operator.py took 0.044 seconds
[2026-03-04T08:48:43.942+0000] {processor.py:161} INFO - Started process (PID=13597) to work on /home/airflow/.local/lib/python3.12/site-packages/airflow/example_dags/example_branch_operator.py
[2026-03-04T08:48:43.943+0000] {processor.py:830} INFO - Processing file /home/airflow/.local/lib/python3.12/site-packages/airflow/example_dags/example_branch_operator.py for tasks to queue
[2026-03-04T08:48:43.943+0000] {logging_mixin.py:188} INFO - [2026-03-04T08:48:43.943+0000] {dagbag.py:545} INFO - Filling up the DagBag from /home/airflow/.local/lib/python3.12/site-packages/airflow/example_dags/example_branch_operator.py
[2026-03-04T08:48:43.949+0000] {processor.py:840} INFO - DAG(s) 'example_branch_operator' retrieved from /home/airflow/.local/lib/python3.12/site-packages/airflow/example_dags/example_branch_operator.py
[2026-03-04T08:48:43.957+0000] {logging_mixin.py:188} INFO - [2026-03-04T08:48:43.957+0000] {dag.py:3089} INFO - Sync 1 DAGs
[2026-03-04T08:48:43.964+0000] {logging_mixin.py:188} INFO - [2026-03-04T08:48:43.964+0000] {dag.py:3947} INFO - Setting next_dagrun for example_branch_operator to 2026-03-03 00:00:00+00:00, run_after=2026-03-04 00:00:00+00:00
[2026-03-04T08:48:43.969+0000] {processor.py:183} INFO - Processing /home/airflow/.local/lib/python3.12/site-packages/airflow/example_dags/example_branch_operator.py took 0.029 seconds
[2026-03-04T08:49:14.559+0000] {processor.py:161} INFO - Started process (PID=13857) to work on /home/airflow/.local/lib/python3.12/site-packages/airflow/example_dags/example_branch_operator.py
[2026-03-04T08:49:14.560+0000] {processor.py:830} INFO - Processing file /home/airflow/.local/lib/python3.12/site-packages/airflow/example_dags/example_branch_operator.py for tasks to queue
[2026-03-04T08:49:14.560+0000] {logging_mixin.py:188} INFO - [2026-03-04T08:49:14.560+0000] {dagbag.py:545} INFO - Filling up the DagBag from /home/airflow/.local/lib/python3.12/site-packages/airflow/example_dags/example_branch_operator.py
[2026-03-04T08:49:14.567+0000] {processor.py:840} INFO - DAG(s) 'example_branch_operator' retrieved from /home/airflow/.local/lib/python3.12/site-packages/airflow/example_dags/example_branch_operator.py
[2026-03-04T08:49:14.583+0000] {logging_mixin.py:188} INFO - [2026-03-04T08:49:14.583+0000] {dag.py:3089} INFO - Sync 1 DAGs
[2026-03-04T08:49:14.592+0000] {logging_mixin.py:188} INFO - [2026-03-04T08:49:14.591+0000] {dag.py:3947} INFO - Setting next_dagrun for example_branch_operator to 2026-03-03 00:00:00+00:00, run_after=2026-03-04 00:00:00+00:00
[2026-03-04T08:49:14.597+0000] {processor.py:183} INFO - Processing /home/airflow/.local/lib/python3.12/site-packages/airflow/example_dags/example_branch_operator.py took 0.040 seconds
[2026-03-04T08:49:45.080+0000] {processor.py:161} INFO - Started process (PID=14121) to work on /home/airflow/.local/lib/python3.12/site-packages/airflow/example_dags/example_branch_operator.py
[2026-03-04T08:49:45.080+0000] {processor.py:830} INFO - Processing file /home/airflow/.local/lib/python3.12/site-packages/airflow/example_dags/example_branch_operator.py for tasks to queue
[2026-03-04T08:49:45.081+0000] {logging_mixin.py:188} INFO - [2026-03-04T08:49:45.081+0000] {dagbag.py:545} INFO - Filling up the DagBag from /home/airflow/.local/lib/python3.12/site-packages/airflow/example_dags/example_branch_operator.py
[2026-03-04T08:49:45.086+0000] {processor.py:840} INFO - DAG(s) 'example_branch_operator' retrieved from /home/airflow/.local/lib/python3.12/site-packages/airflow/example_dags/example_branch_operator.py
[2026-03-04T08:49:45.103+0000] {logging_mixin.py:188} INFO - [2026-03-04T08:49:45.103+0000] {dag.py:3089} INFO - Sync 1 DAGs
[2026-03-04T08:49:45.120+0000] {logging_mixin.py:188} INFO - [2026-03-04T08:49:45.119+0000] {dag.py:3947} INFO - Setting next_dagrun for example_branch_operator to 2026-03-03 00:00:00+00:00, run_after=2026-03-04 00:00:00+00:00
[2026-03-04T08:49:45.128+0000] {processor.py:183} INFO - Processing /home/airflow/.local/lib/python3.12/site-packages/airflow/example_dags/example_branch_operator.py took 0.051 seconds
[2026-03-04T08:50:15.643+0000] {processor.py:161} INFO - Started process (PID=14383) to work on /home/airflow/.local/lib/python3.12/site-packages/airflow/example_dags/example_branch_operator.py
[2026-03-04T08:50:15.643+0000] {processor.py:830} INFO - Processing file /home/airflow/.local/lib/python3.12/site-packages/airflow/example_dags/example_branch_operator.py for tasks to queue
[2026-03-04T08:50:15.644+0000] {logging_mixin.py:188} INFO - [2026-03-04T08:50:15.644+0000] {dagbag.py:545} INFO - Filling up the DagBag from /home/airflow/.local/lib/python3.12/site-packages/airflow/example_dags/example_branch_operator.py
[2026-03-04T08:50:15.649+0000] {processor.py:840} INFO - DAG(s) 'example_branch_operator' retrieved from /home/airflow/.local/lib/python3.12/site-packages/airflow/example_dags/example_branch_operator.py
[2026-03-04T08:50:15.657+0000] {logging_mixin.py:188} INFO - [2026-03-04T08:50:15.657+0000] {dag.py:3089} INFO - Sync 1 DAGs
[2026-03-04T08:50:15.664+0000] {logging_mixin.py:188} INFO - [2026-03-04T08:50:15.664+0000] {dag.py:3947} INFO - Setting next_dagrun for example_branch_operator to 2026-03-03 00:00:00+00:00, run_after=2026-03-04 00:00:00+00:00
[2026-03-04T08:50:15.669+0000] {processor.py:183} INFO - Processing /home/airflow/.local/lib/python3.12/site-packages/airflow/example_dags/example_branch_operator.py took 0.028 seconds
[2026-03-04T08:50:46.198+0000] {processor.py:161} INFO - Started process (PID=14645) to work on /home/airflow/.local/lib/python3.12/site-packages/airflow/example_dags/example_branch_operator.py
[2026-03-04T08:50:46.198+0000] {processor.py:830} INFO - Processing file /home/airflow/.local/lib/python3.12/site-packages/airflow/example_dags/example_branch_operator.py for tasks to queue
[2026-03-04T08:50:46.199+0000] {logging_mixin.py:188} INFO - [2026-03-04T08:50:46.199+0000] {dagbag.py:545} INFO - Filling up the DagBag from /home/airflow/.local/lib/python3.12/site-packages/airflow/example_dags/example_branch_operator.py
[2026-03-04T08:50:46.205+0000] {processor.py:840} INFO - DAG(s) 'example_branch_operator' retrieved from /home/airflow/.local/lib/python3.12/site-packages/airflow/example_dags/example_branch_operator.py
[2026-03-04T08:50:46.214+0000] {logging_mixin.py:188} INFO - [2026-03-04T08:50:46.214+0000] {dag.py:3089} INFO - Sync 1 DAGs
[2026-03-04T08:50:46.220+0000] {logging_mixin.py:188} INFO - [2026-03-04T08:50:46.220+0000] {dag.py:3947} INFO - Setting next_dagrun for example_branch_operator to 2026-03-03 00:00:00+00:00, run_after=2026-03-04 00:00:00+00:00
[2026-03-04T08:50:46.225+0000] {processor.py:183} INFO - Processing /home/airflow/.local/lib/python3.12/site-packages/airflow/example_dags/example_branch_operator.py took 0.030 seconds
