[2026-03-04T07:57:49.435+0000] {processor.py:161} INFO - Started process (PID=212) to work on /home/airflow/.local/lib/python3.12/site-packages/airflow/example_dags/example_nested_branch_dag.py
[2026-03-04T07:57:49.435+0000] {processor.py:830} INFO - Processing file /home/airflow/.local/lib/python3.12/site-packages/airflow/example_dags/example_nested_branch_dag.py for tasks to queue
[2026-03-04T07:57:49.436+0000] {logging_mixin.py:188} INFO - [2026-03-04T07:57:49.436+0000] {dagbag.py:545} INFO - Filling up the DagBag from /home/airflow/.local/lib/python3.12/site-packages/airflow/example_dags/example_nested_branch_dag.py
[2026-03-04T07:57:49.441+0000] {processor.py:840} INFO - DAG(s) 'example_nested_branch_dag' retrieved from /home/airflow/.local/lib/python3.12/site-packages/airflow/example_dags/example_nested_branch_dag.py
[2026-03-04T07:57:49.479+0000] {logging_mixin.py:188} INFO - [2026-03-04T07:57:49.479+0000] {override.py:1858} INFO - Created Permission View: can delete on DAG:example_nested_branch_dag
[2026-03-04T07:57:49.482+0000] {logging_mixin.py:188} INFO - [2026-03-04T07:57:49.482+0000] {override.py:1858} INFO - Created Permission View: can read on DAG:example_nested_branch_dag
[2026-03-04T07:57:49.484+0000] {logging_mixin.py:188} INFO - [2026-03-04T07:57:49.484+0000] {override.py:1858} INFO - Created Permission View: can edit on DAG:example_nested_branch_dag
[2026-03-04T07:57:49.484+0000] {logging_mixin.py:188} INFO - [2026-03-04T07:57:49.484+0000] {dag.py:3089} INFO - Sync 1 DAGs
[2026-03-04T07:57:49.488+0000] {logging_mixin.py:188} INFO - [2026-03-04T07:57:49.488+0000] {dag.py:3111} INFO - Creating ORM DAG for example_nested_branch_dag
[2026-03-04T07:57:49.492+0000] {logging_mixin.py:188} INFO - [2026-03-04T07:57:49.492+0000] {dag.py:3947} INFO - Setting next_dagrun for example_nested_branch_dag to 2026-03-03 00:00:00+00:00, run_after=2026-03-04 00:00:00+00:00
[2026-03-04T07:57:49.498+0000] {processor.py:183} INFO - Processing /home/airflow/.local/lib/python3.12/site-packages/airflow/example_dags/example_nested_branch_dag.py took 0.065 seconds
[2026-03-04T07:58:20.173+0000] {processor.py:161} INFO - Started process (PID=474) to work on /home/airflow/.local/lib/python3.12/site-packages/airflow/example_dags/example_nested_branch_dag.py
[2026-03-04T07:58:20.173+0000] {processor.py:830} INFO - Processing file /home/airflow/.local/lib/python3.12/site-packages/airflow/example_dags/example_nested_branch_dag.py for tasks to queue
[2026-03-04T07:58:20.174+0000] {logging_mixin.py:188} INFO - [2026-03-04T07:58:20.174+0000] {dagbag.py:545} INFO - Filling up the DagBag from /home/airflow/.local/lib/python3.12/site-packages/airflow/example_dags/example_nested_branch_dag.py
[2026-03-04T07:58:20.178+0000] {processor.py:840} INFO - DAG(s) 'example_nested_branch_dag' retrieved from /home/airflow/.local/lib/python3.12/site-packages/airflow/example_dags/example_nested_branch_dag.py
[2026-03-04T07:58:20.186+0000] {logging_mixin.py:188} INFO - [2026-03-04T07:58:20.186+0000] {dag.py:3089} INFO - Sync 1 DAGs
[2026-03-04T07:58:20.195+0000] {logging_mixin.py:188} INFO - [2026-03-04T07:58:20.195+0000] {dag.py:3947} INFO - Setting next_dagrun for example_nested_branch_dag to 2026-03-03 00:00:00+00:00, run_after=2026-03-04 00:00:00+00:00
[2026-03-04T07:58:20.203+0000] {processor.py:183} INFO - Processing /home/airflow/.local/lib/python3.12/site-packages/airflow/example_dags/example_nested_branch_dag.py took 0.033 seconds
[2026-03-04T07:58:50.706+0000] {processor.py:161} INFO - Started process (PID=736) to work on /home/airflow/.local/lib/python3.12/site-packages/airflow/example_dags/example_nested_branch_dag.py
[2026-03-04T07:58:50.706+0000] {processor.py:830} INFO - Processing file /home/airflow/.local/lib/python3.12/site-packages/airflow/example_dags/example_nested_branch_dag.py for tasks to queue
[2026-03-04T07:58:50.707+0000] {logging_mixin.py:188} INFO - [2026-03-04T07:58:50.707+0000] {dagbag.py:545} INFO - Filling up the DagBag from /home/airflow/.local/lib/python3.12/site-packages/airflow/example_dags/example_nested_branch_dag.py
[2026-03-04T07:58:50.712+0000] {processor.py:840} INFO - DAG(s) 'example_nested_branch_dag' retrieved from /home/airflow/.local/lib/python3.12/site-packages/airflow/example_dags/example_nested_branch_dag.py
[2026-03-04T07:58:50.720+0000] {logging_mixin.py:188} INFO - [2026-03-04T07:58:50.720+0000] {dag.py:3089} INFO - Sync 1 DAGs
[2026-03-04T07:58:50.727+0000] {logging_mixin.py:188} INFO - [2026-03-04T07:58:50.727+0000] {dag.py:3947} INFO - Setting next_dagrun for example_nested_branch_dag to 2026-03-03 00:00:00+00:00, run_after=2026-03-04 00:00:00+00:00
[2026-03-04T07:58:50.733+0000] {processor.py:183} INFO - Processing /home/airflow/.local/lib/python3.12/site-packages/airflow/example_dags/example_nested_branch_dag.py took 0.030 seconds
[2026-03-04T07:59:21.250+0000] {processor.py:161} INFO - Started process (PID=998) to work on /home/airflow/.local/lib/python3.12/site-packages/airflow/example_dags/example_nested_branch_dag.py
[2026-03-04T07:59:21.251+0000] {processor.py:830} INFO - Processing file /home/airflow/.local/lib/python3.12/site-packages/airflow/example_dags/example_nested_branch_dag.py for tasks to queue
[2026-03-04T07:59:21.251+0000] {logging_mixin.py:188} INFO - [2026-03-04T07:59:21.251+0000] {dagbag.py:545} INFO - Filling up the DagBag from /home/airflow/.local/lib/python3.12/site-packages/airflow/example_dags/example_nested_branch_dag.py
[2026-03-04T07:59:21.255+0000] {processor.py:840} INFO - DAG(s) 'example_nested_branch_dag' retrieved from /home/airflow/.local/lib/python3.12/site-packages/airflow/example_dags/example_nested_branch_dag.py
[2026-03-04T07:59:21.265+0000] {logging_mixin.py:188} INFO - [2026-03-04T07:59:21.265+0000] {dag.py:3089} INFO - Sync 1 DAGs
[2026-03-04T07:59:21.274+0000] {logging_mixin.py:188} INFO - [2026-03-04T07:59:21.274+0000] {dag.py:3947} INFO - Setting next_dagrun for example_nested_branch_dag to 2026-03-03 00:00:00+00:00, run_after=2026-03-04 00:00:00+00:00
[2026-03-04T07:59:21.280+0000] {processor.py:183} INFO - Processing /home/airflow/.local/lib/python3.12/site-packages/airflow/example_dags/example_nested_branch_dag.py took 0.032 seconds
[2026-03-04T07:59:51.830+0000] {processor.py:161} INFO - Started process (PID=1260) to work on /home/airflow/.local/lib/python3.12/site-packages/airflow/example_dags/example_nested_branch_dag.py
[2026-03-04T07:59:51.831+0000] {processor.py:830} INFO - Processing file /home/airflow/.local/lib/python3.12/site-packages/airflow/example_dags/example_nested_branch_dag.py for tasks to queue
[2026-03-04T07:59:51.831+0000] {logging_mixin.py:188} INFO - [2026-03-04T07:59:51.831+0000] {dagbag.py:545} INFO - Filling up the DagBag from /home/airflow/.local/lib/python3.12/site-packages/airflow/example_dags/example_nested_branch_dag.py
[2026-03-04T07:59:51.838+0000] {processor.py:840} INFO - DAG(s) 'example_nested_branch_dag' retrieved from /home/airflow/.local/lib/python3.12/site-packages/airflow/example_dags/example_nested_branch_dag.py
[2026-03-04T07:59:51.848+0000] {logging_mixin.py:188} INFO - [2026-03-04T07:59:51.848+0000] {dag.py:3089} INFO - Sync 1 DAGs
[2026-03-04T07:59:51.860+0000] {logging_mixin.py:188} INFO - [2026-03-04T07:59:51.860+0000] {dag.py:3947} INFO - Setting next_dagrun for example_nested_branch_dag to 2026-03-03 00:00:00+00:00, run_after=2026-03-04 00:00:00+00:00
[2026-03-04T07:59:51.872+0000] {processor.py:183} INFO - Processing /home/airflow/.local/lib/python3.12/site-packages/airflow/example_dags/example_nested_branch_dag.py took 0.044 seconds
[2026-03-04T08:00:22.538+0000] {processor.py:161} INFO - Started process (PID=1522) to work on /home/airflow/.local/lib/python3.12/site-packages/airflow/example_dags/example_nested_branch_dag.py
[2026-03-04T08:00:22.539+0000] {processor.py:830} INFO - Processing file /home/airflow/.local/lib/python3.12/site-packages/airflow/example_dags/example_nested_branch_dag.py for tasks to queue
[2026-03-04T08:00:22.540+0000] {logging_mixin.py:188} INFO - [2026-03-04T08:00:22.540+0000] {dagbag.py:545} INFO - Filling up the DagBag from /home/airflow/.local/lib/python3.12/site-packages/airflow/example_dags/example_nested_branch_dag.py
[2026-03-04T08:00:22.544+0000] {processor.py:840} INFO - DAG(s) 'example_nested_branch_dag' retrieved from /home/airflow/.local/lib/python3.12/site-packages/airflow/example_dags/example_nested_branch_dag.py
[2026-03-04T08:00:22.553+0000] {logging_mixin.py:188} INFO - [2026-03-04T08:00:22.553+0000] {dag.py:3089} INFO - Sync 1 DAGs
[2026-03-04T08:00:22.561+0000] {logging_mixin.py:188} INFO - [2026-03-04T08:00:22.561+0000] {dag.py:3947} INFO - Setting next_dagrun for example_nested_branch_dag to 2026-03-03 00:00:00+00:00, run_after=2026-03-04 00:00:00+00:00
[2026-03-04T08:00:22.568+0000] {processor.py:183} INFO - Processing /home/airflow/.local/lib/python3.12/site-packages/airflow/example_dags/example_nested_branch_dag.py took 0.033 seconds
[2026-03-04T08:00:53.171+0000] {processor.py:161} INFO - Started process (PID=1784) to work on /home/airflow/.local/lib/python3.12/site-packages/airflow/example_dags/example_nested_branch_dag.py
[2026-03-04T08:00:53.171+0000] {processor.py:830} INFO - Processing file /home/airflow/.local/lib/python3.12/site-packages/airflow/example_dags/example_nested_branch_dag.py for tasks to queue
[2026-03-04T08:00:53.172+0000] {logging_mixin.py:188} INFO - [2026-03-04T08:00:53.172+0000] {dagbag.py:545} INFO - Filling up the DagBag from /home/airflow/.local/lib/python3.12/site-packages/airflow/example_dags/example_nested_branch_dag.py
[2026-03-04T08:00:53.176+0000] {processor.py:840} INFO - DAG(s) 'example_nested_branch_dag' retrieved from /home/airflow/.local/lib/python3.12/site-packages/airflow/example_dags/example_nested_branch_dag.py
[2026-03-04T08:00:53.184+0000] {logging_mixin.py:188} INFO - [2026-03-04T08:00:53.184+0000] {dag.py:3089} INFO - Sync 1 DAGs
[2026-03-04T08:00:53.192+0000] {logging_mixin.py:188} INFO - [2026-03-04T08:00:53.192+0000] {dag.py:3947} INFO - Setting next_dagrun for example_nested_branch_dag to 2026-03-03 00:00:00+00:00, run_after=2026-03-04 00:00:00+00:00
[2026-03-04T08:00:53.203+0000] {processor.py:183} INFO - Processing /home/airflow/.local/lib/python3.12/site-packages/airflow/example_dags/example_nested_branch_dag.py took 0.035 seconds
[2026-03-04T08:01:23.780+0000] {processor.py:161} INFO - Started process (PID=2046) to work on /home/airflow/.local/lib/python3.12/site-packages/airflow/example_dags/example_nested_branch_dag.py
[2026-03-04T08:01:23.780+0000] {processor.py:830} INFO - Processing file /home/airflow/.local/lib/python3.12/site-packages/airflow/example_dags/example_nested_branch_dag.py for tasks to queue
[2026-03-04T08:01:23.781+0000] {logging_mixin.py:188} INFO - [2026-03-04T08:01:23.781+0000] {dagbag.py:545} INFO - Filling up the DagBag from /home/airflow/.local/lib/python3.12/site-packages/airflow/example_dags/example_nested_branch_dag.py
[2026-03-04T08:01:23.785+0000] {processor.py:840} INFO - DAG(s) 'example_nested_branch_dag' retrieved from /home/airflow/.local/lib/python3.12/site-packages/airflow/example_dags/example_nested_branch_dag.py
[2026-03-04T08:01:23.794+0000] {logging_mixin.py:188} INFO - [2026-03-04T08:01:23.794+0000] {dag.py:3089} INFO - Sync 1 DAGs
[2026-03-04T08:01:23.804+0000] {logging_mixin.py:188} INFO - [2026-03-04T08:01:23.803+0000] {dag.py:3947} INFO - Setting next_dagrun for example_nested_branch_dag to 2026-03-03 00:00:00+00:00, run_after=2026-03-04 00:00:00+00:00
[2026-03-04T08:01:23.810+0000] {processor.py:183} INFO - Processing /home/airflow/.local/lib/python3.12/site-packages/airflow/example_dags/example_nested_branch_dag.py took 0.032 seconds
[2026-03-04T08:01:54.308+0000] {processor.py:161} INFO - Started process (PID=2308) to work on /home/airflow/.local/lib/python3.12/site-packages/airflow/example_dags/example_nested_branch_dag.py
[2026-03-04T08:01:54.308+0000] {processor.py:830} INFO - Processing file /home/airflow/.local/lib/python3.12/site-packages/airflow/example_dags/example_nested_branch_dag.py for tasks to queue
[2026-03-04T08:01:54.309+0000] {logging_mixin.py:188} INFO - [2026-03-04T08:01:54.309+0000] {dagbag.py:545} INFO - Filling up the DagBag from /home/airflow/.local/lib/python3.12/site-packages/airflow/example_dags/example_nested_branch_dag.py
[2026-03-04T08:01:54.313+0000] {processor.py:840} INFO - DAG(s) 'example_nested_branch_dag' retrieved from /home/airflow/.local/lib/python3.12/site-packages/airflow/example_dags/example_nested_branch_dag.py
[2026-03-04T08:01:54.322+0000] {logging_mixin.py:188} INFO - [2026-03-04T08:01:54.321+0000] {dag.py:3089} INFO - Sync 1 DAGs
[2026-03-04T08:01:54.329+0000] {logging_mixin.py:188} INFO - [2026-03-04T08:01:54.329+0000] {dag.py:3947} INFO - Setting next_dagrun for example_nested_branch_dag to 2026-03-03 00:00:00+00:00, run_after=2026-03-04 00:00:00+00:00
[2026-03-04T08:01:54.335+0000] {processor.py:183} INFO - Processing /home/airflow/.local/lib/python3.12/site-packages/airflow/example_dags/example_nested_branch_dag.py took 0.029 seconds
[2026-03-04T08:02:24.838+0000] {processor.py:161} INFO - Started process (PID=2570) to work on /home/airflow/.local/lib/python3.12/site-packages/airflow/example_dags/example_nested_branch_dag.py
[2026-03-04T08:02:24.838+0000] {processor.py:830} INFO - Processing file /home/airflow/.local/lib/python3.12/site-packages/airflow/example_dags/example_nested_branch_dag.py for tasks to queue
[2026-03-04T08:02:24.839+0000] {logging_mixin.py:188} INFO - [2026-03-04T08:02:24.839+0000] {dagbag.py:545} INFO - Filling up the DagBag from /home/airflow/.local/lib/python3.12/site-packages/airflow/example_dags/example_nested_branch_dag.py
[2026-03-04T08:02:24.842+0000] {processor.py:840} INFO - DAG(s) 'example_nested_branch_dag' retrieved from /home/airflow/.local/lib/python3.12/site-packages/airflow/example_dags/example_nested_branch_dag.py
[2026-03-04T08:02:24.851+0000] {logging_mixin.py:188} INFO - [2026-03-04T08:02:24.851+0000] {dag.py:3089} INFO - Sync 1 DAGs
[2026-03-04T08:02:24.865+0000] {logging_mixin.py:188} INFO - [2026-03-04T08:02:24.865+0000] {dag.py:3947} INFO - Setting next_dagrun for example_nested_branch_dag to 2026-03-03 00:00:00+00:00, run_after=2026-03-04 00:00:00+00:00
[2026-03-04T08:02:24.874+0000] {processor.py:183} INFO - Processing /home/airflow/.local/lib/python3.12/site-packages/airflow/example_dags/example_nested_branch_dag.py took 0.038 seconds
[2026-03-04T08:02:55.378+0000] {processor.py:161} INFO - Started process (PID=2832) to work on /home/airflow/.local/lib/python3.12/site-packages/airflow/example_dags/example_nested_branch_dag.py
[2026-03-04T08:02:55.378+0000] {processor.py:830} INFO - Processing file /home/airflow/.local/lib/python3.12/site-packages/airflow/example_dags/example_nested_branch_dag.py for tasks to queue
[2026-03-04T08:02:55.379+0000] {logging_mixin.py:188} INFO - [2026-03-04T08:02:55.379+0000] {dagbag.py:545} INFO - Filling up the DagBag from /home/airflow/.local/lib/python3.12/site-packages/airflow/example_dags/example_nested_branch_dag.py
[2026-03-04T08:02:55.383+0000] {processor.py:840} INFO - DAG(s) 'example_nested_branch_dag' retrieved from /home/airflow/.local/lib/python3.12/site-packages/airflow/example_dags/example_nested_branch_dag.py
[2026-03-04T08:02:55.392+0000] {logging_mixin.py:188} INFO - [2026-03-04T08:02:55.392+0000] {dag.py:3089} INFO - Sync 1 DAGs
[2026-03-04T08:02:55.399+0000] {logging_mixin.py:188} INFO - [2026-03-04T08:02:55.399+0000] {dag.py:3947} INFO - Setting next_dagrun for example_nested_branch_dag to 2026-03-03 00:00:00+00:00, run_after=2026-03-04 00:00:00+00:00
[2026-03-04T08:02:55.405+0000] {processor.py:183} INFO - Processing /home/airflow/.local/lib/python3.12/site-packages/airflow/example_dags/example_nested_branch_dag.py took 0.029 seconds
[2026-03-04T08:03:25.970+0000] {processor.py:161} INFO - Started process (PID=3094) to work on /home/airflow/.local/lib/python3.12/site-packages/airflow/example_dags/example_nested_branch_dag.py
[2026-03-04T08:03:25.970+0000] {processor.py:830} INFO - Processing file /home/airflow/.local/lib/python3.12/site-packages/airflow/example_dags/example_nested_branch_dag.py for tasks to queue
[2026-03-04T08:03:25.971+0000] {logging_mixin.py:188} INFO - [2026-03-04T08:03:25.971+0000] {dagbag.py:545} INFO - Filling up the DagBag from /home/airflow/.local/lib/python3.12/site-packages/airflow/example_dags/example_nested_branch_dag.py
[2026-03-04T08:03:25.975+0000] {processor.py:840} INFO - DAG(s) 'example_nested_branch_dag' retrieved from /home/airflow/.local/lib/python3.12/site-packages/airflow/example_dags/example_nested_branch_dag.py
[2026-03-04T08:03:25.983+0000] {logging_mixin.py:188} INFO - [2026-03-04T08:03:25.983+0000] {dag.py:3089} INFO - Sync 1 DAGs
[2026-03-04T08:03:25.992+0000] {logging_mixin.py:188} INFO - [2026-03-04T08:03:25.992+0000] {dag.py:3947} INFO - Setting next_dagrun for example_nested_branch_dag to 2026-03-03 00:00:00+00:00, run_after=2026-03-04 00:00:00+00:00
[2026-03-04T08:03:26.002+0000] {processor.py:183} INFO - Processing /home/airflow/.local/lib/python3.12/site-packages/airflow/example_dags/example_nested_branch_dag.py took 0.034 seconds
[2026-03-04T08:03:56.503+0000] {processor.py:161} INFO - Started process (PID=3356) to work on /home/airflow/.local/lib/python3.12/site-packages/airflow/example_dags/example_nested_branch_dag.py
[2026-03-04T08:03:56.503+0000] {processor.py:830} INFO - Processing file /home/airflow/.local/lib/python3.12/site-packages/airflow/example_dags/example_nested_branch_dag.py for tasks to queue
[2026-03-04T08:03:56.504+0000] {logging_mixin.py:188} INFO - [2026-03-04T08:03:56.504+0000] {dagbag.py:545} INFO - Filling up the DagBag from /home/airflow/.local/lib/python3.12/site-packages/airflow/example_dags/example_nested_branch_dag.py
[2026-03-04T08:03:56.508+0000] {processor.py:840} INFO - DAG(s) 'example_nested_branch_dag' retrieved from /home/airflow/.local/lib/python3.12/site-packages/airflow/example_dags/example_nested_branch_dag.py
[2026-03-04T08:03:56.518+0000] {logging_mixin.py:188} INFO - [2026-03-04T08:03:56.518+0000] {dag.py:3089} INFO - Sync 1 DAGs
[2026-03-04T08:03:56.527+0000] {logging_mixin.py:188} INFO - [2026-03-04T08:03:56.527+0000] {dag.py:3947} INFO - Setting next_dagrun for example_nested_branch_dag to 2026-03-03 00:00:00+00:00, run_after=2026-03-04 00:00:00+00:00
[2026-03-04T08:03:56.535+0000] {processor.py:183} INFO - Processing /home/airflow/.local/lib/python3.12/site-packages/airflow/example_dags/example_nested_branch_dag.py took 0.035 seconds
[2026-03-04T08:04:27.068+0000] {processor.py:161} INFO - Started process (PID=3618) to work on /home/airflow/.local/lib/python3.12/site-packages/airflow/example_dags/example_nested_branch_dag.py
[2026-03-04T08:04:27.068+0000] {processor.py:830} INFO - Processing file /home/airflow/.local/lib/python3.12/site-packages/airflow/example_dags/example_nested_branch_dag.py for tasks to queue
[2026-03-04T08:04:27.069+0000] {logging_mixin.py:188} INFO - [2026-03-04T08:04:27.069+0000] {dagbag.py:545} INFO - Filling up the DagBag from /home/airflow/.local/lib/python3.12/site-packages/airflow/example_dags/example_nested_branch_dag.py
[2026-03-04T08:04:27.073+0000] {processor.py:840} INFO - DAG(s) 'example_nested_branch_dag' retrieved from /home/airflow/.local/lib/python3.12/site-packages/airflow/example_dags/example_nested_branch_dag.py
[2026-03-04T08:04:27.081+0000] {logging_mixin.py:188} INFO - [2026-03-04T08:04:27.080+0000] {dag.py:3089} INFO - Sync 1 DAGs
[2026-03-04T08:04:27.088+0000] {logging_mixin.py:188} INFO - [2026-03-04T08:04:27.088+0000] {dag.py:3947} INFO - Setting next_dagrun for example_nested_branch_dag to 2026-03-03 00:00:00+00:00, run_after=2026-03-04 00:00:00+00:00
[2026-03-04T08:04:27.094+0000] {processor.py:183} INFO - Processing /home/airflow/.local/lib/python3.12/site-packages/airflow/example_dags/example_nested_branch_dag.py took 0.029 seconds
[2026-03-04T08:04:57.687+0000] {processor.py:161} INFO - Started process (PID=3880) to work on /home/airflow/.local/lib/python3.12/site-packages/airflow/example_dags/example_nested_branch_dag.py
[2026-03-04T08:04:57.688+0000] {processor.py:830} INFO - Processing file /home/airflow/.local/lib/python3.12/site-packages/airflow/example_dags/example_nested_branch_dag.py for tasks to queue
[2026-03-04T08:04:57.688+0000] {logging_mixin.py:188} INFO - [2026-03-04T08:04:57.688+0000] {dagbag.py:545} INFO - Filling up the DagBag from /home/airflow/.local/lib/python3.12/site-packages/airflow/example_dags/example_nested_branch_dag.py
[2026-03-04T08:04:57.692+0000] {processor.py:840} INFO - DAG(s) 'example_nested_branch_dag' retrieved from /home/airflow/.local/lib/python3.12/site-packages/airflow/example_dags/example_nested_branch_dag.py
[2026-03-04T08:04:57.705+0000] {logging_mixin.py:188} INFO - [2026-03-04T08:04:57.704+0000] {dag.py:3089} INFO - Sync 1 DAGs
[2026-03-04T08:04:57.713+0000] {logging_mixin.py:188} INFO - [2026-03-04T08:04:57.713+0000] {dag.py:3947} INFO - Setting next_dagrun for example_nested_branch_dag to 2026-03-03 00:00:00+00:00, run_after=2026-03-04 00:00:00+00:00
[2026-03-04T08:04:57.720+0000] {processor.py:183} INFO - Processing /home/airflow/.local/lib/python3.12/site-packages/airflow/example_dags/example_nested_branch_dag.py took 0.035 seconds
[2026-03-04T08:05:28.256+0000] {processor.py:161} INFO - Started process (PID=4142) to work on /home/airflow/.local/lib/python3.12/site-packages/airflow/example_dags/example_nested_branch_dag.py
[2026-03-04T08:05:28.257+0000] {processor.py:830} INFO - Processing file /home/airflow/.local/lib/python3.12/site-packages/airflow/example_dags/example_nested_branch_dag.py for tasks to queue
[2026-03-04T08:05:28.258+0000] {logging_mixin.py:188} INFO - [2026-03-04T08:05:28.258+0000] {dagbag.py:545} INFO - Filling up the DagBag from /home/airflow/.local/lib/python3.12/site-packages/airflow/example_dags/example_nested_branch_dag.py
[2026-03-04T08:05:28.262+0000] {processor.py:840} INFO - DAG(s) 'example_nested_branch_dag' retrieved from /home/airflow/.local/lib/python3.12/site-packages/airflow/example_dags/example_nested_branch_dag.py
[2026-03-04T08:05:28.269+0000] {logging_mixin.py:188} INFO - [2026-03-04T08:05:28.269+0000] {dag.py:3089} INFO - Sync 1 DAGs
[2026-03-04T08:05:28.277+0000] {logging_mixin.py:188} INFO - [2026-03-04T08:05:28.277+0000] {dag.py:3947} INFO - Setting next_dagrun for example_nested_branch_dag to 2026-03-03 00:00:00+00:00, run_after=2026-03-04 00:00:00+00:00
[2026-03-04T08:05:28.289+0000] {processor.py:183} INFO - Processing /home/airflow/.local/lib/python3.12/site-packages/airflow/example_dags/example_nested_branch_dag.py took 0.034 seconds
[2026-03-04T08:05:58.853+0000] {processor.py:161} INFO - Started process (PID=4404) to work on /home/airflow/.local/lib/python3.12/site-packages/airflow/example_dags/example_nested_branch_dag.py
[2026-03-04T08:05:58.854+0000] {processor.py:830} INFO - Processing file /home/airflow/.local/lib/python3.12/site-packages/airflow/example_dags/example_nested_branch_dag.py for tasks to queue
[2026-03-04T08:05:58.854+0000] {logging_mixin.py:188} INFO - [2026-03-04T08:05:58.854+0000] {dagbag.py:545} INFO - Filling up the DagBag from /home/airflow/.local/lib/python3.12/site-packages/airflow/example_dags/example_nested_branch_dag.py
[2026-03-04T08:05:58.858+0000] {processor.py:840} INFO - DAG(s) 'example_nested_branch_dag' retrieved from /home/airflow/.local/lib/python3.12/site-packages/airflow/example_dags/example_nested_branch_dag.py
[2026-03-04T08:05:58.865+0000] {logging_mixin.py:188} INFO - [2026-03-04T08:05:58.865+0000] {dag.py:3089} INFO - Sync 1 DAGs
[2026-03-04T08:05:58.872+0000] {logging_mixin.py:188} INFO - [2026-03-04T08:05:58.872+0000] {dag.py:3947} INFO - Setting next_dagrun for example_nested_branch_dag to 2026-03-03 00:00:00+00:00, run_after=2026-03-04 00:00:00+00:00
[2026-03-04T08:05:58.881+0000] {processor.py:183} INFO - Processing /home/airflow/.local/lib/python3.12/site-packages/airflow/example_dags/example_nested_branch_dag.py took 0.030 seconds
[2026-03-04T08:06:29.364+0000] {processor.py:161} INFO - Started process (PID=4666) to work on /home/airflow/.local/lib/python3.12/site-packages/airflow/example_dags/example_nested_branch_dag.py
[2026-03-04T08:06:29.364+0000] {processor.py:830} INFO - Processing file /home/airflow/.local/lib/python3.12/site-packages/airflow/example_dags/example_nested_branch_dag.py for tasks to queue
[2026-03-04T08:06:29.365+0000] {logging_mixin.py:188} INFO - [2026-03-04T08:06:29.365+0000] {dagbag.py:545} INFO - Filling up the DagBag from /home/airflow/.local/lib/python3.12/site-packages/airflow/example_dags/example_nested_branch_dag.py
[2026-03-04T08:06:29.368+0000] {processor.py:840} INFO - DAG(s) 'example_nested_branch_dag' retrieved from /home/airflow/.local/lib/python3.12/site-packages/airflow/example_dags/example_nested_branch_dag.py
[2026-03-04T08:06:29.380+0000] {logging_mixin.py:188} INFO - [2026-03-04T08:06:29.380+0000] {dag.py:3089} INFO - Sync 1 DAGs
[2026-03-04T08:06:29.388+0000] {logging_mixin.py:188} INFO - [2026-03-04T08:06:29.388+0000] {dag.py:3947} INFO - Setting next_dagrun for example_nested_branch_dag to 2026-03-03 00:00:00+00:00, run_after=2026-03-04 00:00:00+00:00
[2026-03-04T08:06:29.394+0000] {processor.py:183} INFO - Processing /home/airflow/.local/lib/python3.12/site-packages/airflow/example_dags/example_nested_branch_dag.py took 0.032 seconds
[2026-03-04T08:06:59.971+0000] {processor.py:161} INFO - Started process (PID=4928) to work on /home/airflow/.local/lib/python3.12/site-packages/airflow/example_dags/example_nested_branch_dag.py
[2026-03-04T08:06:59.972+0000] {processor.py:830} INFO - Processing file /home/airflow/.local/lib/python3.12/site-packages/airflow/example_dags/example_nested_branch_dag.py for tasks to queue
[2026-03-04T08:06:59.973+0000] {logging_mixin.py:188} INFO - [2026-03-04T08:06:59.973+0000] {dagbag.py:545} INFO - Filling up the DagBag from /home/airflow/.local/lib/python3.12/site-packages/airflow/example_dags/example_nested_branch_dag.py
[2026-03-04T08:06:59.978+0000] {processor.py:840} INFO - DAG(s) 'example_nested_branch_dag' retrieved from /home/airflow/.local/lib/python3.12/site-packages/airflow/example_dags/example_nested_branch_dag.py
[2026-03-04T08:06:59.989+0000] {logging_mixin.py:188} INFO - [2026-03-04T08:06:59.989+0000] {dag.py:3089} INFO - Sync 1 DAGs
[2026-03-04T08:06:59.997+0000] {logging_mixin.py:188} INFO - [2026-03-04T08:06:59.997+0000] {dag.py:3947} INFO - Setting next_dagrun for example_nested_branch_dag to 2026-03-03 00:00:00+00:00, run_after=2026-03-04 00:00:00+00:00
[2026-03-04T08:07:00.003+0000] {processor.py:183} INFO - Processing /home/airflow/.local/lib/python3.12/site-packages/airflow/example_dags/example_nested_branch_dag.py took 0.034 seconds
[2026-03-04T08:07:30.450+0000] {processor.py:161} INFO - Started process (PID=5190) to work on /home/airflow/.local/lib/python3.12/site-packages/airflow/example_dags/example_nested_branch_dag.py
[2026-03-04T08:07:30.451+0000] {processor.py:830} INFO - Processing file /home/airflow/.local/lib/python3.12/site-packages/airflow/example_dags/example_nested_branch_dag.py for tasks to queue
[2026-03-04T08:07:30.451+0000] {logging_mixin.py:188} INFO - [2026-03-04T08:07:30.451+0000] {dagbag.py:545} INFO - Filling up the DagBag from /home/airflow/.local/lib/python3.12/site-packages/airflow/example_dags/example_nested_branch_dag.py
[2026-03-04T08:07:30.455+0000] {processor.py:840} INFO - DAG(s) 'example_nested_branch_dag' retrieved from /home/airflow/.local/lib/python3.12/site-packages/airflow/example_dags/example_nested_branch_dag.py
[2026-03-04T08:07:30.463+0000] {logging_mixin.py:188} INFO - [2026-03-04T08:07:30.462+0000] {dag.py:3089} INFO - Sync 1 DAGs
[2026-03-04T08:07:30.472+0000] {logging_mixin.py:188} INFO - [2026-03-04T08:07:30.472+0000] {dag.py:3947} INFO - Setting next_dagrun for example_nested_branch_dag to 2026-03-03 00:00:00+00:00, run_after=2026-03-04 00:00:00+00:00
[2026-03-04T08:07:30.480+0000] {processor.py:183} INFO - Processing /home/airflow/.local/lib/python3.12/site-packages/airflow/example_dags/example_nested_branch_dag.py took 0.031 seconds
[2026-03-04T08:08:01.063+0000] {processor.py:161} INFO - Started process (PID=5452) to work on /home/airflow/.local/lib/python3.12/site-packages/airflow/example_dags/example_nested_branch_dag.py
[2026-03-04T08:08:01.063+0000] {processor.py:830} INFO - Processing file /home/airflow/.local/lib/python3.12/site-packages/airflow/example_dags/example_nested_branch_dag.py for tasks to queue
[2026-03-04T08:08:01.064+0000] {logging_mixin.py:188} INFO - [2026-03-04T08:08:01.064+0000] {dagbag.py:545} INFO - Filling up the DagBag from /home/airflow/.local/lib/python3.12/site-packages/airflow/example_dags/example_nested_branch_dag.py
[2026-03-04T08:08:01.068+0000] {processor.py:840} INFO - DAG(s) 'example_nested_branch_dag' retrieved from /home/airflow/.local/lib/python3.12/site-packages/airflow/example_dags/example_nested_branch_dag.py
[2026-03-04T08:08:01.082+0000] {logging_mixin.py:188} INFO - [2026-03-04T08:08:01.082+0000] {dag.py:3089} INFO - Sync 1 DAGs
[2026-03-04T08:08:01.090+0000] {logging_mixin.py:188} INFO - [2026-03-04T08:08:01.090+0000] {dag.py:3947} INFO - Setting next_dagrun for example_nested_branch_dag to 2026-03-03 00:00:00+00:00, run_after=2026-03-04 00:00:00+00:00
[2026-03-04T08:08:01.096+0000] {processor.py:183} INFO - Processing /home/airflow/.local/lib/python3.12/site-packages/airflow/example_dags/example_nested_branch_dag.py took 0.036 seconds
[2026-03-04T08:08:31.607+0000] {processor.py:161} INFO - Started process (PID=5714) to work on /home/airflow/.local/lib/python3.12/site-packages/airflow/example_dags/example_nested_branch_dag.py
[2026-03-04T08:08:31.608+0000] {processor.py:830} INFO - Processing file /home/airflow/.local/lib/python3.12/site-packages/airflow/example_dags/example_nested_branch_dag.py for tasks to queue
[2026-03-04T08:08:31.608+0000] {logging_mixin.py:188} INFO - [2026-03-04T08:08:31.608+0000] {dagbag.py:545} INFO - Filling up the DagBag from /home/airflow/.local/lib/python3.12/site-packages/airflow/example_dags/example_nested_branch_dag.py
[2026-03-04T08:08:31.612+0000] {processor.py:840} INFO - DAG(s) 'example_nested_branch_dag' retrieved from /home/airflow/.local/lib/python3.12/site-packages/airflow/example_dags/example_nested_branch_dag.py
[2026-03-04T08:08:31.622+0000] {logging_mixin.py:188} INFO - [2026-03-04T08:08:31.620+0000] {dag.py:3089} INFO - Sync 1 DAGs
[2026-03-04T08:08:31.629+0000] {logging_mixin.py:188} INFO - [2026-03-04T08:08:31.629+0000] {dag.py:3947} INFO - Setting next_dagrun for example_nested_branch_dag to 2026-03-03 00:00:00+00:00, run_after=2026-03-04 00:00:00+00:00
[2026-03-04T08:08:31.637+0000] {processor.py:183} INFO - Processing /home/airflow/.local/lib/python3.12/site-packages/airflow/example_dags/example_nested_branch_dag.py took 0.033 seconds
[2026-03-04T08:09:02.276+0000] {processor.py:161} INFO - Started process (PID=5976) to work on /home/airflow/.local/lib/python3.12/site-packages/airflow/example_dags/example_nested_branch_dag.py
[2026-03-04T08:09:02.276+0000] {processor.py:830} INFO - Processing file /home/airflow/.local/lib/python3.12/site-packages/airflow/example_dags/example_nested_branch_dag.py for tasks to queue
[2026-03-04T08:09:02.277+0000] {logging_mixin.py:188} INFO - [2026-03-04T08:09:02.276+0000] {dagbag.py:545} INFO - Filling up the DagBag from /home/airflow/.local/lib/python3.12/site-packages/airflow/example_dags/example_nested_branch_dag.py
[2026-03-04T08:09:02.280+0000] {processor.py:840} INFO - DAG(s) 'example_nested_branch_dag' retrieved from /home/airflow/.local/lib/python3.12/site-packages/airflow/example_dags/example_nested_branch_dag.py
[2026-03-04T08:09:02.291+0000] {logging_mixin.py:188} INFO - [2026-03-04T08:09:02.291+0000] {dag.py:3089} INFO - Sync 1 DAGs
[2026-03-04T08:09:02.300+0000] {logging_mixin.py:188} INFO - [2026-03-04T08:09:02.300+0000] {dag.py:3947} INFO - Setting next_dagrun for example_nested_branch_dag to 2026-03-03 00:00:00+00:00, run_after=2026-03-04 00:00:00+00:00
[2026-03-04T08:09:02.307+0000] {processor.py:183} INFO - Processing /home/airflow/.local/lib/python3.12/site-packages/airflow/example_dags/example_nested_branch_dag.py took 0.033 seconds
[2026-03-04T08:09:32.841+0000] {processor.py:161} INFO - Started process (PID=6238) to work on /home/airflow/.local/lib/python3.12/site-packages/airflow/example_dags/example_nested_branch_dag.py
[2026-03-04T08:09:32.841+0000] {processor.py:830} INFO - Processing file /home/airflow/.local/lib/python3.12/site-packages/airflow/example_dags/example_nested_branch_dag.py for tasks to queue
[2026-03-04T08:09:32.842+0000] {logging_mixin.py:188} INFO - [2026-03-04T08:09:32.842+0000] {dagbag.py:545} INFO - Filling up the DagBag from /home/airflow/.local/lib/python3.12/site-packages/airflow/example_dags/example_nested_branch_dag.py
[2026-03-04T08:09:32.845+0000] {processor.py:840} INFO - DAG(s) 'example_nested_branch_dag' retrieved from /home/airflow/.local/lib/python3.12/site-packages/airflow/example_dags/example_nested_branch_dag.py
[2026-03-04T08:09:32.854+0000] {logging_mixin.py:188} INFO - [2026-03-04T08:09:32.854+0000] {dag.py:3089} INFO - Sync 1 DAGs
[2026-03-04T08:09:32.864+0000] {logging_mixin.py:188} INFO - [2026-03-04T08:09:32.864+0000] {dag.py:3947} INFO - Setting next_dagrun for example_nested_branch_dag to 2026-03-03 00:00:00+00:00, run_after=2026-03-04 00:00:00+00:00
[2026-03-04T08:09:32.872+0000] {processor.py:183} INFO - Processing /home/airflow/.local/lib/python3.12/site-packages/airflow/example_dags/example_nested_branch_dag.py took 0.034 seconds
[2026-03-04T08:10:03.430+0000] {processor.py:161} INFO - Started process (PID=6500) to work on /home/airflow/.local/lib/python3.12/site-packages/airflow/example_dags/example_nested_branch_dag.py
[2026-03-04T08:10:03.431+0000] {processor.py:830} INFO - Processing file /home/airflow/.local/lib/python3.12/site-packages/airflow/example_dags/example_nested_branch_dag.py for tasks to queue
[2026-03-04T08:10:03.431+0000] {logging_mixin.py:188} INFO - [2026-03-04T08:10:03.431+0000] {dagbag.py:545} INFO - Filling up the DagBag from /home/airflow/.local/lib/python3.12/site-packages/airflow/example_dags/example_nested_branch_dag.py
[2026-03-04T08:10:03.435+0000] {processor.py:840} INFO - DAG(s) 'example_nested_branch_dag' retrieved from /home/airflow/.local/lib/python3.12/site-packages/airflow/example_dags/example_nested_branch_dag.py
[2026-03-04T08:10:03.443+0000] {logging_mixin.py:188} INFO - [2026-03-04T08:10:03.443+0000] {dag.py:3089} INFO - Sync 1 DAGs
[2026-03-04T08:10:03.450+0000] {logging_mixin.py:188} INFO - [2026-03-04T08:10:03.450+0000] {dag.py:3947} INFO - Setting next_dagrun for example_nested_branch_dag to 2026-03-03 00:00:00+00:00, run_after=2026-03-04 00:00:00+00:00
[2026-03-04T08:10:03.456+0000] {processor.py:183} INFO - Processing /home/airflow/.local/lib/python3.12/site-packages/airflow/example_dags/example_nested_branch_dag.py took 0.028 seconds
[2026-03-04T08:10:33.974+0000] {processor.py:161} INFO - Started process (PID=6765) to work on /home/airflow/.local/lib/python3.12/site-packages/airflow/example_dags/example_nested_branch_dag.py
[2026-03-04T08:10:33.974+0000] {processor.py:830} INFO - Processing file /home/airflow/.local/lib/python3.12/site-packages/airflow/example_dags/example_nested_branch_dag.py for tasks to queue
[2026-03-04T08:10:33.975+0000] {logging_mixin.py:188} INFO - [2026-03-04T08:10:33.975+0000] {dagbag.py:545} INFO - Filling up the DagBag from /home/airflow/.local/lib/python3.12/site-packages/airflow/example_dags/example_nested_branch_dag.py
[2026-03-04T08:10:33.979+0000] {processor.py:840} INFO - DAG(s) 'example_nested_branch_dag' retrieved from /home/airflow/.local/lib/python3.12/site-packages/airflow/example_dags/example_nested_branch_dag.py
[2026-03-04T08:10:33.992+0000] {logging_mixin.py:188} INFO - [2026-03-04T08:10:33.992+0000] {dag.py:3089} INFO - Sync 1 DAGs
[2026-03-04T08:10:34.000+0000] {logging_mixin.py:188} INFO - [2026-03-04T08:10:33.999+0000] {dag.py:3947} INFO - Setting next_dagrun for example_nested_branch_dag to 2026-03-03 00:00:00+00:00, run_after=2026-03-04 00:00:00+00:00
[2026-03-04T08:10:34.006+0000] {processor.py:183} INFO - Processing /home/airflow/.local/lib/python3.12/site-packages/airflow/example_dags/example_nested_branch_dag.py took 0.035 seconds
[2026-03-04T08:11:04.607+0000] {processor.py:161} INFO - Started process (PID=7027) to work on /home/airflow/.local/lib/python3.12/site-packages/airflow/example_dags/example_nested_branch_dag.py
[2026-03-04T08:11:04.608+0000] {processor.py:830} INFO - Processing file /home/airflow/.local/lib/python3.12/site-packages/airflow/example_dags/example_nested_branch_dag.py for tasks to queue
[2026-03-04T08:11:04.608+0000] {logging_mixin.py:188} INFO - [2026-03-04T08:11:04.608+0000] {dagbag.py:545} INFO - Filling up the DagBag from /home/airflow/.local/lib/python3.12/site-packages/airflow/example_dags/example_nested_branch_dag.py
[2026-03-04T08:11:04.612+0000] {processor.py:840} INFO - DAG(s) 'example_nested_branch_dag' retrieved from /home/airflow/.local/lib/python3.12/site-packages/airflow/example_dags/example_nested_branch_dag.py
[2026-03-04T08:11:04.620+0000] {logging_mixin.py:188} INFO - [2026-03-04T08:11:04.620+0000] {dag.py:3089} INFO - Sync 1 DAGs
[2026-03-04T08:11:04.628+0000] {logging_mixin.py:188} INFO - [2026-03-04T08:11:04.628+0000] {dag.py:3947} INFO - Setting next_dagrun for example_nested_branch_dag to 2026-03-03 00:00:00+00:00, run_after=2026-03-04 00:00:00+00:00
[2026-03-04T08:11:04.640+0000] {processor.py:183} INFO - Processing /home/airflow/.local/lib/python3.12/site-packages/airflow/example_dags/example_nested_branch_dag.py took 0.035 seconds
[2026-03-04T08:11:35.245+0000] {processor.py:161} INFO - Started process (PID=7289) to work on /home/airflow/.local/lib/python3.12/site-packages/airflow/example_dags/example_nested_branch_dag.py
[2026-03-04T08:11:35.245+0000] {processor.py:830} INFO - Processing file /home/airflow/.local/lib/python3.12/site-packages/airflow/example_dags/example_nested_branch_dag.py for tasks to queue
[2026-03-04T08:11:35.246+0000] {logging_mixin.py:188} INFO - [2026-03-04T08:11:35.246+0000] {dagbag.py:545} INFO - Filling up the DagBag from /home/airflow/.local/lib/python3.12/site-packages/airflow/example_dags/example_nested_branch_dag.py
[2026-03-04T08:11:35.249+0000] {processor.py:840} INFO - DAG(s) 'example_nested_branch_dag' retrieved from /home/airflow/.local/lib/python3.12/site-packages/airflow/example_dags/example_nested_branch_dag.py
[2026-03-04T08:11:35.257+0000] {logging_mixin.py:188} INFO - [2026-03-04T08:11:35.257+0000] {dag.py:3089} INFO - Sync 1 DAGs
[2026-03-04T08:11:35.265+0000] {logging_mixin.py:188} INFO - [2026-03-04T08:11:35.265+0000] {dag.py:3947} INFO - Setting next_dagrun for example_nested_branch_dag to 2026-03-03 00:00:00+00:00, run_after=2026-03-04 00:00:00+00:00
[2026-03-04T08:11:35.272+0000] {processor.py:183} INFO - Processing /home/airflow/.local/lib/python3.12/site-packages/airflow/example_dags/example_nested_branch_dag.py took 0.030 seconds
[2026-03-04T08:12:05.771+0000] {processor.py:161} INFO - Started process (PID=7551) to work on /home/airflow/.local/lib/python3.12/site-packages/airflow/example_dags/example_nested_branch_dag.py
[2026-03-04T08:12:05.772+0000] {processor.py:830} INFO - Processing file /home/airflow/.local/lib/python3.12/site-packages/airflow/example_dags/example_nested_branch_dag.py for tasks to queue
[2026-03-04T08:12:05.773+0000] {logging_mixin.py:188} INFO - [2026-03-04T08:12:05.773+0000] {dagbag.py:545} INFO - Filling up the DagBag from /home/airflow/.local/lib/python3.12/site-packages/airflow/example_dags/example_nested_branch_dag.py
[2026-03-04T08:12:05.777+0000] {processor.py:840} INFO - DAG(s) 'example_nested_branch_dag' retrieved from /home/airflow/.local/lib/python3.12/site-packages/airflow/example_dags/example_nested_branch_dag.py
[2026-03-04T08:12:05.787+0000] {logging_mixin.py:188} INFO - [2026-03-04T08:12:05.787+0000] {dag.py:3089} INFO - Sync 1 DAGs
[2026-03-04T08:12:05.794+0000] {logging_mixin.py:188} INFO - [2026-03-04T08:12:05.794+0000] {dag.py:3947} INFO - Setting next_dagrun for example_nested_branch_dag to 2026-03-03 00:00:00+00:00, run_after=2026-03-04 00:00:00+00:00
[2026-03-04T08:12:05.800+0000] {processor.py:183} INFO - Processing /home/airflow/.local/lib/python3.12/site-packages/airflow/example_dags/example_nested_branch_dag.py took 0.031 seconds
[2026-03-04T08:12:36.325+0000] {processor.py:161} INFO - Started process (PID=7813) to work on /home/airflow/.local/lib/python3.12/site-packages/airflow/example_dags/example_nested_branch_dag.py
[2026-03-04T08:12:36.325+0000] {processor.py:830} INFO - Processing file /home/airflow/.local/lib/python3.12/site-packages/airflow/example_dags/example_nested_branch_dag.py for tasks to queue
[2026-03-04T08:12:36.326+0000] {logging_mixin.py:188} INFO - [2026-03-04T08:12:36.326+0000] {dagbag.py:545} INFO - Filling up the DagBag from /home/airflow/.local/lib/python3.12/site-packages/airflow/example_dags/example_nested_branch_dag.py
[2026-03-04T08:12:36.330+0000] {processor.py:840} INFO - DAG(s) 'example_nested_branch_dag' retrieved from /home/airflow/.local/lib/python3.12/site-packages/airflow/example_dags/example_nested_branch_dag.py
[2026-03-04T08:12:36.341+0000] {logging_mixin.py:188} INFO - [2026-03-04T08:12:36.341+0000] {dag.py:3089} INFO - Sync 1 DAGs
[2026-03-04T08:12:36.349+0000] {logging_mixin.py:188} INFO - [2026-03-04T08:12:36.348+0000] {dag.py:3947} INFO - Setting next_dagrun for example_nested_branch_dag to 2026-03-03 00:00:00+00:00, run_after=2026-03-04 00:00:00+00:00
[2026-03-04T08:12:36.355+0000] {processor.py:183} INFO - Processing /home/airflow/.local/lib/python3.12/site-packages/airflow/example_dags/example_nested_branch_dag.py took 0.032 seconds
[2026-03-04T08:13:06.858+0000] {processor.py:161} INFO - Started process (PID=8075) to work on /home/airflow/.local/lib/python3.12/site-packages/airflow/example_dags/example_nested_branch_dag.py
[2026-03-04T08:13:06.858+0000] {processor.py:830} INFO - Processing file /home/airflow/.local/lib/python3.12/site-packages/airflow/example_dags/example_nested_branch_dag.py for tasks to queue
[2026-03-04T08:13:06.859+0000] {logging_mixin.py:188} INFO - [2026-03-04T08:13:06.859+0000] {dagbag.py:545} INFO - Filling up the DagBag from /home/airflow/.local/lib/python3.12/site-packages/airflow/example_dags/example_nested_branch_dag.py
[2026-03-04T08:13:06.863+0000] {processor.py:840} INFO - DAG(s) 'example_nested_branch_dag' retrieved from /home/airflow/.local/lib/python3.12/site-packages/airflow/example_dags/example_nested_branch_dag.py
[2026-03-04T08:13:06.875+0000] {logging_mixin.py:188} INFO - [2026-03-04T08:13:06.875+0000] {dag.py:3089} INFO - Sync 1 DAGs
[2026-03-04T08:13:06.882+0000] {logging_mixin.py:188} INFO - [2026-03-04T08:13:06.882+0000] {dag.py:3947} INFO - Setting next_dagrun for example_nested_branch_dag to 2026-03-03 00:00:00+00:00, run_after=2026-03-04 00:00:00+00:00
[2026-03-04T08:13:06.889+0000] {processor.py:183} INFO - Processing /home/airflow/.local/lib/python3.12/site-packages/airflow/example_dags/example_nested_branch_dag.py took 0.034 seconds
[2026-03-04T08:13:37.415+0000] {processor.py:161} INFO - Started process (PID=8337) to work on /home/airflow/.local/lib/python3.12/site-packages/airflow/example_dags/example_nested_branch_dag.py
[2026-03-04T08:13:37.415+0000] {processor.py:830} INFO - Processing file /home/airflow/.local/lib/python3.12/site-packages/airflow/example_dags/example_nested_branch_dag.py for tasks to queue
[2026-03-04T08:13:37.416+0000] {logging_mixin.py:188} INFO - [2026-03-04T08:13:37.416+0000] {dagbag.py:545} INFO - Filling up the DagBag from /home/airflow/.local/lib/python3.12/site-packages/airflow/example_dags/example_nested_branch_dag.py
[2026-03-04T08:13:37.420+0000] {processor.py:840} INFO - DAG(s) 'example_nested_branch_dag' retrieved from /home/airflow/.local/lib/python3.12/site-packages/airflow/example_dags/example_nested_branch_dag.py
[2026-03-04T08:13:37.428+0000] {logging_mixin.py:188} INFO - [2026-03-04T08:13:37.428+0000] {dag.py:3089} INFO - Sync 1 DAGs
[2026-03-04T08:13:37.437+0000] {logging_mixin.py:188} INFO - [2026-03-04T08:13:37.437+0000] {dag.py:3947} INFO - Setting next_dagrun for example_nested_branch_dag to 2026-03-03 00:00:00+00:00, run_after=2026-03-04 00:00:00+00:00
[2026-03-04T08:13:37.444+0000] {processor.py:183} INFO - Processing /home/airflow/.local/lib/python3.12/site-packages/airflow/example_dags/example_nested_branch_dag.py took 0.032 seconds
[2026-03-04T08:14:07.947+0000] {processor.py:161} INFO - Started process (PID=8599) to work on /home/airflow/.local/lib/python3.12/site-packages/airflow/example_dags/example_nested_branch_dag.py
[2026-03-04T08:14:07.948+0000] {processor.py:830} INFO - Processing file /home/airflow/.local/lib/python3.12/site-packages/airflow/example_dags/example_nested_branch_dag.py for tasks to queue
[2026-03-04T08:14:07.949+0000] {logging_mixin.py:188} INFO - [2026-03-04T08:14:07.949+0000] {dagbag.py:545} INFO - Filling up the DagBag from /home/airflow/.local/lib/python3.12/site-packages/airflow/example_dags/example_nested_branch_dag.py
[2026-03-04T08:14:07.952+0000] {processor.py:840} INFO - DAG(s) 'example_nested_branch_dag' retrieved from /home/airflow/.local/lib/python3.12/site-packages/airflow/example_dags/example_nested_branch_dag.py
[2026-03-04T08:14:07.961+0000] {logging_mixin.py:188} INFO - [2026-03-04T08:14:07.961+0000] {dag.py:3089} INFO - Sync 1 DAGs
[2026-03-04T08:14:07.968+0000] {logging_mixin.py:188} INFO - [2026-03-04T08:14:07.968+0000] {dag.py:3947} INFO - Setting next_dagrun for example_nested_branch_dag to 2026-03-03 00:00:00+00:00, run_after=2026-03-04 00:00:00+00:00
[2026-03-04T08:14:07.974+0000] {processor.py:183} INFO - Processing /home/airflow/.local/lib/python3.12/site-packages/airflow/example_dags/example_nested_branch_dag.py took 0.029 seconds
[2026-03-04T08:14:38.472+0000] {processor.py:161} INFO - Started process (PID=8861) to work on /home/airflow/.local/lib/python3.12/site-packages/airflow/example_dags/example_nested_branch_dag.py
[2026-03-04T08:14:38.472+0000] {processor.py:830} INFO - Processing file /home/airflow/.local/lib/python3.12/site-packages/airflow/example_dags/example_nested_branch_dag.py for tasks to queue
[2026-03-04T08:14:38.473+0000] {logging_mixin.py:188} INFO - [2026-03-04T08:14:38.473+0000] {dagbag.py:545} INFO - Filling up the DagBag from /home/airflow/.local/lib/python3.12/site-packages/airflow/example_dags/example_nested_branch_dag.py
[2026-03-04T08:14:38.477+0000] {processor.py:840} INFO - DAG(s) 'example_nested_branch_dag' retrieved from /home/airflow/.local/lib/python3.12/site-packages/airflow/example_dags/example_nested_branch_dag.py
[2026-03-04T08:14:38.485+0000] {logging_mixin.py:188} INFO - [2026-03-04T08:14:38.485+0000] {dag.py:3089} INFO - Sync 1 DAGs
[2026-03-04T08:14:38.493+0000] {logging_mixin.py:188} INFO - [2026-03-04T08:14:38.493+0000] {dag.py:3947} INFO - Setting next_dagrun for example_nested_branch_dag to 2026-03-03 00:00:00+00:00, run_after=2026-03-04 00:00:00+00:00
[2026-03-04T08:14:38.503+0000] {processor.py:183} INFO - Processing /home/airflow/.local/lib/python3.12/site-packages/airflow/example_dags/example_nested_branch_dag.py took 0.035 seconds
[2026-03-04T08:15:09.014+0000] {processor.py:161} INFO - Started process (PID=9127) to work on /home/airflow/.local/lib/python3.12/site-packages/airflow/example_dags/example_nested_branch_dag.py
[2026-03-04T08:15:09.014+0000] {processor.py:830} INFO - Processing file /home/airflow/.local/lib/python3.12/site-packages/airflow/example_dags/example_nested_branch_dag.py for tasks to queue
[2026-03-04T08:15:09.015+0000] {logging_mixin.py:188} INFO - [2026-03-04T08:15:09.015+0000] {dagbag.py:545} INFO - Filling up the DagBag from /home/airflow/.local/lib/python3.12/site-packages/airflow/example_dags/example_nested_branch_dag.py
[2026-03-04T08:15:09.019+0000] {processor.py:840} INFO - DAG(s) 'example_nested_branch_dag' retrieved from /home/airflow/.local/lib/python3.12/site-packages/airflow/example_dags/example_nested_branch_dag.py
[2026-03-04T08:15:09.027+0000] {logging_mixin.py:188} INFO - [2026-03-04T08:15:09.027+0000] {dag.py:3089} INFO - Sync 1 DAGs
[2026-03-04T08:15:09.035+0000] {logging_mixin.py:188} INFO - [2026-03-04T08:15:09.035+0000] {dag.py:3947} INFO - Setting next_dagrun for example_nested_branch_dag to 2026-03-03 00:00:00+00:00, run_after=2026-03-04 00:00:00+00:00
[2026-03-04T08:15:09.041+0000] {processor.py:183} INFO - Processing /home/airflow/.local/lib/python3.12/site-packages/airflow/example_dags/example_nested_branch_dag.py took 0.030 seconds
[2026-03-04T08:15:39.561+0000] {processor.py:161} INFO - Started process (PID=9393) to work on /home/airflow/.local/lib/python3.12/site-packages/airflow/example_dags/example_nested_branch_dag.py
[2026-03-04T08:15:39.562+0000] {processor.py:830} INFO - Processing file /home/airflow/.local/lib/python3.12/site-packages/airflow/example_dags/example_nested_branch_dag.py for tasks to queue
[2026-03-04T08:15:39.563+0000] {logging_mixin.py:188} INFO - [2026-03-04T08:15:39.563+0000] {dagbag.py:545} INFO - Filling up the DagBag from /home/airflow/.local/lib/python3.12/site-packages/airflow/example_dags/example_nested_branch_dag.py
[2026-03-04T08:15:39.567+0000] {processor.py:840} INFO - DAG(s) 'example_nested_branch_dag' retrieved from /home/airflow/.local/lib/python3.12/site-packages/airflow/example_dags/example_nested_branch_dag.py
[2026-03-04T08:15:39.574+0000] {logging_mixin.py:188} INFO - [2026-03-04T08:15:39.574+0000] {dag.py:3089} INFO - Sync 1 DAGs
[2026-03-04T08:15:39.581+0000] {logging_mixin.py:188} INFO - [2026-03-04T08:15:39.581+0000] {dag.py:3947} INFO - Setting next_dagrun for example_nested_branch_dag to 2026-03-03 00:00:00+00:00, run_after=2026-03-04 00:00:00+00:00
[2026-03-04T08:15:39.587+0000] {processor.py:183} INFO - Processing /home/airflow/.local/lib/python3.12/site-packages/airflow/example_dags/example_nested_branch_dag.py took 0.029 seconds
[2026-03-04T08:16:10.201+0000] {processor.py:161} INFO - Started process (PID=9655) to work on /home/airflow/.local/lib/python3.12/site-packages/airflow/example_dags/example_nested_branch_dag.py
[2026-03-04T08:16:10.201+0000] {processor.py:830} INFO - Processing file /home/airflow/.local/lib/python3.12/site-packages/airflow/example_dags/example_nested_branch_dag.py for tasks to queue
[2026-03-04T08:16:10.202+0000] {logging_mixin.py:188} INFO - [2026-03-04T08:16:10.202+0000] {dagbag.py:545} INFO - Filling up the DagBag from /home/airflow/.local/lib/python3.12/site-packages/airflow/example_dags/example_nested_branch_dag.py
[2026-03-04T08:16:10.206+0000] {processor.py:840} INFO - DAG(s) 'example_nested_branch_dag' retrieved from /home/airflow/.local/lib/python3.12/site-packages/airflow/example_dags/example_nested_branch_dag.py
[2026-03-04T08:16:10.215+0000] {logging_mixin.py:188} INFO - [2026-03-04T08:16:10.215+0000] {dag.py:3089} INFO - Sync 1 DAGs
[2026-03-04T08:16:10.224+0000] {logging_mixin.py:188} INFO - [2026-03-04T08:16:10.224+0000] {dag.py:3947} INFO - Setting next_dagrun for example_nested_branch_dag to 2026-03-03 00:00:00+00:00, run_after=2026-03-04 00:00:00+00:00
[2026-03-04T08:16:10.231+0000] {processor.py:183} INFO - Processing /home/airflow/.local/lib/python3.12/site-packages/airflow/example_dags/example_nested_branch_dag.py took 0.033 seconds
[2026-03-04T08:16:40.834+0000] {processor.py:161} INFO - Started process (PID=9917) to work on /home/airflow/.local/lib/python3.12/site-packages/airflow/example_dags/example_nested_branch_dag.py
[2026-03-04T08:16:40.834+0000] {processor.py:830} INFO - Processing file /home/airflow/.local/lib/python3.12/site-packages/airflow/example_dags/example_nested_branch_dag.py for tasks to queue
[2026-03-04T08:16:40.835+0000] {logging_mixin.py:188} INFO - [2026-03-04T08:16:40.835+0000] {dagbag.py:545} INFO - Filling up the DagBag from /home/airflow/.local/lib/python3.12/site-packages/airflow/example_dags/example_nested_branch_dag.py
[2026-03-04T08:16:40.839+0000] {processor.py:840} INFO - DAG(s) 'example_nested_branch_dag' retrieved from /home/airflow/.local/lib/python3.12/site-packages/airflow/example_dags/example_nested_branch_dag.py
[2026-03-04T08:16:40.847+0000] {logging_mixin.py:188} INFO - [2026-03-04T08:16:40.847+0000] {dag.py:3089} INFO - Sync 1 DAGs
[2026-03-04T08:16:40.858+0000] {logging_mixin.py:188} INFO - [2026-03-04T08:16:40.858+0000] {dag.py:3947} INFO - Setting next_dagrun for example_nested_branch_dag to 2026-03-03 00:00:00+00:00, run_after=2026-03-04 00:00:00+00:00
[2026-03-04T08:16:40.865+0000] {processor.py:183} INFO - Processing /home/airflow/.local/lib/python3.12/site-packages/airflow/example_dags/example_nested_branch_dag.py took 0.033 seconds
[2026-03-04T08:17:11.559+0000] {processor.py:161} INFO - Started process (PID=10179) to work on /home/airflow/.local/lib/python3.12/site-packages/airflow/example_dags/example_nested_branch_dag.py
[2026-03-04T08:17:11.560+0000] {processor.py:830} INFO - Processing file /home/airflow/.local/lib/python3.12/site-packages/airflow/example_dags/example_nested_branch_dag.py for tasks to queue
[2026-03-04T08:17:11.561+0000] {logging_mixin.py:188} INFO - [2026-03-04T08:17:11.561+0000] {dagbag.py:545} INFO - Filling up the DagBag from /home/airflow/.local/lib/python3.12/site-packages/airflow/example_dags/example_nested_branch_dag.py
[2026-03-04T08:17:11.566+0000] {processor.py:840} INFO - DAG(s) 'example_nested_branch_dag' retrieved from /home/airflow/.local/lib/python3.12/site-packages/airflow/example_dags/example_nested_branch_dag.py
[2026-03-04T08:17:11.576+0000] {logging_mixin.py:188} INFO - [2026-03-04T08:17:11.575+0000] {dag.py:3089} INFO - Sync 1 DAGs
[2026-03-04T08:17:11.583+0000] {logging_mixin.py:188} INFO - [2026-03-04T08:17:11.583+0000] {dag.py:3947} INFO - Setting next_dagrun for example_nested_branch_dag to 2026-03-03 00:00:00+00:00, run_after=2026-03-04 00:00:00+00:00
[2026-03-04T08:17:11.652+0000] {processor.py:183} INFO - Processing /home/airflow/.local/lib/python3.12/site-packages/airflow/example_dags/example_nested_branch_dag.py took 0.096 seconds
[2026-03-04T08:17:42.467+0000] {processor.py:161} INFO - Started process (PID=10441) to work on /home/airflow/.local/lib/python3.12/site-packages/airflow/example_dags/example_nested_branch_dag.py
[2026-03-04T08:17:42.468+0000] {processor.py:830} INFO - Processing file /home/airflow/.local/lib/python3.12/site-packages/airflow/example_dags/example_nested_branch_dag.py for tasks to queue
[2026-03-04T08:17:42.469+0000] {logging_mixin.py:188} INFO - [2026-03-04T08:17:42.468+0000] {dagbag.py:545} INFO - Filling up the DagBag from /home/airflow/.local/lib/python3.12/site-packages/airflow/example_dags/example_nested_branch_dag.py
[2026-03-04T08:17:42.472+0000] {processor.py:840} INFO - DAG(s) 'example_nested_branch_dag' retrieved from /home/airflow/.local/lib/python3.12/site-packages/airflow/example_dags/example_nested_branch_dag.py
[2026-03-04T08:17:42.482+0000] {logging_mixin.py:188} INFO - [2026-03-04T08:17:42.482+0000] {dag.py:3089} INFO - Sync 1 DAGs
[2026-03-04T08:17:42.491+0000] {logging_mixin.py:188} INFO - [2026-03-04T08:17:42.491+0000] {dag.py:3947} INFO - Setting next_dagrun for example_nested_branch_dag to 2026-03-03 00:00:00+00:00, run_after=2026-03-04 00:00:00+00:00
[2026-03-04T08:17:42.498+0000] {processor.py:183} INFO - Processing /home/airflow/.local/lib/python3.12/site-packages/airflow/example_dags/example_nested_branch_dag.py took 0.033 seconds
[2026-03-04T08:18:12.514+0000] {processor.py:161} INFO - Started process (PID=10702) to work on /home/airflow/.local/lib/python3.12/site-packages/airflow/example_dags/example_nested_branch_dag.py
[2026-03-04T08:18:12.515+0000] {processor.py:830} INFO - Processing file /home/airflow/.local/lib/python3.12/site-packages/airflow/example_dags/example_nested_branch_dag.py for tasks to queue
[2026-03-04T08:18:12.518+0000] {logging_mixin.py:188} INFO - [2026-03-04T08:18:12.518+0000] {dagbag.py:545} INFO - Filling up the DagBag from /home/airflow/.local/lib/python3.12/site-packages/airflow/example_dags/example_nested_branch_dag.py
[2026-03-04T08:18:12.521+0000] {processor.py:840} INFO - DAG(s) 'example_nested_branch_dag' retrieved from /home/airflow/.local/lib/python3.12/site-packages/airflow/example_dags/example_nested_branch_dag.py
[2026-03-04T08:18:12.529+0000] {logging_mixin.py:188} INFO - [2026-03-04T08:18:12.529+0000] {dag.py:3089} INFO - Sync 1 DAGs
[2026-03-04T08:18:12.538+0000] {logging_mixin.py:188} INFO - [2026-03-04T08:18:12.538+0000] {dag.py:3947} INFO - Setting next_dagrun for example_nested_branch_dag to 2026-03-03 00:00:00+00:00, run_after=2026-03-04 00:00:00+00:00
[2026-03-04T08:18:12.544+0000] {processor.py:183} INFO - Processing /home/airflow/.local/lib/python3.12/site-packages/airflow/example_dags/example_nested_branch_dag.py took 0.032 seconds
[2026-03-04T08:18:43.337+0000] {processor.py:161} INFO - Started process (PID=10965) to work on /home/airflow/.local/lib/python3.12/site-packages/airflow/example_dags/example_nested_branch_dag.py
[2026-03-04T08:18:43.338+0000] {processor.py:830} INFO - Processing file /home/airflow/.local/lib/python3.12/site-packages/airflow/example_dags/example_nested_branch_dag.py for tasks to queue
[2026-03-04T08:18:43.339+0000] {logging_mixin.py:188} INFO - [2026-03-04T08:18:43.339+0000] {dagbag.py:545} INFO - Filling up the DagBag from /home/airflow/.local/lib/python3.12/site-packages/airflow/example_dags/example_nested_branch_dag.py
[2026-03-04T08:18:43.344+0000] {processor.py:840} INFO - DAG(s) 'example_nested_branch_dag' retrieved from /home/airflow/.local/lib/python3.12/site-packages/airflow/example_dags/example_nested_branch_dag.py
[2026-03-04T08:18:43.358+0000] {logging_mixin.py:188} INFO - [2026-03-04T08:18:43.358+0000] {dag.py:3089} INFO - Sync 1 DAGs
[2026-03-04T08:18:43.366+0000] {logging_mixin.py:188} INFO - [2026-03-04T08:18:43.365+0000] {dag.py:3947} INFO - Setting next_dagrun for example_nested_branch_dag to 2026-03-03 00:00:00+00:00, run_after=2026-03-04 00:00:00+00:00
[2026-03-04T08:18:43.373+0000] {processor.py:183} INFO - Processing /home/airflow/.local/lib/python3.12/site-packages/airflow/example_dags/example_nested_branch_dag.py took 0.039 seconds
[2026-03-04T08:19:13.913+0000] {processor.py:161} INFO - Started process (PID=11227) to work on /home/airflow/.local/lib/python3.12/site-packages/airflow/example_dags/example_nested_branch_dag.py
[2026-03-04T08:19:13.914+0000] {processor.py:830} INFO - Processing file /home/airflow/.local/lib/python3.12/site-packages/airflow/example_dags/example_nested_branch_dag.py for tasks to queue
[2026-03-04T08:19:13.914+0000] {logging_mixin.py:188} INFO - [2026-03-04T08:19:13.914+0000] {dagbag.py:545} INFO - Filling up the DagBag from /home/airflow/.local/lib/python3.12/site-packages/airflow/example_dags/example_nested_branch_dag.py
[2026-03-04T08:19:13.921+0000] {processor.py:840} INFO - DAG(s) 'example_nested_branch_dag' retrieved from /home/airflow/.local/lib/python3.12/site-packages/airflow/example_dags/example_nested_branch_dag.py
[2026-03-04T08:19:13.933+0000] {logging_mixin.py:188} INFO - [2026-03-04T08:19:13.932+0000] {dag.py:3089} INFO - Sync 1 DAGs
[2026-03-04T08:19:13.942+0000] {logging_mixin.py:188} INFO - [2026-03-04T08:19:13.942+0000] {dag.py:3947} INFO - Setting next_dagrun for example_nested_branch_dag to 2026-03-03 00:00:00+00:00, run_after=2026-03-04 00:00:00+00:00
[2026-03-04T08:19:13.948+0000] {processor.py:183} INFO - Processing /home/airflow/.local/lib/python3.12/site-packages/airflow/example_dags/example_nested_branch_dag.py took 0.037 seconds
[2026-03-04T08:19:44.538+0000] {processor.py:161} INFO - Started process (PID=11489) to work on /home/airflow/.local/lib/python3.12/site-packages/airflow/example_dags/example_nested_branch_dag.py
[2026-03-04T08:19:44.539+0000] {processor.py:830} INFO - Processing file /home/airflow/.local/lib/python3.12/site-packages/airflow/example_dags/example_nested_branch_dag.py for tasks to queue
[2026-03-04T08:19:44.540+0000] {logging_mixin.py:188} INFO - [2026-03-04T08:19:44.540+0000] {dagbag.py:545} INFO - Filling up the DagBag from /home/airflow/.local/lib/python3.12/site-packages/airflow/example_dags/example_nested_branch_dag.py
[2026-03-04T08:19:44.547+0000] {processor.py:840} INFO - DAG(s) 'example_nested_branch_dag' retrieved from /home/airflow/.local/lib/python3.12/site-packages/airflow/example_dags/example_nested_branch_dag.py
[2026-03-04T08:19:44.559+0000] {logging_mixin.py:188} INFO - [2026-03-04T08:19:44.559+0000] {dag.py:3089} INFO - Sync 1 DAGs
[2026-03-04T08:19:44.567+0000] {logging_mixin.py:188} INFO - [2026-03-04T08:19:44.566+0000] {dag.py:3947} INFO - Setting next_dagrun for example_nested_branch_dag to 2026-03-03 00:00:00+00:00, run_after=2026-03-04 00:00:00+00:00
[2026-03-04T08:19:44.574+0000] {processor.py:183} INFO - Processing /home/airflow/.local/lib/python3.12/site-packages/airflow/example_dags/example_nested_branch_dag.py took 0.038 seconds
[2026-03-04T08:20:15.080+0000] {processor.py:161} INFO - Started process (PID=11751) to work on /home/airflow/.local/lib/python3.12/site-packages/airflow/example_dags/example_nested_branch_dag.py
[2026-03-04T08:20:15.081+0000] {processor.py:830} INFO - Processing file /home/airflow/.local/lib/python3.12/site-packages/airflow/example_dags/example_nested_branch_dag.py for tasks to queue
[2026-03-04T08:20:15.083+0000] {logging_mixin.py:188} INFO - [2026-03-04T08:20:15.083+0000] {dagbag.py:545} INFO - Filling up the DagBag from /home/airflow/.local/lib/python3.12/site-packages/airflow/example_dags/example_nested_branch_dag.py
[2026-03-04T08:20:15.086+0000] {processor.py:840} INFO - DAG(s) 'example_nested_branch_dag' retrieved from /home/airflow/.local/lib/python3.12/site-packages/airflow/example_dags/example_nested_branch_dag.py
[2026-03-04T08:20:15.099+0000] {logging_mixin.py:188} INFO - [2026-03-04T08:20:15.099+0000] {dag.py:3089} INFO - Sync 1 DAGs
[2026-03-04T08:20:15.108+0000] {logging_mixin.py:188} INFO - [2026-03-04T08:20:15.107+0000] {dag.py:3947} INFO - Setting next_dagrun for example_nested_branch_dag to 2026-03-03 00:00:00+00:00, run_after=2026-03-04 00:00:00+00:00
[2026-03-04T08:20:15.113+0000] {processor.py:183} INFO - Processing /home/airflow/.local/lib/python3.12/site-packages/airflow/example_dags/example_nested_branch_dag.py took 0.035 seconds
[2026-03-04T08:37:20.669+0000] {processor.py:161} INFO - Started process (PID=12013) to work on /home/airflow/.local/lib/python3.12/site-packages/airflow/example_dags/example_nested_branch_dag.py
[2026-03-04T08:37:20.670+0000] {processor.py:830} INFO - Processing file /home/airflow/.local/lib/python3.12/site-packages/airflow/example_dags/example_nested_branch_dag.py for tasks to queue
[2026-03-04T08:37:20.671+0000] {logging_mixin.py:188} INFO - [2026-03-04T08:37:20.671+0000] {dagbag.py:545} INFO - Filling up the DagBag from /home/airflow/.local/lib/python3.12/site-packages/airflow/example_dags/example_nested_branch_dag.py
[2026-03-04T08:37:20.674+0000] {processor.py:840} INFO - DAG(s) 'example_nested_branch_dag' retrieved from /home/airflow/.local/lib/python3.12/site-packages/airflow/example_dags/example_nested_branch_dag.py
[2026-03-04T08:37:20.689+0000] {logging_mixin.py:188} INFO - [2026-03-04T08:37:20.689+0000] {dag.py:3089} INFO - Sync 1 DAGs
[2026-03-04T08:37:20.696+0000] {logging_mixin.py:188} INFO - [2026-03-04T08:37:20.696+0000] {dag.py:3947} INFO - Setting next_dagrun for example_nested_branch_dag to 2026-03-03 00:00:00+00:00, run_after=2026-03-04 00:00:00+00:00
[2026-03-04T08:37:20.703+0000] {processor.py:183} INFO - Processing /home/airflow/.local/lib/python3.12/site-packages/airflow/example_dags/example_nested_branch_dag.py took 0.036 seconds
[2026-03-04T08:46:11.141+0000] {processor.py:161} INFO - Started process (PID=12275) to work on /home/airflow/.local/lib/python3.12/site-packages/airflow/example_dags/example_nested_branch_dag.py
[2026-03-04T08:46:11.143+0000] {processor.py:830} INFO - Processing file /home/airflow/.local/lib/python3.12/site-packages/airflow/example_dags/example_nested_branch_dag.py for tasks to queue
[2026-03-04T08:46:11.144+0000] {logging_mixin.py:188} INFO - [2026-03-04T08:46:11.143+0000] {dagbag.py:545} INFO - Filling up the DagBag from /home/airflow/.local/lib/python3.12/site-packages/airflow/example_dags/example_nested_branch_dag.py
[2026-03-04T08:46:11.148+0000] {processor.py:840} INFO - DAG(s) 'example_nested_branch_dag' retrieved from /home/airflow/.local/lib/python3.12/site-packages/airflow/example_dags/example_nested_branch_dag.py
[2026-03-04T08:46:11.158+0000] {logging_mixin.py:188} INFO - [2026-03-04T08:46:11.158+0000] {dag.py:3089} INFO - Sync 1 DAGs
[2026-03-04T08:46:11.167+0000] {logging_mixin.py:188} INFO - [2026-03-04T08:46:11.167+0000] {dag.py:3947} INFO - Setting next_dagrun for example_nested_branch_dag to 2026-03-03 00:00:00+00:00, run_after=2026-03-04 00:00:00+00:00
[2026-03-04T08:46:11.182+0000] {processor.py:183} INFO - Processing /home/airflow/.local/lib/python3.12/site-packages/airflow/example_dags/example_nested_branch_dag.py took 0.043 seconds
[2026-03-04T08:46:41.769+0000] {processor.py:161} INFO - Started process (PID=12539) to work on /home/airflow/.local/lib/python3.12/site-packages/airflow/example_dags/example_nested_branch_dag.py
[2026-03-04T08:46:41.769+0000] {processor.py:830} INFO - Processing file /home/airflow/.local/lib/python3.12/site-packages/airflow/example_dags/example_nested_branch_dag.py for tasks to queue
[2026-03-04T08:46:41.770+0000] {logging_mixin.py:188} INFO - [2026-03-04T08:46:41.770+0000] {dagbag.py:545} INFO - Filling up the DagBag from /home/airflow/.local/lib/python3.12/site-packages/airflow/example_dags/example_nested_branch_dag.py
[2026-03-04T08:46:41.776+0000] {processor.py:840} INFO - DAG(s) 'example_nested_branch_dag' retrieved from /home/airflow/.local/lib/python3.12/site-packages/airflow/example_dags/example_nested_branch_dag.py
[2026-03-04T08:46:41.786+0000] {logging_mixin.py:188} INFO - [2026-03-04T08:46:41.786+0000] {dag.py:3089} INFO - Sync 1 DAGs
[2026-03-04T08:46:41.796+0000] {logging_mixin.py:188} INFO - [2026-03-04T08:46:41.795+0000] {dag.py:3947} INFO - Setting next_dagrun for example_nested_branch_dag to 2026-03-03 00:00:00+00:00, run_after=2026-03-04 00:00:00+00:00
[2026-03-04T08:46:41.805+0000] {processor.py:183} INFO - Processing /home/airflow/.local/lib/python3.12/site-packages/airflow/example_dags/example_nested_branch_dag.py took 0.038 seconds
[2026-03-04T08:47:12.323+0000] {processor.py:161} INFO - Started process (PID=12799) to work on /home/airflow/.local/lib/python3.12/site-packages/airflow/example_dags/example_nested_branch_dag.py
[2026-03-04T08:47:12.323+0000] {processor.py:830} INFO - Processing file /home/airflow/.local/lib/python3.12/site-packages/airflow/example_dags/example_nested_branch_dag.py for tasks to queue
[2026-03-04T08:47:12.324+0000] {logging_mixin.py:188} INFO - [2026-03-04T08:47:12.324+0000] {dagbag.py:545} INFO - Filling up the DagBag from /home/airflow/.local/lib/python3.12/site-packages/airflow/example_dags/example_nested_branch_dag.py
[2026-03-04T08:47:12.330+0000] {processor.py:840} INFO - DAG(s) 'example_nested_branch_dag' retrieved from /home/airflow/.local/lib/python3.12/site-packages/airflow/example_dags/example_nested_branch_dag.py
[2026-03-04T08:47:12.340+0000] {logging_mixin.py:188} INFO - [2026-03-04T08:47:12.340+0000] {dag.py:3089} INFO - Sync 1 DAGs
[2026-03-04T08:47:12.349+0000] {logging_mixin.py:188} INFO - [2026-03-04T08:47:12.349+0000] {dag.py:3947} INFO - Setting next_dagrun for example_nested_branch_dag to 2026-03-03 00:00:00+00:00, run_after=2026-03-04 00:00:00+00:00
[2026-03-04T08:47:12.355+0000] {processor.py:183} INFO - Processing /home/airflow/.local/lib/python3.12/site-packages/airflow/example_dags/example_nested_branch_dag.py took 0.034 seconds
[2026-03-04T08:47:42.806+0000] {processor.py:161} INFO - Started process (PID=13061) to work on /home/airflow/.local/lib/python3.12/site-packages/airflow/example_dags/example_nested_branch_dag.py
[2026-03-04T08:47:42.807+0000] {processor.py:830} INFO - Processing file /home/airflow/.local/lib/python3.12/site-packages/airflow/example_dags/example_nested_branch_dag.py for tasks to queue
[2026-03-04T08:47:42.807+0000] {logging_mixin.py:188} INFO - [2026-03-04T08:47:42.807+0000] {dagbag.py:545} INFO - Filling up the DagBag from /home/airflow/.local/lib/python3.12/site-packages/airflow/example_dags/example_nested_branch_dag.py
[2026-03-04T08:47:42.811+0000] {processor.py:840} INFO - DAG(s) 'example_nested_branch_dag' retrieved from /home/airflow/.local/lib/python3.12/site-packages/airflow/example_dags/example_nested_branch_dag.py
[2026-03-04T08:47:42.825+0000] {logging_mixin.py:188} INFO - [2026-03-04T08:47:42.825+0000] {dag.py:3089} INFO - Sync 1 DAGs
[2026-03-04T08:47:42.835+0000] {logging_mixin.py:188} INFO - [2026-03-04T08:47:42.835+0000] {dag.py:3947} INFO - Setting next_dagrun for example_nested_branch_dag to 2026-03-03 00:00:00+00:00, run_after=2026-03-04 00:00:00+00:00
[2026-03-04T08:47:42.843+0000] {processor.py:183} INFO - Processing /home/airflow/.local/lib/python3.12/site-packages/airflow/example_dags/example_nested_branch_dag.py took 0.040 seconds
[2026-03-04T08:48:13.340+0000] {processor.py:161} INFO - Started process (PID=13323) to work on /home/airflow/.local/lib/python3.12/site-packages/airflow/example_dags/example_nested_branch_dag.py
[2026-03-04T08:48:13.342+0000] {processor.py:830} INFO - Processing file /home/airflow/.local/lib/python3.12/site-packages/airflow/example_dags/example_nested_branch_dag.py for tasks to queue
[2026-03-04T08:48:13.343+0000] {logging_mixin.py:188} INFO - [2026-03-04T08:48:13.343+0000] {dagbag.py:545} INFO - Filling up the DagBag from /home/airflow/.local/lib/python3.12/site-packages/airflow/example_dags/example_nested_branch_dag.py
[2026-03-04T08:48:13.347+0000] {processor.py:840} INFO - DAG(s) 'example_nested_branch_dag' retrieved from /home/airflow/.local/lib/python3.12/site-packages/airflow/example_dags/example_nested_branch_dag.py
[2026-03-04T08:48:13.359+0000] {logging_mixin.py:188} INFO - [2026-03-04T08:48:13.358+0000] {dag.py:3089} INFO - Sync 1 DAGs
[2026-03-04T08:48:13.366+0000] {logging_mixin.py:188} INFO - [2026-03-04T08:48:13.366+0000] {dag.py:3947} INFO - Setting next_dagrun for example_nested_branch_dag to 2026-03-03 00:00:00+00:00, run_after=2026-03-04 00:00:00+00:00
[2026-03-04T08:48:13.374+0000] {processor.py:183} INFO - Processing /home/airflow/.local/lib/python3.12/site-packages/airflow/example_dags/example_nested_branch_dag.py took 0.036 seconds
[2026-03-04T08:48:43.900+0000] {processor.py:161} INFO - Started process (PID=13587) to work on /home/airflow/.local/lib/python3.12/site-packages/airflow/example_dags/example_nested_branch_dag.py
[2026-03-04T08:48:43.900+0000] {processor.py:830} INFO - Processing file /home/airflow/.local/lib/python3.12/site-packages/airflow/example_dags/example_nested_branch_dag.py for tasks to queue
[2026-03-04T08:48:43.901+0000] {logging_mixin.py:188} INFO - [2026-03-04T08:48:43.901+0000] {dagbag.py:545} INFO - Filling up the DagBag from /home/airflow/.local/lib/python3.12/site-packages/airflow/example_dags/example_nested_branch_dag.py
[2026-03-04T08:48:43.906+0000] {processor.py:840} INFO - DAG(s) 'example_nested_branch_dag' retrieved from /home/airflow/.local/lib/python3.12/site-packages/airflow/example_dags/example_nested_branch_dag.py
[2026-03-04T08:48:43.916+0000] {logging_mixin.py:188} INFO - [2026-03-04T08:48:43.915+0000] {dag.py:3089} INFO - Sync 1 DAGs
[2026-03-04T08:48:43.922+0000] {logging_mixin.py:188} INFO - [2026-03-04T08:48:43.922+0000] {dag.py:3947} INFO - Setting next_dagrun for example_nested_branch_dag to 2026-03-03 00:00:00+00:00, run_after=2026-03-04 00:00:00+00:00
[2026-03-04T08:48:43.932+0000] {processor.py:183} INFO - Processing /home/airflow/.local/lib/python3.12/site-packages/airflow/example_dags/example_nested_branch_dag.py took 0.035 seconds
[2026-03-04T08:49:14.516+0000] {processor.py:161} INFO - Started process (PID=13847) to work on /home/airflow/.local/lib/python3.12/site-packages/airflow/example_dags/example_nested_branch_dag.py
[2026-03-04T08:49:14.517+0000] {processor.py:830} INFO - Processing file /home/airflow/.local/lib/python3.12/site-packages/airflow/example_dags/example_nested_branch_dag.py for tasks to queue
[2026-03-04T08:49:14.518+0000] {logging_mixin.py:188} INFO - [2026-03-04T08:49:14.518+0000] {dagbag.py:545} INFO - Filling up the DagBag from /home/airflow/.local/lib/python3.12/site-packages/airflow/example_dags/example_nested_branch_dag.py
[2026-03-04T08:49:14.522+0000] {processor.py:840} INFO - DAG(s) 'example_nested_branch_dag' retrieved from /home/airflow/.local/lib/python3.12/site-packages/airflow/example_dags/example_nested_branch_dag.py
[2026-03-04T08:49:14.533+0000] {logging_mixin.py:188} INFO - [2026-03-04T08:49:14.533+0000] {dag.py:3089} INFO - Sync 1 DAGs
[2026-03-04T08:49:14.541+0000] {logging_mixin.py:188} INFO - [2026-03-04T08:49:14.541+0000] {dag.py:3947} INFO - Setting next_dagrun for example_nested_branch_dag to 2026-03-03 00:00:00+00:00, run_after=2026-03-04 00:00:00+00:00
[2026-03-04T08:49:14.549+0000] {processor.py:183} INFO - Processing /home/airflow/.local/lib/python3.12/site-packages/airflow/example_dags/example_nested_branch_dag.py took 0.035 seconds
[2026-03-04T08:49:45.038+0000] {processor.py:161} INFO - Started process (PID=14111) to work on /home/airflow/.local/lib/python3.12/site-packages/airflow/example_dags/example_nested_branch_dag.py
[2026-03-04T08:49:45.038+0000] {processor.py:830} INFO - Processing file /home/airflow/.local/lib/python3.12/site-packages/airflow/example_dags/example_nested_branch_dag.py for tasks to queue
[2026-03-04T08:49:45.039+0000] {logging_mixin.py:188} INFO - [2026-03-04T08:49:45.039+0000] {dagbag.py:545} INFO - Filling up the DagBag from /home/airflow/.local/lib/python3.12/site-packages/airflow/example_dags/example_nested_branch_dag.py
[2026-03-04T08:49:45.045+0000] {processor.py:840} INFO - DAG(s) 'example_nested_branch_dag' retrieved from /home/airflow/.local/lib/python3.12/site-packages/airflow/example_dags/example_nested_branch_dag.py
[2026-03-04T08:49:45.052+0000] {logging_mixin.py:188} INFO - [2026-03-04T08:49:45.052+0000] {dag.py:3089} INFO - Sync 1 DAGs
[2026-03-04T08:49:45.061+0000] {logging_mixin.py:188} INFO - [2026-03-04T08:49:45.061+0000] {dag.py:3947} INFO - Setting next_dagrun for example_nested_branch_dag to 2026-03-03 00:00:00+00:00, run_after=2026-03-04 00:00:00+00:00
[2026-03-04T08:49:45.069+0000] {processor.py:183} INFO - Processing /home/airflow/.local/lib/python3.12/site-packages/airflow/example_dags/example_nested_branch_dag.py took 0.034 seconds
[2026-03-04T08:50:15.601+0000] {processor.py:161} INFO - Started process (PID=14373) to work on /home/airflow/.local/lib/python3.12/site-packages/airflow/example_dags/example_nested_branch_dag.py
[2026-03-04T08:50:15.601+0000] {processor.py:830} INFO - Processing file /home/airflow/.local/lib/python3.12/site-packages/airflow/example_dags/example_nested_branch_dag.py for tasks to queue
[2026-03-04T08:50:15.602+0000] {logging_mixin.py:188} INFO - [2026-03-04T08:50:15.602+0000] {dagbag.py:545} INFO - Filling up the DagBag from /home/airflow/.local/lib/python3.12/site-packages/airflow/example_dags/example_nested_branch_dag.py
[2026-03-04T08:50:15.606+0000] {processor.py:840} INFO - DAG(s) 'example_nested_branch_dag' retrieved from /home/airflow/.local/lib/python3.12/site-packages/airflow/example_dags/example_nested_branch_dag.py
[2026-03-04T08:50:15.615+0000] {logging_mixin.py:188} INFO - [2026-03-04T08:50:15.614+0000] {dag.py:3089} INFO - Sync 1 DAGs
[2026-03-04T08:50:15.625+0000] {logging_mixin.py:188} INFO - [2026-03-04T08:50:15.625+0000] {dag.py:3947} INFO - Setting next_dagrun for example_nested_branch_dag to 2026-03-03 00:00:00+00:00, run_after=2026-03-04 00:00:00+00:00
[2026-03-04T08:50:15.633+0000] {processor.py:183} INFO - Processing /home/airflow/.local/lib/python3.12/site-packages/airflow/example_dags/example_nested_branch_dag.py took 0.034 seconds
[2026-03-04T08:50:46.156+0000] {processor.py:161} INFO - Started process (PID=14635) to work on /home/airflow/.local/lib/python3.12/site-packages/airflow/example_dags/example_nested_branch_dag.py
[2026-03-04T08:50:46.156+0000] {processor.py:830} INFO - Processing file /home/airflow/.local/lib/python3.12/site-packages/airflow/example_dags/example_nested_branch_dag.py for tasks to queue
[2026-03-04T08:50:46.157+0000] {logging_mixin.py:188} INFO - [2026-03-04T08:50:46.157+0000] {dagbag.py:545} INFO - Filling up the DagBag from /home/airflow/.local/lib/python3.12/site-packages/airflow/example_dags/example_nested_branch_dag.py
[2026-03-04T08:50:46.162+0000] {processor.py:840} INFO - DAG(s) 'example_nested_branch_dag' retrieved from /home/airflow/.local/lib/python3.12/site-packages/airflow/example_dags/example_nested_branch_dag.py
[2026-03-04T08:50:46.170+0000] {logging_mixin.py:188} INFO - [2026-03-04T08:50:46.170+0000] {dag.py:3089} INFO - Sync 1 DAGs
[2026-03-04T08:50:46.179+0000] {logging_mixin.py:188} INFO - [2026-03-04T08:50:46.179+0000] {dag.py:3947} INFO - Setting next_dagrun for example_nested_branch_dag to 2026-03-03 00:00:00+00:00, run_after=2026-03-04 00:00:00+00:00
[2026-03-04T08:50:46.188+0000] {processor.py:183} INFO - Processing /home/airflow/.local/lib/python3.12/site-packages/airflow/example_dags/example_nested_branch_dag.py took 0.034 seconds
