[2026-03-04T07:57:50.782+0000] {processor.py:161} INFO - Started process (PID=347) to work on /home/airflow/.local/lib/python3.12/site-packages/airflow/example_dags/example_complex.py
[2026-03-04T07:57:50.782+0000] {processor.py:830} INFO - Processing file /home/airflow/.local/lib/python3.12/site-packages/airflow/example_dags/example_complex.py for tasks to queue
[2026-03-04T07:57:50.783+0000] {logging_mixin.py:188} INFO - [2026-03-04T07:57:50.783+0000] {dagbag.py:545} INFO - Filling up the DagBag from /home/airflow/.local/lib/python3.12/site-packages/airflow/example_dags/example_complex.py
[2026-03-04T07:57:50.790+0000] {processor.py:840} INFO - DAG(s) 'example_complex' retrieved from /home/airflow/.local/lib/python3.12/site-packages/airflow/example_dags/example_complex.py
[2026-03-04T07:57:50.836+0000] {logging_mixin.py:188} INFO - [2026-03-04T07:57:50.836+0000] {override.py:1858} INFO - Created Permission View: can delete on DAG:example_complex
[2026-03-04T07:57:50.841+0000] {logging_mixin.py:188} INFO - [2026-03-04T07:57:50.841+0000] {override.py:1858} INFO - Created Permission View: can read on DAG:example_complex
[2026-03-04T07:57:50.846+0000] {logging_mixin.py:188} INFO - [2026-03-04T07:57:50.846+0000] {override.py:1858} INFO - Created Permission View: can edit on DAG:example_complex
[2026-03-04T07:57:50.846+0000] {logging_mixin.py:188} INFO - [2026-03-04T07:57:50.846+0000] {dag.py:3089} INFO - Sync 1 DAGs
[2026-03-04T07:57:50.849+0000] {logging_mixin.py:188} INFO - [2026-03-04T07:57:50.849+0000] {dag.py:3111} INFO - Creating ORM DAG for example_complex
[2026-03-04T07:57:50.850+0000] {logging_mixin.py:188} INFO - [2026-03-04T07:57:50.850+0000] {dag.py:3947} INFO - Setting next_dagrun for example_complex to None, run_after=None
[2026-03-04T07:57:50.858+0000] {processor.py:183} INFO - Processing /home/airflow/.local/lib/python3.12/site-packages/airflow/example_dags/example_complex.py took 0.079 seconds
[2026-03-04T07:58:21.836+0000] {processor.py:161} INFO - Started process (PID=611) to work on /home/airflow/.local/lib/python3.12/site-packages/airflow/example_dags/example_complex.py
[2026-03-04T07:58:21.837+0000] {processor.py:830} INFO - Processing file /home/airflow/.local/lib/python3.12/site-packages/airflow/example_dags/example_complex.py for tasks to queue
[2026-03-04T07:58:21.837+0000] {logging_mixin.py:188} INFO - [2026-03-04T07:58:21.837+0000] {dagbag.py:545} INFO - Filling up the DagBag from /home/airflow/.local/lib/python3.12/site-packages/airflow/example_dags/example_complex.py
[2026-03-04T07:58:21.841+0000] {processor.py:840} INFO - DAG(s) 'example_complex' retrieved from /home/airflow/.local/lib/python3.12/site-packages/airflow/example_dags/example_complex.py
[2026-03-04T07:58:21.854+0000] {logging_mixin.py:188} INFO - [2026-03-04T07:58:21.853+0000] {dag.py:3089} INFO - Sync 1 DAGs
[2026-03-04T07:58:21.860+0000] {logging_mixin.py:188} INFO - [2026-03-04T07:58:21.860+0000] {dag.py:3947} INFO - Setting next_dagrun for example_complex to None, run_after=None
[2026-03-04T07:58:21.871+0000] {processor.py:183} INFO - Processing /home/airflow/.local/lib/python3.12/site-packages/airflow/example_dags/example_complex.py took 0.037 seconds
[2026-03-04T07:58:52.354+0000] {processor.py:161} INFO - Started process (PID=872) to work on /home/airflow/.local/lib/python3.12/site-packages/airflow/example_dags/example_complex.py
[2026-03-04T07:58:52.355+0000] {processor.py:830} INFO - Processing file /home/airflow/.local/lib/python3.12/site-packages/airflow/example_dags/example_complex.py for tasks to queue
[2026-03-04T07:58:52.355+0000] {logging_mixin.py:188} INFO - [2026-03-04T07:58:52.355+0000] {dagbag.py:545} INFO - Filling up the DagBag from /home/airflow/.local/lib/python3.12/site-packages/airflow/example_dags/example_complex.py
[2026-03-04T07:58:52.359+0000] {processor.py:840} INFO - DAG(s) 'example_complex' retrieved from /home/airflow/.local/lib/python3.12/site-packages/airflow/example_dags/example_complex.py
[2026-03-04T07:58:52.374+0000] {logging_mixin.py:188} INFO - [2026-03-04T07:58:52.374+0000] {dag.py:3089} INFO - Sync 1 DAGs
[2026-03-04T07:58:52.381+0000] {logging_mixin.py:188} INFO - [2026-03-04T07:58:52.381+0000] {dag.py:3947} INFO - Setting next_dagrun for example_complex to None, run_after=None
[2026-03-04T07:58:52.391+0000] {processor.py:183} INFO - Processing /home/airflow/.local/lib/python3.12/site-packages/airflow/example_dags/example_complex.py took 0.039 seconds
[2026-03-04T07:59:22.882+0000] {processor.py:161} INFO - Started process (PID=1133) to work on /home/airflow/.local/lib/python3.12/site-packages/airflow/example_dags/example_complex.py
[2026-03-04T07:59:22.883+0000] {processor.py:830} INFO - Processing file /home/airflow/.local/lib/python3.12/site-packages/airflow/example_dags/example_complex.py for tasks to queue
[2026-03-04T07:59:22.884+0000] {logging_mixin.py:188} INFO - [2026-03-04T07:59:22.884+0000] {dagbag.py:545} INFO - Filling up the DagBag from /home/airflow/.local/lib/python3.12/site-packages/airflow/example_dags/example_complex.py
[2026-03-04T07:59:22.888+0000] {processor.py:840} INFO - DAG(s) 'example_complex' retrieved from /home/airflow/.local/lib/python3.12/site-packages/airflow/example_dags/example_complex.py
[2026-03-04T07:59:22.903+0000] {logging_mixin.py:188} INFO - [2026-03-04T07:59:22.903+0000] {dag.py:3089} INFO - Sync 1 DAGs
[2026-03-04T07:59:22.909+0000] {logging_mixin.py:188} INFO - [2026-03-04T07:59:22.909+0000] {dag.py:3947} INFO - Setting next_dagrun for example_complex to None, run_after=None
[2026-03-04T07:59:22.920+0000] {processor.py:183} INFO - Processing /home/airflow/.local/lib/python3.12/site-packages/airflow/example_dags/example_complex.py took 0.040 seconds
[2026-03-04T07:59:53.595+0000] {processor.py:161} INFO - Started process (PID=1395) to work on /home/airflow/.local/lib/python3.12/site-packages/airflow/example_dags/example_complex.py
[2026-03-04T07:59:53.595+0000] {processor.py:830} INFO - Processing file /home/airflow/.local/lib/python3.12/site-packages/airflow/example_dags/example_complex.py for tasks to queue
[2026-03-04T07:59:53.596+0000] {logging_mixin.py:188} INFO - [2026-03-04T07:59:53.596+0000] {dagbag.py:545} INFO - Filling up the DagBag from /home/airflow/.local/lib/python3.12/site-packages/airflow/example_dags/example_complex.py
[2026-03-04T07:59:53.600+0000] {processor.py:840} INFO - DAG(s) 'example_complex' retrieved from /home/airflow/.local/lib/python3.12/site-packages/airflow/example_dags/example_complex.py
[2026-03-04T07:59:53.611+0000] {logging_mixin.py:188} INFO - [2026-03-04T07:59:53.610+0000] {dag.py:3089} INFO - Sync 1 DAGs
[2026-03-04T07:59:53.615+0000] {logging_mixin.py:188} INFO - [2026-03-04T07:59:53.615+0000] {dag.py:3947} INFO - Setting next_dagrun for example_complex to None, run_after=None
[2026-03-04T07:59:53.624+0000] {processor.py:183} INFO - Processing /home/airflow/.local/lib/python3.12/site-packages/airflow/example_dags/example_complex.py took 0.032 seconds
[2026-03-04T08:00:24.206+0000] {processor.py:161} INFO - Started process (PID=1659) to work on /home/airflow/.local/lib/python3.12/site-packages/airflow/example_dags/example_complex.py
[2026-03-04T08:00:24.206+0000] {processor.py:830} INFO - Processing file /home/airflow/.local/lib/python3.12/site-packages/airflow/example_dags/example_complex.py for tasks to queue
[2026-03-04T08:00:24.207+0000] {logging_mixin.py:188} INFO - [2026-03-04T08:00:24.207+0000] {dagbag.py:545} INFO - Filling up the DagBag from /home/airflow/.local/lib/python3.12/site-packages/airflow/example_dags/example_complex.py
[2026-03-04T08:00:24.211+0000] {processor.py:840} INFO - DAG(s) 'example_complex' retrieved from /home/airflow/.local/lib/python3.12/site-packages/airflow/example_dags/example_complex.py
[2026-03-04T08:00:24.224+0000] {logging_mixin.py:188} INFO - [2026-03-04T08:00:24.224+0000] {dag.py:3089} INFO - Sync 1 DAGs
[2026-03-04T08:00:24.231+0000] {logging_mixin.py:188} INFO - [2026-03-04T08:00:24.231+0000] {dag.py:3947} INFO - Setting next_dagrun for example_complex to None, run_after=None
[2026-03-04T08:00:24.239+0000] {processor.py:183} INFO - Processing /home/airflow/.local/lib/python3.12/site-packages/airflow/example_dags/example_complex.py took 0.036 seconds
[2026-03-04T08:00:54.820+0000] {processor.py:161} INFO - Started process (PID=1919) to work on /home/airflow/.local/lib/python3.12/site-packages/airflow/example_dags/example_complex.py
[2026-03-04T08:00:54.822+0000] {processor.py:830} INFO - Processing file /home/airflow/.local/lib/python3.12/site-packages/airflow/example_dags/example_complex.py for tasks to queue
[2026-03-04T08:00:54.824+0000] {logging_mixin.py:188} INFO - [2026-03-04T08:00:54.824+0000] {dagbag.py:545} INFO - Filling up the DagBag from /home/airflow/.local/lib/python3.12/site-packages/airflow/example_dags/example_complex.py
[2026-03-04T08:00:54.830+0000] {processor.py:840} INFO - DAG(s) 'example_complex' retrieved from /home/airflow/.local/lib/python3.12/site-packages/airflow/example_dags/example_complex.py
[2026-03-04T08:00:54.845+0000] {logging_mixin.py:188} INFO - [2026-03-04T08:00:54.845+0000] {dag.py:3089} INFO - Sync 1 DAGs
[2026-03-04T08:00:54.851+0000] {logging_mixin.py:188} INFO - [2026-03-04T08:00:54.851+0000] {dag.py:3947} INFO - Setting next_dagrun for example_complex to None, run_after=None
[2026-03-04T08:00:54.862+0000] {processor.py:183} INFO - Processing /home/airflow/.local/lib/python3.12/site-packages/airflow/example_dags/example_complex.py took 0.045 seconds
[2026-03-04T08:01:25.398+0000] {processor.py:161} INFO - Started process (PID=2181) to work on /home/airflow/.local/lib/python3.12/site-packages/airflow/example_dags/example_complex.py
[2026-03-04T08:01:25.399+0000] {processor.py:830} INFO - Processing file /home/airflow/.local/lib/python3.12/site-packages/airflow/example_dags/example_complex.py for tasks to queue
[2026-03-04T08:01:25.400+0000] {logging_mixin.py:188} INFO - [2026-03-04T08:01:25.399+0000] {dagbag.py:545} INFO - Filling up the DagBag from /home/airflow/.local/lib/python3.12/site-packages/airflow/example_dags/example_complex.py
[2026-03-04T08:01:25.403+0000] {processor.py:840} INFO - DAG(s) 'example_complex' retrieved from /home/airflow/.local/lib/python3.12/site-packages/airflow/example_dags/example_complex.py
[2026-03-04T08:01:25.421+0000] {logging_mixin.py:188} INFO - [2026-03-04T08:01:25.420+0000] {dag.py:3089} INFO - Sync 1 DAGs
[2026-03-04T08:01:25.426+0000] {logging_mixin.py:188} INFO - [2026-03-04T08:01:25.426+0000] {dag.py:3947} INFO - Setting next_dagrun for example_complex to None, run_after=None
[2026-03-04T08:01:25.436+0000] {processor.py:183} INFO - Processing /home/airflow/.local/lib/python3.12/site-packages/airflow/example_dags/example_complex.py took 0.040 seconds
[2026-03-04T08:01:55.999+0000] {processor.py:161} INFO - Started process (PID=2445) to work on /home/airflow/.local/lib/python3.12/site-packages/airflow/example_dags/example_complex.py
[2026-03-04T08:01:56.000+0000] {processor.py:830} INFO - Processing file /home/airflow/.local/lib/python3.12/site-packages/airflow/example_dags/example_complex.py for tasks to queue
[2026-03-04T08:01:56.000+0000] {logging_mixin.py:188} INFO - [2026-03-04T08:01:56.000+0000] {dagbag.py:545} INFO - Filling up the DagBag from /home/airflow/.local/lib/python3.12/site-packages/airflow/example_dags/example_complex.py
[2026-03-04T08:01:56.004+0000] {processor.py:840} INFO - DAG(s) 'example_complex' retrieved from /home/airflow/.local/lib/python3.12/site-packages/airflow/example_dags/example_complex.py
[2026-03-04T08:01:56.018+0000] {logging_mixin.py:188} INFO - [2026-03-04T08:01:56.017+0000] {dag.py:3089} INFO - Sync 1 DAGs
[2026-03-04T08:01:56.025+0000] {logging_mixin.py:188} INFO - [2026-03-04T08:01:56.025+0000] {dag.py:3947} INFO - Setting next_dagrun for example_complex to None, run_after=None
[2026-03-04T08:01:56.038+0000] {processor.py:183} INFO - Processing /home/airflow/.local/lib/python3.12/site-packages/airflow/example_dags/example_complex.py took 0.041 seconds
[2026-03-04T08:02:26.496+0000] {processor.py:161} INFO - Started process (PID=2705) to work on /home/airflow/.local/lib/python3.12/site-packages/airflow/example_dags/example_complex.py
[2026-03-04T08:02:26.496+0000] {processor.py:830} INFO - Processing file /home/airflow/.local/lib/python3.12/site-packages/airflow/example_dags/example_complex.py for tasks to queue
[2026-03-04T08:02:26.497+0000] {logging_mixin.py:188} INFO - [2026-03-04T08:02:26.497+0000] {dagbag.py:545} INFO - Filling up the DagBag from /home/airflow/.local/lib/python3.12/site-packages/airflow/example_dags/example_complex.py
[2026-03-04T08:02:26.500+0000] {processor.py:840} INFO - DAG(s) 'example_complex' retrieved from /home/airflow/.local/lib/python3.12/site-packages/airflow/example_dags/example_complex.py
[2026-03-04T08:02:26.514+0000] {logging_mixin.py:188} INFO - [2026-03-04T08:02:26.513+0000] {dag.py:3089} INFO - Sync 1 DAGs
[2026-03-04T08:02:26.521+0000] {logging_mixin.py:188} INFO - [2026-03-04T08:02:26.521+0000] {dag.py:3947} INFO - Setting next_dagrun for example_complex to None, run_after=None
[2026-03-04T08:02:26.530+0000] {processor.py:183} INFO - Processing /home/airflow/.local/lib/python3.12/site-packages/airflow/example_dags/example_complex.py took 0.037 seconds
[2026-03-04T08:02:57.029+0000] {processor.py:161} INFO - Started process (PID=2969) to work on /home/airflow/.local/lib/python3.12/site-packages/airflow/example_dags/example_complex.py
[2026-03-04T08:02:57.030+0000] {processor.py:830} INFO - Processing file /home/airflow/.local/lib/python3.12/site-packages/airflow/example_dags/example_complex.py for tasks to queue
[2026-03-04T08:02:57.031+0000] {logging_mixin.py:188} INFO - [2026-03-04T08:02:57.031+0000] {dagbag.py:545} INFO - Filling up the DagBag from /home/airflow/.local/lib/python3.12/site-packages/airflow/example_dags/example_complex.py
[2026-03-04T08:02:57.036+0000] {processor.py:840} INFO - DAG(s) 'example_complex' retrieved from /home/airflow/.local/lib/python3.12/site-packages/airflow/example_dags/example_complex.py
[2026-03-04T08:02:57.051+0000] {logging_mixin.py:188} INFO - [2026-03-04T08:02:57.051+0000] {dag.py:3089} INFO - Sync 1 DAGs
[2026-03-04T08:02:57.056+0000] {logging_mixin.py:188} INFO - [2026-03-04T08:02:57.056+0000] {dag.py:3947} INFO - Setting next_dagrun for example_complex to None, run_after=None
[2026-03-04T08:02:57.068+0000] {processor.py:183} INFO - Processing /home/airflow/.local/lib/python3.12/site-packages/airflow/example_dags/example_complex.py took 0.042 seconds
[2026-03-04T08:03:27.626+0000] {processor.py:161} INFO - Started process (PID=3229) to work on /home/airflow/.local/lib/python3.12/site-packages/airflow/example_dags/example_complex.py
[2026-03-04T08:03:27.626+0000] {processor.py:830} INFO - Processing file /home/airflow/.local/lib/python3.12/site-packages/airflow/example_dags/example_complex.py for tasks to queue
[2026-03-04T08:03:27.627+0000] {logging_mixin.py:188} INFO - [2026-03-04T08:03:27.627+0000] {dagbag.py:545} INFO - Filling up the DagBag from /home/airflow/.local/lib/python3.12/site-packages/airflow/example_dags/example_complex.py
[2026-03-04T08:03:27.631+0000] {processor.py:840} INFO - DAG(s) 'example_complex' retrieved from /home/airflow/.local/lib/python3.12/site-packages/airflow/example_dags/example_complex.py
[2026-03-04T08:03:27.643+0000] {logging_mixin.py:188} INFO - [2026-03-04T08:03:27.642+0000] {dag.py:3089} INFO - Sync 1 DAGs
[2026-03-04T08:03:27.648+0000] {logging_mixin.py:188} INFO - [2026-03-04T08:03:27.648+0000] {dag.py:3947} INFO - Setting next_dagrun for example_complex to None, run_after=None
[2026-03-04T08:03:27.659+0000] {processor.py:183} INFO - Processing /home/airflow/.local/lib/python3.12/site-packages/airflow/example_dags/example_complex.py took 0.035 seconds
[2026-03-04T08:03:58.155+0000] {processor.py:161} INFO - Started process (PID=3491) to work on /home/airflow/.local/lib/python3.12/site-packages/airflow/example_dags/example_complex.py
[2026-03-04T08:03:58.156+0000] {processor.py:830} INFO - Processing file /home/airflow/.local/lib/python3.12/site-packages/airflow/example_dags/example_complex.py for tasks to queue
[2026-03-04T08:03:58.157+0000] {logging_mixin.py:188} INFO - [2026-03-04T08:03:58.156+0000] {dagbag.py:545} INFO - Filling up the DagBag from /home/airflow/.local/lib/python3.12/site-packages/airflow/example_dags/example_complex.py
[2026-03-04T08:03:58.160+0000] {processor.py:840} INFO - DAG(s) 'example_complex' retrieved from /home/airflow/.local/lib/python3.12/site-packages/airflow/example_dags/example_complex.py
[2026-03-04T08:03:58.170+0000] {logging_mixin.py:188} INFO - [2026-03-04T08:03:58.170+0000] {dag.py:3089} INFO - Sync 1 DAGs
[2026-03-04T08:03:58.175+0000] {logging_mixin.py:188} INFO - [2026-03-04T08:03:58.175+0000] {dag.py:3947} INFO - Setting next_dagrun for example_complex to None, run_after=None
[2026-03-04T08:03:58.181+0000] {processor.py:183} INFO - Processing /home/airflow/.local/lib/python3.12/site-packages/airflow/example_dags/example_complex.py took 0.028 seconds
[2026-03-04T08:04:28.782+0000] {processor.py:161} INFO - Started process (PID=3753) to work on /home/airflow/.local/lib/python3.12/site-packages/airflow/example_dags/example_complex.py
[2026-03-04T08:04:28.782+0000] {processor.py:830} INFO - Processing file /home/airflow/.local/lib/python3.12/site-packages/airflow/example_dags/example_complex.py for tasks to queue
[2026-03-04T08:04:28.783+0000] {logging_mixin.py:188} INFO - [2026-03-04T08:04:28.783+0000] {dagbag.py:545} INFO - Filling up the DagBag from /home/airflow/.local/lib/python3.12/site-packages/airflow/example_dags/example_complex.py
[2026-03-04T08:04:28.787+0000] {processor.py:840} INFO - DAG(s) 'example_complex' retrieved from /home/airflow/.local/lib/python3.12/site-packages/airflow/example_dags/example_complex.py
[2026-03-04T08:04:28.801+0000] {logging_mixin.py:188} INFO - [2026-03-04T08:04:28.801+0000] {dag.py:3089} INFO - Sync 1 DAGs
[2026-03-04T08:04:28.807+0000] {logging_mixin.py:188} INFO - [2026-03-04T08:04:28.807+0000] {dag.py:3947} INFO - Setting next_dagrun for example_complex to None, run_after=None
[2026-03-04T08:04:28.816+0000] {processor.py:183} INFO - Processing /home/airflow/.local/lib/python3.12/site-packages/airflow/example_dags/example_complex.py took 0.037 seconds
[2026-03-04T08:04:59.348+0000] {processor.py:161} INFO - Started process (PID=4015) to work on /home/airflow/.local/lib/python3.12/site-packages/airflow/example_dags/example_complex.py
[2026-03-04T08:04:59.348+0000] {processor.py:830} INFO - Processing file /home/airflow/.local/lib/python3.12/site-packages/airflow/example_dags/example_complex.py for tasks to queue
[2026-03-04T08:04:59.349+0000] {logging_mixin.py:188} INFO - [2026-03-04T08:04:59.349+0000] {dagbag.py:545} INFO - Filling up the DagBag from /home/airflow/.local/lib/python3.12/site-packages/airflow/example_dags/example_complex.py
[2026-03-04T08:04:59.352+0000] {processor.py:840} INFO - DAG(s) 'example_complex' retrieved from /home/airflow/.local/lib/python3.12/site-packages/airflow/example_dags/example_complex.py
[2026-03-04T08:04:59.366+0000] {logging_mixin.py:188} INFO - [2026-03-04T08:04:59.366+0000] {dag.py:3089} INFO - Sync 1 DAGs
[2026-03-04T08:04:59.370+0000] {logging_mixin.py:188} INFO - [2026-03-04T08:04:59.370+0000] {dag.py:3947} INFO - Setting next_dagrun for example_complex to None, run_after=None
[2026-03-04T08:04:59.381+0000] {processor.py:183} INFO - Processing /home/airflow/.local/lib/python3.12/site-packages/airflow/example_dags/example_complex.py took 0.036 seconds
[2026-03-04T08:05:29.958+0000] {processor.py:161} INFO - Started process (PID=4277) to work on /home/airflow/.local/lib/python3.12/site-packages/airflow/example_dags/example_complex.py
[2026-03-04T08:05:29.959+0000] {processor.py:830} INFO - Processing file /home/airflow/.local/lib/python3.12/site-packages/airflow/example_dags/example_complex.py for tasks to queue
[2026-03-04T08:05:29.960+0000] {logging_mixin.py:188} INFO - [2026-03-04T08:05:29.960+0000] {dagbag.py:545} INFO - Filling up the DagBag from /home/airflow/.local/lib/python3.12/site-packages/airflow/example_dags/example_complex.py
[2026-03-04T08:05:29.963+0000] {processor.py:840} INFO - DAG(s) 'example_complex' retrieved from /home/airflow/.local/lib/python3.12/site-packages/airflow/example_dags/example_complex.py
[2026-03-04T08:05:29.976+0000] {logging_mixin.py:188} INFO - [2026-03-04T08:05:29.976+0000] {dag.py:3089} INFO - Sync 1 DAGs
[2026-03-04T08:05:29.983+0000] {logging_mixin.py:188} INFO - [2026-03-04T08:05:29.983+0000] {dag.py:3947} INFO - Setting next_dagrun for example_complex to None, run_after=None
[2026-03-04T08:05:29.994+0000] {processor.py:183} INFO - Processing /home/airflow/.local/lib/python3.12/site-packages/airflow/example_dags/example_complex.py took 0.038 seconds
[2026-03-04T08:06:00.509+0000] {processor.py:161} INFO - Started process (PID=4539) to work on /home/airflow/.local/lib/python3.12/site-packages/airflow/example_dags/example_complex.py
[2026-03-04T08:06:00.509+0000] {processor.py:830} INFO - Processing file /home/airflow/.local/lib/python3.12/site-packages/airflow/example_dags/example_complex.py for tasks to queue
[2026-03-04T08:06:00.510+0000] {logging_mixin.py:188} INFO - [2026-03-04T08:06:00.510+0000] {dagbag.py:545} INFO - Filling up the DagBag from /home/airflow/.local/lib/python3.12/site-packages/airflow/example_dags/example_complex.py
[2026-03-04T08:06:00.514+0000] {processor.py:840} INFO - DAG(s) 'example_complex' retrieved from /home/airflow/.local/lib/python3.12/site-packages/airflow/example_dags/example_complex.py
[2026-03-04T08:06:00.528+0000] {logging_mixin.py:188} INFO - [2026-03-04T08:06:00.528+0000] {dag.py:3089} INFO - Sync 1 DAGs
[2026-03-04T08:06:00.534+0000] {logging_mixin.py:188} INFO - [2026-03-04T08:06:00.534+0000] {dag.py:3947} INFO - Setting next_dagrun for example_complex to None, run_after=None
[2026-03-04T08:06:00.543+0000] {processor.py:183} INFO - Processing /home/airflow/.local/lib/python3.12/site-packages/airflow/example_dags/example_complex.py took 0.037 seconds
[2026-03-04T08:06:31.056+0000] {processor.py:161} INFO - Started process (PID=4801) to work on /home/airflow/.local/lib/python3.12/site-packages/airflow/example_dags/example_complex.py
[2026-03-04T08:06:31.056+0000] {processor.py:830} INFO - Processing file /home/airflow/.local/lib/python3.12/site-packages/airflow/example_dags/example_complex.py for tasks to queue
[2026-03-04T08:06:31.057+0000] {logging_mixin.py:188} INFO - [2026-03-04T08:06:31.057+0000] {dagbag.py:545} INFO - Filling up the DagBag from /home/airflow/.local/lib/python3.12/site-packages/airflow/example_dags/example_complex.py
[2026-03-04T08:06:31.061+0000] {processor.py:840} INFO - DAG(s) 'example_complex' retrieved from /home/airflow/.local/lib/python3.12/site-packages/airflow/example_dags/example_complex.py
[2026-03-04T08:06:31.073+0000] {logging_mixin.py:188} INFO - [2026-03-04T08:06:31.073+0000] {dag.py:3089} INFO - Sync 1 DAGs
[2026-03-04T08:06:31.077+0000] {logging_mixin.py:188} INFO - [2026-03-04T08:06:31.077+0000] {dag.py:3947} INFO - Setting next_dagrun for example_complex to None, run_after=None
[2026-03-04T08:06:31.087+0000] {processor.py:183} INFO - Processing /home/airflow/.local/lib/python3.12/site-packages/airflow/example_dags/example_complex.py took 0.033 seconds
[2026-03-04T08:07:01.625+0000] {processor.py:161} INFO - Started process (PID=5063) to work on /home/airflow/.local/lib/python3.12/site-packages/airflow/example_dags/example_complex.py
[2026-03-04T08:07:01.627+0000] {processor.py:830} INFO - Processing file /home/airflow/.local/lib/python3.12/site-packages/airflow/example_dags/example_complex.py for tasks to queue
[2026-03-04T08:07:01.628+0000] {logging_mixin.py:188} INFO - [2026-03-04T08:07:01.628+0000] {dagbag.py:545} INFO - Filling up the DagBag from /home/airflow/.local/lib/python3.12/site-packages/airflow/example_dags/example_complex.py
[2026-03-04T08:07:01.632+0000] {processor.py:840} INFO - DAG(s) 'example_complex' retrieved from /home/airflow/.local/lib/python3.12/site-packages/airflow/example_dags/example_complex.py
[2026-03-04T08:07:01.643+0000] {logging_mixin.py:188} INFO - [2026-03-04T08:07:01.643+0000] {dag.py:3089} INFO - Sync 1 DAGs
[2026-03-04T08:07:01.648+0000] {logging_mixin.py:188} INFO - [2026-03-04T08:07:01.648+0000] {dag.py:3947} INFO - Setting next_dagrun for example_complex to None, run_after=None
[2026-03-04T08:07:01.656+0000] {processor.py:183} INFO - Processing /home/airflow/.local/lib/python3.12/site-packages/airflow/example_dags/example_complex.py took 0.032 seconds
[2026-03-04T08:07:32.100+0000] {processor.py:161} INFO - Started process (PID=5325) to work on /home/airflow/.local/lib/python3.12/site-packages/airflow/example_dags/example_complex.py
[2026-03-04T08:07:32.100+0000] {processor.py:830} INFO - Processing file /home/airflow/.local/lib/python3.12/site-packages/airflow/example_dags/example_complex.py for tasks to queue
[2026-03-04T08:07:32.101+0000] {logging_mixin.py:188} INFO - [2026-03-04T08:07:32.101+0000] {dagbag.py:545} INFO - Filling up the DagBag from /home/airflow/.local/lib/python3.12/site-packages/airflow/example_dags/example_complex.py
[2026-03-04T08:07:32.104+0000] {processor.py:840} INFO - DAG(s) 'example_complex' retrieved from /home/airflow/.local/lib/python3.12/site-packages/airflow/example_dags/example_complex.py
[2026-03-04T08:07:32.114+0000] {logging_mixin.py:188} INFO - [2026-03-04T08:07:32.114+0000] {dag.py:3089} INFO - Sync 1 DAGs
[2026-03-04T08:07:32.119+0000] {logging_mixin.py:188} INFO - [2026-03-04T08:07:32.119+0000] {dag.py:3947} INFO - Setting next_dagrun for example_complex to None, run_after=None
[2026-03-04T08:07:32.131+0000] {processor.py:183} INFO - Processing /home/airflow/.local/lib/python3.12/site-packages/airflow/example_dags/example_complex.py took 0.034 seconds
[2026-03-04T08:08:02.715+0000] {processor.py:161} INFO - Started process (PID=5587) to work on /home/airflow/.local/lib/python3.12/site-packages/airflow/example_dags/example_complex.py
[2026-03-04T08:08:02.715+0000] {processor.py:830} INFO - Processing file /home/airflow/.local/lib/python3.12/site-packages/airflow/example_dags/example_complex.py for tasks to queue
[2026-03-04T08:08:02.716+0000] {logging_mixin.py:188} INFO - [2026-03-04T08:08:02.716+0000] {dagbag.py:545} INFO - Filling up the DagBag from /home/airflow/.local/lib/python3.12/site-packages/airflow/example_dags/example_complex.py
[2026-03-04T08:08:02.720+0000] {processor.py:840} INFO - DAG(s) 'example_complex' retrieved from /home/airflow/.local/lib/python3.12/site-packages/airflow/example_dags/example_complex.py
[2026-03-04T08:08:02.730+0000] {logging_mixin.py:188} INFO - [2026-03-04T08:08:02.730+0000] {dag.py:3089} INFO - Sync 1 DAGs
[2026-03-04T08:08:02.735+0000] {logging_mixin.py:188} INFO - [2026-03-04T08:08:02.735+0000] {dag.py:3947} INFO - Setting next_dagrun for example_complex to None, run_after=None
[2026-03-04T08:08:02.745+0000] {processor.py:183} INFO - Processing /home/airflow/.local/lib/python3.12/site-packages/airflow/example_dags/example_complex.py took 0.032 seconds
[2026-03-04T08:08:33.315+0000] {processor.py:161} INFO - Started process (PID=5851) to work on /home/airflow/.local/lib/python3.12/site-packages/airflow/example_dags/example_complex.py
[2026-03-04T08:08:33.316+0000] {processor.py:830} INFO - Processing file /home/airflow/.local/lib/python3.12/site-packages/airflow/example_dags/example_complex.py for tasks to queue
[2026-03-04T08:08:33.317+0000] {logging_mixin.py:188} INFO - [2026-03-04T08:08:33.316+0000] {dagbag.py:545} INFO - Filling up the DagBag from /home/airflow/.local/lib/python3.12/site-packages/airflow/example_dags/example_complex.py
[2026-03-04T08:08:33.321+0000] {processor.py:840} INFO - DAG(s) 'example_complex' retrieved from /home/airflow/.local/lib/python3.12/site-packages/airflow/example_dags/example_complex.py
[2026-03-04T08:08:33.337+0000] {logging_mixin.py:188} INFO - [2026-03-04T08:08:33.337+0000] {dag.py:3089} INFO - Sync 1 DAGs
[2026-03-04T08:08:33.342+0000] {logging_mixin.py:188} INFO - [2026-03-04T08:08:33.342+0000] {dag.py:3947} INFO - Setting next_dagrun for example_complex to None, run_after=None
[2026-03-04T08:08:33.355+0000] {processor.py:183} INFO - Processing /home/airflow/.local/lib/python3.12/site-packages/airflow/example_dags/example_complex.py took 0.044 seconds
[2026-03-04T08:09:03.939+0000] {processor.py:161} INFO - Started process (PID=6111) to work on /home/airflow/.local/lib/python3.12/site-packages/airflow/example_dags/example_complex.py
[2026-03-04T08:09:03.939+0000] {processor.py:830} INFO - Processing file /home/airflow/.local/lib/python3.12/site-packages/airflow/example_dags/example_complex.py for tasks to queue
[2026-03-04T08:09:03.940+0000] {logging_mixin.py:188} INFO - [2026-03-04T08:09:03.940+0000] {dagbag.py:545} INFO - Filling up the DagBag from /home/airflow/.local/lib/python3.12/site-packages/airflow/example_dags/example_complex.py
[2026-03-04T08:09:03.943+0000] {processor.py:840} INFO - DAG(s) 'example_complex' retrieved from /home/airflow/.local/lib/python3.12/site-packages/airflow/example_dags/example_complex.py
[2026-03-04T08:09:03.957+0000] {logging_mixin.py:188} INFO - [2026-03-04T08:09:03.957+0000] {dag.py:3089} INFO - Sync 1 DAGs
[2026-03-04T08:09:03.961+0000] {logging_mixin.py:188} INFO - [2026-03-04T08:09:03.961+0000] {dag.py:3947} INFO - Setting next_dagrun for example_complex to None, run_after=None
[2026-03-04T08:09:03.971+0000] {processor.py:183} INFO - Processing /home/airflow/.local/lib/python3.12/site-packages/airflow/example_dags/example_complex.py took 0.035 seconds
[2026-03-04T08:09:34.495+0000] {processor.py:161} INFO - Started process (PID=6375) to work on /home/airflow/.local/lib/python3.12/site-packages/airflow/example_dags/example_complex.py
[2026-03-04T08:09:34.495+0000] {processor.py:830} INFO - Processing file /home/airflow/.local/lib/python3.12/site-packages/airflow/example_dags/example_complex.py for tasks to queue
[2026-03-04T08:09:34.496+0000] {logging_mixin.py:188} INFO - [2026-03-04T08:09:34.496+0000] {dagbag.py:545} INFO - Filling up the DagBag from /home/airflow/.local/lib/python3.12/site-packages/airflow/example_dags/example_complex.py
[2026-03-04T08:09:34.499+0000] {processor.py:840} INFO - DAG(s) 'example_complex' retrieved from /home/airflow/.local/lib/python3.12/site-packages/airflow/example_dags/example_complex.py
[2026-03-04T08:09:34.516+0000] {logging_mixin.py:188} INFO - [2026-03-04T08:09:34.516+0000] {dag.py:3089} INFO - Sync 1 DAGs
[2026-03-04T08:09:34.523+0000] {logging_mixin.py:188} INFO - [2026-03-04T08:09:34.523+0000] {dag.py:3947} INFO - Setting next_dagrun for example_complex to None, run_after=None
[2026-03-04T08:09:34.529+0000] {processor.py:183} INFO - Processing /home/airflow/.local/lib/python3.12/site-packages/airflow/example_dags/example_complex.py took 0.037 seconds
[2026-03-04T08:10:05.083+0000] {processor.py:161} INFO - Started process (PID=6635) to work on /home/airflow/.local/lib/python3.12/site-packages/airflow/example_dags/example_complex.py
[2026-03-04T08:10:05.084+0000] {processor.py:830} INFO - Processing file /home/airflow/.local/lib/python3.12/site-packages/airflow/example_dags/example_complex.py for tasks to queue
[2026-03-04T08:10:05.084+0000] {logging_mixin.py:188} INFO - [2026-03-04T08:10:05.084+0000] {dagbag.py:545} INFO - Filling up the DagBag from /home/airflow/.local/lib/python3.12/site-packages/airflow/example_dags/example_complex.py
[2026-03-04T08:10:05.088+0000] {processor.py:840} INFO - DAG(s) 'example_complex' retrieved from /home/airflow/.local/lib/python3.12/site-packages/airflow/example_dags/example_complex.py
[2026-03-04T08:10:05.099+0000] {logging_mixin.py:188} INFO - [2026-03-04T08:10:05.099+0000] {dag.py:3089} INFO - Sync 1 DAGs
[2026-03-04T08:10:05.104+0000] {logging_mixin.py:188} INFO - [2026-03-04T08:10:05.104+0000] {dag.py:3947} INFO - Setting next_dagrun for example_complex to None, run_after=None
[2026-03-04T08:10:05.114+0000] {processor.py:183} INFO - Processing /home/airflow/.local/lib/python3.12/site-packages/airflow/example_dags/example_complex.py took 0.033 seconds
[2026-03-04T08:10:35.609+0000] {processor.py:161} INFO - Started process (PID=6900) to work on /home/airflow/.local/lib/python3.12/site-packages/airflow/example_dags/example_complex.py
[2026-03-04T08:10:35.609+0000] {processor.py:830} INFO - Processing file /home/airflow/.local/lib/python3.12/site-packages/airflow/example_dags/example_complex.py for tasks to queue
[2026-03-04T08:10:35.610+0000] {logging_mixin.py:188} INFO - [2026-03-04T08:10:35.610+0000] {dagbag.py:545} INFO - Filling up the DagBag from /home/airflow/.local/lib/python3.12/site-packages/airflow/example_dags/example_complex.py
[2026-03-04T08:10:35.614+0000] {processor.py:840} INFO - DAG(s) 'example_complex' retrieved from /home/airflow/.local/lib/python3.12/site-packages/airflow/example_dags/example_complex.py
[2026-03-04T08:10:35.626+0000] {logging_mixin.py:188} INFO - [2026-03-04T08:10:35.626+0000] {dag.py:3089} INFO - Sync 1 DAGs
[2026-03-04T08:10:35.631+0000] {logging_mixin.py:188} INFO - [2026-03-04T08:10:35.631+0000] {dag.py:3947} INFO - Setting next_dagrun for example_complex to None, run_after=None
[2026-03-04T08:10:35.641+0000] {processor.py:183} INFO - Processing /home/airflow/.local/lib/python3.12/site-packages/airflow/example_dags/example_complex.py took 0.034 seconds
[2026-03-04T08:11:06.318+0000] {processor.py:161} INFO - Started process (PID=7162) to work on /home/airflow/.local/lib/python3.12/site-packages/airflow/example_dags/example_complex.py
[2026-03-04T08:11:06.319+0000] {processor.py:830} INFO - Processing file /home/airflow/.local/lib/python3.12/site-packages/airflow/example_dags/example_complex.py for tasks to queue
[2026-03-04T08:11:06.319+0000] {logging_mixin.py:188} INFO - [2026-03-04T08:11:06.319+0000] {dagbag.py:545} INFO - Filling up the DagBag from /home/airflow/.local/lib/python3.12/site-packages/airflow/example_dags/example_complex.py
[2026-03-04T08:11:06.323+0000] {processor.py:840} INFO - DAG(s) 'example_complex' retrieved from /home/airflow/.local/lib/python3.12/site-packages/airflow/example_dags/example_complex.py
[2026-03-04T08:11:06.337+0000] {logging_mixin.py:188} INFO - [2026-03-04T08:11:06.337+0000] {dag.py:3089} INFO - Sync 1 DAGs
[2026-03-04T08:11:06.344+0000] {logging_mixin.py:188} INFO - [2026-03-04T08:11:06.343+0000] {dag.py:3947} INFO - Setting next_dagrun for example_complex to None, run_after=None
[2026-03-04T08:11:06.352+0000] {processor.py:183} INFO - Processing /home/airflow/.local/lib/python3.12/site-packages/airflow/example_dags/example_complex.py took 0.036 seconds
[2026-03-04T08:11:36.894+0000] {processor.py:161} INFO - Started process (PID=7424) to work on /home/airflow/.local/lib/python3.12/site-packages/airflow/example_dags/example_complex.py
[2026-03-04T08:11:36.895+0000] {processor.py:830} INFO - Processing file /home/airflow/.local/lib/python3.12/site-packages/airflow/example_dags/example_complex.py for tasks to queue
[2026-03-04T08:11:36.896+0000] {logging_mixin.py:188} INFO - [2026-03-04T08:11:36.895+0000] {dagbag.py:545} INFO - Filling up the DagBag from /home/airflow/.local/lib/python3.12/site-packages/airflow/example_dags/example_complex.py
[2026-03-04T08:11:36.900+0000] {processor.py:840} INFO - DAG(s) 'example_complex' retrieved from /home/airflow/.local/lib/python3.12/site-packages/airflow/example_dags/example_complex.py
[2026-03-04T08:11:36.912+0000] {logging_mixin.py:188} INFO - [2026-03-04T08:11:36.912+0000] {dag.py:3089} INFO - Sync 1 DAGs
[2026-03-04T08:11:36.918+0000] {logging_mixin.py:188} INFO - [2026-03-04T08:11:36.918+0000] {dag.py:3947} INFO - Setting next_dagrun for example_complex to None, run_after=None
[2026-03-04T08:11:36.928+0000] {processor.py:183} INFO - Processing /home/airflow/.local/lib/python3.12/site-packages/airflow/example_dags/example_complex.py took 0.036 seconds
[2026-03-04T08:12:07.395+0000] {processor.py:161} INFO - Started process (PID=7686) to work on /home/airflow/.local/lib/python3.12/site-packages/airflow/example_dags/example_complex.py
[2026-03-04T08:12:07.396+0000] {processor.py:830} INFO - Processing file /home/airflow/.local/lib/python3.12/site-packages/airflow/example_dags/example_complex.py for tasks to queue
[2026-03-04T08:12:07.396+0000] {logging_mixin.py:188} INFO - [2026-03-04T08:12:07.396+0000] {dagbag.py:545} INFO - Filling up the DagBag from /home/airflow/.local/lib/python3.12/site-packages/airflow/example_dags/example_complex.py
[2026-03-04T08:12:07.400+0000] {processor.py:840} INFO - DAG(s) 'example_complex' retrieved from /home/airflow/.local/lib/python3.12/site-packages/airflow/example_dags/example_complex.py
[2026-03-04T08:12:07.415+0000] {logging_mixin.py:188} INFO - [2026-03-04T08:12:07.415+0000] {dag.py:3089} INFO - Sync 1 DAGs
[2026-03-04T08:12:07.420+0000] {logging_mixin.py:188} INFO - [2026-03-04T08:12:07.420+0000] {dag.py:3947} INFO - Setting next_dagrun for example_complex to None, run_after=None
[2026-03-04T08:12:07.428+0000] {processor.py:183} INFO - Processing /home/airflow/.local/lib/python3.12/site-packages/airflow/example_dags/example_complex.py took 0.035 seconds
[2026-03-04T08:12:37.977+0000] {processor.py:161} INFO - Started process (PID=7948) to work on /home/airflow/.local/lib/python3.12/site-packages/airflow/example_dags/example_complex.py
[2026-03-04T08:12:37.978+0000] {processor.py:830} INFO - Processing file /home/airflow/.local/lib/python3.12/site-packages/airflow/example_dags/example_complex.py for tasks to queue
[2026-03-04T08:12:37.978+0000] {logging_mixin.py:188} INFO - [2026-03-04T08:12:37.978+0000] {dagbag.py:545} INFO - Filling up the DagBag from /home/airflow/.local/lib/python3.12/site-packages/airflow/example_dags/example_complex.py
[2026-03-04T08:12:37.982+0000] {processor.py:840} INFO - DAG(s) 'example_complex' retrieved from /home/airflow/.local/lib/python3.12/site-packages/airflow/example_dags/example_complex.py
[2026-03-04T08:12:37.992+0000] {logging_mixin.py:188} INFO - [2026-03-04T08:12:37.992+0000] {dag.py:3089} INFO - Sync 1 DAGs
[2026-03-04T08:12:37.996+0000] {logging_mixin.py:188} INFO - [2026-03-04T08:12:37.996+0000] {dag.py:3947} INFO - Setting next_dagrun for example_complex to None, run_after=None
[2026-03-04T08:12:38.006+0000] {processor.py:183} INFO - Processing /home/airflow/.local/lib/python3.12/site-packages/airflow/example_dags/example_complex.py took 0.031 seconds
[2026-03-04T08:13:08.518+0000] {processor.py:161} INFO - Started process (PID=8210) to work on /home/airflow/.local/lib/python3.12/site-packages/airflow/example_dags/example_complex.py
[2026-03-04T08:13:08.519+0000] {processor.py:830} INFO - Processing file /home/airflow/.local/lib/python3.12/site-packages/airflow/example_dags/example_complex.py for tasks to queue
[2026-03-04T08:13:08.519+0000] {logging_mixin.py:188} INFO - [2026-03-04T08:13:08.519+0000] {dagbag.py:545} INFO - Filling up the DagBag from /home/airflow/.local/lib/python3.12/site-packages/airflow/example_dags/example_complex.py
[2026-03-04T08:13:08.524+0000] {processor.py:840} INFO - DAG(s) 'example_complex' retrieved from /home/airflow/.local/lib/python3.12/site-packages/airflow/example_dags/example_complex.py
[2026-03-04T08:13:08.537+0000] {logging_mixin.py:188} INFO - [2026-03-04T08:13:08.537+0000] {dag.py:3089} INFO - Sync 1 DAGs
[2026-03-04T08:13:08.543+0000] {logging_mixin.py:188} INFO - [2026-03-04T08:13:08.543+0000] {dag.py:3947} INFO - Setting next_dagrun for example_complex to None, run_after=None
[2026-03-04T08:13:08.555+0000] {processor.py:183} INFO - Processing /home/airflow/.local/lib/python3.12/site-packages/airflow/example_dags/example_complex.py took 0.039 seconds
[2026-03-04T08:13:39.063+0000] {processor.py:161} INFO - Started process (PID=8472) to work on /home/airflow/.local/lib/python3.12/site-packages/airflow/example_dags/example_complex.py
[2026-03-04T08:13:39.065+0000] {processor.py:830} INFO - Processing file /home/airflow/.local/lib/python3.12/site-packages/airflow/example_dags/example_complex.py for tasks to queue
[2026-03-04T08:13:39.066+0000] {logging_mixin.py:188} INFO - [2026-03-04T08:13:39.066+0000] {dagbag.py:545} INFO - Filling up the DagBag from /home/airflow/.local/lib/python3.12/site-packages/airflow/example_dags/example_complex.py
[2026-03-04T08:13:39.069+0000] {processor.py:840} INFO - DAG(s) 'example_complex' retrieved from /home/airflow/.local/lib/python3.12/site-packages/airflow/example_dags/example_complex.py
[2026-03-04T08:13:39.082+0000] {logging_mixin.py:188} INFO - [2026-03-04T08:13:39.082+0000] {dag.py:3089} INFO - Sync 1 DAGs
[2026-03-04T08:13:39.087+0000] {logging_mixin.py:188} INFO - [2026-03-04T08:13:39.087+0000] {dag.py:3947} INFO - Setting next_dagrun for example_complex to None, run_after=None
[2026-03-04T08:13:39.092+0000] {processor.py:183} INFO - Processing /home/airflow/.local/lib/python3.12/site-packages/airflow/example_dags/example_complex.py took 0.031 seconds
[2026-03-04T08:14:09.564+0000] {processor.py:161} INFO - Started process (PID=8734) to work on /home/airflow/.local/lib/python3.12/site-packages/airflow/example_dags/example_complex.py
[2026-03-04T08:14:09.564+0000] {processor.py:830} INFO - Processing file /home/airflow/.local/lib/python3.12/site-packages/airflow/example_dags/example_complex.py for tasks to queue
[2026-03-04T08:14:09.565+0000] {logging_mixin.py:188} INFO - [2026-03-04T08:14:09.565+0000] {dagbag.py:545} INFO - Filling up the DagBag from /home/airflow/.local/lib/python3.12/site-packages/airflow/example_dags/example_complex.py
[2026-03-04T08:14:09.569+0000] {processor.py:840} INFO - DAG(s) 'example_complex' retrieved from /home/airflow/.local/lib/python3.12/site-packages/airflow/example_dags/example_complex.py
[2026-03-04T08:14:09.583+0000] {logging_mixin.py:188} INFO - [2026-03-04T08:14:09.583+0000] {dag.py:3089} INFO - Sync 1 DAGs
[2026-03-04T08:14:09.589+0000] {logging_mixin.py:188} INFO - [2026-03-04T08:14:09.589+0000] {dag.py:3947} INFO - Setting next_dagrun for example_complex to None, run_after=None
[2026-03-04T08:14:09.597+0000] {processor.py:183} INFO - Processing /home/airflow/.local/lib/python3.12/site-packages/airflow/example_dags/example_complex.py took 0.036 seconds
[2026-03-04T08:14:40.136+0000] {processor.py:161} INFO - Started process (PID=8996) to work on /home/airflow/.local/lib/python3.12/site-packages/airflow/example_dags/example_complex.py
[2026-03-04T08:14:40.136+0000] {processor.py:830} INFO - Processing file /home/airflow/.local/lib/python3.12/site-packages/airflow/example_dags/example_complex.py for tasks to queue
[2026-03-04T08:14:40.137+0000] {logging_mixin.py:188} INFO - [2026-03-04T08:14:40.137+0000] {dagbag.py:545} INFO - Filling up the DagBag from /home/airflow/.local/lib/python3.12/site-packages/airflow/example_dags/example_complex.py
[2026-03-04T08:14:40.141+0000] {processor.py:840} INFO - DAG(s) 'example_complex' retrieved from /home/airflow/.local/lib/python3.12/site-packages/airflow/example_dags/example_complex.py
[2026-03-04T08:14:40.155+0000] {logging_mixin.py:188} INFO - [2026-03-04T08:14:40.155+0000] {dag.py:3089} INFO - Sync 1 DAGs
[2026-03-04T08:14:40.159+0000] {logging_mixin.py:188} INFO - [2026-03-04T08:14:40.159+0000] {dag.py:3947} INFO - Setting next_dagrun for example_complex to None, run_after=None
[2026-03-04T08:14:40.169+0000] {processor.py:183} INFO - Processing /home/airflow/.local/lib/python3.12/site-packages/airflow/example_dags/example_complex.py took 0.035 seconds
[2026-03-04T08:15:10.683+0000] {processor.py:161} INFO - Started process (PID=9262) to work on /home/airflow/.local/lib/python3.12/site-packages/airflow/example_dags/example_complex.py
[2026-03-04T08:15:10.683+0000] {processor.py:830} INFO - Processing file /home/airflow/.local/lib/python3.12/site-packages/airflow/example_dags/example_complex.py for tasks to queue
[2026-03-04T08:15:10.684+0000] {logging_mixin.py:188} INFO - [2026-03-04T08:15:10.684+0000] {dagbag.py:545} INFO - Filling up the DagBag from /home/airflow/.local/lib/python3.12/site-packages/airflow/example_dags/example_complex.py
[2026-03-04T08:15:10.688+0000] {processor.py:840} INFO - DAG(s) 'example_complex' retrieved from /home/airflow/.local/lib/python3.12/site-packages/airflow/example_dags/example_complex.py
[2026-03-04T08:15:10.699+0000] {logging_mixin.py:188} INFO - [2026-03-04T08:15:10.699+0000] {dag.py:3089} INFO - Sync 1 DAGs
[2026-03-04T08:15:10.704+0000] {logging_mixin.py:188} INFO - [2026-03-04T08:15:10.704+0000] {dag.py:3947} INFO - Setting next_dagrun for example_complex to None, run_after=None
[2026-03-04T08:15:10.710+0000] {processor.py:183} INFO - Processing /home/airflow/.local/lib/python3.12/site-packages/airflow/example_dags/example_complex.py took 0.030 seconds
[2026-03-04T08:15:41.243+0000] {processor.py:161} INFO - Started process (PID=9528) to work on /home/airflow/.local/lib/python3.12/site-packages/airflow/example_dags/example_complex.py
[2026-03-04T08:15:41.243+0000] {processor.py:830} INFO - Processing file /home/airflow/.local/lib/python3.12/site-packages/airflow/example_dags/example_complex.py for tasks to queue
[2026-03-04T08:15:41.244+0000] {logging_mixin.py:188} INFO - [2026-03-04T08:15:41.244+0000] {dagbag.py:545} INFO - Filling up the DagBag from /home/airflow/.local/lib/python3.12/site-packages/airflow/example_dags/example_complex.py
[2026-03-04T08:15:41.248+0000] {processor.py:840} INFO - DAG(s) 'example_complex' retrieved from /home/airflow/.local/lib/python3.12/site-packages/airflow/example_dags/example_complex.py
[2026-03-04T08:15:41.261+0000] {logging_mixin.py:188} INFO - [2026-03-04T08:15:41.261+0000] {dag.py:3089} INFO - Sync 1 DAGs
[2026-03-04T08:15:41.266+0000] {logging_mixin.py:188} INFO - [2026-03-04T08:15:41.266+0000] {dag.py:3947} INFO - Setting next_dagrun for example_complex to None, run_after=None
[2026-03-04T08:15:41.276+0000] {processor.py:183} INFO - Processing /home/airflow/.local/lib/python3.12/site-packages/airflow/example_dags/example_complex.py took 0.035 seconds
[2026-03-04T08:16:11.878+0000] {processor.py:161} INFO - Started process (PID=9790) to work on /home/airflow/.local/lib/python3.12/site-packages/airflow/example_dags/example_complex.py
[2026-03-04T08:16:11.878+0000] {processor.py:830} INFO - Processing file /home/airflow/.local/lib/python3.12/site-packages/airflow/example_dags/example_complex.py for tasks to queue
[2026-03-04T08:16:11.879+0000] {logging_mixin.py:188} INFO - [2026-03-04T08:16:11.879+0000] {dagbag.py:545} INFO - Filling up the DagBag from /home/airflow/.local/lib/python3.12/site-packages/airflow/example_dags/example_complex.py
[2026-03-04T08:16:11.883+0000] {processor.py:840} INFO - DAG(s) 'example_complex' retrieved from /home/airflow/.local/lib/python3.12/site-packages/airflow/example_dags/example_complex.py
[2026-03-04T08:16:11.893+0000] {logging_mixin.py:188} INFO - [2026-03-04T08:16:11.893+0000] {dag.py:3089} INFO - Sync 1 DAGs
[2026-03-04T08:16:11.897+0000] {logging_mixin.py:188} INFO - [2026-03-04T08:16:11.897+0000] {dag.py:3947} INFO - Setting next_dagrun for example_complex to None, run_after=None
[2026-03-04T08:16:11.907+0000] {processor.py:183} INFO - Processing /home/airflow/.local/lib/python3.12/site-packages/airflow/example_dags/example_complex.py took 0.031 seconds
[2026-03-04T08:16:42.497+0000] {processor.py:161} INFO - Started process (PID=10052) to work on /home/airflow/.local/lib/python3.12/site-packages/airflow/example_dags/example_complex.py
[2026-03-04T08:16:42.498+0000] {processor.py:830} INFO - Processing file /home/airflow/.local/lib/python3.12/site-packages/airflow/example_dags/example_complex.py for tasks to queue
[2026-03-04T08:16:42.499+0000] {logging_mixin.py:188} INFO - [2026-03-04T08:16:42.499+0000] {dagbag.py:545} INFO - Filling up the DagBag from /home/airflow/.local/lib/python3.12/site-packages/airflow/example_dags/example_complex.py
[2026-03-04T08:16:42.503+0000] {processor.py:840} INFO - DAG(s) 'example_complex' retrieved from /home/airflow/.local/lib/python3.12/site-packages/airflow/example_dags/example_complex.py
[2026-03-04T08:16:42.517+0000] {logging_mixin.py:188} INFO - [2026-03-04T08:16:42.517+0000] {dag.py:3089} INFO - Sync 1 DAGs
[2026-03-04T08:16:42.523+0000] {logging_mixin.py:188} INFO - [2026-03-04T08:16:42.523+0000] {dag.py:3947} INFO - Setting next_dagrun for example_complex to None, run_after=None
[2026-03-04T08:16:42.529+0000] {processor.py:183} INFO - Processing /home/airflow/.local/lib/python3.12/site-packages/airflow/example_dags/example_complex.py took 0.035 seconds
[2026-03-04T08:17:13.528+0000] {processor.py:161} INFO - Started process (PID=10314) to work on /home/airflow/.local/lib/python3.12/site-packages/airflow/example_dags/example_complex.py
[2026-03-04T08:17:13.530+0000] {processor.py:830} INFO - Processing file /home/airflow/.local/lib/python3.12/site-packages/airflow/example_dags/example_complex.py for tasks to queue
[2026-03-04T08:17:13.531+0000] {logging_mixin.py:188} INFO - [2026-03-04T08:17:13.530+0000] {dagbag.py:545} INFO - Filling up the DagBag from /home/airflow/.local/lib/python3.12/site-packages/airflow/example_dags/example_complex.py
[2026-03-04T08:17:13.534+0000] {processor.py:840} INFO - DAG(s) 'example_complex' retrieved from /home/airflow/.local/lib/python3.12/site-packages/airflow/example_dags/example_complex.py
[2026-03-04T08:17:13.545+0000] {logging_mixin.py:188} INFO - [2026-03-04T08:17:13.545+0000] {dag.py:3089} INFO - Sync 1 DAGs
[2026-03-04T08:17:13.550+0000] {logging_mixin.py:188} INFO - [2026-03-04T08:17:13.550+0000] {dag.py:3947} INFO - Setting next_dagrun for example_complex to None, run_after=None
[2026-03-04T08:17:13.558+0000] {processor.py:183} INFO - Processing /home/airflow/.local/lib/python3.12/site-packages/airflow/example_dags/example_complex.py took 0.033 seconds
[2026-03-04T08:17:43.659+0000] {processor.py:161} INFO - Started process (PID=10576) to work on /home/airflow/.local/lib/python3.12/site-packages/airflow/example_dags/example_complex.py
[2026-03-04T08:17:43.659+0000] {processor.py:830} INFO - Processing file /home/airflow/.local/lib/python3.12/site-packages/airflow/example_dags/example_complex.py for tasks to queue
[2026-03-04T08:17:43.660+0000] {logging_mixin.py:188} INFO - [2026-03-04T08:17:43.660+0000] {dagbag.py:545} INFO - Filling up the DagBag from /home/airflow/.local/lib/python3.12/site-packages/airflow/example_dags/example_complex.py
[2026-03-04T08:17:43.664+0000] {processor.py:840} INFO - DAG(s) 'example_complex' retrieved from /home/airflow/.local/lib/python3.12/site-packages/airflow/example_dags/example_complex.py
[2026-03-04T08:17:43.674+0000] {logging_mixin.py:188} INFO - [2026-03-04T08:17:43.674+0000] {dag.py:3089} INFO - Sync 1 DAGs
[2026-03-04T08:17:43.678+0000] {logging_mixin.py:188} INFO - [2026-03-04T08:17:43.678+0000] {dag.py:3947} INFO - Setting next_dagrun for example_complex to None, run_after=None
[2026-03-04T08:17:43.685+0000] {processor.py:183} INFO - Processing /home/airflow/.local/lib/python3.12/site-packages/airflow/example_dags/example_complex.py took 0.028 seconds
[2026-03-04T08:18:14.956+0000] {processor.py:161} INFO - Started process (PID=10838) to work on /home/airflow/.local/lib/python3.12/site-packages/airflow/example_dags/example_complex.py
[2026-03-04T08:18:14.956+0000] {processor.py:830} INFO - Processing file /home/airflow/.local/lib/python3.12/site-packages/airflow/example_dags/example_complex.py for tasks to queue
[2026-03-04T08:18:14.957+0000] {logging_mixin.py:188} INFO - [2026-03-04T08:18:14.957+0000] {dagbag.py:545} INFO - Filling up the DagBag from /home/airflow/.local/lib/python3.12/site-packages/airflow/example_dags/example_complex.py
[2026-03-04T08:18:14.961+0000] {processor.py:840} INFO - DAG(s) 'example_complex' retrieved from /home/airflow/.local/lib/python3.12/site-packages/airflow/example_dags/example_complex.py
[2026-03-04T08:18:15.038+0000] {logging_mixin.py:188} INFO - [2026-03-04T08:18:15.038+0000] {dag.py:3089} INFO - Sync 1 DAGs
[2026-03-04T08:18:15.042+0000] {logging_mixin.py:188} INFO - [2026-03-04T08:18:15.042+0000] {dag.py:3947} INFO - Setting next_dagrun for example_complex to None, run_after=None
[2026-03-04T08:18:15.050+0000] {processor.py:183} INFO - Processing /home/airflow/.local/lib/python3.12/site-packages/airflow/example_dags/example_complex.py took 0.096 seconds
[2026-03-04T08:18:45.991+0000] {processor.py:161} INFO - Started process (PID=11100) to work on /home/airflow/.local/lib/python3.12/site-packages/airflow/example_dags/example_complex.py
[2026-03-04T08:18:45.992+0000] {processor.py:830} INFO - Processing file /home/airflow/.local/lib/python3.12/site-packages/airflow/example_dags/example_complex.py for tasks to queue
[2026-03-04T08:18:45.992+0000] {logging_mixin.py:188} INFO - [2026-03-04T08:18:45.992+0000] {dagbag.py:545} INFO - Filling up the DagBag from /home/airflow/.local/lib/python3.12/site-packages/airflow/example_dags/example_complex.py
[2026-03-04T08:18:45.996+0000] {processor.py:840} INFO - DAG(s) 'example_complex' retrieved from /home/airflow/.local/lib/python3.12/site-packages/airflow/example_dags/example_complex.py
[2026-03-04T08:18:46.006+0000] {logging_mixin.py:188} INFO - [2026-03-04T08:18:46.006+0000] {dag.py:3089} INFO - Sync 1 DAGs
[2026-03-04T08:18:46.012+0000] {logging_mixin.py:188} INFO - [2026-03-04T08:18:46.012+0000] {dag.py:3947} INFO - Setting next_dagrun for example_complex to None, run_after=None
[2026-03-04T08:18:46.021+0000] {processor.py:183} INFO - Processing /home/airflow/.local/lib/python3.12/site-packages/airflow/example_dags/example_complex.py took 0.032 seconds
[2026-03-04T08:19:16.667+0000] {processor.py:161} INFO - Started process (PID=11362) to work on /home/airflow/.local/lib/python3.12/site-packages/airflow/example_dags/example_complex.py
[2026-03-04T08:19:16.668+0000] {processor.py:830} INFO - Processing file /home/airflow/.local/lib/python3.12/site-packages/airflow/example_dags/example_complex.py for tasks to queue
[2026-03-04T08:19:16.668+0000] {logging_mixin.py:188} INFO - [2026-03-04T08:19:16.668+0000] {dagbag.py:545} INFO - Filling up the DagBag from /home/airflow/.local/lib/python3.12/site-packages/airflow/example_dags/example_complex.py
[2026-03-04T08:19:16.672+0000] {processor.py:840} INFO - DAG(s) 'example_complex' retrieved from /home/airflow/.local/lib/python3.12/site-packages/airflow/example_dags/example_complex.py
[2026-03-04T08:19:16.683+0000] {logging_mixin.py:188} INFO - [2026-03-04T08:19:16.683+0000] {dag.py:3089} INFO - Sync 1 DAGs
[2026-03-04T08:19:16.687+0000] {logging_mixin.py:188} INFO - [2026-03-04T08:19:16.687+0000] {dag.py:3947} INFO - Setting next_dagrun for example_complex to None, run_after=None
[2026-03-04T08:19:16.696+0000] {processor.py:183} INFO - Processing /home/airflow/.local/lib/python3.12/site-packages/airflow/example_dags/example_complex.py took 0.031 seconds
[2026-03-04T08:19:47.204+0000] {processor.py:161} INFO - Started process (PID=11624) to work on /home/airflow/.local/lib/python3.12/site-packages/airflow/example_dags/example_complex.py
[2026-03-04T08:19:47.205+0000] {processor.py:830} INFO - Processing file /home/airflow/.local/lib/python3.12/site-packages/airflow/example_dags/example_complex.py for tasks to queue
[2026-03-04T08:19:47.206+0000] {logging_mixin.py:188} INFO - [2026-03-04T08:19:47.206+0000] {dagbag.py:545} INFO - Filling up the DagBag from /home/airflow/.local/lib/python3.12/site-packages/airflow/example_dags/example_complex.py
[2026-03-04T08:19:47.209+0000] {processor.py:840} INFO - DAG(s) 'example_complex' retrieved from /home/airflow/.local/lib/python3.12/site-packages/airflow/example_dags/example_complex.py
[2026-03-04T08:19:47.224+0000] {logging_mixin.py:188} INFO - [2026-03-04T08:19:47.224+0000] {dag.py:3089} INFO - Sync 1 DAGs
[2026-03-04T08:19:47.230+0000] {logging_mixin.py:188} INFO - [2026-03-04T08:19:47.229+0000] {dag.py:3947} INFO - Setting next_dagrun for example_complex to None, run_after=None
[2026-03-04T08:19:47.238+0000] {processor.py:183} INFO - Processing /home/airflow/.local/lib/python3.12/site-packages/airflow/example_dags/example_complex.py took 0.036 seconds
[2026-03-04T08:20:17.787+0000] {processor.py:161} INFO - Started process (PID=11887) to work on /home/airflow/.local/lib/python3.12/site-packages/airflow/example_dags/example_complex.py
[2026-03-04T08:20:17.788+0000] {processor.py:830} INFO - Processing file /home/airflow/.local/lib/python3.12/site-packages/airflow/example_dags/example_complex.py for tasks to queue
[2026-03-04T08:20:17.788+0000] {logging_mixin.py:188} INFO - [2026-03-04T08:20:17.788+0000] {dagbag.py:545} INFO - Filling up the DagBag from /home/airflow/.local/lib/python3.12/site-packages/airflow/example_dags/example_complex.py
[2026-03-04T08:20:17.792+0000] {processor.py:840} INFO - DAG(s) 'example_complex' retrieved from /home/airflow/.local/lib/python3.12/site-packages/airflow/example_dags/example_complex.py
[2026-03-04T08:20:17.805+0000] {logging_mixin.py:188} INFO - [2026-03-04T08:20:17.805+0000] {dag.py:3089} INFO - Sync 1 DAGs
[2026-03-04T08:20:17.814+0000] {logging_mixin.py:188} INFO - [2026-03-04T08:20:17.813+0000] {dag.py:3947} INFO - Setting next_dagrun for example_complex to None, run_after=None
[2026-03-04T08:20:17.825+0000] {processor.py:183} INFO - Processing /home/airflow/.local/lib/python3.12/site-packages/airflow/example_dags/example_complex.py took 0.041 seconds
[2026-03-04T08:37:21.661+0000] {processor.py:161} INFO - Started process (PID=12150) to work on /home/airflow/.local/lib/python3.12/site-packages/airflow/example_dags/example_complex.py
[2026-03-04T08:37:21.661+0000] {processor.py:830} INFO - Processing file /home/airflow/.local/lib/python3.12/site-packages/airflow/example_dags/example_complex.py for tasks to queue
[2026-03-04T08:37:21.662+0000] {logging_mixin.py:188} INFO - [2026-03-04T08:37:21.662+0000] {dagbag.py:545} INFO - Filling up the DagBag from /home/airflow/.local/lib/python3.12/site-packages/airflow/example_dags/example_complex.py
[2026-03-04T08:37:21.670+0000] {processor.py:840} INFO - DAG(s) 'example_complex' retrieved from /home/airflow/.local/lib/python3.12/site-packages/airflow/example_dags/example_complex.py
[2026-03-04T08:37:21.688+0000] {logging_mixin.py:188} INFO - [2026-03-04T08:37:21.688+0000] {dag.py:3089} INFO - Sync 1 DAGs
[2026-03-04T08:37:21.693+0000] {logging_mixin.py:188} INFO - [2026-03-04T08:37:21.693+0000] {dag.py:3947} INFO - Setting next_dagrun for example_complex to None, run_after=None
[2026-03-04T08:37:21.708+0000] {processor.py:183} INFO - Processing /home/airflow/.local/lib/python3.12/site-packages/airflow/example_dags/example_complex.py took 0.051 seconds
[2026-03-04T08:46:11.781+0000] {processor.py:161} INFO - Started process (PID=12410) to work on /home/airflow/.local/lib/python3.12/site-packages/airflow/example_dags/example_complex.py
[2026-03-04T08:46:11.781+0000] {processor.py:830} INFO - Processing file /home/airflow/.local/lib/python3.12/site-packages/airflow/example_dags/example_complex.py for tasks to queue
[2026-03-04T08:46:11.782+0000] {logging_mixin.py:188} INFO - [2026-03-04T08:46:11.782+0000] {dagbag.py:545} INFO - Filling up the DagBag from /home/airflow/.local/lib/python3.12/site-packages/airflow/example_dags/example_complex.py
[2026-03-04T08:46:11.787+0000] {processor.py:840} INFO - DAG(s) 'example_complex' retrieved from /home/airflow/.local/lib/python3.12/site-packages/airflow/example_dags/example_complex.py
[2026-03-04T08:46:11.800+0000] {logging_mixin.py:188} INFO - [2026-03-04T08:46:11.800+0000] {dag.py:3089} INFO - Sync 1 DAGs
[2026-03-04T08:46:11.805+0000] {logging_mixin.py:188} INFO - [2026-03-04T08:46:11.805+0000] {dag.py:3947} INFO - Setting next_dagrun for example_complex to None, run_after=None
[2026-03-04T08:46:11.815+0000] {processor.py:183} INFO - Processing /home/airflow/.local/lib/python3.12/site-packages/airflow/example_dags/example_complex.py took 0.037 seconds
[2026-03-04T08:46:42.426+0000] {processor.py:161} INFO - Started process (PID=12672) to work on /home/airflow/.local/lib/python3.12/site-packages/airflow/example_dags/example_complex.py
[2026-03-04T08:46:42.426+0000] {processor.py:830} INFO - Processing file /home/airflow/.local/lib/python3.12/site-packages/airflow/example_dags/example_complex.py for tasks to queue
[2026-03-04T08:46:42.428+0000] {logging_mixin.py:188} INFO - [2026-03-04T08:46:42.428+0000] {dagbag.py:545} INFO - Filling up the DagBag from /home/airflow/.local/lib/python3.12/site-packages/airflow/example_dags/example_complex.py
[2026-03-04T08:46:42.432+0000] {processor.py:840} INFO - DAG(s) 'example_complex' retrieved from /home/airflow/.local/lib/python3.12/site-packages/airflow/example_dags/example_complex.py
[2026-03-04T08:46:42.448+0000] {logging_mixin.py:188} INFO - [2026-03-04T08:46:42.448+0000] {dag.py:3089} INFO - Sync 1 DAGs
[2026-03-04T08:46:42.454+0000] {logging_mixin.py:188} INFO - [2026-03-04T08:46:42.454+0000] {dag.py:3947} INFO - Setting next_dagrun for example_complex to None, run_after=None
[2026-03-04T08:46:42.465+0000] {processor.py:183} INFO - Processing /home/airflow/.local/lib/python3.12/site-packages/airflow/example_dags/example_complex.py took 0.042 seconds
[2026-03-04T08:47:12.928+0000] {processor.py:161} INFO - Started process (PID=12934) to work on /home/airflow/.local/lib/python3.12/site-packages/airflow/example_dags/example_complex.py
[2026-03-04T08:47:12.928+0000] {processor.py:830} INFO - Processing file /home/airflow/.local/lib/python3.12/site-packages/airflow/example_dags/example_complex.py for tasks to queue
[2026-03-04T08:47:12.929+0000] {logging_mixin.py:188} INFO - [2026-03-04T08:47:12.929+0000] {dagbag.py:545} INFO - Filling up the DagBag from /home/airflow/.local/lib/python3.12/site-packages/airflow/example_dags/example_complex.py
[2026-03-04T08:47:12.933+0000] {processor.py:840} INFO - DAG(s) 'example_complex' retrieved from /home/airflow/.local/lib/python3.12/site-packages/airflow/example_dags/example_complex.py
[2026-03-04T08:47:12.943+0000] {logging_mixin.py:188} INFO - [2026-03-04T08:47:12.943+0000] {dag.py:3089} INFO - Sync 1 DAGs
[2026-03-04T08:47:12.948+0000] {logging_mixin.py:188} INFO - [2026-03-04T08:47:12.948+0000] {dag.py:3947} INFO - Setting next_dagrun for example_complex to None, run_after=None
[2026-03-04T08:47:12.958+0000] {processor.py:183} INFO - Processing /home/airflow/.local/lib/python3.12/site-packages/airflow/example_dags/example_complex.py took 0.033 seconds
[2026-03-04T08:47:43.469+0000] {processor.py:161} INFO - Started process (PID=13196) to work on /home/airflow/.local/lib/python3.12/site-packages/airflow/example_dags/example_complex.py
[2026-03-04T08:47:43.469+0000] {processor.py:830} INFO - Processing file /home/airflow/.local/lib/python3.12/site-packages/airflow/example_dags/example_complex.py for tasks to queue
[2026-03-04T08:47:43.470+0000] {logging_mixin.py:188} INFO - [2026-03-04T08:47:43.470+0000] {dagbag.py:545} INFO - Filling up the DagBag from /home/airflow/.local/lib/python3.12/site-packages/airflow/example_dags/example_complex.py
[2026-03-04T08:47:43.473+0000] {processor.py:840} INFO - DAG(s) 'example_complex' retrieved from /home/airflow/.local/lib/python3.12/site-packages/airflow/example_dags/example_complex.py
[2026-03-04T08:47:43.486+0000] {logging_mixin.py:188} INFO - [2026-03-04T08:47:43.486+0000] {dag.py:3089} INFO - Sync 1 DAGs
[2026-03-04T08:47:43.490+0000] {logging_mixin.py:188} INFO - [2026-03-04T08:47:43.490+0000] {dag.py:3947} INFO - Setting next_dagrun for example_complex to None, run_after=None
[2026-03-04T08:47:43.500+0000] {processor.py:183} INFO - Processing /home/airflow/.local/lib/python3.12/site-packages/airflow/example_dags/example_complex.py took 0.034 seconds
[2026-03-04T08:48:13.963+0000] {processor.py:161} INFO - Started process (PID=13458) to work on /home/airflow/.local/lib/python3.12/site-packages/airflow/example_dags/example_complex.py
[2026-03-04T08:48:13.965+0000] {processor.py:830} INFO - Processing file /home/airflow/.local/lib/python3.12/site-packages/airflow/example_dags/example_complex.py for tasks to queue
[2026-03-04T08:48:13.966+0000] {logging_mixin.py:188} INFO - [2026-03-04T08:48:13.965+0000] {dagbag.py:545} INFO - Filling up the DagBag from /home/airflow/.local/lib/python3.12/site-packages/airflow/example_dags/example_complex.py
[2026-03-04T08:48:13.969+0000] {processor.py:840} INFO - DAG(s) 'example_complex' retrieved from /home/airflow/.local/lib/python3.12/site-packages/airflow/example_dags/example_complex.py
[2026-03-04T08:48:13.980+0000] {logging_mixin.py:188} INFO - [2026-03-04T08:48:13.980+0000] {dag.py:3089} INFO - Sync 1 DAGs
[2026-03-04T08:48:13.986+0000] {logging_mixin.py:188} INFO - [2026-03-04T08:48:13.986+0000] {dag.py:3947} INFO - Setting next_dagrun for example_complex to None, run_after=None
[2026-03-04T08:48:13.996+0000] {processor.py:183} INFO - Processing /home/airflow/.local/lib/python3.12/site-packages/airflow/example_dags/example_complex.py took 0.035 seconds
[2026-03-04T08:48:44.542+0000] {processor.py:161} INFO - Started process (PID=13720) to work on /home/airflow/.local/lib/python3.12/site-packages/airflow/example_dags/example_complex.py
[2026-03-04T08:48:44.543+0000] {processor.py:830} INFO - Processing file /home/airflow/.local/lib/python3.12/site-packages/airflow/example_dags/example_complex.py for tasks to queue
[2026-03-04T08:48:44.545+0000] {logging_mixin.py:188} INFO - [2026-03-04T08:48:44.544+0000] {dagbag.py:545} INFO - Filling up the DagBag from /home/airflow/.local/lib/python3.12/site-packages/airflow/example_dags/example_complex.py
[2026-03-04T08:48:44.548+0000] {processor.py:840} INFO - DAG(s) 'example_complex' retrieved from /home/airflow/.local/lib/python3.12/site-packages/airflow/example_dags/example_complex.py
[2026-03-04T08:48:44.567+0000] {logging_mixin.py:188} INFO - [2026-03-04T08:48:44.567+0000] {dag.py:3089} INFO - Sync 1 DAGs
[2026-03-04T08:48:44.573+0000] {logging_mixin.py:188} INFO - [2026-03-04T08:48:44.573+0000] {dag.py:3947} INFO - Setting next_dagrun for example_complex to None, run_after=None
[2026-03-04T08:48:44.581+0000] {processor.py:183} INFO - Processing /home/airflow/.local/lib/python3.12/site-packages/airflow/example_dags/example_complex.py took 0.041 seconds
[2026-03-04T08:49:15.126+0000] {processor.py:161} INFO - Started process (PID=13982) to work on /home/airflow/.local/lib/python3.12/site-packages/airflow/example_dags/example_complex.py
[2026-03-04T08:49:15.128+0000] {processor.py:830} INFO - Processing file /home/airflow/.local/lib/python3.12/site-packages/airflow/example_dags/example_complex.py for tasks to queue
[2026-03-04T08:49:15.129+0000] {logging_mixin.py:188} INFO - [2026-03-04T08:49:15.129+0000] {dagbag.py:545} INFO - Filling up the DagBag from /home/airflow/.local/lib/python3.12/site-packages/airflow/example_dags/example_complex.py
[2026-03-04T08:49:15.132+0000] {processor.py:840} INFO - DAG(s) 'example_complex' retrieved from /home/airflow/.local/lib/python3.12/site-packages/airflow/example_dags/example_complex.py
[2026-03-04T08:49:15.147+0000] {logging_mixin.py:188} INFO - [2026-03-04T08:49:15.147+0000] {dag.py:3089} INFO - Sync 1 DAGs
[2026-03-04T08:49:15.152+0000] {logging_mixin.py:188} INFO - [2026-03-04T08:49:15.151+0000] {dag.py:3947} INFO - Setting next_dagrun for example_complex to None, run_after=None
[2026-03-04T08:49:15.161+0000] {processor.py:183} INFO - Processing /home/airflow/.local/lib/python3.12/site-packages/airflow/example_dags/example_complex.py took 0.037 seconds
[2026-03-04T08:49:45.690+0000] {processor.py:161} INFO - Started process (PID=14244) to work on /home/airflow/.local/lib/python3.12/site-packages/airflow/example_dags/example_complex.py
[2026-03-04T08:49:45.691+0000] {processor.py:830} INFO - Processing file /home/airflow/.local/lib/python3.12/site-packages/airflow/example_dags/example_complex.py for tasks to queue
[2026-03-04T08:49:45.692+0000] {logging_mixin.py:188} INFO - [2026-03-04T08:49:45.692+0000] {dagbag.py:545} INFO - Filling up the DagBag from /home/airflow/.local/lib/python3.12/site-packages/airflow/example_dags/example_complex.py
[2026-03-04T08:49:45.696+0000] {processor.py:840} INFO - DAG(s) 'example_complex' retrieved from /home/airflow/.local/lib/python3.12/site-packages/airflow/example_dags/example_complex.py
[2026-03-04T08:49:45.709+0000] {logging_mixin.py:188} INFO - [2026-03-04T08:49:45.709+0000] {dag.py:3089} INFO - Sync 1 DAGs
[2026-03-04T08:49:45.714+0000] {logging_mixin.py:188} INFO - [2026-03-04T08:49:45.714+0000] {dag.py:3947} INFO - Setting next_dagrun for example_complex to None, run_after=None
[2026-03-04T08:49:45.720+0000] {processor.py:183} INFO - Processing /home/airflow/.local/lib/python3.12/site-packages/airflow/example_dags/example_complex.py took 0.032 seconds
[2026-03-04T08:50:16.212+0000] {processor.py:161} INFO - Started process (PID=14506) to work on /home/airflow/.local/lib/python3.12/site-packages/airflow/example_dags/example_complex.py
[2026-03-04T08:50:16.212+0000] {processor.py:830} INFO - Processing file /home/airflow/.local/lib/python3.12/site-packages/airflow/example_dags/example_complex.py for tasks to queue
[2026-03-04T08:50:16.213+0000] {logging_mixin.py:188} INFO - [2026-03-04T08:50:16.213+0000] {dagbag.py:545} INFO - Filling up the DagBag from /home/airflow/.local/lib/python3.12/site-packages/airflow/example_dags/example_complex.py
[2026-03-04T08:50:16.218+0000] {processor.py:840} INFO - DAG(s) 'example_complex' retrieved from /home/airflow/.local/lib/python3.12/site-packages/airflow/example_dags/example_complex.py
[2026-03-04T08:50:16.231+0000] {logging_mixin.py:188} INFO - [2026-03-04T08:50:16.231+0000] {dag.py:3089} INFO - Sync 1 DAGs
[2026-03-04T08:50:16.234+0000] {logging_mixin.py:188} INFO - [2026-03-04T08:50:16.234+0000] {dag.py:3947} INFO - Setting next_dagrun for example_complex to None, run_after=None
[2026-03-04T08:50:16.242+0000] {processor.py:183} INFO - Processing /home/airflow/.local/lib/python3.12/site-packages/airflow/example_dags/example_complex.py took 0.033 seconds
[2026-03-04T08:50:46.816+0000] {processor.py:161} INFO - Started process (PID=14768) to work on /home/airflow/.local/lib/python3.12/site-packages/airflow/example_dags/example_complex.py
[2026-03-04T08:50:46.818+0000] {processor.py:830} INFO - Processing file /home/airflow/.local/lib/python3.12/site-packages/airflow/example_dags/example_complex.py for tasks to queue
[2026-03-04T08:50:46.819+0000] {logging_mixin.py:188} INFO - [2026-03-04T08:50:46.819+0000] {dagbag.py:545} INFO - Filling up the DagBag from /home/airflow/.local/lib/python3.12/site-packages/airflow/example_dags/example_complex.py
[2026-03-04T08:50:46.822+0000] {processor.py:840} INFO - DAG(s) 'example_complex' retrieved from /home/airflow/.local/lib/python3.12/site-packages/airflow/example_dags/example_complex.py
[2026-03-04T08:50:46.834+0000] {logging_mixin.py:188} INFO - [2026-03-04T08:50:46.834+0000] {dag.py:3089} INFO - Sync 1 DAGs
[2026-03-04T08:50:46.840+0000] {logging_mixin.py:188} INFO - [2026-03-04T08:50:46.840+0000] {dag.py:3947} INFO - Setting next_dagrun for example_complex to None, run_after=None
[2026-03-04T08:50:46.845+0000] {processor.py:183} INFO - Processing /home/airflow/.local/lib/python3.12/site-packages/airflow/example_dags/example_complex.py took 0.031 seconds
