[2026-03-04T07:57:51.410+0000] {processor.py:161} INFO - Started process (PID=392) to work on /home/airflow/.local/lib/python3.12/site-packages/airflow/example_dags/example_branch_operator_decorator.py
[2026-03-04T07:57:51.411+0000] {processor.py:830} INFO - Processing file /home/airflow/.local/lib/python3.12/site-packages/airflow/example_dags/example_branch_operator_decorator.py for tasks to queue
[2026-03-04T07:57:51.412+0000] {logging_mixin.py:188} INFO - [2026-03-04T07:57:51.412+0000] {dagbag.py:545} INFO - Filling up the DagBag from /home/airflow/.local/lib/python3.12/site-packages/airflow/example_dags/example_branch_operator_decorator.py
[2026-03-04T07:57:51.423+0000] {processor.py:840} INFO - DAG(s) 'example_branch_python_operator_decorator' retrieved from /home/airflow/.local/lib/python3.12/site-packages/airflow/example_dags/example_branch_operator_decorator.py
[2026-03-04T07:57:51.471+0000] {logging_mixin.py:188} INFO - [2026-03-04T07:57:51.471+0000] {override.py:1858} INFO - Created Permission View: can delete on DAG:example_branch_python_operator_decorator
[2026-03-04T07:57:51.474+0000] {logging_mixin.py:188} INFO - [2026-03-04T07:57:51.474+0000] {override.py:1858} INFO - Created Permission View: can read on DAG:example_branch_python_operator_decorator
[2026-03-04T07:57:51.478+0000] {logging_mixin.py:188} INFO - [2026-03-04T07:57:51.477+0000] {override.py:1858} INFO - Created Permission View: can edit on DAG:example_branch_python_operator_decorator
[2026-03-04T07:57:51.479+0000] {logging_mixin.py:188} INFO - [2026-03-04T07:57:51.479+0000] {dag.py:3089} INFO - Sync 1 DAGs
[2026-03-04T07:57:51.483+0000] {logging_mixin.py:188} INFO - [2026-03-04T07:57:51.483+0000] {dag.py:3111} INFO - Creating ORM DAG for example_branch_python_operator_decorator
[2026-03-04T07:57:51.486+0000] {logging_mixin.py:188} INFO - [2026-03-04T07:57:51.486+0000] {dag.py:3947} INFO - Setting next_dagrun for example_branch_python_operator_decorator to 2026-03-03 00:00:00+00:00, run_after=2026-03-04 00:00:00+00:00
[2026-03-04T07:57:51.492+0000] {processor.py:183} INFO - Processing /home/airflow/.local/lib/python3.12/site-packages/airflow/example_dags/example_branch_operator_decorator.py took 0.084 seconds
[2026-03-04T07:58:22.052+0000] {processor.py:161} INFO - Started process (PID=654) to work on /home/airflow/.local/lib/python3.12/site-packages/airflow/example_dags/example_branch_operator_decorator.py
[2026-03-04T07:58:22.052+0000] {processor.py:830} INFO - Processing file /home/airflow/.local/lib/python3.12/site-packages/airflow/example_dags/example_branch_operator_decorator.py for tasks to queue
[2026-03-04T07:58:22.054+0000] {logging_mixin.py:188} INFO - [2026-03-04T07:58:22.054+0000] {dagbag.py:545} INFO - Filling up the DagBag from /home/airflow/.local/lib/python3.12/site-packages/airflow/example_dags/example_branch_operator_decorator.py
[2026-03-04T07:58:22.061+0000] {processor.py:840} INFO - DAG(s) 'example_branch_python_operator_decorator' retrieved from /home/airflow/.local/lib/python3.12/site-packages/airflow/example_dags/example_branch_operator_decorator.py
[2026-03-04T07:58:22.074+0000] {logging_mixin.py:188} INFO - [2026-03-04T07:58:22.073+0000] {dag.py:3089} INFO - Sync 1 DAGs
[2026-03-04T07:58:22.084+0000] {logging_mixin.py:188} INFO - [2026-03-04T07:58:22.084+0000] {dag.py:3947} INFO - Setting next_dagrun for example_branch_python_operator_decorator to 2026-03-03 00:00:00+00:00, run_after=2026-03-04 00:00:00+00:00
[2026-03-04T07:58:22.090+0000] {processor.py:183} INFO - Processing /home/airflow/.local/lib/python3.12/site-packages/airflow/example_dags/example_branch_operator_decorator.py took 0.041 seconds
[2026-03-04T07:58:52.589+0000] {processor.py:161} INFO - Started process (PID=916) to work on /home/airflow/.local/lib/python3.12/site-packages/airflow/example_dags/example_branch_operator_decorator.py
[2026-03-04T07:58:52.590+0000] {processor.py:830} INFO - Processing file /home/airflow/.local/lib/python3.12/site-packages/airflow/example_dags/example_branch_operator_decorator.py for tasks to queue
[2026-03-04T07:58:52.591+0000] {logging_mixin.py:188} INFO - [2026-03-04T07:58:52.590+0000] {dagbag.py:545} INFO - Filling up the DagBag from /home/airflow/.local/lib/python3.12/site-packages/airflow/example_dags/example_branch_operator_decorator.py
[2026-03-04T07:58:52.597+0000] {processor.py:840} INFO - DAG(s) 'example_branch_python_operator_decorator' retrieved from /home/airflow/.local/lib/python3.12/site-packages/airflow/example_dags/example_branch_operator_decorator.py
[2026-03-04T07:58:52.610+0000] {logging_mixin.py:188} INFO - [2026-03-04T07:58:52.610+0000] {dag.py:3089} INFO - Sync 1 DAGs
[2026-03-04T07:58:52.618+0000] {logging_mixin.py:188} INFO - [2026-03-04T07:58:52.618+0000] {dag.py:3947} INFO - Setting next_dagrun for example_branch_python_operator_decorator to 2026-03-03 00:00:00+00:00, run_after=2026-03-04 00:00:00+00:00
[2026-03-04T07:58:52.630+0000] {processor.py:183} INFO - Processing /home/airflow/.local/lib/python3.12/site-packages/airflow/example_dags/example_branch_operator_decorator.py took 0.043 seconds
[2026-03-04T07:59:23.123+0000] {processor.py:161} INFO - Started process (PID=1178) to work on /home/airflow/.local/lib/python3.12/site-packages/airflow/example_dags/example_branch_operator_decorator.py
[2026-03-04T07:59:23.125+0000] {processor.py:830} INFO - Processing file /home/airflow/.local/lib/python3.12/site-packages/airflow/example_dags/example_branch_operator_decorator.py for tasks to queue
[2026-03-04T07:59:23.127+0000] {logging_mixin.py:188} INFO - [2026-03-04T07:59:23.126+0000] {dagbag.py:545} INFO - Filling up the DagBag from /home/airflow/.local/lib/python3.12/site-packages/airflow/example_dags/example_branch_operator_decorator.py
[2026-03-04T07:59:23.135+0000] {processor.py:840} INFO - DAG(s) 'example_branch_python_operator_decorator' retrieved from /home/airflow/.local/lib/python3.12/site-packages/airflow/example_dags/example_branch_operator_decorator.py
[2026-03-04T07:59:23.148+0000] {logging_mixin.py:188} INFO - [2026-03-04T07:59:23.148+0000] {dag.py:3089} INFO - Sync 1 DAGs
[2026-03-04T07:59:23.156+0000] {logging_mixin.py:188} INFO - [2026-03-04T07:59:23.156+0000] {dag.py:3947} INFO - Setting next_dagrun for example_branch_python_operator_decorator to 2026-03-03 00:00:00+00:00, run_after=2026-03-04 00:00:00+00:00
[2026-03-04T07:59:23.162+0000] {processor.py:183} INFO - Processing /home/airflow/.local/lib/python3.12/site-packages/airflow/example_dags/example_branch_operator_decorator.py took 0.042 seconds
[2026-03-04T07:59:53.814+0000] {processor.py:161} INFO - Started process (PID=1440) to work on /home/airflow/.local/lib/python3.12/site-packages/airflow/example_dags/example_branch_operator_decorator.py
[2026-03-04T07:59:53.814+0000] {processor.py:830} INFO - Processing file /home/airflow/.local/lib/python3.12/site-packages/airflow/example_dags/example_branch_operator_decorator.py for tasks to queue
[2026-03-04T07:59:53.815+0000] {logging_mixin.py:188} INFO - [2026-03-04T07:59:53.814+0000] {dagbag.py:545} INFO - Filling up the DagBag from /home/airflow/.local/lib/python3.12/site-packages/airflow/example_dags/example_branch_operator_decorator.py
[2026-03-04T07:59:53.823+0000] {processor.py:840} INFO - DAG(s) 'example_branch_python_operator_decorator' retrieved from /home/airflow/.local/lib/python3.12/site-packages/airflow/example_dags/example_branch_operator_decorator.py
[2026-03-04T07:59:53.833+0000] {logging_mixin.py:188} INFO - [2026-03-04T07:59:53.833+0000] {dag.py:3089} INFO - Sync 1 DAGs
[2026-03-04T07:59:53.841+0000] {logging_mixin.py:188} INFO - [2026-03-04T07:59:53.841+0000] {dag.py:3947} INFO - Setting next_dagrun for example_branch_python_operator_decorator to 2026-03-03 00:00:00+00:00, run_after=2026-03-04 00:00:00+00:00
[2026-03-04T07:59:53.849+0000] {processor.py:183} INFO - Processing /home/airflow/.local/lib/python3.12/site-packages/airflow/example_dags/example_branch_operator_decorator.py took 0.038 seconds
[2026-03-04T08:00:24.424+0000] {processor.py:161} INFO - Started process (PID=1702) to work on /home/airflow/.local/lib/python3.12/site-packages/airflow/example_dags/example_branch_operator_decorator.py
[2026-03-04T08:00:24.425+0000] {processor.py:830} INFO - Processing file /home/airflow/.local/lib/python3.12/site-packages/airflow/example_dags/example_branch_operator_decorator.py for tasks to queue
[2026-03-04T08:00:24.428+0000] {logging_mixin.py:188} INFO - [2026-03-04T08:00:24.428+0000] {dagbag.py:545} INFO - Filling up the DagBag from /home/airflow/.local/lib/python3.12/site-packages/airflow/example_dags/example_branch_operator_decorator.py
[2026-03-04T08:00:24.440+0000] {processor.py:840} INFO - DAG(s) 'example_branch_python_operator_decorator' retrieved from /home/airflow/.local/lib/python3.12/site-packages/airflow/example_dags/example_branch_operator_decorator.py
[2026-03-04T08:00:24.452+0000] {logging_mixin.py:188} INFO - [2026-03-04T08:00:24.452+0000] {dag.py:3089} INFO - Sync 1 DAGs
[2026-03-04T08:00:24.462+0000] {logging_mixin.py:188} INFO - [2026-03-04T08:00:24.462+0000] {dag.py:3947} INFO - Setting next_dagrun for example_branch_python_operator_decorator to 2026-03-03 00:00:00+00:00, run_after=2026-03-04 00:00:00+00:00
[2026-03-04T08:00:24.474+0000] {processor.py:183} INFO - Processing /home/airflow/.local/lib/python3.12/site-packages/airflow/example_dags/example_branch_operator_decorator.py took 0.053 seconds
[2026-03-04T08:00:55.075+0000] {processor.py:161} INFO - Started process (PID=1964) to work on /home/airflow/.local/lib/python3.12/site-packages/airflow/example_dags/example_branch_operator_decorator.py
[2026-03-04T08:00:55.082+0000] {processor.py:830} INFO - Processing file /home/airflow/.local/lib/python3.12/site-packages/airflow/example_dags/example_branch_operator_decorator.py for tasks to queue
[2026-03-04T08:00:55.088+0000] {logging_mixin.py:188} INFO - [2026-03-04T08:00:55.088+0000] {dagbag.py:545} INFO - Filling up the DagBag from /home/airflow/.local/lib/python3.12/site-packages/airflow/example_dags/example_branch_operator_decorator.py
[2026-03-04T08:00:55.108+0000] {processor.py:840} INFO - DAG(s) 'example_branch_python_operator_decorator' retrieved from /home/airflow/.local/lib/python3.12/site-packages/airflow/example_dags/example_branch_operator_decorator.py
[2026-03-04T08:00:55.124+0000] {logging_mixin.py:188} INFO - [2026-03-04T08:00:55.123+0000] {dag.py:3089} INFO - Sync 1 DAGs
[2026-03-04T08:00:55.136+0000] {logging_mixin.py:188} INFO - [2026-03-04T08:00:55.136+0000] {dag.py:3947} INFO - Setting next_dagrun for example_branch_python_operator_decorator to 2026-03-03 00:00:00+00:00, run_after=2026-03-04 00:00:00+00:00
[2026-03-04T08:00:55.143+0000] {processor.py:183} INFO - Processing /home/airflow/.local/lib/python3.12/site-packages/airflow/example_dags/example_branch_operator_decorator.py took 0.083 seconds
[2026-03-04T08:01:25.609+0000] {processor.py:161} INFO - Started process (PID=2226) to work on /home/airflow/.local/lib/python3.12/site-packages/airflow/example_dags/example_branch_operator_decorator.py
[2026-03-04T08:01:25.609+0000] {processor.py:830} INFO - Processing file /home/airflow/.local/lib/python3.12/site-packages/airflow/example_dags/example_branch_operator_decorator.py for tasks to queue
[2026-03-04T08:01:25.610+0000] {logging_mixin.py:188} INFO - [2026-03-04T08:01:25.610+0000] {dagbag.py:545} INFO - Filling up the DagBag from /home/airflow/.local/lib/python3.12/site-packages/airflow/example_dags/example_branch_operator_decorator.py
[2026-03-04T08:01:25.618+0000] {processor.py:840} INFO - DAG(s) 'example_branch_python_operator_decorator' retrieved from /home/airflow/.local/lib/python3.12/site-packages/airflow/example_dags/example_branch_operator_decorator.py
[2026-03-04T08:01:25.631+0000] {logging_mixin.py:188} INFO - [2026-03-04T08:01:25.631+0000] {dag.py:3089} INFO - Sync 1 DAGs
[2026-03-04T08:01:25.638+0000] {logging_mixin.py:188} INFO - [2026-03-04T08:01:25.638+0000] {dag.py:3947} INFO - Setting next_dagrun for example_branch_python_operator_decorator to 2026-03-03 00:00:00+00:00, run_after=2026-03-04 00:00:00+00:00
[2026-03-04T08:01:25.646+0000] {processor.py:183} INFO - Processing /home/airflow/.local/lib/python3.12/site-packages/airflow/example_dags/example_branch_operator_decorator.py took 0.039 seconds
[2026-03-04T08:01:56.197+0000] {processor.py:161} INFO - Started process (PID=2488) to work on /home/airflow/.local/lib/python3.12/site-packages/airflow/example_dags/example_branch_operator_decorator.py
[2026-03-04T08:01:56.198+0000] {processor.py:830} INFO - Processing file /home/airflow/.local/lib/python3.12/site-packages/airflow/example_dags/example_branch_operator_decorator.py for tasks to queue
[2026-03-04T08:01:56.199+0000] {logging_mixin.py:188} INFO - [2026-03-04T08:01:56.199+0000] {dagbag.py:545} INFO - Filling up the DagBag from /home/airflow/.local/lib/python3.12/site-packages/airflow/example_dags/example_branch_operator_decorator.py
[2026-03-04T08:01:56.206+0000] {processor.py:840} INFO - DAG(s) 'example_branch_python_operator_decorator' retrieved from /home/airflow/.local/lib/python3.12/site-packages/airflow/example_dags/example_branch_operator_decorator.py
[2026-03-04T08:01:56.221+0000] {logging_mixin.py:188} INFO - [2026-03-04T08:01:56.221+0000] {dag.py:3089} INFO - Sync 1 DAGs
[2026-03-04T08:01:56.229+0000] {logging_mixin.py:188} INFO - [2026-03-04T08:01:56.229+0000] {dag.py:3947} INFO - Setting next_dagrun for example_branch_python_operator_decorator to 2026-03-03 00:00:00+00:00, run_after=2026-03-04 00:00:00+00:00
[2026-03-04T08:01:56.235+0000] {processor.py:183} INFO - Processing /home/airflow/.local/lib/python3.12/site-packages/airflow/example_dags/example_branch_operator_decorator.py took 0.040 seconds
[2026-03-04T08:02:26.722+0000] {processor.py:161} INFO - Started process (PID=2752) to work on /home/airflow/.local/lib/python3.12/site-packages/airflow/example_dags/example_branch_operator_decorator.py
[2026-03-04T08:02:26.723+0000] {processor.py:830} INFO - Processing file /home/airflow/.local/lib/python3.12/site-packages/airflow/example_dags/example_branch_operator_decorator.py for tasks to queue
[2026-03-04T08:02:26.724+0000] {logging_mixin.py:188} INFO - [2026-03-04T08:02:26.724+0000] {dagbag.py:545} INFO - Filling up the DagBag from /home/airflow/.local/lib/python3.12/site-packages/airflow/example_dags/example_branch_operator_decorator.py
[2026-03-04T08:02:26.732+0000] {processor.py:840} INFO - DAG(s) 'example_branch_python_operator_decorator' retrieved from /home/airflow/.local/lib/python3.12/site-packages/airflow/example_dags/example_branch_operator_decorator.py
[2026-03-04T08:02:26.744+0000] {logging_mixin.py:188} INFO - [2026-03-04T08:02:26.744+0000] {dag.py:3089} INFO - Sync 1 DAGs
[2026-03-04T08:02:26.752+0000] {logging_mixin.py:188} INFO - [2026-03-04T08:02:26.752+0000] {dag.py:3947} INFO - Setting next_dagrun for example_branch_python_operator_decorator to 2026-03-03 00:00:00+00:00, run_after=2026-03-04 00:00:00+00:00
[2026-03-04T08:02:26.761+0000] {processor.py:183} INFO - Processing /home/airflow/.local/lib/python3.12/site-packages/airflow/example_dags/example_branch_operator_decorator.py took 0.041 seconds
[2026-03-04T08:02:57.279+0000] {processor.py:161} INFO - Started process (PID=3014) to work on /home/airflow/.local/lib/python3.12/site-packages/airflow/example_dags/example_branch_operator_decorator.py
[2026-03-04T08:02:57.280+0000] {processor.py:830} INFO - Processing file /home/airflow/.local/lib/python3.12/site-packages/airflow/example_dags/example_branch_operator_decorator.py for tasks to queue
[2026-03-04T08:02:57.280+0000] {logging_mixin.py:188} INFO - [2026-03-04T08:02:57.280+0000] {dagbag.py:545} INFO - Filling up the DagBag from /home/airflow/.local/lib/python3.12/site-packages/airflow/example_dags/example_branch_operator_decorator.py
[2026-03-04T08:02:57.290+0000] {processor.py:840} INFO - DAG(s) 'example_branch_python_operator_decorator' retrieved from /home/airflow/.local/lib/python3.12/site-packages/airflow/example_dags/example_branch_operator_decorator.py
[2026-03-04T08:02:57.300+0000] {logging_mixin.py:188} INFO - [2026-03-04T08:02:57.299+0000] {dag.py:3089} INFO - Sync 1 DAGs
[2026-03-04T08:02:57.309+0000] {logging_mixin.py:188} INFO - [2026-03-04T08:02:57.309+0000] {dag.py:3947} INFO - Setting next_dagrun for example_branch_python_operator_decorator to 2026-03-03 00:00:00+00:00, run_after=2026-03-04 00:00:00+00:00
[2026-03-04T08:02:57.318+0000] {processor.py:183} INFO - Processing /home/airflow/.local/lib/python3.12/site-packages/airflow/example_dags/example_branch_operator_decorator.py took 0.041 seconds
[2026-03-04T08:03:27.859+0000] {processor.py:161} INFO - Started process (PID=3274) to work on /home/airflow/.local/lib/python3.12/site-packages/airflow/example_dags/example_branch_operator_decorator.py
[2026-03-04T08:03:27.860+0000] {processor.py:830} INFO - Processing file /home/airflow/.local/lib/python3.12/site-packages/airflow/example_dags/example_branch_operator_decorator.py for tasks to queue
[2026-03-04T08:03:27.861+0000] {logging_mixin.py:188} INFO - [2026-03-04T08:03:27.861+0000] {dagbag.py:545} INFO - Filling up the DagBag from /home/airflow/.local/lib/python3.12/site-packages/airflow/example_dags/example_branch_operator_decorator.py
[2026-03-04T08:03:27.868+0000] {processor.py:840} INFO - DAG(s) 'example_branch_python_operator_decorator' retrieved from /home/airflow/.local/lib/python3.12/site-packages/airflow/example_dags/example_branch_operator_decorator.py
[2026-03-04T08:03:27.878+0000] {logging_mixin.py:188} INFO - [2026-03-04T08:03:27.878+0000] {dag.py:3089} INFO - Sync 1 DAGs
[2026-03-04T08:03:27.887+0000] {logging_mixin.py:188} INFO - [2026-03-04T08:03:27.887+0000] {dag.py:3947} INFO - Setting next_dagrun for example_branch_python_operator_decorator to 2026-03-03 00:00:00+00:00, run_after=2026-03-04 00:00:00+00:00
[2026-03-04T08:03:27.897+0000] {processor.py:183} INFO - Processing /home/airflow/.local/lib/python3.12/site-packages/airflow/example_dags/example_branch_operator_decorator.py took 0.040 seconds
[2026-03-04T08:03:58.364+0000] {processor.py:161} INFO - Started process (PID=3536) to work on /home/airflow/.local/lib/python3.12/site-packages/airflow/example_dags/example_branch_operator_decorator.py
[2026-03-04T08:03:58.365+0000] {processor.py:830} INFO - Processing file /home/airflow/.local/lib/python3.12/site-packages/airflow/example_dags/example_branch_operator_decorator.py for tasks to queue
[2026-03-04T08:03:58.367+0000] {logging_mixin.py:188} INFO - [2026-03-04T08:03:58.367+0000] {dagbag.py:545} INFO - Filling up the DagBag from /home/airflow/.local/lib/python3.12/site-packages/airflow/example_dags/example_branch_operator_decorator.py
[2026-03-04T08:03:58.374+0000] {processor.py:840} INFO - DAG(s) 'example_branch_python_operator_decorator' retrieved from /home/airflow/.local/lib/python3.12/site-packages/airflow/example_dags/example_branch_operator_decorator.py
[2026-03-04T08:03:58.386+0000] {logging_mixin.py:188} INFO - [2026-03-04T08:03:58.386+0000] {dag.py:3089} INFO - Sync 1 DAGs
[2026-03-04T08:03:58.394+0000] {logging_mixin.py:188} INFO - [2026-03-04T08:03:58.394+0000] {dag.py:3947} INFO - Setting next_dagrun for example_branch_python_operator_decorator to 2026-03-03 00:00:00+00:00, run_after=2026-03-04 00:00:00+00:00
[2026-03-04T08:03:58.406+0000] {processor.py:183} INFO - Processing /home/airflow/.local/lib/python3.12/site-packages/airflow/example_dags/example_branch_operator_decorator.py took 0.043 seconds
[2026-03-04T08:04:29.015+0000] {processor.py:161} INFO - Started process (PID=3798) to work on /home/airflow/.local/lib/python3.12/site-packages/airflow/example_dags/example_branch_operator_decorator.py
[2026-03-04T08:04:29.016+0000] {processor.py:830} INFO - Processing file /home/airflow/.local/lib/python3.12/site-packages/airflow/example_dags/example_branch_operator_decorator.py for tasks to queue
[2026-03-04T08:04:29.016+0000] {logging_mixin.py:188} INFO - [2026-03-04T08:04:29.016+0000] {dagbag.py:545} INFO - Filling up the DagBag from /home/airflow/.local/lib/python3.12/site-packages/airflow/example_dags/example_branch_operator_decorator.py
[2026-03-04T08:04:29.024+0000] {processor.py:840} INFO - DAG(s) 'example_branch_python_operator_decorator' retrieved from /home/airflow/.local/lib/python3.12/site-packages/airflow/example_dags/example_branch_operator_decorator.py
[2026-03-04T08:04:29.034+0000] {logging_mixin.py:188} INFO - [2026-03-04T08:04:29.034+0000] {dag.py:3089} INFO - Sync 1 DAGs
[2026-03-04T08:04:29.041+0000] {logging_mixin.py:188} INFO - [2026-03-04T08:04:29.041+0000] {dag.py:3947} INFO - Setting next_dagrun for example_branch_python_operator_decorator to 2026-03-03 00:00:00+00:00, run_after=2026-03-04 00:00:00+00:00
[2026-03-04T08:04:29.054+0000] {processor.py:183} INFO - Processing /home/airflow/.local/lib/python3.12/site-packages/airflow/example_dags/example_branch_operator_decorator.py took 0.041 seconds
[2026-03-04T08:04:59.570+0000] {processor.py:161} INFO - Started process (PID=4060) to work on /home/airflow/.local/lib/python3.12/site-packages/airflow/example_dags/example_branch_operator_decorator.py
[2026-03-04T08:04:59.571+0000] {processor.py:830} INFO - Processing file /home/airflow/.local/lib/python3.12/site-packages/airflow/example_dags/example_branch_operator_decorator.py for tasks to queue
[2026-03-04T08:04:59.571+0000] {logging_mixin.py:188} INFO - [2026-03-04T08:04:59.571+0000] {dagbag.py:545} INFO - Filling up the DagBag from /home/airflow/.local/lib/python3.12/site-packages/airflow/example_dags/example_branch_operator_decorator.py
[2026-03-04T08:04:59.578+0000] {processor.py:840} INFO - DAG(s) 'example_branch_python_operator_decorator' retrieved from /home/airflow/.local/lib/python3.12/site-packages/airflow/example_dags/example_branch_operator_decorator.py
[2026-03-04T08:04:59.588+0000] {logging_mixin.py:188} INFO - [2026-03-04T08:04:59.588+0000] {dag.py:3089} INFO - Sync 1 DAGs
[2026-03-04T08:04:59.598+0000] {logging_mixin.py:188} INFO - [2026-03-04T08:04:59.598+0000] {dag.py:3947} INFO - Setting next_dagrun for example_branch_python_operator_decorator to 2026-03-03 00:00:00+00:00, run_after=2026-03-04 00:00:00+00:00
[2026-03-04T08:04:59.606+0000] {processor.py:183} INFO - Processing /home/airflow/.local/lib/python3.12/site-packages/airflow/example_dags/example_branch_operator_decorator.py took 0.038 seconds
[2026-03-04T08:05:30.215+0000] {processor.py:161} INFO - Started process (PID=4322) to work on /home/airflow/.local/lib/python3.12/site-packages/airflow/example_dags/example_branch_operator_decorator.py
[2026-03-04T08:05:30.215+0000] {processor.py:830} INFO - Processing file /home/airflow/.local/lib/python3.12/site-packages/airflow/example_dags/example_branch_operator_decorator.py for tasks to queue
[2026-03-04T08:05:30.216+0000] {logging_mixin.py:188} INFO - [2026-03-04T08:05:30.216+0000] {dagbag.py:545} INFO - Filling up the DagBag from /home/airflow/.local/lib/python3.12/site-packages/airflow/example_dags/example_branch_operator_decorator.py
[2026-03-04T08:05:30.224+0000] {processor.py:840} INFO - DAG(s) 'example_branch_python_operator_decorator' retrieved from /home/airflow/.local/lib/python3.12/site-packages/airflow/example_dags/example_branch_operator_decorator.py
[2026-03-04T08:05:30.237+0000] {logging_mixin.py:188} INFO - [2026-03-04T08:05:30.237+0000] {dag.py:3089} INFO - Sync 1 DAGs
[2026-03-04T08:05:30.247+0000] {logging_mixin.py:188} INFO - [2026-03-04T08:05:30.247+0000] {dag.py:3947} INFO - Setting next_dagrun for example_branch_python_operator_decorator to 2026-03-03 00:00:00+00:00, run_after=2026-03-04 00:00:00+00:00
[2026-03-04T08:05:30.253+0000] {processor.py:183} INFO - Processing /home/airflow/.local/lib/python3.12/site-packages/airflow/example_dags/example_branch_operator_decorator.py took 0.041 seconds
[2026-03-04T08:06:00.721+0000] {processor.py:161} INFO - Started process (PID=4584) to work on /home/airflow/.local/lib/python3.12/site-packages/airflow/example_dags/example_branch_operator_decorator.py
[2026-03-04T08:06:00.721+0000] {processor.py:830} INFO - Processing file /home/airflow/.local/lib/python3.12/site-packages/airflow/example_dags/example_branch_operator_decorator.py for tasks to queue
[2026-03-04T08:06:00.723+0000] {logging_mixin.py:188} INFO - [2026-03-04T08:06:00.722+0000] {dagbag.py:545} INFO - Filling up the DagBag from /home/airflow/.local/lib/python3.12/site-packages/airflow/example_dags/example_branch_operator_decorator.py
[2026-03-04T08:06:00.731+0000] {processor.py:840} INFO - DAG(s) 'example_branch_python_operator_decorator' retrieved from /home/airflow/.local/lib/python3.12/site-packages/airflow/example_dags/example_branch_operator_decorator.py
[2026-03-04T08:06:00.743+0000] {logging_mixin.py:188} INFO - [2026-03-04T08:06:00.743+0000] {dag.py:3089} INFO - Sync 1 DAGs
[2026-03-04T08:06:00.753+0000] {logging_mixin.py:188} INFO - [2026-03-04T08:06:00.753+0000] {dag.py:3947} INFO - Setting next_dagrun for example_branch_python_operator_decorator to 2026-03-03 00:00:00+00:00, run_after=2026-03-04 00:00:00+00:00
[2026-03-04T08:06:00.764+0000] {processor.py:183} INFO - Processing /home/airflow/.local/lib/python3.12/site-packages/airflow/example_dags/example_branch_operator_decorator.py took 0.046 seconds
[2026-03-04T08:06:31.305+0000] {processor.py:161} INFO - Started process (PID=4848) to work on /home/airflow/.local/lib/python3.12/site-packages/airflow/example_dags/example_branch_operator_decorator.py
[2026-03-04T08:06:31.305+0000] {processor.py:830} INFO - Processing file /home/airflow/.local/lib/python3.12/site-packages/airflow/example_dags/example_branch_operator_decorator.py for tasks to queue
[2026-03-04T08:06:31.306+0000] {logging_mixin.py:188} INFO - [2026-03-04T08:06:31.306+0000] {dagbag.py:545} INFO - Filling up the DagBag from /home/airflow/.local/lib/python3.12/site-packages/airflow/example_dags/example_branch_operator_decorator.py
[2026-03-04T08:06:31.314+0000] {processor.py:840} INFO - DAG(s) 'example_branch_python_operator_decorator' retrieved from /home/airflow/.local/lib/python3.12/site-packages/airflow/example_dags/example_branch_operator_decorator.py
[2026-03-04T08:06:31.323+0000] {logging_mixin.py:188} INFO - [2026-03-04T08:06:31.323+0000] {dag.py:3089} INFO - Sync 1 DAGs
[2026-03-04T08:06:31.331+0000] {logging_mixin.py:188} INFO - [2026-03-04T08:06:31.331+0000] {dag.py:3947} INFO - Setting next_dagrun for example_branch_python_operator_decorator to 2026-03-03 00:00:00+00:00, run_after=2026-03-04 00:00:00+00:00
[2026-03-04T08:06:31.340+0000] {processor.py:183} INFO - Processing /home/airflow/.local/lib/python3.12/site-packages/airflow/example_dags/example_branch_operator_decorator.py took 0.037 seconds
[2026-03-04T08:07:01.847+0000] {processor.py:161} INFO - Started process (PID=5108) to work on /home/airflow/.local/lib/python3.12/site-packages/airflow/example_dags/example_branch_operator_decorator.py
[2026-03-04T08:07:01.848+0000] {processor.py:830} INFO - Processing file /home/airflow/.local/lib/python3.12/site-packages/airflow/example_dags/example_branch_operator_decorator.py for tasks to queue
[2026-03-04T08:07:01.849+0000] {logging_mixin.py:188} INFO - [2026-03-04T08:07:01.848+0000] {dagbag.py:545} INFO - Filling up the DagBag from /home/airflow/.local/lib/python3.12/site-packages/airflow/example_dags/example_branch_operator_decorator.py
[2026-03-04T08:07:01.857+0000] {processor.py:840} INFO - DAG(s) 'example_branch_python_operator_decorator' retrieved from /home/airflow/.local/lib/python3.12/site-packages/airflow/example_dags/example_branch_operator_decorator.py
[2026-03-04T08:07:01.868+0000] {logging_mixin.py:188} INFO - [2026-03-04T08:07:01.867+0000] {dag.py:3089} INFO - Sync 1 DAGs
[2026-03-04T08:07:01.876+0000] {logging_mixin.py:188} INFO - [2026-03-04T08:07:01.876+0000] {dag.py:3947} INFO - Setting next_dagrun for example_branch_python_operator_decorator to 2026-03-03 00:00:00+00:00, run_after=2026-03-04 00:00:00+00:00
[2026-03-04T08:07:01.886+0000] {processor.py:183} INFO - Processing /home/airflow/.local/lib/python3.12/site-packages/airflow/example_dags/example_branch_operator_decorator.py took 0.041 seconds
[2026-03-04T08:07:32.347+0000] {processor.py:161} INFO - Started process (PID=5370) to work on /home/airflow/.local/lib/python3.12/site-packages/airflow/example_dags/example_branch_operator_decorator.py
[2026-03-04T08:07:32.348+0000] {processor.py:830} INFO - Processing file /home/airflow/.local/lib/python3.12/site-packages/airflow/example_dags/example_branch_operator_decorator.py for tasks to queue
[2026-03-04T08:07:32.349+0000] {logging_mixin.py:188} INFO - [2026-03-04T08:07:32.348+0000] {dagbag.py:545} INFO - Filling up the DagBag from /home/airflow/.local/lib/python3.12/site-packages/airflow/example_dags/example_branch_operator_decorator.py
[2026-03-04T08:07:32.358+0000] {processor.py:840} INFO - DAG(s) 'example_branch_python_operator_decorator' retrieved from /home/airflow/.local/lib/python3.12/site-packages/airflow/example_dags/example_branch_operator_decorator.py
[2026-03-04T08:07:32.370+0000] {logging_mixin.py:188} INFO - [2026-03-04T08:07:32.370+0000] {dag.py:3089} INFO - Sync 1 DAGs
[2026-03-04T08:07:32.378+0000] {logging_mixin.py:188} INFO - [2026-03-04T08:07:32.377+0000] {dag.py:3947} INFO - Setting next_dagrun for example_branch_python_operator_decorator to 2026-03-03 00:00:00+00:00, run_after=2026-03-04 00:00:00+00:00
[2026-03-04T08:07:32.389+0000] {processor.py:183} INFO - Processing /home/airflow/.local/lib/python3.12/site-packages/airflow/example_dags/example_branch_operator_decorator.py took 0.044 seconds
[2026-03-04T08:08:02.974+0000] {processor.py:161} INFO - Started process (PID=5633) to work on /home/airflow/.local/lib/python3.12/site-packages/airflow/example_dags/example_branch_operator_decorator.py
[2026-03-04T08:08:02.974+0000] {processor.py:830} INFO - Processing file /home/airflow/.local/lib/python3.12/site-packages/airflow/example_dags/example_branch_operator_decorator.py for tasks to queue
[2026-03-04T08:08:02.975+0000] {logging_mixin.py:188} INFO - [2026-03-04T08:08:02.975+0000] {dagbag.py:545} INFO - Filling up the DagBag from /home/airflow/.local/lib/python3.12/site-packages/airflow/example_dags/example_branch_operator_decorator.py
[2026-03-04T08:08:02.983+0000] {processor.py:840} INFO - DAG(s) 'example_branch_python_operator_decorator' retrieved from /home/airflow/.local/lib/python3.12/site-packages/airflow/example_dags/example_branch_operator_decorator.py
[2026-03-04T08:08:02.995+0000] {logging_mixin.py:188} INFO - [2026-03-04T08:08:02.994+0000] {dag.py:3089} INFO - Sync 1 DAGs
[2026-03-04T08:08:03.005+0000] {logging_mixin.py:188} INFO - [2026-03-04T08:08:03.005+0000] {dag.py:3947} INFO - Setting next_dagrun for example_branch_python_operator_decorator to 2026-03-03 00:00:00+00:00, run_after=2026-03-04 00:00:00+00:00
[2026-03-04T08:08:03.014+0000] {processor.py:183} INFO - Processing /home/airflow/.local/lib/python3.12/site-packages/airflow/example_dags/example_branch_operator_decorator.py took 0.043 seconds
[2026-03-04T08:08:33.603+0000] {processor.py:161} INFO - Started process (PID=5894) to work on /home/airflow/.local/lib/python3.12/site-packages/airflow/example_dags/example_branch_operator_decorator.py
[2026-03-04T08:08:33.604+0000] {processor.py:830} INFO - Processing file /home/airflow/.local/lib/python3.12/site-packages/airflow/example_dags/example_branch_operator_decorator.py for tasks to queue
[2026-03-04T08:08:33.605+0000] {logging_mixin.py:188} INFO - [2026-03-04T08:08:33.604+0000] {dagbag.py:545} INFO - Filling up the DagBag from /home/airflow/.local/lib/python3.12/site-packages/airflow/example_dags/example_branch_operator_decorator.py
[2026-03-04T08:08:33.614+0000] {processor.py:840} INFO - DAG(s) 'example_branch_python_operator_decorator' retrieved from /home/airflow/.local/lib/python3.12/site-packages/airflow/example_dags/example_branch_operator_decorator.py
[2026-03-04T08:08:33.627+0000] {logging_mixin.py:188} INFO - [2026-03-04T08:08:33.627+0000] {dag.py:3089} INFO - Sync 1 DAGs
[2026-03-04T08:08:33.635+0000] {logging_mixin.py:188} INFO - [2026-03-04T08:08:33.635+0000] {dag.py:3947} INFO - Setting next_dagrun for example_branch_python_operator_decorator to 2026-03-03 00:00:00+00:00, run_after=2026-03-04 00:00:00+00:00
[2026-03-04T08:08:33.641+0000] {processor.py:183} INFO - Processing /home/airflow/.local/lib/python3.12/site-packages/airflow/example_dags/example_branch_operator_decorator.py took 0.040 seconds
[2026-03-04T08:09:04.208+0000] {processor.py:161} INFO - Started process (PID=6156) to work on /home/airflow/.local/lib/python3.12/site-packages/airflow/example_dags/example_branch_operator_decorator.py
[2026-03-04T08:09:04.209+0000] {processor.py:830} INFO - Processing file /home/airflow/.local/lib/python3.12/site-packages/airflow/example_dags/example_branch_operator_decorator.py for tasks to queue
[2026-03-04T08:09:04.210+0000] {logging_mixin.py:188} INFO - [2026-03-04T08:09:04.210+0000] {dagbag.py:545} INFO - Filling up the DagBag from /home/airflow/.local/lib/python3.12/site-packages/airflow/example_dags/example_branch_operator_decorator.py
[2026-03-04T08:09:04.217+0000] {processor.py:840} INFO - DAG(s) 'example_branch_python_operator_decorator' retrieved from /home/airflow/.local/lib/python3.12/site-packages/airflow/example_dags/example_branch_operator_decorator.py
[2026-03-04T08:09:04.226+0000] {logging_mixin.py:188} INFO - [2026-03-04T08:09:04.226+0000] {dag.py:3089} INFO - Sync 1 DAGs
[2026-03-04T08:09:04.235+0000] {logging_mixin.py:188} INFO - [2026-03-04T08:09:04.235+0000] {dag.py:3947} INFO - Setting next_dagrun for example_branch_python_operator_decorator to 2026-03-03 00:00:00+00:00, run_after=2026-03-04 00:00:00+00:00
[2026-03-04T08:09:04.243+0000] {processor.py:183} INFO - Processing /home/airflow/.local/lib/python3.12/site-packages/airflow/example_dags/example_branch_operator_decorator.py took 0.037 seconds
[2026-03-04T08:09:34.726+0000] {processor.py:161} INFO - Started process (PID=6418) to work on /home/airflow/.local/lib/python3.12/site-packages/airflow/example_dags/example_branch_operator_decorator.py
[2026-03-04T08:09:34.727+0000] {processor.py:830} INFO - Processing file /home/airflow/.local/lib/python3.12/site-packages/airflow/example_dags/example_branch_operator_decorator.py for tasks to queue
[2026-03-04T08:09:34.728+0000] {logging_mixin.py:188} INFO - [2026-03-04T08:09:34.728+0000] {dagbag.py:545} INFO - Filling up the DagBag from /home/airflow/.local/lib/python3.12/site-packages/airflow/example_dags/example_branch_operator_decorator.py
[2026-03-04T08:09:34.735+0000] {processor.py:840} INFO - DAG(s) 'example_branch_python_operator_decorator' retrieved from /home/airflow/.local/lib/python3.12/site-packages/airflow/example_dags/example_branch_operator_decorator.py
[2026-03-04T08:09:34.751+0000] {logging_mixin.py:188} INFO - [2026-03-04T08:09:34.751+0000] {dag.py:3089} INFO - Sync 1 DAGs
[2026-03-04T08:09:34.759+0000] {logging_mixin.py:188} INFO - [2026-03-04T08:09:34.759+0000] {dag.py:3947} INFO - Setting next_dagrun for example_branch_python_operator_decorator to 2026-03-03 00:00:00+00:00, run_after=2026-03-04 00:00:00+00:00
[2026-03-04T08:09:34.766+0000] {processor.py:183} INFO - Processing /home/airflow/.local/lib/python3.12/site-packages/airflow/example_dags/example_branch_operator_decorator.py took 0.042 seconds
[2026-03-04T08:10:05.330+0000] {processor.py:161} INFO - Started process (PID=6680) to work on /home/airflow/.local/lib/python3.12/site-packages/airflow/example_dags/example_branch_operator_decorator.py
[2026-03-04T08:10:05.332+0000] {processor.py:830} INFO - Processing file /home/airflow/.local/lib/python3.12/site-packages/airflow/example_dags/example_branch_operator_decorator.py for tasks to queue
[2026-03-04T08:10:05.335+0000] {logging_mixin.py:188} INFO - [2026-03-04T08:10:05.334+0000] {dagbag.py:545} INFO - Filling up the DagBag from /home/airflow/.local/lib/python3.12/site-packages/airflow/example_dags/example_branch_operator_decorator.py
[2026-03-04T08:10:05.343+0000] {processor.py:840} INFO - DAG(s) 'example_branch_python_operator_decorator' retrieved from /home/airflow/.local/lib/python3.12/site-packages/airflow/example_dags/example_branch_operator_decorator.py
[2026-03-04T08:10:05.355+0000] {logging_mixin.py:188} INFO - [2026-03-04T08:10:05.354+0000] {dag.py:3089} INFO - Sync 1 DAGs
[2026-03-04T08:10:05.363+0000] {logging_mixin.py:188} INFO - [2026-03-04T08:10:05.363+0000] {dag.py:3947} INFO - Setting next_dagrun for example_branch_python_operator_decorator to 2026-03-03 00:00:00+00:00, run_after=2026-03-04 00:00:00+00:00
[2026-03-04T08:10:05.372+0000] {processor.py:183} INFO - Processing /home/airflow/.local/lib/python3.12/site-packages/airflow/example_dags/example_branch_operator_decorator.py took 0.044 seconds
[2026-03-04T08:10:35.855+0000] {processor.py:161} INFO - Started process (PID=6945) to work on /home/airflow/.local/lib/python3.12/site-packages/airflow/example_dags/example_branch_operator_decorator.py
[2026-03-04T08:10:35.855+0000] {processor.py:830} INFO - Processing file /home/airflow/.local/lib/python3.12/site-packages/airflow/example_dags/example_branch_operator_decorator.py for tasks to queue
[2026-03-04T08:10:35.856+0000] {logging_mixin.py:188} INFO - [2026-03-04T08:10:35.856+0000] {dagbag.py:545} INFO - Filling up the DagBag from /home/airflow/.local/lib/python3.12/site-packages/airflow/example_dags/example_branch_operator_decorator.py
[2026-03-04T08:10:35.864+0000] {processor.py:840} INFO - DAG(s) 'example_branch_python_operator_decorator' retrieved from /home/airflow/.local/lib/python3.12/site-packages/airflow/example_dags/example_branch_operator_decorator.py
[2026-03-04T08:10:35.879+0000] {logging_mixin.py:188} INFO - [2026-03-04T08:10:35.879+0000] {dag.py:3089} INFO - Sync 1 DAGs
[2026-03-04T08:10:35.887+0000] {logging_mixin.py:188} INFO - [2026-03-04T08:10:35.887+0000] {dag.py:3947} INFO - Setting next_dagrun for example_branch_python_operator_decorator to 2026-03-03 00:00:00+00:00, run_after=2026-03-04 00:00:00+00:00
[2026-03-04T08:10:35.893+0000] {processor.py:183} INFO - Processing /home/airflow/.local/lib/python3.12/site-packages/airflow/example_dags/example_branch_operator_decorator.py took 0.041 seconds
[2026-03-04T08:11:06.585+0000] {processor.py:161} INFO - Started process (PID=7207) to work on /home/airflow/.local/lib/python3.12/site-packages/airflow/example_dags/example_branch_operator_decorator.py
[2026-03-04T08:11:06.587+0000] {processor.py:830} INFO - Processing file /home/airflow/.local/lib/python3.12/site-packages/airflow/example_dags/example_branch_operator_decorator.py for tasks to queue
[2026-03-04T08:11:06.588+0000] {logging_mixin.py:188} INFO - [2026-03-04T08:11:06.588+0000] {dagbag.py:545} INFO - Filling up the DagBag from /home/airflow/.local/lib/python3.12/site-packages/airflow/example_dags/example_branch_operator_decorator.py
[2026-03-04T08:11:06.595+0000] {processor.py:840} INFO - DAG(s) 'example_branch_python_operator_decorator' retrieved from /home/airflow/.local/lib/python3.12/site-packages/airflow/example_dags/example_branch_operator_decorator.py
[2026-03-04T08:11:06.609+0000] {logging_mixin.py:188} INFO - [2026-03-04T08:11:06.608+0000] {dag.py:3089} INFO - Sync 1 DAGs
[2026-03-04T08:11:06.616+0000] {logging_mixin.py:188} INFO - [2026-03-04T08:11:06.616+0000] {dag.py:3947} INFO - Setting next_dagrun for example_branch_python_operator_decorator to 2026-03-03 00:00:00+00:00, run_after=2026-03-04 00:00:00+00:00
[2026-03-04T08:11:06.624+0000] {processor.py:183} INFO - Processing /home/airflow/.local/lib/python3.12/site-packages/airflow/example_dags/example_branch_operator_decorator.py took 0.041 seconds
[2026-03-04T08:11:37.160+0000] {processor.py:161} INFO - Started process (PID=7469) to work on /home/airflow/.local/lib/python3.12/site-packages/airflow/example_dags/example_branch_operator_decorator.py
[2026-03-04T08:11:37.161+0000] {processor.py:830} INFO - Processing file /home/airflow/.local/lib/python3.12/site-packages/airflow/example_dags/example_branch_operator_decorator.py for tasks to queue
[2026-03-04T08:11:37.162+0000] {logging_mixin.py:188} INFO - [2026-03-04T08:11:37.161+0000] {dagbag.py:545} INFO - Filling up the DagBag from /home/airflow/.local/lib/python3.12/site-packages/airflow/example_dags/example_branch_operator_decorator.py
[2026-03-04T08:11:37.171+0000] {processor.py:840} INFO - DAG(s) 'example_branch_python_operator_decorator' retrieved from /home/airflow/.local/lib/python3.12/site-packages/airflow/example_dags/example_branch_operator_decorator.py
[2026-03-04T08:11:37.184+0000] {logging_mixin.py:188} INFO - [2026-03-04T08:11:37.184+0000] {dag.py:3089} INFO - Sync 1 DAGs
[2026-03-04T08:11:37.196+0000] {logging_mixin.py:188} INFO - [2026-03-04T08:11:37.196+0000] {dag.py:3947} INFO - Setting next_dagrun for example_branch_python_operator_decorator to 2026-03-03 00:00:00+00:00, run_after=2026-03-04 00:00:00+00:00
[2026-03-04T08:11:37.202+0000] {processor.py:183} INFO - Processing /home/airflow/.local/lib/python3.12/site-packages/airflow/example_dags/example_branch_operator_decorator.py took 0.045 seconds
[2026-03-04T08:12:07.633+0000] {processor.py:161} INFO - Started process (PID=7731) to work on /home/airflow/.local/lib/python3.12/site-packages/airflow/example_dags/example_branch_operator_decorator.py
[2026-03-04T08:12:07.633+0000] {processor.py:830} INFO - Processing file /home/airflow/.local/lib/python3.12/site-packages/airflow/example_dags/example_branch_operator_decorator.py for tasks to queue
[2026-03-04T08:12:07.635+0000] {logging_mixin.py:188} INFO - [2026-03-04T08:12:07.635+0000] {dagbag.py:545} INFO - Filling up the DagBag from /home/airflow/.local/lib/python3.12/site-packages/airflow/example_dags/example_branch_operator_decorator.py
[2026-03-04T08:12:07.643+0000] {processor.py:840} INFO - DAG(s) 'example_branch_python_operator_decorator' retrieved from /home/airflow/.local/lib/python3.12/site-packages/airflow/example_dags/example_branch_operator_decorator.py
[2026-03-04T08:12:07.656+0000] {logging_mixin.py:188} INFO - [2026-03-04T08:12:07.656+0000] {dag.py:3089} INFO - Sync 1 DAGs
[2026-03-04T08:12:07.665+0000] {logging_mixin.py:188} INFO - [2026-03-04T08:12:07.664+0000] {dag.py:3947} INFO - Setting next_dagrun for example_branch_python_operator_decorator to 2026-03-03 00:00:00+00:00, run_after=2026-03-04 00:00:00+00:00
[2026-03-04T08:12:07.672+0000] {processor.py:183} INFO - Processing /home/airflow/.local/lib/python3.12/site-packages/airflow/example_dags/example_branch_operator_decorator.py took 0.041 seconds
[2026-03-04T08:12:38.216+0000] {processor.py:161} INFO - Started process (PID=7993) to work on /home/airflow/.local/lib/python3.12/site-packages/airflow/example_dags/example_branch_operator_decorator.py
[2026-03-04T08:12:38.217+0000] {processor.py:830} INFO - Processing file /home/airflow/.local/lib/python3.12/site-packages/airflow/example_dags/example_branch_operator_decorator.py for tasks to queue
[2026-03-04T08:12:38.217+0000] {logging_mixin.py:188} INFO - [2026-03-04T08:12:38.217+0000] {dagbag.py:545} INFO - Filling up the DagBag from /home/airflow/.local/lib/python3.12/site-packages/airflow/example_dags/example_branch_operator_decorator.py
[2026-03-04T08:12:38.225+0000] {processor.py:840} INFO - DAG(s) 'example_branch_python_operator_decorator' retrieved from /home/airflow/.local/lib/python3.12/site-packages/airflow/example_dags/example_branch_operator_decorator.py
[2026-03-04T08:12:38.237+0000] {logging_mixin.py:188} INFO - [2026-03-04T08:12:38.237+0000] {dag.py:3089} INFO - Sync 1 DAGs
[2026-03-04T08:12:38.247+0000] {logging_mixin.py:188} INFO - [2026-03-04T08:12:38.247+0000] {dag.py:3947} INFO - Setting next_dagrun for example_branch_python_operator_decorator to 2026-03-03 00:00:00+00:00, run_after=2026-03-04 00:00:00+00:00
[2026-03-04T08:12:38.252+0000] {processor.py:183} INFO - Processing /home/airflow/.local/lib/python3.12/site-packages/airflow/example_dags/example_branch_operator_decorator.py took 0.039 seconds
[2026-03-04T08:13:08.794+0000] {processor.py:161} INFO - Started process (PID=8255) to work on /home/airflow/.local/lib/python3.12/site-packages/airflow/example_dags/example_branch_operator_decorator.py
[2026-03-04T08:13:08.794+0000] {processor.py:830} INFO - Processing file /home/airflow/.local/lib/python3.12/site-packages/airflow/example_dags/example_branch_operator_decorator.py for tasks to queue
[2026-03-04T08:13:08.798+0000] {logging_mixin.py:188} INFO - [2026-03-04T08:13:08.797+0000] {dagbag.py:545} INFO - Filling up the DagBag from /home/airflow/.local/lib/python3.12/site-packages/airflow/example_dags/example_branch_operator_decorator.py
[2026-03-04T08:13:08.804+0000] {processor.py:840} INFO - DAG(s) 'example_branch_python_operator_decorator' retrieved from /home/airflow/.local/lib/python3.12/site-packages/airflow/example_dags/example_branch_operator_decorator.py
[2026-03-04T08:13:08.818+0000] {logging_mixin.py:188} INFO - [2026-03-04T08:13:08.818+0000] {dag.py:3089} INFO - Sync 1 DAGs
[2026-03-04T08:13:08.825+0000] {logging_mixin.py:188} INFO - [2026-03-04T08:13:08.825+0000] {dag.py:3947} INFO - Setting next_dagrun for example_branch_python_operator_decorator to 2026-03-03 00:00:00+00:00, run_after=2026-03-04 00:00:00+00:00
[2026-03-04T08:13:08.831+0000] {processor.py:183} INFO - Processing /home/airflow/.local/lib/python3.12/site-packages/airflow/example_dags/example_branch_operator_decorator.py took 0.039 seconds
[2026-03-04T08:13:39.301+0000] {processor.py:161} INFO - Started process (PID=8517) to work on /home/airflow/.local/lib/python3.12/site-packages/airflow/example_dags/example_branch_operator_decorator.py
[2026-03-04T08:13:39.303+0000] {processor.py:830} INFO - Processing file /home/airflow/.local/lib/python3.12/site-packages/airflow/example_dags/example_branch_operator_decorator.py for tasks to queue
[2026-03-04T08:13:39.305+0000] {logging_mixin.py:188} INFO - [2026-03-04T08:13:39.305+0000] {dagbag.py:545} INFO - Filling up the DagBag from /home/airflow/.local/lib/python3.12/site-packages/airflow/example_dags/example_branch_operator_decorator.py
[2026-03-04T08:13:39.313+0000] {processor.py:840} INFO - DAG(s) 'example_branch_python_operator_decorator' retrieved from /home/airflow/.local/lib/python3.12/site-packages/airflow/example_dags/example_branch_operator_decorator.py
[2026-03-04T08:13:39.326+0000] {logging_mixin.py:188} INFO - [2026-03-04T08:13:39.326+0000] {dag.py:3089} INFO - Sync 1 DAGs
[2026-03-04T08:13:39.333+0000] {logging_mixin.py:188} INFO - [2026-03-04T08:13:39.333+0000] {dag.py:3947} INFO - Setting next_dagrun for example_branch_python_operator_decorator to 2026-03-03 00:00:00+00:00, run_after=2026-03-04 00:00:00+00:00
[2026-03-04T08:13:39.339+0000] {processor.py:183} INFO - Processing /home/airflow/.local/lib/python3.12/site-packages/airflow/example_dags/example_branch_operator_decorator.py took 0.040 seconds
[2026-03-04T08:14:09.811+0000] {processor.py:161} INFO - Started process (PID=8779) to work on /home/airflow/.local/lib/python3.12/site-packages/airflow/example_dags/example_branch_operator_decorator.py
[2026-03-04T08:14:09.813+0000] {processor.py:830} INFO - Processing file /home/airflow/.local/lib/python3.12/site-packages/airflow/example_dags/example_branch_operator_decorator.py for tasks to queue
[2026-03-04T08:14:09.814+0000] {logging_mixin.py:188} INFO - [2026-03-04T08:14:09.814+0000] {dagbag.py:545} INFO - Filling up the DagBag from /home/airflow/.local/lib/python3.12/site-packages/airflow/example_dags/example_branch_operator_decorator.py
[2026-03-04T08:14:09.826+0000] {processor.py:840} INFO - DAG(s) 'example_branch_python_operator_decorator' retrieved from /home/airflow/.local/lib/python3.12/site-packages/airflow/example_dags/example_branch_operator_decorator.py
[2026-03-04T08:14:09.838+0000] {logging_mixin.py:188} INFO - [2026-03-04T08:14:09.838+0000] {dag.py:3089} INFO - Sync 1 DAGs
[2026-03-04T08:14:09.846+0000] {logging_mixin.py:188} INFO - [2026-03-04T08:14:09.846+0000] {dag.py:3947} INFO - Setting next_dagrun for example_branch_python_operator_decorator to 2026-03-03 00:00:00+00:00, run_after=2026-03-04 00:00:00+00:00
[2026-03-04T08:14:09.856+0000] {processor.py:183} INFO - Processing /home/airflow/.local/lib/python3.12/site-packages/airflow/example_dags/example_branch_operator_decorator.py took 0.047 seconds
[2026-03-04T08:14:40.383+0000] {processor.py:161} INFO - Started process (PID=9041) to work on /home/airflow/.local/lib/python3.12/site-packages/airflow/example_dags/example_branch_operator_decorator.py
[2026-03-04T08:14:40.386+0000] {processor.py:830} INFO - Processing file /home/airflow/.local/lib/python3.12/site-packages/airflow/example_dags/example_branch_operator_decorator.py for tasks to queue
[2026-03-04T08:14:40.386+0000] {logging_mixin.py:188} INFO - [2026-03-04T08:14:40.386+0000] {dagbag.py:545} INFO - Filling up the DagBag from /home/airflow/.local/lib/python3.12/site-packages/airflow/example_dags/example_branch_operator_decorator.py
[2026-03-04T08:14:40.394+0000] {processor.py:840} INFO - DAG(s) 'example_branch_python_operator_decorator' retrieved from /home/airflow/.local/lib/python3.12/site-packages/airflow/example_dags/example_branch_operator_decorator.py
[2026-03-04T08:14:40.407+0000] {logging_mixin.py:188} INFO - [2026-03-04T08:14:40.407+0000] {dag.py:3089} INFO - Sync 1 DAGs
[2026-03-04T08:14:40.414+0000] {logging_mixin.py:188} INFO - [2026-03-04T08:14:40.414+0000] {dag.py:3947} INFO - Setting next_dagrun for example_branch_python_operator_decorator to 2026-03-03 00:00:00+00:00, run_after=2026-03-04 00:00:00+00:00
[2026-03-04T08:14:40.420+0000] {processor.py:183} INFO - Processing /home/airflow/.local/lib/python3.12/site-packages/airflow/example_dags/example_branch_operator_decorator.py took 0.039 seconds
[2026-03-04T08:15:10.899+0000] {processor.py:161} INFO - Started process (PID=9307) to work on /home/airflow/.local/lib/python3.12/site-packages/airflow/example_dags/example_branch_operator_decorator.py
[2026-03-04T08:15:10.899+0000] {processor.py:830} INFO - Processing file /home/airflow/.local/lib/python3.12/site-packages/airflow/example_dags/example_branch_operator_decorator.py for tasks to queue
[2026-03-04T08:15:10.900+0000] {logging_mixin.py:188} INFO - [2026-03-04T08:15:10.900+0000] {dagbag.py:545} INFO - Filling up the DagBag from /home/airflow/.local/lib/python3.12/site-packages/airflow/example_dags/example_branch_operator_decorator.py
[2026-03-04T08:15:10.907+0000] {processor.py:840} INFO - DAG(s) 'example_branch_python_operator_decorator' retrieved from /home/airflow/.local/lib/python3.12/site-packages/airflow/example_dags/example_branch_operator_decorator.py
[2026-03-04T08:15:10.916+0000] {logging_mixin.py:188} INFO - [2026-03-04T08:15:10.916+0000] {dag.py:3089} INFO - Sync 1 DAGs
[2026-03-04T08:15:10.924+0000] {logging_mixin.py:188} INFO - [2026-03-04T08:15:10.924+0000] {dag.py:3947} INFO - Setting next_dagrun for example_branch_python_operator_decorator to 2026-03-03 00:00:00+00:00, run_after=2026-03-04 00:00:00+00:00
[2026-03-04T08:15:10.930+0000] {processor.py:183} INFO - Processing /home/airflow/.local/lib/python3.12/site-packages/airflow/example_dags/example_branch_operator_decorator.py took 0.033 seconds
[2026-03-04T08:15:41.533+0000] {processor.py:161} INFO - Started process (PID=9575) to work on /home/airflow/.local/lib/python3.12/site-packages/airflow/example_dags/example_branch_operator_decorator.py
[2026-03-04T08:15:41.533+0000] {processor.py:830} INFO - Processing file /home/airflow/.local/lib/python3.12/site-packages/airflow/example_dags/example_branch_operator_decorator.py for tasks to queue
[2026-03-04T08:15:41.534+0000] {logging_mixin.py:188} INFO - [2026-03-04T08:15:41.534+0000] {dagbag.py:545} INFO - Filling up the DagBag from /home/airflow/.local/lib/python3.12/site-packages/airflow/example_dags/example_branch_operator_decorator.py
[2026-03-04T08:15:41.542+0000] {processor.py:840} INFO - DAG(s) 'example_branch_python_operator_decorator' retrieved from /home/airflow/.local/lib/python3.12/site-packages/airflow/example_dags/example_branch_operator_decorator.py
[2026-03-04T08:15:41.555+0000] {logging_mixin.py:188} INFO - [2026-03-04T08:15:41.555+0000] {dag.py:3089} INFO - Sync 1 DAGs
[2026-03-04T08:15:41.563+0000] {logging_mixin.py:188} INFO - [2026-03-04T08:15:41.563+0000] {dag.py:3947} INFO - Setting next_dagrun for example_branch_python_operator_decorator to 2026-03-03 00:00:00+00:00, run_after=2026-03-04 00:00:00+00:00
[2026-03-04T08:15:41.637+0000] {processor.py:183} INFO - Processing /home/airflow/.local/lib/python3.12/site-packages/airflow/example_dags/example_branch_operator_decorator.py took 0.107 seconds
[2026-03-04T08:16:12.161+0000] {processor.py:161} INFO - Started process (PID=9835) to work on /home/airflow/.local/lib/python3.12/site-packages/airflow/example_dags/example_branch_operator_decorator.py
[2026-03-04T08:16:12.161+0000] {processor.py:830} INFO - Processing file /home/airflow/.local/lib/python3.12/site-packages/airflow/example_dags/example_branch_operator_decorator.py for tasks to queue
[2026-03-04T08:16:12.163+0000] {logging_mixin.py:188} INFO - [2026-03-04T08:16:12.163+0000] {dagbag.py:545} INFO - Filling up the DagBag from /home/airflow/.local/lib/python3.12/site-packages/airflow/example_dags/example_branch_operator_decorator.py
[2026-03-04T08:16:12.170+0000] {processor.py:840} INFO - DAG(s) 'example_branch_python_operator_decorator' retrieved from /home/airflow/.local/lib/python3.12/site-packages/airflow/example_dags/example_branch_operator_decorator.py
[2026-03-04T08:16:12.186+0000] {logging_mixin.py:188} INFO - [2026-03-04T08:16:12.186+0000] {dag.py:3089} INFO - Sync 1 DAGs
[2026-03-04T08:16:12.196+0000] {logging_mixin.py:188} INFO - [2026-03-04T08:16:12.196+0000] {dag.py:3947} INFO - Setting next_dagrun for example_branch_python_operator_decorator to 2026-03-03 00:00:00+00:00, run_after=2026-03-04 00:00:00+00:00
[2026-03-04T08:16:12.207+0000] {processor.py:183} INFO - Processing /home/airflow/.local/lib/python3.12/site-packages/airflow/example_dags/example_branch_operator_decorator.py took 0.048 seconds
[2026-03-04T08:16:42.766+0000] {processor.py:161} INFO - Started process (PID=10097) to work on /home/airflow/.local/lib/python3.12/site-packages/airflow/example_dags/example_branch_operator_decorator.py
[2026-03-04T08:16:42.767+0000] {processor.py:830} INFO - Processing file /home/airflow/.local/lib/python3.12/site-packages/airflow/example_dags/example_branch_operator_decorator.py for tasks to queue
[2026-03-04T08:16:42.767+0000] {logging_mixin.py:188} INFO - [2026-03-04T08:16:42.767+0000] {dagbag.py:545} INFO - Filling up the DagBag from /home/airflow/.local/lib/python3.12/site-packages/airflow/example_dags/example_branch_operator_decorator.py
[2026-03-04T08:16:42.776+0000] {processor.py:840} INFO - DAG(s) 'example_branch_python_operator_decorator' retrieved from /home/airflow/.local/lib/python3.12/site-packages/airflow/example_dags/example_branch_operator_decorator.py
[2026-03-04T08:16:42.786+0000] {logging_mixin.py:188} INFO - [2026-03-04T08:16:42.786+0000] {dag.py:3089} INFO - Sync 1 DAGs
[2026-03-04T08:16:42.795+0000] {logging_mixin.py:188} INFO - [2026-03-04T08:16:42.795+0000] {dag.py:3947} INFO - Setting next_dagrun for example_branch_python_operator_decorator to 2026-03-03 00:00:00+00:00, run_after=2026-03-04 00:00:00+00:00
[2026-03-04T08:16:42.808+0000] {processor.py:183} INFO - Processing /home/airflow/.local/lib/python3.12/site-packages/airflow/example_dags/example_branch_operator_decorator.py took 0.044 seconds
[2026-03-04T08:17:13.764+0000] {processor.py:161} INFO - Started process (PID=10359) to work on /home/airflow/.local/lib/python3.12/site-packages/airflow/example_dags/example_branch_operator_decorator.py
[2026-03-04T08:17:13.764+0000] {processor.py:830} INFO - Processing file /home/airflow/.local/lib/python3.12/site-packages/airflow/example_dags/example_branch_operator_decorator.py for tasks to queue
[2026-03-04T08:17:13.766+0000] {logging_mixin.py:188} INFO - [2026-03-04T08:17:13.765+0000] {dagbag.py:545} INFO - Filling up the DagBag from /home/airflow/.local/lib/python3.12/site-packages/airflow/example_dags/example_branch_operator_decorator.py
[2026-03-04T08:17:13.773+0000] {processor.py:840} INFO - DAG(s) 'example_branch_python_operator_decorator' retrieved from /home/airflow/.local/lib/python3.12/site-packages/airflow/example_dags/example_branch_operator_decorator.py
[2026-03-04T08:17:13.786+0000] {logging_mixin.py:188} INFO - [2026-03-04T08:17:13.786+0000] {dag.py:3089} INFO - Sync 1 DAGs
[2026-03-04T08:17:13.795+0000] {logging_mixin.py:188} INFO - [2026-03-04T08:17:13.795+0000] {dag.py:3947} INFO - Setting next_dagrun for example_branch_python_operator_decorator to 2026-03-03 00:00:00+00:00, run_after=2026-03-04 00:00:00+00:00
[2026-03-04T08:17:13.800+0000] {processor.py:183} INFO - Processing /home/airflow/.local/lib/python3.12/site-packages/airflow/example_dags/example_branch_operator_decorator.py took 0.039 seconds
[2026-03-04T08:17:43.933+0000] {processor.py:161} INFO - Started process (PID=10621) to work on /home/airflow/.local/lib/python3.12/site-packages/airflow/example_dags/example_branch_operator_decorator.py
[2026-03-04T08:17:43.934+0000] {processor.py:830} INFO - Processing file /home/airflow/.local/lib/python3.12/site-packages/airflow/example_dags/example_branch_operator_decorator.py for tasks to queue
[2026-03-04T08:17:43.935+0000] {logging_mixin.py:188} INFO - [2026-03-04T08:17:43.935+0000] {dagbag.py:545} INFO - Filling up the DagBag from /home/airflow/.local/lib/python3.12/site-packages/airflow/example_dags/example_branch_operator_decorator.py
[2026-03-04T08:17:43.942+0000] {processor.py:840} INFO - DAG(s) 'example_branch_python_operator_decorator' retrieved from /home/airflow/.local/lib/python3.12/site-packages/airflow/example_dags/example_branch_operator_decorator.py
[2026-03-04T08:17:43.954+0000] {logging_mixin.py:188} INFO - [2026-03-04T08:17:43.954+0000] {dag.py:3089} INFO - Sync 1 DAGs
[2026-03-04T08:17:43.962+0000] {logging_mixin.py:188} INFO - [2026-03-04T08:17:43.962+0000] {dag.py:3947} INFO - Setting next_dagrun for example_branch_python_operator_decorator to 2026-03-03 00:00:00+00:00, run_after=2026-03-04 00:00:00+00:00
[2026-03-04T08:17:43.973+0000] {processor.py:183} INFO - Processing /home/airflow/.local/lib/python3.12/site-packages/airflow/example_dags/example_branch_operator_decorator.py took 0.042 seconds
[2026-03-04T08:18:15.422+0000] {processor.py:161} INFO - Started process (PID=10883) to work on /home/airflow/.local/lib/python3.12/site-packages/airflow/example_dags/example_branch_operator_decorator.py
[2026-03-04T08:18:15.424+0000] {processor.py:830} INFO - Processing file /home/airflow/.local/lib/python3.12/site-packages/airflow/example_dags/example_branch_operator_decorator.py for tasks to queue
[2026-03-04T08:18:15.425+0000] {logging_mixin.py:188} INFO - [2026-03-04T08:18:15.425+0000] {dagbag.py:545} INFO - Filling up the DagBag from /home/airflow/.local/lib/python3.12/site-packages/airflow/example_dags/example_branch_operator_decorator.py
[2026-03-04T08:18:15.506+0000] {processor.py:840} INFO - DAG(s) 'example_branch_python_operator_decorator' retrieved from /home/airflow/.local/lib/python3.12/site-packages/airflow/example_dags/example_branch_operator_decorator.py
[2026-03-04T08:18:15.515+0000] {logging_mixin.py:188} INFO - [2026-03-04T08:18:15.515+0000] {dag.py:3089} INFO - Sync 1 DAGs
[2026-03-04T08:18:15.522+0000] {logging_mixin.py:188} INFO - [2026-03-04T08:18:15.522+0000] {dag.py:3947} INFO - Setting next_dagrun for example_branch_python_operator_decorator to 2026-03-03 00:00:00+00:00, run_after=2026-03-04 00:00:00+00:00
[2026-03-04T08:18:15.527+0000] {processor.py:183} INFO - Processing /home/airflow/.local/lib/python3.12/site-packages/airflow/example_dags/example_branch_operator_decorator.py took 0.108 seconds
[2026-03-04T08:18:46.201+0000] {processor.py:161} INFO - Started process (PID=11145) to work on /home/airflow/.local/lib/python3.12/site-packages/airflow/example_dags/example_branch_operator_decorator.py
[2026-03-04T08:18:46.201+0000] {processor.py:830} INFO - Processing file /home/airflow/.local/lib/python3.12/site-packages/airflow/example_dags/example_branch_operator_decorator.py for tasks to queue
[2026-03-04T08:18:46.202+0000] {logging_mixin.py:188} INFO - [2026-03-04T08:18:46.202+0000] {dagbag.py:545} INFO - Filling up the DagBag from /home/airflow/.local/lib/python3.12/site-packages/airflow/example_dags/example_branch_operator_decorator.py
[2026-03-04T08:18:46.210+0000] {processor.py:840} INFO - DAG(s) 'example_branch_python_operator_decorator' retrieved from /home/airflow/.local/lib/python3.12/site-packages/airflow/example_dags/example_branch_operator_decorator.py
[2026-03-04T08:18:46.222+0000] {logging_mixin.py:188} INFO - [2026-03-04T08:18:46.221+0000] {dag.py:3089} INFO - Sync 1 DAGs
[2026-03-04T08:18:46.232+0000] {logging_mixin.py:188} INFO - [2026-03-04T08:18:46.232+0000] {dag.py:3947} INFO - Setting next_dagrun for example_branch_python_operator_decorator to 2026-03-03 00:00:00+00:00, run_after=2026-03-04 00:00:00+00:00
[2026-03-04T08:18:46.238+0000] {processor.py:183} INFO - Processing /home/airflow/.local/lib/python3.12/site-packages/airflow/example_dags/example_branch_operator_decorator.py took 0.040 seconds
[2026-03-04T08:19:16.903+0000] {processor.py:161} INFO - Started process (PID=11407) to work on /home/airflow/.local/lib/python3.12/site-packages/airflow/example_dags/example_branch_operator_decorator.py
[2026-03-04T08:19:16.903+0000] {processor.py:830} INFO - Processing file /home/airflow/.local/lib/python3.12/site-packages/airflow/example_dags/example_branch_operator_decorator.py for tasks to queue
[2026-03-04T08:19:16.904+0000] {logging_mixin.py:188} INFO - [2026-03-04T08:19:16.904+0000] {dagbag.py:545} INFO - Filling up the DagBag from /home/airflow/.local/lib/python3.12/site-packages/airflow/example_dags/example_branch_operator_decorator.py
[2026-03-04T08:19:16.914+0000] {processor.py:840} INFO - DAG(s) 'example_branch_python_operator_decorator' retrieved from /home/airflow/.local/lib/python3.12/site-packages/airflow/example_dags/example_branch_operator_decorator.py
[2026-03-04T08:19:16.923+0000] {logging_mixin.py:188} INFO - [2026-03-04T08:19:16.923+0000] {dag.py:3089} INFO - Sync 1 DAGs
[2026-03-04T08:19:16.934+0000] {logging_mixin.py:188} INFO - [2026-03-04T08:19:16.934+0000] {dag.py:3947} INFO - Setting next_dagrun for example_branch_python_operator_decorator to 2026-03-03 00:00:00+00:00, run_after=2026-03-04 00:00:00+00:00
[2026-03-04T08:19:16.942+0000] {processor.py:183} INFO - Processing /home/airflow/.local/lib/python3.12/site-packages/airflow/example_dags/example_branch_operator_decorator.py took 0.042 seconds
[2026-03-04T08:19:47.424+0000] {processor.py:161} INFO - Started process (PID=11669) to work on /home/airflow/.local/lib/python3.12/site-packages/airflow/example_dags/example_branch_operator_decorator.py
[2026-03-04T08:19:47.425+0000] {processor.py:830} INFO - Processing file /home/airflow/.local/lib/python3.12/site-packages/airflow/example_dags/example_branch_operator_decorator.py for tasks to queue
[2026-03-04T08:19:47.426+0000] {logging_mixin.py:188} INFO - [2026-03-04T08:19:47.426+0000] {dagbag.py:545} INFO - Filling up the DagBag from /home/airflow/.local/lib/python3.12/site-packages/airflow/example_dags/example_branch_operator_decorator.py
[2026-03-04T08:19:47.434+0000] {processor.py:840} INFO - DAG(s) 'example_branch_python_operator_decorator' retrieved from /home/airflow/.local/lib/python3.12/site-packages/airflow/example_dags/example_branch_operator_decorator.py
[2026-03-04T08:19:47.445+0000] {logging_mixin.py:188} INFO - [2026-03-04T08:19:47.445+0000] {dag.py:3089} INFO - Sync 1 DAGs
[2026-03-04T08:19:47.454+0000] {logging_mixin.py:188} INFO - [2026-03-04T08:19:47.453+0000] {dag.py:3947} INFO - Setting next_dagrun for example_branch_python_operator_decorator to 2026-03-03 00:00:00+00:00, run_after=2026-03-04 00:00:00+00:00
[2026-03-04T08:19:47.459+0000] {processor.py:183} INFO - Processing /home/airflow/.local/lib/python3.12/site-packages/airflow/example_dags/example_branch_operator_decorator.py took 0.038 seconds
[2026-03-04T08:20:18.028+0000] {processor.py:161} INFO - Started process (PID=11933) to work on /home/airflow/.local/lib/python3.12/site-packages/airflow/example_dags/example_branch_operator_decorator.py
[2026-03-04T08:20:18.029+0000] {processor.py:830} INFO - Processing file /home/airflow/.local/lib/python3.12/site-packages/airflow/example_dags/example_branch_operator_decorator.py for tasks to queue
[2026-03-04T08:20:18.029+0000] {logging_mixin.py:188} INFO - [2026-03-04T08:20:18.029+0000] {dagbag.py:545} INFO - Filling up the DagBag from /home/airflow/.local/lib/python3.12/site-packages/airflow/example_dags/example_branch_operator_decorator.py
[2026-03-04T08:20:18.037+0000] {processor.py:840} INFO - DAG(s) 'example_branch_python_operator_decorator' retrieved from /home/airflow/.local/lib/python3.12/site-packages/airflow/example_dags/example_branch_operator_decorator.py
[2026-03-04T08:20:18.050+0000] {logging_mixin.py:188} INFO - [2026-03-04T08:20:18.050+0000] {dag.py:3089} INFO - Sync 1 DAGs
[2026-03-04T08:20:18.058+0000] {logging_mixin.py:188} INFO - [2026-03-04T08:20:18.058+0000] {dag.py:3947} INFO - Setting next_dagrun for example_branch_python_operator_decorator to 2026-03-03 00:00:00+00:00, run_after=2026-03-04 00:00:00+00:00
[2026-03-04T08:20:18.066+0000] {processor.py:183} INFO - Processing /home/airflow/.local/lib/python3.12/site-packages/airflow/example_dags/example_branch_operator_decorator.py took 0.040 seconds
[2026-03-04T08:37:21.948+0000] {processor.py:161} INFO - Started process (PID=12195) to work on /home/airflow/.local/lib/python3.12/site-packages/airflow/example_dags/example_branch_operator_decorator.py
[2026-03-04T08:37:21.949+0000] {processor.py:830} INFO - Processing file /home/airflow/.local/lib/python3.12/site-packages/airflow/example_dags/example_branch_operator_decorator.py for tasks to queue
[2026-03-04T08:37:21.950+0000] {logging_mixin.py:188} INFO - [2026-03-04T08:37:21.950+0000] {dagbag.py:545} INFO - Filling up the DagBag from /home/airflow/.local/lib/python3.12/site-packages/airflow/example_dags/example_branch_operator_decorator.py
[2026-03-04T08:37:21.959+0000] {processor.py:840} INFO - DAG(s) 'example_branch_python_operator_decorator' retrieved from /home/airflow/.local/lib/python3.12/site-packages/airflow/example_dags/example_branch_operator_decorator.py
[2026-03-04T08:37:21.973+0000] {logging_mixin.py:188} INFO - [2026-03-04T08:37:21.973+0000] {dag.py:3089} INFO - Sync 1 DAGs
[2026-03-04T08:37:21.981+0000] {logging_mixin.py:188} INFO - [2026-03-04T08:37:21.981+0000] {dag.py:3947} INFO - Setting next_dagrun for example_branch_python_operator_decorator to 2026-03-03 00:00:00+00:00, run_after=2026-03-04 00:00:00+00:00
[2026-03-04T08:37:21.991+0000] {processor.py:183} INFO - Processing /home/airflow/.local/lib/python3.12/site-packages/airflow/example_dags/example_branch_operator_decorator.py took 0.046 seconds
[2026-03-04T08:46:12.081+0000] {processor.py:161} INFO - Started process (PID=12455) to work on /home/airflow/.local/lib/python3.12/site-packages/airflow/example_dags/example_branch_operator_decorator.py
[2026-03-04T08:46:12.082+0000] {processor.py:830} INFO - Processing file /home/airflow/.local/lib/python3.12/site-packages/airflow/example_dags/example_branch_operator_decorator.py for tasks to queue
[2026-03-04T08:46:12.083+0000] {logging_mixin.py:188} INFO - [2026-03-04T08:46:12.083+0000] {dagbag.py:545} INFO - Filling up the DagBag from /home/airflow/.local/lib/python3.12/site-packages/airflow/example_dags/example_branch_operator_decorator.py
[2026-03-04T08:46:12.095+0000] {processor.py:840} INFO - DAG(s) 'example_branch_python_operator_decorator' retrieved from /home/airflow/.local/lib/python3.12/site-packages/airflow/example_dags/example_branch_operator_decorator.py
[2026-03-04T08:46:12.108+0000] {logging_mixin.py:188} INFO - [2026-03-04T08:46:12.107+0000] {dag.py:3089} INFO - Sync 1 DAGs
[2026-03-04T08:46:12.115+0000] {logging_mixin.py:188} INFO - [2026-03-04T08:46:12.115+0000] {dag.py:3947} INFO - Setting next_dagrun for example_branch_python_operator_decorator to 2026-03-03 00:00:00+00:00, run_after=2026-03-04 00:00:00+00:00
[2026-03-04T08:46:12.121+0000] {processor.py:183} INFO - Processing /home/airflow/.local/lib/python3.12/site-packages/airflow/example_dags/example_branch_operator_decorator.py took 0.043 seconds
[2026-03-04T08:46:42.699+0000] {processor.py:161} INFO - Started process (PID=12717) to work on /home/airflow/.local/lib/python3.12/site-packages/airflow/example_dags/example_branch_operator_decorator.py
[2026-03-04T08:46:42.700+0000] {processor.py:830} INFO - Processing file /home/airflow/.local/lib/python3.12/site-packages/airflow/example_dags/example_branch_operator_decorator.py for tasks to queue
[2026-03-04T08:46:42.701+0000] {logging_mixin.py:188} INFO - [2026-03-04T08:46:42.701+0000] {dagbag.py:545} INFO - Filling up the DagBag from /home/airflow/.local/lib/python3.12/site-packages/airflow/example_dags/example_branch_operator_decorator.py
[2026-03-04T08:46:42.709+0000] {processor.py:840} INFO - DAG(s) 'example_branch_python_operator_decorator' retrieved from /home/airflow/.local/lib/python3.12/site-packages/airflow/example_dags/example_branch_operator_decorator.py
[2026-03-04T08:46:42.724+0000] {logging_mixin.py:188} INFO - [2026-03-04T08:46:42.724+0000] {dag.py:3089} INFO - Sync 1 DAGs
[2026-03-04T08:46:42.734+0000] {logging_mixin.py:188} INFO - [2026-03-04T08:46:42.734+0000] {dag.py:3947} INFO - Setting next_dagrun for example_branch_python_operator_decorator to 2026-03-03 00:00:00+00:00, run_after=2026-03-04 00:00:00+00:00
[2026-03-04T08:46:42.740+0000] {processor.py:183} INFO - Processing /home/airflow/.local/lib/python3.12/site-packages/airflow/example_dags/example_branch_operator_decorator.py took 0.044 seconds
[2026-03-04T08:47:13.136+0000] {processor.py:161} INFO - Started process (PID=12979) to work on /home/airflow/.local/lib/python3.12/site-packages/airflow/example_dags/example_branch_operator_decorator.py
[2026-03-04T08:47:13.136+0000] {processor.py:830} INFO - Processing file /home/airflow/.local/lib/python3.12/site-packages/airflow/example_dags/example_branch_operator_decorator.py for tasks to queue
[2026-03-04T08:47:13.138+0000] {logging_mixin.py:188} INFO - [2026-03-04T08:47:13.138+0000] {dagbag.py:545} INFO - Filling up the DagBag from /home/airflow/.local/lib/python3.12/site-packages/airflow/example_dags/example_branch_operator_decorator.py
[2026-03-04T08:47:13.145+0000] {processor.py:840} INFO - DAG(s) 'example_branch_python_operator_decorator' retrieved from /home/airflow/.local/lib/python3.12/site-packages/airflow/example_dags/example_branch_operator_decorator.py
[2026-03-04T08:47:13.159+0000] {logging_mixin.py:188} INFO - [2026-03-04T08:47:13.159+0000] {dag.py:3089} INFO - Sync 1 DAGs
[2026-03-04T08:47:13.166+0000] {logging_mixin.py:188} INFO - [2026-03-04T08:47:13.166+0000] {dag.py:3947} INFO - Setting next_dagrun for example_branch_python_operator_decorator to 2026-03-03 00:00:00+00:00, run_after=2026-03-04 00:00:00+00:00
[2026-03-04T08:47:13.176+0000] {processor.py:183} INFO - Processing /home/airflow/.local/lib/python3.12/site-packages/airflow/example_dags/example_branch_operator_decorator.py took 0.044 seconds
[2026-03-04T08:47:43.684+0000] {processor.py:161} INFO - Started process (PID=13241) to work on /home/airflow/.local/lib/python3.12/site-packages/airflow/example_dags/example_branch_operator_decorator.py
[2026-03-04T08:47:43.685+0000] {processor.py:830} INFO - Processing file /home/airflow/.local/lib/python3.12/site-packages/airflow/example_dags/example_branch_operator_decorator.py for tasks to queue
[2026-03-04T08:47:43.686+0000] {logging_mixin.py:188} INFO - [2026-03-04T08:47:43.686+0000] {dagbag.py:545} INFO - Filling up the DagBag from /home/airflow/.local/lib/python3.12/site-packages/airflow/example_dags/example_branch_operator_decorator.py
[2026-03-04T08:47:43.692+0000] {processor.py:840} INFO - DAG(s) 'example_branch_python_operator_decorator' retrieved from /home/airflow/.local/lib/python3.12/site-packages/airflow/example_dags/example_branch_operator_decorator.py
[2026-03-04T08:47:43.706+0000] {logging_mixin.py:188} INFO - [2026-03-04T08:47:43.705+0000] {dag.py:3089} INFO - Sync 1 DAGs
[2026-03-04T08:47:43.715+0000] {logging_mixin.py:188} INFO - [2026-03-04T08:47:43.715+0000] {dag.py:3947} INFO - Setting next_dagrun for example_branch_python_operator_decorator to 2026-03-03 00:00:00+00:00, run_after=2026-03-04 00:00:00+00:00
[2026-03-04T08:47:43.721+0000] {processor.py:183} INFO - Processing /home/airflow/.local/lib/python3.12/site-packages/airflow/example_dags/example_branch_operator_decorator.py took 0.039 seconds
[2026-03-04T08:48:14.210+0000] {processor.py:161} INFO - Started process (PID=13503) to work on /home/airflow/.local/lib/python3.12/site-packages/airflow/example_dags/example_branch_operator_decorator.py
[2026-03-04T08:48:14.214+0000] {processor.py:830} INFO - Processing file /home/airflow/.local/lib/python3.12/site-packages/airflow/example_dags/example_branch_operator_decorator.py for tasks to queue
[2026-03-04T08:48:14.215+0000] {logging_mixin.py:188} INFO - [2026-03-04T08:48:14.214+0000] {dagbag.py:545} INFO - Filling up the DagBag from /home/airflow/.local/lib/python3.12/site-packages/airflow/example_dags/example_branch_operator_decorator.py
[2026-03-04T08:48:14.226+0000] {processor.py:840} INFO - DAG(s) 'example_branch_python_operator_decorator' retrieved from /home/airflow/.local/lib/python3.12/site-packages/airflow/example_dags/example_branch_operator_decorator.py
[2026-03-04T08:48:14.244+0000] {logging_mixin.py:188} INFO - [2026-03-04T08:48:14.244+0000] {dag.py:3089} INFO - Sync 1 DAGs
[2026-03-04T08:48:14.254+0000] {logging_mixin.py:188} INFO - [2026-03-04T08:48:14.254+0000] {dag.py:3947} INFO - Setting next_dagrun for example_branch_python_operator_decorator to 2026-03-03 00:00:00+00:00, run_after=2026-03-04 00:00:00+00:00
[2026-03-04T08:48:14.263+0000] {processor.py:183} INFO - Processing /home/airflow/.local/lib/python3.12/site-packages/airflow/example_dags/example_branch_operator_decorator.py took 0.057 seconds
[2026-03-04T08:48:44.812+0000] {processor.py:161} INFO - Started process (PID=13767) to work on /home/airflow/.local/lib/python3.12/site-packages/airflow/example_dags/example_branch_operator_decorator.py
[2026-03-04T08:48:44.813+0000] {processor.py:830} INFO - Processing file /home/airflow/.local/lib/python3.12/site-packages/airflow/example_dags/example_branch_operator_decorator.py for tasks to queue
[2026-03-04T08:48:44.814+0000] {logging_mixin.py:188} INFO - [2026-03-04T08:48:44.814+0000] {dagbag.py:545} INFO - Filling up the DagBag from /home/airflow/.local/lib/python3.12/site-packages/airflow/example_dags/example_branch_operator_decorator.py
[2026-03-04T08:48:44.823+0000] {processor.py:840} INFO - DAG(s) 'example_branch_python_operator_decorator' retrieved from /home/airflow/.local/lib/python3.12/site-packages/airflow/example_dags/example_branch_operator_decorator.py
[2026-03-04T08:48:44.837+0000] {logging_mixin.py:188} INFO - [2026-03-04T08:48:44.836+0000] {dag.py:3089} INFO - Sync 1 DAGs
[2026-03-04T08:48:44.845+0000] {logging_mixin.py:188} INFO - [2026-03-04T08:48:44.845+0000] {dag.py:3947} INFO - Setting next_dagrun for example_branch_python_operator_decorator to 2026-03-03 00:00:00+00:00, run_after=2026-03-04 00:00:00+00:00
[2026-03-04T08:48:44.854+0000] {processor.py:183} INFO - Processing /home/airflow/.local/lib/python3.12/site-packages/airflow/example_dags/example_branch_operator_decorator.py took 0.044 seconds
[2026-03-04T08:49:15.380+0000] {processor.py:161} INFO - Started process (PID=14027) to work on /home/airflow/.local/lib/python3.12/site-packages/airflow/example_dags/example_branch_operator_decorator.py
[2026-03-04T08:49:15.381+0000] {processor.py:830} INFO - Processing file /home/airflow/.local/lib/python3.12/site-packages/airflow/example_dags/example_branch_operator_decorator.py for tasks to queue
[2026-03-04T08:49:15.382+0000] {logging_mixin.py:188} INFO - [2026-03-04T08:49:15.382+0000] {dagbag.py:545} INFO - Filling up the DagBag from /home/airflow/.local/lib/python3.12/site-packages/airflow/example_dags/example_branch_operator_decorator.py
[2026-03-04T08:49:15.391+0000] {processor.py:840} INFO - DAG(s) 'example_branch_python_operator_decorator' retrieved from /home/airflow/.local/lib/python3.12/site-packages/airflow/example_dags/example_branch_operator_decorator.py
[2026-03-04T08:49:15.400+0000] {logging_mixin.py:188} INFO - [2026-03-04T08:49:15.400+0000] {dag.py:3089} INFO - Sync 1 DAGs
[2026-03-04T08:49:15.408+0000] {logging_mixin.py:188} INFO - [2026-03-04T08:49:15.408+0000] {dag.py:3947} INFO - Setting next_dagrun for example_branch_python_operator_decorator to 2026-03-03 00:00:00+00:00, run_after=2026-03-04 00:00:00+00:00
[2026-03-04T08:49:15.419+0000] {processor.py:183} INFO - Processing /home/airflow/.local/lib/python3.12/site-packages/airflow/example_dags/example_branch_operator_decorator.py took 0.041 seconds
[2026-03-04T08:49:45.940+0000] {processor.py:161} INFO - Started process (PID=14289) to work on /home/airflow/.local/lib/python3.12/site-packages/airflow/example_dags/example_branch_operator_decorator.py
[2026-03-04T08:49:45.941+0000] {processor.py:830} INFO - Processing file /home/airflow/.local/lib/python3.12/site-packages/airflow/example_dags/example_branch_operator_decorator.py for tasks to queue
[2026-03-04T08:49:45.944+0000] {logging_mixin.py:188} INFO - [2026-03-04T08:49:45.944+0000] {dagbag.py:545} INFO - Filling up the DagBag from /home/airflow/.local/lib/python3.12/site-packages/airflow/example_dags/example_branch_operator_decorator.py
[2026-03-04T08:49:45.953+0000] {processor.py:840} INFO - DAG(s) 'example_branch_python_operator_decorator' retrieved from /home/airflow/.local/lib/python3.12/site-packages/airflow/example_dags/example_branch_operator_decorator.py
[2026-03-04T08:49:45.966+0000] {logging_mixin.py:188} INFO - [2026-03-04T08:49:45.966+0000] {dag.py:3089} INFO - Sync 1 DAGs
[2026-03-04T08:49:45.977+0000] {logging_mixin.py:188} INFO - [2026-03-04T08:49:45.976+0000] {dag.py:3947} INFO - Setting next_dagrun for example_branch_python_operator_decorator to 2026-03-03 00:00:00+00:00, run_after=2026-03-04 00:00:00+00:00
[2026-03-04T08:49:45.983+0000] {processor.py:183} INFO - Processing /home/airflow/.local/lib/python3.12/site-packages/airflow/example_dags/example_branch_operator_decorator.py took 0.046 seconds
[2026-03-04T08:50:16.441+0000] {processor.py:161} INFO - Started process (PID=14551) to work on /home/airflow/.local/lib/python3.12/site-packages/airflow/example_dags/example_branch_operator_decorator.py
[2026-03-04T08:50:16.442+0000] {processor.py:830} INFO - Processing file /home/airflow/.local/lib/python3.12/site-packages/airflow/example_dags/example_branch_operator_decorator.py for tasks to queue
[2026-03-04T08:50:16.442+0000] {logging_mixin.py:188} INFO - [2026-03-04T08:50:16.442+0000] {dagbag.py:545} INFO - Filling up the DagBag from /home/airflow/.local/lib/python3.12/site-packages/airflow/example_dags/example_branch_operator_decorator.py
[2026-03-04T08:50:16.452+0000] {processor.py:840} INFO - DAG(s) 'example_branch_python_operator_decorator' retrieved from /home/airflow/.local/lib/python3.12/site-packages/airflow/example_dags/example_branch_operator_decorator.py
[2026-03-04T08:50:16.467+0000] {logging_mixin.py:188} INFO - [2026-03-04T08:50:16.467+0000] {dag.py:3089} INFO - Sync 1 DAGs
[2026-03-04T08:50:16.474+0000] {logging_mixin.py:188} INFO - [2026-03-04T08:50:16.474+0000] {dag.py:3947} INFO - Setting next_dagrun for example_branch_python_operator_decorator to 2026-03-03 00:00:00+00:00, run_after=2026-03-04 00:00:00+00:00
[2026-03-04T08:50:16.481+0000] {processor.py:183} INFO - Processing /home/airflow/.local/lib/python3.12/site-packages/airflow/example_dags/example_branch_operator_decorator.py took 0.042 seconds
[2026-03-04T08:50:47.031+0000] {processor.py:161} INFO - Started process (PID=14813) to work on /home/airflow/.local/lib/python3.12/site-packages/airflow/example_dags/example_branch_operator_decorator.py
[2026-03-04T08:50:47.032+0000] {processor.py:830} INFO - Processing file /home/airflow/.local/lib/python3.12/site-packages/airflow/example_dags/example_branch_operator_decorator.py for tasks to queue
[2026-03-04T08:50:47.033+0000] {logging_mixin.py:188} INFO - [2026-03-04T08:50:47.033+0000] {dagbag.py:545} INFO - Filling up the DagBag from /home/airflow/.local/lib/python3.12/site-packages/airflow/example_dags/example_branch_operator_decorator.py
[2026-03-04T08:50:47.041+0000] {processor.py:840} INFO - DAG(s) 'example_branch_python_operator_decorator' retrieved from /home/airflow/.local/lib/python3.12/site-packages/airflow/example_dags/example_branch_operator_decorator.py
[2026-03-04T08:50:47.054+0000] {logging_mixin.py:188} INFO - [2026-03-04T08:50:47.054+0000] {dag.py:3089} INFO - Sync 1 DAGs
[2026-03-04T08:50:47.062+0000] {logging_mixin.py:188} INFO - [2026-03-04T08:50:47.062+0000] {dag.py:3947} INFO - Setting next_dagrun for example_branch_python_operator_decorator to 2026-03-03 00:00:00+00:00, run_after=2026-03-04 00:00:00+00:00
[2026-03-04T08:50:47.071+0000] {processor.py:183} INFO - Processing /home/airflow/.local/lib/python3.12/site-packages/airflow/example_dags/example_branch_operator_decorator.py took 0.043 seconds
