[2026-03-04T07:57:51.488+0000] {processor.py:161} INFO - Started process (PID=397) to work on /home/airflow/.local/lib/python3.12/site-packages/airflow/example_dags/example_external_task_marker_dag.py
[2026-03-04T07:57:51.489+0000] {processor.py:830} INFO - Processing file /home/airflow/.local/lib/python3.12/site-packages/airflow/example_dags/example_external_task_marker_dag.py for tasks to queue
[2026-03-04T07:57:51.490+0000] {logging_mixin.py:188} INFO - [2026-03-04T07:57:51.490+0000] {dagbag.py:545} INFO - Filling up the DagBag from /home/airflow/.local/lib/python3.12/site-packages/airflow/example_dags/example_external_task_marker_dag.py
[2026-03-04T07:57:51.492+0000] {processor.py:840} INFO - DAG(s) 'example_external_task_marker_child', 'example_external_task_marker_parent' retrieved from /home/airflow/.local/lib/python3.12/site-packages/airflow/example_dags/example_external_task_marker_dag.py
[2026-03-04T07:57:51.536+0000] {logging_mixin.py:188} INFO - [2026-03-04T07:57:51.535+0000] {override.py:1858} INFO - Created Permission View: can delete on DAG:example_external_task_marker_child
[2026-03-04T07:57:51.542+0000] {logging_mixin.py:188} INFO - [2026-03-04T07:57:51.542+0000] {override.py:1858} INFO - Created Permission View: can read on DAG:example_external_task_marker_child
[2026-03-04T07:57:51.544+0000] {logging_mixin.py:188} INFO - [2026-03-04T07:57:51.544+0000] {override.py:1858} INFO - Created Permission View: can edit on DAG:example_external_task_marker_child
[2026-03-04T07:57:51.550+0000] {logging_mixin.py:188} INFO - [2026-03-04T07:57:51.549+0000] {override.py:1858} INFO - Created Permission View: can delete on DAG:example_external_task_marker_parent
[2026-03-04T07:57:51.552+0000] {logging_mixin.py:188} INFO - [2026-03-04T07:57:51.552+0000] {override.py:1858} INFO - Created Permission View: can read on DAG:example_external_task_marker_parent
[2026-03-04T07:57:51.555+0000] {logging_mixin.py:188} INFO - [2026-03-04T07:57:51.555+0000] {override.py:1858} INFO - Created Permission View: can edit on DAG:example_external_task_marker_parent
[2026-03-04T07:57:51.556+0000] {logging_mixin.py:188} INFO - [2026-03-04T07:57:51.555+0000] {dag.py:3089} INFO - Sync 2 DAGs
[2026-03-04T07:57:51.561+0000] {logging_mixin.py:188} INFO - [2026-03-04T07:57:51.561+0000] {dag.py:3111} INFO - Creating ORM DAG for example_external_task_marker_child
[2026-03-04T07:57:51.562+0000] {logging_mixin.py:188} INFO - [2026-03-04T07:57:51.562+0000] {dag.py:3111} INFO - Creating ORM DAG for example_external_task_marker_parent
[2026-03-04T07:57:51.562+0000] {logging_mixin.py:188} INFO - [2026-03-04T07:57:51.562+0000] {dag.py:3947} INFO - Setting next_dagrun for example_external_task_marker_child to None, run_after=None
[2026-03-04T07:57:51.563+0000] {logging_mixin.py:188} INFO - [2026-03-04T07:57:51.563+0000] {dag.py:3947} INFO - Setting next_dagrun for example_external_task_marker_parent to None, run_after=None
[2026-03-04T07:57:51.572+0000] {processor.py:183} INFO - Processing /home/airflow/.local/lib/python3.12/site-packages/airflow/example_dags/example_external_task_marker_dag.py took 0.087 seconds
[2026-03-04T07:58:22.087+0000] {processor.py:161} INFO - Started process (PID=659) to work on /home/airflow/.local/lib/python3.12/site-packages/airflow/example_dags/example_external_task_marker_dag.py
[2026-03-04T07:58:22.088+0000] {processor.py:830} INFO - Processing file /home/airflow/.local/lib/python3.12/site-packages/airflow/example_dags/example_external_task_marker_dag.py for tasks to queue
[2026-03-04T07:58:22.088+0000] {logging_mixin.py:188} INFO - [2026-03-04T07:58:22.088+0000] {dagbag.py:545} INFO - Filling up the DagBag from /home/airflow/.local/lib/python3.12/site-packages/airflow/example_dags/example_external_task_marker_dag.py
[2026-03-04T07:58:22.091+0000] {processor.py:840} INFO - DAG(s) 'example_external_task_marker_child', 'example_external_task_marker_parent' retrieved from /home/airflow/.local/lib/python3.12/site-packages/airflow/example_dags/example_external_task_marker_dag.py
[2026-03-04T07:58:22.102+0000] {logging_mixin.py:188} INFO - [2026-03-04T07:58:22.101+0000] {dag.py:3089} INFO - Sync 2 DAGs
[2026-03-04T07:58:22.106+0000] {logging_mixin.py:188} INFO - [2026-03-04T07:58:22.106+0000] {dag.py:3947} INFO - Setting next_dagrun for example_external_task_marker_child to None, run_after=None
[2026-03-04T07:58:22.108+0000] {logging_mixin.py:188} INFO - [2026-03-04T07:58:22.107+0000] {dag.py:3947} INFO - Setting next_dagrun for example_external_task_marker_parent to None, run_after=None
[2026-03-04T07:58:22.117+0000] {processor.py:183} INFO - Processing /home/airflow/.local/lib/python3.12/site-packages/airflow/example_dags/example_external_task_marker_dag.py took 0.032 seconds
[2026-03-04T07:58:52.616+0000] {processor.py:161} INFO - Started process (PID=921) to work on /home/airflow/.local/lib/python3.12/site-packages/airflow/example_dags/example_external_task_marker_dag.py
[2026-03-04T07:58:52.616+0000] {processor.py:830} INFO - Processing file /home/airflow/.local/lib/python3.12/site-packages/airflow/example_dags/example_external_task_marker_dag.py for tasks to queue
[2026-03-04T07:58:52.618+0000] {logging_mixin.py:188} INFO - [2026-03-04T07:58:52.617+0000] {dagbag.py:545} INFO - Filling up the DagBag from /home/airflow/.local/lib/python3.12/site-packages/airflow/example_dags/example_external_task_marker_dag.py
[2026-03-04T07:58:52.620+0000] {processor.py:840} INFO - DAG(s) 'example_external_task_marker_child', 'example_external_task_marker_parent' retrieved from /home/airflow/.local/lib/python3.12/site-packages/airflow/example_dags/example_external_task_marker_dag.py
[2026-03-04T07:58:52.631+0000] {logging_mixin.py:188} INFO - [2026-03-04T07:58:52.631+0000] {dag.py:3089} INFO - Sync 2 DAGs
[2026-03-04T07:58:52.635+0000] {logging_mixin.py:188} INFO - [2026-03-04T07:58:52.635+0000] {dag.py:3947} INFO - Setting next_dagrun for example_external_task_marker_child to None, run_after=None
[2026-03-04T07:58:52.637+0000] {logging_mixin.py:188} INFO - [2026-03-04T07:58:52.637+0000] {dag.py:3947} INFO - Setting next_dagrun for example_external_task_marker_parent to None, run_after=None
[2026-03-04T07:58:52.642+0000] {processor.py:183} INFO - Processing /home/airflow/.local/lib/python3.12/site-packages/airflow/example_dags/example_external_task_marker_dag.py took 0.029 seconds
[2026-03-04T07:59:23.162+0000] {processor.py:161} INFO - Started process (PID=1183) to work on /home/airflow/.local/lib/python3.12/site-packages/airflow/example_dags/example_external_task_marker_dag.py
[2026-03-04T07:59:23.163+0000] {processor.py:830} INFO - Processing file /home/airflow/.local/lib/python3.12/site-packages/airflow/example_dags/example_external_task_marker_dag.py for tasks to queue
[2026-03-04T07:59:23.163+0000] {logging_mixin.py:188} INFO - [2026-03-04T07:59:23.163+0000] {dagbag.py:545} INFO - Filling up the DagBag from /home/airflow/.local/lib/python3.12/site-packages/airflow/example_dags/example_external_task_marker_dag.py
[2026-03-04T07:59:23.166+0000] {processor.py:840} INFO - DAG(s) 'example_external_task_marker_child', 'example_external_task_marker_parent' retrieved from /home/airflow/.local/lib/python3.12/site-packages/airflow/example_dags/example_external_task_marker_dag.py
[2026-03-04T07:59:23.174+0000] {logging_mixin.py:188} INFO - [2026-03-04T07:59:23.174+0000] {dag.py:3089} INFO - Sync 2 DAGs
[2026-03-04T07:59:23.179+0000] {logging_mixin.py:188} INFO - [2026-03-04T07:59:23.179+0000] {dag.py:3947} INFO - Setting next_dagrun for example_external_task_marker_child to None, run_after=None
[2026-03-04T07:59:23.182+0000] {logging_mixin.py:188} INFO - [2026-03-04T07:59:23.182+0000] {dag.py:3947} INFO - Setting next_dagrun for example_external_task_marker_parent to None, run_after=None
[2026-03-04T07:59:23.191+0000] {processor.py:183} INFO - Processing /home/airflow/.local/lib/python3.12/site-packages/airflow/example_dags/example_external_task_marker_dag.py took 0.031 seconds
[2026-03-04T07:59:53.843+0000] {processor.py:161} INFO - Started process (PID=1445) to work on /home/airflow/.local/lib/python3.12/site-packages/airflow/example_dags/example_external_task_marker_dag.py
[2026-03-04T07:59:53.844+0000] {processor.py:830} INFO - Processing file /home/airflow/.local/lib/python3.12/site-packages/airflow/example_dags/example_external_task_marker_dag.py for tasks to queue
[2026-03-04T07:59:53.845+0000] {logging_mixin.py:188} INFO - [2026-03-04T07:59:53.845+0000] {dagbag.py:545} INFO - Filling up the DagBag from /home/airflow/.local/lib/python3.12/site-packages/airflow/example_dags/example_external_task_marker_dag.py
[2026-03-04T07:59:53.847+0000] {processor.py:840} INFO - DAG(s) 'example_external_task_marker_child', 'example_external_task_marker_parent' retrieved from /home/airflow/.local/lib/python3.12/site-packages/airflow/example_dags/example_external_task_marker_dag.py
[2026-03-04T07:59:53.860+0000] {logging_mixin.py:188} INFO - [2026-03-04T07:59:53.860+0000] {dag.py:3089} INFO - Sync 2 DAGs
[2026-03-04T07:59:53.867+0000] {logging_mixin.py:188} INFO - [2026-03-04T07:59:53.867+0000] {dag.py:3947} INFO - Setting next_dagrun for example_external_task_marker_child to None, run_after=None
[2026-03-04T07:59:53.869+0000] {logging_mixin.py:188} INFO - [2026-03-04T07:59:53.869+0000] {dag.py:3947} INFO - Setting next_dagrun for example_external_task_marker_parent to None, run_after=None
[2026-03-04T07:59:53.874+0000] {processor.py:183} INFO - Processing /home/airflow/.local/lib/python3.12/site-packages/airflow/example_dags/example_external_task_marker_dag.py took 0.034 seconds
[2026-03-04T08:00:24.453+0000] {processor.py:161} INFO - Started process (PID=1707) to work on /home/airflow/.local/lib/python3.12/site-packages/airflow/example_dags/example_external_task_marker_dag.py
[2026-03-04T08:00:24.454+0000] {processor.py:830} INFO - Processing file /home/airflow/.local/lib/python3.12/site-packages/airflow/example_dags/example_external_task_marker_dag.py for tasks to queue
[2026-03-04T08:00:24.455+0000] {logging_mixin.py:188} INFO - [2026-03-04T08:00:24.455+0000] {dagbag.py:545} INFO - Filling up the DagBag from /home/airflow/.local/lib/python3.12/site-packages/airflow/example_dags/example_external_task_marker_dag.py
[2026-03-04T08:00:24.459+0000] {processor.py:840} INFO - DAG(s) 'example_external_task_marker_child', 'example_external_task_marker_parent' retrieved from /home/airflow/.local/lib/python3.12/site-packages/airflow/example_dags/example_external_task_marker_dag.py
[2026-03-04T08:00:24.471+0000] {logging_mixin.py:188} INFO - [2026-03-04T08:00:24.470+0000] {dag.py:3089} INFO - Sync 2 DAGs
[2026-03-04T08:00:24.475+0000] {logging_mixin.py:188} INFO - [2026-03-04T08:00:24.475+0000] {dag.py:3947} INFO - Setting next_dagrun for example_external_task_marker_child to None, run_after=None
[2026-03-04T08:00:24.478+0000] {logging_mixin.py:188} INFO - [2026-03-04T08:00:24.478+0000] {dag.py:3947} INFO - Setting next_dagrun for example_external_task_marker_parent to None, run_after=None
[2026-03-04T08:00:24.483+0000] {processor.py:183} INFO - Processing /home/airflow/.local/lib/python3.12/site-packages/airflow/example_dags/example_external_task_marker_dag.py took 0.033 seconds
[2026-03-04T08:00:55.144+0000] {processor.py:161} INFO - Started process (PID=1969) to work on /home/airflow/.local/lib/python3.12/site-packages/airflow/example_dags/example_external_task_marker_dag.py
[2026-03-04T08:00:55.144+0000] {processor.py:830} INFO - Processing file /home/airflow/.local/lib/python3.12/site-packages/airflow/example_dags/example_external_task_marker_dag.py for tasks to queue
[2026-03-04T08:00:55.145+0000] {logging_mixin.py:188} INFO - [2026-03-04T08:00:55.145+0000] {dagbag.py:545} INFO - Filling up the DagBag from /home/airflow/.local/lib/python3.12/site-packages/airflow/example_dags/example_external_task_marker_dag.py
[2026-03-04T08:00:55.148+0000] {processor.py:840} INFO - DAG(s) 'example_external_task_marker_child', 'example_external_task_marker_parent' retrieved from /home/airflow/.local/lib/python3.12/site-packages/airflow/example_dags/example_external_task_marker_dag.py
[2026-03-04T08:00:55.157+0000] {logging_mixin.py:188} INFO - [2026-03-04T08:00:55.156+0000] {dag.py:3089} INFO - Sync 2 DAGs
[2026-03-04T08:00:55.163+0000] {logging_mixin.py:188} INFO - [2026-03-04T08:00:55.163+0000] {dag.py:3947} INFO - Setting next_dagrun for example_external_task_marker_child to None, run_after=None
[2026-03-04T08:00:55.166+0000] {logging_mixin.py:188} INFO - [2026-03-04T08:00:55.166+0000] {dag.py:3947} INFO - Setting next_dagrun for example_external_task_marker_parent to None, run_after=None
[2026-03-04T08:00:55.174+0000] {processor.py:183} INFO - Processing /home/airflow/.local/lib/python3.12/site-packages/airflow/example_dags/example_external_task_marker_dag.py took 0.033 seconds
[2026-03-04T08:01:25.651+0000] {processor.py:161} INFO - Started process (PID=2231) to work on /home/airflow/.local/lib/python3.12/site-packages/airflow/example_dags/example_external_task_marker_dag.py
[2026-03-04T08:01:25.651+0000] {processor.py:830} INFO - Processing file /home/airflow/.local/lib/python3.12/site-packages/airflow/example_dags/example_external_task_marker_dag.py for tasks to queue
[2026-03-04T08:01:25.652+0000] {logging_mixin.py:188} INFO - [2026-03-04T08:01:25.652+0000] {dagbag.py:545} INFO - Filling up the DagBag from /home/airflow/.local/lib/python3.12/site-packages/airflow/example_dags/example_external_task_marker_dag.py
[2026-03-04T08:01:25.654+0000] {processor.py:840} INFO - DAG(s) 'example_external_task_marker_parent', 'example_external_task_marker_child' retrieved from /home/airflow/.local/lib/python3.12/site-packages/airflow/example_dags/example_external_task_marker_dag.py
[2026-03-04T08:01:25.666+0000] {logging_mixin.py:188} INFO - [2026-03-04T08:01:25.666+0000] {dag.py:3089} INFO - Sync 2 DAGs
[2026-03-04T08:01:25.670+0000] {logging_mixin.py:188} INFO - [2026-03-04T08:01:25.670+0000] {dag.py:3947} INFO - Setting next_dagrun for example_external_task_marker_child to None, run_after=None
[2026-03-04T08:01:25.672+0000] {logging_mixin.py:188} INFO - [2026-03-04T08:01:25.672+0000] {dag.py:3947} INFO - Setting next_dagrun for example_external_task_marker_parent to None, run_after=None
[2026-03-04T08:01:25.683+0000] {processor.py:183} INFO - Processing /home/airflow/.local/lib/python3.12/site-packages/airflow/example_dags/example_external_task_marker_dag.py took 0.035 seconds
[2026-03-04T08:01:56.236+0000] {processor.py:161} INFO - Started process (PID=2493) to work on /home/airflow/.local/lib/python3.12/site-packages/airflow/example_dags/example_external_task_marker_dag.py
[2026-03-04T08:01:56.238+0000] {processor.py:830} INFO - Processing file /home/airflow/.local/lib/python3.12/site-packages/airflow/example_dags/example_external_task_marker_dag.py for tasks to queue
[2026-03-04T08:01:56.238+0000] {logging_mixin.py:188} INFO - [2026-03-04T08:01:56.238+0000] {dagbag.py:545} INFO - Filling up the DagBag from /home/airflow/.local/lib/python3.12/site-packages/airflow/example_dags/example_external_task_marker_dag.py
[2026-03-04T08:01:56.240+0000] {processor.py:840} INFO - DAG(s) 'example_external_task_marker_child', 'example_external_task_marker_parent' retrieved from /home/airflow/.local/lib/python3.12/site-packages/airflow/example_dags/example_external_task_marker_dag.py
[2026-03-04T08:01:56.248+0000] {logging_mixin.py:188} INFO - [2026-03-04T08:01:56.248+0000] {dag.py:3089} INFO - Sync 2 DAGs
[2026-03-04T08:01:56.253+0000] {logging_mixin.py:188} INFO - [2026-03-04T08:01:56.253+0000] {dag.py:3947} INFO - Setting next_dagrun for example_external_task_marker_child to None, run_after=None
[2026-03-04T08:01:56.255+0000] {logging_mixin.py:188} INFO - [2026-03-04T08:01:56.255+0000] {dag.py:3947} INFO - Setting next_dagrun for example_external_task_marker_parent to None, run_after=None
[2026-03-04T08:01:56.265+0000] {processor.py:183} INFO - Processing /home/airflow/.local/lib/python3.12/site-packages/airflow/example_dags/example_external_task_marker_dag.py took 0.031 seconds
[2026-03-04T08:02:26.723+0000] {processor.py:161} INFO - Started process (PID=2755) to work on /home/airflow/.local/lib/python3.12/site-packages/airflow/example_dags/example_external_task_marker_dag.py
[2026-03-04T08:02:26.723+0000] {processor.py:830} INFO - Processing file /home/airflow/.local/lib/python3.12/site-packages/airflow/example_dags/example_external_task_marker_dag.py for tasks to queue
[2026-03-04T08:02:26.726+0000] {logging_mixin.py:188} INFO - [2026-03-04T08:02:26.726+0000] {dagbag.py:545} INFO - Filling up the DagBag from /home/airflow/.local/lib/python3.12/site-packages/airflow/example_dags/example_external_task_marker_dag.py
[2026-03-04T08:02:26.728+0000] {processor.py:840} INFO - DAG(s) 'example_external_task_marker_parent', 'example_external_task_marker_child' retrieved from /home/airflow/.local/lib/python3.12/site-packages/airflow/example_dags/example_external_task_marker_dag.py
[2026-03-04T08:02:26.738+0000] {logging_mixin.py:188} INFO - [2026-03-04T08:02:26.738+0000] {dag.py:3089} INFO - Sync 2 DAGs
[2026-03-04T08:02:26.744+0000] {logging_mixin.py:188} INFO - [2026-03-04T08:02:26.744+0000] {dag.py:3947} INFO - Setting next_dagrun for example_external_task_marker_child to None, run_after=None
[2026-03-04T08:02:26.748+0000] {logging_mixin.py:188} INFO - [2026-03-04T08:02:26.748+0000] {dag.py:3947} INFO - Setting next_dagrun for example_external_task_marker_parent to None, run_after=None
[2026-03-04T08:02:26.755+0000] {processor.py:183} INFO - Processing /home/airflow/.local/lib/python3.12/site-packages/airflow/example_dags/example_external_task_marker_dag.py took 0.034 seconds
[2026-03-04T08:02:57.284+0000] {processor.py:161} INFO - Started process (PID=3017) to work on /home/airflow/.local/lib/python3.12/site-packages/airflow/example_dags/example_external_task_marker_dag.py
[2026-03-04T08:02:57.287+0000] {processor.py:830} INFO - Processing file /home/airflow/.local/lib/python3.12/site-packages/airflow/example_dags/example_external_task_marker_dag.py for tasks to queue
[2026-03-04T08:02:57.288+0000] {logging_mixin.py:188} INFO - [2026-03-04T08:02:57.288+0000] {dagbag.py:545} INFO - Filling up the DagBag from /home/airflow/.local/lib/python3.12/site-packages/airflow/example_dags/example_external_task_marker_dag.py
[2026-03-04T08:02:57.290+0000] {processor.py:840} INFO - DAG(s) 'example_external_task_marker_child', 'example_external_task_marker_parent' retrieved from /home/airflow/.local/lib/python3.12/site-packages/airflow/example_dags/example_external_task_marker_dag.py
[2026-03-04T08:02:57.304+0000] {logging_mixin.py:188} INFO - [2026-03-04T08:02:57.304+0000] {dag.py:3089} INFO - Sync 2 DAGs
[2026-03-04T08:02:57.311+0000] {logging_mixin.py:188} INFO - [2026-03-04T08:02:57.311+0000] {dag.py:3947} INFO - Setting next_dagrun for example_external_task_marker_child to None, run_after=None
[2026-03-04T08:02:57.312+0000] {logging_mixin.py:188} INFO - [2026-03-04T08:02:57.312+0000] {dag.py:3947} INFO - Setting next_dagrun for example_external_task_marker_parent to None, run_after=None
[2026-03-04T08:02:57.319+0000] {processor.py:183} INFO - Processing /home/airflow/.local/lib/python3.12/site-packages/airflow/example_dags/example_external_task_marker_dag.py took 0.037 seconds
[2026-03-04T08:03:27.864+0000] {processor.py:161} INFO - Started process (PID=3279) to work on /home/airflow/.local/lib/python3.12/site-packages/airflow/example_dags/example_external_task_marker_dag.py
[2026-03-04T08:03:27.864+0000] {processor.py:830} INFO - Processing file /home/airflow/.local/lib/python3.12/site-packages/airflow/example_dags/example_external_task_marker_dag.py for tasks to queue
[2026-03-04T08:03:27.866+0000] {logging_mixin.py:188} INFO - [2026-03-04T08:03:27.866+0000] {dagbag.py:545} INFO - Filling up the DagBag from /home/airflow/.local/lib/python3.12/site-packages/airflow/example_dags/example_external_task_marker_dag.py
[2026-03-04T08:03:27.868+0000] {processor.py:840} INFO - DAG(s) 'example_external_task_marker_parent', 'example_external_task_marker_child' retrieved from /home/airflow/.local/lib/python3.12/site-packages/airflow/example_dags/example_external_task_marker_dag.py
[2026-03-04T08:03:27.878+0000] {logging_mixin.py:188} INFO - [2026-03-04T08:03:27.878+0000] {dag.py:3089} INFO - Sync 2 DAGs
[2026-03-04T08:03:27.882+0000] {logging_mixin.py:188} INFO - [2026-03-04T08:03:27.882+0000] {dag.py:3947} INFO - Setting next_dagrun for example_external_task_marker_child to None, run_after=None
[2026-03-04T08:03:27.886+0000] {logging_mixin.py:188} INFO - [2026-03-04T08:03:27.886+0000] {dag.py:3947} INFO - Setting next_dagrun for example_external_task_marker_parent to None, run_after=None
[2026-03-04T08:03:27.893+0000] {processor.py:183} INFO - Processing /home/airflow/.local/lib/python3.12/site-packages/airflow/example_dags/example_external_task_marker_dag.py took 0.031 seconds
[2026-03-04T08:03:58.394+0000] {processor.py:161} INFO - Started process (PID=3541) to work on /home/airflow/.local/lib/python3.12/site-packages/airflow/example_dags/example_external_task_marker_dag.py
[2026-03-04T08:03:58.394+0000] {processor.py:830} INFO - Processing file /home/airflow/.local/lib/python3.12/site-packages/airflow/example_dags/example_external_task_marker_dag.py for tasks to queue
[2026-03-04T08:03:58.395+0000] {logging_mixin.py:188} INFO - [2026-03-04T08:03:58.395+0000] {dagbag.py:545} INFO - Filling up the DagBag from /home/airflow/.local/lib/python3.12/site-packages/airflow/example_dags/example_external_task_marker_dag.py
[2026-03-04T08:03:58.397+0000] {processor.py:840} INFO - DAG(s) 'example_external_task_marker_child', 'example_external_task_marker_parent' retrieved from /home/airflow/.local/lib/python3.12/site-packages/airflow/example_dags/example_external_task_marker_dag.py
[2026-03-04T08:03:58.409+0000] {logging_mixin.py:188} INFO - [2026-03-04T08:03:58.409+0000] {dag.py:3089} INFO - Sync 2 DAGs
[2026-03-04T08:03:58.414+0000] {logging_mixin.py:188} INFO - [2026-03-04T08:03:58.414+0000] {dag.py:3947} INFO - Setting next_dagrun for example_external_task_marker_child to None, run_after=None
[2026-03-04T08:03:58.415+0000] {logging_mixin.py:188} INFO - [2026-03-04T08:03:58.415+0000] {dag.py:3947} INFO - Setting next_dagrun for example_external_task_marker_parent to None, run_after=None
[2026-03-04T08:03:58.420+0000] {processor.py:183} INFO - Processing /home/airflow/.local/lib/python3.12/site-packages/airflow/example_dags/example_external_task_marker_dag.py took 0.029 seconds
[2026-03-04T08:04:29.034+0000] {processor.py:161} INFO - Started process (PID=3803) to work on /home/airflow/.local/lib/python3.12/site-packages/airflow/example_dags/example_external_task_marker_dag.py
[2026-03-04T08:04:29.035+0000] {processor.py:830} INFO - Processing file /home/airflow/.local/lib/python3.12/site-packages/airflow/example_dags/example_external_task_marker_dag.py for tasks to queue
[2026-03-04T08:04:29.037+0000] {logging_mixin.py:188} INFO - [2026-03-04T08:04:29.036+0000] {dagbag.py:545} INFO - Filling up the DagBag from /home/airflow/.local/lib/python3.12/site-packages/airflow/example_dags/example_external_task_marker_dag.py
[2026-03-04T08:04:29.040+0000] {processor.py:840} INFO - DAG(s) 'example_external_task_marker_parent', 'example_external_task_marker_child' retrieved from /home/airflow/.local/lib/python3.12/site-packages/airflow/example_dags/example_external_task_marker_dag.py
[2026-03-04T08:04:29.051+0000] {logging_mixin.py:188} INFO - [2026-03-04T08:04:29.050+0000] {dag.py:3089} INFO - Sync 2 DAGs
[2026-03-04T08:04:29.055+0000] {logging_mixin.py:188} INFO - [2026-03-04T08:04:29.055+0000] {dag.py:3947} INFO - Setting next_dagrun for example_external_task_marker_child to None, run_after=None
[2026-03-04T08:04:29.058+0000] {logging_mixin.py:188} INFO - [2026-03-04T08:04:29.058+0000] {dag.py:3947} INFO - Setting next_dagrun for example_external_task_marker_parent to None, run_after=None
[2026-03-04T08:04:29.063+0000] {processor.py:183} INFO - Processing /home/airflow/.local/lib/python3.12/site-packages/airflow/example_dags/example_external_task_marker_dag.py took 0.032 seconds
[2026-03-04T08:04:59.580+0000] {processor.py:161} INFO - Started process (PID=4065) to work on /home/airflow/.local/lib/python3.12/site-packages/airflow/example_dags/example_external_task_marker_dag.py
[2026-03-04T08:04:59.581+0000] {processor.py:830} INFO - Processing file /home/airflow/.local/lib/python3.12/site-packages/airflow/example_dags/example_external_task_marker_dag.py for tasks to queue
[2026-03-04T08:04:59.581+0000] {logging_mixin.py:188} INFO - [2026-03-04T08:04:59.581+0000] {dagbag.py:545} INFO - Filling up the DagBag from /home/airflow/.local/lib/python3.12/site-packages/airflow/example_dags/example_external_task_marker_dag.py
[2026-03-04T08:04:59.584+0000] {processor.py:840} INFO - DAG(s) 'example_external_task_marker_parent', 'example_external_task_marker_child' retrieved from /home/airflow/.local/lib/python3.12/site-packages/airflow/example_dags/example_external_task_marker_dag.py
[2026-03-04T08:04:59.591+0000] {logging_mixin.py:188} INFO - [2026-03-04T08:04:59.591+0000] {dag.py:3089} INFO - Sync 2 DAGs
[2026-03-04T08:04:59.597+0000] {logging_mixin.py:188} INFO - [2026-03-04T08:04:59.597+0000] {dag.py:3947} INFO - Setting next_dagrun for example_external_task_marker_child to None, run_after=None
[2026-03-04T08:04:59.600+0000] {logging_mixin.py:188} INFO - [2026-03-04T08:04:59.600+0000] {dag.py:3947} INFO - Setting next_dagrun for example_external_task_marker_parent to None, run_after=None
[2026-03-04T08:04:59.606+0000] {processor.py:183} INFO - Processing /home/airflow/.local/lib/python3.12/site-packages/airflow/example_dags/example_external_task_marker_dag.py took 0.028 seconds
[2026-03-04T08:05:30.242+0000] {processor.py:161} INFO - Started process (PID=4327) to work on /home/airflow/.local/lib/python3.12/site-packages/airflow/example_dags/example_external_task_marker_dag.py
[2026-03-04T08:05:30.243+0000] {processor.py:830} INFO - Processing file /home/airflow/.local/lib/python3.12/site-packages/airflow/example_dags/example_external_task_marker_dag.py for tasks to queue
[2026-03-04T08:05:30.244+0000] {logging_mixin.py:188} INFO - [2026-03-04T08:05:30.244+0000] {dagbag.py:545} INFO - Filling up the DagBag from /home/airflow/.local/lib/python3.12/site-packages/airflow/example_dags/example_external_task_marker_dag.py
[2026-03-04T08:05:30.247+0000] {processor.py:840} INFO - DAG(s) 'example_external_task_marker_child', 'example_external_task_marker_parent' retrieved from /home/airflow/.local/lib/python3.12/site-packages/airflow/example_dags/example_external_task_marker_dag.py
[2026-03-04T08:05:30.256+0000] {logging_mixin.py:188} INFO - [2026-03-04T08:05:30.256+0000] {dag.py:3089} INFO - Sync 2 DAGs
[2026-03-04T08:05:30.261+0000] {logging_mixin.py:188} INFO - [2026-03-04T08:05:30.261+0000] {dag.py:3947} INFO - Setting next_dagrun for example_external_task_marker_child to None, run_after=None
[2026-03-04T08:05:30.262+0000] {logging_mixin.py:188} INFO - [2026-03-04T08:05:30.262+0000] {dag.py:3947} INFO - Setting next_dagrun for example_external_task_marker_parent to None, run_after=None
[2026-03-04T08:05:30.267+0000] {processor.py:183} INFO - Processing /home/airflow/.local/lib/python3.12/site-packages/airflow/example_dags/example_external_task_marker_dag.py took 0.027 seconds
[2026-03-04T08:06:00.752+0000] {processor.py:161} INFO - Started process (PID=4589) to work on /home/airflow/.local/lib/python3.12/site-packages/airflow/example_dags/example_external_task_marker_dag.py
[2026-03-04T08:06:00.753+0000] {processor.py:830} INFO - Processing file /home/airflow/.local/lib/python3.12/site-packages/airflow/example_dags/example_external_task_marker_dag.py for tasks to queue
[2026-03-04T08:06:00.754+0000] {logging_mixin.py:188} INFO - [2026-03-04T08:06:00.754+0000] {dagbag.py:545} INFO - Filling up the DagBag from /home/airflow/.local/lib/python3.12/site-packages/airflow/example_dags/example_external_task_marker_dag.py
[2026-03-04T08:06:00.757+0000] {processor.py:840} INFO - DAG(s) 'example_external_task_marker_parent', 'example_external_task_marker_child' retrieved from /home/airflow/.local/lib/python3.12/site-packages/airflow/example_dags/example_external_task_marker_dag.py
[2026-03-04T08:06:00.766+0000] {logging_mixin.py:188} INFO - [2026-03-04T08:06:00.766+0000] {dag.py:3089} INFO - Sync 2 DAGs
[2026-03-04T08:06:00.772+0000] {logging_mixin.py:188} INFO - [2026-03-04T08:06:00.772+0000] {dag.py:3947} INFO - Setting next_dagrun for example_external_task_marker_child to None, run_after=None
[2026-03-04T08:06:00.773+0000] {logging_mixin.py:188} INFO - [2026-03-04T08:06:00.773+0000] {dag.py:3947} INFO - Setting next_dagrun for example_external_task_marker_parent to None, run_after=None
[2026-03-04T08:06:00.779+0000] {processor.py:183} INFO - Processing /home/airflow/.local/lib/python3.12/site-packages/airflow/example_dags/example_external_task_marker_dag.py took 0.029 seconds
[2026-03-04T08:06:31.306+0000] {processor.py:161} INFO - Started process (PID=4851) to work on /home/airflow/.local/lib/python3.12/site-packages/airflow/example_dags/example_external_task_marker_dag.py
[2026-03-04T08:06:31.307+0000] {processor.py:830} INFO - Processing file /home/airflow/.local/lib/python3.12/site-packages/airflow/example_dags/example_external_task_marker_dag.py for tasks to queue
[2026-03-04T08:06:31.309+0000] {logging_mixin.py:188} INFO - [2026-03-04T08:06:31.309+0000] {dagbag.py:545} INFO - Filling up the DagBag from /home/airflow/.local/lib/python3.12/site-packages/airflow/example_dags/example_external_task_marker_dag.py
[2026-03-04T08:06:31.311+0000] {processor.py:840} INFO - DAG(s) 'example_external_task_marker_parent', 'example_external_task_marker_child' retrieved from /home/airflow/.local/lib/python3.12/site-packages/airflow/example_dags/example_external_task_marker_dag.py
[2026-03-04T08:06:31.320+0000] {logging_mixin.py:188} INFO - [2026-03-04T08:06:31.320+0000] {dag.py:3089} INFO - Sync 2 DAGs
[2026-03-04T08:06:31.324+0000] {logging_mixin.py:188} INFO - [2026-03-04T08:06:31.324+0000] {dag.py:3947} INFO - Setting next_dagrun for example_external_task_marker_child to None, run_after=None
[2026-03-04T08:06:31.328+0000] {logging_mixin.py:188} INFO - [2026-03-04T08:06:31.328+0000] {dag.py:3947} INFO - Setting next_dagrun for example_external_task_marker_parent to None, run_after=None
[2026-03-04T08:06:31.335+0000] {processor.py:183} INFO - Processing /home/airflow/.local/lib/python3.12/site-packages/airflow/example_dags/example_external_task_marker_dag.py took 0.031 seconds
[2026-03-04T08:07:01.861+0000] {processor.py:161} INFO - Started process (PID=5113) to work on /home/airflow/.local/lib/python3.12/site-packages/airflow/example_dags/example_external_task_marker_dag.py
[2026-03-04T08:07:01.862+0000] {processor.py:830} INFO - Processing file /home/airflow/.local/lib/python3.12/site-packages/airflow/example_dags/example_external_task_marker_dag.py for tasks to queue
[2026-03-04T08:07:01.863+0000] {logging_mixin.py:188} INFO - [2026-03-04T08:07:01.862+0000] {dagbag.py:545} INFO - Filling up the DagBag from /home/airflow/.local/lib/python3.12/site-packages/airflow/example_dags/example_external_task_marker_dag.py
[2026-03-04T08:07:01.866+0000] {processor.py:840} INFO - DAG(s) 'example_external_task_marker_parent', 'example_external_task_marker_child' retrieved from /home/airflow/.local/lib/python3.12/site-packages/airflow/example_dags/example_external_task_marker_dag.py
[2026-03-04T08:07:01.880+0000] {logging_mixin.py:188} INFO - [2026-03-04T08:07:01.880+0000] {dag.py:3089} INFO - Sync 2 DAGs
[2026-03-04T08:07:01.884+0000] {logging_mixin.py:188} INFO - [2026-03-04T08:07:01.884+0000] {dag.py:3947} INFO - Setting next_dagrun for example_external_task_marker_child to None, run_after=None
[2026-03-04T08:07:01.887+0000] {logging_mixin.py:188} INFO - [2026-03-04T08:07:01.887+0000] {dag.py:3947} INFO - Setting next_dagrun for example_external_task_marker_parent to None, run_after=None
[2026-03-04T08:07:01.893+0000] {processor.py:183} INFO - Processing /home/airflow/.local/lib/python3.12/site-packages/airflow/example_dags/example_external_task_marker_dag.py took 0.034 seconds
[2026-03-04T08:07:32.362+0000] {processor.py:161} INFO - Started process (PID=5375) to work on /home/airflow/.local/lib/python3.12/site-packages/airflow/example_dags/example_external_task_marker_dag.py
[2026-03-04T08:07:32.364+0000] {processor.py:830} INFO - Processing file /home/airflow/.local/lib/python3.12/site-packages/airflow/example_dags/example_external_task_marker_dag.py for tasks to queue
[2026-03-04T08:07:32.366+0000] {logging_mixin.py:188} INFO - [2026-03-04T08:07:32.366+0000] {dagbag.py:545} INFO - Filling up the DagBag from /home/airflow/.local/lib/python3.12/site-packages/airflow/example_dags/example_external_task_marker_dag.py
[2026-03-04T08:07:32.368+0000] {processor.py:840} INFO - DAG(s) 'example_external_task_marker_child', 'example_external_task_marker_parent' retrieved from /home/airflow/.local/lib/python3.12/site-packages/airflow/example_dags/example_external_task_marker_dag.py
[2026-03-04T08:07:32.383+0000] {logging_mixin.py:188} INFO - [2026-03-04T08:07:32.383+0000] {dag.py:3089} INFO - Sync 2 DAGs
[2026-03-04T08:07:32.387+0000] {logging_mixin.py:188} INFO - [2026-03-04T08:07:32.387+0000] {dag.py:3947} INFO - Setting next_dagrun for example_external_task_marker_child to None, run_after=None
[2026-03-04T08:07:32.389+0000] {logging_mixin.py:188} INFO - [2026-03-04T08:07:32.389+0000] {dag.py:3947} INFO - Setting next_dagrun for example_external_task_marker_parent to None, run_after=None
[2026-03-04T08:07:32.396+0000] {processor.py:183} INFO - Processing /home/airflow/.local/lib/python3.12/site-packages/airflow/example_dags/example_external_task_marker_dag.py took 0.037 seconds
[2026-03-04T08:08:02.979+0000] {processor.py:161} INFO - Started process (PID=5637) to work on /home/airflow/.local/lib/python3.12/site-packages/airflow/example_dags/example_external_task_marker_dag.py
[2026-03-04T08:08:02.979+0000] {processor.py:830} INFO - Processing file /home/airflow/.local/lib/python3.12/site-packages/airflow/example_dags/example_external_task_marker_dag.py for tasks to queue
[2026-03-04T08:08:02.981+0000] {logging_mixin.py:188} INFO - [2026-03-04T08:08:02.981+0000] {dagbag.py:545} INFO - Filling up the DagBag from /home/airflow/.local/lib/python3.12/site-packages/airflow/example_dags/example_external_task_marker_dag.py
[2026-03-04T08:08:02.983+0000] {processor.py:840} INFO - DAG(s) 'example_external_task_marker_child', 'example_external_task_marker_parent' retrieved from /home/airflow/.local/lib/python3.12/site-packages/airflow/example_dags/example_external_task_marker_dag.py
[2026-03-04T08:08:02.992+0000] {logging_mixin.py:188} INFO - [2026-03-04T08:08:02.992+0000] {dag.py:3089} INFO - Sync 2 DAGs
[2026-03-04T08:08:02.998+0000] {logging_mixin.py:188} INFO - [2026-03-04T08:08:02.998+0000] {dag.py:3947} INFO - Setting next_dagrun for example_external_task_marker_child to None, run_after=None
[2026-03-04T08:08:02.999+0000] {logging_mixin.py:188} INFO - [2026-03-04T08:08:02.999+0000] {dag.py:3947} INFO - Setting next_dagrun for example_external_task_marker_parent to None, run_after=None
[2026-03-04T08:08:03.008+0000] {processor.py:183} INFO - Processing /home/airflow/.local/lib/python3.12/site-packages/airflow/example_dags/example_external_task_marker_dag.py took 0.031 seconds
[2026-03-04T08:08:33.642+0000] {processor.py:161} INFO - Started process (PID=5899) to work on /home/airflow/.local/lib/python3.12/site-packages/airflow/example_dags/example_external_task_marker_dag.py
[2026-03-04T08:08:33.643+0000] {processor.py:830} INFO - Processing file /home/airflow/.local/lib/python3.12/site-packages/airflow/example_dags/example_external_task_marker_dag.py for tasks to queue
[2026-03-04T08:08:33.644+0000] {logging_mixin.py:188} INFO - [2026-03-04T08:08:33.644+0000] {dagbag.py:545} INFO - Filling up the DagBag from /home/airflow/.local/lib/python3.12/site-packages/airflow/example_dags/example_external_task_marker_dag.py
[2026-03-04T08:08:33.646+0000] {processor.py:840} INFO - DAG(s) 'example_external_task_marker_parent', 'example_external_task_marker_child' retrieved from /home/airflow/.local/lib/python3.12/site-packages/airflow/example_dags/example_external_task_marker_dag.py
[2026-03-04T08:08:33.657+0000] {logging_mixin.py:188} INFO - [2026-03-04T08:08:33.657+0000] {dag.py:3089} INFO - Sync 2 DAGs
[2026-03-04T08:08:33.662+0000] {logging_mixin.py:188} INFO - [2026-03-04T08:08:33.662+0000] {dag.py:3947} INFO - Setting next_dagrun for example_external_task_marker_child to None, run_after=None
[2026-03-04T08:08:33.666+0000] {logging_mixin.py:188} INFO - [2026-03-04T08:08:33.666+0000] {dag.py:3947} INFO - Setting next_dagrun for example_external_task_marker_parent to None, run_after=None
[2026-03-04T08:08:33.677+0000] {processor.py:183} INFO - Processing /home/airflow/.local/lib/python3.12/site-packages/airflow/example_dags/example_external_task_marker_dag.py took 0.037 seconds
[2026-03-04T08:09:04.217+0000] {processor.py:161} INFO - Started process (PID=6161) to work on /home/airflow/.local/lib/python3.12/site-packages/airflow/example_dags/example_external_task_marker_dag.py
[2026-03-04T08:09:04.218+0000] {processor.py:830} INFO - Processing file /home/airflow/.local/lib/python3.12/site-packages/airflow/example_dags/example_external_task_marker_dag.py for tasks to queue
[2026-03-04T08:09:04.219+0000] {logging_mixin.py:188} INFO - [2026-03-04T08:09:04.219+0000] {dagbag.py:545} INFO - Filling up the DagBag from /home/airflow/.local/lib/python3.12/site-packages/airflow/example_dags/example_external_task_marker_dag.py
[2026-03-04T08:09:04.221+0000] {processor.py:840} INFO - DAG(s) 'example_external_task_marker_child', 'example_external_task_marker_parent' retrieved from /home/airflow/.local/lib/python3.12/site-packages/airflow/example_dags/example_external_task_marker_dag.py
[2026-03-04T08:09:04.229+0000] {logging_mixin.py:188} INFO - [2026-03-04T08:09:04.229+0000] {dag.py:3089} INFO - Sync 2 DAGs
[2026-03-04T08:09:04.233+0000] {logging_mixin.py:188} INFO - [2026-03-04T08:09:04.233+0000] {dag.py:3947} INFO - Setting next_dagrun for example_external_task_marker_child to None, run_after=None
[2026-03-04T08:09:04.235+0000] {logging_mixin.py:188} INFO - [2026-03-04T08:09:04.235+0000] {dag.py:3947} INFO - Setting next_dagrun for example_external_task_marker_parent to None, run_after=None
[2026-03-04T08:09:04.243+0000] {processor.py:183} INFO - Processing /home/airflow/.local/lib/python3.12/site-packages/airflow/example_dags/example_external_task_marker_dag.py took 0.028 seconds
[2026-03-04T08:09:34.769+0000] {processor.py:161} INFO - Started process (PID=6423) to work on /home/airflow/.local/lib/python3.12/site-packages/airflow/example_dags/example_external_task_marker_dag.py
[2026-03-04T08:09:34.770+0000] {processor.py:830} INFO - Processing file /home/airflow/.local/lib/python3.12/site-packages/airflow/example_dags/example_external_task_marker_dag.py for tasks to queue
[2026-03-04T08:09:34.770+0000] {logging_mixin.py:188} INFO - [2026-03-04T08:09:34.770+0000] {dagbag.py:545} INFO - Filling up the DagBag from /home/airflow/.local/lib/python3.12/site-packages/airflow/example_dags/example_external_task_marker_dag.py
[2026-03-04T08:09:34.773+0000] {processor.py:840} INFO - DAG(s) 'example_external_task_marker_parent', 'example_external_task_marker_child' retrieved from /home/airflow/.local/lib/python3.12/site-packages/airflow/example_dags/example_external_task_marker_dag.py
[2026-03-04T08:09:34.783+0000] {logging_mixin.py:188} INFO - [2026-03-04T08:09:34.783+0000] {dag.py:3089} INFO - Sync 2 DAGs
[2026-03-04T08:09:34.787+0000] {logging_mixin.py:188} INFO - [2026-03-04T08:09:34.787+0000] {dag.py:3947} INFO - Setting next_dagrun for example_external_task_marker_child to None, run_after=None
[2026-03-04T08:09:34.789+0000] {logging_mixin.py:188} INFO - [2026-03-04T08:09:34.789+0000] {dag.py:3947} INFO - Setting next_dagrun for example_external_task_marker_parent to None, run_after=None
[2026-03-04T08:09:34.798+0000] {processor.py:183} INFO - Processing /home/airflow/.local/lib/python3.12/site-packages/airflow/example_dags/example_external_task_marker_dag.py took 0.031 seconds
[2026-03-04T08:10:05.363+0000] {processor.py:161} INFO - Started process (PID=6685) to work on /home/airflow/.local/lib/python3.12/site-packages/airflow/example_dags/example_external_task_marker_dag.py
[2026-03-04T08:10:05.364+0000] {processor.py:830} INFO - Processing file /home/airflow/.local/lib/python3.12/site-packages/airflow/example_dags/example_external_task_marker_dag.py for tasks to queue
[2026-03-04T08:10:05.365+0000] {logging_mixin.py:188} INFO - [2026-03-04T08:10:05.365+0000] {dagbag.py:545} INFO - Filling up the DagBag from /home/airflow/.local/lib/python3.12/site-packages/airflow/example_dags/example_external_task_marker_dag.py
[2026-03-04T08:10:05.367+0000] {processor.py:840} INFO - DAG(s) 'example_external_task_marker_child', 'example_external_task_marker_parent' retrieved from /home/airflow/.local/lib/python3.12/site-packages/airflow/example_dags/example_external_task_marker_dag.py
[2026-03-04T08:10:05.376+0000] {logging_mixin.py:188} INFO - [2026-03-04T08:10:05.376+0000] {dag.py:3089} INFO - Sync 2 DAGs
[2026-03-04T08:10:05.382+0000] {logging_mixin.py:188} INFO - [2026-03-04T08:10:05.382+0000] {dag.py:3947} INFO - Setting next_dagrun for example_external_task_marker_child to None, run_after=None
[2026-03-04T08:10:05.384+0000] {logging_mixin.py:188} INFO - [2026-03-04T08:10:05.383+0000] {dag.py:3947} INFO - Setting next_dagrun for example_external_task_marker_parent to None, run_after=None
[2026-03-04T08:10:05.391+0000] {processor.py:183} INFO - Processing /home/airflow/.local/lib/python3.12/site-packages/airflow/example_dags/example_external_task_marker_dag.py took 0.030 seconds
[2026-03-04T08:10:35.895+0000] {processor.py:161} INFO - Started process (PID=6950) to work on /home/airflow/.local/lib/python3.12/site-packages/airflow/example_dags/example_external_task_marker_dag.py
[2026-03-04T08:10:35.896+0000] {processor.py:830} INFO - Processing file /home/airflow/.local/lib/python3.12/site-packages/airflow/example_dags/example_external_task_marker_dag.py for tasks to queue
[2026-03-04T08:10:35.896+0000] {logging_mixin.py:188} INFO - [2026-03-04T08:10:35.896+0000] {dagbag.py:545} INFO - Filling up the DagBag from /home/airflow/.local/lib/python3.12/site-packages/airflow/example_dags/example_external_task_marker_dag.py
[2026-03-04T08:10:35.899+0000] {processor.py:840} INFO - DAG(s) 'example_external_task_marker_child', 'example_external_task_marker_parent' retrieved from /home/airflow/.local/lib/python3.12/site-packages/airflow/example_dags/example_external_task_marker_dag.py
[2026-03-04T08:10:35.908+0000] {logging_mixin.py:188} INFO - [2026-03-04T08:10:35.907+0000] {dag.py:3089} INFO - Sync 2 DAGs
[2026-03-04T08:10:35.914+0000] {logging_mixin.py:188} INFO - [2026-03-04T08:10:35.914+0000] {dag.py:3947} INFO - Setting next_dagrun for example_external_task_marker_child to None, run_after=None
[2026-03-04T08:10:35.916+0000] {logging_mixin.py:188} INFO - [2026-03-04T08:10:35.916+0000] {dag.py:3947} INFO - Setting next_dagrun for example_external_task_marker_parent to None, run_after=None
[2026-03-04T08:10:35.926+0000] {processor.py:183} INFO - Processing /home/airflow/.local/lib/python3.12/site-packages/airflow/example_dags/example_external_task_marker_dag.py took 0.034 seconds
[2026-03-04T08:11:06.595+0000] {processor.py:161} INFO - Started process (PID=7212) to work on /home/airflow/.local/lib/python3.12/site-packages/airflow/example_dags/example_external_task_marker_dag.py
[2026-03-04T08:11:06.596+0000] {processor.py:830} INFO - Processing file /home/airflow/.local/lib/python3.12/site-packages/airflow/example_dags/example_external_task_marker_dag.py for tasks to queue
[2026-03-04T08:11:06.597+0000] {logging_mixin.py:188} INFO - [2026-03-04T08:11:06.597+0000] {dagbag.py:545} INFO - Filling up the DagBag from /home/airflow/.local/lib/python3.12/site-packages/airflow/example_dags/example_external_task_marker_dag.py
[2026-03-04T08:11:06.599+0000] {processor.py:840} INFO - DAG(s) 'example_external_task_marker_parent', 'example_external_task_marker_child' retrieved from /home/airflow/.local/lib/python3.12/site-packages/airflow/example_dags/example_external_task_marker_dag.py
[2026-03-04T08:11:06.613+0000] {logging_mixin.py:188} INFO - [2026-03-04T08:11:06.613+0000] {dag.py:3089} INFO - Sync 2 DAGs
[2026-03-04T08:11:06.618+0000] {logging_mixin.py:188} INFO - [2026-03-04T08:11:06.618+0000] {dag.py:3947} INFO - Setting next_dagrun for example_external_task_marker_child to None, run_after=None
[2026-03-04T08:11:06.620+0000] {logging_mixin.py:188} INFO - [2026-03-04T08:11:06.620+0000] {dag.py:3947} INFO - Setting next_dagrun for example_external_task_marker_parent to None, run_after=None
[2026-03-04T08:11:06.628+0000] {processor.py:183} INFO - Processing /home/airflow/.local/lib/python3.12/site-packages/airflow/example_dags/example_external_task_marker_dag.py took 0.035 seconds
[2026-03-04T08:11:37.199+0000] {processor.py:161} INFO - Started process (PID=7474) to work on /home/airflow/.local/lib/python3.12/site-packages/airflow/example_dags/example_external_task_marker_dag.py
[2026-03-04T08:11:37.200+0000] {processor.py:830} INFO - Processing file /home/airflow/.local/lib/python3.12/site-packages/airflow/example_dags/example_external_task_marker_dag.py for tasks to queue
[2026-03-04T08:11:37.200+0000] {logging_mixin.py:188} INFO - [2026-03-04T08:11:37.200+0000] {dagbag.py:545} INFO - Filling up the DagBag from /home/airflow/.local/lib/python3.12/site-packages/airflow/example_dags/example_external_task_marker_dag.py
[2026-03-04T08:11:37.203+0000] {processor.py:840} INFO - DAG(s) 'example_external_task_marker_parent', 'example_external_task_marker_child' retrieved from /home/airflow/.local/lib/python3.12/site-packages/airflow/example_dags/example_external_task_marker_dag.py
[2026-03-04T08:11:37.212+0000] {logging_mixin.py:188} INFO - [2026-03-04T08:11:37.212+0000] {dag.py:3089} INFO - Sync 2 DAGs
[2026-03-04T08:11:37.217+0000] {logging_mixin.py:188} INFO - [2026-03-04T08:11:37.217+0000] {dag.py:3947} INFO - Setting next_dagrun for example_external_task_marker_child to None, run_after=None
[2026-03-04T08:11:37.218+0000] {logging_mixin.py:188} INFO - [2026-03-04T08:11:37.218+0000] {dag.py:3947} INFO - Setting next_dagrun for example_external_task_marker_parent to None, run_after=None
[2026-03-04T08:11:37.225+0000] {processor.py:183} INFO - Processing /home/airflow/.local/lib/python3.12/site-packages/airflow/example_dags/example_external_task_marker_dag.py took 0.028 seconds
[2026-03-04T08:12:07.668+0000] {processor.py:161} INFO - Started process (PID=7736) to work on /home/airflow/.local/lib/python3.12/site-packages/airflow/example_dags/example_external_task_marker_dag.py
[2026-03-04T08:12:07.668+0000] {processor.py:830} INFO - Processing file /home/airflow/.local/lib/python3.12/site-packages/airflow/example_dags/example_external_task_marker_dag.py for tasks to queue
[2026-03-04T08:12:07.669+0000] {logging_mixin.py:188} INFO - [2026-03-04T08:12:07.669+0000] {dagbag.py:545} INFO - Filling up the DagBag from /home/airflow/.local/lib/python3.12/site-packages/airflow/example_dags/example_external_task_marker_dag.py
[2026-03-04T08:12:07.672+0000] {processor.py:840} INFO - DAG(s) 'example_external_task_marker_parent', 'example_external_task_marker_child' retrieved from /home/airflow/.local/lib/python3.12/site-packages/airflow/example_dags/example_external_task_marker_dag.py
[2026-03-04T08:12:07.680+0000] {logging_mixin.py:188} INFO - [2026-03-04T08:12:07.680+0000] {dag.py:3089} INFO - Sync 2 DAGs
[2026-03-04T08:12:07.685+0000] {logging_mixin.py:188} INFO - [2026-03-04T08:12:07.685+0000] {dag.py:3947} INFO - Setting next_dagrun for example_external_task_marker_child to None, run_after=None
[2026-03-04T08:12:07.689+0000] {logging_mixin.py:188} INFO - [2026-03-04T08:12:07.688+0000] {dag.py:3947} INFO - Setting next_dagrun for example_external_task_marker_parent to None, run_after=None
[2026-03-04T08:12:07.698+0000] {processor.py:183} INFO - Processing /home/airflow/.local/lib/python3.12/site-packages/airflow/example_dags/example_external_task_marker_dag.py took 0.033 seconds
[2026-03-04T08:12:38.248+0000] {processor.py:161} INFO - Started process (PID=7998) to work on /home/airflow/.local/lib/python3.12/site-packages/airflow/example_dags/example_external_task_marker_dag.py
[2026-03-04T08:12:38.249+0000] {processor.py:830} INFO - Processing file /home/airflow/.local/lib/python3.12/site-packages/airflow/example_dags/example_external_task_marker_dag.py for tasks to queue
[2026-03-04T08:12:38.250+0000] {logging_mixin.py:188} INFO - [2026-03-04T08:12:38.250+0000] {dagbag.py:545} INFO - Filling up the DagBag from /home/airflow/.local/lib/python3.12/site-packages/airflow/example_dags/example_external_task_marker_dag.py
[2026-03-04T08:12:38.253+0000] {processor.py:840} INFO - DAG(s) 'example_external_task_marker_child', 'example_external_task_marker_parent' retrieved from /home/airflow/.local/lib/python3.12/site-packages/airflow/example_dags/example_external_task_marker_dag.py
[2026-03-04T08:12:38.262+0000] {logging_mixin.py:188} INFO - [2026-03-04T08:12:38.262+0000] {dag.py:3089} INFO - Sync 2 DAGs
[2026-03-04T08:12:38.267+0000] {logging_mixin.py:188} INFO - [2026-03-04T08:12:38.267+0000] {dag.py:3947} INFO - Setting next_dagrun for example_external_task_marker_child to None, run_after=None
[2026-03-04T08:12:38.270+0000] {logging_mixin.py:188} INFO - [2026-03-04T08:12:38.270+0000] {dag.py:3947} INFO - Setting next_dagrun for example_external_task_marker_parent to None, run_after=None
[2026-03-04T08:12:38.278+0000] {processor.py:183} INFO - Processing /home/airflow/.local/lib/python3.12/site-packages/airflow/example_dags/example_external_task_marker_dag.py took 0.033 seconds
[2026-03-04T08:13:08.827+0000] {processor.py:161} INFO - Started process (PID=8260) to work on /home/airflow/.local/lib/python3.12/site-packages/airflow/example_dags/example_external_task_marker_dag.py
[2026-03-04T08:13:08.827+0000] {processor.py:830} INFO - Processing file /home/airflow/.local/lib/python3.12/site-packages/airflow/example_dags/example_external_task_marker_dag.py for tasks to queue
[2026-03-04T08:13:08.828+0000] {logging_mixin.py:188} INFO - [2026-03-04T08:13:08.828+0000] {dagbag.py:545} INFO - Filling up the DagBag from /home/airflow/.local/lib/python3.12/site-packages/airflow/example_dags/example_external_task_marker_dag.py
[2026-03-04T08:13:08.831+0000] {processor.py:840} INFO - DAG(s) 'example_external_task_marker_parent', 'example_external_task_marker_child' retrieved from /home/airflow/.local/lib/python3.12/site-packages/airflow/example_dags/example_external_task_marker_dag.py
[2026-03-04T08:13:08.839+0000] {logging_mixin.py:188} INFO - [2026-03-04T08:13:08.839+0000] {dag.py:3089} INFO - Sync 2 DAGs
[2026-03-04T08:13:08.843+0000] {logging_mixin.py:188} INFO - [2026-03-04T08:13:08.843+0000] {dag.py:3947} INFO - Setting next_dagrun for example_external_task_marker_child to None, run_after=None
[2026-03-04T08:13:08.846+0000] {logging_mixin.py:188} INFO - [2026-03-04T08:13:08.846+0000] {dag.py:3947} INFO - Setting next_dagrun for example_external_task_marker_parent to None, run_after=None
[2026-03-04T08:13:08.856+0000] {processor.py:183} INFO - Processing /home/airflow/.local/lib/python3.12/site-packages/airflow/example_dags/example_external_task_marker_dag.py took 0.031 seconds
[2026-03-04T08:13:39.335+0000] {processor.py:161} INFO - Started process (PID=8522) to work on /home/airflow/.local/lib/python3.12/site-packages/airflow/example_dags/example_external_task_marker_dag.py
[2026-03-04T08:13:39.336+0000] {processor.py:830} INFO - Processing file /home/airflow/.local/lib/python3.12/site-packages/airflow/example_dags/example_external_task_marker_dag.py for tasks to queue
[2026-03-04T08:13:39.336+0000] {logging_mixin.py:188} INFO - [2026-03-04T08:13:39.336+0000] {dagbag.py:545} INFO - Filling up the DagBag from /home/airflow/.local/lib/python3.12/site-packages/airflow/example_dags/example_external_task_marker_dag.py
[2026-03-04T08:13:39.339+0000] {processor.py:840} INFO - DAG(s) 'example_external_task_marker_parent', 'example_external_task_marker_child' retrieved from /home/airflow/.local/lib/python3.12/site-packages/airflow/example_dags/example_external_task_marker_dag.py
[2026-03-04T08:13:39.347+0000] {logging_mixin.py:188} INFO - [2026-03-04T08:13:39.347+0000] {dag.py:3089} INFO - Sync 2 DAGs
[2026-03-04T08:13:39.352+0000] {logging_mixin.py:188} INFO - [2026-03-04T08:13:39.352+0000] {dag.py:3947} INFO - Setting next_dagrun for example_external_task_marker_child to None, run_after=None
[2026-03-04T08:13:39.356+0000] {logging_mixin.py:188} INFO - [2026-03-04T08:13:39.355+0000] {dag.py:3947} INFO - Setting next_dagrun for example_external_task_marker_parent to None, run_after=None
[2026-03-04T08:13:39.364+0000] {processor.py:183} INFO - Processing /home/airflow/.local/lib/python3.12/site-packages/airflow/example_dags/example_external_task_marker_dag.py took 0.031 seconds
[2026-03-04T08:14:09.844+0000] {processor.py:161} INFO - Started process (PID=8784) to work on /home/airflow/.local/lib/python3.12/site-packages/airflow/example_dags/example_external_task_marker_dag.py
[2026-03-04T08:14:09.844+0000] {processor.py:830} INFO - Processing file /home/airflow/.local/lib/python3.12/site-packages/airflow/example_dags/example_external_task_marker_dag.py for tasks to queue
[2026-03-04T08:14:09.845+0000] {logging_mixin.py:188} INFO - [2026-03-04T08:14:09.845+0000] {dagbag.py:545} INFO - Filling up the DagBag from /home/airflow/.local/lib/python3.12/site-packages/airflow/example_dags/example_external_task_marker_dag.py
[2026-03-04T08:14:09.847+0000] {processor.py:840} INFO - DAG(s) 'example_external_task_marker_parent', 'example_external_task_marker_child' retrieved from /home/airflow/.local/lib/python3.12/site-packages/airflow/example_dags/example_external_task_marker_dag.py
[2026-03-04T08:14:09.859+0000] {logging_mixin.py:188} INFO - [2026-03-04T08:14:09.859+0000] {dag.py:3089} INFO - Sync 2 DAGs
[2026-03-04T08:14:09.864+0000] {logging_mixin.py:188} INFO - [2026-03-04T08:14:09.863+0000] {dag.py:3947} INFO - Setting next_dagrun for example_external_task_marker_child to None, run_after=None
[2026-03-04T08:14:09.865+0000] {logging_mixin.py:188} INFO - [2026-03-04T08:14:09.865+0000] {dag.py:3947} INFO - Setting next_dagrun for example_external_task_marker_parent to None, run_after=None
[2026-03-04T08:14:09.873+0000] {processor.py:183} INFO - Processing /home/airflow/.local/lib/python3.12/site-packages/airflow/example_dags/example_external_task_marker_dag.py took 0.031 seconds
[2026-03-04T08:14:40.414+0000] {processor.py:161} INFO - Started process (PID=9046) to work on /home/airflow/.local/lib/python3.12/site-packages/airflow/example_dags/example_external_task_marker_dag.py
[2026-03-04T08:14:40.415+0000] {processor.py:830} INFO - Processing file /home/airflow/.local/lib/python3.12/site-packages/airflow/example_dags/example_external_task_marker_dag.py for tasks to queue
[2026-03-04T08:14:40.416+0000] {logging_mixin.py:188} INFO - [2026-03-04T08:14:40.415+0000] {dagbag.py:545} INFO - Filling up the DagBag from /home/airflow/.local/lib/python3.12/site-packages/airflow/example_dags/example_external_task_marker_dag.py
[2026-03-04T08:14:40.418+0000] {processor.py:840} INFO - DAG(s) 'example_external_task_marker_parent', 'example_external_task_marker_child' retrieved from /home/airflow/.local/lib/python3.12/site-packages/airflow/example_dags/example_external_task_marker_dag.py
[2026-03-04T08:14:40.426+0000] {logging_mixin.py:188} INFO - [2026-03-04T08:14:40.426+0000] {dag.py:3089} INFO - Sync 2 DAGs
[2026-03-04T08:14:40.431+0000] {logging_mixin.py:188} INFO - [2026-03-04T08:14:40.431+0000] {dag.py:3947} INFO - Setting next_dagrun for example_external_task_marker_child to None, run_after=None
[2026-03-04T08:14:40.432+0000] {logging_mixin.py:188} INFO - [2026-03-04T08:14:40.432+0000] {dag.py:3947} INFO - Setting next_dagrun for example_external_task_marker_parent to None, run_after=None
[2026-03-04T08:14:40.440+0000] {processor.py:183} INFO - Processing /home/airflow/.local/lib/python3.12/site-packages/airflow/example_dags/example_external_task_marker_dag.py took 0.028 seconds
[2026-03-04T08:15:10.927+0000] {processor.py:161} INFO - Started process (PID=9312) to work on /home/airflow/.local/lib/python3.12/site-packages/airflow/example_dags/example_external_task_marker_dag.py
[2026-03-04T08:15:10.928+0000] {processor.py:830} INFO - Processing file /home/airflow/.local/lib/python3.12/site-packages/airflow/example_dags/example_external_task_marker_dag.py for tasks to queue
[2026-03-04T08:15:10.929+0000] {logging_mixin.py:188} INFO - [2026-03-04T08:15:10.928+0000] {dagbag.py:545} INFO - Filling up the DagBag from /home/airflow/.local/lib/python3.12/site-packages/airflow/example_dags/example_external_task_marker_dag.py
[2026-03-04T08:15:10.931+0000] {processor.py:840} INFO - DAG(s) 'example_external_task_marker_parent', 'example_external_task_marker_child' retrieved from /home/airflow/.local/lib/python3.12/site-packages/airflow/example_dags/example_external_task_marker_dag.py
[2026-03-04T08:15:10.940+0000] {logging_mixin.py:188} INFO - [2026-03-04T08:15:10.940+0000] {dag.py:3089} INFO - Sync 2 DAGs
[2026-03-04T08:15:10.945+0000] {logging_mixin.py:188} INFO - [2026-03-04T08:15:10.945+0000] {dag.py:3947} INFO - Setting next_dagrun for example_external_task_marker_child to None, run_after=None
[2026-03-04T08:15:10.946+0000] {logging_mixin.py:188} INFO - [2026-03-04T08:15:10.946+0000] {dag.py:3947} INFO - Setting next_dagrun for example_external_task_marker_parent to None, run_after=None
[2026-03-04T08:15:10.951+0000] {processor.py:183} INFO - Processing /home/airflow/.local/lib/python3.12/site-packages/airflow/example_dags/example_external_task_marker_dag.py took 0.026 seconds
[2026-03-04T08:15:41.537+0000] {processor.py:161} INFO - Started process (PID=9578) to work on /home/airflow/.local/lib/python3.12/site-packages/airflow/example_dags/example_external_task_marker_dag.py
[2026-03-04T08:15:41.539+0000] {processor.py:830} INFO - Processing file /home/airflow/.local/lib/python3.12/site-packages/airflow/example_dags/example_external_task_marker_dag.py for tasks to queue
[2026-03-04T08:15:41.540+0000] {logging_mixin.py:188} INFO - [2026-03-04T08:15:41.540+0000] {dagbag.py:545} INFO - Filling up the DagBag from /home/airflow/.local/lib/python3.12/site-packages/airflow/example_dags/example_external_task_marker_dag.py
[2026-03-04T08:15:41.544+0000] {processor.py:840} INFO - DAG(s) 'example_external_task_marker_child', 'example_external_task_marker_parent' retrieved from /home/airflow/.local/lib/python3.12/site-packages/airflow/example_dags/example_external_task_marker_dag.py
[2026-03-04T08:15:41.556+0000] {logging_mixin.py:188} INFO - [2026-03-04T08:15:41.555+0000] {dag.py:3089} INFO - Sync 2 DAGs
[2026-03-04T08:15:41.561+0000] {logging_mixin.py:188} INFO - [2026-03-04T08:15:41.561+0000] {dag.py:3947} INFO - Setting next_dagrun for example_external_task_marker_child to None, run_after=None
[2026-03-04T08:15:41.562+0000] {logging_mixin.py:188} INFO - [2026-03-04T08:15:41.562+0000] {dag.py:3947} INFO - Setting next_dagrun for example_external_task_marker_parent to None, run_after=None
[2026-03-04T08:15:41.573+0000] {processor.py:183} INFO - Processing /home/airflow/.local/lib/python3.12/site-packages/airflow/example_dags/example_external_task_marker_dag.py took 0.038 seconds
[2026-03-04T08:16:12.210+0000] {processor.py:161} INFO - Started process (PID=9840) to work on /home/airflow/.local/lib/python3.12/site-packages/airflow/example_dags/example_external_task_marker_dag.py
[2026-03-04T08:16:12.210+0000] {processor.py:830} INFO - Processing file /home/airflow/.local/lib/python3.12/site-packages/airflow/example_dags/example_external_task_marker_dag.py for tasks to queue
[2026-03-04T08:16:12.211+0000] {logging_mixin.py:188} INFO - [2026-03-04T08:16:12.211+0000] {dagbag.py:545} INFO - Filling up the DagBag from /home/airflow/.local/lib/python3.12/site-packages/airflow/example_dags/example_external_task_marker_dag.py
[2026-03-04T08:16:12.213+0000] {processor.py:840} INFO - DAG(s) 'example_external_task_marker_parent', 'example_external_task_marker_child' retrieved from /home/airflow/.local/lib/python3.12/site-packages/airflow/example_dags/example_external_task_marker_dag.py
[2026-03-04T08:16:12.223+0000] {logging_mixin.py:188} INFO - [2026-03-04T08:16:12.222+0000] {dag.py:3089} INFO - Sync 2 DAGs
[2026-03-04T08:16:12.229+0000] {logging_mixin.py:188} INFO - [2026-03-04T08:16:12.229+0000] {dag.py:3947} INFO - Setting next_dagrun for example_external_task_marker_child to None, run_after=None
[2026-03-04T08:16:12.231+0000] {logging_mixin.py:188} INFO - [2026-03-04T08:16:12.231+0000] {dag.py:3947} INFO - Setting next_dagrun for example_external_task_marker_parent to None, run_after=None
[2026-03-04T08:16:12.244+0000] {processor.py:183} INFO - Processing /home/airflow/.local/lib/python3.12/site-packages/airflow/example_dags/example_external_task_marker_dag.py took 0.036 seconds
[2026-03-04T08:16:42.793+0000] {processor.py:161} INFO - Started process (PID=10102) to work on /home/airflow/.local/lib/python3.12/site-packages/airflow/example_dags/example_external_task_marker_dag.py
[2026-03-04T08:16:42.793+0000] {processor.py:830} INFO - Processing file /home/airflow/.local/lib/python3.12/site-packages/airflow/example_dags/example_external_task_marker_dag.py for tasks to queue
[2026-03-04T08:16:42.795+0000] {logging_mixin.py:188} INFO - [2026-03-04T08:16:42.794+0000] {dagbag.py:545} INFO - Filling up the DagBag from /home/airflow/.local/lib/python3.12/site-packages/airflow/example_dags/example_external_task_marker_dag.py
[2026-03-04T08:16:42.798+0000] {processor.py:840} INFO - DAG(s) 'example_external_task_marker_child', 'example_external_task_marker_parent' retrieved from /home/airflow/.local/lib/python3.12/site-packages/airflow/example_dags/example_external_task_marker_dag.py
[2026-03-04T08:16:42.811+0000] {logging_mixin.py:188} INFO - [2026-03-04T08:16:42.809+0000] {dag.py:3089} INFO - Sync 2 DAGs
[2026-03-04T08:16:42.815+0000] {logging_mixin.py:188} INFO - [2026-03-04T08:16:42.815+0000] {dag.py:3947} INFO - Setting next_dagrun for example_external_task_marker_child to None, run_after=None
[2026-03-04T08:16:42.817+0000] {logging_mixin.py:188} INFO - [2026-03-04T08:16:42.816+0000] {dag.py:3947} INFO - Setting next_dagrun for example_external_task_marker_parent to None, run_after=None
[2026-03-04T08:16:42.822+0000] {processor.py:183} INFO - Processing /home/airflow/.local/lib/python3.12/site-packages/airflow/example_dags/example_external_task_marker_dag.py took 0.032 seconds
[2026-03-04T08:17:13.796+0000] {processor.py:161} INFO - Started process (PID=10364) to work on /home/airflow/.local/lib/python3.12/site-packages/airflow/example_dags/example_external_task_marker_dag.py
[2026-03-04T08:17:13.797+0000] {processor.py:830} INFO - Processing file /home/airflow/.local/lib/python3.12/site-packages/airflow/example_dags/example_external_task_marker_dag.py for tasks to queue
[2026-03-04T08:17:13.797+0000] {logging_mixin.py:188} INFO - [2026-03-04T08:17:13.797+0000] {dagbag.py:545} INFO - Filling up the DagBag from /home/airflow/.local/lib/python3.12/site-packages/airflow/example_dags/example_external_task_marker_dag.py
[2026-03-04T08:17:13.800+0000] {processor.py:840} INFO - DAG(s) 'example_external_task_marker_child', 'example_external_task_marker_parent' retrieved from /home/airflow/.local/lib/python3.12/site-packages/airflow/example_dags/example_external_task_marker_dag.py
[2026-03-04T08:17:13.808+0000] {logging_mixin.py:188} INFO - [2026-03-04T08:17:13.808+0000] {dag.py:3089} INFO - Sync 2 DAGs
[2026-03-04T08:17:13.812+0000] {logging_mixin.py:188} INFO - [2026-03-04T08:17:13.812+0000] {dag.py:3947} INFO - Setting next_dagrun for example_external_task_marker_child to None, run_after=None
[2026-03-04T08:17:13.815+0000] {logging_mixin.py:188} INFO - [2026-03-04T08:17:13.815+0000] {dag.py:3947} INFO - Setting next_dagrun for example_external_task_marker_parent to None, run_after=None
[2026-03-04T08:17:13.825+0000] {processor.py:183} INFO - Processing /home/airflow/.local/lib/python3.12/site-packages/airflow/example_dags/example_external_task_marker_dag.py took 0.031 seconds
[2026-03-04T08:17:43.950+0000] {processor.py:161} INFO - Started process (PID=10626) to work on /home/airflow/.local/lib/python3.12/site-packages/airflow/example_dags/example_external_task_marker_dag.py
[2026-03-04T08:17:43.951+0000] {processor.py:830} INFO - Processing file /home/airflow/.local/lib/python3.12/site-packages/airflow/example_dags/example_external_task_marker_dag.py for tasks to queue
[2026-03-04T08:17:43.952+0000] {logging_mixin.py:188} INFO - [2026-03-04T08:17:43.952+0000] {dagbag.py:545} INFO - Filling up the DagBag from /home/airflow/.local/lib/python3.12/site-packages/airflow/example_dags/example_external_task_marker_dag.py
[2026-03-04T08:17:43.955+0000] {processor.py:840} INFO - DAG(s) 'example_external_task_marker_child', 'example_external_task_marker_parent' retrieved from /home/airflow/.local/lib/python3.12/site-packages/airflow/example_dags/example_external_task_marker_dag.py
[2026-03-04T08:17:43.968+0000] {logging_mixin.py:188} INFO - [2026-03-04T08:17:43.968+0000] {dag.py:3089} INFO - Sync 2 DAGs
[2026-03-04T08:17:43.972+0000] {logging_mixin.py:188} INFO - [2026-03-04T08:17:43.972+0000] {dag.py:3947} INFO - Setting next_dagrun for example_external_task_marker_child to None, run_after=None
[2026-03-04T08:17:43.974+0000] {logging_mixin.py:188} INFO - [2026-03-04T08:17:43.974+0000] {dag.py:3947} INFO - Setting next_dagrun for example_external_task_marker_parent to None, run_after=None
[2026-03-04T08:17:43.981+0000] {processor.py:183} INFO - Processing /home/airflow/.local/lib/python3.12/site-packages/airflow/example_dags/example_external_task_marker_dag.py took 0.033 seconds
[2026-03-04T08:18:15.538+0000] {processor.py:161} INFO - Started process (PID=10888) to work on /home/airflow/.local/lib/python3.12/site-packages/airflow/example_dags/example_external_task_marker_dag.py
[2026-03-04T08:18:15.538+0000] {processor.py:830} INFO - Processing file /home/airflow/.local/lib/python3.12/site-packages/airflow/example_dags/example_external_task_marker_dag.py for tasks to queue
[2026-03-04T08:18:15.539+0000] {logging_mixin.py:188} INFO - [2026-03-04T08:18:15.539+0000] {dagbag.py:545} INFO - Filling up the DagBag from /home/airflow/.local/lib/python3.12/site-packages/airflow/example_dags/example_external_task_marker_dag.py
[2026-03-04T08:18:15.614+0000] {processor.py:840} INFO - DAG(s) 'example_external_task_marker_child', 'example_external_task_marker_parent' retrieved from /home/airflow/.local/lib/python3.12/site-packages/airflow/example_dags/example_external_task_marker_dag.py
[2026-03-04T08:18:15.627+0000] {logging_mixin.py:188} INFO - [2026-03-04T08:18:15.627+0000] {dag.py:3089} INFO - Sync 2 DAGs
[2026-03-04T08:18:15.632+0000] {logging_mixin.py:188} INFO - [2026-03-04T08:18:15.632+0000] {dag.py:3947} INFO - Setting next_dagrun for example_external_task_marker_child to None, run_after=None
[2026-03-04T08:18:15.636+0000] {logging_mixin.py:188} INFO - [2026-03-04T08:18:15.636+0000] {dag.py:3947} INFO - Setting next_dagrun for example_external_task_marker_parent to None, run_after=None
[2026-03-04T08:18:15.641+0000] {processor.py:183} INFO - Processing /home/airflow/.local/lib/python3.12/site-packages/airflow/example_dags/example_external_task_marker_dag.py took 0.106 seconds
[2026-03-04T08:18:46.240+0000] {processor.py:161} INFO - Started process (PID=11150) to work on /home/airflow/.local/lib/python3.12/site-packages/airflow/example_dags/example_external_task_marker_dag.py
[2026-03-04T08:18:46.241+0000] {processor.py:830} INFO - Processing file /home/airflow/.local/lib/python3.12/site-packages/airflow/example_dags/example_external_task_marker_dag.py for tasks to queue
[2026-03-04T08:18:46.242+0000] {logging_mixin.py:188} INFO - [2026-03-04T08:18:46.242+0000] {dagbag.py:545} INFO - Filling up the DagBag from /home/airflow/.local/lib/python3.12/site-packages/airflow/example_dags/example_external_task_marker_dag.py
[2026-03-04T08:18:46.244+0000] {processor.py:840} INFO - DAG(s) 'example_external_task_marker_parent', 'example_external_task_marker_child' retrieved from /home/airflow/.local/lib/python3.12/site-packages/airflow/example_dags/example_external_task_marker_dag.py
[2026-03-04T08:18:46.253+0000] {logging_mixin.py:188} INFO - [2026-03-04T08:18:46.252+0000] {dag.py:3089} INFO - Sync 2 DAGs
[2026-03-04T08:18:46.258+0000] {logging_mixin.py:188} INFO - [2026-03-04T08:18:46.258+0000] {dag.py:3947} INFO - Setting next_dagrun for example_external_task_marker_child to None, run_after=None
[2026-03-04T08:18:46.260+0000] {logging_mixin.py:188} INFO - [2026-03-04T08:18:46.259+0000] {dag.py:3947} INFO - Setting next_dagrun for example_external_task_marker_parent to None, run_after=None
[2026-03-04T08:18:46.270+0000] {processor.py:183} INFO - Processing /home/airflow/.local/lib/python3.12/site-packages/airflow/example_dags/example_external_task_marker_dag.py took 0.033 seconds
[2026-03-04T08:19:16.915+0000] {processor.py:161} INFO - Started process (PID=11412) to work on /home/airflow/.local/lib/python3.12/site-packages/airflow/example_dags/example_external_task_marker_dag.py
[2026-03-04T08:19:16.915+0000] {processor.py:830} INFO - Processing file /home/airflow/.local/lib/python3.12/site-packages/airflow/example_dags/example_external_task_marker_dag.py for tasks to queue
[2026-03-04T08:19:16.916+0000] {logging_mixin.py:188} INFO - [2026-03-04T08:19:16.916+0000] {dagbag.py:545} INFO - Filling up the DagBag from /home/airflow/.local/lib/python3.12/site-packages/airflow/example_dags/example_external_task_marker_dag.py
[2026-03-04T08:19:16.918+0000] {processor.py:840} INFO - DAG(s) 'example_external_task_marker_child', 'example_external_task_marker_parent' retrieved from /home/airflow/.local/lib/python3.12/site-packages/airflow/example_dags/example_external_task_marker_dag.py
[2026-03-04T08:19:16.926+0000] {logging_mixin.py:188} INFO - [2026-03-04T08:19:16.926+0000] {dag.py:3089} INFO - Sync 2 DAGs
[2026-03-04T08:19:16.932+0000] {logging_mixin.py:188} INFO - [2026-03-04T08:19:16.931+0000] {dag.py:3947} INFO - Setting next_dagrun for example_external_task_marker_child to None, run_after=None
[2026-03-04T08:19:16.934+0000] {logging_mixin.py:188} INFO - [2026-03-04T08:19:16.934+0000] {dag.py:3947} INFO - Setting next_dagrun for example_external_task_marker_parent to None, run_after=None
[2026-03-04T08:19:16.942+0000] {processor.py:183} INFO - Processing /home/airflow/.local/lib/python3.12/site-packages/airflow/example_dags/example_external_task_marker_dag.py took 0.030 seconds
[2026-03-04T08:19:47.457+0000] {processor.py:161} INFO - Started process (PID=11674) to work on /home/airflow/.local/lib/python3.12/site-packages/airflow/example_dags/example_external_task_marker_dag.py
[2026-03-04T08:19:47.457+0000] {processor.py:830} INFO - Processing file /home/airflow/.local/lib/python3.12/site-packages/airflow/example_dags/example_external_task_marker_dag.py for tasks to queue
[2026-03-04T08:19:47.458+0000] {logging_mixin.py:188} INFO - [2026-03-04T08:19:47.458+0000] {dagbag.py:545} INFO - Filling up the DagBag from /home/airflow/.local/lib/python3.12/site-packages/airflow/example_dags/example_external_task_marker_dag.py
[2026-03-04T08:19:47.460+0000] {processor.py:840} INFO - DAG(s) 'example_external_task_marker_parent', 'example_external_task_marker_child' retrieved from /home/airflow/.local/lib/python3.12/site-packages/airflow/example_dags/example_external_task_marker_dag.py
[2026-03-04T08:19:47.470+0000] {logging_mixin.py:188} INFO - [2026-03-04T08:19:47.470+0000] {dag.py:3089} INFO - Sync 2 DAGs
[2026-03-04T08:19:47.474+0000] {logging_mixin.py:188} INFO - [2026-03-04T08:19:47.474+0000] {dag.py:3947} INFO - Setting next_dagrun for example_external_task_marker_child to None, run_after=None
[2026-03-04T08:19:47.478+0000] {logging_mixin.py:188} INFO - [2026-03-04T08:19:47.478+0000] {dag.py:3947} INFO - Setting next_dagrun for example_external_task_marker_parent to None, run_after=None
[2026-03-04T08:19:47.487+0000] {processor.py:183} INFO - Processing /home/airflow/.local/lib/python3.12/site-packages/airflow/example_dags/example_external_task_marker_dag.py took 0.032 seconds
[2026-03-04T08:20:18.032+0000] {processor.py:161} INFO - Started process (PID=11936) to work on /home/airflow/.local/lib/python3.12/site-packages/airflow/example_dags/example_external_task_marker_dag.py
[2026-03-04T08:20:18.033+0000] {processor.py:830} INFO - Processing file /home/airflow/.local/lib/python3.12/site-packages/airflow/example_dags/example_external_task_marker_dag.py for tasks to queue
[2026-03-04T08:20:18.034+0000] {logging_mixin.py:188} INFO - [2026-03-04T08:20:18.034+0000] {dagbag.py:545} INFO - Filling up the DagBag from /home/airflow/.local/lib/python3.12/site-packages/airflow/example_dags/example_external_task_marker_dag.py
[2026-03-04T08:20:18.037+0000] {processor.py:840} INFO - DAG(s) 'example_external_task_marker_parent', 'example_external_task_marker_child' retrieved from /home/airflow/.local/lib/python3.12/site-packages/airflow/example_dags/example_external_task_marker_dag.py
[2026-03-04T08:20:18.050+0000] {logging_mixin.py:188} INFO - [2026-03-04T08:20:18.050+0000] {dag.py:3089} INFO - Sync 2 DAGs
[2026-03-04T08:20:18.056+0000] {logging_mixin.py:188} INFO - [2026-03-04T08:20:18.056+0000] {dag.py:3947} INFO - Setting next_dagrun for example_external_task_marker_child to None, run_after=None
[2026-03-04T08:20:18.059+0000] {logging_mixin.py:188} INFO - [2026-03-04T08:20:18.059+0000] {dag.py:3947} INFO - Setting next_dagrun for example_external_task_marker_parent to None, run_after=None
[2026-03-04T08:20:18.066+0000] {processor.py:183} INFO - Processing /home/airflow/.local/lib/python3.12/site-packages/airflow/example_dags/example_external_task_marker_dag.py took 0.036 seconds
[2026-03-04T08:37:21.948+0000] {processor.py:161} INFO - Started process (PID=12198) to work on /home/airflow/.local/lib/python3.12/site-packages/airflow/example_dags/example_external_task_marker_dag.py
[2026-03-04T08:37:21.950+0000] {processor.py:830} INFO - Processing file /home/airflow/.local/lib/python3.12/site-packages/airflow/example_dags/example_external_task_marker_dag.py for tasks to queue
[2026-03-04T08:37:21.950+0000] {logging_mixin.py:188} INFO - [2026-03-04T08:37:21.950+0000] {dagbag.py:545} INFO - Filling up the DagBag from /home/airflow/.local/lib/python3.12/site-packages/airflow/example_dags/example_external_task_marker_dag.py
[2026-03-04T08:37:21.955+0000] {processor.py:840} INFO - DAG(s) 'example_external_task_marker_child', 'example_external_task_marker_parent' retrieved from /home/airflow/.local/lib/python3.12/site-packages/airflow/example_dags/example_external_task_marker_dag.py
[2026-03-04T08:37:21.967+0000] {logging_mixin.py:188} INFO - [2026-03-04T08:37:21.966+0000] {dag.py:3089} INFO - Sync 2 DAGs
[2026-03-04T08:37:21.975+0000] {logging_mixin.py:188} INFO - [2026-03-04T08:37:21.975+0000] {dag.py:3947} INFO - Setting next_dagrun for example_external_task_marker_child to None, run_after=None
[2026-03-04T08:37:21.978+0000] {logging_mixin.py:188} INFO - [2026-03-04T08:37:21.978+0000] {dag.py:3947} INFO - Setting next_dagrun for example_external_task_marker_parent to None, run_after=None
[2026-03-04T08:37:21.988+0000] {processor.py:183} INFO - Processing /home/airflow/.local/lib/python3.12/site-packages/airflow/example_dags/example_external_task_marker_dag.py took 0.041 seconds
[2026-03-04T08:46:12.121+0000] {processor.py:161} INFO - Started process (PID=12460) to work on /home/airflow/.local/lib/python3.12/site-packages/airflow/example_dags/example_external_task_marker_dag.py
[2026-03-04T08:46:12.122+0000] {processor.py:830} INFO - Processing file /home/airflow/.local/lib/python3.12/site-packages/airflow/example_dags/example_external_task_marker_dag.py for tasks to queue
[2026-03-04T08:46:12.123+0000] {logging_mixin.py:188} INFO - [2026-03-04T08:46:12.123+0000] {dagbag.py:545} INFO - Filling up the DagBag from /home/airflow/.local/lib/python3.12/site-packages/airflow/example_dags/example_external_task_marker_dag.py
[2026-03-04T08:46:12.125+0000] {processor.py:840} INFO - DAG(s) 'example_external_task_marker_child', 'example_external_task_marker_parent' retrieved from /home/airflow/.local/lib/python3.12/site-packages/airflow/example_dags/example_external_task_marker_dag.py
[2026-03-04T08:46:12.133+0000] {logging_mixin.py:188} INFO - [2026-03-04T08:46:12.133+0000] {dag.py:3089} INFO - Sync 2 DAGs
[2026-03-04T08:46:12.137+0000] {logging_mixin.py:188} INFO - [2026-03-04T08:46:12.137+0000] {dag.py:3947} INFO - Setting next_dagrun for example_external_task_marker_child to None, run_after=None
[2026-03-04T08:46:12.141+0000] {logging_mixin.py:188} INFO - [2026-03-04T08:46:12.141+0000] {dag.py:3947} INFO - Setting next_dagrun for example_external_task_marker_parent to None, run_after=None
[2026-03-04T08:46:12.149+0000] {processor.py:183} INFO - Processing /home/airflow/.local/lib/python3.12/site-packages/airflow/example_dags/example_external_task_marker_dag.py took 0.030 seconds
[2026-03-04T08:46:42.738+0000] {processor.py:161} INFO - Started process (PID=12722) to work on /home/airflow/.local/lib/python3.12/site-packages/airflow/example_dags/example_external_task_marker_dag.py
[2026-03-04T08:46:42.739+0000] {processor.py:830} INFO - Processing file /home/airflow/.local/lib/python3.12/site-packages/airflow/example_dags/example_external_task_marker_dag.py for tasks to queue
[2026-03-04T08:46:42.740+0000] {logging_mixin.py:188} INFO - [2026-03-04T08:46:42.740+0000] {dagbag.py:545} INFO - Filling up the DagBag from /home/airflow/.local/lib/python3.12/site-packages/airflow/example_dags/example_external_task_marker_dag.py
[2026-03-04T08:46:42.742+0000] {processor.py:840} INFO - DAG(s) 'example_external_task_marker_child', 'example_external_task_marker_parent' retrieved from /home/airflow/.local/lib/python3.12/site-packages/airflow/example_dags/example_external_task_marker_dag.py
[2026-03-04T08:46:42.753+0000] {logging_mixin.py:188} INFO - [2026-03-04T08:46:42.753+0000] {dag.py:3089} INFO - Sync 2 DAGs
[2026-03-04T08:46:42.758+0000] {logging_mixin.py:188} INFO - [2026-03-04T08:46:42.758+0000] {dag.py:3947} INFO - Setting next_dagrun for example_external_task_marker_child to None, run_after=None
[2026-03-04T08:46:42.760+0000] {logging_mixin.py:188} INFO - [2026-03-04T08:46:42.760+0000] {dag.py:3947} INFO - Setting next_dagrun for example_external_task_marker_parent to None, run_after=None
[2026-03-04T08:46:42.768+0000] {processor.py:183} INFO - Processing /home/airflow/.local/lib/python3.12/site-packages/airflow/example_dags/example_external_task_marker_dag.py took 0.033 seconds
[2026-03-04T08:47:13.182+0000] {processor.py:161} INFO - Started process (PID=12984) to work on /home/airflow/.local/lib/python3.12/site-packages/airflow/example_dags/example_external_task_marker_dag.py
[2026-03-04T08:47:13.183+0000] {processor.py:830} INFO - Processing file /home/airflow/.local/lib/python3.12/site-packages/airflow/example_dags/example_external_task_marker_dag.py for tasks to queue
[2026-03-04T08:47:13.184+0000] {logging_mixin.py:188} INFO - [2026-03-04T08:47:13.183+0000] {dagbag.py:545} INFO - Filling up the DagBag from /home/airflow/.local/lib/python3.12/site-packages/airflow/example_dags/example_external_task_marker_dag.py
[2026-03-04T08:47:13.186+0000] {processor.py:840} INFO - DAG(s) 'example_external_task_marker_child', 'example_external_task_marker_parent' retrieved from /home/airflow/.local/lib/python3.12/site-packages/airflow/example_dags/example_external_task_marker_dag.py
[2026-03-04T08:47:13.197+0000] {logging_mixin.py:188} INFO - [2026-03-04T08:47:13.197+0000] {dag.py:3089} INFO - Sync 2 DAGs
[2026-03-04T08:47:13.202+0000] {logging_mixin.py:188} INFO - [2026-03-04T08:47:13.202+0000] {dag.py:3947} INFO - Setting next_dagrun for example_external_task_marker_child to None, run_after=None
[2026-03-04T08:47:13.204+0000] {logging_mixin.py:188} INFO - [2026-03-04T08:47:13.204+0000] {dag.py:3947} INFO - Setting next_dagrun for example_external_task_marker_parent to None, run_after=None
[2026-03-04T08:47:13.212+0000] {processor.py:183} INFO - Processing /home/airflow/.local/lib/python3.12/site-packages/airflow/example_dags/example_external_task_marker_dag.py took 0.033 seconds
[2026-03-04T08:47:43.719+0000] {processor.py:161} INFO - Started process (PID=13246) to work on /home/airflow/.local/lib/python3.12/site-packages/airflow/example_dags/example_external_task_marker_dag.py
[2026-03-04T08:47:43.719+0000] {processor.py:830} INFO - Processing file /home/airflow/.local/lib/python3.12/site-packages/airflow/example_dags/example_external_task_marker_dag.py for tasks to queue
[2026-03-04T08:47:43.720+0000] {logging_mixin.py:188} INFO - [2026-03-04T08:47:43.720+0000] {dagbag.py:545} INFO - Filling up the DagBag from /home/airflow/.local/lib/python3.12/site-packages/airflow/example_dags/example_external_task_marker_dag.py
[2026-03-04T08:47:43.722+0000] {processor.py:840} INFO - DAG(s) 'example_external_task_marker_parent', 'example_external_task_marker_child' retrieved from /home/airflow/.local/lib/python3.12/site-packages/airflow/example_dags/example_external_task_marker_dag.py
[2026-03-04T08:47:43.732+0000] {logging_mixin.py:188} INFO - [2026-03-04T08:47:43.732+0000] {dag.py:3089} INFO - Sync 2 DAGs
[2026-03-04T08:47:43.736+0000] {logging_mixin.py:188} INFO - [2026-03-04T08:47:43.736+0000] {dag.py:3947} INFO - Setting next_dagrun for example_external_task_marker_child to None, run_after=None
[2026-03-04T08:47:43.739+0000] {logging_mixin.py:188} INFO - [2026-03-04T08:47:43.739+0000] {dag.py:3947} INFO - Setting next_dagrun for example_external_task_marker_parent to None, run_after=None
[2026-03-04T08:47:43.748+0000] {processor.py:183} INFO - Processing /home/airflow/.local/lib/python3.12/site-packages/airflow/example_dags/example_external_task_marker_dag.py took 0.032 seconds
[2026-03-04T08:48:14.258+0000] {processor.py:161} INFO - Started process (PID=13508) to work on /home/airflow/.local/lib/python3.12/site-packages/airflow/example_dags/example_external_task_marker_dag.py
[2026-03-04T08:48:14.259+0000] {processor.py:830} INFO - Processing file /home/airflow/.local/lib/python3.12/site-packages/airflow/example_dags/example_external_task_marker_dag.py for tasks to queue
[2026-03-04T08:48:14.260+0000] {logging_mixin.py:188} INFO - [2026-03-04T08:48:14.259+0000] {dagbag.py:545} INFO - Filling up the DagBag from /home/airflow/.local/lib/python3.12/site-packages/airflow/example_dags/example_external_task_marker_dag.py
[2026-03-04T08:48:14.263+0000] {processor.py:840} INFO - DAG(s) 'example_external_task_marker_child', 'example_external_task_marker_parent' retrieved from /home/airflow/.local/lib/python3.12/site-packages/airflow/example_dags/example_external_task_marker_dag.py
[2026-03-04T08:48:14.274+0000] {logging_mixin.py:188} INFO - [2026-03-04T08:48:14.274+0000] {dag.py:3089} INFO - Sync 2 DAGs
[2026-03-04T08:48:14.281+0000] {logging_mixin.py:188} INFO - [2026-03-04T08:48:14.281+0000] {dag.py:3947} INFO - Setting next_dagrun for example_external_task_marker_child to None, run_after=None
[2026-03-04T08:48:14.282+0000] {logging_mixin.py:188} INFO - [2026-03-04T08:48:14.282+0000] {dag.py:3947} INFO - Setting next_dagrun for example_external_task_marker_parent to None, run_after=None
[2026-03-04T08:48:14.292+0000] {processor.py:183} INFO - Processing /home/airflow/.local/lib/python3.12/site-packages/airflow/example_dags/example_external_task_marker_dag.py took 0.037 seconds
[2026-03-04T08:48:44.812+0000] {processor.py:161} INFO - Started process (PID=13770) to work on /home/airflow/.local/lib/python3.12/site-packages/airflow/example_dags/example_external_task_marker_dag.py
[2026-03-04T08:48:44.813+0000] {processor.py:830} INFO - Processing file /home/airflow/.local/lib/python3.12/site-packages/airflow/example_dags/example_external_task_marker_dag.py for tasks to queue
[2026-03-04T08:48:44.814+0000] {logging_mixin.py:188} INFO - [2026-03-04T08:48:44.814+0000] {dagbag.py:545} INFO - Filling up the DagBag from /home/airflow/.local/lib/python3.12/site-packages/airflow/example_dags/example_external_task_marker_dag.py
[2026-03-04T08:48:44.818+0000] {processor.py:840} INFO - DAG(s) 'example_external_task_marker_child', 'example_external_task_marker_parent' retrieved from /home/airflow/.local/lib/python3.12/site-packages/airflow/example_dags/example_external_task_marker_dag.py
[2026-03-04T08:48:44.833+0000] {logging_mixin.py:188} INFO - [2026-03-04T08:48:44.833+0000] {dag.py:3089} INFO - Sync 2 DAGs
[2026-03-04T08:48:44.838+0000] {logging_mixin.py:188} INFO - [2026-03-04T08:48:44.838+0000] {dag.py:3947} INFO - Setting next_dagrun for example_external_task_marker_child to None, run_after=None
[2026-03-04T08:48:44.841+0000] {logging_mixin.py:188} INFO - [2026-03-04T08:48:44.841+0000] {dag.py:3947} INFO - Setting next_dagrun for example_external_task_marker_parent to None, run_after=None
[2026-03-04T08:48:44.850+0000] {processor.py:183} INFO - Processing /home/airflow/.local/lib/python3.12/site-packages/airflow/example_dags/example_external_task_marker_dag.py took 0.039 seconds
[2026-03-04T08:49:15.398+0000] {processor.py:161} INFO - Started process (PID=14032) to work on /home/airflow/.local/lib/python3.12/site-packages/airflow/example_dags/example_external_task_marker_dag.py
[2026-03-04T08:49:15.400+0000] {processor.py:830} INFO - Processing file /home/airflow/.local/lib/python3.12/site-packages/airflow/example_dags/example_external_task_marker_dag.py for tasks to queue
[2026-03-04T08:49:15.401+0000] {logging_mixin.py:188} INFO - [2026-03-04T08:49:15.400+0000] {dagbag.py:545} INFO - Filling up the DagBag from /home/airflow/.local/lib/python3.12/site-packages/airflow/example_dags/example_external_task_marker_dag.py
[2026-03-04T08:49:15.403+0000] {processor.py:840} INFO - DAG(s) 'example_external_task_marker_parent', 'example_external_task_marker_child' retrieved from /home/airflow/.local/lib/python3.12/site-packages/airflow/example_dags/example_external_task_marker_dag.py
[2026-03-04T08:49:15.414+0000] {logging_mixin.py:188} INFO - [2026-03-04T08:49:15.414+0000] {dag.py:3089} INFO - Sync 2 DAGs
[2026-03-04T08:49:15.418+0000] {logging_mixin.py:188} INFO - [2026-03-04T08:49:15.418+0000] {dag.py:3947} INFO - Setting next_dagrun for example_external_task_marker_child to None, run_after=None
[2026-03-04T08:49:15.420+0000] {logging_mixin.py:188} INFO - [2026-03-04T08:49:15.420+0000] {dag.py:3947} INFO - Setting next_dagrun for example_external_task_marker_parent to None, run_after=None
[2026-03-04T08:49:15.427+0000] {processor.py:183} INFO - Processing /home/airflow/.local/lib/python3.12/site-packages/airflow/example_dags/example_external_task_marker_dag.py took 0.031 seconds
[2026-03-04T08:49:45.981+0000] {processor.py:161} INFO - Started process (PID=14294) to work on /home/airflow/.local/lib/python3.12/site-packages/airflow/example_dags/example_external_task_marker_dag.py
[2026-03-04T08:49:45.982+0000] {processor.py:830} INFO - Processing file /home/airflow/.local/lib/python3.12/site-packages/airflow/example_dags/example_external_task_marker_dag.py for tasks to queue
[2026-03-04T08:49:45.983+0000] {logging_mixin.py:188} INFO - [2026-03-04T08:49:45.983+0000] {dagbag.py:545} INFO - Filling up the DagBag from /home/airflow/.local/lib/python3.12/site-packages/airflow/example_dags/example_external_task_marker_dag.py
[2026-03-04T08:49:45.985+0000] {processor.py:840} INFO - DAG(s) 'example_external_task_marker_child', 'example_external_task_marker_parent' retrieved from /home/airflow/.local/lib/python3.12/site-packages/airflow/example_dags/example_external_task_marker_dag.py
[2026-03-04T08:49:45.996+0000] {logging_mixin.py:188} INFO - [2026-03-04T08:49:45.996+0000] {dag.py:3089} INFO - Sync 2 DAGs
[2026-03-04T08:49:46.002+0000] {logging_mixin.py:188} INFO - [2026-03-04T08:49:46.002+0000] {dag.py:3947} INFO - Setting next_dagrun for example_external_task_marker_child to None, run_after=None
[2026-03-04T08:49:46.004+0000] {logging_mixin.py:188} INFO - [2026-03-04T08:49:46.004+0000] {dag.py:3947} INFO - Setting next_dagrun for example_external_task_marker_parent to None, run_after=None
[2026-03-04T08:49:46.013+0000] {processor.py:183} INFO - Processing /home/airflow/.local/lib/python3.12/site-packages/airflow/example_dags/example_external_task_marker_dag.py took 0.034 seconds
[2026-03-04T08:50:16.482+0000] {processor.py:161} INFO - Started process (PID=14556) to work on /home/airflow/.local/lib/python3.12/site-packages/airflow/example_dags/example_external_task_marker_dag.py
[2026-03-04T08:50:16.483+0000] {processor.py:830} INFO - Processing file /home/airflow/.local/lib/python3.12/site-packages/airflow/example_dags/example_external_task_marker_dag.py for tasks to queue
[2026-03-04T08:50:16.484+0000] {logging_mixin.py:188} INFO - [2026-03-04T08:50:16.484+0000] {dagbag.py:545} INFO - Filling up the DagBag from /home/airflow/.local/lib/python3.12/site-packages/airflow/example_dags/example_external_task_marker_dag.py
[2026-03-04T08:50:16.486+0000] {processor.py:840} INFO - DAG(s) 'example_external_task_marker_child', 'example_external_task_marker_parent' retrieved from /home/airflow/.local/lib/python3.12/site-packages/airflow/example_dags/example_external_task_marker_dag.py
[2026-03-04T08:50:16.495+0000] {logging_mixin.py:188} INFO - [2026-03-04T08:50:16.495+0000] {dag.py:3089} INFO - Sync 2 DAGs
[2026-03-04T08:50:16.501+0000] {logging_mixin.py:188} INFO - [2026-03-04T08:50:16.501+0000] {dag.py:3947} INFO - Setting next_dagrun for example_external_task_marker_child to None, run_after=None
[2026-03-04T08:50:16.503+0000] {logging_mixin.py:188} INFO - [2026-03-04T08:50:16.503+0000] {dag.py:3947} INFO - Setting next_dagrun for example_external_task_marker_parent to None, run_after=None
[2026-03-04T08:50:16.513+0000] {processor.py:183} INFO - Processing /home/airflow/.local/lib/python3.12/site-packages/airflow/example_dags/example_external_task_marker_dag.py took 0.033 seconds
[2026-03-04T08:50:47.062+0000] {processor.py:161} INFO - Started process (PID=14818) to work on /home/airflow/.local/lib/python3.12/site-packages/airflow/example_dags/example_external_task_marker_dag.py
[2026-03-04T08:50:47.063+0000] {processor.py:830} INFO - Processing file /home/airflow/.local/lib/python3.12/site-packages/airflow/example_dags/example_external_task_marker_dag.py for tasks to queue
[2026-03-04T08:50:47.064+0000] {logging_mixin.py:188} INFO - [2026-03-04T08:50:47.064+0000] {dagbag.py:545} INFO - Filling up the DagBag from /home/airflow/.local/lib/python3.12/site-packages/airflow/example_dags/example_external_task_marker_dag.py
[2026-03-04T08:50:47.066+0000] {processor.py:840} INFO - DAG(s) 'example_external_task_marker_child', 'example_external_task_marker_parent' retrieved from /home/airflow/.local/lib/python3.12/site-packages/airflow/example_dags/example_external_task_marker_dag.py
[2026-03-04T08:50:47.077+0000] {logging_mixin.py:188} INFO - [2026-03-04T08:50:47.077+0000] {dag.py:3089} INFO - Sync 2 DAGs
[2026-03-04T08:50:47.082+0000] {logging_mixin.py:188} INFO - [2026-03-04T08:50:47.082+0000] {dag.py:3947} INFO - Setting next_dagrun for example_external_task_marker_child to None, run_after=None
[2026-03-04T08:50:47.083+0000] {logging_mixin.py:188} INFO - [2026-03-04T08:50:47.083+0000] {dag.py:3947} INFO - Setting next_dagrun for example_external_task_marker_parent to None, run_after=None
[2026-03-04T08:50:47.088+0000] {processor.py:183} INFO - Processing /home/airflow/.local/lib/python3.12/site-packages/airflow/example_dags/example_external_task_marker_dag.py took 0.028 seconds
