[2026-03-04T07:57:51.593+0000] {processor.py:161} INFO - Started process (PID=412) to work on /home/airflow/.local/lib/python3.12/site-packages/airflow/example_dags/example_task_group_decorator.py
[2026-03-04T07:57:51.594+0000] {processor.py:830} INFO - Processing file /home/airflow/.local/lib/python3.12/site-packages/airflow/example_dags/example_task_group_decorator.py for tasks to queue
[2026-03-04T07:57:51.594+0000] {logging_mixin.py:188} INFO - [2026-03-04T07:57:51.594+0000] {dagbag.py:545} INFO - Filling up the DagBag from /home/airflow/.local/lib/python3.12/site-packages/airflow/example_dags/example_task_group_decorator.py
[2026-03-04T07:57:51.601+0000] {processor.py:840} INFO - DAG(s) 'example_task_group_decorator' retrieved from /home/airflow/.local/lib/python3.12/site-packages/airflow/example_dags/example_task_group_decorator.py
[2026-03-04T07:57:51.652+0000] {logging_mixin.py:188} INFO - [2026-03-04T07:57:51.652+0000] {override.py:1858} INFO - Created Permission View: can delete on DAG:example_task_group_decorator
[2026-03-04T07:57:51.658+0000] {logging_mixin.py:188} INFO - [2026-03-04T07:57:51.657+0000] {override.py:1858} INFO - Created Permission View: can read on DAG:example_task_group_decorator
[2026-03-04T07:57:51.659+0000] {logging_mixin.py:188} INFO - [2026-03-04T07:57:51.659+0000] {override.py:1858} INFO - Created Permission View: can edit on DAG:example_task_group_decorator
[2026-03-04T07:57:51.659+0000] {logging_mixin.py:188} INFO - [2026-03-04T07:57:51.659+0000] {dag.py:3089} INFO - Sync 1 DAGs
[2026-03-04T07:57:51.663+0000] {logging_mixin.py:188} INFO - [2026-03-04T07:57:51.663+0000] {dag.py:3111} INFO - Creating ORM DAG for example_task_group_decorator
[2026-03-04T07:57:51.666+0000] {logging_mixin.py:188} INFO - [2026-03-04T07:57:51.666+0000] {dag.py:3947} INFO - Setting next_dagrun for example_task_group_decorator to 2026-03-03 00:00:00+00:00, run_after=2026-03-04 00:00:00+00:00
[2026-03-04T07:57:51.674+0000] {processor.py:183} INFO - Processing /home/airflow/.local/lib/python3.12/site-packages/airflow/example_dags/example_task_group_decorator.py took 0.084 seconds
[2026-03-04T07:58:22.143+0000] {processor.py:161} INFO - Started process (PID=674) to work on /home/airflow/.local/lib/python3.12/site-packages/airflow/example_dags/example_task_group_decorator.py
[2026-03-04T07:58:22.144+0000] {processor.py:830} INFO - Processing file /home/airflow/.local/lib/python3.12/site-packages/airflow/example_dags/example_task_group_decorator.py for tasks to queue
[2026-03-04T07:58:22.145+0000] {logging_mixin.py:188} INFO - [2026-03-04T07:58:22.145+0000] {dagbag.py:545} INFO - Filling up the DagBag from /home/airflow/.local/lib/python3.12/site-packages/airflow/example_dags/example_task_group_decorator.py
[2026-03-04T07:58:22.152+0000] {processor.py:840} INFO - DAG(s) 'example_task_group_decorator' retrieved from /home/airflow/.local/lib/python3.12/site-packages/airflow/example_dags/example_task_group_decorator.py
[2026-03-04T07:58:22.163+0000] {logging_mixin.py:188} INFO - [2026-03-04T07:58:22.163+0000] {dag.py:3089} INFO - Sync 1 DAGs
[2026-03-04T07:58:22.170+0000] {logging_mixin.py:188} INFO - [2026-03-04T07:58:22.170+0000] {dag.py:3947} INFO - Setting next_dagrun for example_task_group_decorator to 2026-03-03 00:00:00+00:00, run_after=2026-03-04 00:00:00+00:00
[2026-03-04T07:58:22.177+0000] {processor.py:183} INFO - Processing /home/airflow/.local/lib/python3.12/site-packages/airflow/example_dags/example_task_group_decorator.py took 0.037 seconds
[2026-03-04T07:58:52.688+0000] {processor.py:161} INFO - Started process (PID=936) to work on /home/airflow/.local/lib/python3.12/site-packages/airflow/example_dags/example_task_group_decorator.py
[2026-03-04T07:58:52.688+0000] {processor.py:830} INFO - Processing file /home/airflow/.local/lib/python3.12/site-packages/airflow/example_dags/example_task_group_decorator.py for tasks to queue
[2026-03-04T07:58:52.689+0000] {logging_mixin.py:188} INFO - [2026-03-04T07:58:52.689+0000] {dagbag.py:545} INFO - Filling up the DagBag from /home/airflow/.local/lib/python3.12/site-packages/airflow/example_dags/example_task_group_decorator.py
[2026-03-04T07:58:52.694+0000] {processor.py:840} INFO - DAG(s) 'example_task_group_decorator' retrieved from /home/airflow/.local/lib/python3.12/site-packages/airflow/example_dags/example_task_group_decorator.py
[2026-03-04T07:58:52.706+0000] {logging_mixin.py:188} INFO - [2026-03-04T07:58:52.706+0000] {dag.py:3089} INFO - Sync 1 DAGs
[2026-03-04T07:58:52.713+0000] {logging_mixin.py:188} INFO - [2026-03-04T07:58:52.713+0000] {dag.py:3947} INFO - Setting next_dagrun for example_task_group_decorator to 2026-03-03 00:00:00+00:00, run_after=2026-03-04 00:00:00+00:00
[2026-03-04T07:58:52.721+0000] {processor.py:183} INFO - Processing /home/airflow/.local/lib/python3.12/site-packages/airflow/example_dags/example_task_group_decorator.py took 0.035 seconds
[2026-03-04T07:59:23.216+0000] {processor.py:161} INFO - Started process (PID=1198) to work on /home/airflow/.local/lib/python3.12/site-packages/airflow/example_dags/example_task_group_decorator.py
[2026-03-04T07:59:23.216+0000] {processor.py:830} INFO - Processing file /home/airflow/.local/lib/python3.12/site-packages/airflow/example_dags/example_task_group_decorator.py for tasks to queue
[2026-03-04T07:59:23.217+0000] {logging_mixin.py:188} INFO - [2026-03-04T07:59:23.217+0000] {dagbag.py:545} INFO - Filling up the DagBag from /home/airflow/.local/lib/python3.12/site-packages/airflow/example_dags/example_task_group_decorator.py
[2026-03-04T07:59:23.223+0000] {processor.py:840} INFO - DAG(s) 'example_task_group_decorator' retrieved from /home/airflow/.local/lib/python3.12/site-packages/airflow/example_dags/example_task_group_decorator.py
[2026-03-04T07:59:23.233+0000] {logging_mixin.py:188} INFO - [2026-03-04T07:59:23.233+0000] {dag.py:3089} INFO - Sync 1 DAGs
[2026-03-04T07:59:23.240+0000] {logging_mixin.py:188} INFO - [2026-03-04T07:59:23.240+0000] {dag.py:3947} INFO - Setting next_dagrun for example_task_group_decorator to 2026-03-03 00:00:00+00:00, run_after=2026-03-04 00:00:00+00:00
[2026-03-04T07:59:23.245+0000] {processor.py:183} INFO - Processing /home/airflow/.local/lib/python3.12/site-packages/airflow/example_dags/example_task_group_decorator.py took 0.031 seconds
[2026-03-04T07:59:53.902+0000] {processor.py:161} INFO - Started process (PID=1460) to work on /home/airflow/.local/lib/python3.12/site-packages/airflow/example_dags/example_task_group_decorator.py
[2026-03-04T07:59:53.903+0000] {processor.py:830} INFO - Processing file /home/airflow/.local/lib/python3.12/site-packages/airflow/example_dags/example_task_group_decorator.py for tasks to queue
[2026-03-04T07:59:53.905+0000] {logging_mixin.py:188} INFO - [2026-03-04T07:59:53.905+0000] {dagbag.py:545} INFO - Filling up the DagBag from /home/airflow/.local/lib/python3.12/site-packages/airflow/example_dags/example_task_group_decorator.py
[2026-03-04T07:59:53.913+0000] {processor.py:840} INFO - DAG(s) 'example_task_group_decorator' retrieved from /home/airflow/.local/lib/python3.12/site-packages/airflow/example_dags/example_task_group_decorator.py
[2026-03-04T07:59:53.924+0000] {logging_mixin.py:188} INFO - [2026-03-04T07:59:53.924+0000] {dag.py:3089} INFO - Sync 1 DAGs
[2026-03-04T07:59:53.932+0000] {logging_mixin.py:188} INFO - [2026-03-04T07:59:53.931+0000] {dag.py:3947} INFO - Setting next_dagrun for example_task_group_decorator to 2026-03-03 00:00:00+00:00, run_after=2026-03-04 00:00:00+00:00
[2026-03-04T07:59:53.938+0000] {processor.py:183} INFO - Processing /home/airflow/.local/lib/python3.12/site-packages/airflow/example_dags/example_task_group_decorator.py took 0.038 seconds
[2026-03-04T08:00:24.528+0000] {processor.py:161} INFO - Started process (PID=1724) to work on /home/airflow/.local/lib/python3.12/site-packages/airflow/example_dags/example_task_group_decorator.py
[2026-03-04T08:00:24.529+0000] {processor.py:830} INFO - Processing file /home/airflow/.local/lib/python3.12/site-packages/airflow/example_dags/example_task_group_decorator.py for tasks to queue
[2026-03-04T08:00:24.529+0000] {logging_mixin.py:188} INFO - [2026-03-04T08:00:24.529+0000] {dagbag.py:545} INFO - Filling up the DagBag from /home/airflow/.local/lib/python3.12/site-packages/airflow/example_dags/example_task_group_decorator.py
[2026-03-04T08:00:24.534+0000] {processor.py:840} INFO - DAG(s) 'example_task_group_decorator' retrieved from /home/airflow/.local/lib/python3.12/site-packages/airflow/example_dags/example_task_group_decorator.py
[2026-03-04T08:00:24.542+0000] {logging_mixin.py:188} INFO - [2026-03-04T08:00:24.542+0000] {dag.py:3089} INFO - Sync 1 DAGs
[2026-03-04T08:00:24.548+0000] {logging_mixin.py:188} INFO - [2026-03-04T08:00:24.548+0000] {dag.py:3947} INFO - Setting next_dagrun for example_task_group_decorator to 2026-03-03 00:00:00+00:00, run_after=2026-03-04 00:00:00+00:00
[2026-03-04T08:00:24.553+0000] {processor.py:183} INFO - Processing /home/airflow/.local/lib/python3.12/site-packages/airflow/example_dags/example_task_group_decorator.py took 0.026 seconds
[2026-03-04T08:00:55.204+0000] {processor.py:161} INFO - Started process (PID=1984) to work on /home/airflow/.local/lib/python3.12/site-packages/airflow/example_dags/example_task_group_decorator.py
[2026-03-04T08:00:55.205+0000] {processor.py:830} INFO - Processing file /home/airflow/.local/lib/python3.12/site-packages/airflow/example_dags/example_task_group_decorator.py for tasks to queue
[2026-03-04T08:00:55.205+0000] {logging_mixin.py:188} INFO - [2026-03-04T08:00:55.205+0000] {dagbag.py:545} INFO - Filling up the DagBag from /home/airflow/.local/lib/python3.12/site-packages/airflow/example_dags/example_task_group_decorator.py
[2026-03-04T08:00:55.212+0000] {processor.py:840} INFO - DAG(s) 'example_task_group_decorator' retrieved from /home/airflow/.local/lib/python3.12/site-packages/airflow/example_dags/example_task_group_decorator.py
[2026-03-04T08:00:55.221+0000] {logging_mixin.py:188} INFO - [2026-03-04T08:00:55.221+0000] {dag.py:3089} INFO - Sync 1 DAGs
[2026-03-04T08:00:55.229+0000] {logging_mixin.py:188} INFO - [2026-03-04T08:00:55.229+0000] {dag.py:3947} INFO - Setting next_dagrun for example_task_group_decorator to 2026-03-03 00:00:00+00:00, run_after=2026-03-04 00:00:00+00:00
[2026-03-04T08:00:55.238+0000] {processor.py:183} INFO - Processing /home/airflow/.local/lib/python3.12/site-packages/airflow/example_dags/example_task_group_decorator.py took 0.037 seconds
[2026-03-04T08:01:25.701+0000] {processor.py:161} INFO - Started process (PID=2246) to work on /home/airflow/.local/lib/python3.12/site-packages/airflow/example_dags/example_task_group_decorator.py
[2026-03-04T08:01:25.702+0000] {processor.py:830} INFO - Processing file /home/airflow/.local/lib/python3.12/site-packages/airflow/example_dags/example_task_group_decorator.py for tasks to queue
[2026-03-04T08:01:25.702+0000] {logging_mixin.py:188} INFO - [2026-03-04T08:01:25.702+0000] {dagbag.py:545} INFO - Filling up the DagBag from /home/airflow/.local/lib/python3.12/site-packages/airflow/example_dags/example_task_group_decorator.py
[2026-03-04T08:01:25.709+0000] {processor.py:840} INFO - DAG(s) 'example_task_group_decorator' retrieved from /home/airflow/.local/lib/python3.12/site-packages/airflow/example_dags/example_task_group_decorator.py
[2026-03-04T08:01:25.723+0000] {logging_mixin.py:188} INFO - [2026-03-04T08:01:25.723+0000] {dag.py:3089} INFO - Sync 1 DAGs
[2026-03-04T08:01:25.732+0000] {logging_mixin.py:188} INFO - [2026-03-04T08:01:25.732+0000] {dag.py:3947} INFO - Setting next_dagrun for example_task_group_decorator to 2026-03-03 00:00:00+00:00, run_after=2026-03-04 00:00:00+00:00
[2026-03-04T08:01:25.738+0000] {processor.py:183} INFO - Processing /home/airflow/.local/lib/python3.12/site-packages/airflow/example_dags/example_task_group_decorator.py took 0.039 seconds
[2026-03-04T08:01:56.283+0000] {processor.py:161} INFO - Started process (PID=2508) to work on /home/airflow/.local/lib/python3.12/site-packages/airflow/example_dags/example_task_group_decorator.py
[2026-03-04T08:01:56.283+0000] {processor.py:830} INFO - Processing file /home/airflow/.local/lib/python3.12/site-packages/airflow/example_dags/example_task_group_decorator.py for tasks to queue
[2026-03-04T08:01:56.284+0000] {logging_mixin.py:188} INFO - [2026-03-04T08:01:56.284+0000] {dagbag.py:545} INFO - Filling up the DagBag from /home/airflow/.local/lib/python3.12/site-packages/airflow/example_dags/example_task_group_decorator.py
[2026-03-04T08:01:56.292+0000] {processor.py:840} INFO - DAG(s) 'example_task_group_decorator' retrieved from /home/airflow/.local/lib/python3.12/site-packages/airflow/example_dags/example_task_group_decorator.py
[2026-03-04T08:01:56.302+0000] {logging_mixin.py:188} INFO - [2026-03-04T08:01:56.302+0000] {dag.py:3089} INFO - Sync 1 DAGs
[2026-03-04T08:01:56.311+0000] {logging_mixin.py:188} INFO - [2026-03-04T08:01:56.311+0000] {dag.py:3947} INFO - Setting next_dagrun for example_task_group_decorator to 2026-03-03 00:00:00+00:00, run_after=2026-03-04 00:00:00+00:00
[2026-03-04T08:01:56.317+0000] {processor.py:183} INFO - Processing /home/airflow/.local/lib/python3.12/site-packages/airflow/example_dags/example_task_group_decorator.py took 0.037 seconds
[2026-03-04T08:02:26.810+0000] {processor.py:161} INFO - Started process (PID=2772) to work on /home/airflow/.local/lib/python3.12/site-packages/airflow/example_dags/example_task_group_decorator.py
[2026-03-04T08:02:26.810+0000] {processor.py:830} INFO - Processing file /home/airflow/.local/lib/python3.12/site-packages/airflow/example_dags/example_task_group_decorator.py for tasks to queue
[2026-03-04T08:02:26.811+0000] {logging_mixin.py:188} INFO - [2026-03-04T08:02:26.811+0000] {dagbag.py:545} INFO - Filling up the DagBag from /home/airflow/.local/lib/python3.12/site-packages/airflow/example_dags/example_task_group_decorator.py
[2026-03-04T08:02:26.815+0000] {processor.py:840} INFO - DAG(s) 'example_task_group_decorator' retrieved from /home/airflow/.local/lib/python3.12/site-packages/airflow/example_dags/example_task_group_decorator.py
[2026-03-04T08:02:26.823+0000] {logging_mixin.py:188} INFO - [2026-03-04T08:02:26.823+0000] {dag.py:3089} INFO - Sync 1 DAGs
[2026-03-04T08:02:26.829+0000] {logging_mixin.py:188} INFO - [2026-03-04T08:02:26.829+0000] {dag.py:3947} INFO - Setting next_dagrun for example_task_group_decorator to 2026-03-03 00:00:00+00:00, run_after=2026-03-04 00:00:00+00:00
[2026-03-04T08:02:26.834+0000] {processor.py:183} INFO - Processing /home/airflow/.local/lib/python3.12/site-packages/airflow/example_dags/example_task_group_decorator.py took 0.027 seconds
[2026-03-04T08:02:57.360+0000] {processor.py:161} INFO - Started process (PID=3032) to work on /home/airflow/.local/lib/python3.12/site-packages/airflow/example_dags/example_task_group_decorator.py
[2026-03-04T08:02:57.362+0000] {processor.py:830} INFO - Processing file /home/airflow/.local/lib/python3.12/site-packages/airflow/example_dags/example_task_group_decorator.py for tasks to queue
[2026-03-04T08:02:57.363+0000] {logging_mixin.py:188} INFO - [2026-03-04T08:02:57.363+0000] {dagbag.py:545} INFO - Filling up the DagBag from /home/airflow/.local/lib/python3.12/site-packages/airflow/example_dags/example_task_group_decorator.py
[2026-03-04T08:02:57.367+0000] {processor.py:840} INFO - DAG(s) 'example_task_group_decorator' retrieved from /home/airflow/.local/lib/python3.12/site-packages/airflow/example_dags/example_task_group_decorator.py
[2026-03-04T08:02:57.382+0000] {logging_mixin.py:188} INFO - [2026-03-04T08:02:57.382+0000] {dag.py:3089} INFO - Sync 1 DAGs
[2026-03-04T08:02:57.389+0000] {logging_mixin.py:188} INFO - [2026-03-04T08:02:57.389+0000] {dag.py:3947} INFO - Setting next_dagrun for example_task_group_decorator to 2026-03-03 00:00:00+00:00, run_after=2026-03-04 00:00:00+00:00
[2026-03-04T08:02:57.397+0000] {processor.py:183} INFO - Processing /home/airflow/.local/lib/python3.12/site-packages/airflow/example_dags/example_task_group_decorator.py took 0.039 seconds
[2026-03-04T08:03:27.944+0000] {processor.py:161} INFO - Started process (PID=3296) to work on /home/airflow/.local/lib/python3.12/site-packages/airflow/example_dags/example_task_group_decorator.py
[2026-03-04T08:03:27.944+0000] {processor.py:830} INFO - Processing file /home/airflow/.local/lib/python3.12/site-packages/airflow/example_dags/example_task_group_decorator.py for tasks to queue
[2026-03-04T08:03:27.945+0000] {logging_mixin.py:188} INFO - [2026-03-04T08:03:27.945+0000] {dagbag.py:545} INFO - Filling up the DagBag from /home/airflow/.local/lib/python3.12/site-packages/airflow/example_dags/example_task_group_decorator.py
[2026-03-04T08:03:27.951+0000] {processor.py:840} INFO - DAG(s) 'example_task_group_decorator' retrieved from /home/airflow/.local/lib/python3.12/site-packages/airflow/example_dags/example_task_group_decorator.py
[2026-03-04T08:03:27.963+0000] {logging_mixin.py:188} INFO - [2026-03-04T08:03:27.963+0000] {dag.py:3089} INFO - Sync 1 DAGs
[2026-03-04T08:03:27.971+0000] {logging_mixin.py:188} INFO - [2026-03-04T08:03:27.971+0000] {dag.py:3947} INFO - Setting next_dagrun for example_task_group_decorator to 2026-03-03 00:00:00+00:00, run_after=2026-03-04 00:00:00+00:00
[2026-03-04T08:03:27.980+0000] {processor.py:183} INFO - Processing /home/airflow/.local/lib/python3.12/site-packages/airflow/example_dags/example_task_group_decorator.py took 0.038 seconds
[2026-03-04T08:03:58.484+0000] {processor.py:161} INFO - Started process (PID=3556) to work on /home/airflow/.local/lib/python3.12/site-packages/airflow/example_dags/example_task_group_decorator.py
[2026-03-04T08:03:58.485+0000] {processor.py:830} INFO - Processing file /home/airflow/.local/lib/python3.12/site-packages/airflow/example_dags/example_task_group_decorator.py for tasks to queue
[2026-03-04T08:03:58.486+0000] {logging_mixin.py:188} INFO - [2026-03-04T08:03:58.486+0000] {dagbag.py:545} INFO - Filling up the DagBag from /home/airflow/.local/lib/python3.12/site-packages/airflow/example_dags/example_task_group_decorator.py
[2026-03-04T08:03:58.491+0000] {processor.py:840} INFO - DAG(s) 'example_task_group_decorator' retrieved from /home/airflow/.local/lib/python3.12/site-packages/airflow/example_dags/example_task_group_decorator.py
[2026-03-04T08:03:58.503+0000] {logging_mixin.py:188} INFO - [2026-03-04T08:03:58.503+0000] {dag.py:3089} INFO - Sync 1 DAGs
[2026-03-04T08:03:58.512+0000] {logging_mixin.py:188} INFO - [2026-03-04T08:03:58.512+0000] {dag.py:3947} INFO - Setting next_dagrun for example_task_group_decorator to 2026-03-03 00:00:00+00:00, run_after=2026-03-04 00:00:00+00:00
[2026-03-04T08:03:58.519+0000] {processor.py:183} INFO - Processing /home/airflow/.local/lib/python3.12/site-packages/airflow/example_dags/example_task_group_decorator.py took 0.039 seconds
[2026-03-04T08:04:29.107+0000] {processor.py:161} INFO - Started process (PID=3818) to work on /home/airflow/.local/lib/python3.12/site-packages/airflow/example_dags/example_task_group_decorator.py
[2026-03-04T08:04:29.108+0000] {processor.py:830} INFO - Processing file /home/airflow/.local/lib/python3.12/site-packages/airflow/example_dags/example_task_group_decorator.py for tasks to queue
[2026-03-04T08:04:29.109+0000] {logging_mixin.py:188} INFO - [2026-03-04T08:04:29.108+0000] {dagbag.py:545} INFO - Filling up the DagBag from /home/airflow/.local/lib/python3.12/site-packages/airflow/example_dags/example_task_group_decorator.py
[2026-03-04T08:04:29.113+0000] {processor.py:840} INFO - DAG(s) 'example_task_group_decorator' retrieved from /home/airflow/.local/lib/python3.12/site-packages/airflow/example_dags/example_task_group_decorator.py
[2026-03-04T08:04:29.127+0000] {logging_mixin.py:188} INFO - [2026-03-04T08:04:29.126+0000] {dag.py:3089} INFO - Sync 1 DAGs
[2026-03-04T08:04:29.134+0000] {logging_mixin.py:188} INFO - [2026-03-04T08:04:29.134+0000] {dag.py:3947} INFO - Setting next_dagrun for example_task_group_decorator to 2026-03-03 00:00:00+00:00, run_after=2026-03-04 00:00:00+00:00
[2026-03-04T08:04:29.142+0000] {processor.py:183} INFO - Processing /home/airflow/.local/lib/python3.12/site-packages/airflow/example_dags/example_task_group_decorator.py took 0.037 seconds
[2026-03-04T08:04:59.648+0000] {processor.py:161} INFO - Started process (PID=4080) to work on /home/airflow/.local/lib/python3.12/site-packages/airflow/example_dags/example_task_group_decorator.py
[2026-03-04T08:04:59.649+0000] {processor.py:830} INFO - Processing file /home/airflow/.local/lib/python3.12/site-packages/airflow/example_dags/example_task_group_decorator.py for tasks to queue
[2026-03-04T08:04:59.650+0000] {logging_mixin.py:188} INFO - [2026-03-04T08:04:59.650+0000] {dagbag.py:545} INFO - Filling up the DagBag from /home/airflow/.local/lib/python3.12/site-packages/airflow/example_dags/example_task_group_decorator.py
[2026-03-04T08:04:59.656+0000] {processor.py:840} INFO - DAG(s) 'example_task_group_decorator' retrieved from /home/airflow/.local/lib/python3.12/site-packages/airflow/example_dags/example_task_group_decorator.py
[2026-03-04T08:04:59.667+0000] {logging_mixin.py:188} INFO - [2026-03-04T08:04:59.667+0000] {dag.py:3089} INFO - Sync 1 DAGs
[2026-03-04T08:04:59.675+0000] {logging_mixin.py:188} INFO - [2026-03-04T08:04:59.675+0000] {dag.py:3947} INFO - Setting next_dagrun for example_task_group_decorator to 2026-03-03 00:00:00+00:00, run_after=2026-03-04 00:00:00+00:00
[2026-03-04T08:04:59.683+0000] {processor.py:183} INFO - Processing /home/airflow/.local/lib/python3.12/site-packages/airflow/example_dags/example_task_group_decorator.py took 0.037 seconds
[2026-03-04T08:05:30.309+0000] {processor.py:161} INFO - Started process (PID=4342) to work on /home/airflow/.local/lib/python3.12/site-packages/airflow/example_dags/example_task_group_decorator.py
[2026-03-04T08:05:30.310+0000] {processor.py:830} INFO - Processing file /home/airflow/.local/lib/python3.12/site-packages/airflow/example_dags/example_task_group_decorator.py for tasks to queue
[2026-03-04T08:05:30.311+0000] {logging_mixin.py:188} INFO - [2026-03-04T08:05:30.311+0000] {dagbag.py:545} INFO - Filling up the DagBag from /home/airflow/.local/lib/python3.12/site-packages/airflow/example_dags/example_task_group_decorator.py
[2026-03-04T08:05:30.316+0000] {processor.py:840} INFO - DAG(s) 'example_task_group_decorator' retrieved from /home/airflow/.local/lib/python3.12/site-packages/airflow/example_dags/example_task_group_decorator.py
[2026-03-04T08:05:30.325+0000] {logging_mixin.py:188} INFO - [2026-03-04T08:05:30.325+0000] {dag.py:3089} INFO - Sync 1 DAGs
[2026-03-04T08:05:30.332+0000] {logging_mixin.py:188} INFO - [2026-03-04T08:05:30.332+0000] {dag.py:3947} INFO - Setting next_dagrun for example_task_group_decorator to 2026-03-03 00:00:00+00:00, run_after=2026-03-04 00:00:00+00:00
[2026-03-04T08:05:30.338+0000] {processor.py:183} INFO - Processing /home/airflow/.local/lib/python3.12/site-packages/airflow/example_dags/example_task_group_decorator.py took 0.031 seconds
[2026-03-04T08:06:00.822+0000] {processor.py:161} INFO - Started process (PID=4604) to work on /home/airflow/.local/lib/python3.12/site-packages/airflow/example_dags/example_task_group_decorator.py
[2026-03-04T08:06:00.823+0000] {processor.py:830} INFO - Processing file /home/airflow/.local/lib/python3.12/site-packages/airflow/example_dags/example_task_group_decorator.py for tasks to queue
[2026-03-04T08:06:00.824+0000] {logging_mixin.py:188} INFO - [2026-03-04T08:06:00.823+0000] {dagbag.py:545} INFO - Filling up the DagBag from /home/airflow/.local/lib/python3.12/site-packages/airflow/example_dags/example_task_group_decorator.py
[2026-03-04T08:06:00.829+0000] {processor.py:840} INFO - DAG(s) 'example_task_group_decorator' retrieved from /home/airflow/.local/lib/python3.12/site-packages/airflow/example_dags/example_task_group_decorator.py
[2026-03-04T08:06:00.840+0000] {logging_mixin.py:188} INFO - [2026-03-04T08:06:00.840+0000] {dag.py:3089} INFO - Sync 1 DAGs
[2026-03-04T08:06:00.848+0000] {logging_mixin.py:188} INFO - [2026-03-04T08:06:00.848+0000] {dag.py:3947} INFO - Setting next_dagrun for example_task_group_decorator to 2026-03-03 00:00:00+00:00, run_after=2026-03-04 00:00:00+00:00
[2026-03-04T08:06:00.853+0000] {processor.py:183} INFO - Processing /home/airflow/.local/lib/python3.12/site-packages/airflow/example_dags/example_task_group_decorator.py took 0.033 seconds
[2026-03-04T08:06:31.385+0000] {processor.py:161} INFO - Started process (PID=4868) to work on /home/airflow/.local/lib/python3.12/site-packages/airflow/example_dags/example_task_group_decorator.py
[2026-03-04T08:06:31.386+0000] {processor.py:830} INFO - Processing file /home/airflow/.local/lib/python3.12/site-packages/airflow/example_dags/example_task_group_decorator.py for tasks to queue
[2026-03-04T08:06:31.386+0000] {logging_mixin.py:188} INFO - [2026-03-04T08:06:31.386+0000] {dagbag.py:545} INFO - Filling up the DagBag from /home/airflow/.local/lib/python3.12/site-packages/airflow/example_dags/example_task_group_decorator.py
[2026-03-04T08:06:31.391+0000] {processor.py:840} INFO - DAG(s) 'example_task_group_decorator' retrieved from /home/airflow/.local/lib/python3.12/site-packages/airflow/example_dags/example_task_group_decorator.py
[2026-03-04T08:06:31.403+0000] {logging_mixin.py:188} INFO - [2026-03-04T08:06:31.403+0000] {dag.py:3089} INFO - Sync 1 DAGs
[2026-03-04T08:06:31.410+0000] {logging_mixin.py:188} INFO - [2026-03-04T08:06:31.410+0000] {dag.py:3947} INFO - Setting next_dagrun for example_task_group_decorator to 2026-03-03 00:00:00+00:00, run_after=2026-03-04 00:00:00+00:00
[2026-03-04T08:06:31.419+0000] {processor.py:183} INFO - Processing /home/airflow/.local/lib/python3.12/site-packages/airflow/example_dags/example_task_group_decorator.py took 0.035 seconds
[2026-03-04T08:07:01.939+0000] {processor.py:161} INFO - Started process (PID=5129) to work on /home/airflow/.local/lib/python3.12/site-packages/airflow/example_dags/example_task_group_decorator.py
[2026-03-04T08:07:01.939+0000] {processor.py:830} INFO - Processing file /home/airflow/.local/lib/python3.12/site-packages/airflow/example_dags/example_task_group_decorator.py for tasks to queue
[2026-03-04T08:07:01.940+0000] {logging_mixin.py:188} INFO - [2026-03-04T08:07:01.940+0000] {dagbag.py:545} INFO - Filling up the DagBag from /home/airflow/.local/lib/python3.12/site-packages/airflow/example_dags/example_task_group_decorator.py
[2026-03-04T08:07:01.945+0000] {processor.py:840} INFO - DAG(s) 'example_task_group_decorator' retrieved from /home/airflow/.local/lib/python3.12/site-packages/airflow/example_dags/example_task_group_decorator.py
[2026-03-04T08:07:01.956+0000] {logging_mixin.py:188} INFO - [2026-03-04T08:07:01.956+0000] {dag.py:3089} INFO - Sync 1 DAGs
[2026-03-04T08:07:01.964+0000] {logging_mixin.py:188} INFO - [2026-03-04T08:07:01.964+0000] {dag.py:3947} INFO - Setting next_dagrun for example_task_group_decorator to 2026-03-03 00:00:00+00:00, run_after=2026-03-04 00:00:00+00:00
[2026-03-04T08:07:01.970+0000] {processor.py:183} INFO - Processing /home/airflow/.local/lib/python3.12/site-packages/airflow/example_dags/example_task_group_decorator.py took 0.033 seconds
[2026-03-04T08:07:32.443+0000] {processor.py:161} INFO - Started process (PID=5392) to work on /home/airflow/.local/lib/python3.12/site-packages/airflow/example_dags/example_task_group_decorator.py
[2026-03-04T08:07:32.444+0000] {processor.py:830} INFO - Processing file /home/airflow/.local/lib/python3.12/site-packages/airflow/example_dags/example_task_group_decorator.py for tasks to queue
[2026-03-04T08:07:32.444+0000] {logging_mixin.py:188} INFO - [2026-03-04T08:07:32.444+0000] {dagbag.py:545} INFO - Filling up the DagBag from /home/airflow/.local/lib/python3.12/site-packages/airflow/example_dags/example_task_group_decorator.py
[2026-03-04T08:07:32.448+0000] {processor.py:840} INFO - DAG(s) 'example_task_group_decorator' retrieved from /home/airflow/.local/lib/python3.12/site-packages/airflow/example_dags/example_task_group_decorator.py
[2026-03-04T08:07:32.456+0000] {logging_mixin.py:188} INFO - [2026-03-04T08:07:32.456+0000] {dag.py:3089} INFO - Sync 1 DAGs
[2026-03-04T08:07:32.463+0000] {logging_mixin.py:188} INFO - [2026-03-04T08:07:32.463+0000] {dag.py:3947} INFO - Setting next_dagrun for example_task_group_decorator to 2026-03-03 00:00:00+00:00, run_after=2026-03-04 00:00:00+00:00
[2026-03-04T08:07:32.468+0000] {processor.py:183} INFO - Processing /home/airflow/.local/lib/python3.12/site-packages/airflow/example_dags/example_task_group_decorator.py took 0.028 seconds
[2026-03-04T08:08:03.062+0000] {processor.py:161} INFO - Started process (PID=5652) to work on /home/airflow/.local/lib/python3.12/site-packages/airflow/example_dags/example_task_group_decorator.py
[2026-03-04T08:08:03.063+0000] {processor.py:830} INFO - Processing file /home/airflow/.local/lib/python3.12/site-packages/airflow/example_dags/example_task_group_decorator.py for tasks to queue
[2026-03-04T08:08:03.064+0000] {logging_mixin.py:188} INFO - [2026-03-04T08:08:03.064+0000] {dagbag.py:545} INFO - Filling up the DagBag from /home/airflow/.local/lib/python3.12/site-packages/airflow/example_dags/example_task_group_decorator.py
[2026-03-04T08:08:03.068+0000] {processor.py:840} INFO - DAG(s) 'example_task_group_decorator' retrieved from /home/airflow/.local/lib/python3.12/site-packages/airflow/example_dags/example_task_group_decorator.py
[2026-03-04T08:08:03.079+0000] {logging_mixin.py:188} INFO - [2026-03-04T08:08:03.078+0000] {dag.py:3089} INFO - Sync 1 DAGs
[2026-03-04T08:08:03.086+0000] {logging_mixin.py:188} INFO - [2026-03-04T08:08:03.086+0000] {dag.py:3947} INFO - Setting next_dagrun for example_task_group_decorator to 2026-03-03 00:00:00+00:00, run_after=2026-03-04 00:00:00+00:00
[2026-03-04T08:08:03.092+0000] {processor.py:183} INFO - Processing /home/airflow/.local/lib/python3.12/site-packages/airflow/example_dags/example_task_group_decorator.py took 0.031 seconds
[2026-03-04T08:08:33.694+0000] {processor.py:161} INFO - Started process (PID=5914) to work on /home/airflow/.local/lib/python3.12/site-packages/airflow/example_dags/example_task_group_decorator.py
[2026-03-04T08:08:33.694+0000] {processor.py:830} INFO - Processing file /home/airflow/.local/lib/python3.12/site-packages/airflow/example_dags/example_task_group_decorator.py for tasks to queue
[2026-03-04T08:08:33.696+0000] {logging_mixin.py:188} INFO - [2026-03-04T08:08:33.695+0000] {dagbag.py:545} INFO - Filling up the DagBag from /home/airflow/.local/lib/python3.12/site-packages/airflow/example_dags/example_task_group_decorator.py
[2026-03-04T08:08:33.700+0000] {processor.py:840} INFO - DAG(s) 'example_task_group_decorator' retrieved from /home/airflow/.local/lib/python3.12/site-packages/airflow/example_dags/example_task_group_decorator.py
[2026-03-04T08:08:33.711+0000] {logging_mixin.py:188} INFO - [2026-03-04T08:08:33.711+0000] {dag.py:3089} INFO - Sync 1 DAGs
[2026-03-04T08:08:33.718+0000] {logging_mixin.py:188} INFO - [2026-03-04T08:08:33.718+0000] {dag.py:3947} INFO - Setting next_dagrun for example_task_group_decorator to 2026-03-03 00:00:00+00:00, run_after=2026-03-04 00:00:00+00:00
[2026-03-04T08:08:33.726+0000] {processor.py:183} INFO - Processing /home/airflow/.local/lib/python3.12/site-packages/airflow/example_dags/example_task_group_decorator.py took 0.034 seconds
[2026-03-04T08:09:04.285+0000] {processor.py:161} INFO - Started process (PID=6176) to work on /home/airflow/.local/lib/python3.12/site-packages/airflow/example_dags/example_task_group_decorator.py
[2026-03-04T08:09:04.286+0000] {processor.py:830} INFO - Processing file /home/airflow/.local/lib/python3.12/site-packages/airflow/example_dags/example_task_group_decorator.py for tasks to queue
[2026-03-04T08:09:04.287+0000] {logging_mixin.py:188} INFO - [2026-03-04T08:09:04.287+0000] {dagbag.py:545} INFO - Filling up the DagBag from /home/airflow/.local/lib/python3.12/site-packages/airflow/example_dags/example_task_group_decorator.py
[2026-03-04T08:09:04.292+0000] {processor.py:840} INFO - DAG(s) 'example_task_group_decorator' retrieved from /home/airflow/.local/lib/python3.12/site-packages/airflow/example_dags/example_task_group_decorator.py
[2026-03-04T08:09:04.306+0000] {logging_mixin.py:188} INFO - [2026-03-04T08:09:04.306+0000] {dag.py:3089} INFO - Sync 1 DAGs
[2026-03-04T08:09:04.315+0000] {logging_mixin.py:188} INFO - [2026-03-04T08:09:04.314+0000] {dag.py:3947} INFO - Setting next_dagrun for example_task_group_decorator to 2026-03-03 00:00:00+00:00, run_after=2026-03-04 00:00:00+00:00
[2026-03-04T08:09:04.321+0000] {processor.py:183} INFO - Processing /home/airflow/.local/lib/python3.12/site-packages/airflow/example_dags/example_task_group_decorator.py took 0.038 seconds
[2026-03-04T08:09:34.819+0000] {processor.py:161} INFO - Started process (PID=6438) to work on /home/airflow/.local/lib/python3.12/site-packages/airflow/example_dags/example_task_group_decorator.py
[2026-03-04T08:09:34.821+0000] {processor.py:830} INFO - Processing file /home/airflow/.local/lib/python3.12/site-packages/airflow/example_dags/example_task_group_decorator.py for tasks to queue
[2026-03-04T08:09:34.825+0000] {logging_mixin.py:188} INFO - [2026-03-04T08:09:34.825+0000] {dagbag.py:545} INFO - Filling up the DagBag from /home/airflow/.local/lib/python3.12/site-packages/airflow/example_dags/example_task_group_decorator.py
[2026-03-04T08:09:34.831+0000] {processor.py:840} INFO - DAG(s) 'example_task_group_decorator' retrieved from /home/airflow/.local/lib/python3.12/site-packages/airflow/example_dags/example_task_group_decorator.py
[2026-03-04T08:09:34.841+0000] {logging_mixin.py:188} INFO - [2026-03-04T08:09:34.841+0000] {dag.py:3089} INFO - Sync 1 DAGs
[2026-03-04T08:09:34.848+0000] {logging_mixin.py:188} INFO - [2026-03-04T08:09:34.848+0000] {dag.py:3947} INFO - Setting next_dagrun for example_task_group_decorator to 2026-03-03 00:00:00+00:00, run_after=2026-03-04 00:00:00+00:00
[2026-03-04T08:09:34.854+0000] {processor.py:183} INFO - Processing /home/airflow/.local/lib/python3.12/site-packages/airflow/example_dags/example_task_group_decorator.py took 0.037 seconds
[2026-03-04T08:10:05.434+0000] {processor.py:161} INFO - Started process (PID=6702) to work on /home/airflow/.local/lib/python3.12/site-packages/airflow/example_dags/example_task_group_decorator.py
[2026-03-04T08:10:05.435+0000] {processor.py:830} INFO - Processing file /home/airflow/.local/lib/python3.12/site-packages/airflow/example_dags/example_task_group_decorator.py for tasks to queue
[2026-03-04T08:10:05.435+0000] {logging_mixin.py:188} INFO - [2026-03-04T08:10:05.435+0000] {dagbag.py:545} INFO - Filling up the DagBag from /home/airflow/.local/lib/python3.12/site-packages/airflow/example_dags/example_task_group_decorator.py
[2026-03-04T08:10:05.441+0000] {processor.py:840} INFO - DAG(s) 'example_task_group_decorator' retrieved from /home/airflow/.local/lib/python3.12/site-packages/airflow/example_dags/example_task_group_decorator.py
[2026-03-04T08:10:05.454+0000] {logging_mixin.py:188} INFO - [2026-03-04T08:10:05.454+0000] {dag.py:3089} INFO - Sync 1 DAGs
[2026-03-04T08:10:05.461+0000] {logging_mixin.py:188} INFO - [2026-03-04T08:10:05.461+0000] {dag.py:3947} INFO - Setting next_dagrun for example_task_group_decorator to 2026-03-03 00:00:00+00:00, run_after=2026-03-04 00:00:00+00:00
[2026-03-04T08:10:05.469+0000] {processor.py:183} INFO - Processing /home/airflow/.local/lib/python3.12/site-packages/airflow/example_dags/example_task_group_decorator.py took 0.037 seconds
[2026-03-04T08:10:35.941+0000] {processor.py:161} INFO - Started process (PID=6965) to work on /home/airflow/.local/lib/python3.12/site-packages/airflow/example_dags/example_task_group_decorator.py
[2026-03-04T08:10:35.942+0000] {processor.py:830} INFO - Processing file /home/airflow/.local/lib/python3.12/site-packages/airflow/example_dags/example_task_group_decorator.py for tasks to queue
[2026-03-04T08:10:35.942+0000] {logging_mixin.py:188} INFO - [2026-03-04T08:10:35.942+0000] {dagbag.py:545} INFO - Filling up the DagBag from /home/airflow/.local/lib/python3.12/site-packages/airflow/example_dags/example_task_group_decorator.py
[2026-03-04T08:10:35.948+0000] {processor.py:840} INFO - DAG(s) 'example_task_group_decorator' retrieved from /home/airflow/.local/lib/python3.12/site-packages/airflow/example_dags/example_task_group_decorator.py
[2026-03-04T08:10:35.960+0000] {logging_mixin.py:188} INFO - [2026-03-04T08:10:35.960+0000] {dag.py:3089} INFO - Sync 1 DAGs
[2026-03-04T08:10:35.969+0000] {logging_mixin.py:188} INFO - [2026-03-04T08:10:35.969+0000] {dag.py:3947} INFO - Setting next_dagrun for example_task_group_decorator to 2026-03-03 00:00:00+00:00, run_after=2026-03-04 00:00:00+00:00
[2026-03-04T08:10:35.976+0000] {processor.py:183} INFO - Processing /home/airflow/.local/lib/python3.12/site-packages/airflow/example_dags/example_task_group_decorator.py took 0.037 seconds
[2026-03-04T08:11:06.677+0000] {processor.py:161} INFO - Started process (PID=7229) to work on /home/airflow/.local/lib/python3.12/site-packages/airflow/example_dags/example_task_group_decorator.py
[2026-03-04T08:11:06.677+0000] {processor.py:830} INFO - Processing file /home/airflow/.local/lib/python3.12/site-packages/airflow/example_dags/example_task_group_decorator.py for tasks to queue
[2026-03-04T08:11:06.678+0000] {logging_mixin.py:188} INFO - [2026-03-04T08:11:06.678+0000] {dagbag.py:545} INFO - Filling up the DagBag from /home/airflow/.local/lib/python3.12/site-packages/airflow/example_dags/example_task_group_decorator.py
[2026-03-04T08:11:06.682+0000] {processor.py:840} INFO - DAG(s) 'example_task_group_decorator' retrieved from /home/airflow/.local/lib/python3.12/site-packages/airflow/example_dags/example_task_group_decorator.py
[2026-03-04T08:11:06.690+0000] {logging_mixin.py:188} INFO - [2026-03-04T08:11:06.690+0000] {dag.py:3089} INFO - Sync 1 DAGs
[2026-03-04T08:11:06.696+0000] {logging_mixin.py:188} INFO - [2026-03-04T08:11:06.696+0000] {dag.py:3947} INFO - Setting next_dagrun for example_task_group_decorator to 2026-03-03 00:00:00+00:00, run_after=2026-03-04 00:00:00+00:00
[2026-03-04T08:11:06.701+0000] {processor.py:183} INFO - Processing /home/airflow/.local/lib/python3.12/site-packages/airflow/example_dags/example_task_group_decorator.py took 0.027 seconds
[2026-03-04T08:11:37.256+0000] {processor.py:161} INFO - Started process (PID=7489) to work on /home/airflow/.local/lib/python3.12/site-packages/airflow/example_dags/example_task_group_decorator.py
[2026-03-04T08:11:37.256+0000] {processor.py:830} INFO - Processing file /home/airflow/.local/lib/python3.12/site-packages/airflow/example_dags/example_task_group_decorator.py for tasks to queue
[2026-03-04T08:11:37.258+0000] {logging_mixin.py:188} INFO - [2026-03-04T08:11:37.258+0000] {dagbag.py:545} INFO - Filling up the DagBag from /home/airflow/.local/lib/python3.12/site-packages/airflow/example_dags/example_task_group_decorator.py
[2026-03-04T08:11:37.263+0000] {processor.py:840} INFO - DAG(s) 'example_task_group_decorator' retrieved from /home/airflow/.local/lib/python3.12/site-packages/airflow/example_dags/example_task_group_decorator.py
[2026-03-04T08:11:37.275+0000] {logging_mixin.py:188} INFO - [2026-03-04T08:11:37.275+0000] {dag.py:3089} INFO - Sync 1 DAGs
[2026-03-04T08:11:37.283+0000] {logging_mixin.py:188} INFO - [2026-03-04T08:11:37.283+0000] {dag.py:3947} INFO - Setting next_dagrun for example_task_group_decorator to 2026-03-03 00:00:00+00:00, run_after=2026-03-04 00:00:00+00:00
[2026-03-04T08:11:37.290+0000] {processor.py:183} INFO - Processing /home/airflow/.local/lib/python3.12/site-packages/airflow/example_dags/example_task_group_decorator.py took 0.037 seconds
[2026-03-04T08:12:07.722+0000] {processor.py:161} INFO - Started process (PID=7751) to work on /home/airflow/.local/lib/python3.12/site-packages/airflow/example_dags/example_task_group_decorator.py
[2026-03-04T08:12:07.724+0000] {processor.py:830} INFO - Processing file /home/airflow/.local/lib/python3.12/site-packages/airflow/example_dags/example_task_group_decorator.py for tasks to queue
[2026-03-04T08:12:07.724+0000] {logging_mixin.py:188} INFO - [2026-03-04T08:12:07.724+0000] {dagbag.py:545} INFO - Filling up the DagBag from /home/airflow/.local/lib/python3.12/site-packages/airflow/example_dags/example_task_group_decorator.py
[2026-03-04T08:12:07.729+0000] {processor.py:840} INFO - DAG(s) 'example_task_group_decorator' retrieved from /home/airflow/.local/lib/python3.12/site-packages/airflow/example_dags/example_task_group_decorator.py
[2026-03-04T08:12:07.739+0000] {logging_mixin.py:188} INFO - [2026-03-04T08:12:07.739+0000] {dag.py:3089} INFO - Sync 1 DAGs
[2026-03-04T08:12:07.747+0000] {logging_mixin.py:188} INFO - [2026-03-04T08:12:07.747+0000] {dag.py:3947} INFO - Setting next_dagrun for example_task_group_decorator to 2026-03-03 00:00:00+00:00, run_after=2026-03-04 00:00:00+00:00
[2026-03-04T08:12:07.752+0000] {processor.py:183} INFO - Processing /home/airflow/.local/lib/python3.12/site-packages/airflow/example_dags/example_task_group_decorator.py took 0.032 seconds
[2026-03-04T08:12:38.305+0000] {processor.py:161} INFO - Started process (PID=8013) to work on /home/airflow/.local/lib/python3.12/site-packages/airflow/example_dags/example_task_group_decorator.py
[2026-03-04T08:12:38.306+0000] {processor.py:830} INFO - Processing file /home/airflow/.local/lib/python3.12/site-packages/airflow/example_dags/example_task_group_decorator.py for tasks to queue
[2026-03-04T08:12:38.307+0000] {logging_mixin.py:188} INFO - [2026-03-04T08:12:38.306+0000] {dagbag.py:545} INFO - Filling up the DagBag from /home/airflow/.local/lib/python3.12/site-packages/airflow/example_dags/example_task_group_decorator.py
[2026-03-04T08:12:38.312+0000] {processor.py:840} INFO - DAG(s) 'example_task_group_decorator' retrieved from /home/airflow/.local/lib/python3.12/site-packages/airflow/example_dags/example_task_group_decorator.py
[2026-03-04T08:12:38.323+0000] {logging_mixin.py:188} INFO - [2026-03-04T08:12:38.323+0000] {dag.py:3089} INFO - Sync 1 DAGs
[2026-03-04T08:12:38.330+0000] {logging_mixin.py:188} INFO - [2026-03-04T08:12:38.330+0000] {dag.py:3947} INFO - Setting next_dagrun for example_task_group_decorator to 2026-03-03 00:00:00+00:00, run_after=2026-03-04 00:00:00+00:00
[2026-03-04T08:12:38.337+0000] {processor.py:183} INFO - Processing /home/airflow/.local/lib/python3.12/site-packages/airflow/example_dags/example_task_group_decorator.py took 0.035 seconds
[2026-03-04T08:13:08.880+0000] {processor.py:161} INFO - Started process (PID=8275) to work on /home/airflow/.local/lib/python3.12/site-packages/airflow/example_dags/example_task_group_decorator.py
[2026-03-04T08:13:08.881+0000] {processor.py:830} INFO - Processing file /home/airflow/.local/lib/python3.12/site-packages/airflow/example_dags/example_task_group_decorator.py for tasks to queue
[2026-03-04T08:13:08.882+0000] {logging_mixin.py:188} INFO - [2026-03-04T08:13:08.882+0000] {dagbag.py:545} INFO - Filling up the DagBag from /home/airflow/.local/lib/python3.12/site-packages/airflow/example_dags/example_task_group_decorator.py
[2026-03-04T08:13:08.890+0000] {processor.py:840} INFO - DAG(s) 'example_task_group_decorator' retrieved from /home/airflow/.local/lib/python3.12/site-packages/airflow/example_dags/example_task_group_decorator.py
[2026-03-04T08:13:08.900+0000] {logging_mixin.py:188} INFO - [2026-03-04T08:13:08.900+0000] {dag.py:3089} INFO - Sync 1 DAGs
[2026-03-04T08:13:08.908+0000] {logging_mixin.py:188} INFO - [2026-03-04T08:13:08.908+0000] {dag.py:3947} INFO - Setting next_dagrun for example_task_group_decorator to 2026-03-03 00:00:00+00:00, run_after=2026-03-04 00:00:00+00:00
[2026-03-04T08:13:08.914+0000] {processor.py:183} INFO - Processing /home/airflow/.local/lib/python3.12/site-packages/airflow/example_dags/example_task_group_decorator.py took 0.036 seconds
[2026-03-04T08:13:39.390+0000] {processor.py:161} INFO - Started process (PID=8537) to work on /home/airflow/.local/lib/python3.12/site-packages/airflow/example_dags/example_task_group_decorator.py
[2026-03-04T08:13:39.391+0000] {processor.py:830} INFO - Processing file /home/airflow/.local/lib/python3.12/site-packages/airflow/example_dags/example_task_group_decorator.py for tasks to queue
[2026-03-04T08:13:39.392+0000] {logging_mixin.py:188} INFO - [2026-03-04T08:13:39.392+0000] {dagbag.py:545} INFO - Filling up the DagBag from /home/airflow/.local/lib/python3.12/site-packages/airflow/example_dags/example_task_group_decorator.py
[2026-03-04T08:13:39.399+0000] {processor.py:840} INFO - DAG(s) 'example_task_group_decorator' retrieved from /home/airflow/.local/lib/python3.12/site-packages/airflow/example_dags/example_task_group_decorator.py
[2026-03-04T08:13:39.409+0000] {logging_mixin.py:188} INFO - [2026-03-04T08:13:39.409+0000] {dag.py:3089} INFO - Sync 1 DAGs
[2026-03-04T08:13:39.416+0000] {logging_mixin.py:188} INFO - [2026-03-04T08:13:39.416+0000] {dag.py:3947} INFO - Setting next_dagrun for example_task_group_decorator to 2026-03-03 00:00:00+00:00, run_after=2026-03-04 00:00:00+00:00
[2026-03-04T08:13:39.421+0000] {processor.py:183} INFO - Processing /home/airflow/.local/lib/python3.12/site-packages/airflow/example_dags/example_task_group_decorator.py took 0.033 seconds
[2026-03-04T08:14:09.907+0000] {processor.py:161} INFO - Started process (PID=8799) to work on /home/airflow/.local/lib/python3.12/site-packages/airflow/example_dags/example_task_group_decorator.py
[2026-03-04T08:14:09.908+0000] {processor.py:830} INFO - Processing file /home/airflow/.local/lib/python3.12/site-packages/airflow/example_dags/example_task_group_decorator.py for tasks to queue
[2026-03-04T08:14:09.908+0000] {logging_mixin.py:188} INFO - [2026-03-04T08:14:09.908+0000] {dagbag.py:545} INFO - Filling up the DagBag from /home/airflow/.local/lib/python3.12/site-packages/airflow/example_dags/example_task_group_decorator.py
[2026-03-04T08:14:09.913+0000] {processor.py:840} INFO - DAG(s) 'example_task_group_decorator' retrieved from /home/airflow/.local/lib/python3.12/site-packages/airflow/example_dags/example_task_group_decorator.py
[2026-03-04T08:14:09.923+0000] {logging_mixin.py:188} INFO - [2026-03-04T08:14:09.923+0000] {dag.py:3089} INFO - Sync 1 DAGs
[2026-03-04T08:14:09.932+0000] {logging_mixin.py:188} INFO - [2026-03-04T08:14:09.931+0000] {dag.py:3947} INFO - Setting next_dagrun for example_task_group_decorator to 2026-03-03 00:00:00+00:00, run_after=2026-03-04 00:00:00+00:00
[2026-03-04T08:14:09.937+0000] {processor.py:183} INFO - Processing /home/airflow/.local/lib/python3.12/site-packages/airflow/example_dags/example_task_group_decorator.py took 0.032 seconds
[2026-03-04T08:14:40.474+0000] {processor.py:161} INFO - Started process (PID=9061) to work on /home/airflow/.local/lib/python3.12/site-packages/airflow/example_dags/example_task_group_decorator.py
[2026-03-04T08:14:40.474+0000] {processor.py:830} INFO - Processing file /home/airflow/.local/lib/python3.12/site-packages/airflow/example_dags/example_task_group_decorator.py for tasks to queue
[2026-03-04T08:14:40.475+0000] {logging_mixin.py:188} INFO - [2026-03-04T08:14:40.475+0000] {dagbag.py:545} INFO - Filling up the DagBag from /home/airflow/.local/lib/python3.12/site-packages/airflow/example_dags/example_task_group_decorator.py
[2026-03-04T08:14:40.480+0000] {processor.py:840} INFO - DAG(s) 'example_task_group_decorator' retrieved from /home/airflow/.local/lib/python3.12/site-packages/airflow/example_dags/example_task_group_decorator.py
[2026-03-04T08:14:40.491+0000] {logging_mixin.py:188} INFO - [2026-03-04T08:14:40.490+0000] {dag.py:3089} INFO - Sync 1 DAGs
[2026-03-04T08:14:40.500+0000] {logging_mixin.py:188} INFO - [2026-03-04T08:14:40.500+0000] {dag.py:3947} INFO - Setting next_dagrun for example_task_group_decorator to 2026-03-03 00:00:00+00:00, run_after=2026-03-04 00:00:00+00:00
[2026-03-04T08:14:40.505+0000] {processor.py:183} INFO - Processing /home/airflow/.local/lib/python3.12/site-packages/airflow/example_dags/example_task_group_decorator.py took 0.034 seconds
[2026-03-04T08:15:10.978+0000] {processor.py:161} INFO - Started process (PID=9327) to work on /home/airflow/.local/lib/python3.12/site-packages/airflow/example_dags/example_task_group_decorator.py
[2026-03-04T08:15:10.979+0000] {processor.py:830} INFO - Processing file /home/airflow/.local/lib/python3.12/site-packages/airflow/example_dags/example_task_group_decorator.py for tasks to queue
[2026-03-04T08:15:10.979+0000] {logging_mixin.py:188} INFO - [2026-03-04T08:15:10.979+0000] {dagbag.py:545} INFO - Filling up the DagBag from /home/airflow/.local/lib/python3.12/site-packages/airflow/example_dags/example_task_group_decorator.py
[2026-03-04T08:15:10.985+0000] {processor.py:840} INFO - DAG(s) 'example_task_group_decorator' retrieved from /home/airflow/.local/lib/python3.12/site-packages/airflow/example_dags/example_task_group_decorator.py
[2026-03-04T08:15:10.994+0000] {logging_mixin.py:188} INFO - [2026-03-04T08:15:10.994+0000] {dag.py:3089} INFO - Sync 1 DAGs
[2026-03-04T08:15:11.002+0000] {logging_mixin.py:188} INFO - [2026-03-04T08:15:11.002+0000] {dag.py:3947} INFO - Setting next_dagrun for example_task_group_decorator to 2026-03-03 00:00:00+00:00, run_after=2026-03-04 00:00:00+00:00
[2026-03-04T08:15:11.008+0000] {processor.py:183} INFO - Processing /home/airflow/.local/lib/python3.12/site-packages/airflow/example_dags/example_task_group_decorator.py took 0.032 seconds
[2026-03-04T08:15:41.648+0000] {processor.py:161} INFO - Started process (PID=9593) to work on /home/airflow/.local/lib/python3.12/site-packages/airflow/example_dags/example_task_group_decorator.py
[2026-03-04T08:15:41.649+0000] {processor.py:830} INFO - Processing file /home/airflow/.local/lib/python3.12/site-packages/airflow/example_dags/example_task_group_decorator.py for tasks to queue
[2026-03-04T08:15:41.650+0000] {logging_mixin.py:188} INFO - [2026-03-04T08:15:41.650+0000] {dagbag.py:545} INFO - Filling up the DagBag from /home/airflow/.local/lib/python3.12/site-packages/airflow/example_dags/example_task_group_decorator.py
[2026-03-04T08:15:41.655+0000] {processor.py:840} INFO - DAG(s) 'example_task_group_decorator' retrieved from /home/airflow/.local/lib/python3.12/site-packages/airflow/example_dags/example_task_group_decorator.py
[2026-03-04T08:15:41.663+0000] {logging_mixin.py:188} INFO - [2026-03-04T08:15:41.663+0000] {dag.py:3089} INFO - Sync 1 DAGs
[2026-03-04T08:15:41.670+0000] {logging_mixin.py:188} INFO - [2026-03-04T08:15:41.670+0000] {dag.py:3947} INFO - Setting next_dagrun for example_task_group_decorator to 2026-03-03 00:00:00+00:00, run_after=2026-03-04 00:00:00+00:00
[2026-03-04T08:15:41.677+0000] {processor.py:183} INFO - Processing /home/airflow/.local/lib/python3.12/site-packages/airflow/example_dags/example_task_group_decorator.py took 0.031 seconds
[2026-03-04T08:16:12.261+0000] {processor.py:161} INFO - Started process (PID=9855) to work on /home/airflow/.local/lib/python3.12/site-packages/airflow/example_dags/example_task_group_decorator.py
[2026-03-04T08:16:12.261+0000] {processor.py:830} INFO - Processing file /home/airflow/.local/lib/python3.12/site-packages/airflow/example_dags/example_task_group_decorator.py for tasks to queue
[2026-03-04T08:16:12.263+0000] {logging_mixin.py:188} INFO - [2026-03-04T08:16:12.263+0000] {dagbag.py:545} INFO - Filling up the DagBag from /home/airflow/.local/lib/python3.12/site-packages/airflow/example_dags/example_task_group_decorator.py
[2026-03-04T08:16:12.270+0000] {processor.py:840} INFO - DAG(s) 'example_task_group_decorator' retrieved from /home/airflow/.local/lib/python3.12/site-packages/airflow/example_dags/example_task_group_decorator.py
[2026-03-04T08:16:12.281+0000] {logging_mixin.py:188} INFO - [2026-03-04T08:16:12.281+0000] {dag.py:3089} INFO - Sync 1 DAGs
[2026-03-04T08:16:12.289+0000] {logging_mixin.py:188} INFO - [2026-03-04T08:16:12.289+0000] {dag.py:3947} INFO - Setting next_dagrun for example_task_group_decorator to 2026-03-03 00:00:00+00:00, run_after=2026-03-04 00:00:00+00:00
[2026-03-04T08:16:12.294+0000] {processor.py:183} INFO - Processing /home/airflow/.local/lib/python3.12/site-packages/airflow/example_dags/example_task_group_decorator.py took 0.036 seconds
[2026-03-04T08:16:42.863+0000] {processor.py:161} INFO - Started process (PID=10117) to work on /home/airflow/.local/lib/python3.12/site-packages/airflow/example_dags/example_task_group_decorator.py
[2026-03-04T08:16:42.863+0000] {processor.py:830} INFO - Processing file /home/airflow/.local/lib/python3.12/site-packages/airflow/example_dags/example_task_group_decorator.py for tasks to queue
[2026-03-04T08:16:42.864+0000] {logging_mixin.py:188} INFO - [2026-03-04T08:16:42.864+0000] {dagbag.py:545} INFO - Filling up the DagBag from /home/airflow/.local/lib/python3.12/site-packages/airflow/example_dags/example_task_group_decorator.py
[2026-03-04T08:16:42.869+0000] {processor.py:840} INFO - DAG(s) 'example_task_group_decorator' retrieved from /home/airflow/.local/lib/python3.12/site-packages/airflow/example_dags/example_task_group_decorator.py
[2026-03-04T08:16:42.879+0000] {logging_mixin.py:188} INFO - [2026-03-04T08:16:42.878+0000] {dag.py:3089} INFO - Sync 1 DAGs
[2026-03-04T08:16:42.887+0000] {logging_mixin.py:188} INFO - [2026-03-04T08:16:42.887+0000] {dag.py:3947} INFO - Setting next_dagrun for example_task_group_decorator to 2026-03-03 00:00:00+00:00, run_after=2026-03-04 00:00:00+00:00
[2026-03-04T08:16:42.892+0000] {processor.py:183} INFO - Processing /home/airflow/.local/lib/python3.12/site-packages/airflow/example_dags/example_task_group_decorator.py took 0.032 seconds
[2026-03-04T08:17:13.850+0000] {processor.py:161} INFO - Started process (PID=10379) to work on /home/airflow/.local/lib/python3.12/site-packages/airflow/example_dags/example_task_group_decorator.py
[2026-03-04T08:17:13.851+0000] {processor.py:830} INFO - Processing file /home/airflow/.local/lib/python3.12/site-packages/airflow/example_dags/example_task_group_decorator.py for tasks to queue
[2026-03-04T08:17:13.852+0000] {logging_mixin.py:188} INFO - [2026-03-04T08:17:13.852+0000] {dagbag.py:545} INFO - Filling up the DagBag from /home/airflow/.local/lib/python3.12/site-packages/airflow/example_dags/example_task_group_decorator.py
[2026-03-04T08:17:13.857+0000] {processor.py:840} INFO - DAG(s) 'example_task_group_decorator' retrieved from /home/airflow/.local/lib/python3.12/site-packages/airflow/example_dags/example_task_group_decorator.py
[2026-03-04T08:17:13.869+0000] {logging_mixin.py:188} INFO - [2026-03-04T08:17:13.868+0000] {dag.py:3089} INFO - Sync 1 DAGs
[2026-03-04T08:17:13.878+0000] {logging_mixin.py:188} INFO - [2026-03-04T08:17:13.878+0000] {dag.py:3947} INFO - Setting next_dagrun for example_task_group_decorator to 2026-03-03 00:00:00+00:00, run_after=2026-03-04 00:00:00+00:00
[2026-03-04T08:17:13.884+0000] {processor.py:183} INFO - Processing /home/airflow/.local/lib/python3.12/site-packages/airflow/example_dags/example_task_group_decorator.py took 0.036 seconds
[2026-03-04T08:17:44.026+0000] {processor.py:161} INFO - Started process (PID=10643) to work on /home/airflow/.local/lib/python3.12/site-packages/airflow/example_dags/example_task_group_decorator.py
[2026-03-04T08:17:44.027+0000] {processor.py:830} INFO - Processing file /home/airflow/.local/lib/python3.12/site-packages/airflow/example_dags/example_task_group_decorator.py for tasks to queue
[2026-03-04T08:17:44.027+0000] {logging_mixin.py:188} INFO - [2026-03-04T08:17:44.027+0000] {dagbag.py:545} INFO - Filling up the DagBag from /home/airflow/.local/lib/python3.12/site-packages/airflow/example_dags/example_task_group_decorator.py
[2026-03-04T08:17:44.032+0000] {processor.py:840} INFO - DAG(s) 'example_task_group_decorator' retrieved from /home/airflow/.local/lib/python3.12/site-packages/airflow/example_dags/example_task_group_decorator.py
[2026-03-04T08:17:44.046+0000] {logging_mixin.py:188} INFO - [2026-03-04T08:17:44.045+0000] {dag.py:3089} INFO - Sync 1 DAGs
[2026-03-04T08:17:44.053+0000] {logging_mixin.py:188} INFO - [2026-03-04T08:17:44.053+0000] {dag.py:3947} INFO - Setting next_dagrun for example_task_group_decorator to 2026-03-03 00:00:00+00:00, run_after=2026-03-04 00:00:00+00:00
[2026-03-04T08:17:44.060+0000] {processor.py:183} INFO - Processing /home/airflow/.local/lib/python3.12/site-packages/airflow/example_dags/example_task_group_decorator.py took 0.036 seconds
[2026-03-04T08:18:15.677+0000] {processor.py:161} INFO - Started process (PID=10903) to work on /home/airflow/.local/lib/python3.12/site-packages/airflow/example_dags/example_task_group_decorator.py
[2026-03-04T08:18:15.678+0000] {processor.py:830} INFO - Processing file /home/airflow/.local/lib/python3.12/site-packages/airflow/example_dags/example_task_group_decorator.py for tasks to queue
[2026-03-04T08:18:15.679+0000] {logging_mixin.py:188} INFO - [2026-03-04T08:18:15.678+0000] {dagbag.py:545} INFO - Filling up the DagBag from /home/airflow/.local/lib/python3.12/site-packages/airflow/example_dags/example_task_group_decorator.py
[2026-03-04T08:18:15.749+0000] {processor.py:840} INFO - DAG(s) 'example_task_group_decorator' retrieved from /home/airflow/.local/lib/python3.12/site-packages/airflow/example_dags/example_task_group_decorator.py
[2026-03-04T08:18:15.758+0000] {logging_mixin.py:188} INFO - [2026-03-04T08:18:15.758+0000] {dag.py:3089} INFO - Sync 1 DAGs
[2026-03-04T08:18:15.767+0000] {logging_mixin.py:188} INFO - [2026-03-04T08:18:15.766+0000] {dag.py:3947} INFO - Setting next_dagrun for example_task_group_decorator to 2026-03-03 00:00:00+00:00, run_after=2026-03-04 00:00:00+00:00
[2026-03-04T08:18:15.772+0000] {processor.py:183} INFO - Processing /home/airflow/.local/lib/python3.12/site-packages/airflow/example_dags/example_task_group_decorator.py took 0.096 seconds
[2026-03-04T08:18:46.290+0000] {processor.py:161} INFO - Started process (PID=11165) to work on /home/airflow/.local/lib/python3.12/site-packages/airflow/example_dags/example_task_group_decorator.py
[2026-03-04T08:18:46.290+0000] {processor.py:830} INFO - Processing file /home/airflow/.local/lib/python3.12/site-packages/airflow/example_dags/example_task_group_decorator.py for tasks to queue
[2026-03-04T08:18:46.292+0000] {logging_mixin.py:188} INFO - [2026-03-04T08:18:46.292+0000] {dagbag.py:545} INFO - Filling up the DagBag from /home/airflow/.local/lib/python3.12/site-packages/airflow/example_dags/example_task_group_decorator.py
[2026-03-04T08:18:46.299+0000] {processor.py:840} INFO - DAG(s) 'example_task_group_decorator' retrieved from /home/airflow/.local/lib/python3.12/site-packages/airflow/example_dags/example_task_group_decorator.py
[2026-03-04T08:18:46.310+0000] {logging_mixin.py:188} INFO - [2026-03-04T08:18:46.310+0000] {dag.py:3089} INFO - Sync 1 DAGs
[2026-03-04T08:18:46.318+0000] {logging_mixin.py:188} INFO - [2026-03-04T08:18:46.318+0000] {dag.py:3947} INFO - Setting next_dagrun for example_task_group_decorator to 2026-03-03 00:00:00+00:00, run_after=2026-03-04 00:00:00+00:00
[2026-03-04T08:18:46.324+0000] {processor.py:183} INFO - Processing /home/airflow/.local/lib/python3.12/site-packages/airflow/example_dags/example_task_group_decorator.py took 0.037 seconds
[2026-03-04T08:19:16.987+0000] {processor.py:161} INFO - Started process (PID=11427) to work on /home/airflow/.local/lib/python3.12/site-packages/airflow/example_dags/example_task_group_decorator.py
[2026-03-04T08:19:16.988+0000] {processor.py:830} INFO - Processing file /home/airflow/.local/lib/python3.12/site-packages/airflow/example_dags/example_task_group_decorator.py for tasks to queue
[2026-03-04T08:19:16.989+0000] {logging_mixin.py:188} INFO - [2026-03-04T08:19:16.989+0000] {dagbag.py:545} INFO - Filling up the DagBag from /home/airflow/.local/lib/python3.12/site-packages/airflow/example_dags/example_task_group_decorator.py
[2026-03-04T08:19:16.994+0000] {processor.py:840} INFO - DAG(s) 'example_task_group_decorator' retrieved from /home/airflow/.local/lib/python3.12/site-packages/airflow/example_dags/example_task_group_decorator.py
[2026-03-04T08:19:17.005+0000] {logging_mixin.py:188} INFO - [2026-03-04T08:19:17.005+0000] {dag.py:3089} INFO - Sync 1 DAGs
[2026-03-04T08:19:17.015+0000] {logging_mixin.py:188} INFO - [2026-03-04T08:19:17.015+0000] {dag.py:3947} INFO - Setting next_dagrun for example_task_group_decorator to 2026-03-03 00:00:00+00:00, run_after=2026-03-04 00:00:00+00:00
[2026-03-04T08:19:17.022+0000] {processor.py:183} INFO - Processing /home/airflow/.local/lib/python3.12/site-packages/airflow/example_dags/example_task_group_decorator.py took 0.037 seconds
[2026-03-04T08:19:47.517+0000] {processor.py:161} INFO - Started process (PID=11689) to work on /home/airflow/.local/lib/python3.12/site-packages/airflow/example_dags/example_task_group_decorator.py
[2026-03-04T08:19:47.517+0000] {processor.py:830} INFO - Processing file /home/airflow/.local/lib/python3.12/site-packages/airflow/example_dags/example_task_group_decorator.py for tasks to queue
[2026-03-04T08:19:47.518+0000] {logging_mixin.py:188} INFO - [2026-03-04T08:19:47.518+0000] {dagbag.py:545} INFO - Filling up the DagBag from /home/airflow/.local/lib/python3.12/site-packages/airflow/example_dags/example_task_group_decorator.py
[2026-03-04T08:19:47.523+0000] {processor.py:840} INFO - DAG(s) 'example_task_group_decorator' retrieved from /home/airflow/.local/lib/python3.12/site-packages/airflow/example_dags/example_task_group_decorator.py
[2026-03-04T08:19:47.533+0000] {logging_mixin.py:188} INFO - [2026-03-04T08:19:47.533+0000] {dag.py:3089} INFO - Sync 1 DAGs
[2026-03-04T08:19:47.542+0000] {logging_mixin.py:188} INFO - [2026-03-04T08:19:47.542+0000] {dag.py:3947} INFO - Setting next_dagrun for example_task_group_decorator to 2026-03-03 00:00:00+00:00, run_after=2026-03-04 00:00:00+00:00
[2026-03-04T08:19:47.550+0000] {processor.py:183} INFO - Processing /home/airflow/.local/lib/python3.12/site-packages/airflow/example_dags/example_task_group_decorator.py took 0.036 seconds
[2026-03-04T08:20:18.107+0000] {processor.py:161} INFO - Started process (PID=11951) to work on /home/airflow/.local/lib/python3.12/site-packages/airflow/example_dags/example_task_group_decorator.py
[2026-03-04T08:20:18.109+0000] {processor.py:830} INFO - Processing file /home/airflow/.local/lib/python3.12/site-packages/airflow/example_dags/example_task_group_decorator.py for tasks to queue
[2026-03-04T08:20:18.110+0000] {logging_mixin.py:188} INFO - [2026-03-04T08:20:18.110+0000] {dagbag.py:545} INFO - Filling up the DagBag from /home/airflow/.local/lib/python3.12/site-packages/airflow/example_dags/example_task_group_decorator.py
[2026-03-04T08:20:18.116+0000] {processor.py:840} INFO - DAG(s) 'example_task_group_decorator' retrieved from /home/airflow/.local/lib/python3.12/site-packages/airflow/example_dags/example_task_group_decorator.py
[2026-03-04T08:20:18.129+0000] {logging_mixin.py:188} INFO - [2026-03-04T08:20:18.129+0000] {dag.py:3089} INFO - Sync 1 DAGs
[2026-03-04T08:20:18.136+0000] {logging_mixin.py:188} INFO - [2026-03-04T08:20:18.136+0000] {dag.py:3947} INFO - Setting next_dagrun for example_task_group_decorator to 2026-03-03 00:00:00+00:00, run_after=2026-03-04 00:00:00+00:00
[2026-03-04T08:20:18.142+0000] {processor.py:183} INFO - Processing /home/airflow/.local/lib/python3.12/site-packages/airflow/example_dags/example_task_group_decorator.py took 0.037 seconds
[2026-03-04T08:37:22.049+0000] {processor.py:161} INFO - Started process (PID=12215) to work on /home/airflow/.local/lib/python3.12/site-packages/airflow/example_dags/example_task_group_decorator.py
[2026-03-04T08:37:22.050+0000] {processor.py:830} INFO - Processing file /home/airflow/.local/lib/python3.12/site-packages/airflow/example_dags/example_task_group_decorator.py for tasks to queue
[2026-03-04T08:37:22.050+0000] {logging_mixin.py:188} INFO - [2026-03-04T08:37:22.050+0000] {dagbag.py:545} INFO - Filling up the DagBag from /home/airflow/.local/lib/python3.12/site-packages/airflow/example_dags/example_task_group_decorator.py
[2026-03-04T08:37:22.056+0000] {processor.py:840} INFO - DAG(s) 'example_task_group_decorator' retrieved from /home/airflow/.local/lib/python3.12/site-packages/airflow/example_dags/example_task_group_decorator.py
[2026-03-04T08:37:22.065+0000] {logging_mixin.py:188} INFO - [2026-03-04T08:37:22.064+0000] {dag.py:3089} INFO - Sync 1 DAGs
[2026-03-04T08:37:22.072+0000] {logging_mixin.py:188} INFO - [2026-03-04T08:37:22.072+0000] {dag.py:3947} INFO - Setting next_dagrun for example_task_group_decorator to 2026-03-03 00:00:00+00:00, run_after=2026-03-04 00:00:00+00:00
[2026-03-04T08:37:22.078+0000] {processor.py:183} INFO - Processing /home/airflow/.local/lib/python3.12/site-packages/airflow/example_dags/example_task_group_decorator.py took 0.031 seconds
[2026-03-04T08:46:12.178+0000] {processor.py:161} INFO - Started process (PID=12475) to work on /home/airflow/.local/lib/python3.12/site-packages/airflow/example_dags/example_task_group_decorator.py
[2026-03-04T08:46:12.179+0000] {processor.py:830} INFO - Processing file /home/airflow/.local/lib/python3.12/site-packages/airflow/example_dags/example_task_group_decorator.py for tasks to queue
[2026-03-04T08:46:12.180+0000] {logging_mixin.py:188} INFO - [2026-03-04T08:46:12.180+0000] {dagbag.py:545} INFO - Filling up the DagBag from /home/airflow/.local/lib/python3.12/site-packages/airflow/example_dags/example_task_group_decorator.py
[2026-03-04T08:46:12.188+0000] {processor.py:840} INFO - DAG(s) 'example_task_group_decorator' retrieved from /home/airflow/.local/lib/python3.12/site-packages/airflow/example_dags/example_task_group_decorator.py
[2026-03-04T08:46:12.199+0000] {logging_mixin.py:188} INFO - [2026-03-04T08:46:12.199+0000] {dag.py:3089} INFO - Sync 1 DAGs
[2026-03-04T08:46:12.207+0000] {logging_mixin.py:188} INFO - [2026-03-04T08:46:12.207+0000] {dag.py:3947} INFO - Setting next_dagrun for example_task_group_decorator to 2026-03-03 00:00:00+00:00, run_after=2026-03-04 00:00:00+00:00
[2026-03-04T08:46:12.215+0000] {processor.py:183} INFO - Processing /home/airflow/.local/lib/python3.12/site-packages/airflow/example_dags/example_task_group_decorator.py took 0.039 seconds
[2026-03-04T08:46:42.796+0000] {processor.py:161} INFO - Started process (PID=12737) to work on /home/airflow/.local/lib/python3.12/site-packages/airflow/example_dags/example_task_group_decorator.py
[2026-03-04T08:46:42.797+0000] {processor.py:830} INFO - Processing file /home/airflow/.local/lib/python3.12/site-packages/airflow/example_dags/example_task_group_decorator.py for tasks to queue
[2026-03-04T08:46:42.797+0000] {logging_mixin.py:188} INFO - [2026-03-04T08:46:42.797+0000] {dagbag.py:545} INFO - Filling up the DagBag from /home/airflow/.local/lib/python3.12/site-packages/airflow/example_dags/example_task_group_decorator.py
[2026-03-04T08:46:42.803+0000] {processor.py:840} INFO - DAG(s) 'example_task_group_decorator' retrieved from /home/airflow/.local/lib/python3.12/site-packages/airflow/example_dags/example_task_group_decorator.py
[2026-03-04T08:46:42.814+0000] {logging_mixin.py:188} INFO - [2026-03-04T08:46:42.814+0000] {dag.py:3089} INFO - Sync 1 DAGs
[2026-03-04T08:46:42.821+0000] {logging_mixin.py:188} INFO - [2026-03-04T08:46:42.821+0000] {dag.py:3947} INFO - Setting next_dagrun for example_task_group_decorator to 2026-03-03 00:00:00+00:00, run_after=2026-03-04 00:00:00+00:00
[2026-03-04T08:46:42.829+0000] {processor.py:183} INFO - Processing /home/airflow/.local/lib/python3.12/site-packages/airflow/example_dags/example_task_group_decorator.py took 0.036 seconds
[2026-03-04T08:47:13.228+0000] {processor.py:161} INFO - Started process (PID=12999) to work on /home/airflow/.local/lib/python3.12/site-packages/airflow/example_dags/example_task_group_decorator.py
[2026-03-04T08:47:13.229+0000] {processor.py:830} INFO - Processing file /home/airflow/.local/lib/python3.12/site-packages/airflow/example_dags/example_task_group_decorator.py for tasks to queue
[2026-03-04T08:47:13.230+0000] {logging_mixin.py:188} INFO - [2026-03-04T08:47:13.230+0000] {dagbag.py:545} INFO - Filling up the DagBag from /home/airflow/.local/lib/python3.12/site-packages/airflow/example_dags/example_task_group_decorator.py
[2026-03-04T08:47:13.237+0000] {processor.py:840} INFO - DAG(s) 'example_task_group_decorator' retrieved from /home/airflow/.local/lib/python3.12/site-packages/airflow/example_dags/example_task_group_decorator.py
[2026-03-04T08:47:13.250+0000] {logging_mixin.py:188} INFO - [2026-03-04T08:47:13.250+0000] {dag.py:3089} INFO - Sync 1 DAGs
[2026-03-04T08:47:13.258+0000] {logging_mixin.py:188} INFO - [2026-03-04T08:47:13.257+0000] {dag.py:3947} INFO - Setting next_dagrun for example_task_group_decorator to 2026-03-03 00:00:00+00:00, run_after=2026-03-04 00:00:00+00:00
[2026-03-04T08:47:13.265+0000] {processor.py:183} INFO - Processing /home/airflow/.local/lib/python3.12/site-packages/airflow/example_dags/example_task_group_decorator.py took 0.039 seconds
[2026-03-04T08:47:43.774+0000] {processor.py:161} INFO - Started process (PID=13261) to work on /home/airflow/.local/lib/python3.12/site-packages/airflow/example_dags/example_task_group_decorator.py
[2026-03-04T08:47:43.775+0000] {processor.py:830} INFO - Processing file /home/airflow/.local/lib/python3.12/site-packages/airflow/example_dags/example_task_group_decorator.py for tasks to queue
[2026-03-04T08:47:43.776+0000] {logging_mixin.py:188} INFO - [2026-03-04T08:47:43.776+0000] {dagbag.py:545} INFO - Filling up the DagBag from /home/airflow/.local/lib/python3.12/site-packages/airflow/example_dags/example_task_group_decorator.py
[2026-03-04T08:47:43.782+0000] {processor.py:840} INFO - DAG(s) 'example_task_group_decorator' retrieved from /home/airflow/.local/lib/python3.12/site-packages/airflow/example_dags/example_task_group_decorator.py
[2026-03-04T08:47:43.793+0000] {logging_mixin.py:188} INFO - [2026-03-04T08:47:43.793+0000] {dag.py:3089} INFO - Sync 1 DAGs
[2026-03-04T08:47:43.801+0000] {logging_mixin.py:188} INFO - [2026-03-04T08:47:43.800+0000] {dag.py:3947} INFO - Setting next_dagrun for example_task_group_decorator to 2026-03-03 00:00:00+00:00, run_after=2026-03-04 00:00:00+00:00
[2026-03-04T08:47:43.807+0000] {processor.py:183} INFO - Processing /home/airflow/.local/lib/python3.12/site-packages/airflow/example_dags/example_task_group_decorator.py took 0.035 seconds
[2026-03-04T08:48:14.320+0000] {processor.py:161} INFO - Started process (PID=13523) to work on /home/airflow/.local/lib/python3.12/site-packages/airflow/example_dags/example_task_group_decorator.py
[2026-03-04T08:48:14.321+0000] {processor.py:830} INFO - Processing file /home/airflow/.local/lib/python3.12/site-packages/airflow/example_dags/example_task_group_decorator.py for tasks to queue
[2026-03-04T08:48:14.322+0000] {logging_mixin.py:188} INFO - [2026-03-04T08:48:14.322+0000] {dagbag.py:545} INFO - Filling up the DagBag from /home/airflow/.local/lib/python3.12/site-packages/airflow/example_dags/example_task_group_decorator.py
[2026-03-04T08:48:14.329+0000] {processor.py:840} INFO - DAG(s) 'example_task_group_decorator' retrieved from /home/airflow/.local/lib/python3.12/site-packages/airflow/example_dags/example_task_group_decorator.py
[2026-03-04T08:48:14.341+0000] {logging_mixin.py:188} INFO - [2026-03-04T08:48:14.340+0000] {dag.py:3089} INFO - Sync 1 DAGs
[2026-03-04T08:48:14.348+0000] {logging_mixin.py:188} INFO - [2026-03-04T08:48:14.348+0000] {dag.py:3947} INFO - Setting next_dagrun for example_task_group_decorator to 2026-03-03 00:00:00+00:00, run_after=2026-03-04 00:00:00+00:00
[2026-03-04T08:48:14.355+0000] {processor.py:183} INFO - Processing /home/airflow/.local/lib/python3.12/site-packages/airflow/example_dags/example_task_group_decorator.py took 0.037 seconds
[2026-03-04T08:48:44.903+0000] {processor.py:161} INFO - Started process (PID=13787) to work on /home/airflow/.local/lib/python3.12/site-packages/airflow/example_dags/example_task_group_decorator.py
[2026-03-04T08:48:44.903+0000] {processor.py:830} INFO - Processing file /home/airflow/.local/lib/python3.12/site-packages/airflow/example_dags/example_task_group_decorator.py for tasks to queue
[2026-03-04T08:48:44.905+0000] {logging_mixin.py:188} INFO - [2026-03-04T08:48:44.905+0000] {dagbag.py:545} INFO - Filling up the DagBag from /home/airflow/.local/lib/python3.12/site-packages/airflow/example_dags/example_task_group_decorator.py
[2026-03-04T08:48:44.915+0000] {processor.py:840} INFO - DAG(s) 'example_task_group_decorator' retrieved from /home/airflow/.local/lib/python3.12/site-packages/airflow/example_dags/example_task_group_decorator.py
[2026-03-04T08:48:44.927+0000] {logging_mixin.py:188} INFO - [2026-03-04T08:48:44.927+0000] {dag.py:3089} INFO - Sync 1 DAGs
[2026-03-04T08:48:44.934+0000] {logging_mixin.py:188} INFO - [2026-03-04T08:48:44.934+0000] {dag.py:3947} INFO - Setting next_dagrun for example_task_group_decorator to 2026-03-03 00:00:00+00:00, run_after=2026-03-04 00:00:00+00:00
[2026-03-04T08:48:44.939+0000] {processor.py:183} INFO - Processing /home/airflow/.local/lib/python3.12/site-packages/airflow/example_dags/example_task_group_decorator.py took 0.039 seconds
[2026-03-04T08:49:15.471+0000] {processor.py:161} INFO - Started process (PID=14047) to work on /home/airflow/.local/lib/python3.12/site-packages/airflow/example_dags/example_task_group_decorator.py
[2026-03-04T08:49:15.472+0000] {processor.py:830} INFO - Processing file /home/airflow/.local/lib/python3.12/site-packages/airflow/example_dags/example_task_group_decorator.py for tasks to queue
[2026-03-04T08:49:15.473+0000] {logging_mixin.py:188} INFO - [2026-03-04T08:49:15.473+0000] {dagbag.py:545} INFO - Filling up the DagBag from /home/airflow/.local/lib/python3.12/site-packages/airflow/example_dags/example_task_group_decorator.py
[2026-03-04T08:49:15.478+0000] {processor.py:840} INFO - DAG(s) 'example_task_group_decorator' retrieved from /home/airflow/.local/lib/python3.12/site-packages/airflow/example_dags/example_task_group_decorator.py
[2026-03-04T08:49:15.487+0000] {logging_mixin.py:188} INFO - [2026-03-04T08:49:15.486+0000] {dag.py:3089} INFO - Sync 1 DAGs
[2026-03-04T08:49:15.495+0000] {logging_mixin.py:188} INFO - [2026-03-04T08:49:15.495+0000] {dag.py:3947} INFO - Setting next_dagrun for example_task_group_decorator to 2026-03-03 00:00:00+00:00, run_after=2026-03-04 00:00:00+00:00
[2026-03-04T08:49:15.501+0000] {processor.py:183} INFO - Processing /home/airflow/.local/lib/python3.12/site-packages/airflow/example_dags/example_task_group_decorator.py took 0.032 seconds
[2026-03-04T08:49:46.045+0000] {processor.py:161} INFO - Started process (PID=14309) to work on /home/airflow/.local/lib/python3.12/site-packages/airflow/example_dags/example_task_group_decorator.py
[2026-03-04T08:49:46.046+0000] {processor.py:830} INFO - Processing file /home/airflow/.local/lib/python3.12/site-packages/airflow/example_dags/example_task_group_decorator.py for tasks to queue
[2026-03-04T08:49:46.046+0000] {logging_mixin.py:188} INFO - [2026-03-04T08:49:46.046+0000] {dagbag.py:545} INFO - Filling up the DagBag from /home/airflow/.local/lib/python3.12/site-packages/airflow/example_dags/example_task_group_decorator.py
[2026-03-04T08:49:46.053+0000] {processor.py:840} INFO - DAG(s) 'example_task_group_decorator' retrieved from /home/airflow/.local/lib/python3.12/site-packages/airflow/example_dags/example_task_group_decorator.py
[2026-03-04T08:49:46.064+0000] {logging_mixin.py:188} INFO - [2026-03-04T08:49:46.064+0000] {dag.py:3089} INFO - Sync 1 DAGs
[2026-03-04T08:49:46.072+0000] {logging_mixin.py:188} INFO - [2026-03-04T08:49:46.072+0000] {dag.py:3947} INFO - Setting next_dagrun for example_task_group_decorator to 2026-03-03 00:00:00+00:00, run_after=2026-03-04 00:00:00+00:00
[2026-03-04T08:49:46.080+0000] {processor.py:183} INFO - Processing /home/airflow/.local/lib/python3.12/site-packages/airflow/example_dags/example_task_group_decorator.py took 0.038 seconds
[2026-03-04T08:50:16.529+0000] {processor.py:161} INFO - Started process (PID=14571) to work on /home/airflow/.local/lib/python3.12/site-packages/airflow/example_dags/example_task_group_decorator.py
[2026-03-04T08:50:16.530+0000] {processor.py:830} INFO - Processing file /home/airflow/.local/lib/python3.12/site-packages/airflow/example_dags/example_task_group_decorator.py for tasks to queue
[2026-03-04T08:50:16.531+0000] {logging_mixin.py:188} INFO - [2026-03-04T08:50:16.531+0000] {dagbag.py:545} INFO - Filling up the DagBag from /home/airflow/.local/lib/python3.12/site-packages/airflow/example_dags/example_task_group_decorator.py
[2026-03-04T08:50:16.537+0000] {processor.py:840} INFO - DAG(s) 'example_task_group_decorator' retrieved from /home/airflow/.local/lib/python3.12/site-packages/airflow/example_dags/example_task_group_decorator.py
[2026-03-04T08:50:16.551+0000] {logging_mixin.py:188} INFO - [2026-03-04T08:50:16.551+0000] {dag.py:3089} INFO - Sync 1 DAGs
[2026-03-04T08:50:16.560+0000] {logging_mixin.py:188} INFO - [2026-03-04T08:50:16.560+0000] {dag.py:3947} INFO - Setting next_dagrun for example_task_group_decorator to 2026-03-03 00:00:00+00:00, run_after=2026-03-04 00:00:00+00:00
[2026-03-04T08:50:16.567+0000] {processor.py:183} INFO - Processing /home/airflow/.local/lib/python3.12/site-packages/airflow/example_dags/example_task_group_decorator.py took 0.040 seconds
[2026-03-04T08:50:47.129+0000] {processor.py:161} INFO - Started process (PID=14833) to work on /home/airflow/.local/lib/python3.12/site-packages/airflow/example_dags/example_task_group_decorator.py
[2026-03-04T08:50:47.131+0000] {processor.py:830} INFO - Processing file /home/airflow/.local/lib/python3.12/site-packages/airflow/example_dags/example_task_group_decorator.py for tasks to queue
[2026-03-04T08:50:47.132+0000] {logging_mixin.py:188} INFO - [2026-03-04T08:50:47.132+0000] {dagbag.py:545} INFO - Filling up the DagBag from /home/airflow/.local/lib/python3.12/site-packages/airflow/example_dags/example_task_group_decorator.py
[2026-03-04T08:50:47.137+0000] {processor.py:840} INFO - DAG(s) 'example_task_group_decorator' retrieved from /home/airflow/.local/lib/python3.12/site-packages/airflow/example_dags/example_task_group_decorator.py
[2026-03-04T08:50:47.146+0000] {logging_mixin.py:188} INFO - [2026-03-04T08:50:47.146+0000] {dag.py:3089} INFO - Sync 1 DAGs
[2026-03-04T08:50:47.155+0000] {logging_mixin.py:188} INFO - [2026-03-04T08:50:47.155+0000] {dag.py:3947} INFO - Setting next_dagrun for example_task_group_decorator to 2026-03-03 00:00:00+00:00, run_after=2026-03-04 00:00:00+00:00
[2026-03-04T08:50:47.160+0000] {processor.py:183} INFO - Processing /home/airflow/.local/lib/python3.12/site-packages/airflow/example_dags/example_task_group_decorator.py took 0.034 seconds
