[2026-03-04T07:57:49.799+0000] {processor.py:161} INFO - Started process (PID=242) to work on /home/airflow/.local/lib/python3.12/site-packages/airflow/example_dags/example_branch_python_dop_operator_3.py
[2026-03-04T07:57:49.800+0000] {processor.py:830} INFO - Processing file /home/airflow/.local/lib/python3.12/site-packages/airflow/example_dags/example_branch_python_dop_operator_3.py for tasks to queue
[2026-03-04T07:57:49.802+0000] {logging_mixin.py:188} INFO - [2026-03-04T07:57:49.802+0000] {dagbag.py:545} INFO - Filling up the DagBag from /home/airflow/.local/lib/python3.12/site-packages/airflow/example_dags/example_branch_python_dop_operator_3.py
[2026-03-04T07:57:49.811+0000] {processor.py:840} INFO - DAG(s) 'example_branch_dop_operator_v3' retrieved from /home/airflow/.local/lib/python3.12/site-packages/airflow/example_dags/example_branch_python_dop_operator_3.py
[2026-03-04T07:57:49.859+0000] {logging_mixin.py:188} INFO - [2026-03-04T07:57:49.858+0000] {override.py:1858} INFO - Created Permission View: can delete on DAG:example_branch_dop_operator_v3
[2026-03-04T07:57:49.865+0000] {logging_mixin.py:188} INFO - [2026-03-04T07:57:49.864+0000] {override.py:1858} INFO - Created Permission View: can read on DAG:example_branch_dop_operator_v3
[2026-03-04T07:57:49.866+0000] {logging_mixin.py:188} INFO - [2026-03-04T07:57:49.866+0000] {override.py:1858} INFO - Created Permission View: can edit on DAG:example_branch_dop_operator_v3
[2026-03-04T07:57:49.866+0000] {logging_mixin.py:188} INFO - [2026-03-04T07:57:49.866+0000] {dag.py:3089} INFO - Sync 1 DAGs
[2026-03-04T07:57:49.870+0000] {logging_mixin.py:188} INFO - [2026-03-04T07:57:49.870+0000] {dag.py:3111} INFO - Creating ORM DAG for example_branch_dop_operator_v3
[2026-03-04T07:57:49.875+0000] {logging_mixin.py:188} INFO - [2026-03-04T07:57:49.875+0000] {dag.py:3947} INFO - Setting next_dagrun for example_branch_dop_operator_v3 to 2026-03-04 07:56:00+00:00, run_after=2026-03-04 07:57:00+00:00
[2026-03-04T07:57:49.886+0000] {processor.py:183} INFO - Processing /home/airflow/.local/lib/python3.12/site-packages/airflow/example_dags/example_branch_python_dop_operator_3.py took 0.089 seconds
[2026-03-04T07:58:20.333+0000] {processor.py:161} INFO - Started process (PID=506) to work on /home/airflow/.local/lib/python3.12/site-packages/airflow/example_dags/example_branch_python_dop_operator_3.py
[2026-03-04T07:58:20.334+0000] {processor.py:830} INFO - Processing file /home/airflow/.local/lib/python3.12/site-packages/airflow/example_dags/example_branch_python_dop_operator_3.py for tasks to queue
[2026-03-04T07:58:20.334+0000] {logging_mixin.py:188} INFO - [2026-03-04T07:58:20.334+0000] {dagbag.py:545} INFO - Filling up the DagBag from /home/airflow/.local/lib/python3.12/site-packages/airflow/example_dags/example_branch_python_dop_operator_3.py
[2026-03-04T07:58:20.337+0000] {processor.py:840} INFO - DAG(s) 'example_branch_dop_operator_v3' retrieved from /home/airflow/.local/lib/python3.12/site-packages/airflow/example_dags/example_branch_python_dop_operator_3.py
[2026-03-04T07:58:20.347+0000] {logging_mixin.py:188} INFO - [2026-03-04T07:58:20.347+0000] {dag.py:3089} INFO - Sync 1 DAGs
[2026-03-04T07:58:20.357+0000] {logging_mixin.py:188} INFO - [2026-03-04T07:58:20.357+0000] {dag.py:3947} INFO - Setting next_dagrun for example_branch_dop_operator_v3 to 2026-03-04 07:57:00+00:00, run_after=2026-03-04 07:58:00+00:00
[2026-03-04T07:58:20.368+0000] {processor.py:183} INFO - Processing /home/airflow/.local/lib/python3.12/site-packages/airflow/example_dags/example_branch_python_dop_operator_3.py took 0.037 seconds
[2026-03-04T07:58:50.859+0000] {processor.py:161} INFO - Started process (PID=768) to work on /home/airflow/.local/lib/python3.12/site-packages/airflow/example_dags/example_branch_python_dop_operator_3.py
[2026-03-04T07:58:50.860+0000] {processor.py:830} INFO - Processing file /home/airflow/.local/lib/python3.12/site-packages/airflow/example_dags/example_branch_python_dop_operator_3.py for tasks to queue
[2026-03-04T07:58:50.860+0000] {logging_mixin.py:188} INFO - [2026-03-04T07:58:50.860+0000] {dagbag.py:545} INFO - Filling up the DagBag from /home/airflow/.local/lib/python3.12/site-packages/airflow/example_dags/example_branch_python_dop_operator_3.py
[2026-03-04T07:58:50.864+0000] {processor.py:840} INFO - DAG(s) 'example_branch_dop_operator_v3' retrieved from /home/airflow/.local/lib/python3.12/site-packages/airflow/example_dags/example_branch_python_dop_operator_3.py
[2026-03-04T07:58:50.874+0000] {logging_mixin.py:188} INFO - [2026-03-04T07:58:50.874+0000] {dag.py:3089} INFO - Sync 1 DAGs
[2026-03-04T07:58:50.882+0000] {logging_mixin.py:188} INFO - [2026-03-04T07:58:50.882+0000] {dag.py:3947} INFO - Setting next_dagrun for example_branch_dop_operator_v3 to 2026-03-04 07:57:00+00:00, run_after=2026-03-04 07:58:00+00:00
[2026-03-04T07:58:50.889+0000] {processor.py:183} INFO - Processing /home/airflow/.local/lib/python3.12/site-packages/airflow/example_dags/example_branch_python_dop_operator_3.py took 0.032 seconds
[2026-03-04T07:59:21.385+0000] {processor.py:161} INFO - Started process (PID=1028) to work on /home/airflow/.local/lib/python3.12/site-packages/airflow/example_dags/example_branch_python_dop_operator_3.py
[2026-03-04T07:59:21.386+0000] {processor.py:830} INFO - Processing file /home/airflow/.local/lib/python3.12/site-packages/airflow/example_dags/example_branch_python_dop_operator_3.py for tasks to queue
[2026-03-04T07:59:21.387+0000] {logging_mixin.py:188} INFO - [2026-03-04T07:59:21.387+0000] {dagbag.py:545} INFO - Filling up the DagBag from /home/airflow/.local/lib/python3.12/site-packages/airflow/example_dags/example_branch_python_dop_operator_3.py
[2026-03-04T07:59:21.390+0000] {processor.py:840} INFO - DAG(s) 'example_branch_dop_operator_v3' retrieved from /home/airflow/.local/lib/python3.12/site-packages/airflow/example_dags/example_branch_python_dop_operator_3.py
[2026-03-04T07:59:21.400+0000] {logging_mixin.py:188} INFO - [2026-03-04T07:59:21.400+0000] {dag.py:3089} INFO - Sync 1 DAGs
[2026-03-04T07:59:21.409+0000] {logging_mixin.py:188} INFO - [2026-03-04T07:59:21.409+0000] {dag.py:3947} INFO - Setting next_dagrun for example_branch_dop_operator_v3 to 2026-03-04 07:58:00+00:00, run_after=2026-03-04 07:59:00+00:00
[2026-03-04T07:59:21.415+0000] {processor.py:183} INFO - Processing /home/airflow/.local/lib/python3.12/site-packages/airflow/example_dags/example_branch_python_dop_operator_3.py took 0.033 seconds
[2026-03-04T07:59:52.029+0000] {processor.py:161} INFO - Started process (PID=1292) to work on /home/airflow/.local/lib/python3.12/site-packages/airflow/example_dags/example_branch_python_dop_operator_3.py
[2026-03-04T07:59:52.029+0000] {processor.py:830} INFO - Processing file /home/airflow/.local/lib/python3.12/site-packages/airflow/example_dags/example_branch_python_dop_operator_3.py for tasks to queue
[2026-03-04T07:59:52.030+0000] {logging_mixin.py:188} INFO - [2026-03-04T07:59:52.030+0000] {dagbag.py:545} INFO - Filling up the DagBag from /home/airflow/.local/lib/python3.12/site-packages/airflow/example_dags/example_branch_python_dop_operator_3.py
[2026-03-04T07:59:52.035+0000] {processor.py:840} INFO - DAG(s) 'example_branch_dop_operator_v3' retrieved from /home/airflow/.local/lib/python3.12/site-packages/airflow/example_dags/example_branch_python_dop_operator_3.py
[2026-03-04T07:59:52.046+0000] {logging_mixin.py:188} INFO - [2026-03-04T07:59:52.046+0000] {dag.py:3089} INFO - Sync 1 DAGs
[2026-03-04T07:59:52.061+0000] {logging_mixin.py:188} INFO - [2026-03-04T07:59:52.061+0000] {dag.py:3947} INFO - Setting next_dagrun for example_branch_dop_operator_v3 to 2026-03-04 07:58:00+00:00, run_after=2026-03-04 07:59:00+00:00
[2026-03-04T07:59:52.072+0000] {processor.py:183} INFO - Processing /home/airflow/.local/lib/python3.12/site-packages/airflow/example_dags/example_branch_python_dop_operator_3.py took 0.046 seconds
[2026-03-04T08:00:22.713+0000] {processor.py:161} INFO - Started process (PID=1552) to work on /home/airflow/.local/lib/python3.12/site-packages/airflow/example_dags/example_branch_python_dop_operator_3.py
[2026-03-04T08:00:22.713+0000] {processor.py:830} INFO - Processing file /home/airflow/.local/lib/python3.12/site-packages/airflow/example_dags/example_branch_python_dop_operator_3.py for tasks to queue
[2026-03-04T08:00:22.714+0000] {logging_mixin.py:188} INFO - [2026-03-04T08:00:22.714+0000] {dagbag.py:545} INFO - Filling up the DagBag from /home/airflow/.local/lib/python3.12/site-packages/airflow/example_dags/example_branch_python_dop_operator_3.py
[2026-03-04T08:00:22.717+0000] {processor.py:840} INFO - DAG(s) 'example_branch_dop_operator_v3' retrieved from /home/airflow/.local/lib/python3.12/site-packages/airflow/example_dags/example_branch_python_dop_operator_3.py
[2026-03-04T08:00:22.728+0000] {logging_mixin.py:188} INFO - [2026-03-04T08:00:22.728+0000] {dag.py:3089} INFO - Sync 1 DAGs
[2026-03-04T08:00:22.736+0000] {logging_mixin.py:188} INFO - [2026-03-04T08:00:22.736+0000] {dag.py:3947} INFO - Setting next_dagrun for example_branch_dop_operator_v3 to 2026-03-04 07:59:00+00:00, run_after=2026-03-04 08:00:00+00:00
[2026-03-04T08:00:22.748+0000] {processor.py:183} INFO - Processing /home/airflow/.local/lib/python3.12/site-packages/airflow/example_dags/example_branch_python_dop_operator_3.py took 0.038 seconds
[2026-03-04T08:00:53.310+0000] {processor.py:161} INFO - Started process (PID=1814) to work on /home/airflow/.local/lib/python3.12/site-packages/airflow/example_dags/example_branch_python_dop_operator_3.py
[2026-03-04T08:00:53.312+0000] {processor.py:830} INFO - Processing file /home/airflow/.local/lib/python3.12/site-packages/airflow/example_dags/example_branch_python_dop_operator_3.py for tasks to queue
[2026-03-04T08:00:53.315+0000] {logging_mixin.py:188} INFO - [2026-03-04T08:00:53.315+0000] {dagbag.py:545} INFO - Filling up the DagBag from /home/airflow/.local/lib/python3.12/site-packages/airflow/example_dags/example_branch_python_dop_operator_3.py
[2026-03-04T08:00:53.318+0000] {processor.py:840} INFO - DAG(s) 'example_branch_dop_operator_v3' retrieved from /home/airflow/.local/lib/python3.12/site-packages/airflow/example_dags/example_branch_python_dop_operator_3.py
[2026-03-04T08:00:53.327+0000] {logging_mixin.py:188} INFO - [2026-03-04T08:00:53.327+0000] {dag.py:3089} INFO - Sync 1 DAGs
[2026-03-04T08:00:53.335+0000] {logging_mixin.py:188} INFO - [2026-03-04T08:00:53.335+0000] {dag.py:3947} INFO - Setting next_dagrun for example_branch_dop_operator_v3 to 2026-03-04 07:59:00+00:00, run_after=2026-03-04 08:00:00+00:00
[2026-03-04T08:00:53.340+0000] {processor.py:183} INFO - Processing /home/airflow/.local/lib/python3.12/site-packages/airflow/example_dags/example_branch_python_dop_operator_3.py took 0.032 seconds
[2026-03-04T08:01:23.917+0000] {processor.py:161} INFO - Started process (PID=2076) to work on /home/airflow/.local/lib/python3.12/site-packages/airflow/example_dags/example_branch_python_dop_operator_3.py
[2026-03-04T08:01:23.918+0000] {processor.py:830} INFO - Processing file /home/airflow/.local/lib/python3.12/site-packages/airflow/example_dags/example_branch_python_dop_operator_3.py for tasks to queue
[2026-03-04T08:01:23.919+0000] {logging_mixin.py:188} INFO - [2026-03-04T08:01:23.919+0000] {dagbag.py:545} INFO - Filling up the DagBag from /home/airflow/.local/lib/python3.12/site-packages/airflow/example_dags/example_branch_python_dop_operator_3.py
[2026-03-04T08:01:23.922+0000] {processor.py:840} INFO - DAG(s) 'example_branch_dop_operator_v3' retrieved from /home/airflow/.local/lib/python3.12/site-packages/airflow/example_dags/example_branch_python_dop_operator_3.py
[2026-03-04T08:01:23.932+0000] {logging_mixin.py:188} INFO - [2026-03-04T08:01:23.932+0000] {dag.py:3089} INFO - Sync 1 DAGs
[2026-03-04T08:01:23.941+0000] {logging_mixin.py:188} INFO - [2026-03-04T08:01:23.941+0000] {dag.py:3947} INFO - Setting next_dagrun for example_branch_dop_operator_v3 to 2026-03-04 08:00:00+00:00, run_after=2026-03-04 08:01:00+00:00
[2026-03-04T08:01:23.951+0000] {processor.py:183} INFO - Processing /home/airflow/.local/lib/python3.12/site-packages/airflow/example_dags/example_branch_python_dop_operator_3.py took 0.036 seconds
[2026-03-04T08:01:54.493+0000] {processor.py:161} INFO - Started process (PID=2340) to work on /home/airflow/.local/lib/python3.12/site-packages/airflow/example_dags/example_branch_python_dop_operator_3.py
[2026-03-04T08:01:54.494+0000] {processor.py:830} INFO - Processing file /home/airflow/.local/lib/python3.12/site-packages/airflow/example_dags/example_branch_python_dop_operator_3.py for tasks to queue
[2026-03-04T08:01:54.495+0000] {logging_mixin.py:188} INFO - [2026-03-04T08:01:54.495+0000] {dagbag.py:545} INFO - Filling up the DagBag from /home/airflow/.local/lib/python3.12/site-packages/airflow/example_dags/example_branch_python_dop_operator_3.py
[2026-03-04T08:01:54.499+0000] {processor.py:840} INFO - DAG(s) 'example_branch_dop_operator_v3' retrieved from /home/airflow/.local/lib/python3.12/site-packages/airflow/example_dags/example_branch_python_dop_operator_3.py
[2026-03-04T08:01:54.508+0000] {logging_mixin.py:188} INFO - [2026-03-04T08:01:54.508+0000] {dag.py:3089} INFO - Sync 1 DAGs
[2026-03-04T08:01:54.516+0000] {logging_mixin.py:188} INFO - [2026-03-04T08:01:54.516+0000] {dag.py:3947} INFO - Setting next_dagrun for example_branch_dop_operator_v3 to 2026-03-04 08:00:00+00:00, run_after=2026-03-04 08:01:00+00:00
[2026-03-04T08:01:54.526+0000] {processor.py:183} INFO - Processing /home/airflow/.local/lib/python3.12/site-packages/airflow/example_dags/example_branch_python_dop_operator_3.py took 0.035 seconds
[2026-03-04T08:02:25.000+0000] {processor.py:161} INFO - Started process (PID=2600) to work on /home/airflow/.local/lib/python3.12/site-packages/airflow/example_dags/example_branch_python_dop_operator_3.py
[2026-03-04T08:02:25.001+0000] {processor.py:830} INFO - Processing file /home/airflow/.local/lib/python3.12/site-packages/airflow/example_dags/example_branch_python_dop_operator_3.py for tasks to queue
[2026-03-04T08:02:25.002+0000] {logging_mixin.py:188} INFO - [2026-03-04T08:02:25.002+0000] {dagbag.py:545} INFO - Filling up the DagBag from /home/airflow/.local/lib/python3.12/site-packages/airflow/example_dags/example_branch_python_dop_operator_3.py
[2026-03-04T08:02:25.005+0000] {processor.py:840} INFO - DAG(s) 'example_branch_dop_operator_v3' retrieved from /home/airflow/.local/lib/python3.12/site-packages/airflow/example_dags/example_branch_python_dop_operator_3.py
[2026-03-04T08:02:25.012+0000] {logging_mixin.py:188} INFO - [2026-03-04T08:02:25.012+0000] {dag.py:3089} INFO - Sync 1 DAGs
[2026-03-04T08:02:25.022+0000] {logging_mixin.py:188} INFO - [2026-03-04T08:02:25.022+0000] {dag.py:3947} INFO - Setting next_dagrun for example_branch_dop_operator_v3 to 2026-03-04 08:01:00+00:00, run_after=2026-03-04 08:02:00+00:00
[2026-03-04T08:02:25.030+0000] {processor.py:183} INFO - Processing /home/airflow/.local/lib/python3.12/site-packages/airflow/example_dags/example_branch_python_dop_operator_3.py took 0.032 seconds
[2026-03-04T08:02:55.516+0000] {processor.py:161} INFO - Started process (PID=2862) to work on /home/airflow/.local/lib/python3.12/site-packages/airflow/example_dags/example_branch_python_dop_operator_3.py
[2026-03-04T08:02:55.516+0000] {processor.py:830} INFO - Processing file /home/airflow/.local/lib/python3.12/site-packages/airflow/example_dags/example_branch_python_dop_operator_3.py for tasks to queue
[2026-03-04T08:02:55.517+0000] {logging_mixin.py:188} INFO - [2026-03-04T08:02:55.517+0000] {dagbag.py:545} INFO - Filling up the DagBag from /home/airflow/.local/lib/python3.12/site-packages/airflow/example_dags/example_branch_python_dop_operator_3.py
[2026-03-04T08:02:55.521+0000] {processor.py:840} INFO - DAG(s) 'example_branch_dop_operator_v3' retrieved from /home/airflow/.local/lib/python3.12/site-packages/airflow/example_dags/example_branch_python_dop_operator_3.py
[2026-03-04T08:02:55.528+0000] {logging_mixin.py:188} INFO - [2026-03-04T08:02:55.528+0000] {dag.py:3089} INFO - Sync 1 DAGs
[2026-03-04T08:02:55.537+0000] {logging_mixin.py:188} INFO - [2026-03-04T08:02:55.537+0000] {dag.py:3947} INFO - Setting next_dagrun for example_branch_dop_operator_v3 to 2026-03-04 08:01:00+00:00, run_after=2026-03-04 08:02:00+00:00
[2026-03-04T08:02:55.548+0000] {processor.py:183} INFO - Processing /home/airflow/.local/lib/python3.12/site-packages/airflow/example_dags/example_branch_python_dop_operator_3.py took 0.035 seconds
[2026-03-04T08:03:26.117+0000] {processor.py:161} INFO - Started process (PID=3124) to work on /home/airflow/.local/lib/python3.12/site-packages/airflow/example_dags/example_branch_python_dop_operator_3.py
[2026-03-04T08:03:26.118+0000] {processor.py:830} INFO - Processing file /home/airflow/.local/lib/python3.12/site-packages/airflow/example_dags/example_branch_python_dop_operator_3.py for tasks to queue
[2026-03-04T08:03:26.118+0000] {logging_mixin.py:188} INFO - [2026-03-04T08:03:26.118+0000] {dagbag.py:545} INFO - Filling up the DagBag from /home/airflow/.local/lib/python3.12/site-packages/airflow/example_dags/example_branch_python_dop_operator_3.py
[2026-03-04T08:03:26.121+0000] {processor.py:840} INFO - DAG(s) 'example_branch_dop_operator_v3' retrieved from /home/airflow/.local/lib/python3.12/site-packages/airflow/example_dags/example_branch_python_dop_operator_3.py
[2026-03-04T08:03:26.132+0000] {logging_mixin.py:188} INFO - [2026-03-04T08:03:26.132+0000] {dag.py:3089} INFO - Sync 1 DAGs
[2026-03-04T08:03:26.141+0000] {logging_mixin.py:188} INFO - [2026-03-04T08:03:26.141+0000] {dag.py:3947} INFO - Setting next_dagrun for example_branch_dop_operator_v3 to 2026-03-04 08:02:00+00:00, run_after=2026-03-04 08:03:00+00:00
[2026-03-04T08:03:26.146+0000] {processor.py:183} INFO - Processing /home/airflow/.local/lib/python3.12/site-packages/airflow/example_dags/example_branch_python_dop_operator_3.py took 0.031 seconds
[2026-03-04T08:03:56.647+0000] {processor.py:161} INFO - Started process (PID=3386) to work on /home/airflow/.local/lib/python3.12/site-packages/airflow/example_dags/example_branch_python_dop_operator_3.py
[2026-03-04T08:03:56.647+0000] {processor.py:830} INFO - Processing file /home/airflow/.local/lib/python3.12/site-packages/airflow/example_dags/example_branch_python_dop_operator_3.py for tasks to queue
[2026-03-04T08:03:56.649+0000] {logging_mixin.py:188} INFO - [2026-03-04T08:03:56.648+0000] {dagbag.py:545} INFO - Filling up the DagBag from /home/airflow/.local/lib/python3.12/site-packages/airflow/example_dags/example_branch_python_dop_operator_3.py
[2026-03-04T08:03:56.652+0000] {processor.py:840} INFO - DAG(s) 'example_branch_dop_operator_v3' retrieved from /home/airflow/.local/lib/python3.12/site-packages/airflow/example_dags/example_branch_python_dop_operator_3.py
[2026-03-04T08:03:56.662+0000] {logging_mixin.py:188} INFO - [2026-03-04T08:03:56.662+0000] {dag.py:3089} INFO - Sync 1 DAGs
[2026-03-04T08:03:56.672+0000] {logging_mixin.py:188} INFO - [2026-03-04T08:03:56.672+0000] {dag.py:3947} INFO - Setting next_dagrun for example_branch_dop_operator_v3 to 2026-03-04 08:02:00+00:00, run_after=2026-03-04 08:03:00+00:00
[2026-03-04T08:03:56.682+0000] {processor.py:183} INFO - Processing /home/airflow/.local/lib/python3.12/site-packages/airflow/example_dags/example_branch_python_dop_operator_3.py took 0.037 seconds
[2026-03-04T08:04:27.239+0000] {processor.py:161} INFO - Started process (PID=3648) to work on /home/airflow/.local/lib/python3.12/site-packages/airflow/example_dags/example_branch_python_dop_operator_3.py
[2026-03-04T08:04:27.239+0000] {processor.py:830} INFO - Processing file /home/airflow/.local/lib/python3.12/site-packages/airflow/example_dags/example_branch_python_dop_operator_3.py for tasks to queue
[2026-03-04T08:04:27.240+0000] {logging_mixin.py:188} INFO - [2026-03-04T08:04:27.240+0000] {dagbag.py:545} INFO - Filling up the DagBag from /home/airflow/.local/lib/python3.12/site-packages/airflow/example_dags/example_branch_python_dop_operator_3.py
[2026-03-04T08:04:27.245+0000] {processor.py:840} INFO - DAG(s) 'example_branch_dop_operator_v3' retrieved from /home/airflow/.local/lib/python3.12/site-packages/airflow/example_dags/example_branch_python_dop_operator_3.py
[2026-03-04T08:04:27.258+0000] {logging_mixin.py:188} INFO - [2026-03-04T08:04:27.257+0000] {dag.py:3089} INFO - Sync 1 DAGs
[2026-03-04T08:04:27.266+0000] {logging_mixin.py:188} INFO - [2026-03-04T08:04:27.266+0000] {dag.py:3947} INFO - Setting next_dagrun for example_branch_dop_operator_v3 to 2026-03-04 08:03:00+00:00, run_after=2026-03-04 08:04:00+00:00
[2026-03-04T08:04:27.273+0000] {processor.py:183} INFO - Processing /home/airflow/.local/lib/python3.12/site-packages/airflow/example_dags/example_branch_python_dop_operator_3.py took 0.038 seconds
[2026-03-04T08:04:57.817+0000] {processor.py:161} INFO - Started process (PID=3910) to work on /home/airflow/.local/lib/python3.12/site-packages/airflow/example_dags/example_branch_python_dop_operator_3.py
[2026-03-04T08:04:57.817+0000] {processor.py:830} INFO - Processing file /home/airflow/.local/lib/python3.12/site-packages/airflow/example_dags/example_branch_python_dop_operator_3.py for tasks to queue
[2026-03-04T08:04:57.819+0000] {logging_mixin.py:188} INFO - [2026-03-04T08:04:57.819+0000] {dagbag.py:545} INFO - Filling up the DagBag from /home/airflow/.local/lib/python3.12/site-packages/airflow/example_dags/example_branch_python_dop_operator_3.py
[2026-03-04T08:04:57.822+0000] {processor.py:840} INFO - DAG(s) 'example_branch_dop_operator_v3' retrieved from /home/airflow/.local/lib/python3.12/site-packages/airflow/example_dags/example_branch_python_dop_operator_3.py
[2026-03-04T08:04:57.831+0000] {logging_mixin.py:188} INFO - [2026-03-04T08:04:57.831+0000] {dag.py:3089} INFO - Sync 1 DAGs
[2026-03-04T08:04:57.839+0000] {logging_mixin.py:188} INFO - [2026-03-04T08:04:57.839+0000] {dag.py:3947} INFO - Setting next_dagrun for example_branch_dop_operator_v3 to 2026-03-04 08:03:00+00:00, run_after=2026-03-04 08:04:00+00:00
[2026-03-04T08:04:57.847+0000] {processor.py:183} INFO - Processing /home/airflow/.local/lib/python3.12/site-packages/airflow/example_dags/example_branch_python_dop_operator_3.py took 0.032 seconds
[2026-03-04T08:05:28.415+0000] {processor.py:161} INFO - Started process (PID=4172) to work on /home/airflow/.local/lib/python3.12/site-packages/airflow/example_dags/example_branch_python_dop_operator_3.py
[2026-03-04T08:05:28.415+0000] {processor.py:830} INFO - Processing file /home/airflow/.local/lib/python3.12/site-packages/airflow/example_dags/example_branch_python_dop_operator_3.py for tasks to queue
[2026-03-04T08:05:28.417+0000] {logging_mixin.py:188} INFO - [2026-03-04T08:05:28.417+0000] {dagbag.py:545} INFO - Filling up the DagBag from /home/airflow/.local/lib/python3.12/site-packages/airflow/example_dags/example_branch_python_dop_operator_3.py
[2026-03-04T08:05:28.421+0000] {processor.py:840} INFO - DAG(s) 'example_branch_dop_operator_v3' retrieved from /home/airflow/.local/lib/python3.12/site-packages/airflow/example_dags/example_branch_python_dop_operator_3.py
[2026-03-04T08:05:28.429+0000] {logging_mixin.py:188} INFO - [2026-03-04T08:05:28.429+0000] {dag.py:3089} INFO - Sync 1 DAGs
[2026-03-04T08:05:28.439+0000] {logging_mixin.py:188} INFO - [2026-03-04T08:05:28.439+0000] {dag.py:3947} INFO - Setting next_dagrun for example_branch_dop_operator_v3 to 2026-03-04 08:04:00+00:00, run_after=2026-03-04 08:05:00+00:00
[2026-03-04T08:05:28.454+0000] {processor.py:183} INFO - Processing /home/airflow/.local/lib/python3.12/site-packages/airflow/example_dags/example_branch_python_dop_operator_3.py took 0.041 seconds
[2026-03-04T08:05:59.004+0000] {processor.py:161} INFO - Started process (PID=4436) to work on /home/airflow/.local/lib/python3.12/site-packages/airflow/example_dags/example_branch_python_dop_operator_3.py
[2026-03-04T08:05:59.004+0000] {processor.py:830} INFO - Processing file /home/airflow/.local/lib/python3.12/site-packages/airflow/example_dags/example_branch_python_dop_operator_3.py for tasks to queue
[2026-03-04T08:05:59.005+0000] {logging_mixin.py:188} INFO - [2026-03-04T08:05:59.005+0000] {dagbag.py:545} INFO - Filling up the DagBag from /home/airflow/.local/lib/python3.12/site-packages/airflow/example_dags/example_branch_python_dop_operator_3.py
[2026-03-04T08:05:59.008+0000] {processor.py:840} INFO - DAG(s) 'example_branch_dop_operator_v3' retrieved from /home/airflow/.local/lib/python3.12/site-packages/airflow/example_dags/example_branch_python_dop_operator_3.py
[2026-03-04T08:05:59.014+0000] {logging_mixin.py:188} INFO - [2026-03-04T08:05:59.014+0000] {dag.py:3089} INFO - Sync 1 DAGs
[2026-03-04T08:05:59.021+0000] {logging_mixin.py:188} INFO - [2026-03-04T08:05:59.021+0000] {dag.py:3947} INFO - Setting next_dagrun for example_branch_dop_operator_v3 to 2026-03-04 08:04:00+00:00, run_after=2026-03-04 08:05:00+00:00
[2026-03-04T08:05:59.026+0000] {processor.py:183} INFO - Processing /home/airflow/.local/lib/python3.12/site-packages/airflow/example_dags/example_branch_python_dop_operator_3.py took 0.024 seconds
[2026-03-04T08:06:29.516+0000] {processor.py:161} INFO - Started process (PID=4698) to work on /home/airflow/.local/lib/python3.12/site-packages/airflow/example_dags/example_branch_python_dop_operator_3.py
[2026-03-04T08:06:29.516+0000] {processor.py:830} INFO - Processing file /home/airflow/.local/lib/python3.12/site-packages/airflow/example_dags/example_branch_python_dop_operator_3.py for tasks to queue
[2026-03-04T08:06:29.517+0000] {logging_mixin.py:188} INFO - [2026-03-04T08:06:29.517+0000] {dagbag.py:545} INFO - Filling up the DagBag from /home/airflow/.local/lib/python3.12/site-packages/airflow/example_dags/example_branch_python_dop_operator_3.py
[2026-03-04T08:06:29.520+0000] {processor.py:840} INFO - DAG(s) 'example_branch_dop_operator_v3' retrieved from /home/airflow/.local/lib/python3.12/site-packages/airflow/example_dags/example_branch_python_dop_operator_3.py
[2026-03-04T08:06:29.526+0000] {logging_mixin.py:188} INFO - [2026-03-04T08:06:29.526+0000] {dag.py:3089} INFO - Sync 1 DAGs
[2026-03-04T08:06:29.533+0000] {logging_mixin.py:188} INFO - [2026-03-04T08:06:29.533+0000] {dag.py:3947} INFO - Setting next_dagrun for example_branch_dop_operator_v3 to 2026-03-04 08:05:00+00:00, run_after=2026-03-04 08:06:00+00:00
[2026-03-04T08:06:29.538+0000] {processor.py:183} INFO - Processing /home/airflow/.local/lib/python3.12/site-packages/airflow/example_dags/example_branch_python_dop_operator_3.py took 0.024 seconds
[2026-03-04T08:07:00.108+0000] {processor.py:161} INFO - Started process (PID=4958) to work on /home/airflow/.local/lib/python3.12/site-packages/airflow/example_dags/example_branch_python_dop_operator_3.py
[2026-03-04T08:07:00.109+0000] {processor.py:830} INFO - Processing file /home/airflow/.local/lib/python3.12/site-packages/airflow/example_dags/example_branch_python_dop_operator_3.py for tasks to queue
[2026-03-04T08:07:00.111+0000] {logging_mixin.py:188} INFO - [2026-03-04T08:07:00.111+0000] {dagbag.py:545} INFO - Filling up the DagBag from /home/airflow/.local/lib/python3.12/site-packages/airflow/example_dags/example_branch_python_dop_operator_3.py
[2026-03-04T08:07:00.115+0000] {processor.py:840} INFO - DAG(s) 'example_branch_dop_operator_v3' retrieved from /home/airflow/.local/lib/python3.12/site-packages/airflow/example_dags/example_branch_python_dop_operator_3.py
[2026-03-04T08:07:00.124+0000] {logging_mixin.py:188} INFO - [2026-03-04T08:07:00.123+0000] {dag.py:3089} INFO - Sync 1 DAGs
[2026-03-04T08:07:00.132+0000] {logging_mixin.py:188} INFO - [2026-03-04T08:07:00.132+0000] {dag.py:3947} INFO - Setting next_dagrun for example_branch_dop_operator_v3 to 2026-03-04 08:06:00+00:00, run_after=2026-03-04 08:07:00+00:00
[2026-03-04T08:07:00.138+0000] {processor.py:183} INFO - Processing /home/airflow/.local/lib/python3.12/site-packages/airflow/example_dags/example_branch_python_dop_operator_3.py took 0.032 seconds
[2026-03-04T08:07:30.602+0000] {processor.py:161} INFO - Started process (PID=5220) to work on /home/airflow/.local/lib/python3.12/site-packages/airflow/example_dags/example_branch_python_dop_operator_3.py
[2026-03-04T08:07:30.602+0000] {processor.py:830} INFO - Processing file /home/airflow/.local/lib/python3.12/site-packages/airflow/example_dags/example_branch_python_dop_operator_3.py for tasks to queue
[2026-03-04T08:07:30.603+0000] {logging_mixin.py:188} INFO - [2026-03-04T08:07:30.603+0000] {dagbag.py:545} INFO - Filling up the DagBag from /home/airflow/.local/lib/python3.12/site-packages/airflow/example_dags/example_branch_python_dop_operator_3.py
[2026-03-04T08:07:30.607+0000] {processor.py:840} INFO - DAG(s) 'example_branch_dop_operator_v3' retrieved from /home/airflow/.local/lib/python3.12/site-packages/airflow/example_dags/example_branch_python_dop_operator_3.py
[2026-03-04T08:07:30.620+0000] {logging_mixin.py:188} INFO - [2026-03-04T08:07:30.620+0000] {dag.py:3089} INFO - Sync 1 DAGs
[2026-03-04T08:07:30.628+0000] {logging_mixin.py:188} INFO - [2026-03-04T08:07:30.628+0000] {dag.py:3947} INFO - Setting next_dagrun for example_branch_dop_operator_v3 to 2026-03-04 08:06:00+00:00, run_after=2026-03-04 08:07:00+00:00
[2026-03-04T08:07:30.634+0000] {processor.py:183} INFO - Processing /home/airflow/.local/lib/python3.12/site-packages/airflow/example_dags/example_branch_python_dop_operator_3.py took 0.035 seconds
[2026-03-04T08:08:01.203+0000] {processor.py:161} INFO - Started process (PID=5482) to work on /home/airflow/.local/lib/python3.12/site-packages/airflow/example_dags/example_branch_python_dop_operator_3.py
[2026-03-04T08:08:01.205+0000] {processor.py:830} INFO - Processing file /home/airflow/.local/lib/python3.12/site-packages/airflow/example_dags/example_branch_python_dop_operator_3.py for tasks to queue
[2026-03-04T08:08:01.208+0000] {logging_mixin.py:188} INFO - [2026-03-04T08:08:01.207+0000] {dagbag.py:545} INFO - Filling up the DagBag from /home/airflow/.local/lib/python3.12/site-packages/airflow/example_dags/example_branch_python_dop_operator_3.py
[2026-03-04T08:08:01.211+0000] {processor.py:840} INFO - DAG(s) 'example_branch_dop_operator_v3' retrieved from /home/airflow/.local/lib/python3.12/site-packages/airflow/example_dags/example_branch_python_dop_operator_3.py
[2026-03-04T08:08:01.221+0000] {logging_mixin.py:188} INFO - [2026-03-04T08:08:01.221+0000] {dag.py:3089} INFO - Sync 1 DAGs
[2026-03-04T08:08:01.231+0000] {logging_mixin.py:188} INFO - [2026-03-04T08:08:01.231+0000] {dag.py:3947} INFO - Setting next_dagrun for example_branch_dop_operator_v3 to 2026-03-04 08:07:00+00:00, run_after=2026-03-04 08:08:00+00:00
[2026-03-04T08:08:01.237+0000] {processor.py:183} INFO - Processing /home/airflow/.local/lib/python3.12/site-packages/airflow/example_dags/example_branch_python_dop_operator_3.py took 0.036 seconds
[2026-03-04T08:08:31.768+0000] {processor.py:161} INFO - Started process (PID=5746) to work on /home/airflow/.local/lib/python3.12/site-packages/airflow/example_dags/example_branch_python_dop_operator_3.py
[2026-03-04T08:08:31.768+0000] {processor.py:830} INFO - Processing file /home/airflow/.local/lib/python3.12/site-packages/airflow/example_dags/example_branch_python_dop_operator_3.py for tasks to queue
[2026-03-04T08:08:31.769+0000] {logging_mixin.py:188} INFO - [2026-03-04T08:08:31.769+0000] {dagbag.py:545} INFO - Filling up the DagBag from /home/airflow/.local/lib/python3.12/site-packages/airflow/example_dags/example_branch_python_dop_operator_3.py
[2026-03-04T08:08:31.772+0000] {processor.py:840} INFO - DAG(s) 'example_branch_dop_operator_v3' retrieved from /home/airflow/.local/lib/python3.12/site-packages/airflow/example_dags/example_branch_python_dop_operator_3.py
[2026-03-04T08:08:31.778+0000] {logging_mixin.py:188} INFO - [2026-03-04T08:08:31.778+0000] {dag.py:3089} INFO - Sync 1 DAGs
[2026-03-04T08:08:31.786+0000] {logging_mixin.py:188} INFO - [2026-03-04T08:08:31.785+0000] {dag.py:3947} INFO - Setting next_dagrun for example_branch_dop_operator_v3 to 2026-03-04 08:07:00+00:00, run_after=2026-03-04 08:08:00+00:00
[2026-03-04T08:08:31.790+0000] {processor.py:183} INFO - Processing /home/airflow/.local/lib/python3.12/site-packages/airflow/example_dags/example_branch_python_dop_operator_3.py took 0.024 seconds
[2026-03-04T08:09:02.432+0000] {processor.py:161} INFO - Started process (PID=6008) to work on /home/airflow/.local/lib/python3.12/site-packages/airflow/example_dags/example_branch_python_dop_operator_3.py
[2026-03-04T08:09:02.433+0000] {processor.py:830} INFO - Processing file /home/airflow/.local/lib/python3.12/site-packages/airflow/example_dags/example_branch_python_dop_operator_3.py for tasks to queue
[2026-03-04T08:09:02.433+0000] {logging_mixin.py:188} INFO - [2026-03-04T08:09:02.433+0000] {dagbag.py:545} INFO - Filling up the DagBag from /home/airflow/.local/lib/python3.12/site-packages/airflow/example_dags/example_branch_python_dop_operator_3.py
[2026-03-04T08:09:02.436+0000] {processor.py:840} INFO - DAG(s) 'example_branch_dop_operator_v3' retrieved from /home/airflow/.local/lib/python3.12/site-packages/airflow/example_dags/example_branch_python_dop_operator_3.py
[2026-03-04T08:09:02.446+0000] {logging_mixin.py:188} INFO - [2026-03-04T08:09:02.446+0000] {dag.py:3089} INFO - Sync 1 DAGs
[2026-03-04T08:09:02.456+0000] {logging_mixin.py:188} INFO - [2026-03-04T08:09:02.456+0000] {dag.py:3947} INFO - Setting next_dagrun for example_branch_dop_operator_v3 to 2026-03-04 08:08:00+00:00, run_after=2026-03-04 08:09:00+00:00
[2026-03-04T08:09:02.466+0000] {processor.py:183} INFO - Processing /home/airflow/.local/lib/python3.12/site-packages/airflow/example_dags/example_branch_python_dop_operator_3.py took 0.036 seconds
[2026-03-04T08:09:32.990+0000] {processor.py:161} INFO - Started process (PID=6268) to work on /home/airflow/.local/lib/python3.12/site-packages/airflow/example_dags/example_branch_python_dop_operator_3.py
[2026-03-04T08:09:32.991+0000] {processor.py:830} INFO - Processing file /home/airflow/.local/lib/python3.12/site-packages/airflow/example_dags/example_branch_python_dop_operator_3.py for tasks to queue
[2026-03-04T08:09:32.992+0000] {logging_mixin.py:188} INFO - [2026-03-04T08:09:32.992+0000] {dagbag.py:545} INFO - Filling up the DagBag from /home/airflow/.local/lib/python3.12/site-packages/airflow/example_dags/example_branch_python_dop_operator_3.py
[2026-03-04T08:09:32.996+0000] {processor.py:840} INFO - DAG(s) 'example_branch_dop_operator_v3' retrieved from /home/airflow/.local/lib/python3.12/site-packages/airflow/example_dags/example_branch_python_dop_operator_3.py
[2026-03-04T08:09:33.008+0000] {logging_mixin.py:188} INFO - [2026-03-04T08:09:33.008+0000] {dag.py:3089} INFO - Sync 1 DAGs
[2026-03-04T08:09:33.017+0000] {logging_mixin.py:188} INFO - [2026-03-04T08:09:33.017+0000] {dag.py:3947} INFO - Setting next_dagrun for example_branch_dop_operator_v3 to 2026-03-04 08:08:00+00:00, run_after=2026-03-04 08:09:00+00:00
[2026-03-04T08:09:33.025+0000] {processor.py:183} INFO - Processing /home/airflow/.local/lib/python3.12/site-packages/airflow/example_dags/example_branch_python_dop_operator_3.py took 0.037 seconds
[2026-03-04T08:10:03.590+0000] {processor.py:161} INFO - Started process (PID=6532) to work on /home/airflow/.local/lib/python3.12/site-packages/airflow/example_dags/example_branch_python_dop_operator_3.py
[2026-03-04T08:10:03.591+0000] {processor.py:830} INFO - Processing file /home/airflow/.local/lib/python3.12/site-packages/airflow/example_dags/example_branch_python_dop_operator_3.py for tasks to queue
[2026-03-04T08:10:03.591+0000] {logging_mixin.py:188} INFO - [2026-03-04T08:10:03.591+0000] {dagbag.py:545} INFO - Filling up the DagBag from /home/airflow/.local/lib/python3.12/site-packages/airflow/example_dags/example_branch_python_dop_operator_3.py
[2026-03-04T08:10:03.594+0000] {processor.py:840} INFO - DAG(s) 'example_branch_dop_operator_v3' retrieved from /home/airflow/.local/lib/python3.12/site-packages/airflow/example_dags/example_branch_python_dop_operator_3.py
[2026-03-04T08:10:03.601+0000] {logging_mixin.py:188} INFO - [2026-03-04T08:10:03.601+0000] {dag.py:3089} INFO - Sync 1 DAGs
[2026-03-04T08:10:03.608+0000] {logging_mixin.py:188} INFO - [2026-03-04T08:10:03.608+0000] {dag.py:3947} INFO - Setting next_dagrun for example_branch_dop_operator_v3 to 2026-03-04 08:09:00+00:00, run_after=2026-03-04 08:10:00+00:00
[2026-03-04T08:10:03.613+0000] {processor.py:183} INFO - Processing /home/airflow/.local/lib/python3.12/site-packages/airflow/example_dags/example_branch_python_dop_operator_3.py took 0.025 seconds
[2026-03-04T08:10:34.108+0000] {processor.py:161} INFO - Started process (PID=6795) to work on /home/airflow/.local/lib/python3.12/site-packages/airflow/example_dags/example_branch_python_dop_operator_3.py
[2026-03-04T08:10:34.110+0000] {processor.py:830} INFO - Processing file /home/airflow/.local/lib/python3.12/site-packages/airflow/example_dags/example_branch_python_dop_operator_3.py for tasks to queue
[2026-03-04T08:10:34.111+0000] {logging_mixin.py:188} INFO - [2026-03-04T08:10:34.111+0000] {dagbag.py:545} INFO - Filling up the DagBag from /home/airflow/.local/lib/python3.12/site-packages/airflow/example_dags/example_branch_python_dop_operator_3.py
[2026-03-04T08:10:34.116+0000] {processor.py:840} INFO - DAG(s) 'example_branch_dop_operator_v3' retrieved from /home/airflow/.local/lib/python3.12/site-packages/airflow/example_dags/example_branch_python_dop_operator_3.py
[2026-03-04T08:10:34.124+0000] {logging_mixin.py:188} INFO - [2026-03-04T08:10:34.123+0000] {dag.py:3089} INFO - Sync 1 DAGs
[2026-03-04T08:10:34.134+0000] {logging_mixin.py:188} INFO - [2026-03-04T08:10:34.133+0000] {dag.py:3947} INFO - Setting next_dagrun for example_branch_dop_operator_v3 to 2026-03-04 08:09:00+00:00, run_after=2026-03-04 08:10:00+00:00
[2026-03-04T08:10:34.139+0000] {processor.py:183} INFO - Processing /home/airflow/.local/lib/python3.12/site-packages/airflow/example_dags/example_branch_python_dop_operator_3.py took 0.033 seconds
[2026-03-04T08:11:04.767+0000] {processor.py:161} INFO - Started process (PID=7057) to work on /home/airflow/.local/lib/python3.12/site-packages/airflow/example_dags/example_branch_python_dop_operator_3.py
[2026-03-04T08:11:04.769+0000] {processor.py:830} INFO - Processing file /home/airflow/.local/lib/python3.12/site-packages/airflow/example_dags/example_branch_python_dop_operator_3.py for tasks to queue
[2026-03-04T08:11:04.770+0000] {logging_mixin.py:188} INFO - [2026-03-04T08:11:04.770+0000] {dagbag.py:545} INFO - Filling up the DagBag from /home/airflow/.local/lib/python3.12/site-packages/airflow/example_dags/example_branch_python_dop_operator_3.py
[2026-03-04T08:11:04.775+0000] {processor.py:840} INFO - DAG(s) 'example_branch_dop_operator_v3' retrieved from /home/airflow/.local/lib/python3.12/site-packages/airflow/example_dags/example_branch_python_dop_operator_3.py
[2026-03-04T08:11:04.785+0000] {logging_mixin.py:188} INFO - [2026-03-04T08:11:04.785+0000] {dag.py:3089} INFO - Sync 1 DAGs
[2026-03-04T08:11:04.793+0000] {logging_mixin.py:188} INFO - [2026-03-04T08:11:04.793+0000] {dag.py:3947} INFO - Setting next_dagrun for example_branch_dop_operator_v3 to 2026-03-04 08:10:00+00:00, run_after=2026-03-04 08:11:00+00:00
[2026-03-04T08:11:04.798+0000] {processor.py:183} INFO - Processing /home/airflow/.local/lib/python3.12/site-packages/airflow/example_dags/example_branch_python_dop_operator_3.py took 0.033 seconds
[2026-03-04T08:11:35.402+0000] {processor.py:161} INFO - Started process (PID=7321) to work on /home/airflow/.local/lib/python3.12/site-packages/airflow/example_dags/example_branch_python_dop_operator_3.py
[2026-03-04T08:11:35.403+0000] {processor.py:830} INFO - Processing file /home/airflow/.local/lib/python3.12/site-packages/airflow/example_dags/example_branch_python_dop_operator_3.py for tasks to queue
[2026-03-04T08:11:35.403+0000] {logging_mixin.py:188} INFO - [2026-03-04T08:11:35.403+0000] {dagbag.py:545} INFO - Filling up the DagBag from /home/airflow/.local/lib/python3.12/site-packages/airflow/example_dags/example_branch_python_dop_operator_3.py
[2026-03-04T08:11:35.406+0000] {processor.py:840} INFO - DAG(s) 'example_branch_dop_operator_v3' retrieved from /home/airflow/.local/lib/python3.12/site-packages/airflow/example_dags/example_branch_python_dop_operator_3.py
[2026-03-04T08:11:35.417+0000] {logging_mixin.py:188} INFO - [2026-03-04T08:11:35.417+0000] {dag.py:3089} INFO - Sync 1 DAGs
[2026-03-04T08:11:35.427+0000] {logging_mixin.py:188} INFO - [2026-03-04T08:11:35.426+0000] {dag.py:3947} INFO - Setting next_dagrun for example_branch_dop_operator_v3 to 2026-03-04 08:10:00+00:00, run_after=2026-03-04 08:11:00+00:00
[2026-03-04T08:11:35.434+0000] {processor.py:183} INFO - Processing /home/airflow/.local/lib/python3.12/site-packages/airflow/example_dags/example_branch_python_dop_operator_3.py took 0.034 seconds
[2026-03-04T08:12:05.912+0000] {processor.py:161} INFO - Started process (PID=7581) to work on /home/airflow/.local/lib/python3.12/site-packages/airflow/example_dags/example_branch_python_dop_operator_3.py
[2026-03-04T08:12:05.912+0000] {processor.py:830} INFO - Processing file /home/airflow/.local/lib/python3.12/site-packages/airflow/example_dags/example_branch_python_dop_operator_3.py for tasks to queue
[2026-03-04T08:12:05.913+0000] {logging_mixin.py:188} INFO - [2026-03-04T08:12:05.913+0000] {dagbag.py:545} INFO - Filling up the DagBag from /home/airflow/.local/lib/python3.12/site-packages/airflow/example_dags/example_branch_python_dop_operator_3.py
[2026-03-04T08:12:05.916+0000] {processor.py:840} INFO - DAG(s) 'example_branch_dop_operator_v3' retrieved from /home/airflow/.local/lib/python3.12/site-packages/airflow/example_dags/example_branch_python_dop_operator_3.py
[2026-03-04T08:12:05.923+0000] {logging_mixin.py:188} INFO - [2026-03-04T08:12:05.923+0000] {dag.py:3089} INFO - Sync 1 DAGs
[2026-03-04T08:12:05.931+0000] {logging_mixin.py:188} INFO - [2026-03-04T08:12:05.931+0000] {dag.py:3947} INFO - Setting next_dagrun for example_branch_dop_operator_v3 to 2026-03-04 08:11:00+00:00, run_after=2026-03-04 08:12:00+00:00
[2026-03-04T08:12:05.941+0000] {processor.py:183} INFO - Processing /home/airflow/.local/lib/python3.12/site-packages/airflow/example_dags/example_branch_python_dop_operator_3.py took 0.031 seconds
[2026-03-04T08:12:36.477+0000] {processor.py:161} INFO - Started process (PID=7845) to work on /home/airflow/.local/lib/python3.12/site-packages/airflow/example_dags/example_branch_python_dop_operator_3.py
[2026-03-04T08:12:36.477+0000] {processor.py:830} INFO - Processing file /home/airflow/.local/lib/python3.12/site-packages/airflow/example_dags/example_branch_python_dop_operator_3.py for tasks to queue
[2026-03-04T08:12:36.478+0000] {logging_mixin.py:188} INFO - [2026-03-04T08:12:36.478+0000] {dagbag.py:545} INFO - Filling up the DagBag from /home/airflow/.local/lib/python3.12/site-packages/airflow/example_dags/example_branch_python_dop_operator_3.py
[2026-03-04T08:12:36.480+0000] {processor.py:840} INFO - DAG(s) 'example_branch_dop_operator_v3' retrieved from /home/airflow/.local/lib/python3.12/site-packages/airflow/example_dags/example_branch_python_dop_operator_3.py
[2026-03-04T08:12:36.490+0000] {logging_mixin.py:188} INFO - [2026-03-04T08:12:36.490+0000] {dag.py:3089} INFO - Sync 1 DAGs
[2026-03-04T08:12:36.500+0000] {logging_mixin.py:188} INFO - [2026-03-04T08:12:36.500+0000] {dag.py:3947} INFO - Setting next_dagrun for example_branch_dop_operator_v3 to 2026-03-04 08:11:00+00:00, run_after=2026-03-04 08:12:00+00:00
[2026-03-04T08:12:36.508+0000] {processor.py:183} INFO - Processing /home/airflow/.local/lib/python3.12/site-packages/airflow/example_dags/example_branch_python_dop_operator_3.py took 0.033 seconds
[2026-03-04T08:13:06.991+0000] {processor.py:161} INFO - Started process (PID=8105) to work on /home/airflow/.local/lib/python3.12/site-packages/airflow/example_dags/example_branch_python_dop_operator_3.py
[2026-03-04T08:13:06.994+0000] {processor.py:830} INFO - Processing file /home/airflow/.local/lib/python3.12/site-packages/airflow/example_dags/example_branch_python_dop_operator_3.py for tasks to queue
[2026-03-04T08:13:06.995+0000] {logging_mixin.py:188} INFO - [2026-03-04T08:13:06.995+0000] {dagbag.py:545} INFO - Filling up the DagBag from /home/airflow/.local/lib/python3.12/site-packages/airflow/example_dags/example_branch_python_dop_operator_3.py
[2026-03-04T08:13:06.999+0000] {processor.py:840} INFO - DAG(s) 'example_branch_dop_operator_v3' retrieved from /home/airflow/.local/lib/python3.12/site-packages/airflow/example_dags/example_branch_python_dop_operator_3.py
[2026-03-04T08:13:07.008+0000] {logging_mixin.py:188} INFO - [2026-03-04T08:13:07.008+0000] {dag.py:3089} INFO - Sync 1 DAGs
[2026-03-04T08:13:07.018+0000] {logging_mixin.py:188} INFO - [2026-03-04T08:13:07.018+0000] {dag.py:3947} INFO - Setting next_dagrun for example_branch_dop_operator_v3 to 2026-03-04 08:12:00+00:00, run_after=2026-03-04 08:13:00+00:00
[2026-03-04T08:13:07.023+0000] {processor.py:183} INFO - Processing /home/airflow/.local/lib/python3.12/site-packages/airflow/example_dags/example_branch_python_dop_operator_3.py took 0.035 seconds
[2026-03-04T08:13:37.559+0000] {processor.py:161} INFO - Started process (PID=8367) to work on /home/airflow/.local/lib/python3.12/site-packages/airflow/example_dags/example_branch_python_dop_operator_3.py
[2026-03-04T08:13:37.560+0000] {processor.py:830} INFO - Processing file /home/airflow/.local/lib/python3.12/site-packages/airflow/example_dags/example_branch_python_dop_operator_3.py for tasks to queue
[2026-03-04T08:13:37.561+0000] {logging_mixin.py:188} INFO - [2026-03-04T08:13:37.561+0000] {dagbag.py:545} INFO - Filling up the DagBag from /home/airflow/.local/lib/python3.12/site-packages/airflow/example_dags/example_branch_python_dop_operator_3.py
[2026-03-04T08:13:37.563+0000] {processor.py:840} INFO - DAG(s) 'example_branch_dop_operator_v3' retrieved from /home/airflow/.local/lib/python3.12/site-packages/airflow/example_dags/example_branch_python_dop_operator_3.py
[2026-03-04T08:13:37.571+0000] {logging_mixin.py:188} INFO - [2026-03-04T08:13:37.571+0000] {dag.py:3089} INFO - Sync 1 DAGs
[2026-03-04T08:13:37.581+0000] {logging_mixin.py:188} INFO - [2026-03-04T08:13:37.581+0000] {dag.py:3947} INFO - Setting next_dagrun for example_branch_dop_operator_v3 to 2026-03-04 08:12:00+00:00, run_after=2026-03-04 08:13:00+00:00
[2026-03-04T08:13:37.590+0000] {processor.py:183} INFO - Processing /home/airflow/.local/lib/python3.12/site-packages/airflow/example_dags/example_branch_python_dop_operator_3.py took 0.032 seconds
[2026-03-04T08:14:08.080+0000] {processor.py:161} INFO - Started process (PID=8629) to work on /home/airflow/.local/lib/python3.12/site-packages/airflow/example_dags/example_branch_python_dop_operator_3.py
[2026-03-04T08:14:08.081+0000] {processor.py:830} INFO - Processing file /home/airflow/.local/lib/python3.12/site-packages/airflow/example_dags/example_branch_python_dop_operator_3.py for tasks to queue
[2026-03-04T08:14:08.082+0000] {logging_mixin.py:188} INFO - [2026-03-04T08:14:08.082+0000] {dagbag.py:545} INFO - Filling up the DagBag from /home/airflow/.local/lib/python3.12/site-packages/airflow/example_dags/example_branch_python_dop_operator_3.py
[2026-03-04T08:14:08.085+0000] {processor.py:840} INFO - DAG(s) 'example_branch_dop_operator_v3' retrieved from /home/airflow/.local/lib/python3.12/site-packages/airflow/example_dags/example_branch_python_dop_operator_3.py
[2026-03-04T08:14:08.095+0000] {logging_mixin.py:188} INFO - [2026-03-04T08:14:08.095+0000] {dag.py:3089} INFO - Sync 1 DAGs
[2026-03-04T08:14:08.103+0000] {logging_mixin.py:188} INFO - [2026-03-04T08:14:08.103+0000] {dag.py:3947} INFO - Setting next_dagrun for example_branch_dop_operator_v3 to 2026-03-04 08:13:00+00:00, run_after=2026-03-04 08:14:00+00:00
[2026-03-04T08:14:08.115+0000] {processor.py:183} INFO - Processing /home/airflow/.local/lib/python3.12/site-packages/airflow/example_dags/example_branch_python_dop_operator_3.py took 0.038 seconds
[2026-03-04T08:14:38.622+0000] {processor.py:161} INFO - Started process (PID=8891) to work on /home/airflow/.local/lib/python3.12/site-packages/airflow/example_dags/example_branch_python_dop_operator_3.py
[2026-03-04T08:14:38.623+0000] {processor.py:830} INFO - Processing file /home/airflow/.local/lib/python3.12/site-packages/airflow/example_dags/example_branch_python_dop_operator_3.py for tasks to queue
[2026-03-04T08:14:38.623+0000] {logging_mixin.py:188} INFO - [2026-03-04T08:14:38.623+0000] {dagbag.py:545} INFO - Filling up the DagBag from /home/airflow/.local/lib/python3.12/site-packages/airflow/example_dags/example_branch_python_dop_operator_3.py
[2026-03-04T08:14:38.626+0000] {processor.py:840} INFO - DAG(s) 'example_branch_dop_operator_v3' retrieved from /home/airflow/.local/lib/python3.12/site-packages/airflow/example_dags/example_branch_python_dop_operator_3.py
[2026-03-04T08:14:38.635+0000] {logging_mixin.py:188} INFO - [2026-03-04T08:14:38.635+0000] {dag.py:3089} INFO - Sync 1 DAGs
[2026-03-04T08:14:38.643+0000] {logging_mixin.py:188} INFO - [2026-03-04T08:14:38.643+0000] {dag.py:3947} INFO - Setting next_dagrun for example_branch_dop_operator_v3 to 2026-03-04 08:13:00+00:00, run_after=2026-03-04 08:14:00+00:00
[2026-03-04T08:14:38.654+0000] {processor.py:183} INFO - Processing /home/airflow/.local/lib/python3.12/site-packages/airflow/example_dags/example_branch_python_dop_operator_3.py took 0.035 seconds
[2026-03-04T08:15:09.134+0000] {processor.py:161} INFO - Started process (PID=9157) to work on /home/airflow/.local/lib/python3.12/site-packages/airflow/example_dags/example_branch_python_dop_operator_3.py
[2026-03-04T08:15:09.135+0000] {processor.py:830} INFO - Processing file /home/airflow/.local/lib/python3.12/site-packages/airflow/example_dags/example_branch_python_dop_operator_3.py for tasks to queue
[2026-03-04T08:15:09.136+0000] {logging_mixin.py:188} INFO - [2026-03-04T08:15:09.136+0000] {dagbag.py:545} INFO - Filling up the DagBag from /home/airflow/.local/lib/python3.12/site-packages/airflow/example_dags/example_branch_python_dop_operator_3.py
[2026-03-04T08:15:09.141+0000] {processor.py:840} INFO - DAG(s) 'example_branch_dop_operator_v3' retrieved from /home/airflow/.local/lib/python3.12/site-packages/airflow/example_dags/example_branch_python_dop_operator_3.py
[2026-03-04T08:15:09.148+0000] {logging_mixin.py:188} INFO - [2026-03-04T08:15:09.148+0000] {dag.py:3089} INFO - Sync 1 DAGs
[2026-03-04T08:15:09.156+0000] {logging_mixin.py:188} INFO - [2026-03-04T08:15:09.156+0000] {dag.py:3947} INFO - Setting next_dagrun for example_branch_dop_operator_v3 to 2026-03-04 08:14:00+00:00, run_after=2026-03-04 08:15:00+00:00
[2026-03-04T08:15:09.162+0000] {processor.py:183} INFO - Processing /home/airflow/.local/lib/python3.12/site-packages/airflow/example_dags/example_branch_python_dop_operator_3.py took 0.031 seconds
[2026-03-04T08:15:39.720+0000] {processor.py:161} INFO - Started process (PID=9423) to work on /home/airflow/.local/lib/python3.12/site-packages/airflow/example_dags/example_branch_python_dop_operator_3.py
[2026-03-04T08:15:39.721+0000] {processor.py:830} INFO - Processing file /home/airflow/.local/lib/python3.12/site-packages/airflow/example_dags/example_branch_python_dop_operator_3.py for tasks to queue
[2026-03-04T08:15:39.722+0000] {logging_mixin.py:188} INFO - [2026-03-04T08:15:39.721+0000] {dagbag.py:545} INFO - Filling up the DagBag from /home/airflow/.local/lib/python3.12/site-packages/airflow/example_dags/example_branch_python_dop_operator_3.py
[2026-03-04T08:15:39.724+0000] {processor.py:840} INFO - DAG(s) 'example_branch_dop_operator_v3' retrieved from /home/airflow/.local/lib/python3.12/site-packages/airflow/example_dags/example_branch_python_dop_operator_3.py
[2026-03-04T08:15:39.732+0000] {logging_mixin.py:188} INFO - [2026-03-04T08:15:39.731+0000] {dag.py:3089} INFO - Sync 1 DAGs
[2026-03-04T08:15:39.740+0000] {logging_mixin.py:188} INFO - [2026-03-04T08:15:39.740+0000] {dag.py:3947} INFO - Setting next_dagrun for example_branch_dop_operator_v3 to 2026-03-04 08:14:00+00:00, run_after=2026-03-04 08:15:00+00:00
[2026-03-04T08:15:39.749+0000] {processor.py:183} INFO - Processing /home/airflow/.local/lib/python3.12/site-packages/airflow/example_dags/example_branch_python_dop_operator_3.py took 0.032 seconds
[2026-03-04T08:16:10.355+0000] {processor.py:161} INFO - Started process (PID=9685) to work on /home/airflow/.local/lib/python3.12/site-packages/airflow/example_dags/example_branch_python_dop_operator_3.py
[2026-03-04T08:16:10.355+0000] {processor.py:830} INFO - Processing file /home/airflow/.local/lib/python3.12/site-packages/airflow/example_dags/example_branch_python_dop_operator_3.py for tasks to queue
[2026-03-04T08:16:10.356+0000] {logging_mixin.py:188} INFO - [2026-03-04T08:16:10.356+0000] {dagbag.py:545} INFO - Filling up the DagBag from /home/airflow/.local/lib/python3.12/site-packages/airflow/example_dags/example_branch_python_dop_operator_3.py
[2026-03-04T08:16:10.360+0000] {processor.py:840} INFO - DAG(s) 'example_branch_dop_operator_v3' retrieved from /home/airflow/.local/lib/python3.12/site-packages/airflow/example_dags/example_branch_python_dop_operator_3.py
[2026-03-04T08:16:10.371+0000] {logging_mixin.py:188} INFO - [2026-03-04T08:16:10.371+0000] {dag.py:3089} INFO - Sync 1 DAGs
[2026-03-04T08:16:10.379+0000] {logging_mixin.py:188} INFO - [2026-03-04T08:16:10.379+0000] {dag.py:3947} INFO - Setting next_dagrun for example_branch_dop_operator_v3 to 2026-03-04 08:15:00+00:00, run_after=2026-03-04 08:16:00+00:00
[2026-03-04T08:16:10.390+0000] {processor.py:183} INFO - Processing /home/airflow/.local/lib/python3.12/site-packages/airflow/example_dags/example_branch_python_dop_operator_3.py took 0.038 seconds
[2026-03-04T08:16:40.996+0000] {processor.py:161} INFO - Started process (PID=9949) to work on /home/airflow/.local/lib/python3.12/site-packages/airflow/example_dags/example_branch_python_dop_operator_3.py
[2026-03-04T08:16:40.997+0000] {processor.py:830} INFO - Processing file /home/airflow/.local/lib/python3.12/site-packages/airflow/example_dags/example_branch_python_dop_operator_3.py for tasks to queue
[2026-03-04T08:16:40.997+0000] {logging_mixin.py:188} INFO - [2026-03-04T08:16:40.997+0000] {dagbag.py:545} INFO - Filling up the DagBag from /home/airflow/.local/lib/python3.12/site-packages/airflow/example_dags/example_branch_python_dop_operator_3.py
[2026-03-04T08:16:41.001+0000] {processor.py:840} INFO - DAG(s) 'example_branch_dop_operator_v3' retrieved from /home/airflow/.local/lib/python3.12/site-packages/airflow/example_dags/example_branch_python_dop_operator_3.py
[2026-03-04T08:16:41.011+0000] {logging_mixin.py:188} INFO - [2026-03-04T08:16:41.011+0000] {dag.py:3089} INFO - Sync 1 DAGs
[2026-03-04T08:16:41.022+0000] {logging_mixin.py:188} INFO - [2026-03-04T08:16:41.022+0000] {dag.py:3947} INFO - Setting next_dagrun for example_branch_dop_operator_v3 to 2026-03-04 08:15:00+00:00, run_after=2026-03-04 08:16:00+00:00
[2026-03-04T08:16:41.030+0000] {processor.py:183} INFO - Processing /home/airflow/.local/lib/python3.12/site-packages/airflow/example_dags/example_branch_python_dop_operator_3.py took 0.037 seconds
[2026-03-04T08:17:11.847+0000] {processor.py:161} INFO - Started process (PID=10209) to work on /home/airflow/.local/lib/python3.12/site-packages/airflow/example_dags/example_branch_python_dop_operator_3.py
[2026-03-04T08:17:11.848+0000] {processor.py:830} INFO - Processing file /home/airflow/.local/lib/python3.12/site-packages/airflow/example_dags/example_branch_python_dop_operator_3.py for tasks to queue
[2026-03-04T08:17:11.848+0000] {logging_mixin.py:188} INFO - [2026-03-04T08:17:11.848+0000] {dagbag.py:545} INFO - Filling up the DagBag from /home/airflow/.local/lib/python3.12/site-packages/airflow/example_dags/example_branch_python_dop_operator_3.py
[2026-03-04T08:17:11.851+0000] {processor.py:840} INFO - DAG(s) 'example_branch_dop_operator_v3' retrieved from /home/airflow/.local/lib/python3.12/site-packages/airflow/example_dags/example_branch_python_dop_operator_3.py
[2026-03-04T08:17:11.859+0000] {logging_mixin.py:188} INFO - [2026-03-04T08:17:11.859+0000] {dag.py:3089} INFO - Sync 1 DAGs
[2026-03-04T08:17:11.867+0000] {logging_mixin.py:188} INFO - [2026-03-04T08:17:11.866+0000] {dag.py:3947} INFO - Setting next_dagrun for example_branch_dop_operator_v3 to 2026-03-04 08:16:00+00:00, run_after=2026-03-04 08:17:00+00:00
[2026-03-04T08:17:11.940+0000] {processor.py:183} INFO - Processing /home/airflow/.local/lib/python3.12/site-packages/airflow/example_dags/example_branch_python_dop_operator_3.py took 0.095 seconds
[2026-03-04T08:17:42.706+0000] {processor.py:161} INFO - Started process (PID=10471) to work on /home/airflow/.local/lib/python3.12/site-packages/airflow/example_dags/example_branch_python_dop_operator_3.py
[2026-03-04T08:17:42.706+0000] {processor.py:830} INFO - Processing file /home/airflow/.local/lib/python3.12/site-packages/airflow/example_dags/example_branch_python_dop_operator_3.py for tasks to queue
[2026-03-04T08:17:42.707+0000] {logging_mixin.py:188} INFO - [2026-03-04T08:17:42.707+0000] {dagbag.py:545} INFO - Filling up the DagBag from /home/airflow/.local/lib/python3.12/site-packages/airflow/example_dags/example_branch_python_dop_operator_3.py
[2026-03-04T08:17:42.710+0000] {processor.py:840} INFO - DAG(s) 'example_branch_dop_operator_v3' retrieved from /home/airflow/.local/lib/python3.12/site-packages/airflow/example_dags/example_branch_python_dop_operator_3.py
[2026-03-04T08:17:42.718+0000] {logging_mixin.py:188} INFO - [2026-03-04T08:17:42.718+0000] {dag.py:3089} INFO - Sync 1 DAGs
[2026-03-04T08:17:42.725+0000] {logging_mixin.py:188} INFO - [2026-03-04T08:17:42.725+0000] {dag.py:3947} INFO - Setting next_dagrun for example_branch_dop_operator_v3 to 2026-03-04 08:16:00+00:00, run_after=2026-03-04 08:17:00+00:00
[2026-03-04T08:17:42.735+0000] {processor.py:183} INFO - Processing /home/airflow/.local/lib/python3.12/site-packages/airflow/example_dags/example_branch_python_dop_operator_3.py took 0.031 seconds
[2026-03-04T08:18:12.844+0000] {processor.py:161} INFO - Started process (PID=10733) to work on /home/airflow/.local/lib/python3.12/site-packages/airflow/example_dags/example_branch_python_dop_operator_3.py
[2026-03-04T08:18:12.845+0000] {processor.py:830} INFO - Processing file /home/airflow/.local/lib/python3.12/site-packages/airflow/example_dags/example_branch_python_dop_operator_3.py for tasks to queue
[2026-03-04T08:18:12.845+0000] {logging_mixin.py:188} INFO - [2026-03-04T08:18:12.845+0000] {dagbag.py:545} INFO - Filling up the DagBag from /home/airflow/.local/lib/python3.12/site-packages/airflow/example_dags/example_branch_python_dop_operator_3.py
[2026-03-04T08:18:12.849+0000] {processor.py:840} INFO - DAG(s) 'example_branch_dop_operator_v3' retrieved from /home/airflow/.local/lib/python3.12/site-packages/airflow/example_dags/example_branch_python_dop_operator_3.py
[2026-03-04T08:18:12.856+0000] {logging_mixin.py:188} INFO - [2026-03-04T08:18:12.856+0000] {dag.py:3089} INFO - Sync 1 DAGs
[2026-03-04T08:18:12.864+0000] {logging_mixin.py:188} INFO - [2026-03-04T08:18:12.864+0000] {dag.py:3947} INFO - Setting next_dagrun for example_branch_dop_operator_v3 to 2026-03-04 08:17:00+00:00, run_after=2026-03-04 08:18:00+00:00
[2026-03-04T08:18:12.877+0000] {processor.py:183} INFO - Processing /home/airflow/.local/lib/python3.12/site-packages/airflow/example_dags/example_branch_python_dop_operator_3.py took 0.035 seconds
[2026-03-04T08:18:43.475+0000] {processor.py:161} INFO - Started process (PID=10995) to work on /home/airflow/.local/lib/python3.12/site-packages/airflow/example_dags/example_branch_python_dop_operator_3.py
[2026-03-04T08:18:43.476+0000] {processor.py:830} INFO - Processing file /home/airflow/.local/lib/python3.12/site-packages/airflow/example_dags/example_branch_python_dop_operator_3.py for tasks to queue
[2026-03-04T08:18:43.477+0000] {logging_mixin.py:188} INFO - [2026-03-04T08:18:43.477+0000] {dagbag.py:545} INFO - Filling up the DagBag from /home/airflow/.local/lib/python3.12/site-packages/airflow/example_dags/example_branch_python_dop_operator_3.py
[2026-03-04T08:18:43.481+0000] {processor.py:840} INFO - DAG(s) 'example_branch_dop_operator_v3' retrieved from /home/airflow/.local/lib/python3.12/site-packages/airflow/example_dags/example_branch_python_dop_operator_3.py
[2026-03-04T08:18:43.489+0000] {logging_mixin.py:188} INFO - [2026-03-04T08:18:43.489+0000] {dag.py:3089} INFO - Sync 1 DAGs
[2026-03-04T08:18:43.498+0000] {logging_mixin.py:188} INFO - [2026-03-04T08:18:43.498+0000] {dag.py:3947} INFO - Setting next_dagrun for example_branch_dop_operator_v3 to 2026-03-04 08:17:00+00:00, run_after=2026-03-04 08:18:00+00:00
[2026-03-04T08:18:43.510+0000] {processor.py:183} INFO - Processing /home/airflow/.local/lib/python3.12/site-packages/airflow/example_dags/example_branch_python_dop_operator_3.py took 0.037 seconds
[2026-03-04T08:19:14.059+0000] {processor.py:161} INFO - Started process (PID=11257) to work on /home/airflow/.local/lib/python3.12/site-packages/airflow/example_dags/example_branch_python_dop_operator_3.py
[2026-03-04T08:19:14.060+0000] {processor.py:830} INFO - Processing file /home/airflow/.local/lib/python3.12/site-packages/airflow/example_dags/example_branch_python_dop_operator_3.py for tasks to queue
[2026-03-04T08:19:14.061+0000] {logging_mixin.py:188} INFO - [2026-03-04T08:19:14.060+0000] {dagbag.py:545} INFO - Filling up the DagBag from /home/airflow/.local/lib/python3.12/site-packages/airflow/example_dags/example_branch_python_dop_operator_3.py
[2026-03-04T08:19:14.064+0000] {processor.py:840} INFO - DAG(s) 'example_branch_dop_operator_v3' retrieved from /home/airflow/.local/lib/python3.12/site-packages/airflow/example_dags/example_branch_python_dop_operator_3.py
[2026-03-04T08:19:14.072+0000] {logging_mixin.py:188} INFO - [2026-03-04T08:19:14.072+0000] {dag.py:3089} INFO - Sync 1 DAGs
[2026-03-04T08:19:14.083+0000] {logging_mixin.py:188} INFO - [2026-03-04T08:19:14.083+0000] {dag.py:3947} INFO - Setting next_dagrun for example_branch_dop_operator_v3 to 2026-03-04 08:18:00+00:00, run_after=2026-03-04 08:19:00+00:00
[2026-03-04T08:19:14.094+0000] {processor.py:183} INFO - Processing /home/airflow/.local/lib/python3.12/site-packages/airflow/example_dags/example_branch_python_dop_operator_3.py took 0.037 seconds
[2026-03-04T08:19:44.678+0000] {processor.py:161} INFO - Started process (PID=11519) to work on /home/airflow/.local/lib/python3.12/site-packages/airflow/example_dags/example_branch_python_dop_operator_3.py
[2026-03-04T08:19:44.680+0000] {processor.py:830} INFO - Processing file /home/airflow/.local/lib/python3.12/site-packages/airflow/example_dags/example_branch_python_dop_operator_3.py for tasks to queue
[2026-03-04T08:19:44.681+0000] {logging_mixin.py:188} INFO - [2026-03-04T08:19:44.681+0000] {dagbag.py:545} INFO - Filling up the DagBag from /home/airflow/.local/lib/python3.12/site-packages/airflow/example_dags/example_branch_python_dop_operator_3.py
[2026-03-04T08:19:44.684+0000] {processor.py:840} INFO - DAG(s) 'example_branch_dop_operator_v3' retrieved from /home/airflow/.local/lib/python3.12/site-packages/airflow/example_dags/example_branch_python_dop_operator_3.py
[2026-03-04T08:19:44.694+0000] {logging_mixin.py:188} INFO - [2026-03-04T08:19:44.694+0000] {dag.py:3089} INFO - Sync 1 DAGs
[2026-03-04T08:19:44.704+0000] {logging_mixin.py:188} INFO - [2026-03-04T08:19:44.704+0000] {dag.py:3947} INFO - Setting next_dagrun for example_branch_dop_operator_v3 to 2026-03-04 08:18:00+00:00, run_after=2026-03-04 08:19:00+00:00
[2026-03-04T08:19:44.716+0000] {processor.py:183} INFO - Processing /home/airflow/.local/lib/python3.12/site-packages/airflow/example_dags/example_branch_python_dop_operator_3.py took 0.040 seconds
[2026-03-04T08:20:15.212+0000] {processor.py:161} INFO - Started process (PID=11783) to work on /home/airflow/.local/lib/python3.12/site-packages/airflow/example_dags/example_branch_python_dop_operator_3.py
[2026-03-04T08:20:15.213+0000] {processor.py:830} INFO - Processing file /home/airflow/.local/lib/python3.12/site-packages/airflow/example_dags/example_branch_python_dop_operator_3.py for tasks to queue
[2026-03-04T08:20:15.214+0000] {logging_mixin.py:188} INFO - [2026-03-04T08:20:15.214+0000] {dagbag.py:545} INFO - Filling up the DagBag from /home/airflow/.local/lib/python3.12/site-packages/airflow/example_dags/example_branch_python_dop_operator_3.py
[2026-03-04T08:20:15.217+0000] {processor.py:840} INFO - DAG(s) 'example_branch_dop_operator_v3' retrieved from /home/airflow/.local/lib/python3.12/site-packages/airflow/example_dags/example_branch_python_dop_operator_3.py
[2026-03-04T08:20:15.226+0000] {logging_mixin.py:188} INFO - [2026-03-04T08:20:15.226+0000] {dag.py:3089} INFO - Sync 1 DAGs
[2026-03-04T08:20:15.235+0000] {logging_mixin.py:188} INFO - [2026-03-04T08:20:15.235+0000] {dag.py:3947} INFO - Setting next_dagrun for example_branch_dop_operator_v3 to 2026-03-04 08:19:00+00:00, run_after=2026-03-04 08:20:00+00:00
[2026-03-04T08:20:15.249+0000] {processor.py:183} INFO - Processing /home/airflow/.local/lib/python3.12/site-packages/airflow/example_dags/example_branch_python_dop_operator_3.py took 0.039 seconds
[2026-03-04T08:37:20.804+0000] {processor.py:161} INFO - Started process (PID=12043) to work on /home/airflow/.local/lib/python3.12/site-packages/airflow/example_dags/example_branch_python_dop_operator_3.py
[2026-03-04T08:37:20.805+0000] {processor.py:830} INFO - Processing file /home/airflow/.local/lib/python3.12/site-packages/airflow/example_dags/example_branch_python_dop_operator_3.py for tasks to queue
[2026-03-04T08:37:20.805+0000] {logging_mixin.py:188} INFO - [2026-03-04T08:37:20.805+0000] {dagbag.py:545} INFO - Filling up the DagBag from /home/airflow/.local/lib/python3.12/site-packages/airflow/example_dags/example_branch_python_dop_operator_3.py
[2026-03-04T08:37:20.809+0000] {processor.py:840} INFO - DAG(s) 'example_branch_dop_operator_v3' retrieved from /home/airflow/.local/lib/python3.12/site-packages/airflow/example_dags/example_branch_python_dop_operator_3.py
[2026-03-04T08:37:20.822+0000] {logging_mixin.py:188} INFO - [2026-03-04T08:37:20.822+0000] {dag.py:3089} INFO - Sync 1 DAGs
[2026-03-04T08:37:20.832+0000] {logging_mixin.py:188} INFO - [2026-03-04T08:37:20.832+0000] {dag.py:3947} INFO - Setting next_dagrun for example_branch_dop_operator_v3 to 2026-03-04 08:36:00+00:00, run_after=2026-03-04 08:37:00+00:00
[2026-03-04T08:37:20.839+0000] {processor.py:183} INFO - Processing /home/airflow/.local/lib/python3.12/site-packages/airflow/example_dags/example_branch_python_dop_operator_3.py took 0.037 seconds
[2026-03-04T08:46:11.291+0000] {processor.py:161} INFO - Started process (PID=12307) to work on /home/airflow/.local/lib/python3.12/site-packages/airflow/example_dags/example_branch_python_dop_operator_3.py
[2026-03-04T08:46:11.291+0000] {processor.py:830} INFO - Processing file /home/airflow/.local/lib/python3.12/site-packages/airflow/example_dags/example_branch_python_dop_operator_3.py for tasks to queue
[2026-03-04T08:46:11.292+0000] {logging_mixin.py:188} INFO - [2026-03-04T08:46:11.292+0000] {dagbag.py:545} INFO - Filling up the DagBag from /home/airflow/.local/lib/python3.12/site-packages/airflow/example_dags/example_branch_python_dop_operator_3.py
[2026-03-04T08:46:11.295+0000] {processor.py:840} INFO - DAG(s) 'example_branch_dop_operator_v3' retrieved from /home/airflow/.local/lib/python3.12/site-packages/airflow/example_dags/example_branch_python_dop_operator_3.py
[2026-03-04T08:46:11.301+0000] {logging_mixin.py:188} INFO - [2026-03-04T08:46:11.301+0000] {dag.py:3089} INFO - Sync 1 DAGs
[2026-03-04T08:46:11.309+0000] {logging_mixin.py:188} INFO - [2026-03-04T08:46:11.309+0000] {dag.py:3947} INFO - Setting next_dagrun for example_branch_dop_operator_v3 to 2026-03-04 08:45:00+00:00, run_after=2026-03-04 08:46:00+00:00
[2026-03-04T08:46:11.314+0000] {processor.py:183} INFO - Processing /home/airflow/.local/lib/python3.12/site-packages/airflow/example_dags/example_branch_python_dop_operator_3.py took 0.025 seconds
[2026-03-04T08:46:41.923+0000] {processor.py:161} INFO - Started process (PID=12569) to work on /home/airflow/.local/lib/python3.12/site-packages/airflow/example_dags/example_branch_python_dop_operator_3.py
[2026-03-04T08:46:41.923+0000] {processor.py:830} INFO - Processing file /home/airflow/.local/lib/python3.12/site-packages/airflow/example_dags/example_branch_python_dop_operator_3.py for tasks to queue
[2026-03-04T08:46:41.924+0000] {logging_mixin.py:188} INFO - [2026-03-04T08:46:41.924+0000] {dagbag.py:545} INFO - Filling up the DagBag from /home/airflow/.local/lib/python3.12/site-packages/airflow/example_dags/example_branch_python_dop_operator_3.py
[2026-03-04T08:46:41.929+0000] {processor.py:840} INFO - DAG(s) 'example_branch_dop_operator_v3' retrieved from /home/airflow/.local/lib/python3.12/site-packages/airflow/example_dags/example_branch_python_dop_operator_3.py
[2026-03-04T08:46:41.941+0000] {logging_mixin.py:188} INFO - [2026-03-04T08:46:41.941+0000] {dag.py:3089} INFO - Sync 1 DAGs
[2026-03-04T08:46:41.951+0000] {logging_mixin.py:188} INFO - [2026-03-04T08:46:41.950+0000] {dag.py:3947} INFO - Setting next_dagrun for example_branch_dop_operator_v3 to 2026-03-04 08:45:00+00:00, run_after=2026-03-04 08:46:00+00:00
[2026-03-04T08:46:41.958+0000] {processor.py:183} INFO - Processing /home/airflow/.local/lib/python3.12/site-packages/airflow/example_dags/example_branch_python_dop_operator_3.py took 0.038 seconds
[2026-03-04T08:47:12.463+0000] {processor.py:161} INFO - Started process (PID=12829) to work on /home/airflow/.local/lib/python3.12/site-packages/airflow/example_dags/example_branch_python_dop_operator_3.py
[2026-03-04T08:47:12.465+0000] {processor.py:830} INFO - Processing file /home/airflow/.local/lib/python3.12/site-packages/airflow/example_dags/example_branch_python_dop_operator_3.py for tasks to queue
[2026-03-04T08:47:12.466+0000] {logging_mixin.py:188} INFO - [2026-03-04T08:47:12.466+0000] {dagbag.py:545} INFO - Filling up the DagBag from /home/airflow/.local/lib/python3.12/site-packages/airflow/example_dags/example_branch_python_dop_operator_3.py
[2026-03-04T08:47:12.469+0000] {processor.py:840} INFO - DAG(s) 'example_branch_dop_operator_v3' retrieved from /home/airflow/.local/lib/python3.12/site-packages/airflow/example_dags/example_branch_python_dop_operator_3.py
[2026-03-04T08:47:12.479+0000] {logging_mixin.py:188} INFO - [2026-03-04T08:47:12.479+0000] {dag.py:3089} INFO - Sync 1 DAGs
[2026-03-04T08:47:12.488+0000] {logging_mixin.py:188} INFO - [2026-03-04T08:47:12.488+0000] {dag.py:3947} INFO - Setting next_dagrun for example_branch_dop_operator_v3 to 2026-03-04 08:46:00+00:00, run_after=2026-03-04 08:47:00+00:00
[2026-03-04T08:47:12.499+0000] {processor.py:183} INFO - Processing /home/airflow/.local/lib/python3.12/site-packages/airflow/example_dags/example_branch_python_dop_operator_3.py took 0.038 seconds
[2026-03-04T08:47:42.965+0000] {processor.py:161} INFO - Started process (PID=13091) to work on /home/airflow/.local/lib/python3.12/site-packages/airflow/example_dags/example_branch_python_dop_operator_3.py
[2026-03-04T08:47:42.966+0000] {processor.py:830} INFO - Processing file /home/airflow/.local/lib/python3.12/site-packages/airflow/example_dags/example_branch_python_dop_operator_3.py for tasks to queue
[2026-03-04T08:47:42.968+0000] {logging_mixin.py:188} INFO - [2026-03-04T08:47:42.967+0000] {dagbag.py:545} INFO - Filling up the DagBag from /home/airflow/.local/lib/python3.12/site-packages/airflow/example_dags/example_branch_python_dop_operator_3.py
[2026-03-04T08:47:42.974+0000] {processor.py:840} INFO - DAG(s) 'example_branch_dop_operator_v3' retrieved from /home/airflow/.local/lib/python3.12/site-packages/airflow/example_dags/example_branch_python_dop_operator_3.py
[2026-03-04T08:47:42.981+0000] {logging_mixin.py:188} INFO - [2026-03-04T08:47:42.981+0000] {dag.py:3089} INFO - Sync 1 DAGs
[2026-03-04T08:47:42.990+0000] {logging_mixin.py:188} INFO - [2026-03-04T08:47:42.990+0000] {dag.py:3947} INFO - Setting next_dagrun for example_branch_dop_operator_v3 to 2026-03-04 08:46:00+00:00, run_after=2026-03-04 08:47:00+00:00
[2026-03-04T08:47:42.997+0000] {processor.py:183} INFO - Processing /home/airflow/.local/lib/python3.12/site-packages/airflow/example_dags/example_branch_python_dop_operator_3.py took 0.035 seconds
[2026-03-04T08:48:13.488+0000] {processor.py:161} INFO - Started process (PID=13353) to work on /home/airflow/.local/lib/python3.12/site-packages/airflow/example_dags/example_branch_python_dop_operator_3.py
[2026-03-04T08:48:13.491+0000] {processor.py:830} INFO - Processing file /home/airflow/.local/lib/python3.12/site-packages/airflow/example_dags/example_branch_python_dop_operator_3.py for tasks to queue
[2026-03-04T08:48:13.494+0000] {logging_mixin.py:188} INFO - [2026-03-04T08:48:13.494+0000] {dagbag.py:545} INFO - Filling up the DagBag from /home/airflow/.local/lib/python3.12/site-packages/airflow/example_dags/example_branch_python_dop_operator_3.py
[2026-03-04T08:48:13.497+0000] {processor.py:840} INFO - DAG(s) 'example_branch_dop_operator_v3' retrieved from /home/airflow/.local/lib/python3.12/site-packages/airflow/example_dags/example_branch_python_dop_operator_3.py
[2026-03-04T08:48:13.505+0000] {logging_mixin.py:188} INFO - [2026-03-04T08:48:13.505+0000] {dag.py:3089} INFO - Sync 1 DAGs
[2026-03-04T08:48:13.513+0000] {logging_mixin.py:188} INFO - [2026-03-04T08:48:13.513+0000] {dag.py:3947} INFO - Setting next_dagrun for example_branch_dop_operator_v3 to 2026-03-04 08:47:00+00:00, run_after=2026-03-04 08:48:00+00:00
[2026-03-04T08:48:13.521+0000] {processor.py:183} INFO - Processing /home/airflow/.local/lib/python3.12/site-packages/airflow/example_dags/example_branch_python_dop_operator_3.py took 0.035 seconds
[2026-03-04T08:48:44.053+0000] {processor.py:161} INFO - Started process (PID=13617) to work on /home/airflow/.local/lib/python3.12/site-packages/airflow/example_dags/example_branch_python_dop_operator_3.py
[2026-03-04T08:48:44.053+0000] {processor.py:830} INFO - Processing file /home/airflow/.local/lib/python3.12/site-packages/airflow/example_dags/example_branch_python_dop_operator_3.py for tasks to queue
[2026-03-04T08:48:44.054+0000] {logging_mixin.py:188} INFO - [2026-03-04T08:48:44.054+0000] {dagbag.py:545} INFO - Filling up the DagBag from /home/airflow/.local/lib/python3.12/site-packages/airflow/example_dags/example_branch_python_dop_operator_3.py
[2026-03-04T08:48:44.057+0000] {processor.py:840} INFO - DAG(s) 'example_branch_dop_operator_v3' retrieved from /home/airflow/.local/lib/python3.12/site-packages/airflow/example_dags/example_branch_python_dop_operator_3.py
[2026-03-04T08:48:44.067+0000] {logging_mixin.py:188} INFO - [2026-03-04T08:48:44.067+0000] {dag.py:3089} INFO - Sync 1 DAGs
[2026-03-04T08:48:44.078+0000] {logging_mixin.py:188} INFO - [2026-03-04T08:48:44.078+0000] {dag.py:3947} INFO - Setting next_dagrun for example_branch_dop_operator_v3 to 2026-03-04 08:47:00+00:00, run_after=2026-03-04 08:48:00+00:00
[2026-03-04T08:48:44.087+0000] {processor.py:183} INFO - Processing /home/airflow/.local/lib/python3.12/site-packages/airflow/example_dags/example_branch_python_dop_operator_3.py took 0.036 seconds
[2026-03-04T08:49:14.648+0000] {processor.py:161} INFO - Started process (PID=13877) to work on /home/airflow/.local/lib/python3.12/site-packages/airflow/example_dags/example_branch_python_dop_operator_3.py
[2026-03-04T08:49:14.648+0000] {processor.py:830} INFO - Processing file /home/airflow/.local/lib/python3.12/site-packages/airflow/example_dags/example_branch_python_dop_operator_3.py for tasks to queue
[2026-03-04T08:49:14.650+0000] {logging_mixin.py:188} INFO - [2026-03-04T08:49:14.649+0000] {dagbag.py:545} INFO - Filling up the DagBag from /home/airflow/.local/lib/python3.12/site-packages/airflow/example_dags/example_branch_python_dop_operator_3.py
[2026-03-04T08:49:14.653+0000] {processor.py:840} INFO - DAG(s) 'example_branch_dop_operator_v3' retrieved from /home/airflow/.local/lib/python3.12/site-packages/airflow/example_dags/example_branch_python_dop_operator_3.py
[2026-03-04T08:49:14.664+0000] {logging_mixin.py:188} INFO - [2026-03-04T08:49:14.663+0000] {dag.py:3089} INFO - Sync 1 DAGs
[2026-03-04T08:49:14.672+0000] {logging_mixin.py:188} INFO - [2026-03-04T08:49:14.671+0000] {dag.py:3947} INFO - Setting next_dagrun for example_branch_dop_operator_v3 to 2026-03-04 08:48:00+00:00, run_after=2026-03-04 08:49:00+00:00
[2026-03-04T08:49:14.677+0000] {processor.py:183} INFO - Processing /home/airflow/.local/lib/python3.12/site-packages/airflow/example_dags/example_branch_python_dop_operator_3.py took 0.032 seconds
[2026-03-04T08:49:45.223+0000] {processor.py:161} INFO - Started process (PID=14141) to work on /home/airflow/.local/lib/python3.12/site-packages/airflow/example_dags/example_branch_python_dop_operator_3.py
[2026-03-04T08:49:45.224+0000] {processor.py:830} INFO - Processing file /home/airflow/.local/lib/python3.12/site-packages/airflow/example_dags/example_branch_python_dop_operator_3.py for tasks to queue
[2026-03-04T08:49:45.225+0000] {logging_mixin.py:188} INFO - [2026-03-04T08:49:45.225+0000] {dagbag.py:545} INFO - Filling up the DagBag from /home/airflow/.local/lib/python3.12/site-packages/airflow/example_dags/example_branch_python_dop_operator_3.py
[2026-03-04T08:49:45.229+0000] {processor.py:840} INFO - DAG(s) 'example_branch_dop_operator_v3' retrieved from /home/airflow/.local/lib/python3.12/site-packages/airflow/example_dags/example_branch_python_dop_operator_3.py
[2026-03-04T08:49:45.238+0000] {logging_mixin.py:188} INFO - [2026-03-04T08:49:45.238+0000] {dag.py:3089} INFO - Sync 1 DAGs
[2026-03-04T08:49:45.252+0000] {logging_mixin.py:188} INFO - [2026-03-04T08:49:45.251+0000] {dag.py:3947} INFO - Setting next_dagrun for example_branch_dop_operator_v3 to 2026-03-04 08:48:00+00:00, run_after=2026-03-04 08:49:00+00:00
[2026-03-04T08:49:45.263+0000] {processor.py:183} INFO - Processing /home/airflow/.local/lib/python3.12/site-packages/airflow/example_dags/example_branch_python_dop_operator_3.py took 0.042 seconds
[2026-03-04T08:50:15.725+0000] {processor.py:161} INFO - Started process (PID=14401) to work on /home/airflow/.local/lib/python3.12/site-packages/airflow/example_dags/example_branch_python_dop_operator_3.py
[2026-03-04T08:50:15.726+0000] {processor.py:830} INFO - Processing file /home/airflow/.local/lib/python3.12/site-packages/airflow/example_dags/example_branch_python_dop_operator_3.py for tasks to queue
[2026-03-04T08:50:15.727+0000] {logging_mixin.py:188} INFO - [2026-03-04T08:50:15.727+0000] {dagbag.py:545} INFO - Filling up the DagBag from /home/airflow/.local/lib/python3.12/site-packages/airflow/example_dags/example_branch_python_dop_operator_3.py
[2026-03-04T08:50:15.730+0000] {processor.py:840} INFO - DAG(s) 'example_branch_dop_operator_v3' retrieved from /home/airflow/.local/lib/python3.12/site-packages/airflow/example_dags/example_branch_python_dop_operator_3.py
[2026-03-04T08:50:15.742+0000] {logging_mixin.py:188} INFO - [2026-03-04T08:50:15.742+0000] {dag.py:3089} INFO - Sync 1 DAGs
[2026-03-04T08:50:15.751+0000] {logging_mixin.py:188} INFO - [2026-03-04T08:50:15.751+0000] {dag.py:3947} INFO - Setting next_dagrun for example_branch_dop_operator_v3 to 2026-03-04 08:49:00+00:00, run_after=2026-03-04 08:50:00+00:00
[2026-03-04T08:50:15.759+0000] {processor.py:183} INFO - Processing /home/airflow/.local/lib/python3.12/site-packages/airflow/example_dags/example_branch_python_dop_operator_3.py took 0.036 seconds
[2026-03-04T08:50:46.315+0000] {processor.py:161} INFO - Started process (PID=14665) to work on /home/airflow/.local/lib/python3.12/site-packages/airflow/example_dags/example_branch_python_dop_operator_3.py
[2026-03-04T08:50:46.315+0000] {processor.py:830} INFO - Processing file /home/airflow/.local/lib/python3.12/site-packages/airflow/example_dags/example_branch_python_dop_operator_3.py for tasks to queue
[2026-03-04T08:50:46.316+0000] {logging_mixin.py:188} INFO - [2026-03-04T08:50:46.316+0000] {dagbag.py:545} INFO - Filling up the DagBag from /home/airflow/.local/lib/python3.12/site-packages/airflow/example_dags/example_branch_python_dop_operator_3.py
[2026-03-04T08:50:46.319+0000] {processor.py:840} INFO - DAG(s) 'example_branch_dop_operator_v3' retrieved from /home/airflow/.local/lib/python3.12/site-packages/airflow/example_dags/example_branch_python_dop_operator_3.py
[2026-03-04T08:50:46.330+0000] {logging_mixin.py:188} INFO - [2026-03-04T08:50:46.329+0000] {dag.py:3089} INFO - Sync 1 DAGs
[2026-03-04T08:50:46.339+0000] {logging_mixin.py:188} INFO - [2026-03-04T08:50:46.339+0000] {dag.py:3947} INFO - Setting next_dagrun for example_branch_dop_operator_v3 to 2026-03-04 08:49:00+00:00, run_after=2026-03-04 08:50:00+00:00
[2026-03-04T08:50:46.347+0000] {processor.py:183} INFO - Processing /home/airflow/.local/lib/python3.12/site-packages/airflow/example_dags/example_branch_python_dop_operator_3.py took 0.035 seconds
