[2026-03-04T07:57:50.307+0000] {processor.py:161} INFO - Started process (PID=297) to work on /home/airflow/.local/lib/python3.12/site-packages/airflow/example_dags/example_branch_labels.py
[2026-03-04T07:57:50.308+0000] {processor.py:830} INFO - Processing file /home/airflow/.local/lib/python3.12/site-packages/airflow/example_dags/example_branch_labels.py for tasks to queue
[2026-03-04T07:57:50.311+0000] {logging_mixin.py:188} INFO - [2026-03-04T07:57:50.311+0000] {dagbag.py:545} INFO - Filling up the DagBag from /home/airflow/.local/lib/python3.12/site-packages/airflow/example_dags/example_branch_labels.py
[2026-03-04T07:57:50.317+0000] {processor.py:840} INFO - DAG(s) 'example_branch_labels' retrieved from /home/airflow/.local/lib/python3.12/site-packages/airflow/example_dags/example_branch_labels.py
[2026-03-04T07:57:50.366+0000] {logging_mixin.py:188} INFO - [2026-03-04T07:57:50.366+0000] {override.py:1858} INFO - Created Permission View: can delete on DAG:example_branch_labels
[2026-03-04T07:57:50.374+0000] {logging_mixin.py:188} INFO - [2026-03-04T07:57:50.374+0000] {override.py:1858} INFO - Created Permission View: can read on DAG:example_branch_labels
[2026-03-04T07:57:50.378+0000] {logging_mixin.py:188} INFO - [2026-03-04T07:57:50.378+0000] {override.py:1858} INFO - Created Permission View: can edit on DAG:example_branch_labels
[2026-03-04T07:57:50.381+0000] {logging_mixin.py:188} INFO - [2026-03-04T07:57:50.381+0000] {dag.py:3089} INFO - Sync 1 DAGs
[2026-03-04T07:57:50.386+0000] {logging_mixin.py:188} INFO - [2026-03-04T07:57:50.386+0000] {dag.py:3111} INFO - Creating ORM DAG for example_branch_labels
[2026-03-04T07:57:50.390+0000] {logging_mixin.py:188} INFO - [2026-03-04T07:57:50.389+0000] {dag.py:3947} INFO - Setting next_dagrun for example_branch_labels to 2026-03-03 00:00:00+00:00, run_after=2026-03-04 00:00:00+00:00
[2026-03-04T07:57:50.394+0000] {processor.py:183} INFO - Processing /home/airflow/.local/lib/python3.12/site-packages/airflow/example_dags/example_branch_labels.py took 0.089 seconds
[2026-03-04T07:58:20.582+0000] {processor.py:161} INFO - Started process (PID=559) to work on /home/airflow/.local/lib/python3.12/site-packages/airflow/example_dags/example_branch_labels.py
[2026-03-04T07:58:20.583+0000] {processor.py:830} INFO - Processing file /home/airflow/.local/lib/python3.12/site-packages/airflow/example_dags/example_branch_labels.py for tasks to queue
[2026-03-04T07:58:20.583+0000] {logging_mixin.py:188} INFO - [2026-03-04T07:58:20.583+0000] {dagbag.py:545} INFO - Filling up the DagBag from /home/airflow/.local/lib/python3.12/site-packages/airflow/example_dags/example_branch_labels.py
[2026-03-04T07:58:20.586+0000] {processor.py:840} INFO - DAG(s) 'example_branch_labels' retrieved from /home/airflow/.local/lib/python3.12/site-packages/airflow/example_dags/example_branch_labels.py
[2026-03-04T07:58:20.594+0000] {logging_mixin.py:188} INFO - [2026-03-04T07:58:20.594+0000] {dag.py:3089} INFO - Sync 1 DAGs
[2026-03-04T07:58:20.601+0000] {logging_mixin.py:188} INFO - [2026-03-04T07:58:20.601+0000] {dag.py:3947} INFO - Setting next_dagrun for example_branch_labels to 2026-03-03 00:00:00+00:00, run_after=2026-03-04 00:00:00+00:00
[2026-03-04T07:58:20.615+0000] {processor.py:183} INFO - Processing /home/airflow/.local/lib/python3.12/site-packages/airflow/example_dags/example_branch_labels.py took 0.035 seconds
[2026-03-04T07:58:51.111+0000] {processor.py:161} INFO - Started process (PID=823) to work on /home/airflow/.local/lib/python3.12/site-packages/airflow/example_dags/example_branch_labels.py
[2026-03-04T07:58:51.111+0000] {processor.py:830} INFO - Processing file /home/airflow/.local/lib/python3.12/site-packages/airflow/example_dags/example_branch_labels.py for tasks to queue
[2026-03-04T07:58:51.112+0000] {logging_mixin.py:188} INFO - [2026-03-04T07:58:51.111+0000] {dagbag.py:545} INFO - Filling up the DagBag from /home/airflow/.local/lib/python3.12/site-packages/airflow/example_dags/example_branch_labels.py
[2026-03-04T07:58:51.114+0000] {processor.py:840} INFO - DAG(s) 'example_branch_labels' retrieved from /home/airflow/.local/lib/python3.12/site-packages/airflow/example_dags/example_branch_labels.py
[2026-03-04T07:58:51.121+0000] {logging_mixin.py:188} INFO - [2026-03-04T07:58:51.121+0000] {dag.py:3089} INFO - Sync 1 DAGs
[2026-03-04T07:58:51.127+0000] {logging_mixin.py:188} INFO - [2026-03-04T07:58:51.127+0000] {dag.py:3947} INFO - Setting next_dagrun for example_branch_labels to 2026-03-03 00:00:00+00:00, run_after=2026-03-04 00:00:00+00:00
[2026-03-04T07:58:51.132+0000] {processor.py:183} INFO - Processing /home/airflow/.local/lib/python3.12/site-packages/airflow/example_dags/example_branch_labels.py took 0.024 seconds
[2026-03-04T07:59:21.628+0000] {processor.py:161} INFO - Started process (PID=1083) to work on /home/airflow/.local/lib/python3.12/site-packages/airflow/example_dags/example_branch_labels.py
[2026-03-04T07:59:21.628+0000] {processor.py:830} INFO - Processing file /home/airflow/.local/lib/python3.12/site-packages/airflow/example_dags/example_branch_labels.py for tasks to queue
[2026-03-04T07:59:21.629+0000] {logging_mixin.py:188} INFO - [2026-03-04T07:59:21.629+0000] {dagbag.py:545} INFO - Filling up the DagBag from /home/airflow/.local/lib/python3.12/site-packages/airflow/example_dags/example_branch_labels.py
[2026-03-04T07:59:21.632+0000] {processor.py:840} INFO - DAG(s) 'example_branch_labels' retrieved from /home/airflow/.local/lib/python3.12/site-packages/airflow/example_dags/example_branch_labels.py
[2026-03-04T07:59:21.642+0000] {logging_mixin.py:188} INFO - [2026-03-04T07:59:21.642+0000] {dag.py:3089} INFO - Sync 1 DAGs
[2026-03-04T07:59:21.652+0000] {logging_mixin.py:188} INFO - [2026-03-04T07:59:21.652+0000] {dag.py:3947} INFO - Setting next_dagrun for example_branch_labels to 2026-03-03 00:00:00+00:00, run_after=2026-03-04 00:00:00+00:00
[2026-03-04T07:59:21.662+0000] {processor.py:183} INFO - Processing /home/airflow/.local/lib/python3.12/site-packages/airflow/example_dags/example_branch_labels.py took 0.037 seconds
[2026-03-04T07:59:52.325+0000] {processor.py:161} INFO - Started process (PID=1345) to work on /home/airflow/.local/lib/python3.12/site-packages/airflow/example_dags/example_branch_labels.py
[2026-03-04T07:59:52.326+0000] {processor.py:830} INFO - Processing file /home/airflow/.local/lib/python3.12/site-packages/airflow/example_dags/example_branch_labels.py for tasks to queue
[2026-03-04T07:59:52.327+0000] {logging_mixin.py:188} INFO - [2026-03-04T07:59:52.326+0000] {dagbag.py:545} INFO - Filling up the DagBag from /home/airflow/.local/lib/python3.12/site-packages/airflow/example_dags/example_branch_labels.py
[2026-03-04T07:59:52.330+0000] {processor.py:840} INFO - DAG(s) 'example_branch_labels' retrieved from /home/airflow/.local/lib/python3.12/site-packages/airflow/example_dags/example_branch_labels.py
[2026-03-04T07:59:52.342+0000] {logging_mixin.py:188} INFO - [2026-03-04T07:59:52.342+0000] {dag.py:3089} INFO - Sync 1 DAGs
[2026-03-04T07:59:52.354+0000] {logging_mixin.py:188} INFO - [2026-03-04T07:59:52.354+0000] {dag.py:3947} INFO - Setting next_dagrun for example_branch_labels to 2026-03-03 00:00:00+00:00, run_after=2026-03-04 00:00:00+00:00
[2026-03-04T07:59:52.362+0000] {processor.py:183} INFO - Processing /home/airflow/.local/lib/python3.12/site-packages/airflow/example_dags/example_branch_labels.py took 0.039 seconds
[2026-03-04T08:00:22.942+0000] {processor.py:161} INFO - Started process (PID=1607) to work on /home/airflow/.local/lib/python3.12/site-packages/airflow/example_dags/example_branch_labels.py
[2026-03-04T08:00:22.942+0000] {processor.py:830} INFO - Processing file /home/airflow/.local/lib/python3.12/site-packages/airflow/example_dags/example_branch_labels.py for tasks to queue
[2026-03-04T08:00:22.944+0000] {logging_mixin.py:188} INFO - [2026-03-04T08:00:22.944+0000] {dagbag.py:545} INFO - Filling up the DagBag from /home/airflow/.local/lib/python3.12/site-packages/airflow/example_dags/example_branch_labels.py
[2026-03-04T08:00:22.948+0000] {processor.py:840} INFO - DAG(s) 'example_branch_labels' retrieved from /home/airflow/.local/lib/python3.12/site-packages/airflow/example_dags/example_branch_labels.py
[2026-03-04T08:00:22.957+0000] {logging_mixin.py:188} INFO - [2026-03-04T08:00:22.957+0000] {dag.py:3089} INFO - Sync 1 DAGs
[2026-03-04T08:00:22.965+0000] {logging_mixin.py:188} INFO - [2026-03-04T08:00:22.965+0000] {dag.py:3947} INFO - Setting next_dagrun for example_branch_labels to 2026-03-03 00:00:00+00:00, run_after=2026-03-04 00:00:00+00:00
[2026-03-04T08:00:22.972+0000] {processor.py:183} INFO - Processing /home/airflow/.local/lib/python3.12/site-packages/airflow/example_dags/example_branch_labels.py took 0.033 seconds
[2026-03-04T08:00:53.541+0000] {processor.py:161} INFO - Started process (PID=1869) to work on /home/airflow/.local/lib/python3.12/site-packages/airflow/example_dags/example_branch_labels.py
[2026-03-04T08:00:53.542+0000] {processor.py:830} INFO - Processing file /home/airflow/.local/lib/python3.12/site-packages/airflow/example_dags/example_branch_labels.py for tasks to queue
[2026-03-04T08:00:53.543+0000] {logging_mixin.py:188} INFO - [2026-03-04T08:00:53.543+0000] {dagbag.py:545} INFO - Filling up the DagBag from /home/airflow/.local/lib/python3.12/site-packages/airflow/example_dags/example_branch_labels.py
[2026-03-04T08:00:53.547+0000] {processor.py:840} INFO - DAG(s) 'example_branch_labels' retrieved from /home/airflow/.local/lib/python3.12/site-packages/airflow/example_dags/example_branch_labels.py
[2026-03-04T08:00:53.560+0000] {logging_mixin.py:188} INFO - [2026-03-04T08:00:53.560+0000] {dag.py:3089} INFO - Sync 1 DAGs
[2026-03-04T08:00:53.568+0000] {logging_mixin.py:188} INFO - [2026-03-04T08:00:53.568+0000] {dag.py:3947} INFO - Setting next_dagrun for example_branch_labels to 2026-03-03 00:00:00+00:00, run_after=2026-03-04 00:00:00+00:00
[2026-03-04T08:00:53.576+0000] {processor.py:183} INFO - Processing /home/airflow/.local/lib/python3.12/site-packages/airflow/example_dags/example_branch_labels.py took 0.037 seconds
[2026-03-04T08:01:24.171+0000] {processor.py:161} INFO - Started process (PID=2131) to work on /home/airflow/.local/lib/python3.12/site-packages/airflow/example_dags/example_branch_labels.py
[2026-03-04T08:01:24.172+0000] {processor.py:830} INFO - Processing file /home/airflow/.local/lib/python3.12/site-packages/airflow/example_dags/example_branch_labels.py for tasks to queue
[2026-03-04T08:01:24.172+0000] {logging_mixin.py:188} INFO - [2026-03-04T08:01:24.172+0000] {dagbag.py:545} INFO - Filling up the DagBag from /home/airflow/.local/lib/python3.12/site-packages/airflow/example_dags/example_branch_labels.py
[2026-03-04T08:01:24.177+0000] {processor.py:840} INFO - DAG(s) 'example_branch_labels' retrieved from /home/airflow/.local/lib/python3.12/site-packages/airflow/example_dags/example_branch_labels.py
[2026-03-04T08:01:24.188+0000] {logging_mixin.py:188} INFO - [2026-03-04T08:01:24.187+0000] {dag.py:3089} INFO - Sync 1 DAGs
[2026-03-04T08:01:24.198+0000] {logging_mixin.py:188} INFO - [2026-03-04T08:01:24.198+0000] {dag.py:3947} INFO - Setting next_dagrun for example_branch_labels to 2026-03-03 00:00:00+00:00, run_after=2026-03-04 00:00:00+00:00
[2026-03-04T08:01:24.204+0000] {processor.py:183} INFO - Processing /home/airflow/.local/lib/python3.12/site-packages/airflow/example_dags/example_branch_labels.py took 0.035 seconds
[2026-03-04T08:01:54.755+0000] {processor.py:161} INFO - Started process (PID=2395) to work on /home/airflow/.local/lib/python3.12/site-packages/airflow/example_dags/example_branch_labels.py
[2026-03-04T08:01:54.756+0000] {processor.py:830} INFO - Processing file /home/airflow/.local/lib/python3.12/site-packages/airflow/example_dags/example_branch_labels.py for tasks to queue
[2026-03-04T08:01:54.756+0000] {logging_mixin.py:188} INFO - [2026-03-04T08:01:54.756+0000] {dagbag.py:545} INFO - Filling up the DagBag from /home/airflow/.local/lib/python3.12/site-packages/airflow/example_dags/example_branch_labels.py
[2026-03-04T08:01:54.759+0000] {processor.py:840} INFO - DAG(s) 'example_branch_labels' retrieved from /home/airflow/.local/lib/python3.12/site-packages/airflow/example_dags/example_branch_labels.py
[2026-03-04T08:01:54.765+0000] {logging_mixin.py:188} INFO - [2026-03-04T08:01:54.765+0000] {dag.py:3089} INFO - Sync 1 DAGs
[2026-03-04T08:01:54.772+0000] {logging_mixin.py:188} INFO - [2026-03-04T08:01:54.772+0000] {dag.py:3947} INFO - Setting next_dagrun for example_branch_labels to 2026-03-03 00:00:00+00:00, run_after=2026-03-04 00:00:00+00:00
[2026-03-04T08:01:54.777+0000] {processor.py:183} INFO - Processing /home/airflow/.local/lib/python3.12/site-packages/airflow/example_dags/example_branch_labels.py took 0.024 seconds
[2026-03-04T08:02:25.252+0000] {processor.py:161} INFO - Started process (PID=2655) to work on /home/airflow/.local/lib/python3.12/site-packages/airflow/example_dags/example_branch_labels.py
[2026-03-04T08:02:25.252+0000] {processor.py:830} INFO - Processing file /home/airflow/.local/lib/python3.12/site-packages/airflow/example_dags/example_branch_labels.py for tasks to queue
[2026-03-04T08:02:25.253+0000] {logging_mixin.py:188} INFO - [2026-03-04T08:02:25.253+0000] {dagbag.py:545} INFO - Filling up the DagBag from /home/airflow/.local/lib/python3.12/site-packages/airflow/example_dags/example_branch_labels.py
[2026-03-04T08:02:25.256+0000] {processor.py:840} INFO - DAG(s) 'example_branch_labels' retrieved from /home/airflow/.local/lib/python3.12/site-packages/airflow/example_dags/example_branch_labels.py
[2026-03-04T08:02:25.264+0000] {logging_mixin.py:188} INFO - [2026-03-04T08:02:25.264+0000] {dag.py:3089} INFO - Sync 1 DAGs
[2026-03-04T08:02:25.272+0000] {logging_mixin.py:188} INFO - [2026-03-04T08:02:25.272+0000] {dag.py:3947} INFO - Setting next_dagrun for example_branch_labels to 2026-03-03 00:00:00+00:00, run_after=2026-03-04 00:00:00+00:00
[2026-03-04T08:02:25.281+0000] {processor.py:183} INFO - Processing /home/airflow/.local/lib/python3.12/site-packages/airflow/example_dags/example_branch_labels.py took 0.031 seconds
[2026-03-04T08:02:55.759+0000] {processor.py:161} INFO - Started process (PID=2917) to work on /home/airflow/.local/lib/python3.12/site-packages/airflow/example_dags/example_branch_labels.py
[2026-03-04T08:02:55.760+0000] {processor.py:830} INFO - Processing file /home/airflow/.local/lib/python3.12/site-packages/airflow/example_dags/example_branch_labels.py for tasks to queue
[2026-03-04T08:02:55.761+0000] {logging_mixin.py:188} INFO - [2026-03-04T08:02:55.760+0000] {dagbag.py:545} INFO - Filling up the DagBag from /home/airflow/.local/lib/python3.12/site-packages/airflow/example_dags/example_branch_labels.py
[2026-03-04T08:02:55.763+0000] {processor.py:840} INFO - DAG(s) 'example_branch_labels' retrieved from /home/airflow/.local/lib/python3.12/site-packages/airflow/example_dags/example_branch_labels.py
[2026-03-04T08:02:55.771+0000] {logging_mixin.py:188} INFO - [2026-03-04T08:02:55.771+0000] {dag.py:3089} INFO - Sync 1 DAGs
[2026-03-04T08:02:55.778+0000] {logging_mixin.py:188} INFO - [2026-03-04T08:02:55.778+0000] {dag.py:3947} INFO - Setting next_dagrun for example_branch_labels to 2026-03-03 00:00:00+00:00, run_after=2026-03-04 00:00:00+00:00
[2026-03-04T08:02:55.790+0000] {processor.py:183} INFO - Processing /home/airflow/.local/lib/python3.12/site-packages/airflow/example_dags/example_branch_labels.py took 0.034 seconds
[2026-03-04T08:03:26.369+0000] {processor.py:161} INFO - Started process (PID=3181) to work on /home/airflow/.local/lib/python3.12/site-packages/airflow/example_dags/example_branch_labels.py
[2026-03-04T08:03:26.369+0000] {processor.py:830} INFO - Processing file /home/airflow/.local/lib/python3.12/site-packages/airflow/example_dags/example_branch_labels.py for tasks to queue
[2026-03-04T08:03:26.371+0000] {logging_mixin.py:188} INFO - [2026-03-04T08:03:26.370+0000] {dagbag.py:545} INFO - Filling up the DagBag from /home/airflow/.local/lib/python3.12/site-packages/airflow/example_dags/example_branch_labels.py
[2026-03-04T08:03:26.374+0000] {processor.py:840} INFO - DAG(s) 'example_branch_labels' retrieved from /home/airflow/.local/lib/python3.12/site-packages/airflow/example_dags/example_branch_labels.py
[2026-03-04T08:03:26.381+0000] {logging_mixin.py:188} INFO - [2026-03-04T08:03:26.381+0000] {dag.py:3089} INFO - Sync 1 DAGs
[2026-03-04T08:03:26.391+0000] {logging_mixin.py:188} INFO - [2026-03-04T08:03:26.391+0000] {dag.py:3947} INFO - Setting next_dagrun for example_branch_labels to 2026-03-03 00:00:00+00:00, run_after=2026-03-04 00:00:00+00:00
[2026-03-04T08:03:26.401+0000] {processor.py:183} INFO - Processing /home/airflow/.local/lib/python3.12/site-packages/airflow/example_dags/example_branch_labels.py took 0.034 seconds
[2026-03-04T08:03:56.900+0000] {processor.py:161} INFO - Started process (PID=3441) to work on /home/airflow/.local/lib/python3.12/site-packages/airflow/example_dags/example_branch_labels.py
[2026-03-04T08:03:56.901+0000] {processor.py:830} INFO - Processing file /home/airflow/.local/lib/python3.12/site-packages/airflow/example_dags/example_branch_labels.py for tasks to queue
[2026-03-04T08:03:56.902+0000] {logging_mixin.py:188} INFO - [2026-03-04T08:03:56.902+0000] {dagbag.py:545} INFO - Filling up the DagBag from /home/airflow/.local/lib/python3.12/site-packages/airflow/example_dags/example_branch_labels.py
[2026-03-04T08:03:56.905+0000] {processor.py:840} INFO - DAG(s) 'example_branch_labels' retrieved from /home/airflow/.local/lib/python3.12/site-packages/airflow/example_dags/example_branch_labels.py
[2026-03-04T08:03:56.913+0000] {logging_mixin.py:188} INFO - [2026-03-04T08:03:56.913+0000] {dag.py:3089} INFO - Sync 1 DAGs
[2026-03-04T08:03:56.920+0000] {logging_mixin.py:188} INFO - [2026-03-04T08:03:56.920+0000] {dag.py:3947} INFO - Setting next_dagrun for example_branch_labels to 2026-03-03 00:00:00+00:00, run_after=2026-03-04 00:00:00+00:00
[2026-03-04T08:03:56.932+0000] {processor.py:183} INFO - Processing /home/airflow/.local/lib/python3.12/site-packages/airflow/example_dags/example_branch_labels.py took 0.034 seconds
[2026-03-04T08:04:27.494+0000] {processor.py:161} INFO - Started process (PID=3703) to work on /home/airflow/.local/lib/python3.12/site-packages/airflow/example_dags/example_branch_labels.py
[2026-03-04T08:04:27.494+0000] {processor.py:830} INFO - Processing file /home/airflow/.local/lib/python3.12/site-packages/airflow/example_dags/example_branch_labels.py for tasks to queue
[2026-03-04T08:04:27.495+0000] {logging_mixin.py:188} INFO - [2026-03-04T08:04:27.495+0000] {dagbag.py:545} INFO - Filling up the DagBag from /home/airflow/.local/lib/python3.12/site-packages/airflow/example_dags/example_branch_labels.py
[2026-03-04T08:04:27.499+0000] {processor.py:840} INFO - DAG(s) 'example_branch_labels' retrieved from /home/airflow/.local/lib/python3.12/site-packages/airflow/example_dags/example_branch_labels.py
[2026-03-04T08:04:27.509+0000] {logging_mixin.py:188} INFO - [2026-03-04T08:04:27.509+0000] {dag.py:3089} INFO - Sync 1 DAGs
[2026-03-04T08:04:27.516+0000] {logging_mixin.py:188} INFO - [2026-03-04T08:04:27.516+0000] {dag.py:3947} INFO - Setting next_dagrun for example_branch_labels to 2026-03-03 00:00:00+00:00, run_after=2026-03-04 00:00:00+00:00
[2026-03-04T08:04:27.523+0000] {processor.py:183} INFO - Processing /home/airflow/.local/lib/python3.12/site-packages/airflow/example_dags/example_branch_labels.py took 0.031 seconds
[2026-03-04T08:04:58.086+0000] {processor.py:161} INFO - Started process (PID=3967) to work on /home/airflow/.local/lib/python3.12/site-packages/airflow/example_dags/example_branch_labels.py
[2026-03-04T08:04:58.087+0000] {processor.py:830} INFO - Processing file /home/airflow/.local/lib/python3.12/site-packages/airflow/example_dags/example_branch_labels.py for tasks to queue
[2026-03-04T08:04:58.088+0000] {logging_mixin.py:188} INFO - [2026-03-04T08:04:58.088+0000] {dagbag.py:545} INFO - Filling up the DagBag from /home/airflow/.local/lib/python3.12/site-packages/airflow/example_dags/example_branch_labels.py
[2026-03-04T08:04:58.090+0000] {processor.py:840} INFO - DAG(s) 'example_branch_labels' retrieved from /home/airflow/.local/lib/python3.12/site-packages/airflow/example_dags/example_branch_labels.py
[2026-03-04T08:04:58.097+0000] {logging_mixin.py:188} INFO - [2026-03-04T08:04:58.097+0000] {dag.py:3089} INFO - Sync 1 DAGs
[2026-03-04T08:04:58.104+0000] {logging_mixin.py:188} INFO - [2026-03-04T08:04:58.104+0000] {dag.py:3947} INFO - Setting next_dagrun for example_branch_labels to 2026-03-03 00:00:00+00:00, run_after=2026-03-04 00:00:00+00:00
[2026-03-04T08:04:58.109+0000] {processor.py:183} INFO - Processing /home/airflow/.local/lib/python3.12/site-packages/airflow/example_dags/example_branch_labels.py took 0.025 seconds
[2026-03-04T08:05:28.660+0000] {processor.py:161} INFO - Started process (PID=4227) to work on /home/airflow/.local/lib/python3.12/site-packages/airflow/example_dags/example_branch_labels.py
[2026-03-04T08:05:28.660+0000] {processor.py:830} INFO - Processing file /home/airflow/.local/lib/python3.12/site-packages/airflow/example_dags/example_branch_labels.py for tasks to queue
[2026-03-04T08:05:28.661+0000] {logging_mixin.py:188} INFO - [2026-03-04T08:05:28.661+0000] {dagbag.py:545} INFO - Filling up the DagBag from /home/airflow/.local/lib/python3.12/site-packages/airflow/example_dags/example_branch_labels.py
[2026-03-04T08:05:28.664+0000] {processor.py:840} INFO - DAG(s) 'example_branch_labels' retrieved from /home/airflow/.local/lib/python3.12/site-packages/airflow/example_dags/example_branch_labels.py
[2026-03-04T08:05:28.674+0000] {logging_mixin.py:188} INFO - [2026-03-04T08:05:28.674+0000] {dag.py:3089} INFO - Sync 1 DAGs
[2026-03-04T08:05:28.684+0000] {logging_mixin.py:188} INFO - [2026-03-04T08:05:28.684+0000] {dag.py:3947} INFO - Setting next_dagrun for example_branch_labels to 2026-03-03 00:00:00+00:00, run_after=2026-03-04 00:00:00+00:00
[2026-03-04T08:05:28.690+0000] {processor.py:183} INFO - Processing /home/airflow/.local/lib/python3.12/site-packages/airflow/example_dags/example_branch_labels.py took 0.033 seconds
[2026-03-04T08:05:59.244+0000] {processor.py:161} INFO - Started process (PID=4489) to work on /home/airflow/.local/lib/python3.12/site-packages/airflow/example_dags/example_branch_labels.py
[2026-03-04T08:05:59.245+0000] {processor.py:830} INFO - Processing file /home/airflow/.local/lib/python3.12/site-packages/airflow/example_dags/example_branch_labels.py for tasks to queue
[2026-03-04T08:05:59.247+0000] {logging_mixin.py:188} INFO - [2026-03-04T08:05:59.247+0000] {dagbag.py:545} INFO - Filling up the DagBag from /home/airflow/.local/lib/python3.12/site-packages/airflow/example_dags/example_branch_labels.py
[2026-03-04T08:05:59.250+0000] {processor.py:840} INFO - DAG(s) 'example_branch_labels' retrieved from /home/airflow/.local/lib/python3.12/site-packages/airflow/example_dags/example_branch_labels.py
[2026-03-04T08:05:59.259+0000] {logging_mixin.py:188} INFO - [2026-03-04T08:05:59.258+0000] {dag.py:3089} INFO - Sync 1 DAGs
[2026-03-04T08:05:59.266+0000] {logging_mixin.py:188} INFO - [2026-03-04T08:05:59.266+0000] {dag.py:3947} INFO - Setting next_dagrun for example_branch_labels to 2026-03-03 00:00:00+00:00, run_after=2026-03-04 00:00:00+00:00
[2026-03-04T08:05:59.274+0000] {processor.py:183} INFO - Processing /home/airflow/.local/lib/python3.12/site-packages/airflow/example_dags/example_branch_labels.py took 0.031 seconds
[2026-03-04T08:06:29.802+0000] {processor.py:161} INFO - Started process (PID=4753) to work on /home/airflow/.local/lib/python3.12/site-packages/airflow/example_dags/example_branch_labels.py
[2026-03-04T08:06:29.803+0000] {processor.py:830} INFO - Processing file /home/airflow/.local/lib/python3.12/site-packages/airflow/example_dags/example_branch_labels.py for tasks to queue
[2026-03-04T08:06:29.803+0000] {logging_mixin.py:188} INFO - [2026-03-04T08:06:29.803+0000] {dagbag.py:545} INFO - Filling up the DagBag from /home/airflow/.local/lib/python3.12/site-packages/airflow/example_dags/example_branch_labels.py
[2026-03-04T08:06:29.806+0000] {processor.py:840} INFO - DAG(s) 'example_branch_labels' retrieved from /home/airflow/.local/lib/python3.12/site-packages/airflow/example_dags/example_branch_labels.py
[2026-03-04T08:06:29.817+0000] {logging_mixin.py:188} INFO - [2026-03-04T08:06:29.817+0000] {dag.py:3089} INFO - Sync 1 DAGs
[2026-03-04T08:06:29.825+0000] {logging_mixin.py:188} INFO - [2026-03-04T08:06:29.825+0000] {dag.py:3947} INFO - Setting next_dagrun for example_branch_labels to 2026-03-03 00:00:00+00:00, run_after=2026-03-04 00:00:00+00:00
[2026-03-04T08:06:29.834+0000] {processor.py:183} INFO - Processing /home/airflow/.local/lib/python3.12/site-packages/airflow/example_dags/example_branch_labels.py took 0.034 seconds
[2026-03-04T08:07:00.346+0000] {processor.py:161} INFO - Started process (PID=5013) to work on /home/airflow/.local/lib/python3.12/site-packages/airflow/example_dags/example_branch_labels.py
[2026-03-04T08:07:00.347+0000] {processor.py:830} INFO - Processing file /home/airflow/.local/lib/python3.12/site-packages/airflow/example_dags/example_branch_labels.py for tasks to queue
[2026-03-04T08:07:00.348+0000] {logging_mixin.py:188} INFO - [2026-03-04T08:07:00.348+0000] {dagbag.py:545} INFO - Filling up the DagBag from /home/airflow/.local/lib/python3.12/site-packages/airflow/example_dags/example_branch_labels.py
[2026-03-04T08:07:00.352+0000] {processor.py:840} INFO - DAG(s) 'example_branch_labels' retrieved from /home/airflow/.local/lib/python3.12/site-packages/airflow/example_dags/example_branch_labels.py
[2026-03-04T08:07:00.362+0000] {logging_mixin.py:188} INFO - [2026-03-04T08:07:00.362+0000] {dag.py:3089} INFO - Sync 1 DAGs
[2026-03-04T08:07:00.371+0000] {logging_mixin.py:188} INFO - [2026-03-04T08:07:00.371+0000] {dag.py:3947} INFO - Setting next_dagrun for example_branch_labels to 2026-03-03 00:00:00+00:00, run_after=2026-03-04 00:00:00+00:00
[2026-03-04T08:07:00.377+0000] {processor.py:183} INFO - Processing /home/airflow/.local/lib/python3.12/site-packages/airflow/example_dags/example_branch_labels.py took 0.033 seconds
[2026-03-04T08:07:30.854+0000] {processor.py:161} INFO - Started process (PID=5275) to work on /home/airflow/.local/lib/python3.12/site-packages/airflow/example_dags/example_branch_labels.py
[2026-03-04T08:07:30.855+0000] {processor.py:830} INFO - Processing file /home/airflow/.local/lib/python3.12/site-packages/airflow/example_dags/example_branch_labels.py for tasks to queue
[2026-03-04T08:07:30.856+0000] {logging_mixin.py:188} INFO - [2026-03-04T08:07:30.856+0000] {dagbag.py:545} INFO - Filling up the DagBag from /home/airflow/.local/lib/python3.12/site-packages/airflow/example_dags/example_branch_labels.py
[2026-03-04T08:07:30.858+0000] {processor.py:840} INFO - DAG(s) 'example_branch_labels' retrieved from /home/airflow/.local/lib/python3.12/site-packages/airflow/example_dags/example_branch_labels.py
[2026-03-04T08:07:30.865+0000] {logging_mixin.py:188} INFO - [2026-03-04T08:07:30.865+0000] {dag.py:3089} INFO - Sync 1 DAGs
[2026-03-04T08:07:30.873+0000] {logging_mixin.py:188} INFO - [2026-03-04T08:07:30.873+0000] {dag.py:3947} INFO - Setting next_dagrun for example_branch_labels to 2026-03-03 00:00:00+00:00, run_after=2026-03-04 00:00:00+00:00
[2026-03-04T08:07:30.885+0000] {processor.py:183} INFO - Processing /home/airflow/.local/lib/python3.12/site-packages/airflow/example_dags/example_branch_labels.py took 0.033 seconds
[2026-03-04T08:08:01.464+0000] {processor.py:161} INFO - Started process (PID=5539) to work on /home/airflow/.local/lib/python3.12/site-packages/airflow/example_dags/example_branch_labels.py
[2026-03-04T08:08:01.465+0000] {processor.py:830} INFO - Processing file /home/airflow/.local/lib/python3.12/site-packages/airflow/example_dags/example_branch_labels.py for tasks to queue
[2026-03-04T08:08:01.466+0000] {logging_mixin.py:188} INFO - [2026-03-04T08:08:01.466+0000] {dagbag.py:545} INFO - Filling up the DagBag from /home/airflow/.local/lib/python3.12/site-packages/airflow/example_dags/example_branch_labels.py
[2026-03-04T08:08:01.469+0000] {processor.py:840} INFO - DAG(s) 'example_branch_labels' retrieved from /home/airflow/.local/lib/python3.12/site-packages/airflow/example_dags/example_branch_labels.py
[2026-03-04T08:08:01.479+0000] {logging_mixin.py:188} INFO - [2026-03-04T08:08:01.479+0000] {dag.py:3089} INFO - Sync 1 DAGs
[2026-03-04T08:08:01.488+0000] {logging_mixin.py:188} INFO - [2026-03-04T08:08:01.488+0000] {dag.py:3947} INFO - Setting next_dagrun for example_branch_labels to 2026-03-03 00:00:00+00:00, run_after=2026-03-04 00:00:00+00:00
[2026-03-04T08:08:01.498+0000] {processor.py:183} INFO - Processing /home/airflow/.local/lib/python3.12/site-packages/airflow/example_dags/example_branch_labels.py took 0.036 seconds
[2026-03-04T08:08:32.030+0000] {processor.py:161} INFO - Started process (PID=5801) to work on /home/airflow/.local/lib/python3.12/site-packages/airflow/example_dags/example_branch_labels.py
[2026-03-04T08:08:32.031+0000] {processor.py:830} INFO - Processing file /home/airflow/.local/lib/python3.12/site-packages/airflow/example_dags/example_branch_labels.py for tasks to queue
[2026-03-04T08:08:32.032+0000] {logging_mixin.py:188} INFO - [2026-03-04T08:08:32.032+0000] {dagbag.py:545} INFO - Filling up the DagBag from /home/airflow/.local/lib/python3.12/site-packages/airflow/example_dags/example_branch_labels.py
[2026-03-04T08:08:32.034+0000] {processor.py:840} INFO - DAG(s) 'example_branch_labels' retrieved from /home/airflow/.local/lib/python3.12/site-packages/airflow/example_dags/example_branch_labels.py
[2026-03-04T08:08:32.044+0000] {logging_mixin.py:188} INFO - [2026-03-04T08:08:32.044+0000] {dag.py:3089} INFO - Sync 1 DAGs
[2026-03-04T08:08:32.056+0000] {logging_mixin.py:188} INFO - [2026-03-04T08:08:32.056+0000] {dag.py:3947} INFO - Setting next_dagrun for example_branch_labels to 2026-03-03 00:00:00+00:00, run_after=2026-03-04 00:00:00+00:00
[2026-03-04T08:08:32.064+0000] {processor.py:183} INFO - Processing /home/airflow/.local/lib/python3.12/site-packages/airflow/example_dags/example_branch_labels.py took 0.035 seconds
[2026-03-04T08:09:02.682+0000] {processor.py:161} INFO - Started process (PID=6063) to work on /home/airflow/.local/lib/python3.12/site-packages/airflow/example_dags/example_branch_labels.py
[2026-03-04T08:09:02.682+0000] {processor.py:830} INFO - Processing file /home/airflow/.local/lib/python3.12/site-packages/airflow/example_dags/example_branch_labels.py for tasks to queue
[2026-03-04T08:09:02.683+0000] {logging_mixin.py:188} INFO - [2026-03-04T08:09:02.683+0000] {dagbag.py:545} INFO - Filling up the DagBag from /home/airflow/.local/lib/python3.12/site-packages/airflow/example_dags/example_branch_labels.py
[2026-03-04T08:09:02.686+0000] {processor.py:840} INFO - DAG(s) 'example_branch_labels' retrieved from /home/airflow/.local/lib/python3.12/site-packages/airflow/example_dags/example_branch_labels.py
[2026-03-04T08:09:02.696+0000] {logging_mixin.py:188} INFO - [2026-03-04T08:09:02.696+0000] {dag.py:3089} INFO - Sync 1 DAGs
[2026-03-04T08:09:02.706+0000] {logging_mixin.py:188} INFO - [2026-03-04T08:09:02.706+0000] {dag.py:3947} INFO - Setting next_dagrun for example_branch_labels to 2026-03-03 00:00:00+00:00, run_after=2026-03-04 00:00:00+00:00
[2026-03-04T08:09:02.716+0000] {processor.py:183} INFO - Processing /home/airflow/.local/lib/python3.12/site-packages/airflow/example_dags/example_branch_labels.py took 0.036 seconds
[2026-03-04T08:09:33.235+0000] {processor.py:161} INFO - Started process (PID=6323) to work on /home/airflow/.local/lib/python3.12/site-packages/airflow/example_dags/example_branch_labels.py
[2026-03-04T08:09:33.236+0000] {processor.py:830} INFO - Processing file /home/airflow/.local/lib/python3.12/site-packages/airflow/example_dags/example_branch_labels.py for tasks to queue
[2026-03-04T08:09:33.237+0000] {logging_mixin.py:188} INFO - [2026-03-04T08:09:33.237+0000] {dagbag.py:545} INFO - Filling up the DagBag from /home/airflow/.local/lib/python3.12/site-packages/airflow/example_dags/example_branch_labels.py
[2026-03-04T08:09:33.241+0000] {processor.py:840} INFO - DAG(s) 'example_branch_labels' retrieved from /home/airflow/.local/lib/python3.12/site-packages/airflow/example_dags/example_branch_labels.py
[2026-03-04T08:09:33.252+0000] {logging_mixin.py:188} INFO - [2026-03-04T08:09:33.252+0000] {dag.py:3089} INFO - Sync 1 DAGs
[2026-03-04T08:09:33.262+0000] {logging_mixin.py:188} INFO - [2026-03-04T08:09:33.262+0000] {dag.py:3947} INFO - Setting next_dagrun for example_branch_labels to 2026-03-03 00:00:00+00:00, run_after=2026-03-04 00:00:00+00:00
[2026-03-04T08:09:33.269+0000] {processor.py:183} INFO - Processing /home/airflow/.local/lib/python3.12/site-packages/airflow/example_dags/example_branch_labels.py took 0.036 seconds
[2026-03-04T08:10:03.835+0000] {processor.py:161} INFO - Started process (PID=6585) to work on /home/airflow/.local/lib/python3.12/site-packages/airflow/example_dags/example_branch_labels.py
[2026-03-04T08:10:03.836+0000] {processor.py:830} INFO - Processing file /home/airflow/.local/lib/python3.12/site-packages/airflow/example_dags/example_branch_labels.py for tasks to queue
[2026-03-04T08:10:03.837+0000] {logging_mixin.py:188} INFO - [2026-03-04T08:10:03.837+0000] {dagbag.py:545} INFO - Filling up the DagBag from /home/airflow/.local/lib/python3.12/site-packages/airflow/example_dags/example_branch_labels.py
[2026-03-04T08:10:03.840+0000] {processor.py:840} INFO - DAG(s) 'example_branch_labels' retrieved from /home/airflow/.local/lib/python3.12/site-packages/airflow/example_dags/example_branch_labels.py
[2026-03-04T08:10:03.847+0000] {logging_mixin.py:188} INFO - [2026-03-04T08:10:03.847+0000] {dag.py:3089} INFO - Sync 1 DAGs
[2026-03-04T08:10:03.854+0000] {logging_mixin.py:188} INFO - [2026-03-04T08:10:03.854+0000] {dag.py:3947} INFO - Setting next_dagrun for example_branch_labels to 2026-03-03 00:00:00+00:00, run_after=2026-03-04 00:00:00+00:00
[2026-03-04T08:10:03.860+0000] {processor.py:183} INFO - Processing /home/airflow/.local/lib/python3.12/site-packages/airflow/example_dags/example_branch_labels.py took 0.027 seconds
[2026-03-04T08:10:34.352+0000] {processor.py:161} INFO - Started process (PID=6852) to work on /home/airflow/.local/lib/python3.12/site-packages/airflow/example_dags/example_branch_labels.py
[2026-03-04T08:10:34.352+0000] {processor.py:830} INFO - Processing file /home/airflow/.local/lib/python3.12/site-packages/airflow/example_dags/example_branch_labels.py for tasks to queue
[2026-03-04T08:10:34.353+0000] {logging_mixin.py:188} INFO - [2026-03-04T08:10:34.353+0000] {dagbag.py:545} INFO - Filling up the DagBag from /home/airflow/.local/lib/python3.12/site-packages/airflow/example_dags/example_branch_labels.py
[2026-03-04T08:10:34.356+0000] {processor.py:840} INFO - DAG(s) 'example_branch_labels' retrieved from /home/airflow/.local/lib/python3.12/site-packages/airflow/example_dags/example_branch_labels.py
[2026-03-04T08:10:34.366+0000] {logging_mixin.py:188} INFO - [2026-03-04T08:10:34.366+0000] {dag.py:3089} INFO - Sync 1 DAGs
[2026-03-04T08:10:34.378+0000] {logging_mixin.py:188} INFO - [2026-03-04T08:10:34.378+0000] {dag.py:3947} INFO - Setting next_dagrun for example_branch_labels to 2026-03-03 00:00:00+00:00, run_after=2026-03-04 00:00:00+00:00
[2026-03-04T08:10:34.385+0000] {processor.py:183} INFO - Processing /home/airflow/.local/lib/python3.12/site-packages/airflow/example_dags/example_branch_labels.py took 0.036 seconds
[2026-03-04T08:11:05.026+0000] {processor.py:161} INFO - Started process (PID=7112) to work on /home/airflow/.local/lib/python3.12/site-packages/airflow/example_dags/example_branch_labels.py
[2026-03-04T08:11:05.027+0000] {processor.py:830} INFO - Processing file /home/airflow/.local/lib/python3.12/site-packages/airflow/example_dags/example_branch_labels.py for tasks to queue
[2026-03-04T08:11:05.028+0000] {logging_mixin.py:188} INFO - [2026-03-04T08:11:05.028+0000] {dagbag.py:545} INFO - Filling up the DagBag from /home/airflow/.local/lib/python3.12/site-packages/airflow/example_dags/example_branch_labels.py
[2026-03-04T08:11:05.031+0000] {processor.py:840} INFO - DAG(s) 'example_branch_labels' retrieved from /home/airflow/.local/lib/python3.12/site-packages/airflow/example_dags/example_branch_labels.py
[2026-03-04T08:11:05.050+0000] {logging_mixin.py:188} INFO - [2026-03-04T08:11:05.050+0000] {dag.py:3089} INFO - Sync 1 DAGs
[2026-03-04T08:11:05.063+0000] {logging_mixin.py:188} INFO - [2026-03-04T08:11:05.063+0000] {dag.py:3947} INFO - Setting next_dagrun for example_branch_labels to 2026-03-03 00:00:00+00:00, run_after=2026-03-04 00:00:00+00:00
[2026-03-04T08:11:05.072+0000] {processor.py:183} INFO - Processing /home/airflow/.local/lib/python3.12/site-packages/airflow/example_dags/example_branch_labels.py took 0.048 seconds
[2026-03-04T08:11:35.646+0000] {processor.py:161} INFO - Started process (PID=7375) to work on /home/airflow/.local/lib/python3.12/site-packages/airflow/example_dags/example_branch_labels.py
[2026-03-04T08:11:35.646+0000] {processor.py:830} INFO - Processing file /home/airflow/.local/lib/python3.12/site-packages/airflow/example_dags/example_branch_labels.py for tasks to queue
[2026-03-04T08:11:35.647+0000] {logging_mixin.py:188} INFO - [2026-03-04T08:11:35.647+0000] {dagbag.py:545} INFO - Filling up the DagBag from /home/airflow/.local/lib/python3.12/site-packages/airflow/example_dags/example_branch_labels.py
[2026-03-04T08:11:35.650+0000] {processor.py:840} INFO - DAG(s) 'example_branch_labels' retrieved from /home/airflow/.local/lib/python3.12/site-packages/airflow/example_dags/example_branch_labels.py
[2026-03-04T08:11:35.660+0000] {logging_mixin.py:188} INFO - [2026-03-04T08:11:35.660+0000] {dag.py:3089} INFO - Sync 1 DAGs
[2026-03-04T08:11:35.670+0000] {logging_mixin.py:188} INFO - [2026-03-04T08:11:35.669+0000] {dag.py:3947} INFO - Setting next_dagrun for example_branch_labels to 2026-03-03 00:00:00+00:00, run_after=2026-03-04 00:00:00+00:00
[2026-03-04T08:11:35.680+0000] {processor.py:183} INFO - Processing /home/airflow/.local/lib/python3.12/site-packages/airflow/example_dags/example_branch_labels.py took 0.037 seconds
[2026-03-04T08:12:06.133+0000] {processor.py:161} INFO - Started process (PID=7636) to work on /home/airflow/.local/lib/python3.12/site-packages/airflow/example_dags/example_branch_labels.py
[2026-03-04T08:12:06.134+0000] {processor.py:830} INFO - Processing file /home/airflow/.local/lib/python3.12/site-packages/airflow/example_dags/example_branch_labels.py for tasks to queue
[2026-03-04T08:12:06.135+0000] {logging_mixin.py:188} INFO - [2026-03-04T08:12:06.135+0000] {dagbag.py:545} INFO - Filling up the DagBag from /home/airflow/.local/lib/python3.12/site-packages/airflow/example_dags/example_branch_labels.py
[2026-03-04T08:12:06.138+0000] {processor.py:840} INFO - DAG(s) 'example_branch_labels' retrieved from /home/airflow/.local/lib/python3.12/site-packages/airflow/example_dags/example_branch_labels.py
[2026-03-04T08:12:06.149+0000] {logging_mixin.py:188} INFO - [2026-03-04T08:12:06.149+0000] {dag.py:3089} INFO - Sync 1 DAGs
[2026-03-04T08:12:06.158+0000] {logging_mixin.py:188} INFO - [2026-03-04T08:12:06.158+0000] {dag.py:3947} INFO - Setting next_dagrun for example_branch_labels to 2026-03-03 00:00:00+00:00, run_after=2026-03-04 00:00:00+00:00
[2026-03-04T08:12:06.167+0000] {processor.py:183} INFO - Processing /home/airflow/.local/lib/python3.12/site-packages/airflow/example_dags/example_branch_labels.py took 0.037 seconds
[2026-03-04T08:12:36.735+0000] {processor.py:161} INFO - Started process (PID=7900) to work on /home/airflow/.local/lib/python3.12/site-packages/airflow/example_dags/example_branch_labels.py
[2026-03-04T08:12:36.736+0000] {processor.py:830} INFO - Processing file /home/airflow/.local/lib/python3.12/site-packages/airflow/example_dags/example_branch_labels.py for tasks to queue
[2026-03-04T08:12:36.736+0000] {logging_mixin.py:188} INFO - [2026-03-04T08:12:36.736+0000] {dagbag.py:545} INFO - Filling up the DagBag from /home/airflow/.local/lib/python3.12/site-packages/airflow/example_dags/example_branch_labels.py
[2026-03-04T08:12:36.739+0000] {processor.py:840} INFO - DAG(s) 'example_branch_labels' retrieved from /home/airflow/.local/lib/python3.12/site-packages/airflow/example_dags/example_branch_labels.py
[2026-03-04T08:12:36.747+0000] {logging_mixin.py:188} INFO - [2026-03-04T08:12:36.747+0000] {dag.py:3089} INFO - Sync 1 DAGs
[2026-03-04T08:12:36.755+0000] {logging_mixin.py:188} INFO - [2026-03-04T08:12:36.755+0000] {dag.py:3947} INFO - Setting next_dagrun for example_branch_labels to 2026-03-03 00:00:00+00:00, run_after=2026-03-04 00:00:00+00:00
[2026-03-04T08:12:36.763+0000] {processor.py:183} INFO - Processing /home/airflow/.local/lib/python3.12/site-packages/airflow/example_dags/example_branch_labels.py took 0.030 seconds
[2026-03-04T08:13:07.245+0000] {processor.py:161} INFO - Started process (PID=8160) to work on /home/airflow/.local/lib/python3.12/site-packages/airflow/example_dags/example_branch_labels.py
[2026-03-04T08:13:07.245+0000] {processor.py:830} INFO - Processing file /home/airflow/.local/lib/python3.12/site-packages/airflow/example_dags/example_branch_labels.py for tasks to queue
[2026-03-04T08:13:07.246+0000] {logging_mixin.py:188} INFO - [2026-03-04T08:13:07.246+0000] {dagbag.py:545} INFO - Filling up the DagBag from /home/airflow/.local/lib/python3.12/site-packages/airflow/example_dags/example_branch_labels.py
[2026-03-04T08:13:07.249+0000] {processor.py:840} INFO - DAG(s) 'example_branch_labels' retrieved from /home/airflow/.local/lib/python3.12/site-packages/airflow/example_dags/example_branch_labels.py
[2026-03-04T08:13:07.257+0000] {logging_mixin.py:188} INFO - [2026-03-04T08:13:07.257+0000] {dag.py:3089} INFO - Sync 1 DAGs
[2026-03-04T08:13:07.267+0000] {logging_mixin.py:188} INFO - [2026-03-04T08:13:07.267+0000] {dag.py:3947} INFO - Setting next_dagrun for example_branch_labels to 2026-03-03 00:00:00+00:00, run_after=2026-03-04 00:00:00+00:00
[2026-03-04T08:13:07.280+0000] {processor.py:183} INFO - Processing /home/airflow/.local/lib/python3.12/site-packages/airflow/example_dags/example_branch_labels.py took 0.037 seconds
[2026-03-04T08:13:37.805+0000] {processor.py:161} INFO - Started process (PID=8422) to work on /home/airflow/.local/lib/python3.12/site-packages/airflow/example_dags/example_branch_labels.py
[2026-03-04T08:13:37.805+0000] {processor.py:830} INFO - Processing file /home/airflow/.local/lib/python3.12/site-packages/airflow/example_dags/example_branch_labels.py for tasks to queue
[2026-03-04T08:13:37.806+0000] {logging_mixin.py:188} INFO - [2026-03-04T08:13:37.806+0000] {dagbag.py:545} INFO - Filling up the DagBag from /home/airflow/.local/lib/python3.12/site-packages/airflow/example_dags/example_branch_labels.py
[2026-03-04T08:13:37.809+0000] {processor.py:840} INFO - DAG(s) 'example_branch_labels' retrieved from /home/airflow/.local/lib/python3.12/site-packages/airflow/example_dags/example_branch_labels.py
[2026-03-04T08:13:37.818+0000] {logging_mixin.py:188} INFO - [2026-03-04T08:13:37.818+0000] {dag.py:3089} INFO - Sync 1 DAGs
[2026-03-04T08:13:37.825+0000] {logging_mixin.py:188} INFO - [2026-03-04T08:13:37.825+0000] {dag.py:3947} INFO - Setting next_dagrun for example_branch_labels to 2026-03-03 00:00:00+00:00, run_after=2026-03-04 00:00:00+00:00
[2026-03-04T08:13:37.838+0000] {processor.py:183} INFO - Processing /home/airflow/.local/lib/python3.12/site-packages/airflow/example_dags/example_branch_labels.py took 0.036 seconds
[2026-03-04T08:14:08.308+0000] {processor.py:161} INFO - Started process (PID=8684) to work on /home/airflow/.local/lib/python3.12/site-packages/airflow/example_dags/example_branch_labels.py
[2026-03-04T08:14:08.309+0000] {processor.py:830} INFO - Processing file /home/airflow/.local/lib/python3.12/site-packages/airflow/example_dags/example_branch_labels.py for tasks to queue
[2026-03-04T08:14:08.310+0000] {logging_mixin.py:188} INFO - [2026-03-04T08:14:08.310+0000] {dagbag.py:545} INFO - Filling up the DagBag from /home/airflow/.local/lib/python3.12/site-packages/airflow/example_dags/example_branch_labels.py
[2026-03-04T08:14:08.313+0000] {processor.py:840} INFO - DAG(s) 'example_branch_labels' retrieved from /home/airflow/.local/lib/python3.12/site-packages/airflow/example_dags/example_branch_labels.py
[2026-03-04T08:14:08.327+0000] {logging_mixin.py:188} INFO - [2026-03-04T08:14:08.326+0000] {dag.py:3089} INFO - Sync 1 DAGs
[2026-03-04T08:14:08.335+0000] {logging_mixin.py:188} INFO - [2026-03-04T08:14:08.335+0000] {dag.py:3947} INFO - Setting next_dagrun for example_branch_labels to 2026-03-03 00:00:00+00:00, run_after=2026-03-04 00:00:00+00:00
[2026-03-04T08:14:08.342+0000] {processor.py:183} INFO - Processing /home/airflow/.local/lib/python3.12/site-packages/airflow/example_dags/example_branch_labels.py took 0.036 seconds
[2026-03-04T08:14:38.865+0000] {processor.py:161} INFO - Started process (PID=8946) to work on /home/airflow/.local/lib/python3.12/site-packages/airflow/example_dags/example_branch_labels.py
[2026-03-04T08:14:38.867+0000] {processor.py:830} INFO - Processing file /home/airflow/.local/lib/python3.12/site-packages/airflow/example_dags/example_branch_labels.py for tasks to queue
[2026-03-04T08:14:38.868+0000] {logging_mixin.py:188} INFO - [2026-03-04T08:14:38.867+0000] {dagbag.py:545} INFO - Filling up the DagBag from /home/airflow/.local/lib/python3.12/site-packages/airflow/example_dags/example_branch_labels.py
[2026-03-04T08:14:38.870+0000] {processor.py:840} INFO - DAG(s) 'example_branch_labels' retrieved from /home/airflow/.local/lib/python3.12/site-packages/airflow/example_dags/example_branch_labels.py
[2026-03-04T08:14:38.883+0000] {logging_mixin.py:188} INFO - [2026-03-04T08:14:38.883+0000] {dag.py:3089} INFO - Sync 1 DAGs
[2026-03-04T08:14:38.892+0000] {logging_mixin.py:188} INFO - [2026-03-04T08:14:38.892+0000] {dag.py:3947} INFO - Setting next_dagrun for example_branch_labels to 2026-03-03 00:00:00+00:00, run_after=2026-03-04 00:00:00+00:00
[2026-03-04T08:14:38.900+0000] {processor.py:183} INFO - Processing /home/airflow/.local/lib/python3.12/site-packages/airflow/example_dags/example_branch_labels.py took 0.038 seconds
[2026-03-04T08:15:09.342+0000] {processor.py:161} INFO - Started process (PID=9212) to work on /home/airflow/.local/lib/python3.12/site-packages/airflow/example_dags/example_branch_labels.py
[2026-03-04T08:15:09.343+0000] {processor.py:830} INFO - Processing file /home/airflow/.local/lib/python3.12/site-packages/airflow/example_dags/example_branch_labels.py for tasks to queue
[2026-03-04T08:15:09.344+0000] {logging_mixin.py:188} INFO - [2026-03-04T08:15:09.344+0000] {dagbag.py:545} INFO - Filling up the DagBag from /home/airflow/.local/lib/python3.12/site-packages/airflow/example_dags/example_branch_labels.py
[2026-03-04T08:15:09.348+0000] {processor.py:840} INFO - DAG(s) 'example_branch_labels' retrieved from /home/airflow/.local/lib/python3.12/site-packages/airflow/example_dags/example_branch_labels.py
[2026-03-04T08:15:09.357+0000] {logging_mixin.py:188} INFO - [2026-03-04T08:15:09.357+0000] {dag.py:3089} INFO - Sync 1 DAGs
[2026-03-04T08:15:09.365+0000] {logging_mixin.py:188} INFO - [2026-03-04T08:15:09.365+0000] {dag.py:3947} INFO - Setting next_dagrun for example_branch_labels to 2026-03-03 00:00:00+00:00, run_after=2026-03-04 00:00:00+00:00
[2026-03-04T08:15:09.371+0000] {processor.py:183} INFO - Processing /home/airflow/.local/lib/python3.12/site-packages/airflow/example_dags/example_branch_labels.py took 0.032 seconds
[2026-03-04T08:15:39.977+0000] {processor.py:161} INFO - Started process (PID=9478) to work on /home/airflow/.local/lib/python3.12/site-packages/airflow/example_dags/example_branch_labels.py
[2026-03-04T08:15:39.978+0000] {processor.py:830} INFO - Processing file /home/airflow/.local/lib/python3.12/site-packages/airflow/example_dags/example_branch_labels.py for tasks to queue
[2026-03-04T08:15:39.979+0000] {logging_mixin.py:188} INFO - [2026-03-04T08:15:39.979+0000] {dagbag.py:545} INFO - Filling up the DagBag from /home/airflow/.local/lib/python3.12/site-packages/airflow/example_dags/example_branch_labels.py
[2026-03-04T08:15:39.982+0000] {processor.py:840} INFO - DAG(s) 'example_branch_labels' retrieved from /home/airflow/.local/lib/python3.12/site-packages/airflow/example_dags/example_branch_labels.py
[2026-03-04T08:15:39.995+0000] {logging_mixin.py:188} INFO - [2026-03-04T08:15:39.995+0000] {dag.py:3089} INFO - Sync 1 DAGs
[2026-03-04T08:15:40.004+0000] {logging_mixin.py:188} INFO - [2026-03-04T08:15:40.004+0000] {dag.py:3947} INFO - Setting next_dagrun for example_branch_labels to 2026-03-03 00:00:00+00:00, run_after=2026-03-04 00:00:00+00:00
[2026-03-04T08:15:40.011+0000] {processor.py:183} INFO - Processing /home/airflow/.local/lib/python3.12/site-packages/airflow/example_dags/example_branch_labels.py took 0.036 seconds
[2026-03-04T08:16:10.619+0000] {processor.py:161} INFO - Started process (PID=9742) to work on /home/airflow/.local/lib/python3.12/site-packages/airflow/example_dags/example_branch_labels.py
[2026-03-04T08:16:10.620+0000] {processor.py:830} INFO - Processing file /home/airflow/.local/lib/python3.12/site-packages/airflow/example_dags/example_branch_labels.py for tasks to queue
[2026-03-04T08:16:10.621+0000] {logging_mixin.py:188} INFO - [2026-03-04T08:16:10.621+0000] {dagbag.py:545} INFO - Filling up the DagBag from /home/airflow/.local/lib/python3.12/site-packages/airflow/example_dags/example_branch_labels.py
[2026-03-04T08:16:10.626+0000] {processor.py:840} INFO - DAG(s) 'example_branch_labels' retrieved from /home/airflow/.local/lib/python3.12/site-packages/airflow/example_dags/example_branch_labels.py
[2026-03-04T08:16:10.635+0000] {logging_mixin.py:188} INFO - [2026-03-04T08:16:10.635+0000] {dag.py:3089} INFO - Sync 1 DAGs
[2026-03-04T08:16:10.645+0000] {logging_mixin.py:188} INFO - [2026-03-04T08:16:10.645+0000] {dag.py:3947} INFO - Setting next_dagrun for example_branch_labels to 2026-03-03 00:00:00+00:00, run_after=2026-03-04 00:00:00+00:00
[2026-03-04T08:16:10.654+0000] {processor.py:183} INFO - Processing /home/airflow/.local/lib/python3.12/site-packages/airflow/example_dags/example_branch_labels.py took 0.037 seconds
[2026-03-04T08:16:41.247+0000] {processor.py:161} INFO - Started process (PID=10002) to work on /home/airflow/.local/lib/python3.12/site-packages/airflow/example_dags/example_branch_labels.py
[2026-03-04T08:16:41.247+0000] {processor.py:830} INFO - Processing file /home/airflow/.local/lib/python3.12/site-packages/airflow/example_dags/example_branch_labels.py for tasks to queue
[2026-03-04T08:16:41.248+0000] {logging_mixin.py:188} INFO - [2026-03-04T08:16:41.248+0000] {dagbag.py:545} INFO - Filling up the DagBag from /home/airflow/.local/lib/python3.12/site-packages/airflow/example_dags/example_branch_labels.py
[2026-03-04T08:16:41.251+0000] {processor.py:840} INFO - DAG(s) 'example_branch_labels' retrieved from /home/airflow/.local/lib/python3.12/site-packages/airflow/example_dags/example_branch_labels.py
[2026-03-04T08:16:41.259+0000] {logging_mixin.py:188} INFO - [2026-03-04T08:16:41.259+0000] {dag.py:3089} INFO - Sync 1 DAGs
[2026-03-04T08:16:41.267+0000] {logging_mixin.py:188} INFO - [2026-03-04T08:16:41.267+0000] {dag.py:3947} INFO - Setting next_dagrun for example_branch_labels to 2026-03-03 00:00:00+00:00, run_after=2026-03-04 00:00:00+00:00
[2026-03-04T08:16:41.281+0000] {processor.py:183} INFO - Processing /home/airflow/.local/lib/python3.12/site-packages/airflow/example_dags/example_branch_labels.py took 0.036 seconds
[2026-03-04T08:17:12.290+0000] {processor.py:161} INFO - Started process (PID=10266) to work on /home/airflow/.local/lib/python3.12/site-packages/airflow/example_dags/example_branch_labels.py
[2026-03-04T08:17:12.290+0000] {processor.py:830} INFO - Processing file /home/airflow/.local/lib/python3.12/site-packages/airflow/example_dags/example_branch_labels.py for tasks to queue
[2026-03-04T08:17:12.291+0000] {logging_mixin.py:188} INFO - [2026-03-04T08:17:12.291+0000] {dagbag.py:545} INFO - Filling up the DagBag from /home/airflow/.local/lib/python3.12/site-packages/airflow/example_dags/example_branch_labels.py
[2026-03-04T08:17:12.293+0000] {processor.py:840} INFO - DAG(s) 'example_branch_labels' retrieved from /home/airflow/.local/lib/python3.12/site-packages/airflow/example_dags/example_branch_labels.py
[2026-03-04T08:17:12.300+0000] {logging_mixin.py:188} INFO - [2026-03-04T08:17:12.300+0000] {dag.py:3089} INFO - Sync 1 DAGs
[2026-03-04T08:17:12.307+0000] {logging_mixin.py:188} INFO - [2026-03-04T08:17:12.306+0000] {dag.py:3947} INFO - Setting next_dagrun for example_branch_labels to 2026-03-03 00:00:00+00:00, run_after=2026-03-04 00:00:00+00:00
[2026-03-04T08:17:12.312+0000] {processor.py:183} INFO - Processing /home/airflow/.local/lib/python3.12/site-packages/airflow/example_dags/example_branch_labels.py took 0.024 seconds
[2026-03-04T08:17:43.205+0000] {processor.py:161} INFO - Started process (PID=10526) to work on /home/airflow/.local/lib/python3.12/site-packages/airflow/example_dags/example_branch_labels.py
[2026-03-04T08:17:43.206+0000] {processor.py:830} INFO - Processing file /home/airflow/.local/lib/python3.12/site-packages/airflow/example_dags/example_branch_labels.py for tasks to queue
[2026-03-04T08:17:43.208+0000] {logging_mixin.py:188} INFO - [2026-03-04T08:17:43.208+0000] {dagbag.py:545} INFO - Filling up the DagBag from /home/airflow/.local/lib/python3.12/site-packages/airflow/example_dags/example_branch_labels.py
[2026-03-04T08:17:43.210+0000] {processor.py:840} INFO - DAG(s) 'example_branch_labels' retrieved from /home/airflow/.local/lib/python3.12/site-packages/airflow/example_dags/example_branch_labels.py
[2026-03-04T08:17:43.223+0000] {logging_mixin.py:188} INFO - [2026-03-04T08:17:43.222+0000] {dag.py:3089} INFO - Sync 1 DAGs
[2026-03-04T08:17:43.304+0000] {logging_mixin.py:188} INFO - [2026-03-04T08:17:43.304+0000] {dag.py:3947} INFO - Setting next_dagrun for example_branch_labels to 2026-03-03 00:00:00+00:00, run_after=2026-03-04 00:00:00+00:00
[2026-03-04T08:17:43.317+0000] {processor.py:183} INFO - Processing /home/airflow/.local/lib/python3.12/site-packages/airflow/example_dags/example_branch_labels.py took 0.114 seconds
[2026-03-04T08:18:14.365+0000] {processor.py:161} INFO - Started process (PID=10790) to work on /home/airflow/.local/lib/python3.12/site-packages/airflow/example_dags/example_branch_labels.py
[2026-03-04T08:18:14.365+0000] {processor.py:830} INFO - Processing file /home/airflow/.local/lib/python3.12/site-packages/airflow/example_dags/example_branch_labels.py for tasks to queue
[2026-03-04T08:18:14.366+0000] {logging_mixin.py:188} INFO - [2026-03-04T08:18:14.366+0000] {dagbag.py:545} INFO - Filling up the DagBag from /home/airflow/.local/lib/python3.12/site-packages/airflow/example_dags/example_branch_labels.py
[2026-03-04T08:18:14.371+0000] {processor.py:840} INFO - DAG(s) 'example_branch_labels' retrieved from /home/airflow/.local/lib/python3.12/site-packages/airflow/example_dags/example_branch_labels.py
[2026-03-04T08:18:14.379+0000] {logging_mixin.py:188} INFO - [2026-03-04T08:18:14.379+0000] {dag.py:3089} INFO - Sync 1 DAGs
[2026-03-04T08:18:14.450+0000] {logging_mixin.py:188} INFO - [2026-03-04T08:18:14.450+0000] {dag.py:3947} INFO - Setting next_dagrun for example_branch_labels to 2026-03-03 00:00:00+00:00, run_after=2026-03-04 00:00:00+00:00
[2026-03-04T08:18:14.459+0000] {processor.py:183} INFO - Processing /home/airflow/.local/lib/python3.12/site-packages/airflow/example_dags/example_branch_labels.py took 0.096 seconds
[2026-03-04T08:18:44.752+0000] {processor.py:161} INFO - Started process (PID=11050) to work on /home/airflow/.local/lib/python3.12/site-packages/airflow/example_dags/example_branch_labels.py
[2026-03-04T08:18:44.753+0000] {processor.py:830} INFO - Processing file /home/airflow/.local/lib/python3.12/site-packages/airflow/example_dags/example_branch_labels.py for tasks to queue
[2026-03-04T08:18:44.754+0000] {logging_mixin.py:188} INFO - [2026-03-04T08:18:44.754+0000] {dagbag.py:545} INFO - Filling up the DagBag from /home/airflow/.local/lib/python3.12/site-packages/airflow/example_dags/example_branch_labels.py
[2026-03-04T08:18:44.757+0000] {processor.py:840} INFO - DAG(s) 'example_branch_labels' retrieved from /home/airflow/.local/lib/python3.12/site-packages/airflow/example_dags/example_branch_labels.py
[2026-03-04T08:18:44.767+0000] {logging_mixin.py:188} INFO - [2026-03-04T08:18:44.767+0000] {dag.py:3089} INFO - Sync 1 DAGs
[2026-03-04T08:18:44.777+0000] {logging_mixin.py:188} INFO - [2026-03-04T08:18:44.777+0000] {dag.py:3947} INFO - Setting next_dagrun for example_branch_labels to 2026-03-03 00:00:00+00:00, run_after=2026-03-04 00:00:00+00:00
[2026-03-04T08:18:44.785+0000] {processor.py:183} INFO - Processing /home/airflow/.local/lib/python3.12/site-packages/airflow/example_dags/example_branch_labels.py took 0.034 seconds
[2026-03-04T08:19:15.377+0000] {processor.py:161} INFO - Started process (PID=11312) to work on /home/airflow/.local/lib/python3.12/site-packages/airflow/example_dags/example_branch_labels.py
[2026-03-04T08:19:15.377+0000] {processor.py:830} INFO - Processing file /home/airflow/.local/lib/python3.12/site-packages/airflow/example_dags/example_branch_labels.py for tasks to queue
[2026-03-04T08:19:15.378+0000] {logging_mixin.py:188} INFO - [2026-03-04T08:19:15.378+0000] {dagbag.py:545} INFO - Filling up the DagBag from /home/airflow/.local/lib/python3.12/site-packages/airflow/example_dags/example_branch_labels.py
[2026-03-04T08:19:15.381+0000] {processor.py:840} INFO - DAG(s) 'example_branch_labels' retrieved from /home/airflow/.local/lib/python3.12/site-packages/airflow/example_dags/example_branch_labels.py
[2026-03-04T08:19:15.391+0000] {logging_mixin.py:188} INFO - [2026-03-04T08:19:15.391+0000] {dag.py:3089} INFO - Sync 1 DAGs
[2026-03-04T08:19:15.400+0000] {logging_mixin.py:188} INFO - [2026-03-04T08:19:15.400+0000] {dag.py:3947} INFO - Setting next_dagrun for example_branch_labels to 2026-03-03 00:00:00+00:00, run_after=2026-03-04 00:00:00+00:00
[2026-03-04T08:19:15.409+0000] {processor.py:183} INFO - Processing /home/airflow/.local/lib/python3.12/site-packages/airflow/example_dags/example_branch_labels.py took 0.035 seconds
[2026-03-04T08:19:45.953+0000] {processor.py:161} INFO - Started process (PID=11574) to work on /home/airflow/.local/lib/python3.12/site-packages/airflow/example_dags/example_branch_labels.py
[2026-03-04T08:19:45.954+0000] {processor.py:830} INFO - Processing file /home/airflow/.local/lib/python3.12/site-packages/airflow/example_dags/example_branch_labels.py for tasks to queue
[2026-03-04T08:19:45.955+0000] {logging_mixin.py:188} INFO - [2026-03-04T08:19:45.955+0000] {dagbag.py:545} INFO - Filling up the DagBag from /home/airflow/.local/lib/python3.12/site-packages/airflow/example_dags/example_branch_labels.py
[2026-03-04T08:19:45.957+0000] {processor.py:840} INFO - DAG(s) 'example_branch_labels' retrieved from /home/airflow/.local/lib/python3.12/site-packages/airflow/example_dags/example_branch_labels.py
[2026-03-04T08:19:45.966+0000] {logging_mixin.py:188} INFO - [2026-03-04T08:19:45.966+0000] {dag.py:3089} INFO - Sync 1 DAGs
[2026-03-04T08:19:45.976+0000] {logging_mixin.py:188} INFO - [2026-03-04T08:19:45.976+0000] {dag.py:3947} INFO - Setting next_dagrun for example_branch_labels to 2026-03-03 00:00:00+00:00, run_after=2026-03-04 00:00:00+00:00
[2026-03-04T08:19:45.985+0000] {processor.py:183} INFO - Processing /home/airflow/.local/lib/python3.12/site-packages/airflow/example_dags/example_branch_labels.py took 0.034 seconds
[2026-03-04T08:20:16.542+0000] {processor.py:161} INFO - Started process (PID=11838) to work on /home/airflow/.local/lib/python3.12/site-packages/airflow/example_dags/example_branch_labels.py
[2026-03-04T08:20:16.542+0000] {processor.py:830} INFO - Processing file /home/airflow/.local/lib/python3.12/site-packages/airflow/example_dags/example_branch_labels.py for tasks to queue
[2026-03-04T08:20:16.544+0000] {logging_mixin.py:188} INFO - [2026-03-04T08:20:16.544+0000] {dagbag.py:545} INFO - Filling up the DagBag from /home/airflow/.local/lib/python3.12/site-packages/airflow/example_dags/example_branch_labels.py
[2026-03-04T08:20:16.549+0000] {processor.py:840} INFO - DAG(s) 'example_branch_labels' retrieved from /home/airflow/.local/lib/python3.12/site-packages/airflow/example_dags/example_branch_labels.py
[2026-03-04T08:20:16.563+0000] {logging_mixin.py:188} INFO - [2026-03-04T08:20:16.563+0000] {dag.py:3089} INFO - Sync 1 DAGs
[2026-03-04T08:20:16.571+0000] {logging_mixin.py:188} INFO - [2026-03-04T08:20:16.571+0000] {dag.py:3947} INFO - Setting next_dagrun for example_branch_labels to 2026-03-03 00:00:00+00:00, run_after=2026-03-04 00:00:00+00:00
[2026-03-04T08:20:16.578+0000] {processor.py:183} INFO - Processing /home/airflow/.local/lib/python3.12/site-packages/airflow/example_dags/example_branch_labels.py took 0.038 seconds
[2026-03-04T08:37:21.051+0000] {processor.py:161} INFO - Started process (PID=12098) to work on /home/airflow/.local/lib/python3.12/site-packages/airflow/example_dags/example_branch_labels.py
[2026-03-04T08:37:21.051+0000] {processor.py:830} INFO - Processing file /home/airflow/.local/lib/python3.12/site-packages/airflow/example_dags/example_branch_labels.py for tasks to queue
[2026-03-04T08:37:21.052+0000] {logging_mixin.py:188} INFO - [2026-03-04T08:37:21.052+0000] {dagbag.py:545} INFO - Filling up the DagBag from /home/airflow/.local/lib/python3.12/site-packages/airflow/example_dags/example_branch_labels.py
[2026-03-04T08:37:21.055+0000] {processor.py:840} INFO - DAG(s) 'example_branch_labels' retrieved from /home/airflow/.local/lib/python3.12/site-packages/airflow/example_dags/example_branch_labels.py
[2026-03-04T08:37:21.070+0000] {logging_mixin.py:188} INFO - [2026-03-04T08:37:21.070+0000] {dag.py:3089} INFO - Sync 1 DAGs
[2026-03-04T08:37:21.078+0000] {logging_mixin.py:188} INFO - [2026-03-04T08:37:21.078+0000] {dag.py:3947} INFO - Setting next_dagrun for example_branch_labels to 2026-03-03 00:00:00+00:00, run_after=2026-03-04 00:00:00+00:00
[2026-03-04T08:37:21.085+0000] {processor.py:183} INFO - Processing /home/airflow/.local/lib/python3.12/site-packages/airflow/example_dags/example_branch_labels.py took 0.037 seconds
[2026-03-04T08:46:11.543+0000] {processor.py:161} INFO - Started process (PID=12360) to work on /home/airflow/.local/lib/python3.12/site-packages/airflow/example_dags/example_branch_labels.py
[2026-03-04T08:46:11.545+0000] {processor.py:830} INFO - Processing file /home/airflow/.local/lib/python3.12/site-packages/airflow/example_dags/example_branch_labels.py for tasks to queue
[2026-03-04T08:46:11.546+0000] {logging_mixin.py:188} INFO - [2026-03-04T08:46:11.546+0000] {dagbag.py:545} INFO - Filling up the DagBag from /home/airflow/.local/lib/python3.12/site-packages/airflow/example_dags/example_branch_labels.py
[2026-03-04T08:46:11.549+0000] {processor.py:840} INFO - DAG(s) 'example_branch_labels' retrieved from /home/airflow/.local/lib/python3.12/site-packages/airflow/example_dags/example_branch_labels.py
[2026-03-04T08:46:11.561+0000] {logging_mixin.py:188} INFO - [2026-03-04T08:46:11.561+0000] {dag.py:3089} INFO - Sync 1 DAGs
[2026-03-04T08:46:11.571+0000] {logging_mixin.py:188} INFO - [2026-03-04T08:46:11.571+0000] {dag.py:3947} INFO - Setting next_dagrun for example_branch_labels to 2026-03-03 00:00:00+00:00, run_after=2026-03-04 00:00:00+00:00
[2026-03-04T08:46:11.580+0000] {processor.py:183} INFO - Processing /home/airflow/.local/lib/python3.12/site-packages/airflow/example_dags/example_branch_labels.py took 0.038 seconds
[2026-03-04T08:46:42.175+0000] {processor.py:161} INFO - Started process (PID=12622) to work on /home/airflow/.local/lib/python3.12/site-packages/airflow/example_dags/example_branch_labels.py
[2026-03-04T08:46:42.176+0000] {processor.py:830} INFO - Processing file /home/airflow/.local/lib/python3.12/site-packages/airflow/example_dags/example_branch_labels.py for tasks to queue
[2026-03-04T08:46:42.177+0000] {logging_mixin.py:188} INFO - [2026-03-04T08:46:42.177+0000] {dagbag.py:545} INFO - Filling up the DagBag from /home/airflow/.local/lib/python3.12/site-packages/airflow/example_dags/example_branch_labels.py
[2026-03-04T08:46:42.180+0000] {processor.py:840} INFO - DAG(s) 'example_branch_labels' retrieved from /home/airflow/.local/lib/python3.12/site-packages/airflow/example_dags/example_branch_labels.py
[2026-03-04T08:46:42.193+0000] {logging_mixin.py:188} INFO - [2026-03-04T08:46:42.192+0000] {dag.py:3089} INFO - Sync 1 DAGs
[2026-03-04T08:46:42.202+0000] {logging_mixin.py:188} INFO - [2026-03-04T08:46:42.201+0000] {dag.py:3947} INFO - Setting next_dagrun for example_branch_labels to 2026-03-03 00:00:00+00:00, run_after=2026-03-04 00:00:00+00:00
[2026-03-04T08:46:42.208+0000] {processor.py:183} INFO - Processing /home/airflow/.local/lib/python3.12/site-packages/airflow/example_dags/example_branch_labels.py took 0.035 seconds
[2026-03-04T08:47:12.707+0000] {processor.py:161} INFO - Started process (PID=12884) to work on /home/airflow/.local/lib/python3.12/site-packages/airflow/example_dags/example_branch_labels.py
[2026-03-04T08:47:12.708+0000] {processor.py:830} INFO - Processing file /home/airflow/.local/lib/python3.12/site-packages/airflow/example_dags/example_branch_labels.py for tasks to queue
[2026-03-04T08:47:12.711+0000] {logging_mixin.py:188} INFO - [2026-03-04T08:47:12.711+0000] {dagbag.py:545} INFO - Filling up the DagBag from /home/airflow/.local/lib/python3.12/site-packages/airflow/example_dags/example_branch_labels.py
[2026-03-04T08:47:12.714+0000] {processor.py:840} INFO - DAG(s) 'example_branch_labels' retrieved from /home/airflow/.local/lib/python3.12/site-packages/airflow/example_dags/example_branch_labels.py
[2026-03-04T08:47:12.723+0000] {logging_mixin.py:188} INFO - [2026-03-04T08:47:12.723+0000] {dag.py:3089} INFO - Sync 1 DAGs
[2026-03-04T08:47:12.731+0000] {logging_mixin.py:188} INFO - [2026-03-04T08:47:12.731+0000] {dag.py:3947} INFO - Setting next_dagrun for example_branch_labels to 2026-03-03 00:00:00+00:00, run_after=2026-03-04 00:00:00+00:00
[2026-03-04T08:47:12.738+0000] {processor.py:183} INFO - Processing /home/airflow/.local/lib/python3.12/site-packages/airflow/example_dags/example_branch_labels.py took 0.034 seconds
[2026-03-04T08:47:43.213+0000] {processor.py:161} INFO - Started process (PID=13146) to work on /home/airflow/.local/lib/python3.12/site-packages/airflow/example_dags/example_branch_labels.py
[2026-03-04T08:47:43.214+0000] {processor.py:830} INFO - Processing file /home/airflow/.local/lib/python3.12/site-packages/airflow/example_dags/example_branch_labels.py for tasks to queue
[2026-03-04T08:47:43.215+0000] {logging_mixin.py:188} INFO - [2026-03-04T08:47:43.215+0000] {dagbag.py:545} INFO - Filling up the DagBag from /home/airflow/.local/lib/python3.12/site-packages/airflow/example_dags/example_branch_labels.py
[2026-03-04T08:47:43.220+0000] {processor.py:840} INFO - DAG(s) 'example_branch_labels' retrieved from /home/airflow/.local/lib/python3.12/site-packages/airflow/example_dags/example_branch_labels.py
[2026-03-04T08:47:43.239+0000] {logging_mixin.py:188} INFO - [2026-03-04T08:47:43.239+0000] {dag.py:3089} INFO - Sync 1 DAGs
[2026-03-04T08:47:43.250+0000] {logging_mixin.py:188} INFO - [2026-03-04T08:47:43.250+0000] {dag.py:3947} INFO - Setting next_dagrun for example_branch_labels to 2026-03-03 00:00:00+00:00, run_after=2026-03-04 00:00:00+00:00
[2026-03-04T08:47:43.262+0000] {processor.py:183} INFO - Processing /home/airflow/.local/lib/python3.12/site-packages/airflow/example_dags/example_branch_labels.py took 0.052 seconds
[2026-03-04T08:48:13.738+0000] {processor.py:161} INFO - Started process (PID=13408) to work on /home/airflow/.local/lib/python3.12/site-packages/airflow/example_dags/example_branch_labels.py
[2026-03-04T08:48:13.739+0000] {processor.py:830} INFO - Processing file /home/airflow/.local/lib/python3.12/site-packages/airflow/example_dags/example_branch_labels.py for tasks to queue
[2026-03-04T08:48:13.739+0000] {logging_mixin.py:188} INFO - [2026-03-04T08:48:13.739+0000] {dagbag.py:545} INFO - Filling up the DagBag from /home/airflow/.local/lib/python3.12/site-packages/airflow/example_dags/example_branch_labels.py
[2026-03-04T08:48:13.742+0000] {processor.py:840} INFO - DAG(s) 'example_branch_labels' retrieved from /home/airflow/.local/lib/python3.12/site-packages/airflow/example_dags/example_branch_labels.py
[2026-03-04T08:48:13.752+0000] {logging_mixin.py:188} INFO - [2026-03-04T08:48:13.752+0000] {dag.py:3089} INFO - Sync 1 DAGs
[2026-03-04T08:48:13.764+0000] {logging_mixin.py:188} INFO - [2026-03-04T08:48:13.764+0000] {dag.py:3947} INFO - Setting next_dagrun for example_branch_labels to 2026-03-03 00:00:00+00:00, run_after=2026-03-04 00:00:00+00:00
[2026-03-04T08:48:13.772+0000] {processor.py:183} INFO - Processing /home/airflow/.local/lib/python3.12/site-packages/airflow/example_dags/example_branch_labels.py took 0.036 seconds
[2026-03-04T08:48:44.331+0000] {processor.py:161} INFO - Started process (PID=13672) to work on /home/airflow/.local/lib/python3.12/site-packages/airflow/example_dags/example_branch_labels.py
[2026-03-04T08:48:44.332+0000] {processor.py:830} INFO - Processing file /home/airflow/.local/lib/python3.12/site-packages/airflow/example_dags/example_branch_labels.py for tasks to queue
[2026-03-04T08:48:44.333+0000] {logging_mixin.py:188} INFO - [2026-03-04T08:48:44.333+0000] {dagbag.py:545} INFO - Filling up the DagBag from /home/airflow/.local/lib/python3.12/site-packages/airflow/example_dags/example_branch_labels.py
[2026-03-04T08:48:44.338+0000] {processor.py:840} INFO - DAG(s) 'example_branch_labels' retrieved from /home/airflow/.local/lib/python3.12/site-packages/airflow/example_dags/example_branch_labels.py
[2026-03-04T08:48:44.346+0000] {logging_mixin.py:188} INFO - [2026-03-04T08:48:44.346+0000] {dag.py:3089} INFO - Sync 1 DAGs
[2026-03-04T08:48:44.354+0000] {logging_mixin.py:188} INFO - [2026-03-04T08:48:44.354+0000] {dag.py:3947} INFO - Setting next_dagrun for example_branch_labels to 2026-03-03 00:00:00+00:00, run_after=2026-03-04 00:00:00+00:00
[2026-03-04T08:48:44.364+0000] {processor.py:183} INFO - Processing /home/airflow/.local/lib/python3.12/site-packages/airflow/example_dags/example_branch_labels.py took 0.035 seconds
[2026-03-04T08:49:14.890+0000] {processor.py:161} INFO - Started process (PID=13932) to work on /home/airflow/.local/lib/python3.12/site-packages/airflow/example_dags/example_branch_labels.py
[2026-03-04T08:49:14.891+0000] {processor.py:830} INFO - Processing file /home/airflow/.local/lib/python3.12/site-packages/airflow/example_dags/example_branch_labels.py for tasks to queue
[2026-03-04T08:49:14.892+0000] {logging_mixin.py:188} INFO - [2026-03-04T08:49:14.891+0000] {dagbag.py:545} INFO - Filling up the DagBag from /home/airflow/.local/lib/python3.12/site-packages/airflow/example_dags/example_branch_labels.py
[2026-03-04T08:49:14.895+0000] {processor.py:840} INFO - DAG(s) 'example_branch_labels' retrieved from /home/airflow/.local/lib/python3.12/site-packages/airflow/example_dags/example_branch_labels.py
[2026-03-04T08:49:14.905+0000] {logging_mixin.py:188} INFO - [2026-03-04T08:49:14.904+0000] {dag.py:3089} INFO - Sync 1 DAGs
[2026-03-04T08:49:14.912+0000] {logging_mixin.py:188} INFO - [2026-03-04T08:49:14.912+0000] {dag.py:3947} INFO - Setting next_dagrun for example_branch_labels to 2026-03-03 00:00:00+00:00, run_after=2026-03-04 00:00:00+00:00
[2026-03-04T08:49:14.920+0000] {processor.py:183} INFO - Processing /home/airflow/.local/lib/python3.12/site-packages/airflow/example_dags/example_branch_labels.py took 0.032 seconds
[2026-03-04T08:49:45.466+0000] {processor.py:161} INFO - Started process (PID=14194) to work on /home/airflow/.local/lib/python3.12/site-packages/airflow/example_dags/example_branch_labels.py
[2026-03-04T08:49:45.467+0000] {processor.py:830} INFO - Processing file /home/airflow/.local/lib/python3.12/site-packages/airflow/example_dags/example_branch_labels.py for tasks to queue
[2026-03-04T08:49:45.468+0000] {logging_mixin.py:188} INFO - [2026-03-04T08:49:45.467+0000] {dagbag.py:545} INFO - Filling up the DagBag from /home/airflow/.local/lib/python3.12/site-packages/airflow/example_dags/example_branch_labels.py
[2026-03-04T08:49:45.470+0000] {processor.py:840} INFO - DAG(s) 'example_branch_labels' retrieved from /home/airflow/.local/lib/python3.12/site-packages/airflow/example_dags/example_branch_labels.py
[2026-03-04T08:49:45.480+0000] {logging_mixin.py:188} INFO - [2026-03-04T08:49:45.480+0000] {dag.py:3089} INFO - Sync 1 DAGs
[2026-03-04T08:49:45.490+0000] {logging_mixin.py:188} INFO - [2026-03-04T08:49:45.490+0000] {dag.py:3947} INFO - Setting next_dagrun for example_branch_labels to 2026-03-03 00:00:00+00:00, run_after=2026-03-04 00:00:00+00:00
[2026-03-04T08:49:45.497+0000] {processor.py:183} INFO - Processing /home/airflow/.local/lib/python3.12/site-packages/airflow/example_dags/example_branch_labels.py took 0.033 seconds
[2026-03-04T08:50:16.004+0000] {processor.py:161} INFO - Started process (PID=14457) to work on /home/airflow/.local/lib/python3.12/site-packages/airflow/example_dags/example_branch_labels.py
[2026-03-04T08:50:16.004+0000] {processor.py:830} INFO - Processing file /home/airflow/.local/lib/python3.12/site-packages/airflow/example_dags/example_branch_labels.py for tasks to queue
[2026-03-04T08:50:16.005+0000] {logging_mixin.py:188} INFO - [2026-03-04T08:50:16.005+0000] {dagbag.py:545} INFO - Filling up the DagBag from /home/airflow/.local/lib/python3.12/site-packages/airflow/example_dags/example_branch_labels.py
[2026-03-04T08:50:16.008+0000] {processor.py:840} INFO - DAG(s) 'example_branch_labels' retrieved from /home/airflow/.local/lib/python3.12/site-packages/airflow/example_dags/example_branch_labels.py
[2026-03-04T08:50:16.017+0000] {logging_mixin.py:188} INFO - [2026-03-04T08:50:16.017+0000] {dag.py:3089} INFO - Sync 1 DAGs
[2026-03-04T08:50:16.027+0000] {logging_mixin.py:188} INFO - [2026-03-04T08:50:16.027+0000] {dag.py:3947} INFO - Setting next_dagrun for example_branch_labels to 2026-03-03 00:00:00+00:00, run_after=2026-03-04 00:00:00+00:00
[2026-03-04T08:50:16.033+0000] {processor.py:183} INFO - Processing /home/airflow/.local/lib/python3.12/site-packages/airflow/example_dags/example_branch_labels.py took 0.032 seconds
[2026-03-04T08:50:46.568+0000] {processor.py:161} INFO - Started process (PID=14718) to work on /home/airflow/.local/lib/python3.12/site-packages/airflow/example_dags/example_branch_labels.py
[2026-03-04T08:50:46.568+0000] {processor.py:830} INFO - Processing file /home/airflow/.local/lib/python3.12/site-packages/airflow/example_dags/example_branch_labels.py for tasks to queue
[2026-03-04T08:50:46.569+0000] {logging_mixin.py:188} INFO - [2026-03-04T08:50:46.569+0000] {dagbag.py:545} INFO - Filling up the DagBag from /home/airflow/.local/lib/python3.12/site-packages/airflow/example_dags/example_branch_labels.py
[2026-03-04T08:50:46.573+0000] {processor.py:840} INFO - DAG(s) 'example_branch_labels' retrieved from /home/airflow/.local/lib/python3.12/site-packages/airflow/example_dags/example_branch_labels.py
[2026-03-04T08:50:46.583+0000] {logging_mixin.py:188} INFO - [2026-03-04T08:50:46.582+0000] {dag.py:3089} INFO - Sync 1 DAGs
[2026-03-04T08:50:46.592+0000] {logging_mixin.py:188} INFO - [2026-03-04T08:50:46.592+0000] {dag.py:3947} INFO - Setting next_dagrun for example_branch_labels to 2026-03-03 00:00:00+00:00, run_after=2026-03-04 00:00:00+00:00
[2026-03-04T08:50:46.601+0000] {processor.py:183} INFO - Processing /home/airflow/.local/lib/python3.12/site-packages/airflow/example_dags/example_branch_labels.py took 0.036 seconds
