[2026-03-04T07:57:50.683+0000] {processor.py:161} INFO - Started process (PID=339) to work on /home/airflow/.local/lib/python3.12/site-packages/airflow/example_dags/example_branch_day_of_week_operator.py
[2026-03-04T07:57:50.684+0000] {processor.py:830} INFO - Processing file /home/airflow/.local/lib/python3.12/site-packages/airflow/example_dags/example_branch_day_of_week_operator.py for tasks to queue
[2026-03-04T07:57:50.685+0000] {logging_mixin.py:188} INFO - [2026-03-04T07:57:50.685+0000] {dagbag.py:545} INFO - Filling up the DagBag from /home/airflow/.local/lib/python3.12/site-packages/airflow/example_dags/example_branch_day_of_week_operator.py
[2026-03-04T07:57:50.689+0000] {processor.py:840} INFO - DAG(s) 'example_weekday_branch_operator' retrieved from /home/airflow/.local/lib/python3.12/site-packages/airflow/example_dags/example_branch_day_of_week_operator.py
[2026-03-04T07:57:50.741+0000] {logging_mixin.py:188} INFO - [2026-03-04T07:57:50.741+0000] {override.py:1858} INFO - Created Permission View: can delete on DAG:example_weekday_branch_operator
[2026-03-04T07:57:50.747+0000] {logging_mixin.py:188} INFO - [2026-03-04T07:57:50.746+0000] {override.py:1858} INFO - Created Permission View: can read on DAG:example_weekday_branch_operator
[2026-03-04T07:57:50.748+0000] {logging_mixin.py:188} INFO - [2026-03-04T07:57:50.748+0000] {override.py:1858} INFO - Created Permission View: can edit on DAG:example_weekday_branch_operator
[2026-03-04T07:57:50.749+0000] {logging_mixin.py:188} INFO - [2026-03-04T07:57:50.749+0000] {dag.py:3089} INFO - Sync 1 DAGs
[2026-03-04T07:57:50.754+0000] {logging_mixin.py:188} INFO - [2026-03-04T07:57:50.753+0000] {dag.py:3111} INFO - Creating ORM DAG for example_weekday_branch_operator
[2026-03-04T07:57:50.759+0000] {logging_mixin.py:188} INFO - [2026-03-04T07:57:50.759+0000] {dag.py:3947} INFO - Setting next_dagrun for example_weekday_branch_operator to 2026-03-03 00:00:00+00:00, run_after=2026-03-04 00:00:00+00:00
[2026-03-04T07:57:50.770+0000] {processor.py:183} INFO - Processing /home/airflow/.local/lib/python3.12/site-packages/airflow/example_dags/example_branch_day_of_week_operator.py took 0.088 seconds
[2026-03-04T07:58:21.787+0000] {processor.py:161} INFO - Started process (PID=601) to work on /home/airflow/.local/lib/python3.12/site-packages/airflow/example_dags/example_branch_day_of_week_operator.py
[2026-03-04T07:58:21.788+0000] {processor.py:830} INFO - Processing file /home/airflow/.local/lib/python3.12/site-packages/airflow/example_dags/example_branch_day_of_week_operator.py for tasks to queue
[2026-03-04T07:58:21.789+0000] {logging_mixin.py:188} INFO - [2026-03-04T07:58:21.788+0000] {dagbag.py:545} INFO - Filling up the DagBag from /home/airflow/.local/lib/python3.12/site-packages/airflow/example_dags/example_branch_day_of_week_operator.py
[2026-03-04T07:58:21.792+0000] {processor.py:840} INFO - DAG(s) 'example_weekday_branch_operator' retrieved from /home/airflow/.local/lib/python3.12/site-packages/airflow/example_dags/example_branch_day_of_week_operator.py
[2026-03-04T07:58:21.804+0000] {logging_mixin.py:188} INFO - [2026-03-04T07:58:21.804+0000] {dag.py:3089} INFO - Sync 1 DAGs
[2026-03-04T07:58:21.815+0000] {logging_mixin.py:188} INFO - [2026-03-04T07:58:21.815+0000] {dag.py:3947} INFO - Setting next_dagrun for example_weekday_branch_operator to 2026-03-03 00:00:00+00:00, run_after=2026-03-04 00:00:00+00:00
[2026-03-04T07:58:21.825+0000] {processor.py:183} INFO - Processing /home/airflow/.local/lib/python3.12/site-packages/airflow/example_dags/example_branch_day_of_week_operator.py took 0.042 seconds
[2026-03-04T07:58:52.290+0000] {processor.py:161} INFO - Started process (PID=863) to work on /home/airflow/.local/lib/python3.12/site-packages/airflow/example_dags/example_branch_day_of_week_operator.py
[2026-03-04T07:58:52.291+0000] {processor.py:830} INFO - Processing file /home/airflow/.local/lib/python3.12/site-packages/airflow/example_dags/example_branch_day_of_week_operator.py for tasks to queue
[2026-03-04T07:58:52.291+0000] {logging_mixin.py:188} INFO - [2026-03-04T07:58:52.291+0000] {dagbag.py:545} INFO - Filling up the DagBag from /home/airflow/.local/lib/python3.12/site-packages/airflow/example_dags/example_branch_day_of_week_operator.py
[2026-03-04T07:58:52.295+0000] {processor.py:840} INFO - DAG(s) 'example_weekday_branch_operator' retrieved from /home/airflow/.local/lib/python3.12/site-packages/airflow/example_dags/example_branch_day_of_week_operator.py
[2026-03-04T07:58:52.318+0000] {logging_mixin.py:188} INFO - [2026-03-04T07:58:52.314+0000] {dag.py:3089} INFO - Sync 1 DAGs
[2026-03-04T07:58:52.331+0000] {logging_mixin.py:188} INFO - [2026-03-04T07:58:52.331+0000] {dag.py:3947} INFO - Setting next_dagrun for example_weekday_branch_operator to 2026-03-03 00:00:00+00:00, run_after=2026-03-04 00:00:00+00:00
[2026-03-04T07:58:52.342+0000] {processor.py:183} INFO - Processing /home/airflow/.local/lib/python3.12/site-packages/airflow/example_dags/example_branch_day_of_week_operator.py took 0.054 seconds
[2026-03-04T07:59:22.825+0000] {processor.py:161} INFO - Started process (PID=1125) to work on /home/airflow/.local/lib/python3.12/site-packages/airflow/example_dags/example_branch_day_of_week_operator.py
[2026-03-04T07:59:22.827+0000] {processor.py:830} INFO - Processing file /home/airflow/.local/lib/python3.12/site-packages/airflow/example_dags/example_branch_day_of_week_operator.py for tasks to queue
[2026-03-04T07:59:22.830+0000] {logging_mixin.py:188} INFO - [2026-03-04T07:59:22.829+0000] {dagbag.py:545} INFO - Filling up the DagBag from /home/airflow/.local/lib/python3.12/site-packages/airflow/example_dags/example_branch_day_of_week_operator.py
[2026-03-04T07:59:22.836+0000] {processor.py:840} INFO - DAG(s) 'example_weekday_branch_operator' retrieved from /home/airflow/.local/lib/python3.12/site-packages/airflow/example_dags/example_branch_day_of_week_operator.py
[2026-03-04T07:59:22.849+0000] {logging_mixin.py:188} INFO - [2026-03-04T07:59:22.849+0000] {dag.py:3089} INFO - Sync 1 DAGs
[2026-03-04T07:59:22.862+0000] {logging_mixin.py:188} INFO - [2026-03-04T07:59:22.862+0000] {dag.py:3947} INFO - Setting next_dagrun for example_weekday_branch_operator to 2026-03-03 00:00:00+00:00, run_after=2026-03-04 00:00:00+00:00
[2026-03-04T07:59:22.872+0000] {processor.py:183} INFO - Processing /home/airflow/.local/lib/python3.12/site-packages/airflow/example_dags/example_branch_day_of_week_operator.py took 0.054 seconds
[2026-03-04T07:59:53.537+0000] {processor.py:161} INFO - Started process (PID=1387) to work on /home/airflow/.local/lib/python3.12/site-packages/airflow/example_dags/example_branch_day_of_week_operator.py
[2026-03-04T07:59:53.538+0000] {processor.py:830} INFO - Processing file /home/airflow/.local/lib/python3.12/site-packages/airflow/example_dags/example_branch_day_of_week_operator.py for tasks to queue
[2026-03-04T07:59:53.540+0000] {logging_mixin.py:188} INFO - [2026-03-04T07:59:53.539+0000] {dagbag.py:545} INFO - Filling up the DagBag from /home/airflow/.local/lib/python3.12/site-packages/airflow/example_dags/example_branch_day_of_week_operator.py
[2026-03-04T07:59:53.545+0000] {processor.py:840} INFO - DAG(s) 'example_weekday_branch_operator' retrieved from /home/airflow/.local/lib/python3.12/site-packages/airflow/example_dags/example_branch_day_of_week_operator.py
[2026-03-04T07:59:53.563+0000] {logging_mixin.py:188} INFO - [2026-03-04T07:59:53.563+0000] {dag.py:3089} INFO - Sync 1 DAGs
[2026-03-04T07:59:53.574+0000] {logging_mixin.py:188} INFO - [2026-03-04T07:59:53.574+0000] {dag.py:3947} INFO - Setting next_dagrun for example_weekday_branch_operator to 2026-03-03 00:00:00+00:00, run_after=2026-03-04 00:00:00+00:00
[2026-03-04T07:59:53.584+0000] {processor.py:183} INFO - Processing /home/airflow/.local/lib/python3.12/site-packages/airflow/example_dags/example_branch_day_of_week_operator.py took 0.053 seconds
[2026-03-04T08:00:24.147+0000] {processor.py:161} INFO - Started process (PID=1649) to work on /home/airflow/.local/lib/python3.12/site-packages/airflow/example_dags/example_branch_day_of_week_operator.py
[2026-03-04T08:00:24.148+0000] {processor.py:830} INFO - Processing file /home/airflow/.local/lib/python3.12/site-packages/airflow/example_dags/example_branch_day_of_week_operator.py for tasks to queue
[2026-03-04T08:00:24.149+0000] {logging_mixin.py:188} INFO - [2026-03-04T08:00:24.149+0000] {dagbag.py:545} INFO - Filling up the DagBag from /home/airflow/.local/lib/python3.12/site-packages/airflow/example_dags/example_branch_day_of_week_operator.py
[2026-03-04T08:00:24.155+0000] {processor.py:840} INFO - DAG(s) 'example_weekday_branch_operator' retrieved from /home/airflow/.local/lib/python3.12/site-packages/airflow/example_dags/example_branch_day_of_week_operator.py
[2026-03-04T08:00:24.172+0000] {logging_mixin.py:188} INFO - [2026-03-04T08:00:24.172+0000] {dag.py:3089} INFO - Sync 1 DAGs
[2026-03-04T08:00:24.185+0000] {logging_mixin.py:188} INFO - [2026-03-04T08:00:24.184+0000] {dag.py:3947} INFO - Setting next_dagrun for example_weekday_branch_operator to 2026-03-03 00:00:00+00:00, run_after=2026-03-04 00:00:00+00:00
[2026-03-04T08:00:24.196+0000] {processor.py:183} INFO - Processing /home/airflow/.local/lib/python3.12/site-packages/airflow/example_dags/example_branch_day_of_week_operator.py took 0.054 seconds
[2026-03-04T08:00:54.765+0000] {processor.py:161} INFO - Started process (PID=1911) to work on /home/airflow/.local/lib/python3.12/site-packages/airflow/example_dags/example_branch_day_of_week_operator.py
[2026-03-04T08:00:54.765+0000] {processor.py:830} INFO - Processing file /home/airflow/.local/lib/python3.12/site-packages/airflow/example_dags/example_branch_day_of_week_operator.py for tasks to queue
[2026-03-04T08:00:54.766+0000] {logging_mixin.py:188} INFO - [2026-03-04T08:00:54.766+0000] {dagbag.py:545} INFO - Filling up the DagBag from /home/airflow/.local/lib/python3.12/site-packages/airflow/example_dags/example_branch_day_of_week_operator.py
[2026-03-04T08:00:54.771+0000] {processor.py:840} INFO - DAG(s) 'example_weekday_branch_operator' retrieved from /home/airflow/.local/lib/python3.12/site-packages/airflow/example_dags/example_branch_day_of_week_operator.py
[2026-03-04T08:00:54.783+0000] {logging_mixin.py:188} INFO - [2026-03-04T08:00:54.783+0000] {dag.py:3089} INFO - Sync 1 DAGs
[2026-03-04T08:00:54.793+0000] {logging_mixin.py:188} INFO - [2026-03-04T08:00:54.793+0000] {dag.py:3947} INFO - Setting next_dagrun for example_weekday_branch_operator to 2026-03-03 00:00:00+00:00, run_after=2026-03-04 00:00:00+00:00
[2026-03-04T08:00:54.805+0000] {processor.py:183} INFO - Processing /home/airflow/.local/lib/python3.12/site-packages/airflow/example_dags/example_branch_day_of_week_operator.py took 0.044 seconds
[2026-03-04T08:01:25.335+0000] {processor.py:161} INFO - Started process (PID=2173) to work on /home/airflow/.local/lib/python3.12/site-packages/airflow/example_dags/example_branch_day_of_week_operator.py
[2026-03-04T08:01:25.338+0000] {processor.py:830} INFO - Processing file /home/airflow/.local/lib/python3.12/site-packages/airflow/example_dags/example_branch_day_of_week_operator.py for tasks to queue
[2026-03-04T08:01:25.340+0000] {logging_mixin.py:188} INFO - [2026-03-04T08:01:25.340+0000] {dagbag.py:545} INFO - Filling up the DagBag from /home/airflow/.local/lib/python3.12/site-packages/airflow/example_dags/example_branch_day_of_week_operator.py
[2026-03-04T08:01:25.349+0000] {processor.py:840} INFO - DAG(s) 'example_weekday_branch_operator' retrieved from /home/airflow/.local/lib/python3.12/site-packages/airflow/example_dags/example_branch_day_of_week_operator.py
[2026-03-04T08:01:25.360+0000] {logging_mixin.py:188} INFO - [2026-03-04T08:01:25.360+0000] {dag.py:3089} INFO - Sync 1 DAGs
[2026-03-04T08:01:25.375+0000] {logging_mixin.py:188} INFO - [2026-03-04T08:01:25.375+0000] {dag.py:3947} INFO - Setting next_dagrun for example_weekday_branch_operator to 2026-03-03 00:00:00+00:00, run_after=2026-03-04 00:00:00+00:00
[2026-03-04T08:01:25.386+0000] {processor.py:183} INFO - Processing /home/airflow/.local/lib/python3.12/site-packages/airflow/example_dags/example_branch_day_of_week_operator.py took 0.059 seconds
[2026-03-04T08:01:55.949+0000] {processor.py:161} INFO - Started process (PID=2435) to work on /home/airflow/.local/lib/python3.12/site-packages/airflow/example_dags/example_branch_day_of_week_operator.py
[2026-03-04T08:01:55.949+0000] {processor.py:830} INFO - Processing file /home/airflow/.local/lib/python3.12/site-packages/airflow/example_dags/example_branch_day_of_week_operator.py for tasks to queue
[2026-03-04T08:01:55.950+0000] {logging_mixin.py:188} INFO - [2026-03-04T08:01:55.950+0000] {dagbag.py:545} INFO - Filling up the DagBag from /home/airflow/.local/lib/python3.12/site-packages/airflow/example_dags/example_branch_day_of_week_operator.py
[2026-03-04T08:01:55.954+0000] {processor.py:840} INFO - DAG(s) 'example_weekday_branch_operator' retrieved from /home/airflow/.local/lib/python3.12/site-packages/airflow/example_dags/example_branch_day_of_week_operator.py
[2026-03-04T08:01:55.964+0000] {logging_mixin.py:188} INFO - [2026-03-04T08:01:55.964+0000] {dag.py:3089} INFO - Sync 1 DAGs
[2026-03-04T08:01:55.978+0000] {logging_mixin.py:188} INFO - [2026-03-04T08:01:55.977+0000] {dag.py:3947} INFO - Setting next_dagrun for example_weekday_branch_operator to 2026-03-03 00:00:00+00:00, run_after=2026-03-04 00:00:00+00:00
[2026-03-04T08:01:55.988+0000] {processor.py:183} INFO - Processing /home/airflow/.local/lib/python3.12/site-packages/airflow/example_dags/example_branch_day_of_week_operator.py took 0.043 seconds
[2026-03-04T08:02:26.437+0000] {processor.py:161} INFO - Started process (PID=2697) to work on /home/airflow/.local/lib/python3.12/site-packages/airflow/example_dags/example_branch_day_of_week_operator.py
[2026-03-04T08:02:26.439+0000] {processor.py:830} INFO - Processing file /home/airflow/.local/lib/python3.12/site-packages/airflow/example_dags/example_branch_day_of_week_operator.py for tasks to queue
[2026-03-04T08:02:26.440+0000] {logging_mixin.py:188} INFO - [2026-03-04T08:02:26.440+0000] {dagbag.py:545} INFO - Filling up the DagBag from /home/airflow/.local/lib/python3.12/site-packages/airflow/example_dags/example_branch_day_of_week_operator.py
[2026-03-04T08:02:26.448+0000] {processor.py:840} INFO - DAG(s) 'example_weekday_branch_operator' retrieved from /home/airflow/.local/lib/python3.12/site-packages/airflow/example_dags/example_branch_day_of_week_operator.py
[2026-03-04T08:02:26.461+0000] {logging_mixin.py:188} INFO - [2026-03-04T08:02:26.461+0000] {dag.py:3089} INFO - Sync 1 DAGs
[2026-03-04T08:02:26.475+0000] {logging_mixin.py:188} INFO - [2026-03-04T08:02:26.475+0000] {dag.py:3947} INFO - Setting next_dagrun for example_weekday_branch_operator to 2026-03-03 00:00:00+00:00, run_after=2026-03-04 00:00:00+00:00
[2026-03-04T08:02:26.485+0000] {processor.py:183} INFO - Processing /home/airflow/.local/lib/python3.12/site-packages/airflow/example_dags/example_branch_day_of_week_operator.py took 0.053 seconds
[2026-03-04T08:02:56.949+0000] {processor.py:161} INFO - Started process (PID=2959) to work on /home/airflow/.local/lib/python3.12/site-packages/airflow/example_dags/example_branch_day_of_week_operator.py
[2026-03-04T08:02:56.950+0000] {processor.py:830} INFO - Processing file /home/airflow/.local/lib/python3.12/site-packages/airflow/example_dags/example_branch_day_of_week_operator.py for tasks to queue
[2026-03-04T08:02:56.951+0000] {logging_mixin.py:188} INFO - [2026-03-04T08:02:56.951+0000] {dagbag.py:545} INFO - Filling up the DagBag from /home/airflow/.local/lib/python3.12/site-packages/airflow/example_dags/example_branch_day_of_week_operator.py
[2026-03-04T08:02:56.959+0000] {processor.py:840} INFO - DAG(s) 'example_weekday_branch_operator' retrieved from /home/airflow/.local/lib/python3.12/site-packages/airflow/example_dags/example_branch_day_of_week_operator.py
[2026-03-04T08:02:56.981+0000] {logging_mixin.py:188} INFO - [2026-03-04T08:02:56.981+0000] {dag.py:3089} INFO - Sync 1 DAGs
[2026-03-04T08:02:57.004+0000] {logging_mixin.py:188} INFO - [2026-03-04T08:02:57.004+0000] {dag.py:3947} INFO - Setting next_dagrun for example_weekday_branch_operator to 2026-03-03 00:00:00+00:00, run_after=2026-03-04 00:00:00+00:00
[2026-03-04T08:02:57.015+0000] {processor.py:183} INFO - Processing /home/airflow/.local/lib/python3.12/site-packages/airflow/example_dags/example_branch_day_of_week_operator.py took 0.071 seconds
[2026-03-04T08:03:27.569+0000] {processor.py:161} INFO - Started process (PID=3221) to work on /home/airflow/.local/lib/python3.12/site-packages/airflow/example_dags/example_branch_day_of_week_operator.py
[2026-03-04T08:03:27.572+0000] {processor.py:830} INFO - Processing file /home/airflow/.local/lib/python3.12/site-packages/airflow/example_dags/example_branch_day_of_week_operator.py for tasks to queue
[2026-03-04T08:03:27.574+0000] {logging_mixin.py:188} INFO - [2026-03-04T08:03:27.574+0000] {dagbag.py:545} INFO - Filling up the DagBag from /home/airflow/.local/lib/python3.12/site-packages/airflow/example_dags/example_branch_day_of_week_operator.py
[2026-03-04T08:03:27.581+0000] {processor.py:840} INFO - DAG(s) 'example_weekday_branch_operator' retrieved from /home/airflow/.local/lib/python3.12/site-packages/airflow/example_dags/example_branch_day_of_week_operator.py
[2026-03-04T08:03:27.595+0000] {logging_mixin.py:188} INFO - [2026-03-04T08:03:27.594+0000] {dag.py:3089} INFO - Sync 1 DAGs
[2026-03-04T08:03:27.605+0000] {logging_mixin.py:188} INFO - [2026-03-04T08:03:27.604+0000] {dag.py:3947} INFO - Setting next_dagrun for example_weekday_branch_operator to 2026-03-03 00:00:00+00:00, run_after=2026-03-04 00:00:00+00:00
[2026-03-04T08:03:27.615+0000] {processor.py:183} INFO - Processing /home/airflow/.local/lib/python3.12/site-packages/airflow/example_dags/example_branch_day_of_week_operator.py took 0.054 seconds
[2026-03-04T08:03:58.096+0000] {processor.py:161} INFO - Started process (PID=3483) to work on /home/airflow/.local/lib/python3.12/site-packages/airflow/example_dags/example_branch_day_of_week_operator.py
[2026-03-04T08:03:58.100+0000] {processor.py:830} INFO - Processing file /home/airflow/.local/lib/python3.12/site-packages/airflow/example_dags/example_branch_day_of_week_operator.py for tasks to queue
[2026-03-04T08:03:58.101+0000] {logging_mixin.py:188} INFO - [2026-03-04T08:03:58.101+0000] {dagbag.py:545} INFO - Filling up the DagBag from /home/airflow/.local/lib/python3.12/site-packages/airflow/example_dags/example_branch_day_of_week_operator.py
[2026-03-04T08:03:58.108+0000] {processor.py:840} INFO - DAG(s) 'example_weekday_branch_operator' retrieved from /home/airflow/.local/lib/python3.12/site-packages/airflow/example_dags/example_branch_day_of_week_operator.py
[2026-03-04T08:03:58.122+0000] {logging_mixin.py:188} INFO - [2026-03-04T08:03:58.122+0000] {dag.py:3089} INFO - Sync 1 DAGs
[2026-03-04T08:03:58.132+0000] {logging_mixin.py:188} INFO - [2026-03-04T08:03:58.132+0000] {dag.py:3947} INFO - Setting next_dagrun for example_weekday_branch_operator to 2026-03-03 00:00:00+00:00, run_after=2026-03-04 00:00:00+00:00
[2026-03-04T08:03:58.144+0000] {processor.py:183} INFO - Processing /home/airflow/.local/lib/python3.12/site-packages/airflow/example_dags/example_branch_day_of_week_operator.py took 0.054 seconds
[2026-03-04T08:04:28.716+0000] {processor.py:161} INFO - Started process (PID=3745) to work on /home/airflow/.local/lib/python3.12/site-packages/airflow/example_dags/example_branch_day_of_week_operator.py
[2026-03-04T08:04:28.718+0000] {processor.py:830} INFO - Processing file /home/airflow/.local/lib/python3.12/site-packages/airflow/example_dags/example_branch_day_of_week_operator.py for tasks to queue
[2026-03-04T08:04:28.722+0000] {logging_mixin.py:188} INFO - [2026-03-04T08:04:28.722+0000] {dagbag.py:545} INFO - Filling up the DagBag from /home/airflow/.local/lib/python3.12/site-packages/airflow/example_dags/example_branch_day_of_week_operator.py
[2026-03-04T08:04:28.729+0000] {processor.py:840} INFO - DAG(s) 'example_weekday_branch_operator' retrieved from /home/airflow/.local/lib/python3.12/site-packages/airflow/example_dags/example_branch_day_of_week_operator.py
[2026-03-04T08:04:28.747+0000] {logging_mixin.py:188} INFO - [2026-03-04T08:04:28.747+0000] {dag.py:3089} INFO - Sync 1 DAGs
[2026-03-04T08:04:28.760+0000] {logging_mixin.py:188} INFO - [2026-03-04T08:04:28.760+0000] {dag.py:3947} INFO - Setting next_dagrun for example_weekday_branch_operator to 2026-03-03 00:00:00+00:00, run_after=2026-03-04 00:00:00+00:00
[2026-03-04T08:04:28.769+0000] {processor.py:183} INFO - Processing /home/airflow/.local/lib/python3.12/site-packages/airflow/example_dags/example_branch_day_of_week_operator.py took 0.061 seconds
[2026-03-04T08:04:59.283+0000] {processor.py:161} INFO - Started process (PID=4007) to work on /home/airflow/.local/lib/python3.12/site-packages/airflow/example_dags/example_branch_day_of_week_operator.py
[2026-03-04T08:04:59.284+0000] {processor.py:830} INFO - Processing file /home/airflow/.local/lib/python3.12/site-packages/airflow/example_dags/example_branch_day_of_week_operator.py for tasks to queue
[2026-03-04T08:04:59.286+0000] {logging_mixin.py:188} INFO - [2026-03-04T08:04:59.286+0000] {dagbag.py:545} INFO - Filling up the DagBag from /home/airflow/.local/lib/python3.12/site-packages/airflow/example_dags/example_branch_day_of_week_operator.py
[2026-03-04T08:04:59.293+0000] {processor.py:840} INFO - DAG(s) 'example_weekday_branch_operator' retrieved from /home/airflow/.local/lib/python3.12/site-packages/airflow/example_dags/example_branch_day_of_week_operator.py
[2026-03-04T08:04:59.311+0000] {logging_mixin.py:188} INFO - [2026-03-04T08:04:59.310+0000] {dag.py:3089} INFO - Sync 1 DAGs
[2026-03-04T08:04:59.324+0000] {logging_mixin.py:188} INFO - [2026-03-04T08:04:59.324+0000] {dag.py:3947} INFO - Setting next_dagrun for example_weekday_branch_operator to 2026-03-03 00:00:00+00:00, run_after=2026-03-04 00:00:00+00:00
[2026-03-04T08:04:59.335+0000] {processor.py:183} INFO - Processing /home/airflow/.local/lib/python3.12/site-packages/airflow/example_dags/example_branch_day_of_week_operator.py took 0.059 seconds
[2026-03-04T08:05:29.903+0000] {processor.py:161} INFO - Started process (PID=4269) to work on /home/airflow/.local/lib/python3.12/site-packages/airflow/example_dags/example_branch_day_of_week_operator.py
[2026-03-04T08:05:29.908+0000] {processor.py:830} INFO - Processing file /home/airflow/.local/lib/python3.12/site-packages/airflow/example_dags/example_branch_day_of_week_operator.py for tasks to queue
[2026-03-04T08:05:29.909+0000] {logging_mixin.py:188} INFO - [2026-03-04T08:05:29.909+0000] {dagbag.py:545} INFO - Filling up the DagBag from /home/airflow/.local/lib/python3.12/site-packages/airflow/example_dags/example_branch_day_of_week_operator.py
[2026-03-04T08:05:29.916+0000] {processor.py:840} INFO - DAG(s) 'example_weekday_branch_operator' retrieved from /home/airflow/.local/lib/python3.12/site-packages/airflow/example_dags/example_branch_day_of_week_operator.py
[2026-03-04T08:05:29.928+0000] {logging_mixin.py:188} INFO - [2026-03-04T08:05:29.928+0000] {dag.py:3089} INFO - Sync 1 DAGs
[2026-03-04T08:05:29.938+0000] {logging_mixin.py:188} INFO - [2026-03-04T08:05:29.938+0000] {dag.py:3947} INFO - Setting next_dagrun for example_weekday_branch_operator to 2026-03-03 00:00:00+00:00, run_after=2026-03-04 00:00:00+00:00
[2026-03-04T08:05:29.948+0000] {processor.py:183} INFO - Processing /home/airflow/.local/lib/python3.12/site-packages/airflow/example_dags/example_branch_day_of_week_operator.py took 0.051 seconds
[2026-03-04T08:06:00.452+0000] {processor.py:161} INFO - Started process (PID=4531) to work on /home/airflow/.local/lib/python3.12/site-packages/airflow/example_dags/example_branch_day_of_week_operator.py
[2026-03-04T08:06:00.454+0000] {processor.py:830} INFO - Processing file /home/airflow/.local/lib/python3.12/site-packages/airflow/example_dags/example_branch_day_of_week_operator.py for tasks to queue
[2026-03-04T08:06:00.455+0000] {logging_mixin.py:188} INFO - [2026-03-04T08:06:00.455+0000] {dagbag.py:545} INFO - Filling up the DagBag from /home/airflow/.local/lib/python3.12/site-packages/airflow/example_dags/example_branch_day_of_week_operator.py
[2026-03-04T08:06:00.461+0000] {processor.py:840} INFO - DAG(s) 'example_weekday_branch_operator' retrieved from /home/airflow/.local/lib/python3.12/site-packages/airflow/example_dags/example_branch_day_of_week_operator.py
[2026-03-04T08:06:00.473+0000] {logging_mixin.py:188} INFO - [2026-03-04T08:06:00.473+0000] {dag.py:3089} INFO - Sync 1 DAGs
[2026-03-04T08:06:00.486+0000] {logging_mixin.py:188} INFO - [2026-03-04T08:06:00.485+0000] {dag.py:3947} INFO - Setting next_dagrun for example_weekday_branch_operator to 2026-03-03 00:00:00+00:00, run_after=2026-03-04 00:00:00+00:00
[2026-03-04T08:06:00.498+0000] {processor.py:183} INFO - Processing /home/airflow/.local/lib/python3.12/site-packages/airflow/example_dags/example_branch_day_of_week_operator.py took 0.052 seconds
[2026-03-04T08:06:30.995+0000] {processor.py:161} INFO - Started process (PID=4793) to work on /home/airflow/.local/lib/python3.12/site-packages/airflow/example_dags/example_branch_day_of_week_operator.py
[2026-03-04T08:06:30.996+0000] {processor.py:830} INFO - Processing file /home/airflow/.local/lib/python3.12/site-packages/airflow/example_dags/example_branch_day_of_week_operator.py for tasks to queue
[2026-03-04T08:06:30.998+0000] {logging_mixin.py:188} INFO - [2026-03-04T08:06:30.997+0000] {dagbag.py:545} INFO - Filling up the DagBag from /home/airflow/.local/lib/python3.12/site-packages/airflow/example_dags/example_branch_day_of_week_operator.py
[2026-03-04T08:06:31.004+0000] {processor.py:840} INFO - DAG(s) 'example_weekday_branch_operator' retrieved from /home/airflow/.local/lib/python3.12/site-packages/airflow/example_dags/example_branch_day_of_week_operator.py
[2026-03-04T08:06:31.021+0000] {logging_mixin.py:188} INFO - [2026-03-04T08:06:31.021+0000] {dag.py:3089} INFO - Sync 1 DAGs
[2026-03-04T08:06:31.034+0000] {logging_mixin.py:188} INFO - [2026-03-04T08:06:31.034+0000] {dag.py:3947} INFO - Setting next_dagrun for example_weekday_branch_operator to 2026-03-03 00:00:00+00:00, run_after=2026-03-04 00:00:00+00:00
[2026-03-04T08:06:31.045+0000] {processor.py:183} INFO - Processing /home/airflow/.local/lib/python3.12/site-packages/airflow/example_dags/example_branch_day_of_week_operator.py took 0.056 seconds
[2026-03-04T08:07:01.564+0000] {processor.py:161} INFO - Started process (PID=5055) to work on /home/airflow/.local/lib/python3.12/site-packages/airflow/example_dags/example_branch_day_of_week_operator.py
[2026-03-04T08:07:01.565+0000] {processor.py:830} INFO - Processing file /home/airflow/.local/lib/python3.12/site-packages/airflow/example_dags/example_branch_day_of_week_operator.py for tasks to queue
[2026-03-04T08:07:01.568+0000] {logging_mixin.py:188} INFO - [2026-03-04T08:07:01.567+0000] {dagbag.py:545} INFO - Filling up the DagBag from /home/airflow/.local/lib/python3.12/site-packages/airflow/example_dags/example_branch_day_of_week_operator.py
[2026-03-04T08:07:01.574+0000] {processor.py:840} INFO - DAG(s) 'example_weekday_branch_operator' retrieved from /home/airflow/.local/lib/python3.12/site-packages/airflow/example_dags/example_branch_day_of_week_operator.py
[2026-03-04T08:07:01.590+0000] {logging_mixin.py:188} INFO - [2026-03-04T08:07:01.590+0000] {dag.py:3089} INFO - Sync 1 DAGs
[2026-03-04T08:07:01.602+0000] {logging_mixin.py:188} INFO - [2026-03-04T08:07:01.602+0000] {dag.py:3947} INFO - Setting next_dagrun for example_weekday_branch_operator to 2026-03-03 00:00:00+00:00, run_after=2026-03-04 00:00:00+00:00
[2026-03-04T08:07:01.615+0000] {processor.py:183} INFO - Processing /home/airflow/.local/lib/python3.12/site-packages/airflow/example_dags/example_branch_day_of_week_operator.py took 0.058 seconds
[2026-03-04T08:07:32.042+0000] {processor.py:161} INFO - Started process (PID=5317) to work on /home/airflow/.local/lib/python3.12/site-packages/airflow/example_dags/example_branch_day_of_week_operator.py
[2026-03-04T08:07:32.043+0000] {processor.py:830} INFO - Processing file /home/airflow/.local/lib/python3.12/site-packages/airflow/example_dags/example_branch_day_of_week_operator.py for tasks to queue
[2026-03-04T08:07:32.045+0000] {logging_mixin.py:188} INFO - [2026-03-04T08:07:32.045+0000] {dagbag.py:545} INFO - Filling up the DagBag from /home/airflow/.local/lib/python3.12/site-packages/airflow/example_dags/example_branch_day_of_week_operator.py
[2026-03-04T08:07:32.051+0000] {processor.py:840} INFO - DAG(s) 'example_weekday_branch_operator' retrieved from /home/airflow/.local/lib/python3.12/site-packages/airflow/example_dags/example_branch_day_of_week_operator.py
[2026-03-04T08:07:32.065+0000] {logging_mixin.py:188} INFO - [2026-03-04T08:07:32.065+0000] {dag.py:3089} INFO - Sync 1 DAGs
[2026-03-04T08:07:32.078+0000] {logging_mixin.py:188} INFO - [2026-03-04T08:07:32.077+0000] {dag.py:3947} INFO - Setting next_dagrun for example_weekday_branch_operator to 2026-03-03 00:00:00+00:00, run_after=2026-03-04 00:00:00+00:00
[2026-03-04T08:07:32.089+0000] {processor.py:183} INFO - Processing /home/airflow/.local/lib/python3.12/site-packages/airflow/example_dags/example_branch_day_of_week_operator.py took 0.052 seconds
[2026-03-04T08:08:02.656+0000] {processor.py:161} INFO - Started process (PID=5579) to work on /home/airflow/.local/lib/python3.12/site-packages/airflow/example_dags/example_branch_day_of_week_operator.py
[2026-03-04T08:08:02.657+0000] {processor.py:830} INFO - Processing file /home/airflow/.local/lib/python3.12/site-packages/airflow/example_dags/example_branch_day_of_week_operator.py for tasks to queue
[2026-03-04T08:08:02.659+0000] {logging_mixin.py:188} INFO - [2026-03-04T08:08:02.659+0000] {dagbag.py:545} INFO - Filling up the DagBag from /home/airflow/.local/lib/python3.12/site-packages/airflow/example_dags/example_branch_day_of_week_operator.py
[2026-03-04T08:08:02.665+0000] {processor.py:840} INFO - DAG(s) 'example_weekday_branch_operator' retrieved from /home/airflow/.local/lib/python3.12/site-packages/airflow/example_dags/example_branch_day_of_week_operator.py
[2026-03-04T08:08:02.682+0000] {logging_mixin.py:188} INFO - [2026-03-04T08:08:02.682+0000] {dag.py:3089} INFO - Sync 1 DAGs
[2026-03-04T08:08:02.693+0000] {logging_mixin.py:188} INFO - [2026-03-04T08:08:02.693+0000] {dag.py:3947} INFO - Setting next_dagrun for example_weekday_branch_operator to 2026-03-03 00:00:00+00:00, run_after=2026-03-04 00:00:00+00:00
[2026-03-04T08:08:02.703+0000] {processor.py:183} INFO - Processing /home/airflow/.local/lib/python3.12/site-packages/airflow/example_dags/example_branch_day_of_week_operator.py took 0.053 seconds
[2026-03-04T08:08:33.244+0000] {processor.py:161} INFO - Started process (PID=5841) to work on /home/airflow/.local/lib/python3.12/site-packages/airflow/example_dags/example_branch_day_of_week_operator.py
[2026-03-04T08:08:33.247+0000] {processor.py:830} INFO - Processing file /home/airflow/.local/lib/python3.12/site-packages/airflow/example_dags/example_branch_day_of_week_operator.py for tasks to queue
[2026-03-04T08:08:33.248+0000] {logging_mixin.py:188} INFO - [2026-03-04T08:08:33.248+0000] {dagbag.py:545} INFO - Filling up the DagBag from /home/airflow/.local/lib/python3.12/site-packages/airflow/example_dags/example_branch_day_of_week_operator.py
[2026-03-04T08:08:33.256+0000] {processor.py:840} INFO - DAG(s) 'example_weekday_branch_operator' retrieved from /home/airflow/.local/lib/python3.12/site-packages/airflow/example_dags/example_branch_day_of_week_operator.py
[2026-03-04T08:08:33.273+0000] {logging_mixin.py:188} INFO - [2026-03-04T08:08:33.273+0000] {dag.py:3089} INFO - Sync 1 DAGs
[2026-03-04T08:08:33.288+0000] {logging_mixin.py:188} INFO - [2026-03-04T08:08:33.288+0000] {dag.py:3947} INFO - Setting next_dagrun for example_weekday_branch_operator to 2026-03-03 00:00:00+00:00, run_after=2026-03-04 00:00:00+00:00
[2026-03-04T08:08:33.300+0000] {processor.py:183} INFO - Processing /home/airflow/.local/lib/python3.12/site-packages/airflow/example_dags/example_branch_day_of_week_operator.py took 0.064 seconds
[2026-03-04T08:09:03.874+0000] {processor.py:161} INFO - Started process (PID=6103) to work on /home/airflow/.local/lib/python3.12/site-packages/airflow/example_dags/example_branch_day_of_week_operator.py
[2026-03-04T08:09:03.875+0000] {processor.py:830} INFO - Processing file /home/airflow/.local/lib/python3.12/site-packages/airflow/example_dags/example_branch_day_of_week_operator.py for tasks to queue
[2026-03-04T08:09:03.877+0000] {logging_mixin.py:188} INFO - [2026-03-04T08:09:03.876+0000] {dagbag.py:545} INFO - Filling up the DagBag from /home/airflow/.local/lib/python3.12/site-packages/airflow/example_dags/example_branch_day_of_week_operator.py
[2026-03-04T08:09:03.882+0000] {processor.py:840} INFO - DAG(s) 'example_weekday_branch_operator' retrieved from /home/airflow/.local/lib/python3.12/site-packages/airflow/example_dags/example_branch_day_of_week_operator.py
[2026-03-04T08:09:03.905+0000] {logging_mixin.py:188} INFO - [2026-03-04T08:09:03.905+0000] {dag.py:3089} INFO - Sync 1 DAGs
[2026-03-04T08:09:03.917+0000] {logging_mixin.py:188} INFO - [2026-03-04T08:09:03.917+0000] {dag.py:3947} INFO - Setting next_dagrun for example_weekday_branch_operator to 2026-03-03 00:00:00+00:00, run_after=2026-03-04 00:00:00+00:00
[2026-03-04T08:09:03.927+0000] {processor.py:183} INFO - Processing /home/airflow/.local/lib/python3.12/site-packages/airflow/example_dags/example_branch_day_of_week_operator.py took 0.060 seconds
[2026-03-04T08:09:34.436+0000] {processor.py:161} INFO - Started process (PID=6365) to work on /home/airflow/.local/lib/python3.12/site-packages/airflow/example_dags/example_branch_day_of_week_operator.py
[2026-03-04T08:09:34.437+0000] {processor.py:830} INFO - Processing file /home/airflow/.local/lib/python3.12/site-packages/airflow/example_dags/example_branch_day_of_week_operator.py for tasks to queue
[2026-03-04T08:09:34.439+0000] {logging_mixin.py:188} INFO - [2026-03-04T08:09:34.439+0000] {dagbag.py:545} INFO - Filling up the DagBag from /home/airflow/.local/lib/python3.12/site-packages/airflow/example_dags/example_branch_day_of_week_operator.py
[2026-03-04T08:09:34.445+0000] {processor.py:840} INFO - DAG(s) 'example_weekday_branch_operator' retrieved from /home/airflow/.local/lib/python3.12/site-packages/airflow/example_dags/example_branch_day_of_week_operator.py
[2026-03-04T08:09:34.462+0000] {logging_mixin.py:188} INFO - [2026-03-04T08:09:34.462+0000] {dag.py:3089} INFO - Sync 1 DAGs
[2026-03-04T08:09:34.473+0000] {logging_mixin.py:188} INFO - [2026-03-04T08:09:34.473+0000] {dag.py:3947} INFO - Setting next_dagrun for example_weekday_branch_operator to 2026-03-03 00:00:00+00:00, run_after=2026-03-04 00:00:00+00:00
[2026-03-04T08:09:34.484+0000] {processor.py:183} INFO - Processing /home/airflow/.local/lib/python3.12/site-packages/airflow/example_dags/example_branch_day_of_week_operator.py took 0.054 seconds
[2026-03-04T08:10:05.015+0000] {processor.py:161} INFO - Started process (PID=6627) to work on /home/airflow/.local/lib/python3.12/site-packages/airflow/example_dags/example_branch_day_of_week_operator.py
[2026-03-04T08:10:05.018+0000] {processor.py:830} INFO - Processing file /home/airflow/.local/lib/python3.12/site-packages/airflow/example_dags/example_branch_day_of_week_operator.py for tasks to queue
[2026-03-04T08:10:05.020+0000] {logging_mixin.py:188} INFO - [2026-03-04T08:10:05.019+0000] {dagbag.py:545} INFO - Filling up the DagBag from /home/airflow/.local/lib/python3.12/site-packages/airflow/example_dags/example_branch_day_of_week_operator.py
[2026-03-04T08:10:05.026+0000] {processor.py:840} INFO - DAG(s) 'example_weekday_branch_operator' retrieved from /home/airflow/.local/lib/python3.12/site-packages/airflow/example_dags/example_branch_day_of_week_operator.py
[2026-03-04T08:10:05.043+0000] {logging_mixin.py:188} INFO - [2026-03-04T08:10:05.042+0000] {dag.py:3089} INFO - Sync 1 DAGs
[2026-03-04T08:10:05.054+0000] {logging_mixin.py:188} INFO - [2026-03-04T08:10:05.054+0000] {dag.py:3947} INFO - Setting next_dagrun for example_weekday_branch_operator to 2026-03-03 00:00:00+00:00, run_after=2026-03-04 00:00:00+00:00
[2026-03-04T08:10:05.067+0000] {processor.py:183} INFO - Processing /home/airflow/.local/lib/python3.12/site-packages/airflow/example_dags/example_branch_day_of_week_operator.py took 0.060 seconds
[2026-03-04T08:10:35.547+0000] {processor.py:161} INFO - Started process (PID=6892) to work on /home/airflow/.local/lib/python3.12/site-packages/airflow/example_dags/example_branch_day_of_week_operator.py
[2026-03-04T08:10:35.550+0000] {processor.py:830} INFO - Processing file /home/airflow/.local/lib/python3.12/site-packages/airflow/example_dags/example_branch_day_of_week_operator.py for tasks to queue
[2026-03-04T08:10:35.553+0000] {logging_mixin.py:188} INFO - [2026-03-04T08:10:35.552+0000] {dagbag.py:545} INFO - Filling up the DagBag from /home/airflow/.local/lib/python3.12/site-packages/airflow/example_dags/example_branch_day_of_week_operator.py
[2026-03-04T08:10:35.559+0000] {processor.py:840} INFO - DAG(s) 'example_weekday_branch_operator' retrieved from /home/airflow/.local/lib/python3.12/site-packages/airflow/example_dags/example_branch_day_of_week_operator.py
[2026-03-04T08:10:35.574+0000] {logging_mixin.py:188} INFO - [2026-03-04T08:10:35.574+0000] {dag.py:3089} INFO - Sync 1 DAGs
[2026-03-04T08:10:35.586+0000] {logging_mixin.py:188} INFO - [2026-03-04T08:10:35.586+0000] {dag.py:3947} INFO - Setting next_dagrun for example_weekday_branch_operator to 2026-03-03 00:00:00+00:00, run_after=2026-03-04 00:00:00+00:00
[2026-03-04T08:10:35.594+0000] {processor.py:183} INFO - Processing /home/airflow/.local/lib/python3.12/site-packages/airflow/example_dags/example_branch_day_of_week_operator.py took 0.054 seconds
[2026-03-04T08:11:06.252+0000] {processor.py:161} INFO - Started process (PID=7154) to work on /home/airflow/.local/lib/python3.12/site-packages/airflow/example_dags/example_branch_day_of_week_operator.py
[2026-03-04T08:11:06.253+0000] {processor.py:830} INFO - Processing file /home/airflow/.local/lib/python3.12/site-packages/airflow/example_dags/example_branch_day_of_week_operator.py for tasks to queue
[2026-03-04T08:11:06.254+0000] {logging_mixin.py:188} INFO - [2026-03-04T08:11:06.254+0000] {dagbag.py:545} INFO - Filling up the DagBag from /home/airflow/.local/lib/python3.12/site-packages/airflow/example_dags/example_branch_day_of_week_operator.py
[2026-03-04T08:11:06.261+0000] {processor.py:840} INFO - DAG(s) 'example_weekday_branch_operator' retrieved from /home/airflow/.local/lib/python3.12/site-packages/airflow/example_dags/example_branch_day_of_week_operator.py
[2026-03-04T08:11:06.277+0000] {logging_mixin.py:188} INFO - [2026-03-04T08:11:06.277+0000] {dag.py:3089} INFO - Sync 1 DAGs
[2026-03-04T08:11:06.293+0000] {logging_mixin.py:188} INFO - [2026-03-04T08:11:06.293+0000] {dag.py:3947} INFO - Setting next_dagrun for example_weekday_branch_operator to 2026-03-03 00:00:00+00:00, run_after=2026-03-04 00:00:00+00:00
[2026-03-04T08:11:06.303+0000] {processor.py:183} INFO - Processing /home/airflow/.local/lib/python3.12/site-packages/airflow/example_dags/example_branch_day_of_week_operator.py took 0.058 seconds
[2026-03-04T08:11:36.840+0000] {processor.py:161} INFO - Started process (PID=7416) to work on /home/airflow/.local/lib/python3.12/site-packages/airflow/example_dags/example_branch_day_of_week_operator.py
[2026-03-04T08:11:36.841+0000] {processor.py:830} INFO - Processing file /home/airflow/.local/lib/python3.12/site-packages/airflow/example_dags/example_branch_day_of_week_operator.py for tasks to queue
[2026-03-04T08:11:36.842+0000] {logging_mixin.py:188} INFO - [2026-03-04T08:11:36.842+0000] {dagbag.py:545} INFO - Filling up the DagBag from /home/airflow/.local/lib/python3.12/site-packages/airflow/example_dags/example_branch_day_of_week_operator.py
[2026-03-04T08:11:36.849+0000] {processor.py:840} INFO - DAG(s) 'example_weekday_branch_operator' retrieved from /home/airflow/.local/lib/python3.12/site-packages/airflow/example_dags/example_branch_day_of_week_operator.py
[2026-03-04T08:11:36.862+0000] {logging_mixin.py:188} INFO - [2026-03-04T08:11:36.862+0000] {dag.py:3089} INFO - Sync 1 DAGs
[2026-03-04T08:11:36.874+0000] {logging_mixin.py:188} INFO - [2026-03-04T08:11:36.874+0000] {dag.py:3947} INFO - Setting next_dagrun for example_weekday_branch_operator to 2026-03-03 00:00:00+00:00, run_after=2026-03-04 00:00:00+00:00
[2026-03-04T08:11:36.884+0000] {processor.py:183} INFO - Processing /home/airflow/.local/lib/python3.12/site-packages/airflow/example_dags/example_branch_day_of_week_operator.py took 0.050 seconds
[2026-03-04T08:12:07.339+0000] {processor.py:161} INFO - Started process (PID=7678) to work on /home/airflow/.local/lib/python3.12/site-packages/airflow/example_dags/example_branch_day_of_week_operator.py
[2026-03-04T08:12:07.340+0000] {processor.py:830} INFO - Processing file /home/airflow/.local/lib/python3.12/site-packages/airflow/example_dags/example_branch_day_of_week_operator.py for tasks to queue
[2026-03-04T08:12:07.341+0000] {logging_mixin.py:188} INFO - [2026-03-04T08:12:07.341+0000] {dagbag.py:545} INFO - Filling up the DagBag from /home/airflow/.local/lib/python3.12/site-packages/airflow/example_dags/example_branch_day_of_week_operator.py
[2026-03-04T08:12:07.347+0000] {processor.py:840} INFO - DAG(s) 'example_weekday_branch_operator' retrieved from /home/airflow/.local/lib/python3.12/site-packages/airflow/example_dags/example_branch_day_of_week_operator.py
[2026-03-04T08:12:07.362+0000] {logging_mixin.py:188} INFO - [2026-03-04T08:12:07.362+0000] {dag.py:3089} INFO - Sync 1 DAGs
[2026-03-04T08:12:07.374+0000] {logging_mixin.py:188} INFO - [2026-03-04T08:12:07.374+0000] {dag.py:3947} INFO - Setting next_dagrun for example_weekday_branch_operator to 2026-03-03 00:00:00+00:00, run_after=2026-03-04 00:00:00+00:00
[2026-03-04T08:12:07.383+0000] {processor.py:183} INFO - Processing /home/airflow/.local/lib/python3.12/site-packages/airflow/example_dags/example_branch_day_of_week_operator.py took 0.056 seconds
[2026-03-04T08:12:37.921+0000] {processor.py:161} INFO - Started process (PID=7940) to work on /home/airflow/.local/lib/python3.12/site-packages/airflow/example_dags/example_branch_day_of_week_operator.py
[2026-03-04T08:12:37.923+0000] {processor.py:830} INFO - Processing file /home/airflow/.local/lib/python3.12/site-packages/airflow/example_dags/example_branch_day_of_week_operator.py for tasks to queue
[2026-03-04T08:12:37.926+0000] {logging_mixin.py:188} INFO - [2026-03-04T08:12:37.925+0000] {dagbag.py:545} INFO - Filling up the DagBag from /home/airflow/.local/lib/python3.12/site-packages/airflow/example_dags/example_branch_day_of_week_operator.py
[2026-03-04T08:12:37.933+0000] {processor.py:840} INFO - DAG(s) 'example_weekday_branch_operator' retrieved from /home/airflow/.local/lib/python3.12/site-packages/airflow/example_dags/example_branch_day_of_week_operator.py
[2026-03-04T08:12:37.946+0000] {logging_mixin.py:188} INFO - [2026-03-04T08:12:37.946+0000] {dag.py:3089} INFO - Sync 1 DAGs
[2026-03-04T08:12:37.956+0000] {logging_mixin.py:188} INFO - [2026-03-04T08:12:37.956+0000] {dag.py:3947} INFO - Setting next_dagrun for example_weekday_branch_operator to 2026-03-03 00:00:00+00:00, run_after=2026-03-04 00:00:00+00:00
[2026-03-04T08:12:37.967+0000] {processor.py:183} INFO - Processing /home/airflow/.local/lib/python3.12/site-packages/airflow/example_dags/example_branch_day_of_week_operator.py took 0.052 seconds
[2026-03-04T08:13:08.456+0000] {processor.py:161} INFO - Started process (PID=8202) to work on /home/airflow/.local/lib/python3.12/site-packages/airflow/example_dags/example_branch_day_of_week_operator.py
[2026-03-04T08:13:08.460+0000] {processor.py:830} INFO - Processing file /home/airflow/.local/lib/python3.12/site-packages/airflow/example_dags/example_branch_day_of_week_operator.py for tasks to queue
[2026-03-04T08:13:08.462+0000] {logging_mixin.py:188} INFO - [2026-03-04T08:13:08.462+0000] {dagbag.py:545} INFO - Filling up the DagBag from /home/airflow/.local/lib/python3.12/site-packages/airflow/example_dags/example_branch_day_of_week_operator.py
[2026-03-04T08:13:08.469+0000] {processor.py:840} INFO - DAG(s) 'example_weekday_branch_operator' retrieved from /home/airflow/.local/lib/python3.12/site-packages/airflow/example_dags/example_branch_day_of_week_operator.py
[2026-03-04T08:13:08.481+0000] {logging_mixin.py:188} INFO - [2026-03-04T08:13:08.481+0000] {dag.py:3089} INFO - Sync 1 DAGs
[2026-03-04T08:13:08.496+0000] {logging_mixin.py:188} INFO - [2026-03-04T08:13:08.495+0000] {dag.py:3947} INFO - Setting next_dagrun for example_weekday_branch_operator to 2026-03-03 00:00:00+00:00, run_after=2026-03-04 00:00:00+00:00
[2026-03-04T08:13:08.507+0000] {processor.py:183} INFO - Processing /home/airflow/.local/lib/python3.12/site-packages/airflow/example_dags/example_branch_day_of_week_operator.py took 0.058 seconds
[2026-03-04T08:13:39.002+0000] {processor.py:161} INFO - Started process (PID=8464) to work on /home/airflow/.local/lib/python3.12/site-packages/airflow/example_dags/example_branch_day_of_week_operator.py
[2026-03-04T08:13:39.006+0000] {processor.py:830} INFO - Processing file /home/airflow/.local/lib/python3.12/site-packages/airflow/example_dags/example_branch_day_of_week_operator.py for tasks to queue
[2026-03-04T08:13:39.007+0000] {logging_mixin.py:188} INFO - [2026-03-04T08:13:39.007+0000] {dagbag.py:545} INFO - Filling up the DagBag from /home/airflow/.local/lib/python3.12/site-packages/airflow/example_dags/example_branch_day_of_week_operator.py
[2026-03-04T08:13:39.017+0000] {processor.py:840} INFO - DAG(s) 'example_weekday_branch_operator' retrieved from /home/airflow/.local/lib/python3.12/site-packages/airflow/example_dags/example_branch_day_of_week_operator.py
[2026-03-04T08:13:39.031+0000] {logging_mixin.py:188} INFO - [2026-03-04T08:13:39.030+0000] {dag.py:3089} INFO - Sync 1 DAGs
[2026-03-04T08:13:39.044+0000] {logging_mixin.py:188} INFO - [2026-03-04T08:13:39.044+0000] {dag.py:3947} INFO - Setting next_dagrun for example_weekday_branch_operator to 2026-03-03 00:00:00+00:00, run_after=2026-03-04 00:00:00+00:00
[2026-03-04T08:13:39.052+0000] {processor.py:183} INFO - Processing /home/airflow/.local/lib/python3.12/site-packages/airflow/example_dags/example_branch_day_of_week_operator.py took 0.058 seconds
[2026-03-04T08:14:09.505+0000] {processor.py:161} INFO - Started process (PID=8726) to work on /home/airflow/.local/lib/python3.12/site-packages/airflow/example_dags/example_branch_day_of_week_operator.py
[2026-03-04T08:14:09.506+0000] {processor.py:830} INFO - Processing file /home/airflow/.local/lib/python3.12/site-packages/airflow/example_dags/example_branch_day_of_week_operator.py for tasks to queue
[2026-03-04T08:14:09.508+0000] {logging_mixin.py:188} INFO - [2026-03-04T08:14:09.508+0000] {dagbag.py:545} INFO - Filling up the DagBag from /home/airflow/.local/lib/python3.12/site-packages/airflow/example_dags/example_branch_day_of_week_operator.py
[2026-03-04T08:14:09.518+0000] {processor.py:840} INFO - DAG(s) 'example_weekday_branch_operator' retrieved from /home/airflow/.local/lib/python3.12/site-packages/airflow/example_dags/example_branch_day_of_week_operator.py
[2026-03-04T08:14:09.532+0000] {logging_mixin.py:188} INFO - [2026-03-04T08:14:09.532+0000] {dag.py:3089} INFO - Sync 1 DAGs
[2026-03-04T08:14:09.542+0000] {logging_mixin.py:188} INFO - [2026-03-04T08:14:09.542+0000] {dag.py:3947} INFO - Setting next_dagrun for example_weekday_branch_operator to 2026-03-03 00:00:00+00:00, run_after=2026-03-04 00:00:00+00:00
[2026-03-04T08:14:09.550+0000] {processor.py:183} INFO - Processing /home/airflow/.local/lib/python3.12/site-packages/airflow/example_dags/example_branch_day_of_week_operator.py took 0.051 seconds
[2026-03-04T08:14:40.077+0000] {processor.py:161} INFO - Started process (PID=8988) to work on /home/airflow/.local/lib/python3.12/site-packages/airflow/example_dags/example_branch_day_of_week_operator.py
[2026-03-04T08:14:40.078+0000] {processor.py:830} INFO - Processing file /home/airflow/.local/lib/python3.12/site-packages/airflow/example_dags/example_branch_day_of_week_operator.py for tasks to queue
[2026-03-04T08:14:40.079+0000] {logging_mixin.py:188} INFO - [2026-03-04T08:14:40.079+0000] {dagbag.py:545} INFO - Filling up the DagBag from /home/airflow/.local/lib/python3.12/site-packages/airflow/example_dags/example_branch_day_of_week_operator.py
[2026-03-04T08:14:40.087+0000] {processor.py:840} INFO - DAG(s) 'example_weekday_branch_operator' retrieved from /home/airflow/.local/lib/python3.12/site-packages/airflow/example_dags/example_branch_day_of_week_operator.py
[2026-03-04T08:14:40.103+0000] {logging_mixin.py:188} INFO - [2026-03-04T08:14:40.103+0000] {dag.py:3089} INFO - Sync 1 DAGs
[2026-03-04T08:14:40.113+0000] {logging_mixin.py:188} INFO - [2026-03-04T08:14:40.113+0000] {dag.py:3947} INFO - Setting next_dagrun for example_weekday_branch_operator to 2026-03-03 00:00:00+00:00, run_after=2026-03-04 00:00:00+00:00
[2026-03-04T08:14:40.125+0000] {processor.py:183} INFO - Processing /home/airflow/.local/lib/python3.12/site-packages/airflow/example_dags/example_branch_day_of_week_operator.py took 0.054 seconds
[2026-03-04T08:15:10.625+0000] {processor.py:161} INFO - Started process (PID=9254) to work on /home/airflow/.local/lib/python3.12/site-packages/airflow/example_dags/example_branch_day_of_week_operator.py
[2026-03-04T08:15:10.626+0000] {processor.py:830} INFO - Processing file /home/airflow/.local/lib/python3.12/site-packages/airflow/example_dags/example_branch_day_of_week_operator.py for tasks to queue
[2026-03-04T08:15:10.627+0000] {logging_mixin.py:188} INFO - [2026-03-04T08:15:10.627+0000] {dagbag.py:545} INFO - Filling up the DagBag from /home/airflow/.local/lib/python3.12/site-packages/airflow/example_dags/example_branch_day_of_week_operator.py
[2026-03-04T08:15:10.631+0000] {processor.py:840} INFO - DAG(s) 'example_weekday_branch_operator' retrieved from /home/airflow/.local/lib/python3.12/site-packages/airflow/example_dags/example_branch_day_of_week_operator.py
[2026-03-04T08:15:10.646+0000] {logging_mixin.py:188} INFO - [2026-03-04T08:15:10.645+0000] {dag.py:3089} INFO - Sync 1 DAGs
[2026-03-04T08:15:10.656+0000] {logging_mixin.py:188} INFO - [2026-03-04T08:15:10.656+0000] {dag.py:3947} INFO - Setting next_dagrun for example_weekday_branch_operator to 2026-03-03 00:00:00+00:00, run_after=2026-03-04 00:00:00+00:00
[2026-03-04T08:15:10.669+0000] {processor.py:183} INFO - Processing /home/airflow/.local/lib/python3.12/site-packages/airflow/example_dags/example_branch_day_of_week_operator.py took 0.048 seconds
[2026-03-04T08:15:41.185+0000] {processor.py:161} INFO - Started process (PID=9520) to work on /home/airflow/.local/lib/python3.12/site-packages/airflow/example_dags/example_branch_day_of_week_operator.py
[2026-03-04T08:15:41.187+0000] {processor.py:830} INFO - Processing file /home/airflow/.local/lib/python3.12/site-packages/airflow/example_dags/example_branch_day_of_week_operator.py for tasks to queue
[2026-03-04T08:15:41.190+0000] {logging_mixin.py:188} INFO - [2026-03-04T08:15:41.189+0000] {dagbag.py:545} INFO - Filling up the DagBag from /home/airflow/.local/lib/python3.12/site-packages/airflow/example_dags/example_branch_day_of_week_operator.py
[2026-03-04T08:15:41.198+0000] {processor.py:840} INFO - DAG(s) 'example_weekday_branch_operator' retrieved from /home/airflow/.local/lib/python3.12/site-packages/airflow/example_dags/example_branch_day_of_week_operator.py
[2026-03-04T08:15:41.212+0000] {logging_mixin.py:188} INFO - [2026-03-04T08:15:41.212+0000] {dag.py:3089} INFO - Sync 1 DAGs
[2026-03-04T08:15:41.223+0000] {logging_mixin.py:188} INFO - [2026-03-04T08:15:41.222+0000] {dag.py:3947} INFO - Setting next_dagrun for example_weekday_branch_operator to 2026-03-03 00:00:00+00:00, run_after=2026-03-04 00:00:00+00:00
[2026-03-04T08:15:41.231+0000] {processor.py:183} INFO - Processing /home/airflow/.local/lib/python3.12/site-packages/airflow/example_dags/example_branch_day_of_week_operator.py took 0.052 seconds
[2026-03-04T08:16:11.818+0000] {processor.py:161} INFO - Started process (PID=9782) to work on /home/airflow/.local/lib/python3.12/site-packages/airflow/example_dags/example_branch_day_of_week_operator.py
[2026-03-04T08:16:11.819+0000] {processor.py:830} INFO - Processing file /home/airflow/.local/lib/python3.12/site-packages/airflow/example_dags/example_branch_day_of_week_operator.py for tasks to queue
[2026-03-04T08:16:11.821+0000] {logging_mixin.py:188} INFO - [2026-03-04T08:16:11.820+0000] {dagbag.py:545} INFO - Filling up the DagBag from /home/airflow/.local/lib/python3.12/site-packages/airflow/example_dags/example_branch_day_of_week_operator.py
[2026-03-04T08:16:11.831+0000] {processor.py:840} INFO - DAG(s) 'example_weekday_branch_operator' retrieved from /home/airflow/.local/lib/python3.12/site-packages/airflow/example_dags/example_branch_day_of_week_operator.py
[2026-03-04T08:16:11.846+0000] {logging_mixin.py:188} INFO - [2026-03-04T08:16:11.846+0000] {dag.py:3089} INFO - Sync 1 DAGs
[2026-03-04T08:16:11.859+0000] {logging_mixin.py:188} INFO - [2026-03-04T08:16:11.859+0000] {dag.py:3947} INFO - Setting next_dagrun for example_weekday_branch_operator to 2026-03-03 00:00:00+00:00, run_after=2026-03-04 00:00:00+00:00
[2026-03-04T08:16:11.867+0000] {processor.py:183} INFO - Processing /home/airflow/.local/lib/python3.12/site-packages/airflow/example_dags/example_branch_day_of_week_operator.py took 0.056 seconds
[2026-03-04T08:16:42.437+0000] {processor.py:161} INFO - Started process (PID=10044) to work on /home/airflow/.local/lib/python3.12/site-packages/airflow/example_dags/example_branch_day_of_week_operator.py
[2026-03-04T08:16:42.438+0000] {processor.py:830} INFO - Processing file /home/airflow/.local/lib/python3.12/site-packages/airflow/example_dags/example_branch_day_of_week_operator.py for tasks to queue
[2026-03-04T08:16:42.440+0000] {logging_mixin.py:188} INFO - [2026-03-04T08:16:42.439+0000] {dagbag.py:545} INFO - Filling up the DagBag from /home/airflow/.local/lib/python3.12/site-packages/airflow/example_dags/example_branch_day_of_week_operator.py
[2026-03-04T08:16:42.447+0000] {processor.py:840} INFO - DAG(s) 'example_weekday_branch_operator' retrieved from /home/airflow/.local/lib/python3.12/site-packages/airflow/example_dags/example_branch_day_of_week_operator.py
[2026-03-04T08:16:42.460+0000] {logging_mixin.py:188} INFO - [2026-03-04T08:16:42.459+0000] {dag.py:3089} INFO - Sync 1 DAGs
[2026-03-04T08:16:42.470+0000] {logging_mixin.py:188} INFO - [2026-03-04T08:16:42.470+0000] {dag.py:3947} INFO - Setting next_dagrun for example_weekday_branch_operator to 2026-03-03 00:00:00+00:00, run_after=2026-03-04 00:00:00+00:00
[2026-03-04T08:16:42.482+0000] {processor.py:183} INFO - Processing /home/airflow/.local/lib/python3.12/site-packages/airflow/example_dags/example_branch_day_of_week_operator.py took 0.051 seconds
[2026-03-04T08:17:13.477+0000] {processor.py:161} INFO - Started process (PID=10306) to work on /home/airflow/.local/lib/python3.12/site-packages/airflow/example_dags/example_branch_day_of_week_operator.py
[2026-03-04T08:17:13.477+0000] {processor.py:830} INFO - Processing file /home/airflow/.local/lib/python3.12/site-packages/airflow/example_dags/example_branch_day_of_week_operator.py for tasks to queue
[2026-03-04T08:17:13.478+0000] {logging_mixin.py:188} INFO - [2026-03-04T08:17:13.478+0000] {dagbag.py:545} INFO - Filling up the DagBag from /home/airflow/.local/lib/python3.12/site-packages/airflow/example_dags/example_branch_day_of_week_operator.py
[2026-03-04T08:17:13.483+0000] {processor.py:840} INFO - DAG(s) 'example_weekday_branch_operator' retrieved from /home/airflow/.local/lib/python3.12/site-packages/airflow/example_dags/example_branch_day_of_week_operator.py
[2026-03-04T08:17:13.494+0000] {logging_mixin.py:188} INFO - [2026-03-04T08:17:13.493+0000] {dag.py:3089} INFO - Sync 1 DAGs
[2026-03-04T08:17:13.505+0000] {logging_mixin.py:188} INFO - [2026-03-04T08:17:13.505+0000] {dag.py:3947} INFO - Setting next_dagrun for example_weekday_branch_operator to 2026-03-03 00:00:00+00:00, run_after=2026-03-04 00:00:00+00:00
[2026-03-04T08:17:13.517+0000] {processor.py:183} INFO - Processing /home/airflow/.local/lib/python3.12/site-packages/airflow/example_dags/example_branch_day_of_week_operator.py took 0.045 seconds
[2026-03-04T08:17:43.587+0000] {processor.py:161} INFO - Started process (PID=10566) to work on /home/airflow/.local/lib/python3.12/site-packages/airflow/example_dags/example_branch_day_of_week_operator.py
[2026-03-04T08:17:43.587+0000] {processor.py:830} INFO - Processing file /home/airflow/.local/lib/python3.12/site-packages/airflow/example_dags/example_branch_day_of_week_operator.py for tasks to queue
[2026-03-04T08:17:43.588+0000] {logging_mixin.py:188} INFO - [2026-03-04T08:17:43.588+0000] {dagbag.py:545} INFO - Filling up the DagBag from /home/airflow/.local/lib/python3.12/site-packages/airflow/example_dags/example_branch_day_of_week_operator.py
[2026-03-04T08:17:43.591+0000] {processor.py:840} INFO - DAG(s) 'example_weekday_branch_operator' retrieved from /home/airflow/.local/lib/python3.12/site-packages/airflow/example_dags/example_branch_day_of_week_operator.py
[2026-03-04T08:17:43.599+0000] {logging_mixin.py:188} INFO - [2026-03-04T08:17:43.598+0000] {dag.py:3089} INFO - Sync 1 DAGs
[2026-03-04T08:17:43.606+0000] {logging_mixin.py:188} INFO - [2026-03-04T08:17:43.606+0000] {dag.py:3947} INFO - Setting next_dagrun for example_weekday_branch_operator to 2026-03-03 00:00:00+00:00, run_after=2026-03-04 00:00:00+00:00
[2026-03-04T08:17:43.612+0000] {processor.py:183} INFO - Processing /home/airflow/.local/lib/python3.12/site-packages/airflow/example_dags/example_branch_day_of_week_operator.py took 0.027 seconds
[2026-03-04T08:18:14.842+0000] {processor.py:161} INFO - Started process (PID=10830) to work on /home/airflow/.local/lib/python3.12/site-packages/airflow/example_dags/example_branch_day_of_week_operator.py
[2026-03-04T08:18:14.842+0000] {processor.py:830} INFO - Processing file /home/airflow/.local/lib/python3.12/site-packages/airflow/example_dags/example_branch_day_of_week_operator.py for tasks to queue
[2026-03-04T08:18:14.843+0000] {logging_mixin.py:188} INFO - [2026-03-04T08:18:14.843+0000] {dagbag.py:545} INFO - Filling up the DagBag from /home/airflow/.local/lib/python3.12/site-packages/airflow/example_dags/example_branch_day_of_week_operator.py
[2026-03-04T08:18:14.846+0000] {processor.py:840} INFO - DAG(s) 'example_weekday_branch_operator' retrieved from /home/airflow/.local/lib/python3.12/site-packages/airflow/example_dags/example_branch_day_of_week_operator.py
[2026-03-04T08:18:14.855+0000] {logging_mixin.py:188} INFO - [2026-03-04T08:18:14.855+0000] {dag.py:3089} INFO - Sync 1 DAGs
[2026-03-04T08:18:14.935+0000] {logging_mixin.py:188} INFO - [2026-03-04T08:18:14.935+0000] {dag.py:3947} INFO - Setting next_dagrun for example_weekday_branch_operator to 2026-03-03 00:00:00+00:00, run_after=2026-03-04 00:00:00+00:00
[2026-03-04T08:18:14.944+0000] {processor.py:183} INFO - Processing /home/airflow/.local/lib/python3.12/site-packages/airflow/example_dags/example_branch_day_of_week_operator.py took 0.104 seconds
[2026-03-04T08:18:45.936+0000] {processor.py:161} INFO - Started process (PID=11092) to work on /home/airflow/.local/lib/python3.12/site-packages/airflow/example_dags/example_branch_day_of_week_operator.py
[2026-03-04T08:18:45.937+0000] {processor.py:830} INFO - Processing file /home/airflow/.local/lib/python3.12/site-packages/airflow/example_dags/example_branch_day_of_week_operator.py for tasks to queue
[2026-03-04T08:18:45.938+0000] {logging_mixin.py:188} INFO - [2026-03-04T08:18:45.938+0000] {dagbag.py:545} INFO - Filling up the DagBag from /home/airflow/.local/lib/python3.12/site-packages/airflow/example_dags/example_branch_day_of_week_operator.py
[2026-03-04T08:18:45.942+0000] {processor.py:840} INFO - DAG(s) 'example_weekday_branch_operator' retrieved from /home/airflow/.local/lib/python3.12/site-packages/airflow/example_dags/example_branch_day_of_week_operator.py
[2026-03-04T08:18:45.952+0000] {logging_mixin.py:188} INFO - [2026-03-04T08:18:45.952+0000] {dag.py:3089} INFO - Sync 1 DAGs
[2026-03-04T08:18:45.969+0000] {logging_mixin.py:188} INFO - [2026-03-04T08:18:45.969+0000] {dag.py:3947} INFO - Setting next_dagrun for example_weekday_branch_operator to 2026-03-03 00:00:00+00:00, run_after=2026-03-04 00:00:00+00:00
[2026-03-04T08:18:45.979+0000] {processor.py:183} INFO - Processing /home/airflow/.local/lib/python3.12/site-packages/airflow/example_dags/example_branch_day_of_week_operator.py took 0.047 seconds
[2026-03-04T08:19:16.605+0000] {processor.py:161} INFO - Started process (PID=11354) to work on /home/airflow/.local/lib/python3.12/site-packages/airflow/example_dags/example_branch_day_of_week_operator.py
[2026-03-04T08:19:16.607+0000] {processor.py:830} INFO - Processing file /home/airflow/.local/lib/python3.12/site-packages/airflow/example_dags/example_branch_day_of_week_operator.py for tasks to queue
[2026-03-04T08:19:16.610+0000] {logging_mixin.py:188} INFO - [2026-03-04T08:19:16.610+0000] {dagbag.py:545} INFO - Filling up the DagBag from /home/airflow/.local/lib/python3.12/site-packages/airflow/example_dags/example_branch_day_of_week_operator.py
[2026-03-04T08:19:16.619+0000] {processor.py:840} INFO - DAG(s) 'example_weekday_branch_operator' retrieved from /home/airflow/.local/lib/python3.12/site-packages/airflow/example_dags/example_branch_day_of_week_operator.py
[2026-03-04T08:19:16.632+0000] {logging_mixin.py:188} INFO - [2026-03-04T08:19:16.632+0000] {dag.py:3089} INFO - Sync 1 DAGs
[2026-03-04T08:19:16.646+0000] {logging_mixin.py:188} INFO - [2026-03-04T08:19:16.646+0000] {dag.py:3947} INFO - Setting next_dagrun for example_weekday_branch_operator to 2026-03-03 00:00:00+00:00, run_after=2026-03-04 00:00:00+00:00
[2026-03-04T08:19:16.656+0000] {processor.py:183} INFO - Processing /home/airflow/.local/lib/python3.12/site-packages/airflow/example_dags/example_branch_day_of_week_operator.py took 0.057 seconds
[2026-03-04T08:19:47.147+0000] {processor.py:161} INFO - Started process (PID=11616) to work on /home/airflow/.local/lib/python3.12/site-packages/airflow/example_dags/example_branch_day_of_week_operator.py
[2026-03-04T08:19:47.151+0000] {processor.py:830} INFO - Processing file /home/airflow/.local/lib/python3.12/site-packages/airflow/example_dags/example_branch_day_of_week_operator.py for tasks to queue
[2026-03-04T08:19:47.153+0000] {logging_mixin.py:188} INFO - [2026-03-04T08:19:47.153+0000] {dagbag.py:545} INFO - Filling up the DagBag from /home/airflow/.local/lib/python3.12/site-packages/airflow/example_dags/example_branch_day_of_week_operator.py
[2026-03-04T08:19:47.161+0000] {processor.py:840} INFO - DAG(s) 'example_weekday_branch_operator' retrieved from /home/airflow/.local/lib/python3.12/site-packages/airflow/example_dags/example_branch_day_of_week_operator.py
[2026-03-04T08:19:47.174+0000] {logging_mixin.py:188} INFO - [2026-03-04T08:19:47.174+0000] {dag.py:3089} INFO - Sync 1 DAGs
[2026-03-04T08:19:47.185+0000] {logging_mixin.py:188} INFO - [2026-03-04T08:19:47.185+0000] {dag.py:3947} INFO - Setting next_dagrun for example_weekday_branch_operator to 2026-03-03 00:00:00+00:00, run_after=2026-03-04 00:00:00+00:00
[2026-03-04T08:19:47.194+0000] {processor.py:183} INFO - Processing /home/airflow/.local/lib/python3.12/site-packages/airflow/example_dags/example_branch_day_of_week_operator.py took 0.053 seconds
[2026-03-04T08:20:17.730+0000] {processor.py:161} INFO - Started process (PID=11878) to work on /home/airflow/.local/lib/python3.12/site-packages/airflow/example_dags/example_branch_day_of_week_operator.py
[2026-03-04T08:20:17.731+0000] {processor.py:830} INFO - Processing file /home/airflow/.local/lib/python3.12/site-packages/airflow/example_dags/example_branch_day_of_week_operator.py for tasks to queue
[2026-03-04T08:20:17.732+0000] {logging_mixin.py:188} INFO - [2026-03-04T08:20:17.731+0000] {dagbag.py:545} INFO - Filling up the DagBag from /home/airflow/.local/lib/python3.12/site-packages/airflow/example_dags/example_branch_day_of_week_operator.py
[2026-03-04T08:20:17.736+0000] {processor.py:840} INFO - DAG(s) 'example_weekday_branch_operator' retrieved from /home/airflow/.local/lib/python3.12/site-packages/airflow/example_dags/example_branch_day_of_week_operator.py
[2026-03-04T08:20:17.747+0000] {logging_mixin.py:188} INFO - [2026-03-04T08:20:17.747+0000] {dag.py:3089} INFO - Sync 1 DAGs
[2026-03-04T08:20:17.763+0000] {logging_mixin.py:188} INFO - [2026-03-04T08:20:17.763+0000] {dag.py:3947} INFO - Setting next_dagrun for example_weekday_branch_operator to 2026-03-03 00:00:00+00:00, run_after=2026-03-04 00:00:00+00:00
[2026-03-04T08:20:17.775+0000] {processor.py:183} INFO - Processing /home/airflow/.local/lib/python3.12/site-packages/airflow/example_dags/example_branch_day_of_week_operator.py took 0.048 seconds
[2026-03-04T08:37:21.510+0000] {processor.py:161} INFO - Started process (PID=12138) to work on /home/airflow/.local/lib/python3.12/site-packages/airflow/example_dags/example_branch_day_of_week_operator.py
[2026-03-04T08:37:21.512+0000] {processor.py:830} INFO - Processing file /home/airflow/.local/lib/python3.12/site-packages/airflow/example_dags/example_branch_day_of_week_operator.py for tasks to queue
[2026-03-04T08:37:21.513+0000] {logging_mixin.py:188} INFO - [2026-03-04T08:37:21.513+0000] {dagbag.py:545} INFO - Filling up the DagBag from /home/airflow/.local/lib/python3.12/site-packages/airflow/example_dags/example_branch_day_of_week_operator.py
[2026-03-04T08:37:21.516+0000] {processor.py:840} INFO - DAG(s) 'example_weekday_branch_operator' retrieved from /home/airflow/.local/lib/python3.12/site-packages/airflow/example_dags/example_branch_day_of_week_operator.py
[2026-03-04T08:37:21.527+0000] {logging_mixin.py:188} INFO - [2026-03-04T08:37:21.527+0000] {dag.py:3089} INFO - Sync 1 DAGs
[2026-03-04T08:37:21.543+0000] {logging_mixin.py:188} INFO - [2026-03-04T08:37:21.543+0000] {dag.py:3947} INFO - Setting next_dagrun for example_weekday_branch_operator to 2026-03-03 00:00:00+00:00, run_after=2026-03-04 00:00:00+00:00
[2026-03-04T08:37:21.564+0000] {processor.py:183} INFO - Processing /home/airflow/.local/lib/python3.12/site-packages/airflow/example_dags/example_branch_day_of_week_operator.py took 0.056 seconds
[2026-03-04T08:46:11.738+0000] {processor.py:161} INFO - Started process (PID=12400) to work on /home/airflow/.local/lib/python3.12/site-packages/airflow/example_dags/example_branch_day_of_week_operator.py
[2026-03-04T08:46:11.739+0000] {processor.py:830} INFO - Processing file /home/airflow/.local/lib/python3.12/site-packages/airflow/example_dags/example_branch_day_of_week_operator.py for tasks to queue
[2026-03-04T08:46:11.739+0000] {logging_mixin.py:188} INFO - [2026-03-04T08:46:11.739+0000] {dagbag.py:545} INFO - Filling up the DagBag from /home/airflow/.local/lib/python3.12/site-packages/airflow/example_dags/example_branch_day_of_week_operator.py
[2026-03-04T08:46:11.742+0000] {processor.py:840} INFO - DAG(s) 'example_weekday_branch_operator' retrieved from /home/airflow/.local/lib/python3.12/site-packages/airflow/example_dags/example_branch_day_of_week_operator.py
[2026-03-04T08:46:11.751+0000] {logging_mixin.py:188} INFO - [2026-03-04T08:46:11.750+0000] {dag.py:3089} INFO - Sync 1 DAGs
[2026-03-04T08:46:11.758+0000] {logging_mixin.py:188} INFO - [2026-03-04T08:46:11.758+0000] {dag.py:3947} INFO - Setting next_dagrun for example_weekday_branch_operator to 2026-03-03 00:00:00+00:00, run_after=2026-03-04 00:00:00+00:00
[2026-03-04T08:46:11.768+0000] {processor.py:183} INFO - Processing /home/airflow/.local/lib/python3.12/site-packages/airflow/example_dags/example_branch_day_of_week_operator.py took 0.033 seconds
[2026-03-04T08:46:42.368+0000] {processor.py:161} INFO - Started process (PID=12662) to work on /home/airflow/.local/lib/python3.12/site-packages/airflow/example_dags/example_branch_day_of_week_operator.py
[2026-03-04T08:46:42.369+0000] {processor.py:830} INFO - Processing file /home/airflow/.local/lib/python3.12/site-packages/airflow/example_dags/example_branch_day_of_week_operator.py for tasks to queue
[2026-03-04T08:46:42.370+0000] {logging_mixin.py:188} INFO - [2026-03-04T08:46:42.370+0000] {dagbag.py:545} INFO - Filling up the DagBag from /home/airflow/.local/lib/python3.12/site-packages/airflow/example_dags/example_branch_day_of_week_operator.py
[2026-03-04T08:46:42.373+0000] {processor.py:840} INFO - DAG(s) 'example_weekday_branch_operator' retrieved from /home/airflow/.local/lib/python3.12/site-packages/airflow/example_dags/example_branch_day_of_week_operator.py
[2026-03-04T08:46:42.385+0000] {logging_mixin.py:188} INFO - [2026-03-04T08:46:42.385+0000] {dag.py:3089} INFO - Sync 1 DAGs
[2026-03-04T08:46:42.394+0000] {logging_mixin.py:188} INFO - [2026-03-04T08:46:42.394+0000] {dag.py:3947} INFO - Setting next_dagrun for example_weekday_branch_operator to 2026-03-03 00:00:00+00:00, run_after=2026-03-04 00:00:00+00:00
[2026-03-04T08:46:42.410+0000] {processor.py:183} INFO - Processing /home/airflow/.local/lib/python3.12/site-packages/airflow/example_dags/example_branch_day_of_week_operator.py took 0.044 seconds
[2026-03-04T08:47:12.882+0000] {processor.py:161} INFO - Started process (PID=12924) to work on /home/airflow/.local/lib/python3.12/site-packages/airflow/example_dags/example_branch_day_of_week_operator.py
[2026-03-04T08:47:12.883+0000] {processor.py:830} INFO - Processing file /home/airflow/.local/lib/python3.12/site-packages/airflow/example_dags/example_branch_day_of_week_operator.py for tasks to queue
[2026-03-04T08:47:12.883+0000] {logging_mixin.py:188} INFO - [2026-03-04T08:47:12.883+0000] {dagbag.py:545} INFO - Filling up the DagBag from /home/airflow/.local/lib/python3.12/site-packages/airflow/example_dags/example_branch_day_of_week_operator.py
[2026-03-04T08:47:12.887+0000] {processor.py:840} INFO - DAG(s) 'example_weekday_branch_operator' retrieved from /home/airflow/.local/lib/python3.12/site-packages/airflow/example_dags/example_branch_day_of_week_operator.py
[2026-03-04T08:47:12.898+0000] {logging_mixin.py:188} INFO - [2026-03-04T08:47:12.898+0000] {dag.py:3089} INFO - Sync 1 DAGs
[2026-03-04T08:47:12.907+0000] {logging_mixin.py:188} INFO - [2026-03-04T08:47:12.907+0000] {dag.py:3947} INFO - Setting next_dagrun for example_weekday_branch_operator to 2026-03-03 00:00:00+00:00, run_after=2026-03-04 00:00:00+00:00
[2026-03-04T08:47:12.917+0000] {processor.py:183} INFO - Processing /home/airflow/.local/lib/python3.12/site-packages/airflow/example_dags/example_branch_day_of_week_operator.py took 0.037 seconds
[2026-03-04T08:47:43.420+0000] {processor.py:161} INFO - Started process (PID=13186) to work on /home/airflow/.local/lib/python3.12/site-packages/airflow/example_dags/example_branch_day_of_week_operator.py
[2026-03-04T08:47:43.420+0000] {processor.py:830} INFO - Processing file /home/airflow/.local/lib/python3.12/site-packages/airflow/example_dags/example_branch_day_of_week_operator.py for tasks to queue
[2026-03-04T08:47:43.421+0000] {logging_mixin.py:188} INFO - [2026-03-04T08:47:43.421+0000] {dagbag.py:545} INFO - Filling up the DagBag from /home/airflow/.local/lib/python3.12/site-packages/airflow/example_dags/example_branch_day_of_week_operator.py
[2026-03-04T08:47:43.424+0000] {processor.py:840} INFO - DAG(s) 'example_weekday_branch_operator' retrieved from /home/airflow/.local/lib/python3.12/site-packages/airflow/example_dags/example_branch_day_of_week_operator.py
[2026-03-04T08:47:43.434+0000] {logging_mixin.py:188} INFO - [2026-03-04T08:47:43.434+0000] {dag.py:3089} INFO - Sync 1 DAGs
[2026-03-04T08:47:43.444+0000] {logging_mixin.py:188} INFO - [2026-03-04T08:47:43.444+0000] {dag.py:3947} INFO - Setting next_dagrun for example_weekday_branch_operator to 2026-03-03 00:00:00+00:00, run_after=2026-03-04 00:00:00+00:00
[2026-03-04T08:47:43.456+0000] {processor.py:183} INFO - Processing /home/airflow/.local/lib/python3.12/site-packages/airflow/example_dags/example_branch_day_of_week_operator.py took 0.039 seconds
[2026-03-04T08:48:13.917+0000] {processor.py:161} INFO - Started process (PID=13450) to work on /home/airflow/.local/lib/python3.12/site-packages/airflow/example_dags/example_branch_day_of_week_operator.py
[2026-03-04T08:48:13.917+0000] {processor.py:830} INFO - Processing file /home/airflow/.local/lib/python3.12/site-packages/airflow/example_dags/example_branch_day_of_week_operator.py for tasks to queue
[2026-03-04T08:48:13.918+0000] {logging_mixin.py:188} INFO - [2026-03-04T08:48:13.918+0000] {dagbag.py:545} INFO - Filling up the DagBag from /home/airflow/.local/lib/python3.12/site-packages/airflow/example_dags/example_branch_day_of_week_operator.py
[2026-03-04T08:48:13.921+0000] {processor.py:840} INFO - DAG(s) 'example_weekday_branch_operator' retrieved from /home/airflow/.local/lib/python3.12/site-packages/airflow/example_dags/example_branch_day_of_week_operator.py
[2026-03-04T08:48:13.932+0000] {logging_mixin.py:188} INFO - [2026-03-04T08:48:13.931+0000] {dag.py:3089} INFO - Sync 1 DAGs
[2026-03-04T08:48:13.941+0000] {logging_mixin.py:188} INFO - [2026-03-04T08:48:13.941+0000] {dag.py:3947} INFO - Setting next_dagrun for example_weekday_branch_operator to 2026-03-03 00:00:00+00:00, run_after=2026-03-04 00:00:00+00:00
[2026-03-04T08:48:13.951+0000] {processor.py:183} INFO - Processing /home/airflow/.local/lib/python3.12/site-packages/airflow/example_dags/example_branch_day_of_week_operator.py took 0.036 seconds
[2026-03-04T08:48:44.507+0000] {processor.py:161} INFO - Started process (PID=13712) to work on /home/airflow/.local/lib/python3.12/site-packages/airflow/example_dags/example_branch_day_of_week_operator.py
[2026-03-04T08:48:44.508+0000] {processor.py:830} INFO - Processing file /home/airflow/.local/lib/python3.12/site-packages/airflow/example_dags/example_branch_day_of_week_operator.py for tasks to queue
[2026-03-04T08:48:44.508+0000] {logging_mixin.py:188} INFO - [2026-03-04T08:48:44.508+0000] {dagbag.py:545} INFO - Filling up the DagBag from /home/airflow/.local/lib/python3.12/site-packages/airflow/example_dags/example_branch_day_of_week_operator.py
[2026-03-04T08:48:44.511+0000] {processor.py:840} INFO - DAG(s) 'example_weekday_branch_operator' retrieved from /home/airflow/.local/lib/python3.12/site-packages/airflow/example_dags/example_branch_day_of_week_operator.py
[2026-03-04T08:48:44.518+0000] {logging_mixin.py:188} INFO - [2026-03-04T08:48:44.518+0000] {dag.py:3089} INFO - Sync 1 DAGs
[2026-03-04T08:48:44.525+0000] {logging_mixin.py:188} INFO - [2026-03-04T08:48:44.525+0000] {dag.py:3947} INFO - Setting next_dagrun for example_weekday_branch_operator to 2026-03-03 00:00:00+00:00, run_after=2026-03-04 00:00:00+00:00
[2026-03-04T08:48:44.530+0000] {processor.py:183} INFO - Processing /home/airflow/.local/lib/python3.12/site-packages/airflow/example_dags/example_branch_day_of_week_operator.py took 0.025 seconds
[2026-03-04T08:49:15.082+0000] {processor.py:161} INFO - Started process (PID=13972) to work on /home/airflow/.local/lib/python3.12/site-packages/airflow/example_dags/example_branch_day_of_week_operator.py
[2026-03-04T08:49:15.083+0000] {processor.py:830} INFO - Processing file /home/airflow/.local/lib/python3.12/site-packages/airflow/example_dags/example_branch_day_of_week_operator.py for tasks to queue
[2026-03-04T08:49:15.084+0000] {logging_mixin.py:188} INFO - [2026-03-04T08:49:15.084+0000] {dagbag.py:545} INFO - Filling up the DagBag from /home/airflow/.local/lib/python3.12/site-packages/airflow/example_dags/example_branch_day_of_week_operator.py
[2026-03-04T08:49:15.087+0000] {processor.py:840} INFO - DAG(s) 'example_weekday_branch_operator' retrieved from /home/airflow/.local/lib/python3.12/site-packages/airflow/example_dags/example_branch_day_of_week_operator.py
[2026-03-04T08:49:15.098+0000] {logging_mixin.py:188} INFO - [2026-03-04T08:49:15.097+0000] {dag.py:3089} INFO - Sync 1 DAGs
[2026-03-04T08:49:15.106+0000] {logging_mixin.py:188} INFO - [2026-03-04T08:49:15.106+0000] {dag.py:3947} INFO - Setting next_dagrun for example_weekday_branch_operator to 2026-03-03 00:00:00+00:00, run_after=2026-03-04 00:00:00+00:00
[2026-03-04T08:49:15.114+0000] {processor.py:183} INFO - Processing /home/airflow/.local/lib/python3.12/site-packages/airflow/example_dags/example_branch_day_of_week_operator.py took 0.034 seconds
[2026-03-04T08:49:45.648+0000] {processor.py:161} INFO - Started process (PID=14234) to work on /home/airflow/.local/lib/python3.12/site-packages/airflow/example_dags/example_branch_day_of_week_operator.py
[2026-03-04T08:49:45.650+0000] {processor.py:830} INFO - Processing file /home/airflow/.local/lib/python3.12/site-packages/airflow/example_dags/example_branch_day_of_week_operator.py for tasks to queue
[2026-03-04T08:49:45.651+0000] {logging_mixin.py:188} INFO - [2026-03-04T08:49:45.650+0000] {dagbag.py:545} INFO - Filling up the DagBag from /home/airflow/.local/lib/python3.12/site-packages/airflow/example_dags/example_branch_day_of_week_operator.py
[2026-03-04T08:49:45.653+0000] {processor.py:840} INFO - DAG(s) 'example_weekday_branch_operator' retrieved from /home/airflow/.local/lib/python3.12/site-packages/airflow/example_dags/example_branch_day_of_week_operator.py
[2026-03-04T08:49:45.661+0000] {logging_mixin.py:188} INFO - [2026-03-04T08:49:45.661+0000] {dag.py:3089} INFO - Sync 1 DAGs
[2026-03-04T08:49:45.670+0000] {logging_mixin.py:188} INFO - [2026-03-04T08:49:45.670+0000] {dag.py:3947} INFO - Setting next_dagrun for example_weekday_branch_operator to 2026-03-03 00:00:00+00:00, run_after=2026-03-04 00:00:00+00:00
[2026-03-04T08:49:45.679+0000] {processor.py:183} INFO - Processing /home/airflow/.local/lib/python3.12/site-packages/airflow/example_dags/example_branch_day_of_week_operator.py took 0.033 seconds
[2026-03-04T08:50:16.168+0000] {processor.py:161} INFO - Started process (PID=14496) to work on /home/airflow/.local/lib/python3.12/site-packages/airflow/example_dags/example_branch_day_of_week_operator.py
[2026-03-04T08:50:16.169+0000] {processor.py:830} INFO - Processing file /home/airflow/.local/lib/python3.12/site-packages/airflow/example_dags/example_branch_day_of_week_operator.py for tasks to queue
[2026-03-04T08:50:16.169+0000] {logging_mixin.py:188} INFO - [2026-03-04T08:50:16.169+0000] {dagbag.py:545} INFO - Filling up the DagBag from /home/airflow/.local/lib/python3.12/site-packages/airflow/example_dags/example_branch_day_of_week_operator.py
[2026-03-04T08:50:16.173+0000] {processor.py:840} INFO - DAG(s) 'example_weekday_branch_operator' retrieved from /home/airflow/.local/lib/python3.12/site-packages/airflow/example_dags/example_branch_day_of_week_operator.py
[2026-03-04T08:50:16.184+0000] {logging_mixin.py:188} INFO - [2026-03-04T08:50:16.184+0000] {dag.py:3089} INFO - Sync 1 DAGs
[2026-03-04T08:50:16.193+0000] {logging_mixin.py:188} INFO - [2026-03-04T08:50:16.193+0000] {dag.py:3947} INFO - Setting next_dagrun for example_weekday_branch_operator to 2026-03-03 00:00:00+00:00, run_after=2026-03-04 00:00:00+00:00
[2026-03-04T08:50:16.201+0000] {processor.py:183} INFO - Processing /home/airflow/.local/lib/python3.12/site-packages/airflow/example_dags/example_branch_day_of_week_operator.py took 0.035 seconds
[2026-03-04T08:50:46.771+0000] {processor.py:161} INFO - Started process (PID=14758) to work on /home/airflow/.local/lib/python3.12/site-packages/airflow/example_dags/example_branch_day_of_week_operator.py
[2026-03-04T08:50:46.772+0000] {processor.py:830} INFO - Processing file /home/airflow/.local/lib/python3.12/site-packages/airflow/example_dags/example_branch_day_of_week_operator.py for tasks to queue
[2026-03-04T08:50:46.773+0000] {logging_mixin.py:188} INFO - [2026-03-04T08:50:46.773+0000] {dagbag.py:545} INFO - Filling up the DagBag from /home/airflow/.local/lib/python3.12/site-packages/airflow/example_dags/example_branch_day_of_week_operator.py
[2026-03-04T08:50:46.776+0000] {processor.py:840} INFO - DAG(s) 'example_weekday_branch_operator' retrieved from /home/airflow/.local/lib/python3.12/site-packages/airflow/example_dags/example_branch_day_of_week_operator.py
[2026-03-04T08:50:46.786+0000] {logging_mixin.py:188} INFO - [2026-03-04T08:50:46.786+0000] {dag.py:3089} INFO - Sync 1 DAGs
[2026-03-04T08:50:46.796+0000] {logging_mixin.py:188} INFO - [2026-03-04T08:50:46.796+0000] {dag.py:3947} INFO - Setting next_dagrun for example_weekday_branch_operator to 2026-03-03 00:00:00+00:00, run_after=2026-03-04 00:00:00+00:00
[2026-03-04T08:50:46.806+0000] {processor.py:183} INFO - Processing /home/airflow/.local/lib/python3.12/site-packages/airflow/example_dags/example_branch_day_of_week_operator.py took 0.036 seconds
