[2026-03-04T07:57:50.249+0000] {processor.py:161} INFO - Started process (PID=292) to work on /home/airflow/.local/lib/python3.12/site-packages/airflow/example_dags/example_latest_only_with_trigger.py
[2026-03-04T07:57:50.250+0000] {processor.py:830} INFO - Processing file /home/airflow/.local/lib/python3.12/site-packages/airflow/example_dags/example_latest_only_with_trigger.py for tasks to queue
[2026-03-04T07:57:50.251+0000] {logging_mixin.py:188} INFO - [2026-03-04T07:57:50.251+0000] {dagbag.py:545} INFO - Filling up the DagBag from /home/airflow/.local/lib/python3.12/site-packages/airflow/example_dags/example_latest_only_with_trigger.py
[2026-03-04T07:57:50.257+0000] {processor.py:840} INFO - DAG(s) 'latest_only_with_trigger' retrieved from /home/airflow/.local/lib/python3.12/site-packages/airflow/example_dags/example_latest_only_with_trigger.py
[2026-03-04T07:57:50.303+0000] {logging_mixin.py:188} INFO - [2026-03-04T07:57:50.302+0000] {override.py:1858} INFO - Created Permission View: can delete on DAG:latest_only_with_trigger
[2026-03-04T07:57:50.305+0000] {logging_mixin.py:188} INFO - [2026-03-04T07:57:50.305+0000] {override.py:1858} INFO - Created Permission View: can read on DAG:latest_only_with_trigger
[2026-03-04T07:57:50.307+0000] {logging_mixin.py:188} INFO - [2026-03-04T07:57:50.307+0000] {override.py:1858} INFO - Created Permission View: can edit on DAG:latest_only_with_trigger
[2026-03-04T07:57:50.307+0000] {logging_mixin.py:188} INFO - [2026-03-04T07:57:50.307+0000] {dag.py:3089} INFO - Sync 1 DAGs
[2026-03-04T07:57:50.313+0000] {logging_mixin.py:188} INFO - [2026-03-04T07:57:50.313+0000] {dag.py:3111} INFO - Creating ORM DAG for latest_only_with_trigger
[2026-03-04T07:57:50.317+0000] {logging_mixin.py:188} INFO - [2026-03-04T07:57:50.317+0000] {dag.py:3947} INFO - Setting next_dagrun for latest_only_with_trigger to 2026-03-04 00:00:00+00:00, run_after=2026-03-04 04:00:00+00:00
[2026-03-04T07:57:50.327+0000] {processor.py:183} INFO - Processing /home/airflow/.local/lib/python3.12/site-packages/airflow/example_dags/example_latest_only_with_trigger.py took 0.079 seconds
[2026-03-04T07:58:20.550+0000] {processor.py:161} INFO - Started process (PID=554) to work on /home/airflow/.local/lib/python3.12/site-packages/airflow/example_dags/example_latest_only_with_trigger.py
[2026-03-04T07:58:20.551+0000] {processor.py:830} INFO - Processing file /home/airflow/.local/lib/python3.12/site-packages/airflow/example_dags/example_latest_only_with_trigger.py for tasks to queue
[2026-03-04T07:58:20.552+0000] {logging_mixin.py:188} INFO - [2026-03-04T07:58:20.552+0000] {dagbag.py:545} INFO - Filling up the DagBag from /home/airflow/.local/lib/python3.12/site-packages/airflow/example_dags/example_latest_only_with_trigger.py
[2026-03-04T07:58:20.555+0000] {processor.py:840} INFO - DAG(s) 'latest_only_with_trigger' retrieved from /home/airflow/.local/lib/python3.12/site-packages/airflow/example_dags/example_latest_only_with_trigger.py
[2026-03-04T07:58:20.565+0000] {logging_mixin.py:188} INFO - [2026-03-04T07:58:20.564+0000] {dag.py:3089} INFO - Sync 1 DAGs
[2026-03-04T07:58:20.572+0000] {logging_mixin.py:188} INFO - [2026-03-04T07:58:20.572+0000] {dag.py:3947} INFO - Setting next_dagrun for latest_only_with_trigger to 2026-03-04 00:00:00+00:00, run_after=2026-03-04 04:00:00+00:00
[2026-03-04T07:58:20.579+0000] {processor.py:183} INFO - Processing /home/airflow/.local/lib/python3.12/site-packages/airflow/example_dags/example_latest_only_with_trigger.py took 0.031 seconds
[2026-03-04T07:58:51.071+0000] {processor.py:161} INFO - Started process (PID=816) to work on /home/airflow/.local/lib/python3.12/site-packages/airflow/example_dags/example_latest_only_with_trigger.py
[2026-03-04T07:58:51.074+0000] {processor.py:830} INFO - Processing file /home/airflow/.local/lib/python3.12/site-packages/airflow/example_dags/example_latest_only_with_trigger.py for tasks to queue
[2026-03-04T07:58:51.075+0000] {logging_mixin.py:188} INFO - [2026-03-04T07:58:51.075+0000] {dagbag.py:545} INFO - Filling up the DagBag from /home/airflow/.local/lib/python3.12/site-packages/airflow/example_dags/example_latest_only_with_trigger.py
[2026-03-04T07:58:51.077+0000] {processor.py:840} INFO - DAG(s) 'latest_only_with_trigger' retrieved from /home/airflow/.local/lib/python3.12/site-packages/airflow/example_dags/example_latest_only_with_trigger.py
[2026-03-04T07:58:51.085+0000] {logging_mixin.py:188} INFO - [2026-03-04T07:58:51.085+0000] {dag.py:3089} INFO - Sync 1 DAGs
[2026-03-04T07:58:51.096+0000] {logging_mixin.py:188} INFO - [2026-03-04T07:58:51.096+0000] {dag.py:3947} INFO - Setting next_dagrun for latest_only_with_trigger to 2026-03-04 00:00:00+00:00, run_after=2026-03-04 04:00:00+00:00
[2026-03-04T07:58:51.104+0000] {processor.py:183} INFO - Processing /home/airflow/.local/lib/python3.12/site-packages/airflow/example_dags/example_latest_only_with_trigger.py took 0.035 seconds
[2026-03-04T07:59:21.589+0000] {processor.py:161} INFO - Started process (PID=1078) to work on /home/airflow/.local/lib/python3.12/site-packages/airflow/example_dags/example_latest_only_with_trigger.py
[2026-03-04T07:59:21.590+0000] {processor.py:830} INFO - Processing file /home/airflow/.local/lib/python3.12/site-packages/airflow/example_dags/example_latest_only_with_trigger.py for tasks to queue
[2026-03-04T07:59:21.591+0000] {logging_mixin.py:188} INFO - [2026-03-04T07:59:21.591+0000] {dagbag.py:545} INFO - Filling up the DagBag from /home/airflow/.local/lib/python3.12/site-packages/airflow/example_dags/example_latest_only_with_trigger.py
[2026-03-04T07:59:21.593+0000] {processor.py:840} INFO - DAG(s) 'latest_only_with_trigger' retrieved from /home/airflow/.local/lib/python3.12/site-packages/airflow/example_dags/example_latest_only_with_trigger.py
[2026-03-04T07:59:21.604+0000] {logging_mixin.py:188} INFO - [2026-03-04T07:59:21.604+0000] {dag.py:3089} INFO - Sync 1 DAGs
[2026-03-04T07:59:21.614+0000] {logging_mixin.py:188} INFO - [2026-03-04T07:59:21.614+0000] {dag.py:3947} INFO - Setting next_dagrun for latest_only_with_trigger to 2026-03-04 00:00:00+00:00, run_after=2026-03-04 04:00:00+00:00
[2026-03-04T07:59:21.622+0000] {processor.py:183} INFO - Processing /home/airflow/.local/lib/python3.12/site-packages/airflow/example_dags/example_latest_only_with_trigger.py took 0.035 seconds
[2026-03-04T07:59:52.281+0000] {processor.py:161} INFO - Started process (PID=1340) to work on /home/airflow/.local/lib/python3.12/site-packages/airflow/example_dags/example_latest_only_with_trigger.py
[2026-03-04T07:59:52.282+0000] {processor.py:830} INFO - Processing file /home/airflow/.local/lib/python3.12/site-packages/airflow/example_dags/example_latest_only_with_trigger.py for tasks to queue
[2026-03-04T07:59:52.284+0000] {logging_mixin.py:188} INFO - [2026-03-04T07:59:52.284+0000] {dagbag.py:545} INFO - Filling up the DagBag from /home/airflow/.local/lib/python3.12/site-packages/airflow/example_dags/example_latest_only_with_trigger.py
[2026-03-04T07:59:52.287+0000] {processor.py:840} INFO - DAG(s) 'latest_only_with_trigger' retrieved from /home/airflow/.local/lib/python3.12/site-packages/airflow/example_dags/example_latest_only_with_trigger.py
[2026-03-04T07:59:52.298+0000] {logging_mixin.py:188} INFO - [2026-03-04T07:59:52.297+0000] {dag.py:3089} INFO - Sync 1 DAGs
[2026-03-04T07:59:52.308+0000] {logging_mixin.py:188} INFO - [2026-03-04T07:59:52.308+0000] {dag.py:3947} INFO - Setting next_dagrun for latest_only_with_trigger to 2026-03-04 00:00:00+00:00, run_after=2026-03-04 04:00:00+00:00
[2026-03-04T07:59:52.320+0000] {processor.py:183} INFO - Processing /home/airflow/.local/lib/python3.12/site-packages/airflow/example_dags/example_latest_only_with_trigger.py took 0.041 seconds
[2026-03-04T08:00:22.927+0000] {processor.py:161} INFO - Started process (PID=1602) to work on /home/airflow/.local/lib/python3.12/site-packages/airflow/example_dags/example_latest_only_with_trigger.py
[2026-03-04T08:00:22.928+0000] {processor.py:830} INFO - Processing file /home/airflow/.local/lib/python3.12/site-packages/airflow/example_dags/example_latest_only_with_trigger.py for tasks to queue
[2026-03-04T08:00:22.929+0000] {logging_mixin.py:188} INFO - [2026-03-04T08:00:22.929+0000] {dagbag.py:545} INFO - Filling up the DagBag from /home/airflow/.local/lib/python3.12/site-packages/airflow/example_dags/example_latest_only_with_trigger.py
[2026-03-04T08:00:22.931+0000] {processor.py:840} INFO - DAG(s) 'latest_only_with_trigger' retrieved from /home/airflow/.local/lib/python3.12/site-packages/airflow/example_dags/example_latest_only_with_trigger.py
[2026-03-04T08:00:22.939+0000] {logging_mixin.py:188} INFO - [2026-03-04T08:00:22.939+0000] {dag.py:3089} INFO - Sync 1 DAGs
[2026-03-04T08:00:22.950+0000] {logging_mixin.py:188} INFO - [2026-03-04T08:00:22.950+0000] {dag.py:3947} INFO - Setting next_dagrun for latest_only_with_trigger to 2026-03-04 04:00:00+00:00, run_after=2026-03-04 08:00:00+00:00
[2026-03-04T08:00:22.964+0000] {processor.py:183} INFO - Processing /home/airflow/.local/lib/python3.12/site-packages/airflow/example_dags/example_latest_only_with_trigger.py took 0.039 seconds
[2026-03-04T08:00:53.541+0000] {processor.py:161} INFO - Started process (PID=1866) to work on /home/airflow/.local/lib/python3.12/site-packages/airflow/example_dags/example_latest_only_with_trigger.py
[2026-03-04T08:00:53.541+0000] {processor.py:830} INFO - Processing file /home/airflow/.local/lib/python3.12/site-packages/airflow/example_dags/example_latest_only_with_trigger.py for tasks to queue
[2026-03-04T08:00:53.543+0000] {logging_mixin.py:188} INFO - [2026-03-04T08:00:53.542+0000] {dagbag.py:545} INFO - Filling up the DagBag from /home/airflow/.local/lib/python3.12/site-packages/airflow/example_dags/example_latest_only_with_trigger.py
[2026-03-04T08:00:53.545+0000] {processor.py:840} INFO - DAG(s) 'latest_only_with_trigger' retrieved from /home/airflow/.local/lib/python3.12/site-packages/airflow/example_dags/example_latest_only_with_trigger.py
[2026-03-04T08:00:53.559+0000] {logging_mixin.py:188} INFO - [2026-03-04T08:00:53.559+0000] {dag.py:3089} INFO - Sync 1 DAGs
[2026-03-04T08:00:53.567+0000] {logging_mixin.py:188} INFO - [2026-03-04T08:00:53.567+0000] {dag.py:3947} INFO - Setting next_dagrun for latest_only_with_trigger to 2026-03-04 04:00:00+00:00, run_after=2026-03-04 08:00:00+00:00
[2026-03-04T08:00:53.576+0000] {processor.py:183} INFO - Processing /home/airflow/.local/lib/python3.12/site-packages/airflow/example_dags/example_latest_only_with_trigger.py took 0.038 seconds
[2026-03-04T08:01:24.156+0000] {processor.py:161} INFO - Started process (PID=2126) to work on /home/airflow/.local/lib/python3.12/site-packages/airflow/example_dags/example_latest_only_with_trigger.py
[2026-03-04T08:01:24.156+0000] {processor.py:830} INFO - Processing file /home/airflow/.local/lib/python3.12/site-packages/airflow/example_dags/example_latest_only_with_trigger.py for tasks to queue
[2026-03-04T08:01:24.157+0000] {logging_mixin.py:188} INFO - [2026-03-04T08:01:24.157+0000] {dagbag.py:545} INFO - Filling up the DagBag from /home/airflow/.local/lib/python3.12/site-packages/airflow/example_dags/example_latest_only_with_trigger.py
[2026-03-04T08:01:24.159+0000] {processor.py:840} INFO - DAG(s) 'latest_only_with_trigger' retrieved from /home/airflow/.local/lib/python3.12/site-packages/airflow/example_dags/example_latest_only_with_trigger.py
[2026-03-04T08:01:24.169+0000] {logging_mixin.py:188} INFO - [2026-03-04T08:01:24.169+0000] {dag.py:3089} INFO - Sync 1 DAGs
[2026-03-04T08:01:24.179+0000] {logging_mixin.py:188} INFO - [2026-03-04T08:01:24.179+0000] {dag.py:3947} INFO - Setting next_dagrun for latest_only_with_trigger to 2026-03-04 04:00:00+00:00, run_after=2026-03-04 08:00:00+00:00
[2026-03-04T08:01:24.190+0000] {processor.py:183} INFO - Processing /home/airflow/.local/lib/python3.12/site-packages/airflow/example_dags/example_latest_only_with_trigger.py took 0.036 seconds
[2026-03-04T08:01:54.715+0000] {processor.py:161} INFO - Started process (PID=2388) to work on /home/airflow/.local/lib/python3.12/site-packages/airflow/example_dags/example_latest_only_with_trigger.py
[2026-03-04T08:01:54.718+0000] {processor.py:830} INFO - Processing file /home/airflow/.local/lib/python3.12/site-packages/airflow/example_dags/example_latest_only_with_trigger.py for tasks to queue
[2026-03-04T08:01:54.719+0000] {logging_mixin.py:188} INFO - [2026-03-04T08:01:54.719+0000] {dagbag.py:545} INFO - Filling up the DagBag from /home/airflow/.local/lib/python3.12/site-packages/airflow/example_dags/example_latest_only_with_trigger.py
[2026-03-04T08:01:54.721+0000] {processor.py:840} INFO - DAG(s) 'latest_only_with_trigger' retrieved from /home/airflow/.local/lib/python3.12/site-packages/airflow/example_dags/example_latest_only_with_trigger.py
[2026-03-04T08:01:54.730+0000] {logging_mixin.py:188} INFO - [2026-03-04T08:01:54.730+0000] {dag.py:3089} INFO - Sync 1 DAGs
[2026-03-04T08:01:54.738+0000] {logging_mixin.py:188} INFO - [2026-03-04T08:01:54.738+0000] {dag.py:3947} INFO - Setting next_dagrun for latest_only_with_trigger to 2026-03-04 04:00:00+00:00, run_after=2026-03-04 08:00:00+00:00
[2026-03-04T08:01:54.746+0000] {processor.py:183} INFO - Processing /home/airflow/.local/lib/python3.12/site-packages/airflow/example_dags/example_latest_only_with_trigger.py took 0.033 seconds
[2026-03-04T08:02:25.237+0000] {processor.py:161} INFO - Started process (PID=2650) to work on /home/airflow/.local/lib/python3.12/site-packages/airflow/example_dags/example_latest_only_with_trigger.py
[2026-03-04T08:02:25.238+0000] {processor.py:830} INFO - Processing file /home/airflow/.local/lib/python3.12/site-packages/airflow/example_dags/example_latest_only_with_trigger.py for tasks to queue
[2026-03-04T08:02:25.239+0000] {logging_mixin.py:188} INFO - [2026-03-04T08:02:25.239+0000] {dagbag.py:545} INFO - Filling up the DagBag from /home/airflow/.local/lib/python3.12/site-packages/airflow/example_dags/example_latest_only_with_trigger.py
[2026-03-04T08:02:25.241+0000] {processor.py:840} INFO - DAG(s) 'latest_only_with_trigger' retrieved from /home/airflow/.local/lib/python3.12/site-packages/airflow/example_dags/example_latest_only_with_trigger.py
[2026-03-04T08:02:25.249+0000] {logging_mixin.py:188} INFO - [2026-03-04T08:02:25.249+0000] {dag.py:3089} INFO - Sync 1 DAGs
[2026-03-04T08:02:25.256+0000] {logging_mixin.py:188} INFO - [2026-03-04T08:02:25.256+0000] {dag.py:3947} INFO - Setting next_dagrun for latest_only_with_trigger to 2026-03-04 04:00:00+00:00, run_after=2026-03-04 08:00:00+00:00
[2026-03-04T08:02:25.262+0000] {processor.py:183} INFO - Processing /home/airflow/.local/lib/python3.12/site-packages/airflow/example_dags/example_latest_only_with_trigger.py took 0.028 seconds
[2026-03-04T08:02:55.730+0000] {processor.py:161} INFO - Started process (PID=2912) to work on /home/airflow/.local/lib/python3.12/site-packages/airflow/example_dags/example_latest_only_with_trigger.py
[2026-03-04T08:02:55.731+0000] {processor.py:830} INFO - Processing file /home/airflow/.local/lib/python3.12/site-packages/airflow/example_dags/example_latest_only_with_trigger.py for tasks to queue
[2026-03-04T08:02:55.732+0000] {logging_mixin.py:188} INFO - [2026-03-04T08:02:55.732+0000] {dagbag.py:545} INFO - Filling up the DagBag from /home/airflow/.local/lib/python3.12/site-packages/airflow/example_dags/example_latest_only_with_trigger.py
[2026-03-04T08:02:55.734+0000] {processor.py:840} INFO - DAG(s) 'latest_only_with_trigger' retrieved from /home/airflow/.local/lib/python3.12/site-packages/airflow/example_dags/example_latest_only_with_trigger.py
[2026-03-04T08:02:55.745+0000] {logging_mixin.py:188} INFO - [2026-03-04T08:02:55.745+0000] {dag.py:3089} INFO - Sync 1 DAGs
[2026-03-04T08:02:55.753+0000] {logging_mixin.py:188} INFO - [2026-03-04T08:02:55.753+0000] {dag.py:3947} INFO - Setting next_dagrun for latest_only_with_trigger to 2026-03-04 04:00:00+00:00, run_after=2026-03-04 08:00:00+00:00
[2026-03-04T08:02:55.759+0000] {processor.py:183} INFO - Processing /home/airflow/.local/lib/python3.12/site-packages/airflow/example_dags/example_latest_only_with_trigger.py took 0.031 seconds
[2026-03-04T08:03:26.332+0000] {processor.py:161} INFO - Started process (PID=3174) to work on /home/airflow/.local/lib/python3.12/site-packages/airflow/example_dags/example_latest_only_with_trigger.py
[2026-03-04T08:03:26.333+0000] {processor.py:830} INFO - Processing file /home/airflow/.local/lib/python3.12/site-packages/airflow/example_dags/example_latest_only_with_trigger.py for tasks to queue
[2026-03-04T08:03:26.334+0000] {logging_mixin.py:188} INFO - [2026-03-04T08:03:26.334+0000] {dagbag.py:545} INFO - Filling up the DagBag from /home/airflow/.local/lib/python3.12/site-packages/airflow/example_dags/example_latest_only_with_trigger.py
[2026-03-04T08:03:26.336+0000] {processor.py:840} INFO - DAG(s) 'latest_only_with_trigger' retrieved from /home/airflow/.local/lib/python3.12/site-packages/airflow/example_dags/example_latest_only_with_trigger.py
[2026-03-04T08:03:26.346+0000] {logging_mixin.py:188} INFO - [2026-03-04T08:03:26.346+0000] {dag.py:3089} INFO - Sync 1 DAGs
[2026-03-04T08:03:26.354+0000] {logging_mixin.py:188} INFO - [2026-03-04T08:03:26.354+0000] {dag.py:3947} INFO - Setting next_dagrun for latest_only_with_trigger to 2026-03-04 04:00:00+00:00, run_after=2026-03-04 08:00:00+00:00
[2026-03-04T08:03:26.363+0000] {processor.py:183} INFO - Processing /home/airflow/.local/lib/python3.12/site-packages/airflow/example_dags/example_latest_only_with_trigger.py took 0.034 seconds
[2026-03-04T08:03:56.870+0000] {processor.py:161} INFO - Started process (PID=3436) to work on /home/airflow/.local/lib/python3.12/site-packages/airflow/example_dags/example_latest_only_with_trigger.py
[2026-03-04T08:03:56.872+0000] {processor.py:830} INFO - Processing file /home/airflow/.local/lib/python3.12/site-packages/airflow/example_dags/example_latest_only_with_trigger.py for tasks to queue
[2026-03-04T08:03:56.873+0000] {logging_mixin.py:188} INFO - [2026-03-04T08:03:56.873+0000] {dagbag.py:545} INFO - Filling up the DagBag from /home/airflow/.local/lib/python3.12/site-packages/airflow/example_dags/example_latest_only_with_trigger.py
[2026-03-04T08:03:56.875+0000] {processor.py:840} INFO - DAG(s) 'latest_only_with_trigger' retrieved from /home/airflow/.local/lib/python3.12/site-packages/airflow/example_dags/example_latest_only_with_trigger.py
[2026-03-04T08:03:56.885+0000] {logging_mixin.py:188} INFO - [2026-03-04T08:03:56.885+0000] {dag.py:3089} INFO - Sync 1 DAGs
[2026-03-04T08:03:56.892+0000] {logging_mixin.py:188} INFO - [2026-03-04T08:03:56.892+0000] {dag.py:3947} INFO - Setting next_dagrun for latest_only_with_trigger to 2026-03-04 04:00:00+00:00, run_after=2026-03-04 08:00:00+00:00
[2026-03-04T08:03:56.899+0000] {processor.py:183} INFO - Processing /home/airflow/.local/lib/python3.12/site-packages/airflow/example_dags/example_latest_only_with_trigger.py took 0.031 seconds
[2026-03-04T08:04:27.493+0000] {processor.py:161} INFO - Started process (PID=3700) to work on /home/airflow/.local/lib/python3.12/site-packages/airflow/example_dags/example_latest_only_with_trigger.py
[2026-03-04T08:04:27.494+0000] {processor.py:830} INFO - Processing file /home/airflow/.local/lib/python3.12/site-packages/airflow/example_dags/example_latest_only_with_trigger.py for tasks to queue
[2026-03-04T08:04:27.495+0000] {logging_mixin.py:188} INFO - [2026-03-04T08:04:27.495+0000] {dagbag.py:545} INFO - Filling up the DagBag from /home/airflow/.local/lib/python3.12/site-packages/airflow/example_dags/example_latest_only_with_trigger.py
[2026-03-04T08:04:27.497+0000] {processor.py:840} INFO - DAG(s) 'latest_only_with_trigger' retrieved from /home/airflow/.local/lib/python3.12/site-packages/airflow/example_dags/example_latest_only_with_trigger.py
[2026-03-04T08:04:27.505+0000] {logging_mixin.py:188} INFO - [2026-03-04T08:04:27.504+0000] {dag.py:3089} INFO - Sync 1 DAGs
[2026-03-04T08:04:27.515+0000] {logging_mixin.py:188} INFO - [2026-03-04T08:04:27.515+0000] {dag.py:3947} INFO - Setting next_dagrun for latest_only_with_trigger to 2026-03-04 04:00:00+00:00, run_after=2026-03-04 08:00:00+00:00
[2026-03-04T08:04:27.523+0000] {processor.py:183} INFO - Processing /home/airflow/.local/lib/python3.12/site-packages/airflow/example_dags/example_latest_only_with_trigger.py took 0.031 seconds
[2026-03-04T08:04:58.043+0000] {processor.py:161} INFO - Started process (PID=3960) to work on /home/airflow/.local/lib/python3.12/site-packages/airflow/example_dags/example_latest_only_with_trigger.py
[2026-03-04T08:04:58.046+0000] {processor.py:830} INFO - Processing file /home/airflow/.local/lib/python3.12/site-packages/airflow/example_dags/example_latest_only_with_trigger.py for tasks to queue
[2026-03-04T08:04:58.049+0000] {logging_mixin.py:188} INFO - [2026-03-04T08:04:58.049+0000] {dagbag.py:545} INFO - Filling up the DagBag from /home/airflow/.local/lib/python3.12/site-packages/airflow/example_dags/example_latest_only_with_trigger.py
[2026-03-04T08:04:58.052+0000] {processor.py:840} INFO - DAG(s) 'latest_only_with_trigger' retrieved from /home/airflow/.local/lib/python3.12/site-packages/airflow/example_dags/example_latest_only_with_trigger.py
[2026-03-04T08:04:58.061+0000] {logging_mixin.py:188} INFO - [2026-03-04T08:04:58.060+0000] {dag.py:3089} INFO - Sync 1 DAGs
[2026-03-04T08:04:58.068+0000] {logging_mixin.py:188} INFO - [2026-03-04T08:04:58.068+0000] {dag.py:3947} INFO - Setting next_dagrun for latest_only_with_trigger to 2026-03-04 04:00:00+00:00, run_after=2026-03-04 08:00:00+00:00
[2026-03-04T08:04:58.076+0000] {processor.py:183} INFO - Processing /home/airflow/.local/lib/python3.12/site-packages/airflow/example_dags/example_latest_only_with_trigger.py took 0.036 seconds
[2026-03-04T08:05:28.657+0000] {processor.py:161} INFO - Started process (PID=4224) to work on /home/airflow/.local/lib/python3.12/site-packages/airflow/example_dags/example_latest_only_with_trigger.py
[2026-03-04T08:05:28.657+0000] {processor.py:830} INFO - Processing file /home/airflow/.local/lib/python3.12/site-packages/airflow/example_dags/example_latest_only_with_trigger.py for tasks to queue
[2026-03-04T08:05:28.658+0000] {logging_mixin.py:188} INFO - [2026-03-04T08:05:28.658+0000] {dagbag.py:545} INFO - Filling up the DagBag from /home/airflow/.local/lib/python3.12/site-packages/airflow/example_dags/example_latest_only_with_trigger.py
[2026-03-04T08:05:28.660+0000] {processor.py:840} INFO - DAG(s) 'latest_only_with_trigger' retrieved from /home/airflow/.local/lib/python3.12/site-packages/airflow/example_dags/example_latest_only_with_trigger.py
[2026-03-04T08:05:28.670+0000] {logging_mixin.py:188} INFO - [2026-03-04T08:05:28.670+0000] {dag.py:3089} INFO - Sync 1 DAGs
[2026-03-04T08:05:28.681+0000] {logging_mixin.py:188} INFO - [2026-03-04T08:05:28.681+0000] {dag.py:3947} INFO - Setting next_dagrun for latest_only_with_trigger to 2026-03-04 04:00:00+00:00, run_after=2026-03-04 08:00:00+00:00
[2026-03-04T08:05:28.689+0000] {processor.py:183} INFO - Processing /home/airflow/.local/lib/python3.12/site-packages/airflow/example_dags/example_latest_only_with_trigger.py took 0.035 seconds
[2026-03-04T08:05:59.244+0000] {processor.py:161} INFO - Started process (PID=4486) to work on /home/airflow/.local/lib/python3.12/site-packages/airflow/example_dags/example_latest_only_with_trigger.py
[2026-03-04T08:05:59.245+0000] {processor.py:830} INFO - Processing file /home/airflow/.local/lib/python3.12/site-packages/airflow/example_dags/example_latest_only_with_trigger.py for tasks to queue
[2026-03-04T08:05:59.246+0000] {logging_mixin.py:188} INFO - [2026-03-04T08:05:59.246+0000] {dagbag.py:545} INFO - Filling up the DagBag from /home/airflow/.local/lib/python3.12/site-packages/airflow/example_dags/example_latest_only_with_trigger.py
[2026-03-04T08:05:59.250+0000] {processor.py:840} INFO - DAG(s) 'latest_only_with_trigger' retrieved from /home/airflow/.local/lib/python3.12/site-packages/airflow/example_dags/example_latest_only_with_trigger.py
[2026-03-04T08:05:59.262+0000] {logging_mixin.py:188} INFO - [2026-03-04T08:05:59.262+0000] {dag.py:3089} INFO - Sync 1 DAGs
[2026-03-04T08:05:59.271+0000] {logging_mixin.py:188} INFO - [2026-03-04T08:05:59.271+0000] {dag.py:3947} INFO - Setting next_dagrun for latest_only_with_trigger to 2026-03-04 04:00:00+00:00, run_after=2026-03-04 08:00:00+00:00
[2026-03-04T08:05:59.278+0000] {processor.py:183} INFO - Processing /home/airflow/.local/lib/python3.12/site-packages/airflow/example_dags/example_latest_only_with_trigger.py took 0.036 seconds
[2026-03-04T08:06:29.772+0000] {processor.py:161} INFO - Started process (PID=4748) to work on /home/airflow/.local/lib/python3.12/site-packages/airflow/example_dags/example_latest_only_with_trigger.py
[2026-03-04T08:06:29.772+0000] {processor.py:830} INFO - Processing file /home/airflow/.local/lib/python3.12/site-packages/airflow/example_dags/example_latest_only_with_trigger.py for tasks to queue
[2026-03-04T08:06:29.773+0000] {logging_mixin.py:188} INFO - [2026-03-04T08:06:29.773+0000] {dagbag.py:545} INFO - Filling up the DagBag from /home/airflow/.local/lib/python3.12/site-packages/airflow/example_dags/example_latest_only_with_trigger.py
[2026-03-04T08:06:29.775+0000] {processor.py:840} INFO - DAG(s) 'latest_only_with_trigger' retrieved from /home/airflow/.local/lib/python3.12/site-packages/airflow/example_dags/example_latest_only_with_trigger.py
[2026-03-04T08:06:29.782+0000] {logging_mixin.py:188} INFO - [2026-03-04T08:06:29.782+0000] {dag.py:3089} INFO - Sync 1 DAGs
[2026-03-04T08:06:29.788+0000] {logging_mixin.py:188} INFO - [2026-03-04T08:06:29.788+0000] {dag.py:3947} INFO - Setting next_dagrun for latest_only_with_trigger to 2026-03-04 04:00:00+00:00, run_after=2026-03-04 08:00:00+00:00
[2026-03-04T08:06:29.793+0000] {processor.py:183} INFO - Processing /home/airflow/.local/lib/python3.12/site-packages/airflow/example_dags/example_latest_only_with_trigger.py took 0.023 seconds
[2026-03-04T08:07:00.333+0000] {processor.py:161} INFO - Started process (PID=5008) to work on /home/airflow/.local/lib/python3.12/site-packages/airflow/example_dags/example_latest_only_with_trigger.py
[2026-03-04T08:07:00.334+0000] {processor.py:830} INFO - Processing file /home/airflow/.local/lib/python3.12/site-packages/airflow/example_dags/example_latest_only_with_trigger.py for tasks to queue
[2026-03-04T08:07:00.334+0000] {logging_mixin.py:188} INFO - [2026-03-04T08:07:00.334+0000] {dagbag.py:545} INFO - Filling up the DagBag from /home/airflow/.local/lib/python3.12/site-packages/airflow/example_dags/example_latest_only_with_trigger.py
[2026-03-04T08:07:00.336+0000] {processor.py:840} INFO - DAG(s) 'latest_only_with_trigger' retrieved from /home/airflow/.local/lib/python3.12/site-packages/airflow/example_dags/example_latest_only_with_trigger.py
[2026-03-04T08:07:00.345+0000] {logging_mixin.py:188} INFO - [2026-03-04T08:07:00.344+0000] {dag.py:3089} INFO - Sync 1 DAGs
[2026-03-04T08:07:00.354+0000] {logging_mixin.py:188} INFO - [2026-03-04T08:07:00.354+0000] {dag.py:3947} INFO - Setting next_dagrun for latest_only_with_trigger to 2026-03-04 04:00:00+00:00, run_after=2026-03-04 08:00:00+00:00
[2026-03-04T08:07:00.368+0000] {processor.py:183} INFO - Processing /home/airflow/.local/lib/python3.12/site-packages/airflow/example_dags/example_latest_only_with_trigger.py took 0.037 seconds
[2026-03-04T08:07:30.823+0000] {processor.py:161} INFO - Started process (PID=5270) to work on /home/airflow/.local/lib/python3.12/site-packages/airflow/example_dags/example_latest_only_with_trigger.py
[2026-03-04T08:07:30.824+0000] {processor.py:830} INFO - Processing file /home/airflow/.local/lib/python3.12/site-packages/airflow/example_dags/example_latest_only_with_trigger.py for tasks to queue
[2026-03-04T08:07:30.825+0000] {logging_mixin.py:188} INFO - [2026-03-04T08:07:30.824+0000] {dagbag.py:545} INFO - Filling up the DagBag from /home/airflow/.local/lib/python3.12/site-packages/airflow/example_dags/example_latest_only_with_trigger.py
[2026-03-04T08:07:30.827+0000] {processor.py:840} INFO - DAG(s) 'latest_only_with_trigger' retrieved from /home/airflow/.local/lib/python3.12/site-packages/airflow/example_dags/example_latest_only_with_trigger.py
[2026-03-04T08:07:30.838+0000] {logging_mixin.py:188} INFO - [2026-03-04T08:07:30.838+0000] {dag.py:3089} INFO - Sync 1 DAGs
[2026-03-04T08:07:30.846+0000] {logging_mixin.py:188} INFO - [2026-03-04T08:07:30.846+0000] {dag.py:3947} INFO - Setting next_dagrun for latest_only_with_trigger to 2026-03-04 04:00:00+00:00, run_after=2026-03-04 08:00:00+00:00
[2026-03-04T08:07:30.852+0000] {processor.py:183} INFO - Processing /home/airflow/.local/lib/python3.12/site-packages/airflow/example_dags/example_latest_only_with_trigger.py took 0.032 seconds
[2026-03-04T08:08:01.426+0000] {processor.py:161} INFO - Started process (PID=5532) to work on /home/airflow/.local/lib/python3.12/site-packages/airflow/example_dags/example_latest_only_with_trigger.py
[2026-03-04T08:08:01.427+0000] {processor.py:830} INFO - Processing file /home/airflow/.local/lib/python3.12/site-packages/airflow/example_dags/example_latest_only_with_trigger.py for tasks to queue
[2026-03-04T08:08:01.427+0000] {logging_mixin.py:188} INFO - [2026-03-04T08:08:01.427+0000] {dagbag.py:545} INFO - Filling up the DagBag from /home/airflow/.local/lib/python3.12/site-packages/airflow/example_dags/example_latest_only_with_trigger.py
[2026-03-04T08:08:01.429+0000] {processor.py:840} INFO - DAG(s) 'latest_only_with_trigger' retrieved from /home/airflow/.local/lib/python3.12/site-packages/airflow/example_dags/example_latest_only_with_trigger.py
[2026-03-04T08:08:01.442+0000] {logging_mixin.py:188} INFO - [2026-03-04T08:08:01.442+0000] {dag.py:3089} INFO - Sync 1 DAGs
[2026-03-04T08:08:01.450+0000] {logging_mixin.py:188} INFO - [2026-03-04T08:08:01.450+0000] {dag.py:3947} INFO - Setting next_dagrun for latest_only_with_trigger to 2026-03-04 04:00:00+00:00, run_after=2026-03-04 08:00:00+00:00
[2026-03-04T08:08:01.459+0000] {processor.py:183} INFO - Processing /home/airflow/.local/lib/python3.12/site-packages/airflow/example_dags/example_latest_only_with_trigger.py took 0.035 seconds
[2026-03-04T08:08:31.993+0000] {processor.py:161} INFO - Started process (PID=5794) to work on /home/airflow/.local/lib/python3.12/site-packages/airflow/example_dags/example_latest_only_with_trigger.py
[2026-03-04T08:08:31.995+0000] {processor.py:830} INFO - Processing file /home/airflow/.local/lib/python3.12/site-packages/airflow/example_dags/example_latest_only_with_trigger.py for tasks to queue
[2026-03-04T08:08:31.996+0000] {logging_mixin.py:188} INFO - [2026-03-04T08:08:31.996+0000] {dagbag.py:545} INFO - Filling up the DagBag from /home/airflow/.local/lib/python3.12/site-packages/airflow/example_dags/example_latest_only_with_trigger.py
[2026-03-04T08:08:31.998+0000] {processor.py:840} INFO - DAG(s) 'latest_only_with_trigger' retrieved from /home/airflow/.local/lib/python3.12/site-packages/airflow/example_dags/example_latest_only_with_trigger.py
[2026-03-04T08:08:32.007+0000] {logging_mixin.py:188} INFO - [2026-03-04T08:08:32.007+0000] {dag.py:3089} INFO - Sync 1 DAGs
[2026-03-04T08:08:32.015+0000] {logging_mixin.py:188} INFO - [2026-03-04T08:08:32.015+0000] {dag.py:3947} INFO - Setting next_dagrun for latest_only_with_trigger to 2026-03-04 04:00:00+00:00, run_after=2026-03-04 08:00:00+00:00
[2026-03-04T08:08:32.023+0000] {processor.py:183} INFO - Processing /home/airflow/.local/lib/python3.12/site-packages/airflow/example_dags/example_latest_only_with_trigger.py took 0.032 seconds
[2026-03-04T08:09:02.640+0000] {processor.py:161} INFO - Started process (PID=6056) to work on /home/airflow/.local/lib/python3.12/site-packages/airflow/example_dags/example_latest_only_with_trigger.py
[2026-03-04T08:09:02.641+0000] {processor.py:830} INFO - Processing file /home/airflow/.local/lib/python3.12/site-packages/airflow/example_dags/example_latest_only_with_trigger.py for tasks to queue
[2026-03-04T08:09:02.642+0000] {logging_mixin.py:188} INFO - [2026-03-04T08:09:02.642+0000] {dagbag.py:545} INFO - Filling up the DagBag from /home/airflow/.local/lib/python3.12/site-packages/airflow/example_dags/example_latest_only_with_trigger.py
[2026-03-04T08:09:02.644+0000] {processor.py:840} INFO - DAG(s) 'latest_only_with_trigger' retrieved from /home/airflow/.local/lib/python3.12/site-packages/airflow/example_dags/example_latest_only_with_trigger.py
[2026-03-04T08:09:02.659+0000] {logging_mixin.py:188} INFO - [2026-03-04T08:09:02.659+0000] {dag.py:3089} INFO - Sync 1 DAGs
[2026-03-04T08:09:02.666+0000] {logging_mixin.py:188} INFO - [2026-03-04T08:09:02.666+0000] {dag.py:3947} INFO - Setting next_dagrun for latest_only_with_trigger to 2026-03-04 04:00:00+00:00, run_after=2026-03-04 08:00:00+00:00
[2026-03-04T08:09:02.675+0000] {processor.py:183} INFO - Processing /home/airflow/.local/lib/python3.12/site-packages/airflow/example_dags/example_latest_only_with_trigger.py took 0.038 seconds
[2026-03-04T08:09:33.234+0000] {processor.py:161} INFO - Started process (PID=6320) to work on /home/airflow/.local/lib/python3.12/site-packages/airflow/example_dags/example_latest_only_with_trigger.py
[2026-03-04T08:09:33.235+0000] {processor.py:830} INFO - Processing file /home/airflow/.local/lib/python3.12/site-packages/airflow/example_dags/example_latest_only_with_trigger.py for tasks to queue
[2026-03-04T08:09:33.235+0000] {logging_mixin.py:188} INFO - [2026-03-04T08:09:33.235+0000] {dagbag.py:545} INFO - Filling up the DagBag from /home/airflow/.local/lib/python3.12/site-packages/airflow/example_dags/example_latest_only_with_trigger.py
[2026-03-04T08:09:33.237+0000] {processor.py:840} INFO - DAG(s) 'latest_only_with_trigger' retrieved from /home/airflow/.local/lib/python3.12/site-packages/airflow/example_dags/example_latest_only_with_trigger.py
[2026-03-04T08:09:33.246+0000] {logging_mixin.py:188} INFO - [2026-03-04T08:09:33.245+0000] {dag.py:3089} INFO - Sync 1 DAGs
[2026-03-04T08:09:33.254+0000] {logging_mixin.py:188} INFO - [2026-03-04T08:09:33.253+0000] {dag.py:3947} INFO - Setting next_dagrun for latest_only_with_trigger to 2026-03-04 04:00:00+00:00, run_after=2026-03-04 08:00:00+00:00
[2026-03-04T08:09:33.263+0000] {processor.py:183} INFO - Processing /home/airflow/.local/lib/python3.12/site-packages/airflow/example_dags/example_latest_only_with_trigger.py took 0.031 seconds
[2026-03-04T08:10:03.799+0000] {processor.py:161} INFO - Started process (PID=6580) to work on /home/airflow/.local/lib/python3.12/site-packages/airflow/example_dags/example_latest_only_with_trigger.py
[2026-03-04T08:10:03.799+0000] {processor.py:830} INFO - Processing file /home/airflow/.local/lib/python3.12/site-packages/airflow/example_dags/example_latest_only_with_trigger.py for tasks to queue
[2026-03-04T08:10:03.801+0000] {logging_mixin.py:188} INFO - [2026-03-04T08:10:03.801+0000] {dagbag.py:545} INFO - Filling up the DagBag from /home/airflow/.local/lib/python3.12/site-packages/airflow/example_dags/example_latest_only_with_trigger.py
[2026-03-04T08:10:03.803+0000] {processor.py:840} INFO - DAG(s) 'latest_only_with_trigger' retrieved from /home/airflow/.local/lib/python3.12/site-packages/airflow/example_dags/example_latest_only_with_trigger.py
[2026-03-04T08:10:03.818+0000] {logging_mixin.py:188} INFO - [2026-03-04T08:10:03.817+0000] {dag.py:3089} INFO - Sync 1 DAGs
[2026-03-04T08:10:03.826+0000] {logging_mixin.py:188} INFO - [2026-03-04T08:10:03.826+0000] {dag.py:3947} INFO - Setting next_dagrun for latest_only_with_trigger to 2026-03-04 04:00:00+00:00, run_after=2026-03-04 08:00:00+00:00
[2026-03-04T08:10:03.834+0000] {processor.py:183} INFO - Processing /home/airflow/.local/lib/python3.12/site-packages/airflow/example_dags/example_latest_only_with_trigger.py took 0.037 seconds
[2026-03-04T08:10:34.312+0000] {processor.py:161} INFO - Started process (PID=6845) to work on /home/airflow/.local/lib/python3.12/site-packages/airflow/example_dags/example_latest_only_with_trigger.py
[2026-03-04T08:10:34.313+0000] {processor.py:830} INFO - Processing file /home/airflow/.local/lib/python3.12/site-packages/airflow/example_dags/example_latest_only_with_trigger.py for tasks to queue
[2026-03-04T08:10:34.314+0000] {logging_mixin.py:188} INFO - [2026-03-04T08:10:34.314+0000] {dagbag.py:545} INFO - Filling up the DagBag from /home/airflow/.local/lib/python3.12/site-packages/airflow/example_dags/example_latest_only_with_trigger.py
[2026-03-04T08:10:34.315+0000] {processor.py:840} INFO - DAG(s) 'latest_only_with_trigger' retrieved from /home/airflow/.local/lib/python3.12/site-packages/airflow/example_dags/example_latest_only_with_trigger.py
[2026-03-04T08:10:34.328+0000] {logging_mixin.py:188} INFO - [2026-03-04T08:10:34.327+0000] {dag.py:3089} INFO - Sync 1 DAGs
[2026-03-04T08:10:34.337+0000] {logging_mixin.py:188} INFO - [2026-03-04T08:10:34.337+0000] {dag.py:3947} INFO - Setting next_dagrun for latest_only_with_trigger to 2026-03-04 04:00:00+00:00, run_after=2026-03-04 08:00:00+00:00
[2026-03-04T08:10:34.346+0000] {processor.py:183} INFO - Processing /home/airflow/.local/lib/python3.12/site-packages/airflow/example_dags/example_latest_only_with_trigger.py took 0.036 seconds
[2026-03-04T08:11:04.997+0000] {processor.py:161} INFO - Started process (PID=7107) to work on /home/airflow/.local/lib/python3.12/site-packages/airflow/example_dags/example_latest_only_with_trigger.py
[2026-03-04T08:11:04.998+0000] {processor.py:830} INFO - Processing file /home/airflow/.local/lib/python3.12/site-packages/airflow/example_dags/example_latest_only_with_trigger.py for tasks to queue
[2026-03-04T08:11:04.999+0000] {logging_mixin.py:188} INFO - [2026-03-04T08:11:04.999+0000] {dagbag.py:545} INFO - Filling up the DagBag from /home/airflow/.local/lib/python3.12/site-packages/airflow/example_dags/example_latest_only_with_trigger.py
[2026-03-04T08:11:05.001+0000] {processor.py:840} INFO - DAG(s) 'latest_only_with_trigger' retrieved from /home/airflow/.local/lib/python3.12/site-packages/airflow/example_dags/example_latest_only_with_trigger.py
[2026-03-04T08:11:05.010+0000] {logging_mixin.py:188} INFO - [2026-03-04T08:11:05.010+0000] {dag.py:3089} INFO - Sync 1 DAGs
[2026-03-04T08:11:05.018+0000] {logging_mixin.py:188} INFO - [2026-03-04T08:11:05.018+0000] {dag.py:3947} INFO - Setting next_dagrun for latest_only_with_trigger to 2026-03-04 04:00:00+00:00, run_after=2026-03-04 08:00:00+00:00
[2026-03-04T08:11:05.025+0000] {processor.py:183} INFO - Processing /home/airflow/.local/lib/python3.12/site-packages/airflow/example_dags/example_latest_only_with_trigger.py took 0.030 seconds
[2026-03-04T08:11:35.605+0000] {processor.py:161} INFO - Started process (PID=7369) to work on /home/airflow/.local/lib/python3.12/site-packages/airflow/example_dags/example_latest_only_with_trigger.py
[2026-03-04T08:11:35.606+0000] {processor.py:830} INFO - Processing file /home/airflow/.local/lib/python3.12/site-packages/airflow/example_dags/example_latest_only_with_trigger.py for tasks to queue
[2026-03-04T08:11:35.607+0000] {logging_mixin.py:188} INFO - [2026-03-04T08:11:35.607+0000] {dagbag.py:545} INFO - Filling up the DagBag from /home/airflow/.local/lib/python3.12/site-packages/airflow/example_dags/example_latest_only_with_trigger.py
[2026-03-04T08:11:35.610+0000] {processor.py:840} INFO - DAG(s) 'latest_only_with_trigger' retrieved from /home/airflow/.local/lib/python3.12/site-packages/airflow/example_dags/example_latest_only_with_trigger.py
[2026-03-04T08:11:35.621+0000] {logging_mixin.py:188} INFO - [2026-03-04T08:11:35.621+0000] {dag.py:3089} INFO - Sync 1 DAGs
[2026-03-04T08:11:35.631+0000] {logging_mixin.py:188} INFO - [2026-03-04T08:11:35.631+0000] {dag.py:3947} INFO - Setting next_dagrun for latest_only_with_trigger to 2026-03-04 04:00:00+00:00, run_after=2026-03-04 08:00:00+00:00
[2026-03-04T08:11:35.639+0000] {processor.py:183} INFO - Processing /home/airflow/.local/lib/python3.12/site-packages/airflow/example_dags/example_latest_only_with_trigger.py took 0.037 seconds
[2026-03-04T08:12:06.116+0000] {processor.py:161} INFO - Started process (PID=7631) to work on /home/airflow/.local/lib/python3.12/site-packages/airflow/example_dags/example_latest_only_with_trigger.py
[2026-03-04T08:12:06.117+0000] {processor.py:830} INFO - Processing file /home/airflow/.local/lib/python3.12/site-packages/airflow/example_dags/example_latest_only_with_trigger.py for tasks to queue
[2026-03-04T08:12:06.117+0000] {logging_mixin.py:188} INFO - [2026-03-04T08:12:06.117+0000] {dagbag.py:545} INFO - Filling up the DagBag from /home/airflow/.local/lib/python3.12/site-packages/airflow/example_dags/example_latest_only_with_trigger.py
[2026-03-04T08:12:06.120+0000] {processor.py:840} INFO - DAG(s) 'latest_only_with_trigger' retrieved from /home/airflow/.local/lib/python3.12/site-packages/airflow/example_dags/example_latest_only_with_trigger.py
[2026-03-04T08:12:06.128+0000] {logging_mixin.py:188} INFO - [2026-03-04T08:12:06.128+0000] {dag.py:3089} INFO - Sync 1 DAGs
[2026-03-04T08:12:06.135+0000] {logging_mixin.py:188} INFO - [2026-03-04T08:12:06.135+0000] {dag.py:3947} INFO - Setting next_dagrun for latest_only_with_trigger to 2026-03-04 04:00:00+00:00, run_after=2026-03-04 08:00:00+00:00
[2026-03-04T08:12:06.145+0000] {processor.py:183} INFO - Processing /home/airflow/.local/lib/python3.12/site-packages/airflow/example_dags/example_latest_only_with_trigger.py took 0.032 seconds
[2026-03-04T08:12:36.704+0000] {processor.py:161} INFO - Started process (PID=7895) to work on /home/airflow/.local/lib/python3.12/site-packages/airflow/example_dags/example_latest_only_with_trigger.py
[2026-03-04T08:12:36.705+0000] {processor.py:830} INFO - Processing file /home/airflow/.local/lib/python3.12/site-packages/airflow/example_dags/example_latest_only_with_trigger.py for tasks to queue
[2026-03-04T08:12:36.705+0000] {logging_mixin.py:188} INFO - [2026-03-04T08:12:36.705+0000] {dagbag.py:545} INFO - Filling up the DagBag from /home/airflow/.local/lib/python3.12/site-packages/airflow/example_dags/example_latest_only_with_trigger.py
[2026-03-04T08:12:36.707+0000] {processor.py:840} INFO - DAG(s) 'latest_only_with_trigger' retrieved from /home/airflow/.local/lib/python3.12/site-packages/airflow/example_dags/example_latest_only_with_trigger.py
[2026-03-04T08:12:36.714+0000] {logging_mixin.py:188} INFO - [2026-03-04T08:12:36.714+0000] {dag.py:3089} INFO - Sync 1 DAGs
[2026-03-04T08:12:36.720+0000] {logging_mixin.py:188} INFO - [2026-03-04T08:12:36.720+0000] {dag.py:3947} INFO - Setting next_dagrun for latest_only_with_trigger to 2026-03-04 04:00:00+00:00, run_after=2026-03-04 08:00:00+00:00
[2026-03-04T08:12:36.725+0000] {processor.py:183} INFO - Processing /home/airflow/.local/lib/python3.12/site-packages/airflow/example_dags/example_latest_only_with_trigger.py took 0.023 seconds
[2026-03-04T08:13:07.205+0000] {processor.py:161} INFO - Started process (PID=8155) to work on /home/airflow/.local/lib/python3.12/site-packages/airflow/example_dags/example_latest_only_with_trigger.py
[2026-03-04T08:13:07.205+0000] {processor.py:830} INFO - Processing file /home/airflow/.local/lib/python3.12/site-packages/airflow/example_dags/example_latest_only_with_trigger.py for tasks to queue
[2026-03-04T08:13:07.206+0000] {logging_mixin.py:188} INFO - [2026-03-04T08:13:07.206+0000] {dagbag.py:545} INFO - Filling up the DagBag from /home/airflow/.local/lib/python3.12/site-packages/airflow/example_dags/example_latest_only_with_trigger.py
[2026-03-04T08:13:07.209+0000] {processor.py:840} INFO - DAG(s) 'latest_only_with_trigger' retrieved from /home/airflow/.local/lib/python3.12/site-packages/airflow/example_dags/example_latest_only_with_trigger.py
[2026-03-04T08:13:07.226+0000] {logging_mixin.py:188} INFO - [2026-03-04T08:13:07.224+0000] {dag.py:3089} INFO - Sync 1 DAGs
[2026-03-04T08:13:07.233+0000] {logging_mixin.py:188} INFO - [2026-03-04T08:13:07.233+0000] {dag.py:3947} INFO - Setting next_dagrun for latest_only_with_trigger to 2026-03-04 04:00:00+00:00, run_after=2026-03-04 08:00:00+00:00
[2026-03-04T08:13:07.241+0000] {processor.py:183} INFO - Processing /home/airflow/.local/lib/python3.12/site-packages/airflow/example_dags/example_latest_only_with_trigger.py took 0.039 seconds
[2026-03-04T08:13:37.770+0000] {processor.py:161} INFO - Started process (PID=8417) to work on /home/airflow/.local/lib/python3.12/site-packages/airflow/example_dags/example_latest_only_with_trigger.py
[2026-03-04T08:13:37.772+0000] {processor.py:830} INFO - Processing file /home/airflow/.local/lib/python3.12/site-packages/airflow/example_dags/example_latest_only_with_trigger.py for tasks to queue
[2026-03-04T08:13:37.774+0000] {logging_mixin.py:188} INFO - [2026-03-04T08:13:37.773+0000] {dagbag.py:545} INFO - Filling up the DagBag from /home/airflow/.local/lib/python3.12/site-packages/airflow/example_dags/example_latest_only_with_trigger.py
[2026-03-04T08:13:37.776+0000] {processor.py:840} INFO - DAG(s) 'latest_only_with_trigger' retrieved from /home/airflow/.local/lib/python3.12/site-packages/airflow/example_dags/example_latest_only_with_trigger.py
[2026-03-04T08:13:37.785+0000] {logging_mixin.py:188} INFO - [2026-03-04T08:13:37.784+0000] {dag.py:3089} INFO - Sync 1 DAGs
[2026-03-04T08:13:37.794+0000] {logging_mixin.py:188} INFO - [2026-03-04T08:13:37.794+0000] {dag.py:3947} INFO - Setting next_dagrun for latest_only_with_trigger to 2026-03-04 04:00:00+00:00, run_after=2026-03-04 08:00:00+00:00
[2026-03-04T08:13:37.800+0000] {processor.py:183} INFO - Processing /home/airflow/.local/lib/python3.12/site-packages/airflow/example_dags/example_latest_only_with_trigger.py took 0.032 seconds
[2026-03-04T08:14:08.302+0000] {processor.py:161} INFO - Started process (PID=8679) to work on /home/airflow/.local/lib/python3.12/site-packages/airflow/example_dags/example_latest_only_with_trigger.py
[2026-03-04T08:14:08.303+0000] {processor.py:830} INFO - Processing file /home/airflow/.local/lib/python3.12/site-packages/airflow/example_dags/example_latest_only_with_trigger.py for tasks to queue
[2026-03-04T08:14:08.304+0000] {logging_mixin.py:188} INFO - [2026-03-04T08:14:08.303+0000] {dagbag.py:545} INFO - Filling up the DagBag from /home/airflow/.local/lib/python3.12/site-packages/airflow/example_dags/example_latest_only_with_trigger.py
[2026-03-04T08:14:08.306+0000] {processor.py:840} INFO - DAG(s) 'latest_only_with_trigger' retrieved from /home/airflow/.local/lib/python3.12/site-packages/airflow/example_dags/example_latest_only_with_trigger.py
[2026-03-04T08:14:08.313+0000] {logging_mixin.py:188} INFO - [2026-03-04T08:14:08.313+0000] {dag.py:3089} INFO - Sync 1 DAGs
[2026-03-04T08:14:08.321+0000] {logging_mixin.py:188} INFO - [2026-03-04T08:14:08.320+0000] {dag.py:3947} INFO - Setting next_dagrun for latest_only_with_trigger to 2026-03-04 04:00:00+00:00, run_after=2026-03-04 08:00:00+00:00
[2026-03-04T08:14:08.335+0000] {processor.py:183} INFO - Processing /home/airflow/.local/lib/python3.12/site-packages/airflow/example_dags/example_latest_only_with_trigger.py took 0.035 seconds
[2026-03-04T08:14:38.864+0000] {processor.py:161} INFO - Started process (PID=8943) to work on /home/airflow/.local/lib/python3.12/site-packages/airflow/example_dags/example_latest_only_with_trigger.py
[2026-03-04T08:14:38.864+0000] {processor.py:830} INFO - Processing file /home/airflow/.local/lib/python3.12/site-packages/airflow/example_dags/example_latest_only_with_trigger.py for tasks to queue
[2026-03-04T08:14:38.865+0000] {logging_mixin.py:188} INFO - [2026-03-04T08:14:38.865+0000] {dagbag.py:545} INFO - Filling up the DagBag from /home/airflow/.local/lib/python3.12/site-packages/airflow/example_dags/example_latest_only_with_trigger.py
[2026-03-04T08:14:38.867+0000] {processor.py:840} INFO - DAG(s) 'latest_only_with_trigger' retrieved from /home/airflow/.local/lib/python3.12/site-packages/airflow/example_dags/example_latest_only_with_trigger.py
[2026-03-04T08:14:38.876+0000] {logging_mixin.py:188} INFO - [2026-03-04T08:14:38.876+0000] {dag.py:3089} INFO - Sync 1 DAGs
[2026-03-04T08:14:38.885+0000] {logging_mixin.py:188} INFO - [2026-03-04T08:14:38.885+0000] {dag.py:3947} INFO - Setting next_dagrun for latest_only_with_trigger to 2026-03-04 04:00:00+00:00, run_after=2026-03-04 08:00:00+00:00
[2026-03-04T08:14:38.894+0000] {processor.py:183} INFO - Processing /home/airflow/.local/lib/python3.12/site-packages/airflow/example_dags/example_latest_only_with_trigger.py took 0.033 seconds
[2026-03-04T08:15:09.324+0000] {processor.py:161} INFO - Started process (PID=9207) to work on /home/airflow/.local/lib/python3.12/site-packages/airflow/example_dags/example_latest_only_with_trigger.py
[2026-03-04T08:15:09.325+0000] {processor.py:830} INFO - Processing file /home/airflow/.local/lib/python3.12/site-packages/airflow/example_dags/example_latest_only_with_trigger.py for tasks to queue
[2026-03-04T08:15:09.326+0000] {logging_mixin.py:188} INFO - [2026-03-04T08:15:09.326+0000] {dagbag.py:545} INFO - Filling up the DagBag from /home/airflow/.local/lib/python3.12/site-packages/airflow/example_dags/example_latest_only_with_trigger.py
[2026-03-04T08:15:09.328+0000] {processor.py:840} INFO - DAG(s) 'latest_only_with_trigger' retrieved from /home/airflow/.local/lib/python3.12/site-packages/airflow/example_dags/example_latest_only_with_trigger.py
[2026-03-04T08:15:09.337+0000] {logging_mixin.py:188} INFO - [2026-03-04T08:15:09.337+0000] {dag.py:3089} INFO - Sync 1 DAGs
[2026-03-04T08:15:09.346+0000] {logging_mixin.py:188} INFO - [2026-03-04T08:15:09.346+0000] {dag.py:3947} INFO - Setting next_dagrun for latest_only_with_trigger to 2026-03-04 04:00:00+00:00, run_after=2026-03-04 08:00:00+00:00
[2026-03-04T08:15:09.353+0000] {processor.py:183} INFO - Processing /home/airflow/.local/lib/python3.12/site-packages/airflow/example_dags/example_latest_only_with_trigger.py took 0.032 seconds
[2026-03-04T08:15:39.975+0000] {processor.py:161} INFO - Started process (PID=9475) to work on /home/airflow/.local/lib/python3.12/site-packages/airflow/example_dags/example_latest_only_with_trigger.py
[2026-03-04T08:15:39.975+0000] {processor.py:830} INFO - Processing file /home/airflow/.local/lib/python3.12/site-packages/airflow/example_dags/example_latest_only_with_trigger.py for tasks to queue
[2026-03-04T08:15:39.976+0000] {logging_mixin.py:188} INFO - [2026-03-04T08:15:39.976+0000] {dagbag.py:545} INFO - Filling up the DagBag from /home/airflow/.local/lib/python3.12/site-packages/airflow/example_dags/example_latest_only_with_trigger.py
[2026-03-04T08:15:39.978+0000] {processor.py:840} INFO - DAG(s) 'latest_only_with_trigger' retrieved from /home/airflow/.local/lib/python3.12/site-packages/airflow/example_dags/example_latest_only_with_trigger.py
[2026-03-04T08:15:39.988+0000] {logging_mixin.py:188} INFO - [2026-03-04T08:15:39.988+0000] {dag.py:3089} INFO - Sync 1 DAGs
[2026-03-04T08:15:39.997+0000] {logging_mixin.py:188} INFO - [2026-03-04T08:15:39.997+0000] {dag.py:3947} INFO - Setting next_dagrun for latest_only_with_trigger to 2026-03-04 04:00:00+00:00, run_after=2026-03-04 08:00:00+00:00
[2026-03-04T08:15:40.006+0000] {processor.py:183} INFO - Processing /home/airflow/.local/lib/python3.12/site-packages/airflow/example_dags/example_latest_only_with_trigger.py took 0.034 seconds
[2026-03-04T08:16:10.582+0000] {processor.py:161} INFO - Started process (PID=9737) to work on /home/airflow/.local/lib/python3.12/site-packages/airflow/example_dags/example_latest_only_with_trigger.py
[2026-03-04T08:16:10.583+0000] {processor.py:830} INFO - Processing file /home/airflow/.local/lib/python3.12/site-packages/airflow/example_dags/example_latest_only_with_trigger.py for tasks to queue
[2026-03-04T08:16:10.583+0000] {logging_mixin.py:188} INFO - [2026-03-04T08:16:10.583+0000] {dagbag.py:545} INFO - Filling up the DagBag from /home/airflow/.local/lib/python3.12/site-packages/airflow/example_dags/example_latest_only_with_trigger.py
[2026-03-04T08:16:10.585+0000] {processor.py:840} INFO - DAG(s) 'latest_only_with_trigger' retrieved from /home/airflow/.local/lib/python3.12/site-packages/airflow/example_dags/example_latest_only_with_trigger.py
[2026-03-04T08:16:10.593+0000] {logging_mixin.py:188} INFO - [2026-03-04T08:16:10.592+0000] {dag.py:3089} INFO - Sync 1 DAGs
[2026-03-04T08:16:10.602+0000] {logging_mixin.py:188} INFO - [2026-03-04T08:16:10.601+0000] {dag.py:3947} INFO - Setting next_dagrun for latest_only_with_trigger to 2026-03-04 04:00:00+00:00, run_after=2026-03-04 08:00:00+00:00
[2026-03-04T08:16:10.608+0000] {processor.py:183} INFO - Processing /home/airflow/.local/lib/python3.12/site-packages/airflow/example_dags/example_latest_only_with_trigger.py took 0.028 seconds
[2026-03-04T08:16:41.209+0000] {processor.py:161} INFO - Started process (PID=9997) to work on /home/airflow/.local/lib/python3.12/site-packages/airflow/example_dags/example_latest_only_with_trigger.py
[2026-03-04T08:16:41.210+0000] {processor.py:830} INFO - Processing file /home/airflow/.local/lib/python3.12/site-packages/airflow/example_dags/example_latest_only_with_trigger.py for tasks to queue
[2026-03-04T08:16:41.215+0000] {logging_mixin.py:188} INFO - [2026-03-04T08:16:41.214+0000] {dagbag.py:545} INFO - Filling up the DagBag from /home/airflow/.local/lib/python3.12/site-packages/airflow/example_dags/example_latest_only_with_trigger.py
[2026-03-04T08:16:41.217+0000] {processor.py:840} INFO - DAG(s) 'latest_only_with_trigger' retrieved from /home/airflow/.local/lib/python3.12/site-packages/airflow/example_dags/example_latest_only_with_trigger.py
[2026-03-04T08:16:41.229+0000] {logging_mixin.py:188} INFO - [2026-03-04T08:16:41.229+0000] {dag.py:3089} INFO - Sync 1 DAGs
[2026-03-04T08:16:41.240+0000] {logging_mixin.py:188} INFO - [2026-03-04T08:16:41.239+0000] {dag.py:3947} INFO - Setting next_dagrun for latest_only_with_trigger to 2026-03-04 04:00:00+00:00, run_after=2026-03-04 08:00:00+00:00
[2026-03-04T08:16:41.246+0000] {processor.py:183} INFO - Processing /home/airflow/.local/lib/python3.12/site-packages/airflow/example_dags/example_latest_only_with_trigger.py took 0.039 seconds
[2026-03-04T08:17:12.253+0000] {processor.py:161} INFO - Started process (PID=10259) to work on /home/airflow/.local/lib/python3.12/site-packages/airflow/example_dags/example_latest_only_with_trigger.py
[2026-03-04T08:17:12.255+0000] {processor.py:830} INFO - Processing file /home/airflow/.local/lib/python3.12/site-packages/airflow/example_dags/example_latest_only_with_trigger.py for tasks to queue
[2026-03-04T08:17:12.255+0000] {logging_mixin.py:188} INFO - [2026-03-04T08:17:12.255+0000] {dagbag.py:545} INFO - Filling up the DagBag from /home/airflow/.local/lib/python3.12/site-packages/airflow/example_dags/example_latest_only_with_trigger.py
[2026-03-04T08:17:12.257+0000] {processor.py:840} INFO - DAG(s) 'latest_only_with_trigger' retrieved from /home/airflow/.local/lib/python3.12/site-packages/airflow/example_dags/example_latest_only_with_trigger.py
[2026-03-04T08:17:12.265+0000] {logging_mixin.py:188} INFO - [2026-03-04T08:17:12.265+0000] {dag.py:3089} INFO - Sync 1 DAGs
[2026-03-04T08:17:12.272+0000] {logging_mixin.py:188} INFO - [2026-03-04T08:17:12.272+0000] {dag.py:3947} INFO - Setting next_dagrun for latest_only_with_trigger to 2026-03-04 04:00:00+00:00, run_after=2026-03-04 08:00:00+00:00
[2026-03-04T08:17:12.281+0000] {processor.py:183} INFO - Processing /home/airflow/.local/lib/python3.12/site-packages/airflow/example_dags/example_latest_only_with_trigger.py took 0.030 seconds
[2026-03-04T08:17:43.129+0000] {processor.py:161} INFO - Started process (PID=10521) to work on /home/airflow/.local/lib/python3.12/site-packages/airflow/example_dags/example_latest_only_with_trigger.py
[2026-03-04T08:17:43.130+0000] {processor.py:830} INFO - Processing file /home/airflow/.local/lib/python3.12/site-packages/airflow/example_dags/example_latest_only_with_trigger.py for tasks to queue
[2026-03-04T08:17:43.131+0000] {logging_mixin.py:188} INFO - [2026-03-04T08:17:43.130+0000] {dagbag.py:545} INFO - Filling up the DagBag from /home/airflow/.local/lib/python3.12/site-packages/airflow/example_dags/example_latest_only_with_trigger.py
[2026-03-04T08:17:43.132+0000] {processor.py:840} INFO - DAG(s) 'latest_only_with_trigger' retrieved from /home/airflow/.local/lib/python3.12/site-packages/airflow/example_dags/example_latest_only_with_trigger.py
[2026-03-04T08:17:43.140+0000] {logging_mixin.py:188} INFO - [2026-03-04T08:17:43.140+0000] {dag.py:3089} INFO - Sync 1 DAGs
[2026-03-04T08:17:43.218+0000] {logging_mixin.py:188} INFO - [2026-03-04T08:17:43.217+0000] {dag.py:3947} INFO - Setting next_dagrun for latest_only_with_trigger to 2026-03-04 04:00:00+00:00, run_after=2026-03-04 08:00:00+00:00
[2026-03-04T08:17:43.228+0000] {processor.py:183} INFO - Processing /home/airflow/.local/lib/python3.12/site-packages/airflow/example_dags/example_latest_only_with_trigger.py took 0.101 seconds
[2026-03-04T08:18:14.281+0000] {processor.py:161} INFO - Started process (PID=10785) to work on /home/airflow/.local/lib/python3.12/site-packages/airflow/example_dags/example_latest_only_with_trigger.py
[2026-03-04T08:18:14.282+0000] {processor.py:830} INFO - Processing file /home/airflow/.local/lib/python3.12/site-packages/airflow/example_dags/example_latest_only_with_trigger.py for tasks to queue
[2026-03-04T08:18:14.282+0000] {logging_mixin.py:188} INFO - [2026-03-04T08:18:14.282+0000] {dagbag.py:545} INFO - Filling up the DagBag from /home/airflow/.local/lib/python3.12/site-packages/airflow/example_dags/example_latest_only_with_trigger.py
[2026-03-04T08:18:14.284+0000] {processor.py:840} INFO - DAG(s) 'latest_only_with_trigger' retrieved from /home/airflow/.local/lib/python3.12/site-packages/airflow/example_dags/example_latest_only_with_trigger.py
[2026-03-04T08:18:14.291+0000] {logging_mixin.py:188} INFO - [2026-03-04T08:18:14.291+0000] {dag.py:3089} INFO - Sync 1 DAGs
[2026-03-04T08:18:14.350+0000] {logging_mixin.py:188} INFO - [2026-03-04T08:18:14.350+0000] {dag.py:3947} INFO - Setting next_dagrun for latest_only_with_trigger to 2026-03-04 04:00:00+00:00, run_after=2026-03-04 08:00:00+00:00
[2026-03-04T08:18:14.355+0000] {processor.py:183} INFO - Processing /home/airflow/.local/lib/python3.12/site-packages/airflow/example_dags/example_latest_only_with_trigger.py took 0.076 seconds
[2026-03-04T08:18:44.749+0000] {processor.py:161} INFO - Started process (PID=11047) to work on /home/airflow/.local/lib/python3.12/site-packages/airflow/example_dags/example_latest_only_with_trigger.py
[2026-03-04T08:18:44.750+0000] {processor.py:830} INFO - Processing file /home/airflow/.local/lib/python3.12/site-packages/airflow/example_dags/example_latest_only_with_trigger.py for tasks to queue
[2026-03-04T08:18:44.750+0000] {logging_mixin.py:188} INFO - [2026-03-04T08:18:44.750+0000] {dagbag.py:545} INFO - Filling up the DagBag from /home/airflow/.local/lib/python3.12/site-packages/airflow/example_dags/example_latest_only_with_trigger.py
[2026-03-04T08:18:44.752+0000] {processor.py:840} INFO - DAG(s) 'latest_only_with_trigger' retrieved from /home/airflow/.local/lib/python3.12/site-packages/airflow/example_dags/example_latest_only_with_trigger.py
[2026-03-04T08:18:44.762+0000] {logging_mixin.py:188} INFO - [2026-03-04T08:18:44.762+0000] {dag.py:3089} INFO - Sync 1 DAGs
[2026-03-04T08:18:44.774+0000] {logging_mixin.py:188} INFO - [2026-03-04T08:18:44.774+0000] {dag.py:3947} INFO - Setting next_dagrun for latest_only_with_trigger to 2026-03-04 04:00:00+00:00, run_after=2026-03-04 08:00:00+00:00
[2026-03-04T08:18:44.782+0000] {processor.py:183} INFO - Processing /home/airflow/.local/lib/python3.12/site-packages/airflow/example_dags/example_latest_only_with_trigger.py took 0.035 seconds
[2026-03-04T08:19:15.372+0000] {processor.py:161} INFO - Started process (PID=11307) to work on /home/airflow/.local/lib/python3.12/site-packages/airflow/example_dags/example_latest_only_with_trigger.py
[2026-03-04T08:19:15.372+0000] {processor.py:830} INFO - Processing file /home/airflow/.local/lib/python3.12/site-packages/airflow/example_dags/example_latest_only_with_trigger.py for tasks to queue
[2026-03-04T08:19:15.373+0000] {logging_mixin.py:188} INFO - [2026-03-04T08:19:15.373+0000] {dagbag.py:545} INFO - Filling up the DagBag from /home/airflow/.local/lib/python3.12/site-packages/airflow/example_dags/example_latest_only_with_trigger.py
[2026-03-04T08:19:15.375+0000] {processor.py:840} INFO - DAG(s) 'latest_only_with_trigger' retrieved from /home/airflow/.local/lib/python3.12/site-packages/airflow/example_dags/example_latest_only_with_trigger.py
[2026-03-04T08:19:15.386+0000] {logging_mixin.py:188} INFO - [2026-03-04T08:19:15.385+0000] {dag.py:3089} INFO - Sync 1 DAGs
[2026-03-04T08:19:15.397+0000] {logging_mixin.py:188} INFO - [2026-03-04T08:19:15.397+0000] {dag.py:3947} INFO - Setting next_dagrun for latest_only_with_trigger to 2026-03-04 04:00:00+00:00, run_after=2026-03-04 08:00:00+00:00
[2026-03-04T08:19:15.405+0000] {processor.py:183} INFO - Processing /home/airflow/.local/lib/python3.12/site-packages/airflow/example_dags/example_latest_only_with_trigger.py took 0.036 seconds
[2026-03-04T08:19:45.913+0000] {processor.py:161} INFO - Started process (PID=11569) to work on /home/airflow/.local/lib/python3.12/site-packages/airflow/example_dags/example_latest_only_with_trigger.py
[2026-03-04T08:19:45.915+0000] {processor.py:830} INFO - Processing file /home/airflow/.local/lib/python3.12/site-packages/airflow/example_dags/example_latest_only_with_trigger.py for tasks to queue
[2026-03-04T08:19:45.916+0000] {logging_mixin.py:188} INFO - [2026-03-04T08:19:45.916+0000] {dagbag.py:545} INFO - Filling up the DagBag from /home/airflow/.local/lib/python3.12/site-packages/airflow/example_dags/example_latest_only_with_trigger.py
[2026-03-04T08:19:45.917+0000] {processor.py:840} INFO - DAG(s) 'latest_only_with_trigger' retrieved from /home/airflow/.local/lib/python3.12/site-packages/airflow/example_dags/example_latest_only_with_trigger.py
[2026-03-04T08:19:45.929+0000] {logging_mixin.py:188} INFO - [2026-03-04T08:19:45.929+0000] {dag.py:3089} INFO - Sync 1 DAGs
[2026-03-04T08:19:45.939+0000] {logging_mixin.py:188} INFO - [2026-03-04T08:19:45.939+0000] {dag.py:3947} INFO - Setting next_dagrun for latest_only_with_trigger to 2026-03-04 04:00:00+00:00, run_after=2026-03-04 08:00:00+00:00
[2026-03-04T08:19:45.947+0000] {processor.py:183} INFO - Processing /home/airflow/.local/lib/python3.12/site-packages/airflow/example_dags/example_latest_only_with_trigger.py took 0.036 seconds
[2026-03-04T08:20:16.511+0000] {processor.py:161} INFO - Started process (PID=11833) to work on /home/airflow/.local/lib/python3.12/site-packages/airflow/example_dags/example_latest_only_with_trigger.py
[2026-03-04T08:20:16.511+0000] {processor.py:830} INFO - Processing file /home/airflow/.local/lib/python3.12/site-packages/airflow/example_dags/example_latest_only_with_trigger.py for tasks to queue
[2026-03-04T08:20:16.512+0000] {logging_mixin.py:188} INFO - [2026-03-04T08:20:16.512+0000] {dagbag.py:545} INFO - Filling up the DagBag from /home/airflow/.local/lib/python3.12/site-packages/airflow/example_dags/example_latest_only_with_trigger.py
[2026-03-04T08:20:16.514+0000] {processor.py:840} INFO - DAG(s) 'latest_only_with_trigger' retrieved from /home/airflow/.local/lib/python3.12/site-packages/airflow/example_dags/example_latest_only_with_trigger.py
[2026-03-04T08:20:16.521+0000] {logging_mixin.py:188} INFO - [2026-03-04T08:20:16.521+0000] {dag.py:3089} INFO - Sync 1 DAGs
[2026-03-04T08:20:16.527+0000] {logging_mixin.py:188} INFO - [2026-03-04T08:20:16.527+0000] {dag.py:3947} INFO - Setting next_dagrun for latest_only_with_trigger to 2026-03-04 04:00:00+00:00, run_after=2026-03-04 08:00:00+00:00
[2026-03-04T08:20:16.532+0000] {processor.py:183} INFO - Processing /home/airflow/.local/lib/python3.12/site-packages/airflow/example_dags/example_latest_only_with_trigger.py took 0.024 seconds
[2026-03-04T08:37:21.047+0000] {processor.py:161} INFO - Started process (PID=12095) to work on /home/airflow/.local/lib/python3.12/site-packages/airflow/example_dags/example_latest_only_with_trigger.py
[2026-03-04T08:37:21.047+0000] {processor.py:830} INFO - Processing file /home/airflow/.local/lib/python3.12/site-packages/airflow/example_dags/example_latest_only_with_trigger.py for tasks to queue
[2026-03-04T08:37:21.048+0000] {logging_mixin.py:188} INFO - [2026-03-04T08:37:21.048+0000] {dagbag.py:545} INFO - Filling up the DagBag from /home/airflow/.local/lib/python3.12/site-packages/airflow/example_dags/example_latest_only_with_trigger.py
[2026-03-04T08:37:21.050+0000] {processor.py:840} INFO - DAG(s) 'latest_only_with_trigger' retrieved from /home/airflow/.local/lib/python3.12/site-packages/airflow/example_dags/example_latest_only_with_trigger.py
[2026-03-04T08:37:21.059+0000] {logging_mixin.py:188} INFO - [2026-03-04T08:37:21.059+0000] {dag.py:3089} INFO - Sync 1 DAGs
[2026-03-04T08:37:21.066+0000] {logging_mixin.py:188} INFO - [2026-03-04T08:37:21.066+0000] {dag.py:3947} INFO - Setting next_dagrun for latest_only_with_trigger to 2026-03-04 04:00:00+00:00, run_after=2026-03-04 08:00:00+00:00
[2026-03-04T08:37:21.079+0000] {processor.py:183} INFO - Processing /home/airflow/.local/lib/python3.12/site-packages/airflow/example_dags/example_latest_only_with_trigger.py took 0.034 seconds
[2026-03-04T08:46:11.542+0000] {processor.py:161} INFO - Started process (PID=12357) to work on /home/airflow/.local/lib/python3.12/site-packages/airflow/example_dags/example_latest_only_with_trigger.py
[2026-03-04T08:46:11.543+0000] {processor.py:830} INFO - Processing file /home/airflow/.local/lib/python3.12/site-packages/airflow/example_dags/example_latest_only_with_trigger.py for tasks to queue
[2026-03-04T08:46:11.544+0000] {logging_mixin.py:188} INFO - [2026-03-04T08:46:11.543+0000] {dagbag.py:545} INFO - Filling up the DagBag from /home/airflow/.local/lib/python3.12/site-packages/airflow/example_dags/example_latest_only_with_trigger.py
[2026-03-04T08:46:11.546+0000] {processor.py:840} INFO - DAG(s) 'latest_only_with_trigger' retrieved from /home/airflow/.local/lib/python3.12/site-packages/airflow/example_dags/example_latest_only_with_trigger.py
[2026-03-04T08:46:11.558+0000] {logging_mixin.py:188} INFO - [2026-03-04T08:46:11.556+0000] {dag.py:3089} INFO - Sync 1 DAGs
[2026-03-04T08:46:11.566+0000] {logging_mixin.py:188} INFO - [2026-03-04T08:46:11.566+0000] {dag.py:3947} INFO - Setting next_dagrun for latest_only_with_trigger to 2026-03-04 04:00:00+00:00, run_after=2026-03-04 08:00:00+00:00
[2026-03-04T08:46:11.575+0000] {processor.py:183} INFO - Processing /home/airflow/.local/lib/python3.12/site-packages/airflow/example_dags/example_latest_only_with_trigger.py took 0.035 seconds
[2026-03-04T08:46:42.165+0000] {processor.py:161} INFO - Started process (PID=12617) to work on /home/airflow/.local/lib/python3.12/site-packages/airflow/example_dags/example_latest_only_with_trigger.py
[2026-03-04T08:46:42.165+0000] {processor.py:830} INFO - Processing file /home/airflow/.local/lib/python3.12/site-packages/airflow/example_dags/example_latest_only_with_trigger.py for tasks to queue
[2026-03-04T08:46:42.166+0000] {logging_mixin.py:188} INFO - [2026-03-04T08:46:42.166+0000] {dagbag.py:545} INFO - Filling up the DagBag from /home/airflow/.local/lib/python3.12/site-packages/airflow/example_dags/example_latest_only_with_trigger.py
[2026-03-04T08:46:42.168+0000] {processor.py:840} INFO - DAG(s) 'latest_only_with_trigger' retrieved from /home/airflow/.local/lib/python3.12/site-packages/airflow/example_dags/example_latest_only_with_trigger.py
[2026-03-04T08:46:42.178+0000] {logging_mixin.py:188} INFO - [2026-03-04T08:46:42.178+0000] {dag.py:3089} INFO - Sync 1 DAGs
[2026-03-04T08:46:42.187+0000] {logging_mixin.py:188} INFO - [2026-03-04T08:46:42.187+0000] {dag.py:3947} INFO - Setting next_dagrun for latest_only_with_trigger to 2026-03-04 04:00:00+00:00, run_after=2026-03-04 08:00:00+00:00
[2026-03-04T08:46:42.197+0000] {processor.py:183} INFO - Processing /home/airflow/.local/lib/python3.12/site-packages/airflow/example_dags/example_latest_only_with_trigger.py took 0.035 seconds
[2026-03-04T08:47:12.697+0000] {processor.py:161} INFO - Started process (PID=12879) to work on /home/airflow/.local/lib/python3.12/site-packages/airflow/example_dags/example_latest_only_with_trigger.py
[2026-03-04T08:47:12.698+0000] {processor.py:830} INFO - Processing file /home/airflow/.local/lib/python3.12/site-packages/airflow/example_dags/example_latest_only_with_trigger.py for tasks to queue
[2026-03-04T08:47:12.699+0000] {logging_mixin.py:188} INFO - [2026-03-04T08:47:12.699+0000] {dagbag.py:545} INFO - Filling up the DagBag from /home/airflow/.local/lib/python3.12/site-packages/airflow/example_dags/example_latest_only_with_trigger.py
[2026-03-04T08:47:12.701+0000] {processor.py:840} INFO - DAG(s) 'latest_only_with_trigger' retrieved from /home/airflow/.local/lib/python3.12/site-packages/airflow/example_dags/example_latest_only_with_trigger.py
[2026-03-04T08:47:12.709+0000] {logging_mixin.py:188} INFO - [2026-03-04T08:47:12.709+0000] {dag.py:3089} INFO - Sync 1 DAGs
[2026-03-04T08:47:12.717+0000] {logging_mixin.py:188} INFO - [2026-03-04T08:47:12.717+0000] {dag.py:3947} INFO - Setting next_dagrun for latest_only_with_trigger to 2026-03-04 04:00:00+00:00, run_after=2026-03-04 08:00:00+00:00
[2026-03-04T08:47:12.730+0000] {processor.py:183} INFO - Processing /home/airflow/.local/lib/python3.12/site-packages/airflow/example_dags/example_latest_only_with_trigger.py took 0.035 seconds
[2026-03-04T08:47:43.184+0000] {processor.py:161} INFO - Started process (PID=13141) to work on /home/airflow/.local/lib/python3.12/site-packages/airflow/example_dags/example_latest_only_with_trigger.py
[2026-03-04T08:47:43.186+0000] {processor.py:830} INFO - Processing file /home/airflow/.local/lib/python3.12/site-packages/airflow/example_dags/example_latest_only_with_trigger.py for tasks to queue
[2026-03-04T08:47:43.188+0000] {logging_mixin.py:188} INFO - [2026-03-04T08:47:43.188+0000] {dagbag.py:545} INFO - Filling up the DagBag from /home/airflow/.local/lib/python3.12/site-packages/airflow/example_dags/example_latest_only_with_trigger.py
[2026-03-04T08:47:43.191+0000] {processor.py:840} INFO - DAG(s) 'latest_only_with_trigger' retrieved from /home/airflow/.local/lib/python3.12/site-packages/airflow/example_dags/example_latest_only_with_trigger.py
[2026-03-04T08:47:43.203+0000] {logging_mixin.py:188} INFO - [2026-03-04T08:47:43.203+0000] {dag.py:3089} INFO - Sync 1 DAGs
[2026-03-04T08:47:43.211+0000] {logging_mixin.py:188} INFO - [2026-03-04T08:47:43.211+0000] {dag.py:3947} INFO - Setting next_dagrun for latest_only_with_trigger to 2026-03-04 04:00:00+00:00, run_after=2026-03-04 08:00:00+00:00
[2026-03-04T08:47:43.220+0000] {processor.py:183} INFO - Processing /home/airflow/.local/lib/python3.12/site-packages/airflow/example_dags/example_latest_only_with_trigger.py took 0.038 seconds
[2026-03-04T08:48:13.705+0000] {processor.py:161} INFO - Started process (PID=13403) to work on /home/airflow/.local/lib/python3.12/site-packages/airflow/example_dags/example_latest_only_with_trigger.py
[2026-03-04T08:48:13.706+0000] {processor.py:830} INFO - Processing file /home/airflow/.local/lib/python3.12/site-packages/airflow/example_dags/example_latest_only_with_trigger.py for tasks to queue
[2026-03-04T08:48:13.706+0000] {logging_mixin.py:188} INFO - [2026-03-04T08:48:13.706+0000] {dagbag.py:545} INFO - Filling up the DagBag from /home/airflow/.local/lib/python3.12/site-packages/airflow/example_dags/example_latest_only_with_trigger.py
[2026-03-04T08:48:13.708+0000] {processor.py:840} INFO - DAG(s) 'latest_only_with_trigger' retrieved from /home/airflow/.local/lib/python3.12/site-packages/airflow/example_dags/example_latest_only_with_trigger.py
[2026-03-04T08:48:13.715+0000] {logging_mixin.py:188} INFO - [2026-03-04T08:48:13.715+0000] {dag.py:3089} INFO - Sync 1 DAGs
[2026-03-04T08:48:13.724+0000] {logging_mixin.py:188} INFO - [2026-03-04T08:48:13.724+0000] {dag.py:3947} INFO - Setting next_dagrun for latest_only_with_trigger to 2026-03-04 04:00:00+00:00, run_after=2026-03-04 08:00:00+00:00
[2026-03-04T08:48:13.733+0000] {processor.py:183} INFO - Processing /home/airflow/.local/lib/python3.12/site-packages/airflow/example_dags/example_latest_only_with_trigger.py took 0.030 seconds
[2026-03-04T08:48:44.299+0000] {processor.py:161} INFO - Started process (PID=13667) to work on /home/airflow/.local/lib/python3.12/site-packages/airflow/example_dags/example_latest_only_with_trigger.py
[2026-03-04T08:48:44.300+0000] {processor.py:830} INFO - Processing file /home/airflow/.local/lib/python3.12/site-packages/airflow/example_dags/example_latest_only_with_trigger.py for tasks to queue
[2026-03-04T08:48:44.301+0000] {logging_mixin.py:188} INFO - [2026-03-04T08:48:44.301+0000] {dagbag.py:545} INFO - Filling up the DagBag from /home/airflow/.local/lib/python3.12/site-packages/airflow/example_dags/example_latest_only_with_trigger.py
[2026-03-04T08:48:44.302+0000] {processor.py:840} INFO - DAG(s) 'latest_only_with_trigger' retrieved from /home/airflow/.local/lib/python3.12/site-packages/airflow/example_dags/example_latest_only_with_trigger.py
[2026-03-04T08:48:44.309+0000] {logging_mixin.py:188} INFO - [2026-03-04T08:48:44.309+0000] {dag.py:3089} INFO - Sync 1 DAGs
[2026-03-04T08:48:44.316+0000] {logging_mixin.py:188} INFO - [2026-03-04T08:48:44.316+0000] {dag.py:3947} INFO - Setting next_dagrun for latest_only_with_trigger to 2026-03-04 04:00:00+00:00, run_after=2026-03-04 08:00:00+00:00
[2026-03-04T08:48:44.321+0000] {processor.py:183} INFO - Processing /home/airflow/.local/lib/python3.12/site-packages/airflow/example_dags/example_latest_only_with_trigger.py took 0.024 seconds
[2026-03-04T08:49:14.887+0000] {processor.py:161} INFO - Started process (PID=13929) to work on /home/airflow/.local/lib/python3.12/site-packages/airflow/example_dags/example_latest_only_with_trigger.py
[2026-03-04T08:49:14.887+0000] {processor.py:830} INFO - Processing file /home/airflow/.local/lib/python3.12/site-packages/airflow/example_dags/example_latest_only_with_trigger.py for tasks to queue
[2026-03-04T08:49:14.888+0000] {logging_mixin.py:188} INFO - [2026-03-04T08:49:14.888+0000] {dagbag.py:545} INFO - Filling up the DagBag from /home/airflow/.local/lib/python3.12/site-packages/airflow/example_dags/example_latest_only_with_trigger.py
[2026-03-04T08:49:14.890+0000] {processor.py:840} INFO - DAG(s) 'latest_only_with_trigger' retrieved from /home/airflow/.local/lib/python3.12/site-packages/airflow/example_dags/example_latest_only_with_trigger.py
[2026-03-04T08:49:14.899+0000] {logging_mixin.py:188} INFO - [2026-03-04T08:49:14.899+0000] {dag.py:3089} INFO - Sync 1 DAGs
[2026-03-04T08:49:14.912+0000] {logging_mixin.py:188} INFO - [2026-03-04T08:49:14.911+0000] {dag.py:3947} INFO - Setting next_dagrun for latest_only_with_trigger to 2026-03-04 04:00:00+00:00, run_after=2026-03-04 08:00:00+00:00
[2026-03-04T08:49:14.920+0000] {processor.py:183} INFO - Processing /home/airflow/.local/lib/python3.12/site-packages/airflow/example_dags/example_latest_only_with_trigger.py took 0.036 seconds
[2026-03-04T08:49:45.461+0000] {processor.py:161} INFO - Started process (PID=14191) to work on /home/airflow/.local/lib/python3.12/site-packages/airflow/example_dags/example_latest_only_with_trigger.py
[2026-03-04T08:49:45.462+0000] {processor.py:830} INFO - Processing file /home/airflow/.local/lib/python3.12/site-packages/airflow/example_dags/example_latest_only_with_trigger.py for tasks to queue
[2026-03-04T08:49:45.463+0000] {logging_mixin.py:188} INFO - [2026-03-04T08:49:45.463+0000] {dagbag.py:545} INFO - Filling up the DagBag from /home/airflow/.local/lib/python3.12/site-packages/airflow/example_dags/example_latest_only_with_trigger.py
[2026-03-04T08:49:45.465+0000] {processor.py:840} INFO - DAG(s) 'latest_only_with_trigger' retrieved from /home/airflow/.local/lib/python3.12/site-packages/airflow/example_dags/example_latest_only_with_trigger.py
[2026-03-04T08:49:45.475+0000] {logging_mixin.py:188} INFO - [2026-03-04T08:49:45.475+0000] {dag.py:3089} INFO - Sync 1 DAGs
[2026-03-04T08:49:45.484+0000] {logging_mixin.py:188} INFO - [2026-03-04T08:49:45.484+0000] {dag.py:3947} INFO - Setting next_dagrun for latest_only_with_trigger to 2026-03-04 04:00:00+00:00, run_after=2026-03-04 08:00:00+00:00
[2026-03-04T08:49:45.491+0000] {processor.py:183} INFO - Processing /home/airflow/.local/lib/python3.12/site-packages/airflow/example_dags/example_latest_only_with_trigger.py took 0.032 seconds
[2026-03-04T08:50:15.965+0000] {processor.py:161} INFO - Started process (PID=14451) to work on /home/airflow/.local/lib/python3.12/site-packages/airflow/example_dags/example_latest_only_with_trigger.py
[2026-03-04T08:50:15.966+0000] {processor.py:830} INFO - Processing file /home/airflow/.local/lib/python3.12/site-packages/airflow/example_dags/example_latest_only_with_trigger.py for tasks to queue
[2026-03-04T08:50:15.968+0000] {logging_mixin.py:188} INFO - [2026-03-04T08:50:15.968+0000] {dagbag.py:545} INFO - Filling up the DagBag from /home/airflow/.local/lib/python3.12/site-packages/airflow/example_dags/example_latest_only_with_trigger.py
[2026-03-04T08:50:15.970+0000] {processor.py:840} INFO - DAG(s) 'latest_only_with_trigger' retrieved from /home/airflow/.local/lib/python3.12/site-packages/airflow/example_dags/example_latest_only_with_trigger.py
[2026-03-04T08:50:15.982+0000] {logging_mixin.py:188} INFO - [2026-03-04T08:50:15.981+0000] {dag.py:3089} INFO - Sync 1 DAGs
[2026-03-04T08:50:15.991+0000] {logging_mixin.py:188} INFO - [2026-03-04T08:50:15.991+0000] {dag.py:3947} INFO - Setting next_dagrun for latest_only_with_trigger to 2026-03-04 04:00:00+00:00, run_after=2026-03-04 08:00:00+00:00
[2026-03-04T08:50:15.998+0000] {processor.py:183} INFO - Processing /home/airflow/.local/lib/python3.12/site-packages/airflow/example_dags/example_latest_only_with_trigger.py took 0.035 seconds
[2026-03-04T08:50:46.566+0000] {processor.py:161} INFO - Started process (PID=14715) to work on /home/airflow/.local/lib/python3.12/site-packages/airflow/example_dags/example_latest_only_with_trigger.py
[2026-03-04T08:50:46.567+0000] {processor.py:830} INFO - Processing file /home/airflow/.local/lib/python3.12/site-packages/airflow/example_dags/example_latest_only_with_trigger.py for tasks to queue
[2026-03-04T08:50:46.568+0000] {logging_mixin.py:188} INFO - [2026-03-04T08:50:46.568+0000] {dagbag.py:545} INFO - Filling up the DagBag from /home/airflow/.local/lib/python3.12/site-packages/airflow/example_dags/example_latest_only_with_trigger.py
[2026-03-04T08:50:46.570+0000] {processor.py:840} INFO - DAG(s) 'latest_only_with_trigger' retrieved from /home/airflow/.local/lib/python3.12/site-packages/airflow/example_dags/example_latest_only_with_trigger.py
[2026-03-04T08:50:46.579+0000] {logging_mixin.py:188} INFO - [2026-03-04T08:50:46.578+0000] {dag.py:3089} INFO - Sync 1 DAGs
[2026-03-04T08:50:46.589+0000] {logging_mixin.py:188} INFO - [2026-03-04T08:50:46.589+0000] {dag.py:3947} INFO - Setting next_dagrun for latest_only_with_trigger to 2026-03-04 04:00:00+00:00, run_after=2026-03-04 08:00:00+00:00
[2026-03-04T08:50:46.598+0000] {processor.py:183} INFO - Processing /home/airflow/.local/lib/python3.12/site-packages/airflow/example_dags/example_latest_only_with_trigger.py took 0.034 seconds
