[2026-03-04T07:57:49.783+0000] {processor.py:161} INFO - Started process (PID=237) to work on /home/airflow/.local/lib/python3.12/site-packages/airflow/example_dags/example_time_delta_sensor_async.py
[2026-03-04T07:57:49.784+0000] {processor.py:830} INFO - Processing file /home/airflow/.local/lib/python3.12/site-packages/airflow/example_dags/example_time_delta_sensor_async.py for tasks to queue
[2026-03-04T07:57:49.784+0000] {logging_mixin.py:188} INFO - [2026-03-04T07:57:49.784+0000] {dagbag.py:545} INFO - Filling up the DagBag from /home/airflow/.local/lib/python3.12/site-packages/airflow/example_dags/example_time_delta_sensor_async.py
[2026-03-04T07:57:49.789+0000] {processor.py:840} INFO - DAG(s) 'example_time_delta_sensor_async' retrieved from /home/airflow/.local/lib/python3.12/site-packages/airflow/example_dags/example_time_delta_sensor_async.py
[2026-03-04T07:57:49.840+0000] {logging_mixin.py:188} INFO - [2026-03-04T07:57:49.839+0000] {override.py:1858} INFO - Created Permission View: can delete on DAG:example_time_delta_sensor_async
[2026-03-04T07:57:49.844+0000] {logging_mixin.py:188} INFO - [2026-03-04T07:57:49.844+0000] {override.py:1858} INFO - Created Permission View: can read on DAG:example_time_delta_sensor_async
[2026-03-04T07:57:49.849+0000] {logging_mixin.py:188} INFO - [2026-03-04T07:57:49.849+0000] {override.py:1858} INFO - Created Permission View: can edit on DAG:example_time_delta_sensor_async
[2026-03-04T07:57:49.849+0000] {logging_mixin.py:188} INFO - [2026-03-04T07:57:49.849+0000] {dag.py:3089} INFO - Sync 1 DAGs
[2026-03-04T07:57:49.852+0000] {logging_mixin.py:188} INFO - [2026-03-04T07:57:49.852+0000] {dag.py:3111} INFO - Creating ORM DAG for example_time_delta_sensor_async
[2026-03-04T07:57:49.853+0000] {logging_mixin.py:188} INFO - [2026-03-04T07:57:49.853+0000] {dag.py:3947} INFO - Setting next_dagrun for example_time_delta_sensor_async to None, run_after=None
[2026-03-04T07:57:49.860+0000] {processor.py:183} INFO - Processing /home/airflow/.local/lib/python3.12/site-packages/airflow/example_dags/example_time_delta_sensor_async.py took 0.080 seconds
[2026-03-04T07:58:20.296+0000] {processor.py:161} INFO - Started process (PID=499) to work on /home/airflow/.local/lib/python3.12/site-packages/airflow/example_dags/example_time_delta_sensor_async.py
[2026-03-04T07:58:20.297+0000] {processor.py:830} INFO - Processing file /home/airflow/.local/lib/python3.12/site-packages/airflow/example_dags/example_time_delta_sensor_async.py for tasks to queue
[2026-03-04T07:58:20.298+0000] {logging_mixin.py:188} INFO - [2026-03-04T07:58:20.298+0000] {dagbag.py:545} INFO - Filling up the DagBag from /home/airflow/.local/lib/python3.12/site-packages/airflow/example_dags/example_time_delta_sensor_async.py
[2026-03-04T07:58:20.300+0000] {processor.py:840} INFO - DAG(s) 'example_time_delta_sensor_async' retrieved from /home/airflow/.local/lib/python3.12/site-packages/airflow/example_dags/example_time_delta_sensor_async.py
[2026-03-04T07:58:20.310+0000] {logging_mixin.py:188} INFO - [2026-03-04T07:58:20.310+0000] {dag.py:3089} INFO - Sync 1 DAGs
[2026-03-04T07:58:20.314+0000] {logging_mixin.py:188} INFO - [2026-03-04T07:58:20.314+0000] {dag.py:3947} INFO - Setting next_dagrun for example_time_delta_sensor_async to None, run_after=None
[2026-03-04T07:58:20.323+0000] {processor.py:183} INFO - Processing /home/airflow/.local/lib/python3.12/site-packages/airflow/example_dags/example_time_delta_sensor_async.py took 0.030 seconds
[2026-03-04T07:58:50.822+0000] {processor.py:161} INFO - Started process (PID=761) to work on /home/airflow/.local/lib/python3.12/site-packages/airflow/example_dags/example_time_delta_sensor_async.py
[2026-03-04T07:58:50.823+0000] {processor.py:830} INFO - Processing file /home/airflow/.local/lib/python3.12/site-packages/airflow/example_dags/example_time_delta_sensor_async.py for tasks to queue
[2026-03-04T07:58:50.824+0000] {logging_mixin.py:188} INFO - [2026-03-04T07:58:50.824+0000] {dagbag.py:545} INFO - Filling up the DagBag from /home/airflow/.local/lib/python3.12/site-packages/airflow/example_dags/example_time_delta_sensor_async.py
[2026-03-04T07:58:50.826+0000] {processor.py:840} INFO - DAG(s) 'example_time_delta_sensor_async' retrieved from /home/airflow/.local/lib/python3.12/site-packages/airflow/example_dags/example_time_delta_sensor_async.py
[2026-03-04T07:58:50.835+0000] {logging_mixin.py:188} INFO - [2026-03-04T07:58:50.835+0000] {dag.py:3089} INFO - Sync 1 DAGs
[2026-03-04T07:58:50.840+0000] {logging_mixin.py:188} INFO - [2026-03-04T07:58:50.840+0000] {dag.py:3947} INFO - Setting next_dagrun for example_time_delta_sensor_async to None, run_after=None
[2026-03-04T07:58:50.850+0000] {processor.py:183} INFO - Processing /home/airflow/.local/lib/python3.12/site-packages/airflow/example_dags/example_time_delta_sensor_async.py took 0.029 seconds
[2026-03-04T07:59:21.377+0000] {processor.py:161} INFO - Started process (PID=1023) to work on /home/airflow/.local/lib/python3.12/site-packages/airflow/example_dags/example_time_delta_sensor_async.py
[2026-03-04T07:59:21.377+0000] {processor.py:830} INFO - Processing file /home/airflow/.local/lib/python3.12/site-packages/airflow/example_dags/example_time_delta_sensor_async.py for tasks to queue
[2026-03-04T07:59:21.378+0000] {logging_mixin.py:188} INFO - [2026-03-04T07:59:21.378+0000] {dagbag.py:545} INFO - Filling up the DagBag from /home/airflow/.local/lib/python3.12/site-packages/airflow/example_dags/example_time_delta_sensor_async.py
[2026-03-04T07:59:21.380+0000] {processor.py:840} INFO - DAG(s) 'example_time_delta_sensor_async' retrieved from /home/airflow/.local/lib/python3.12/site-packages/airflow/example_dags/example_time_delta_sensor_async.py
[2026-03-04T07:59:21.388+0000] {logging_mixin.py:188} INFO - [2026-03-04T07:59:21.388+0000] {dag.py:3089} INFO - Sync 1 DAGs
[2026-03-04T07:59:21.394+0000] {logging_mixin.py:188} INFO - [2026-03-04T07:59:21.394+0000] {dag.py:3947} INFO - Setting next_dagrun for example_time_delta_sensor_async to None, run_after=None
[2026-03-04T07:59:21.403+0000] {processor.py:183} INFO - Processing /home/airflow/.local/lib/python3.12/site-packages/airflow/example_dags/example_time_delta_sensor_async.py took 0.029 seconds
[2026-03-04T07:59:51.986+0000] {processor.py:161} INFO - Started process (PID=1285) to work on /home/airflow/.local/lib/python3.12/site-packages/airflow/example_dags/example_time_delta_sensor_async.py
[2026-03-04T07:59:51.986+0000] {processor.py:830} INFO - Processing file /home/airflow/.local/lib/python3.12/site-packages/airflow/example_dags/example_time_delta_sensor_async.py for tasks to queue
[2026-03-04T07:59:51.988+0000] {logging_mixin.py:188} INFO - [2026-03-04T07:59:51.987+0000] {dagbag.py:545} INFO - Filling up the DagBag from /home/airflow/.local/lib/python3.12/site-packages/airflow/example_dags/example_time_delta_sensor_async.py
[2026-03-04T07:59:51.989+0000] {processor.py:840} INFO - DAG(s) 'example_time_delta_sensor_async' retrieved from /home/airflow/.local/lib/python3.12/site-packages/airflow/example_dags/example_time_delta_sensor_async.py
[2026-03-04T07:59:52.003+0000] {logging_mixin.py:188} INFO - [2026-03-04T07:59:52.003+0000] {dag.py:3089} INFO - Sync 1 DAGs
[2026-03-04T07:59:52.007+0000] {logging_mixin.py:188} INFO - [2026-03-04T07:59:52.007+0000] {dag.py:3947} INFO - Setting next_dagrun for example_time_delta_sensor_async to None, run_after=None
[2026-03-04T07:59:52.017+0000] {processor.py:183} INFO - Processing /home/airflow/.local/lib/python3.12/site-packages/airflow/example_dags/example_time_delta_sensor_async.py took 0.035 seconds
[2026-03-04T08:00:22.678+0000] {processor.py:161} INFO - Started process (PID=1547) to work on /home/airflow/.local/lib/python3.12/site-packages/airflow/example_dags/example_time_delta_sensor_async.py
[2026-03-04T08:00:22.679+0000] {processor.py:830} INFO - Processing file /home/airflow/.local/lib/python3.12/site-packages/airflow/example_dags/example_time_delta_sensor_async.py for tasks to queue
[2026-03-04T08:00:22.680+0000] {logging_mixin.py:188} INFO - [2026-03-04T08:00:22.680+0000] {dagbag.py:545} INFO - Filling up the DagBag from /home/airflow/.local/lib/python3.12/site-packages/airflow/example_dags/example_time_delta_sensor_async.py
[2026-03-04T08:00:22.681+0000] {processor.py:840} INFO - DAG(s) 'example_time_delta_sensor_async' retrieved from /home/airflow/.local/lib/python3.12/site-packages/airflow/example_dags/example_time_delta_sensor_async.py
[2026-03-04T08:00:22.691+0000] {logging_mixin.py:188} INFO - [2026-03-04T08:00:22.690+0000] {dag.py:3089} INFO - Sync 1 DAGs
[2026-03-04T08:00:22.695+0000] {logging_mixin.py:188} INFO - [2026-03-04T08:00:22.695+0000] {dag.py:3947} INFO - Setting next_dagrun for example_time_delta_sensor_async to None, run_after=None
[2026-03-04T08:00:22.703+0000] {processor.py:183} INFO - Processing /home/airflow/.local/lib/python3.12/site-packages/airflow/example_dags/example_time_delta_sensor_async.py took 0.027 seconds
[2026-03-04T08:00:53.301+0000] {processor.py:161} INFO - Started process (PID=1809) to work on /home/airflow/.local/lib/python3.12/site-packages/airflow/example_dags/example_time_delta_sensor_async.py
[2026-03-04T08:00:53.303+0000] {processor.py:830} INFO - Processing file /home/airflow/.local/lib/python3.12/site-packages/airflow/example_dags/example_time_delta_sensor_async.py for tasks to queue
[2026-03-04T08:00:53.303+0000] {logging_mixin.py:188} INFO - [2026-03-04T08:00:53.303+0000] {dagbag.py:545} INFO - Filling up the DagBag from /home/airflow/.local/lib/python3.12/site-packages/airflow/example_dags/example_time_delta_sensor_async.py
[2026-03-04T08:00:53.305+0000] {processor.py:840} INFO - DAG(s) 'example_time_delta_sensor_async' retrieved from /home/airflow/.local/lib/python3.12/site-packages/airflow/example_dags/example_time_delta_sensor_async.py
[2026-03-04T08:00:53.312+0000] {logging_mixin.py:188} INFO - [2026-03-04T08:00:53.312+0000] {dag.py:3089} INFO - Sync 1 DAGs
[2026-03-04T08:00:53.316+0000] {logging_mixin.py:188} INFO - [2026-03-04T08:00:53.316+0000] {dag.py:3947} INFO - Setting next_dagrun for example_time_delta_sensor_async to None, run_after=None
[2026-03-04T08:00:53.326+0000] {processor.py:183} INFO - Processing /home/airflow/.local/lib/python3.12/site-packages/airflow/example_dags/example_time_delta_sensor_async.py took 0.027 seconds
[2026-03-04T08:01:23.904+0000] {processor.py:161} INFO - Started process (PID=2071) to work on /home/airflow/.local/lib/python3.12/site-packages/airflow/example_dags/example_time_delta_sensor_async.py
[2026-03-04T08:01:23.905+0000] {processor.py:830} INFO - Processing file /home/airflow/.local/lib/python3.12/site-packages/airflow/example_dags/example_time_delta_sensor_async.py for tasks to queue
[2026-03-04T08:01:23.906+0000] {logging_mixin.py:188} INFO - [2026-03-04T08:01:23.906+0000] {dagbag.py:545} INFO - Filling up the DagBag from /home/airflow/.local/lib/python3.12/site-packages/airflow/example_dags/example_time_delta_sensor_async.py
[2026-03-04T08:01:23.909+0000] {processor.py:840} INFO - DAG(s) 'example_time_delta_sensor_async' retrieved from /home/airflow/.local/lib/python3.12/site-packages/airflow/example_dags/example_time_delta_sensor_async.py
[2026-03-04T08:01:23.916+0000] {logging_mixin.py:188} INFO - [2026-03-04T08:01:23.916+0000] {dag.py:3089} INFO - Sync 1 DAGs
[2026-03-04T08:01:23.924+0000] {logging_mixin.py:188} INFO - [2026-03-04T08:01:23.924+0000] {dag.py:3947} INFO - Setting next_dagrun for example_time_delta_sensor_async to None, run_after=None
[2026-03-04T08:01:23.933+0000] {processor.py:183} INFO - Processing /home/airflow/.local/lib/python3.12/site-packages/airflow/example_dags/example_time_delta_sensor_async.py took 0.031 seconds
[2026-03-04T08:01:54.466+0000] {processor.py:161} INFO - Started process (PID=2335) to work on /home/airflow/.local/lib/python3.12/site-packages/airflow/example_dags/example_time_delta_sensor_async.py
[2026-03-04T08:01:54.466+0000] {processor.py:830} INFO - Processing file /home/airflow/.local/lib/python3.12/site-packages/airflow/example_dags/example_time_delta_sensor_async.py for tasks to queue
[2026-03-04T08:01:54.467+0000] {logging_mixin.py:188} INFO - [2026-03-04T08:01:54.466+0000] {dagbag.py:545} INFO - Filling up the DagBag from /home/airflow/.local/lib/python3.12/site-packages/airflow/example_dags/example_time_delta_sensor_async.py
[2026-03-04T08:01:54.468+0000] {processor.py:840} INFO - DAG(s) 'example_time_delta_sensor_async' retrieved from /home/airflow/.local/lib/python3.12/site-packages/airflow/example_dags/example_time_delta_sensor_async.py
[2026-03-04T08:01:54.475+0000] {logging_mixin.py:188} INFO - [2026-03-04T08:01:54.475+0000] {dag.py:3089} INFO - Sync 1 DAGs
[2026-03-04T08:01:54.479+0000] {logging_mixin.py:188} INFO - [2026-03-04T08:01:54.479+0000] {dag.py:3947} INFO - Setting next_dagrun for example_time_delta_sensor_async to None, run_after=None
[2026-03-04T08:01:54.483+0000] {processor.py:183} INFO - Processing /home/airflow/.local/lib/python3.12/site-packages/airflow/example_dags/example_time_delta_sensor_async.py took 0.020 seconds
[2026-03-04T08:02:24.999+0000] {processor.py:161} INFO - Started process (PID=2597) to work on /home/airflow/.local/lib/python3.12/site-packages/airflow/example_dags/example_time_delta_sensor_async.py
[2026-03-04T08:02:25.000+0000] {processor.py:830} INFO - Processing file /home/airflow/.local/lib/python3.12/site-packages/airflow/example_dags/example_time_delta_sensor_async.py for tasks to queue
[2026-03-04T08:02:25.001+0000] {logging_mixin.py:188} INFO - [2026-03-04T08:02:25.000+0000] {dagbag.py:545} INFO - Filling up the DagBag from /home/airflow/.local/lib/python3.12/site-packages/airflow/example_dags/example_time_delta_sensor_async.py
[2026-03-04T08:02:25.002+0000] {processor.py:840} INFO - DAG(s) 'example_time_delta_sensor_async' retrieved from /home/airflow/.local/lib/python3.12/site-packages/airflow/example_dags/example_time_delta_sensor_async.py
[2026-03-04T08:02:25.014+0000] {logging_mixin.py:188} INFO - [2026-03-04T08:02:25.014+0000] {dag.py:3089} INFO - Sync 1 DAGs
[2026-03-04T08:02:25.019+0000] {logging_mixin.py:188} INFO - [2026-03-04T08:02:25.019+0000] {dag.py:3947} INFO - Setting next_dagrun for example_time_delta_sensor_async to None, run_after=None
[2026-03-04T08:02:25.027+0000] {processor.py:183} INFO - Processing /home/airflow/.local/lib/python3.12/site-packages/airflow/example_dags/example_time_delta_sensor_async.py took 0.030 seconds
[2026-03-04T08:02:55.490+0000] {processor.py:161} INFO - Started process (PID=2857) to work on /home/airflow/.local/lib/python3.12/site-packages/airflow/example_dags/example_time_delta_sensor_async.py
[2026-03-04T08:02:55.490+0000] {processor.py:830} INFO - Processing file /home/airflow/.local/lib/python3.12/site-packages/airflow/example_dags/example_time_delta_sensor_async.py for tasks to queue
[2026-03-04T08:02:55.492+0000] {logging_mixin.py:188} INFO - [2026-03-04T08:02:55.492+0000] {dagbag.py:545} INFO - Filling up the DagBag from /home/airflow/.local/lib/python3.12/site-packages/airflow/example_dags/example_time_delta_sensor_async.py
[2026-03-04T08:02:55.493+0000] {processor.py:840} INFO - DAG(s) 'example_time_delta_sensor_async' retrieved from /home/airflow/.local/lib/python3.12/site-packages/airflow/example_dags/example_time_delta_sensor_async.py
[2026-03-04T08:02:55.503+0000] {logging_mixin.py:188} INFO - [2026-03-04T08:02:55.503+0000] {dag.py:3089} INFO - Sync 1 DAGs
[2026-03-04T08:02:55.508+0000] {logging_mixin.py:188} INFO - [2026-03-04T08:02:55.508+0000] {dag.py:3947} INFO - Setting next_dagrun for example_time_delta_sensor_async to None, run_after=None
[2026-03-04T08:02:55.514+0000] {processor.py:183} INFO - Processing /home/airflow/.local/lib/python3.12/site-packages/airflow/example_dags/example_time_delta_sensor_async.py took 0.026 seconds
[2026-03-04T08:03:26.102+0000] {processor.py:161} INFO - Started process (PID=3119) to work on /home/airflow/.local/lib/python3.12/site-packages/airflow/example_dags/example_time_delta_sensor_async.py
[2026-03-04T08:03:26.103+0000] {processor.py:830} INFO - Processing file /home/airflow/.local/lib/python3.12/site-packages/airflow/example_dags/example_time_delta_sensor_async.py for tasks to queue
[2026-03-04T08:03:26.103+0000] {logging_mixin.py:188} INFO - [2026-03-04T08:03:26.103+0000] {dagbag.py:545} INFO - Filling up the DagBag from /home/airflow/.local/lib/python3.12/site-packages/airflow/example_dags/example_time_delta_sensor_async.py
[2026-03-04T08:03:26.105+0000] {processor.py:840} INFO - DAG(s) 'example_time_delta_sensor_async' retrieved from /home/airflow/.local/lib/python3.12/site-packages/airflow/example_dags/example_time_delta_sensor_async.py
[2026-03-04T08:03:26.115+0000] {logging_mixin.py:188} INFO - [2026-03-04T08:03:26.115+0000] {dag.py:3089} INFO - Sync 1 DAGs
[2026-03-04T08:03:26.122+0000] {logging_mixin.py:188} INFO - [2026-03-04T08:03:26.122+0000] {dag.py:3947} INFO - Setting next_dagrun for example_time_delta_sensor_async to None, run_after=None
[2026-03-04T08:03:26.132+0000] {processor.py:183} INFO - Processing /home/airflow/.local/lib/python3.12/site-packages/airflow/example_dags/example_time_delta_sensor_async.py took 0.032 seconds
[2026-03-04T08:03:56.632+0000] {processor.py:161} INFO - Started process (PID=3381) to work on /home/airflow/.local/lib/python3.12/site-packages/airflow/example_dags/example_time_delta_sensor_async.py
[2026-03-04T08:03:56.633+0000] {processor.py:830} INFO - Processing file /home/airflow/.local/lib/python3.12/site-packages/airflow/example_dags/example_time_delta_sensor_async.py for tasks to queue
[2026-03-04T08:03:56.634+0000] {logging_mixin.py:188} INFO - [2026-03-04T08:03:56.634+0000] {dagbag.py:545} INFO - Filling up the DagBag from /home/airflow/.local/lib/python3.12/site-packages/airflow/example_dags/example_time_delta_sensor_async.py
[2026-03-04T08:03:56.636+0000] {processor.py:840} INFO - DAG(s) 'example_time_delta_sensor_async' retrieved from /home/airflow/.local/lib/python3.12/site-packages/airflow/example_dags/example_time_delta_sensor_async.py
[2026-03-04T08:03:56.643+0000] {logging_mixin.py:188} INFO - [2026-03-04T08:03:56.643+0000] {dag.py:3089} INFO - Sync 1 DAGs
[2026-03-04T08:03:56.648+0000] {logging_mixin.py:188} INFO - [2026-03-04T08:03:56.648+0000] {dag.py:3947} INFO - Setting next_dagrun for example_time_delta_sensor_async to None, run_after=None
[2026-03-04T08:03:56.659+0000] {processor.py:183} INFO - Processing /home/airflow/.local/lib/python3.12/site-packages/airflow/example_dags/example_time_delta_sensor_async.py took 0.029 seconds
[2026-03-04T08:04:27.231+0000] {processor.py:161} INFO - Started process (PID=3643) to work on /home/airflow/.local/lib/python3.12/site-packages/airflow/example_dags/example_time_delta_sensor_async.py
[2026-03-04T08:04:27.232+0000] {processor.py:830} INFO - Processing file /home/airflow/.local/lib/python3.12/site-packages/airflow/example_dags/example_time_delta_sensor_async.py for tasks to queue
[2026-03-04T08:04:27.232+0000] {logging_mixin.py:188} INFO - [2026-03-04T08:04:27.232+0000] {dagbag.py:545} INFO - Filling up the DagBag from /home/airflow/.local/lib/python3.12/site-packages/airflow/example_dags/example_time_delta_sensor_async.py
[2026-03-04T08:04:27.234+0000] {processor.py:840} INFO - DAG(s) 'example_time_delta_sensor_async' retrieved from /home/airflow/.local/lib/python3.12/site-packages/airflow/example_dags/example_time_delta_sensor_async.py
[2026-03-04T08:04:27.246+0000] {logging_mixin.py:188} INFO - [2026-03-04T08:04:27.246+0000] {dag.py:3089} INFO - Sync 1 DAGs
[2026-03-04T08:04:27.251+0000] {logging_mixin.py:188} INFO - [2026-03-04T08:04:27.251+0000] {dag.py:3947} INFO - Setting next_dagrun for example_time_delta_sensor_async to None, run_after=None
[2026-03-04T08:04:27.264+0000] {processor.py:183} INFO - Processing /home/airflow/.local/lib/python3.12/site-packages/airflow/example_dags/example_time_delta_sensor_async.py took 0.036 seconds
[2026-03-04T08:04:57.809+0000] {processor.py:161} INFO - Started process (PID=3905) to work on /home/airflow/.local/lib/python3.12/site-packages/airflow/example_dags/example_time_delta_sensor_async.py
[2026-03-04T08:04:57.810+0000] {processor.py:830} INFO - Processing file /home/airflow/.local/lib/python3.12/site-packages/airflow/example_dags/example_time_delta_sensor_async.py for tasks to queue
[2026-03-04T08:04:57.810+0000] {logging_mixin.py:188} INFO - [2026-03-04T08:04:57.810+0000] {dagbag.py:545} INFO - Filling up the DagBag from /home/airflow/.local/lib/python3.12/site-packages/airflow/example_dags/example_time_delta_sensor_async.py
[2026-03-04T08:04:57.812+0000] {processor.py:840} INFO - DAG(s) 'example_time_delta_sensor_async' retrieved from /home/airflow/.local/lib/python3.12/site-packages/airflow/example_dags/example_time_delta_sensor_async.py
[2026-03-04T08:04:57.821+0000] {logging_mixin.py:188} INFO - [2026-03-04T08:04:57.821+0000] {dag.py:3089} INFO - Sync 1 DAGs
[2026-03-04T08:04:57.826+0000] {logging_mixin.py:188} INFO - [2026-03-04T08:04:57.826+0000] {dag.py:3947} INFO - Setting next_dagrun for example_time_delta_sensor_async to None, run_after=None
[2026-03-04T08:04:57.840+0000] {processor.py:183} INFO - Processing /home/airflow/.local/lib/python3.12/site-packages/airflow/example_dags/example_time_delta_sensor_async.py took 0.033 seconds
[2026-03-04T08:05:28.390+0000] {processor.py:161} INFO - Started process (PID=4167) to work on /home/airflow/.local/lib/python3.12/site-packages/airflow/example_dags/example_time_delta_sensor_async.py
[2026-03-04T08:05:28.391+0000] {processor.py:830} INFO - Processing file /home/airflow/.local/lib/python3.12/site-packages/airflow/example_dags/example_time_delta_sensor_async.py for tasks to queue
[2026-03-04T08:05:28.393+0000] {logging_mixin.py:188} INFO - [2026-03-04T08:05:28.392+0000] {dagbag.py:545} INFO - Filling up the DagBag from /home/airflow/.local/lib/python3.12/site-packages/airflow/example_dags/example_time_delta_sensor_async.py
[2026-03-04T08:05:28.394+0000] {processor.py:840} INFO - DAG(s) 'example_time_delta_sensor_async' retrieved from /home/airflow/.local/lib/python3.12/site-packages/airflow/example_dags/example_time_delta_sensor_async.py
[2026-03-04T08:05:28.403+0000] {logging_mixin.py:188} INFO - [2026-03-04T08:05:28.402+0000] {dag.py:3089} INFO - Sync 1 DAGs
[2026-03-04T08:05:28.409+0000] {logging_mixin.py:188} INFO - [2026-03-04T08:05:28.409+0000] {dag.py:3947} INFO - Setting next_dagrun for example_time_delta_sensor_async to None, run_after=None
[2026-03-04T08:05:28.415+0000] {processor.py:183} INFO - Processing /home/airflow/.local/lib/python3.12/site-packages/airflow/example_dags/example_time_delta_sensor_async.py took 0.027 seconds
[2026-03-04T08:05:58.975+0000] {processor.py:161} INFO - Started process (PID=4429) to work on /home/airflow/.local/lib/python3.12/site-packages/airflow/example_dags/example_time_delta_sensor_async.py
[2026-03-04T08:05:58.976+0000] {processor.py:830} INFO - Processing file /home/airflow/.local/lib/python3.12/site-packages/airflow/example_dags/example_time_delta_sensor_async.py for tasks to queue
[2026-03-04T08:05:58.977+0000] {logging_mixin.py:188} INFO - [2026-03-04T08:05:58.976+0000] {dagbag.py:545} INFO - Filling up the DagBag from /home/airflow/.local/lib/python3.12/site-packages/airflow/example_dags/example_time_delta_sensor_async.py
[2026-03-04T08:05:58.978+0000] {processor.py:840} INFO - DAG(s) 'example_time_delta_sensor_async' retrieved from /home/airflow/.local/lib/python3.12/site-packages/airflow/example_dags/example_time_delta_sensor_async.py
[2026-03-04T08:05:58.985+0000] {logging_mixin.py:188} INFO - [2026-03-04T08:05:58.984+0000] {dag.py:3089} INFO - Sync 1 DAGs
[2026-03-04T08:05:58.988+0000] {logging_mixin.py:188} INFO - [2026-03-04T08:05:58.988+0000] {dag.py:3947} INFO - Setting next_dagrun for example_time_delta_sensor_async to None, run_after=None
[2026-03-04T08:05:58.995+0000] {processor.py:183} INFO - Processing /home/airflow/.local/lib/python3.12/site-packages/airflow/example_dags/example_time_delta_sensor_async.py took 0.022 seconds
[2026-03-04T08:06:29.480+0000] {processor.py:161} INFO - Started process (PID=4691) to work on /home/airflow/.local/lib/python3.12/site-packages/airflow/example_dags/example_time_delta_sensor_async.py
[2026-03-04T08:06:29.480+0000] {processor.py:830} INFO - Processing file /home/airflow/.local/lib/python3.12/site-packages/airflow/example_dags/example_time_delta_sensor_async.py for tasks to queue
[2026-03-04T08:06:29.481+0000] {logging_mixin.py:188} INFO - [2026-03-04T08:06:29.481+0000] {dagbag.py:545} INFO - Filling up the DagBag from /home/airflow/.local/lib/python3.12/site-packages/airflow/example_dags/example_time_delta_sensor_async.py
[2026-03-04T08:06:29.484+0000] {processor.py:840} INFO - DAG(s) 'example_time_delta_sensor_async' retrieved from /home/airflow/.local/lib/python3.12/site-packages/airflow/example_dags/example_time_delta_sensor_async.py
[2026-03-04T08:06:29.494+0000] {logging_mixin.py:188} INFO - [2026-03-04T08:06:29.494+0000] {dag.py:3089} INFO - Sync 1 DAGs
[2026-03-04T08:06:29.498+0000] {logging_mixin.py:188} INFO - [2026-03-04T08:06:29.498+0000] {dag.py:3947} INFO - Setting next_dagrun for example_time_delta_sensor_async to None, run_after=None
[2026-03-04T08:06:29.507+0000] {processor.py:183} INFO - Processing /home/airflow/.local/lib/python3.12/site-packages/airflow/example_dags/example_time_delta_sensor_async.py took 0.029 seconds
[2026-03-04T08:07:00.099+0000] {processor.py:161} INFO - Started process (PID=4953) to work on /home/airflow/.local/lib/python3.12/site-packages/airflow/example_dags/example_time_delta_sensor_async.py
[2026-03-04T08:07:00.100+0000] {processor.py:830} INFO - Processing file /home/airflow/.local/lib/python3.12/site-packages/airflow/example_dags/example_time_delta_sensor_async.py for tasks to queue
[2026-03-04T08:07:00.100+0000] {logging_mixin.py:188} INFO - [2026-03-04T08:07:00.100+0000] {dagbag.py:545} INFO - Filling up the DagBag from /home/airflow/.local/lib/python3.12/site-packages/airflow/example_dags/example_time_delta_sensor_async.py
[2026-03-04T08:07:00.102+0000] {processor.py:840} INFO - DAG(s) 'example_time_delta_sensor_async' retrieved from /home/airflow/.local/lib/python3.12/site-packages/airflow/example_dags/example_time_delta_sensor_async.py
[2026-03-04T08:07:00.110+0000] {logging_mixin.py:188} INFO - [2026-03-04T08:07:00.110+0000] {dag.py:3089} INFO - Sync 1 DAGs
[2026-03-04T08:07:00.114+0000] {logging_mixin.py:188} INFO - [2026-03-04T08:07:00.114+0000] {dag.py:3947} INFO - Setting next_dagrun for example_time_delta_sensor_async to None, run_after=None
[2026-03-04T08:07:00.123+0000] {processor.py:183} INFO - Processing /home/airflow/.local/lib/python3.12/site-packages/airflow/example_dags/example_time_delta_sensor_async.py took 0.027 seconds
[2026-03-04T08:07:30.601+0000] {processor.py:161} INFO - Started process (PID=5217) to work on /home/airflow/.local/lib/python3.12/site-packages/airflow/example_dags/example_time_delta_sensor_async.py
[2026-03-04T08:07:30.602+0000] {processor.py:830} INFO - Processing file /home/airflow/.local/lib/python3.12/site-packages/airflow/example_dags/example_time_delta_sensor_async.py for tasks to queue
[2026-03-04T08:07:30.603+0000] {logging_mixin.py:188} INFO - [2026-03-04T08:07:30.603+0000] {dagbag.py:545} INFO - Filling up the DagBag from /home/airflow/.local/lib/python3.12/site-packages/airflow/example_dags/example_time_delta_sensor_async.py
[2026-03-04T08:07:30.605+0000] {processor.py:840} INFO - DAG(s) 'example_time_delta_sensor_async' retrieved from /home/airflow/.local/lib/python3.12/site-packages/airflow/example_dags/example_time_delta_sensor_async.py
[2026-03-04T08:07:30.614+0000] {logging_mixin.py:188} INFO - [2026-03-04T08:07:30.614+0000] {dag.py:3089} INFO - Sync 1 DAGs
[2026-03-04T08:07:30.618+0000] {logging_mixin.py:188} INFO - [2026-03-04T08:07:30.618+0000] {dag.py:3947} INFO - Setting next_dagrun for example_time_delta_sensor_async to None, run_after=None
[2026-03-04T08:07:30.629+0000] {processor.py:183} INFO - Processing /home/airflow/.local/lib/python3.12/site-packages/airflow/example_dags/example_time_delta_sensor_async.py took 0.030 seconds
[2026-03-04T08:08:01.194+0000] {processor.py:161} INFO - Started process (PID=5477) to work on /home/airflow/.local/lib/python3.12/site-packages/airflow/example_dags/example_time_delta_sensor_async.py
[2026-03-04T08:08:01.195+0000] {processor.py:830} INFO - Processing file /home/airflow/.local/lib/python3.12/site-packages/airflow/example_dags/example_time_delta_sensor_async.py for tasks to queue
[2026-03-04T08:08:01.196+0000] {logging_mixin.py:188} INFO - [2026-03-04T08:08:01.196+0000] {dagbag.py:545} INFO - Filling up the DagBag from /home/airflow/.local/lib/python3.12/site-packages/airflow/example_dags/example_time_delta_sensor_async.py
[2026-03-04T08:08:01.198+0000] {processor.py:840} INFO - DAG(s) 'example_time_delta_sensor_async' retrieved from /home/airflow/.local/lib/python3.12/site-packages/airflow/example_dags/example_time_delta_sensor_async.py
[2026-03-04T08:08:01.205+0000] {logging_mixin.py:188} INFO - [2026-03-04T08:08:01.205+0000] {dag.py:3089} INFO - Sync 1 DAGs
[2026-03-04T08:08:01.213+0000] {logging_mixin.py:188} INFO - [2026-03-04T08:08:01.212+0000] {dag.py:3947} INFO - Setting next_dagrun for example_time_delta_sensor_async to None, run_after=None
[2026-03-04T08:08:01.221+0000] {processor.py:183} INFO - Processing /home/airflow/.local/lib/python3.12/site-packages/airflow/example_dags/example_time_delta_sensor_async.py took 0.030 seconds
[2026-03-04T08:08:31.727+0000] {processor.py:161} INFO - Started process (PID=5739) to work on /home/airflow/.local/lib/python3.12/site-packages/airflow/example_dags/example_time_delta_sensor_async.py
[2026-03-04T08:08:31.728+0000] {processor.py:830} INFO - Processing file /home/airflow/.local/lib/python3.12/site-packages/airflow/example_dags/example_time_delta_sensor_async.py for tasks to queue
[2026-03-04T08:08:31.729+0000] {logging_mixin.py:188} INFO - [2026-03-04T08:08:31.729+0000] {dagbag.py:545} INFO - Filling up the DagBag from /home/airflow/.local/lib/python3.12/site-packages/airflow/example_dags/example_time_delta_sensor_async.py
[2026-03-04T08:08:31.731+0000] {processor.py:840} INFO - DAG(s) 'example_time_delta_sensor_async' retrieved from /home/airflow/.local/lib/python3.12/site-packages/airflow/example_dags/example_time_delta_sensor_async.py
[2026-03-04T08:08:31.745+0000] {logging_mixin.py:188} INFO - [2026-03-04T08:08:31.745+0000] {dag.py:3089} INFO - Sync 1 DAGs
[2026-03-04T08:08:31.751+0000] {logging_mixin.py:188} INFO - [2026-03-04T08:08:31.751+0000] {dag.py:3947} INFO - Setting next_dagrun for example_time_delta_sensor_async to None, run_after=None
[2026-03-04T08:08:31.759+0000] {processor.py:183} INFO - Processing /home/airflow/.local/lib/python3.12/site-packages/airflow/example_dags/example_time_delta_sensor_async.py took 0.033 seconds
[2026-03-04T08:09:02.394+0000] {processor.py:161} INFO - Started process (PID=6001) to work on /home/airflow/.local/lib/python3.12/site-packages/airflow/example_dags/example_time_delta_sensor_async.py
[2026-03-04T08:09:02.395+0000] {processor.py:830} INFO - Processing file /home/airflow/.local/lib/python3.12/site-packages/airflow/example_dags/example_time_delta_sensor_async.py for tasks to queue
[2026-03-04T08:09:02.395+0000] {logging_mixin.py:188} INFO - [2026-03-04T08:09:02.395+0000] {dagbag.py:545} INFO - Filling up the DagBag from /home/airflow/.local/lib/python3.12/site-packages/airflow/example_dags/example_time_delta_sensor_async.py
[2026-03-04T08:09:02.397+0000] {processor.py:840} INFO - DAG(s) 'example_time_delta_sensor_async' retrieved from /home/airflow/.local/lib/python3.12/site-packages/airflow/example_dags/example_time_delta_sensor_async.py
[2026-03-04T08:09:02.408+0000] {logging_mixin.py:188} INFO - [2026-03-04T08:09:02.408+0000] {dag.py:3089} INFO - Sync 1 DAGs
[2026-03-04T08:09:02.413+0000] {logging_mixin.py:188} INFO - [2026-03-04T08:09:02.413+0000] {dag.py:3947} INFO - Setting next_dagrun for example_time_delta_sensor_async to None, run_after=None
[2026-03-04T08:09:02.423+0000] {processor.py:183} INFO - Processing /home/airflow/.local/lib/python3.12/site-packages/airflow/example_dags/example_time_delta_sensor_async.py took 0.031 seconds
[2026-03-04T08:09:32.989+0000] {processor.py:161} INFO - Started process (PID=6265) to work on /home/airflow/.local/lib/python3.12/site-packages/airflow/example_dags/example_time_delta_sensor_async.py
[2026-03-04T08:09:32.990+0000] {processor.py:830} INFO - Processing file /home/airflow/.local/lib/python3.12/site-packages/airflow/example_dags/example_time_delta_sensor_async.py for tasks to queue
[2026-03-04T08:09:32.991+0000] {logging_mixin.py:188} INFO - [2026-03-04T08:09:32.991+0000] {dagbag.py:545} INFO - Filling up the DagBag from /home/airflow/.local/lib/python3.12/site-packages/airflow/example_dags/example_time_delta_sensor_async.py
[2026-03-04T08:09:32.993+0000] {processor.py:840} INFO - DAG(s) 'example_time_delta_sensor_async' retrieved from /home/airflow/.local/lib/python3.12/site-packages/airflow/example_dags/example_time_delta_sensor_async.py
[2026-03-04T08:09:33.002+0000] {logging_mixin.py:188} INFO - [2026-03-04T08:09:33.002+0000] {dag.py:3089} INFO - Sync 1 DAGs
[2026-03-04T08:09:33.008+0000] {logging_mixin.py:188} INFO - [2026-03-04T08:09:33.008+0000] {dag.py:3947} INFO - Setting next_dagrun for example_time_delta_sensor_async to None, run_after=None
[2026-03-04T08:09:33.018+0000] {processor.py:183} INFO - Processing /home/airflow/.local/lib/python3.12/site-packages/airflow/example_dags/example_time_delta_sensor_async.py took 0.030 seconds
[2026-03-04T08:10:03.552+0000] {processor.py:161} INFO - Started process (PID=6525) to work on /home/airflow/.local/lib/python3.12/site-packages/airflow/example_dags/example_time_delta_sensor_async.py
[2026-03-04T08:10:03.553+0000] {processor.py:830} INFO - Processing file /home/airflow/.local/lib/python3.12/site-packages/airflow/example_dags/example_time_delta_sensor_async.py for tasks to queue
[2026-03-04T08:10:03.554+0000] {logging_mixin.py:188} INFO - [2026-03-04T08:10:03.554+0000] {dagbag.py:545} INFO - Filling up the DagBag from /home/airflow/.local/lib/python3.12/site-packages/airflow/example_dags/example_time_delta_sensor_async.py
[2026-03-04T08:10:03.556+0000] {processor.py:840} INFO - DAG(s) 'example_time_delta_sensor_async' retrieved from /home/airflow/.local/lib/python3.12/site-packages/airflow/example_dags/example_time_delta_sensor_async.py
[2026-03-04T08:10:03.567+0000] {logging_mixin.py:188} INFO - [2026-03-04T08:10:03.567+0000] {dag.py:3089} INFO - Sync 1 DAGs
[2026-03-04T08:10:03.572+0000] {logging_mixin.py:188} INFO - [2026-03-04T08:10:03.572+0000] {dag.py:3947} INFO - Setting next_dagrun for example_time_delta_sensor_async to None, run_after=None
[2026-03-04T08:10:03.581+0000] {processor.py:183} INFO - Processing /home/airflow/.local/lib/python3.12/site-packages/airflow/example_dags/example_time_delta_sensor_async.py took 0.030 seconds
[2026-03-04T08:10:34.095+0000] {processor.py:161} INFO - Started process (PID=6790) to work on /home/airflow/.local/lib/python3.12/site-packages/airflow/example_dags/example_time_delta_sensor_async.py
[2026-03-04T08:10:34.095+0000] {processor.py:830} INFO - Processing file /home/airflow/.local/lib/python3.12/site-packages/airflow/example_dags/example_time_delta_sensor_async.py for tasks to queue
[2026-03-04T08:10:34.096+0000] {logging_mixin.py:188} INFO - [2026-03-04T08:10:34.096+0000] {dagbag.py:545} INFO - Filling up the DagBag from /home/airflow/.local/lib/python3.12/site-packages/airflow/example_dags/example_time_delta_sensor_async.py
[2026-03-04T08:10:34.098+0000] {processor.py:840} INFO - DAG(s) 'example_time_delta_sensor_async' retrieved from /home/airflow/.local/lib/python3.12/site-packages/airflow/example_dags/example_time_delta_sensor_async.py
[2026-03-04T08:10:34.107+0000] {logging_mixin.py:188} INFO - [2026-03-04T08:10:34.107+0000] {dag.py:3089} INFO - Sync 1 DAGs
[2026-03-04T08:10:34.111+0000] {logging_mixin.py:188} INFO - [2026-03-04T08:10:34.111+0000] {dag.py:3947} INFO - Setting next_dagrun for example_time_delta_sensor_async to None, run_after=None
[2026-03-04T08:10:34.124+0000] {processor.py:183} INFO - Processing /home/airflow/.local/lib/python3.12/site-packages/airflow/example_dags/example_time_delta_sensor_async.py took 0.031 seconds
[2026-03-04T08:11:04.757+0000] {processor.py:161} INFO - Started process (PID=7052) to work on /home/airflow/.local/lib/python3.12/site-packages/airflow/example_dags/example_time_delta_sensor_async.py
[2026-03-04T08:11:04.758+0000] {processor.py:830} INFO - Processing file /home/airflow/.local/lib/python3.12/site-packages/airflow/example_dags/example_time_delta_sensor_async.py for tasks to queue
[2026-03-04T08:11:04.759+0000] {logging_mixin.py:188} INFO - [2026-03-04T08:11:04.759+0000] {dagbag.py:545} INFO - Filling up the DagBag from /home/airflow/.local/lib/python3.12/site-packages/airflow/example_dags/example_time_delta_sensor_async.py
[2026-03-04T08:11:04.762+0000] {processor.py:840} INFO - DAG(s) 'example_time_delta_sensor_async' retrieved from /home/airflow/.local/lib/python3.12/site-packages/airflow/example_dags/example_time_delta_sensor_async.py
[2026-03-04T08:11:04.769+0000] {logging_mixin.py:188} INFO - [2026-03-04T08:11:04.769+0000] {dag.py:3089} INFO - Sync 1 DAGs
[2026-03-04T08:11:04.774+0000] {logging_mixin.py:188} INFO - [2026-03-04T08:11:04.774+0000] {dag.py:3947} INFO - Setting next_dagrun for example_time_delta_sensor_async to None, run_after=None
[2026-03-04T08:11:04.784+0000] {processor.py:183} INFO - Processing /home/airflow/.local/lib/python3.12/site-packages/airflow/example_dags/example_time_delta_sensor_async.py took 0.030 seconds
[2026-03-04T08:11:35.367+0000] {processor.py:161} INFO - Started process (PID=7314) to work on /home/airflow/.local/lib/python3.12/site-packages/airflow/example_dags/example_time_delta_sensor_async.py
[2026-03-04T08:11:35.367+0000] {processor.py:830} INFO - Processing file /home/airflow/.local/lib/python3.12/site-packages/airflow/example_dags/example_time_delta_sensor_async.py for tasks to queue
[2026-03-04T08:11:35.368+0000] {logging_mixin.py:188} INFO - [2026-03-04T08:11:35.368+0000] {dagbag.py:545} INFO - Filling up the DagBag from /home/airflow/.local/lib/python3.12/site-packages/airflow/example_dags/example_time_delta_sensor_async.py
[2026-03-04T08:11:35.370+0000] {processor.py:840} INFO - DAG(s) 'example_time_delta_sensor_async' retrieved from /home/airflow/.local/lib/python3.12/site-packages/airflow/example_dags/example_time_delta_sensor_async.py
[2026-03-04T08:11:35.381+0000] {logging_mixin.py:188} INFO - [2026-03-04T08:11:35.381+0000] {dag.py:3089} INFO - Sync 1 DAGs
[2026-03-04T08:11:35.385+0000] {logging_mixin.py:188} INFO - [2026-03-04T08:11:35.385+0000] {dag.py:3947} INFO - Setting next_dagrun for example_time_delta_sensor_async to None, run_after=None
[2026-03-04T08:11:35.392+0000] {processor.py:183} INFO - Processing /home/airflow/.local/lib/python3.12/site-packages/airflow/example_dags/example_time_delta_sensor_async.py took 0.028 seconds
[2026-03-04T08:12:05.886+0000] {processor.py:161} INFO - Started process (PID=7576) to work on /home/airflow/.local/lib/python3.12/site-packages/airflow/example_dags/example_time_delta_sensor_async.py
[2026-03-04T08:12:05.886+0000] {processor.py:830} INFO - Processing file /home/airflow/.local/lib/python3.12/site-packages/airflow/example_dags/example_time_delta_sensor_async.py for tasks to queue
[2026-03-04T08:12:05.888+0000] {logging_mixin.py:188} INFO - [2026-03-04T08:12:05.888+0000] {dagbag.py:545} INFO - Filling up the DagBag from /home/airflow/.local/lib/python3.12/site-packages/airflow/example_dags/example_time_delta_sensor_async.py
[2026-03-04T08:12:05.889+0000] {processor.py:840} INFO - DAG(s) 'example_time_delta_sensor_async' retrieved from /home/airflow/.local/lib/python3.12/site-packages/airflow/example_dags/example_time_delta_sensor_async.py
[2026-03-04T08:12:05.897+0000] {logging_mixin.py:188} INFO - [2026-03-04T08:12:05.897+0000] {dag.py:3089} INFO - Sync 1 DAGs
[2026-03-04T08:12:05.901+0000] {logging_mixin.py:188} INFO - [2026-03-04T08:12:05.901+0000] {dag.py:3947} INFO - Setting next_dagrun for example_time_delta_sensor_async to None, run_after=None
[2026-03-04T08:12:05.909+0000] {processor.py:183} INFO - Processing /home/airflow/.local/lib/python3.12/site-packages/airflow/example_dags/example_time_delta_sensor_async.py took 0.025 seconds
[2026-03-04T08:12:36.445+0000] {processor.py:161} INFO - Started process (PID=7838) to work on /home/airflow/.local/lib/python3.12/site-packages/airflow/example_dags/example_time_delta_sensor_async.py
[2026-03-04T08:12:36.446+0000] {processor.py:830} INFO - Processing file /home/airflow/.local/lib/python3.12/site-packages/airflow/example_dags/example_time_delta_sensor_async.py for tasks to queue
[2026-03-04T08:12:36.447+0000] {logging_mixin.py:188} INFO - [2026-03-04T08:12:36.447+0000] {dagbag.py:545} INFO - Filling up the DagBag from /home/airflow/.local/lib/python3.12/site-packages/airflow/example_dags/example_time_delta_sensor_async.py
[2026-03-04T08:12:36.449+0000] {processor.py:840} INFO - DAG(s) 'example_time_delta_sensor_async' retrieved from /home/airflow/.local/lib/python3.12/site-packages/airflow/example_dags/example_time_delta_sensor_async.py
[2026-03-04T08:12:36.455+0000] {logging_mixin.py:188} INFO - [2026-03-04T08:12:36.455+0000] {dag.py:3089} INFO - Sync 1 DAGs
[2026-03-04T08:12:36.460+0000] {logging_mixin.py:188} INFO - [2026-03-04T08:12:36.460+0000] {dag.py:3947} INFO - Setting next_dagrun for example_time_delta_sensor_async to None, run_after=None
[2026-03-04T08:12:36.470+0000] {processor.py:183} INFO - Processing /home/airflow/.local/lib/python3.12/site-packages/airflow/example_dags/example_time_delta_sensor_async.py took 0.027 seconds
[2026-03-04T08:13:06.984+0000] {processor.py:161} INFO - Started process (PID=8100) to work on /home/airflow/.local/lib/python3.12/site-packages/airflow/example_dags/example_time_delta_sensor_async.py
[2026-03-04T08:13:06.985+0000] {processor.py:830} INFO - Processing file /home/airflow/.local/lib/python3.12/site-packages/airflow/example_dags/example_time_delta_sensor_async.py for tasks to queue
[2026-03-04T08:13:06.985+0000] {logging_mixin.py:188} INFO - [2026-03-04T08:13:06.985+0000] {dagbag.py:545} INFO - Filling up the DagBag from /home/airflow/.local/lib/python3.12/site-packages/airflow/example_dags/example_time_delta_sensor_async.py
[2026-03-04T08:13:06.987+0000] {processor.py:840} INFO - DAG(s) 'example_time_delta_sensor_async' retrieved from /home/airflow/.local/lib/python3.12/site-packages/airflow/example_dags/example_time_delta_sensor_async.py
[2026-03-04T08:13:06.994+0000] {logging_mixin.py:188} INFO - [2026-03-04T08:13:06.994+0000] {dag.py:3089} INFO - Sync 1 DAGs
[2026-03-04T08:13:06.998+0000] {logging_mixin.py:188} INFO - [2026-03-04T08:13:06.998+0000] {dag.py:3947} INFO - Setting next_dagrun for example_time_delta_sensor_async to None, run_after=None
[2026-03-04T08:13:07.008+0000] {processor.py:183} INFO - Processing /home/airflow/.local/lib/python3.12/site-packages/airflow/example_dags/example_time_delta_sensor_async.py took 0.027 seconds
[2026-03-04T08:13:37.559+0000] {processor.py:161} INFO - Started process (PID=8364) to work on /home/airflow/.local/lib/python3.12/site-packages/airflow/example_dags/example_time_delta_sensor_async.py
[2026-03-04T08:13:37.560+0000] {processor.py:830} INFO - Processing file /home/airflow/.local/lib/python3.12/site-packages/airflow/example_dags/example_time_delta_sensor_async.py for tasks to queue
[2026-03-04T08:13:37.561+0000] {logging_mixin.py:188} INFO - [2026-03-04T08:13:37.560+0000] {dagbag.py:545} INFO - Filling up the DagBag from /home/airflow/.local/lib/python3.12/site-packages/airflow/example_dags/example_time_delta_sensor_async.py
[2026-03-04T08:13:37.563+0000] {processor.py:840} INFO - DAG(s) 'example_time_delta_sensor_async' retrieved from /home/airflow/.local/lib/python3.12/site-packages/airflow/example_dags/example_time_delta_sensor_async.py
[2026-03-04T08:13:37.572+0000] {logging_mixin.py:188} INFO - [2026-03-04T08:13:37.572+0000] {dag.py:3089} INFO - Sync 1 DAGs
[2026-03-04T08:13:37.577+0000] {logging_mixin.py:188} INFO - [2026-03-04T08:13:37.576+0000] {dag.py:3947} INFO - Setting next_dagrun for example_time_delta_sensor_async to None, run_after=None
[2026-03-04T08:13:37.586+0000] {processor.py:183} INFO - Processing /home/airflow/.local/lib/python3.12/site-packages/airflow/example_dags/example_time_delta_sensor_async.py took 0.030 seconds
[2026-03-04T08:14:08.065+0000] {processor.py:161} INFO - Started process (PID=8624) to work on /home/airflow/.local/lib/python3.12/site-packages/airflow/example_dags/example_time_delta_sensor_async.py
[2026-03-04T08:14:08.065+0000] {processor.py:830} INFO - Processing file /home/airflow/.local/lib/python3.12/site-packages/airflow/example_dags/example_time_delta_sensor_async.py for tasks to queue
[2026-03-04T08:14:08.066+0000] {logging_mixin.py:188} INFO - [2026-03-04T08:14:08.066+0000] {dagbag.py:545} INFO - Filling up the DagBag from /home/airflow/.local/lib/python3.12/site-packages/airflow/example_dags/example_time_delta_sensor_async.py
[2026-03-04T08:14:08.068+0000] {processor.py:840} INFO - DAG(s) 'example_time_delta_sensor_async' retrieved from /home/airflow/.local/lib/python3.12/site-packages/airflow/example_dags/example_time_delta_sensor_async.py
[2026-03-04T08:14:08.076+0000] {logging_mixin.py:188} INFO - [2026-03-04T08:14:08.076+0000] {dag.py:3089} INFO - Sync 1 DAGs
[2026-03-04T08:14:08.080+0000] {logging_mixin.py:188} INFO - [2026-03-04T08:14:08.080+0000] {dag.py:3947} INFO - Setting next_dagrun for example_time_delta_sensor_async to None, run_after=None
[2026-03-04T08:14:08.089+0000] {processor.py:183} INFO - Processing /home/airflow/.local/lib/python3.12/site-packages/airflow/example_dags/example_time_delta_sensor_async.py took 0.026 seconds
[2026-03-04T08:14:38.596+0000] {processor.py:161} INFO - Started process (PID=8886) to work on /home/airflow/.local/lib/python3.12/site-packages/airflow/example_dags/example_time_delta_sensor_async.py
[2026-03-04T08:14:38.597+0000] {processor.py:830} INFO - Processing file /home/airflow/.local/lib/python3.12/site-packages/airflow/example_dags/example_time_delta_sensor_async.py for tasks to queue
[2026-03-04T08:14:38.598+0000] {logging_mixin.py:188} INFO - [2026-03-04T08:14:38.598+0000] {dagbag.py:545} INFO - Filling up the DagBag from /home/airflow/.local/lib/python3.12/site-packages/airflow/example_dags/example_time_delta_sensor_async.py
[2026-03-04T08:14:38.600+0000] {processor.py:840} INFO - DAG(s) 'example_time_delta_sensor_async' retrieved from /home/airflow/.local/lib/python3.12/site-packages/airflow/example_dags/example_time_delta_sensor_async.py
[2026-03-04T08:14:38.609+0000] {logging_mixin.py:188} INFO - [2026-03-04T08:14:38.609+0000] {dag.py:3089} INFO - Sync 1 DAGs
[2026-03-04T08:14:38.613+0000] {logging_mixin.py:188} INFO - [2026-03-04T08:14:38.613+0000] {dag.py:3947} INFO - Setting next_dagrun for example_time_delta_sensor_async to None, run_after=None
[2026-03-04T08:14:38.619+0000] {processor.py:183} INFO - Processing /home/airflow/.local/lib/python3.12/site-packages/airflow/example_dags/example_time_delta_sensor_async.py took 0.026 seconds
[2026-03-04T08:15:09.120+0000] {processor.py:161} INFO - Started process (PID=9152) to work on /home/airflow/.local/lib/python3.12/site-packages/airflow/example_dags/example_time_delta_sensor_async.py
[2026-03-04T08:15:09.121+0000] {processor.py:830} INFO - Processing file /home/airflow/.local/lib/python3.12/site-packages/airflow/example_dags/example_time_delta_sensor_async.py for tasks to queue
[2026-03-04T08:15:09.122+0000] {logging_mixin.py:188} INFO - [2026-03-04T08:15:09.121+0000] {dagbag.py:545} INFO - Filling up the DagBag from /home/airflow/.local/lib/python3.12/site-packages/airflow/example_dags/example_time_delta_sensor_async.py
[2026-03-04T08:15:09.123+0000] {processor.py:840} INFO - DAG(s) 'example_time_delta_sensor_async' retrieved from /home/airflow/.local/lib/python3.12/site-packages/airflow/example_dags/example_time_delta_sensor_async.py
[2026-03-04T08:15:09.131+0000] {logging_mixin.py:188} INFO - [2026-03-04T08:15:09.131+0000] {dag.py:3089} INFO - Sync 1 DAGs
[2026-03-04T08:15:09.136+0000] {logging_mixin.py:188} INFO - [2026-03-04T08:15:09.136+0000] {dag.py:3947} INFO - Setting next_dagrun for example_time_delta_sensor_async to None, run_after=None
[2026-03-04T08:15:09.142+0000] {processor.py:183} INFO - Processing /home/airflow/.local/lib/python3.12/site-packages/airflow/example_dags/example_time_delta_sensor_async.py took 0.024 seconds
[2026-03-04T08:15:39.718+0000] {processor.py:161} INFO - Started process (PID=9420) to work on /home/airflow/.local/lib/python3.12/site-packages/airflow/example_dags/example_time_delta_sensor_async.py
[2026-03-04T08:15:39.718+0000] {processor.py:830} INFO - Processing file /home/airflow/.local/lib/python3.12/site-packages/airflow/example_dags/example_time_delta_sensor_async.py for tasks to queue
[2026-03-04T08:15:39.719+0000] {logging_mixin.py:188} INFO - [2026-03-04T08:15:39.719+0000] {dagbag.py:545} INFO - Filling up the DagBag from /home/airflow/.local/lib/python3.12/site-packages/airflow/example_dags/example_time_delta_sensor_async.py
[2026-03-04T08:15:39.721+0000] {processor.py:840} INFO - DAG(s) 'example_time_delta_sensor_async' retrieved from /home/airflow/.local/lib/python3.12/site-packages/airflow/example_dags/example_time_delta_sensor_async.py
[2026-03-04T08:15:39.732+0000] {logging_mixin.py:188} INFO - [2026-03-04T08:15:39.731+0000] {dag.py:3089} INFO - Sync 1 DAGs
[2026-03-04T08:15:39.738+0000] {logging_mixin.py:188} INFO - [2026-03-04T08:15:39.737+0000] {dag.py:3947} INFO - Setting next_dagrun for example_time_delta_sensor_async to None, run_after=None
[2026-03-04T08:15:39.746+0000] {processor.py:183} INFO - Processing /home/airflow/.local/lib/python3.12/site-packages/airflow/example_dags/example_time_delta_sensor_async.py took 0.031 seconds
[2026-03-04T08:16:10.313+0000] {processor.py:161} INFO - Started process (PID=9680) to work on /home/airflow/.local/lib/python3.12/site-packages/airflow/example_dags/example_time_delta_sensor_async.py
[2026-03-04T08:16:10.314+0000] {processor.py:830} INFO - Processing file /home/airflow/.local/lib/python3.12/site-packages/airflow/example_dags/example_time_delta_sensor_async.py for tasks to queue
[2026-03-04T08:16:10.315+0000] {logging_mixin.py:188} INFO - [2026-03-04T08:16:10.315+0000] {dagbag.py:545} INFO - Filling up the DagBag from /home/airflow/.local/lib/python3.12/site-packages/airflow/example_dags/example_time_delta_sensor_async.py
[2026-03-04T08:16:10.317+0000] {processor.py:840} INFO - DAG(s) 'example_time_delta_sensor_async' retrieved from /home/airflow/.local/lib/python3.12/site-packages/airflow/example_dags/example_time_delta_sensor_async.py
[2026-03-04T08:16:10.326+0000] {logging_mixin.py:188} INFO - [2026-03-04T08:16:10.326+0000] {dag.py:3089} INFO - Sync 1 DAGs
[2026-03-04T08:16:10.333+0000] {logging_mixin.py:188} INFO - [2026-03-04T08:16:10.333+0000] {dag.py:3947} INFO - Setting next_dagrun for example_time_delta_sensor_async to None, run_after=None
[2026-03-04T08:16:10.342+0000] {processor.py:183} INFO - Processing /home/airflow/.local/lib/python3.12/site-packages/airflow/example_dags/example_time_delta_sensor_async.py took 0.031 seconds
[2026-03-04T08:16:40.962+0000] {processor.py:161} INFO - Started process (PID=9942) to work on /home/airflow/.local/lib/python3.12/site-packages/airflow/example_dags/example_time_delta_sensor_async.py
[2026-03-04T08:16:40.964+0000] {processor.py:830} INFO - Processing file /home/airflow/.local/lib/python3.12/site-packages/airflow/example_dags/example_time_delta_sensor_async.py for tasks to queue
[2026-03-04T08:16:40.965+0000] {logging_mixin.py:188} INFO - [2026-03-04T08:16:40.965+0000] {dagbag.py:545} INFO - Filling up the DagBag from /home/airflow/.local/lib/python3.12/site-packages/airflow/example_dags/example_time_delta_sensor_async.py
[2026-03-04T08:16:40.967+0000] {processor.py:840} INFO - DAG(s) 'example_time_delta_sensor_async' retrieved from /home/airflow/.local/lib/python3.12/site-packages/airflow/example_dags/example_time_delta_sensor_async.py
[2026-03-04T08:16:40.976+0000] {logging_mixin.py:188} INFO - [2026-03-04T08:16:40.975+0000] {dag.py:3089} INFO - Sync 1 DAGs
[2026-03-04T08:16:40.981+0000] {logging_mixin.py:188} INFO - [2026-03-04T08:16:40.981+0000] {dag.py:3947} INFO - Setting next_dagrun for example_time_delta_sensor_async to None, run_after=None
[2026-03-04T08:16:40.990+0000] {processor.py:183} INFO - Processing /home/airflow/.local/lib/python3.12/site-packages/airflow/example_dags/example_time_delta_sensor_async.py took 0.031 seconds
[2026-03-04T08:17:11.815+0000] {processor.py:161} INFO - Started process (PID=10204) to work on /home/airflow/.local/lib/python3.12/site-packages/airflow/example_dags/example_time_delta_sensor_async.py
[2026-03-04T08:17:11.815+0000] {processor.py:830} INFO - Processing file /home/airflow/.local/lib/python3.12/site-packages/airflow/example_dags/example_time_delta_sensor_async.py for tasks to queue
[2026-03-04T08:17:11.816+0000] {logging_mixin.py:188} INFO - [2026-03-04T08:17:11.816+0000] {dagbag.py:545} INFO - Filling up the DagBag from /home/airflow/.local/lib/python3.12/site-packages/airflow/example_dags/example_time_delta_sensor_async.py
[2026-03-04T08:17:11.818+0000] {processor.py:840} INFO - DAG(s) 'example_time_delta_sensor_async' retrieved from /home/airflow/.local/lib/python3.12/site-packages/airflow/example_dags/example_time_delta_sensor_async.py
[2026-03-04T08:17:11.825+0000] {logging_mixin.py:188} INFO - [2026-03-04T08:17:11.825+0000] {dag.py:3089} INFO - Sync 1 DAGs
[2026-03-04T08:17:11.830+0000] {logging_mixin.py:188} INFO - [2026-03-04T08:17:11.830+0000] {dag.py:3947} INFO - Setting next_dagrun for example_time_delta_sensor_async to None, run_after=None
[2026-03-04T08:17:11.836+0000] {processor.py:183} INFO - Processing /home/airflow/.local/lib/python3.12/site-packages/airflow/example_dags/example_time_delta_sensor_async.py took 0.024 seconds
[2026-03-04T08:17:42.664+0000] {processor.py:161} INFO - Started process (PID=10466) to work on /home/airflow/.local/lib/python3.12/site-packages/airflow/example_dags/example_time_delta_sensor_async.py
[2026-03-04T08:17:42.667+0000] {processor.py:830} INFO - Processing file /home/airflow/.local/lib/python3.12/site-packages/airflow/example_dags/example_time_delta_sensor_async.py for tasks to queue
[2026-03-04T08:17:42.668+0000] {logging_mixin.py:188} INFO - [2026-03-04T08:17:42.668+0000] {dagbag.py:545} INFO - Filling up the DagBag from /home/airflow/.local/lib/python3.12/site-packages/airflow/example_dags/example_time_delta_sensor_async.py
[2026-03-04T08:17:42.669+0000] {processor.py:840} INFO - DAG(s) 'example_time_delta_sensor_async' retrieved from /home/airflow/.local/lib/python3.12/site-packages/airflow/example_dags/example_time_delta_sensor_async.py
[2026-03-04T08:17:42.685+0000] {logging_mixin.py:188} INFO - [2026-03-04T08:17:42.685+0000] {dag.py:3089} INFO - Sync 1 DAGs
[2026-03-04T08:17:42.689+0000] {logging_mixin.py:188} INFO - [2026-03-04T08:17:42.689+0000] {dag.py:3947} INFO - Setting next_dagrun for example_time_delta_sensor_async to None, run_after=None
[2026-03-04T08:17:42.695+0000] {processor.py:183} INFO - Processing /home/airflow/.local/lib/python3.12/site-packages/airflow/example_dags/example_time_delta_sensor_async.py took 0.034 seconds
[2026-03-04T08:18:12.760+0000] {processor.py:161} INFO - Started process (PID=10723) to work on /home/airflow/.local/lib/python3.12/site-packages/airflow/example_dags/example_time_delta_sensor_async.py
[2026-03-04T08:18:12.761+0000] {processor.py:830} INFO - Processing file /home/airflow/.local/lib/python3.12/site-packages/airflow/example_dags/example_time_delta_sensor_async.py for tasks to queue
[2026-03-04T08:18:12.763+0000] {logging_mixin.py:188} INFO - [2026-03-04T08:18:12.763+0000] {dagbag.py:545} INFO - Filling up the DagBag from /home/airflow/.local/lib/python3.12/site-packages/airflow/example_dags/example_time_delta_sensor_async.py
[2026-03-04T08:18:12.765+0000] {processor.py:840} INFO - DAG(s) 'example_time_delta_sensor_async' retrieved from /home/airflow/.local/lib/python3.12/site-packages/airflow/example_dags/example_time_delta_sensor_async.py
[2026-03-04T08:18:12.776+0000] {logging_mixin.py:188} INFO - [2026-03-04T08:18:12.776+0000] {dag.py:3089} INFO - Sync 1 DAGs
[2026-03-04T08:18:12.782+0000] {logging_mixin.py:188} INFO - [2026-03-04T08:18:12.781+0000] {dag.py:3947} INFO - Setting next_dagrun for example_time_delta_sensor_async to None, run_after=None
[2026-03-04T08:18:12.792+0000] {processor.py:183} INFO - Processing /home/airflow/.local/lib/python3.12/site-packages/airflow/example_dags/example_time_delta_sensor_async.py took 0.034 seconds
[2026-03-04T08:18:43.460+0000] {processor.py:161} INFO - Started process (PID=10990) to work on /home/airflow/.local/lib/python3.12/site-packages/airflow/example_dags/example_time_delta_sensor_async.py
[2026-03-04T08:18:43.462+0000] {processor.py:830} INFO - Processing file /home/airflow/.local/lib/python3.12/site-packages/airflow/example_dags/example_time_delta_sensor_async.py for tasks to queue
[2026-03-04T08:18:43.462+0000] {logging_mixin.py:188} INFO - [2026-03-04T08:18:43.462+0000] {dagbag.py:545} INFO - Filling up the DagBag from /home/airflow/.local/lib/python3.12/site-packages/airflow/example_dags/example_time_delta_sensor_async.py
[2026-03-04T08:18:43.464+0000] {processor.py:840} INFO - DAG(s) 'example_time_delta_sensor_async' retrieved from /home/airflow/.local/lib/python3.12/site-packages/airflow/example_dags/example_time_delta_sensor_async.py
[2026-03-04T08:18:43.471+0000] {logging_mixin.py:188} INFO - [2026-03-04T08:18:43.471+0000] {dag.py:3089} INFO - Sync 1 DAGs
[2026-03-04T08:18:43.476+0000] {logging_mixin.py:188} INFO - [2026-03-04T08:18:43.475+0000] {dag.py:3947} INFO - Setting next_dagrun for example_time_delta_sensor_async to None, run_after=None
[2026-03-04T08:18:43.484+0000] {processor.py:183} INFO - Processing /home/airflow/.local/lib/python3.12/site-packages/airflow/example_dags/example_time_delta_sensor_async.py took 0.027 seconds
[2026-03-04T08:19:14.035+0000] {processor.py:161} INFO - Started process (PID=11252) to work on /home/airflow/.local/lib/python3.12/site-packages/airflow/example_dags/example_time_delta_sensor_async.py
[2026-03-04T08:19:14.035+0000] {processor.py:830} INFO - Processing file /home/airflow/.local/lib/python3.12/site-packages/airflow/example_dags/example_time_delta_sensor_async.py for tasks to queue
[2026-03-04T08:19:14.037+0000] {logging_mixin.py:188} INFO - [2026-03-04T08:19:14.037+0000] {dagbag.py:545} INFO - Filling up the DagBag from /home/airflow/.local/lib/python3.12/site-packages/airflow/example_dags/example_time_delta_sensor_async.py
[2026-03-04T08:19:14.039+0000] {processor.py:840} INFO - DAG(s) 'example_time_delta_sensor_async' retrieved from /home/airflow/.local/lib/python3.12/site-packages/airflow/example_dags/example_time_delta_sensor_async.py
[2026-03-04T08:19:14.047+0000] {logging_mixin.py:188} INFO - [2026-03-04T08:19:14.047+0000] {dag.py:3089} INFO - Sync 1 DAGs
[2026-03-04T08:19:14.051+0000] {logging_mixin.py:188} INFO - [2026-03-04T08:19:14.051+0000] {dag.py:3947} INFO - Setting next_dagrun for example_time_delta_sensor_async to None, run_after=None
[2026-03-04T08:19:14.057+0000] {processor.py:183} INFO - Processing /home/airflow/.local/lib/python3.12/site-packages/airflow/example_dags/example_time_delta_sensor_async.py took 0.024 seconds
[2026-03-04T08:19:44.666+0000] {processor.py:161} INFO - Started process (PID=11514) to work on /home/airflow/.local/lib/python3.12/site-packages/airflow/example_dags/example_time_delta_sensor_async.py
[2026-03-04T08:19:44.667+0000] {processor.py:830} INFO - Processing file /home/airflow/.local/lib/python3.12/site-packages/airflow/example_dags/example_time_delta_sensor_async.py for tasks to queue
[2026-03-04T08:19:44.667+0000] {logging_mixin.py:188} INFO - [2026-03-04T08:19:44.667+0000] {dagbag.py:545} INFO - Filling up the DagBag from /home/airflow/.local/lib/python3.12/site-packages/airflow/example_dags/example_time_delta_sensor_async.py
[2026-03-04T08:19:44.669+0000] {processor.py:840} INFO - DAG(s) 'example_time_delta_sensor_async' retrieved from /home/airflow/.local/lib/python3.12/site-packages/airflow/example_dags/example_time_delta_sensor_async.py
[2026-03-04T08:19:44.676+0000] {logging_mixin.py:188} INFO - [2026-03-04T08:19:44.676+0000] {dag.py:3089} INFO - Sync 1 DAGs
[2026-03-04T08:19:44.680+0000] {logging_mixin.py:188} INFO - [2026-03-04T08:19:44.680+0000] {dag.py:3947} INFO - Setting next_dagrun for example_time_delta_sensor_async to None, run_after=None
[2026-03-04T08:19:44.690+0000] {processor.py:183} INFO - Processing /home/airflow/.local/lib/python3.12/site-packages/airflow/example_dags/example_time_delta_sensor_async.py took 0.026 seconds
[2026-03-04T08:20:15.182+0000] {processor.py:161} INFO - Started process (PID=11776) to work on /home/airflow/.local/lib/python3.12/site-packages/airflow/example_dags/example_time_delta_sensor_async.py
[2026-03-04T08:20:15.186+0000] {processor.py:830} INFO - Processing file /home/airflow/.local/lib/python3.12/site-packages/airflow/example_dags/example_time_delta_sensor_async.py for tasks to queue
[2026-03-04T08:20:15.187+0000] {logging_mixin.py:188} INFO - [2026-03-04T08:20:15.187+0000] {dagbag.py:545} INFO - Filling up the DagBag from /home/airflow/.local/lib/python3.12/site-packages/airflow/example_dags/example_time_delta_sensor_async.py
[2026-03-04T08:20:15.188+0000] {processor.py:840} INFO - DAG(s) 'example_time_delta_sensor_async' retrieved from /home/airflow/.local/lib/python3.12/site-packages/airflow/example_dags/example_time_delta_sensor_async.py
[2026-03-04T08:20:15.197+0000] {logging_mixin.py:188} INFO - [2026-03-04T08:20:15.197+0000] {dag.py:3089} INFO - Sync 1 DAGs
[2026-03-04T08:20:15.201+0000] {logging_mixin.py:188} INFO - [2026-03-04T08:20:15.201+0000] {dag.py:3947} INFO - Setting next_dagrun for example_time_delta_sensor_async to None, run_after=None
[2026-03-04T08:20:15.207+0000] {processor.py:183} INFO - Processing /home/airflow/.local/lib/python3.12/site-packages/airflow/example_dags/example_time_delta_sensor_async.py took 0.027 seconds
[2026-03-04T08:37:20.800+0000] {processor.py:161} INFO - Started process (PID=12040) to work on /home/airflow/.local/lib/python3.12/site-packages/airflow/example_dags/example_time_delta_sensor_async.py
[2026-03-04T08:37:20.800+0000] {processor.py:830} INFO - Processing file /home/airflow/.local/lib/python3.12/site-packages/airflow/example_dags/example_time_delta_sensor_async.py for tasks to queue
[2026-03-04T08:37:20.801+0000] {logging_mixin.py:188} INFO - [2026-03-04T08:37:20.801+0000] {dagbag.py:545} INFO - Filling up the DagBag from /home/airflow/.local/lib/python3.12/site-packages/airflow/example_dags/example_time_delta_sensor_async.py
[2026-03-04T08:37:20.803+0000] {processor.py:840} INFO - DAG(s) 'example_time_delta_sensor_async' retrieved from /home/airflow/.local/lib/python3.12/site-packages/airflow/example_dags/example_time_delta_sensor_async.py
[2026-03-04T08:37:20.812+0000] {logging_mixin.py:188} INFO - [2026-03-04T08:37:20.812+0000] {dag.py:3089} INFO - Sync 1 DAGs
[2026-03-04T08:37:20.817+0000] {logging_mixin.py:188} INFO - [2026-03-04T08:37:20.817+0000] {dag.py:3947} INFO - Setting next_dagrun for example_time_delta_sensor_async to None, run_after=None
[2026-03-04T08:37:20.831+0000] {processor.py:183} INFO - Processing /home/airflow/.local/lib/python3.12/site-packages/airflow/example_dags/example_time_delta_sensor_async.py took 0.033 seconds
[2026-03-04T08:46:11.249+0000] {processor.py:161} INFO - Started process (PID=12300) to work on /home/airflow/.local/lib/python3.12/site-packages/airflow/example_dags/example_time_delta_sensor_async.py
[2026-03-04T08:46:11.251+0000] {processor.py:830} INFO - Processing file /home/airflow/.local/lib/python3.12/site-packages/airflow/example_dags/example_time_delta_sensor_async.py for tasks to queue
[2026-03-04T08:46:11.251+0000] {logging_mixin.py:188} INFO - [2026-03-04T08:46:11.251+0000] {dagbag.py:545} INFO - Filling up the DagBag from /home/airflow/.local/lib/python3.12/site-packages/airflow/example_dags/example_time_delta_sensor_async.py
[2026-03-04T08:46:11.254+0000] {processor.py:840} INFO - DAG(s) 'example_time_delta_sensor_async' retrieved from /home/airflow/.local/lib/python3.12/site-packages/airflow/example_dags/example_time_delta_sensor_async.py
[2026-03-04T08:46:11.267+0000] {logging_mixin.py:188} INFO - [2026-03-04T08:46:11.266+0000] {dag.py:3089} INFO - Sync 1 DAGs
[2026-03-04T08:46:11.272+0000] {logging_mixin.py:188} INFO - [2026-03-04T08:46:11.272+0000] {dag.py:3947} INFO - Setting next_dagrun for example_time_delta_sensor_async to None, run_after=None
[2026-03-04T08:46:11.281+0000] {processor.py:183} INFO - Processing /home/airflow/.local/lib/python3.12/site-packages/airflow/example_dags/example_time_delta_sensor_async.py took 0.034 seconds
[2026-03-04T08:46:41.893+0000] {processor.py:161} INFO - Started process (PID=12564) to work on /home/airflow/.local/lib/python3.12/site-packages/airflow/example_dags/example_time_delta_sensor_async.py
[2026-03-04T08:46:41.893+0000] {processor.py:830} INFO - Processing file /home/airflow/.local/lib/python3.12/site-packages/airflow/example_dags/example_time_delta_sensor_async.py for tasks to queue
[2026-03-04T08:46:41.894+0000] {logging_mixin.py:188} INFO - [2026-03-04T08:46:41.894+0000] {dagbag.py:545} INFO - Filling up the DagBag from /home/airflow/.local/lib/python3.12/site-packages/airflow/example_dags/example_time_delta_sensor_async.py
[2026-03-04T08:46:41.896+0000] {processor.py:840} INFO - DAG(s) 'example_time_delta_sensor_async' retrieved from /home/airflow/.local/lib/python3.12/site-packages/airflow/example_dags/example_time_delta_sensor_async.py
[2026-03-04T08:46:41.902+0000] {logging_mixin.py:188} INFO - [2026-03-04T08:46:41.902+0000] {dag.py:3089} INFO - Sync 1 DAGs
[2026-03-04T08:46:41.906+0000] {logging_mixin.py:188} INFO - [2026-03-04T08:46:41.906+0000] {dag.py:3947} INFO - Setting next_dagrun for example_time_delta_sensor_async to None, run_after=None
[2026-03-04T08:46:41.912+0000] {processor.py:183} INFO - Processing /home/airflow/.local/lib/python3.12/site-packages/airflow/example_dags/example_time_delta_sensor_async.py took 0.021 seconds
[2026-03-04T08:47:12.444+0000] {processor.py:161} INFO - Started process (PID=12824) to work on /home/airflow/.local/lib/python3.12/site-packages/airflow/example_dags/example_time_delta_sensor_async.py
[2026-03-04T08:47:12.445+0000] {processor.py:830} INFO - Processing file /home/airflow/.local/lib/python3.12/site-packages/airflow/example_dags/example_time_delta_sensor_async.py for tasks to queue
[2026-03-04T08:47:12.446+0000] {logging_mixin.py:188} INFO - [2026-03-04T08:47:12.446+0000] {dagbag.py:545} INFO - Filling up the DagBag from /home/airflow/.local/lib/python3.12/site-packages/airflow/example_dags/example_time_delta_sensor_async.py
[2026-03-04T08:47:12.448+0000] {processor.py:840} INFO - DAG(s) 'example_time_delta_sensor_async' retrieved from /home/airflow/.local/lib/python3.12/site-packages/airflow/example_dags/example_time_delta_sensor_async.py
[2026-03-04T08:47:12.456+0000] {logging_mixin.py:188} INFO - [2026-03-04T08:47:12.456+0000] {dag.py:3089} INFO - Sync 1 DAGs
[2026-03-04T08:47:12.462+0000] {logging_mixin.py:188} INFO - [2026-03-04T08:47:12.462+0000] {dag.py:3947} INFO - Setting next_dagrun for example_time_delta_sensor_async to None, run_after=None
[2026-03-04T08:47:12.472+0000] {processor.py:183} INFO - Processing /home/airflow/.local/lib/python3.12/site-packages/airflow/example_dags/example_time_delta_sensor_async.py took 0.030 seconds
[2026-03-04T08:47:42.945+0000] {processor.py:161} INFO - Started process (PID=13086) to work on /home/airflow/.local/lib/python3.12/site-packages/airflow/example_dags/example_time_delta_sensor_async.py
[2026-03-04T08:47:42.946+0000] {processor.py:830} INFO - Processing file /home/airflow/.local/lib/python3.12/site-packages/airflow/example_dags/example_time_delta_sensor_async.py for tasks to queue
[2026-03-04T08:47:42.947+0000] {logging_mixin.py:188} INFO - [2026-03-04T08:47:42.946+0000] {dagbag.py:545} INFO - Filling up the DagBag from /home/airflow/.local/lib/python3.12/site-packages/airflow/example_dags/example_time_delta_sensor_async.py
[2026-03-04T08:47:42.949+0000] {processor.py:840} INFO - DAG(s) 'example_time_delta_sensor_async' retrieved from /home/airflow/.local/lib/python3.12/site-packages/airflow/example_dags/example_time_delta_sensor_async.py
[2026-03-04T08:47:42.957+0000] {logging_mixin.py:188} INFO - [2026-03-04T08:47:42.957+0000] {dag.py:3089} INFO - Sync 1 DAGs
[2026-03-04T08:47:42.962+0000] {logging_mixin.py:188} INFO - [2026-03-04T08:47:42.962+0000] {dag.py:3947} INFO - Setting next_dagrun for example_time_delta_sensor_async to None, run_after=None
[2026-03-04T08:47:42.971+0000] {processor.py:183} INFO - Processing /home/airflow/.local/lib/python3.12/site-packages/airflow/example_dags/example_time_delta_sensor_async.py took 0.029 seconds
[2026-03-04T08:48:13.484+0000] {processor.py:161} INFO - Started process (PID=13348) to work on /home/airflow/.local/lib/python3.12/site-packages/airflow/example_dags/example_time_delta_sensor_async.py
[2026-03-04T08:48:13.484+0000] {processor.py:830} INFO - Processing file /home/airflow/.local/lib/python3.12/site-packages/airflow/example_dags/example_time_delta_sensor_async.py for tasks to queue
[2026-03-04T08:48:13.485+0000] {logging_mixin.py:188} INFO - [2026-03-04T08:48:13.485+0000] {dagbag.py:545} INFO - Filling up the DagBag from /home/airflow/.local/lib/python3.12/site-packages/airflow/example_dags/example_time_delta_sensor_async.py
[2026-03-04T08:48:13.487+0000] {processor.py:840} INFO - DAG(s) 'example_time_delta_sensor_async' retrieved from /home/airflow/.local/lib/python3.12/site-packages/airflow/example_dags/example_time_delta_sensor_async.py
[2026-03-04T08:48:13.495+0000] {logging_mixin.py:188} INFO - [2026-03-04T08:48:13.495+0000] {dag.py:3089} INFO - Sync 1 DAGs
[2026-03-04T08:48:13.501+0000] {logging_mixin.py:188} INFO - [2026-03-04T08:48:13.501+0000] {dag.py:3947} INFO - Setting next_dagrun for example_time_delta_sensor_async to None, run_after=None
[2026-03-04T08:48:13.514+0000] {processor.py:183} INFO - Processing /home/airflow/.local/lib/python3.12/site-packages/airflow/example_dags/example_time_delta_sensor_async.py took 0.033 seconds
[2026-03-04T08:48:44.026+0000] {processor.py:161} INFO - Started process (PID=13612) to work on /home/airflow/.local/lib/python3.12/site-packages/airflow/example_dags/example_time_delta_sensor_async.py
[2026-03-04T08:48:44.026+0000] {processor.py:830} INFO - Processing file /home/airflow/.local/lib/python3.12/site-packages/airflow/example_dags/example_time_delta_sensor_async.py for tasks to queue
[2026-03-04T08:48:44.027+0000] {logging_mixin.py:188} INFO - [2026-03-04T08:48:44.027+0000] {dagbag.py:545} INFO - Filling up the DagBag from /home/airflow/.local/lib/python3.12/site-packages/airflow/example_dags/example_time_delta_sensor_async.py
[2026-03-04T08:48:44.029+0000] {processor.py:840} INFO - DAG(s) 'example_time_delta_sensor_async' retrieved from /home/airflow/.local/lib/python3.12/site-packages/airflow/example_dags/example_time_delta_sensor_async.py
[2026-03-04T08:48:44.035+0000] {logging_mixin.py:188} INFO - [2026-03-04T08:48:44.035+0000] {dag.py:3089} INFO - Sync 1 DAGs
[2026-03-04T08:48:44.039+0000] {logging_mixin.py:188} INFO - [2026-03-04T08:48:44.039+0000] {dag.py:3947} INFO - Setting next_dagrun for example_time_delta_sensor_async to None, run_after=None
[2026-03-04T08:48:44.044+0000] {processor.py:183} INFO - Processing /home/airflow/.local/lib/python3.12/site-packages/airflow/example_dags/example_time_delta_sensor_async.py took 0.020 seconds
[2026-03-04T08:49:14.639+0000] {processor.py:161} INFO - Started process (PID=13872) to work on /home/airflow/.local/lib/python3.12/site-packages/airflow/example_dags/example_time_delta_sensor_async.py
[2026-03-04T08:49:14.639+0000] {processor.py:830} INFO - Processing file /home/airflow/.local/lib/python3.12/site-packages/airflow/example_dags/example_time_delta_sensor_async.py for tasks to queue
[2026-03-04T08:49:14.640+0000] {logging_mixin.py:188} INFO - [2026-03-04T08:49:14.640+0000] {dagbag.py:545} INFO - Filling up the DagBag from /home/airflow/.local/lib/python3.12/site-packages/airflow/example_dags/example_time_delta_sensor_async.py
[2026-03-04T08:49:14.642+0000] {processor.py:840} INFO - DAG(s) 'example_time_delta_sensor_async' retrieved from /home/airflow/.local/lib/python3.12/site-packages/airflow/example_dags/example_time_delta_sensor_async.py
[2026-03-04T08:49:14.651+0000] {logging_mixin.py:188} INFO - [2026-03-04T08:49:14.651+0000] {dag.py:3089} INFO - Sync 1 DAGs
[2026-03-04T08:49:14.657+0000] {logging_mixin.py:188} INFO - [2026-03-04T08:49:14.657+0000] {dag.py:3947} INFO - Setting next_dagrun for example_time_delta_sensor_async to None, run_after=None
[2026-03-04T08:49:14.671+0000] {processor.py:183} INFO - Processing /home/airflow/.local/lib/python3.12/site-packages/airflow/example_dags/example_time_delta_sensor_async.py took 0.035 seconds
[2026-03-04T08:49:45.191+0000] {processor.py:161} INFO - Started process (PID=14136) to work on /home/airflow/.local/lib/python3.12/site-packages/airflow/example_dags/example_time_delta_sensor_async.py
[2026-03-04T08:49:45.192+0000] {processor.py:830} INFO - Processing file /home/airflow/.local/lib/python3.12/site-packages/airflow/example_dags/example_time_delta_sensor_async.py for tasks to queue
[2026-03-04T08:49:45.193+0000] {logging_mixin.py:188} INFO - [2026-03-04T08:49:45.193+0000] {dagbag.py:545} INFO - Filling up the DagBag from /home/airflow/.local/lib/python3.12/site-packages/airflow/example_dags/example_time_delta_sensor_async.py
[2026-03-04T08:49:45.195+0000] {processor.py:840} INFO - DAG(s) 'example_time_delta_sensor_async' retrieved from /home/airflow/.local/lib/python3.12/site-packages/airflow/example_dags/example_time_delta_sensor_async.py
[2026-03-04T08:49:45.202+0000] {logging_mixin.py:188} INFO - [2026-03-04T08:49:45.202+0000] {dag.py:3089} INFO - Sync 1 DAGs
[2026-03-04T08:49:45.206+0000] {logging_mixin.py:188} INFO - [2026-03-04T08:49:45.206+0000] {dag.py:3947} INFO - Setting next_dagrun for example_time_delta_sensor_async to None, run_after=None
[2026-03-04T08:49:45.212+0000] {processor.py:183} INFO - Processing /home/airflow/.local/lib/python3.12/site-packages/airflow/example_dags/example_time_delta_sensor_async.py took 0.024 seconds
[2026-03-04T08:50:15.721+0000] {processor.py:161} INFO - Started process (PID=14398) to work on /home/airflow/.local/lib/python3.12/site-packages/airflow/example_dags/example_time_delta_sensor_async.py
[2026-03-04T08:50:15.722+0000] {processor.py:830} INFO - Processing file /home/airflow/.local/lib/python3.12/site-packages/airflow/example_dags/example_time_delta_sensor_async.py for tasks to queue
[2026-03-04T08:50:15.722+0000] {logging_mixin.py:188} INFO - [2026-03-04T08:50:15.722+0000] {dagbag.py:545} INFO - Filling up the DagBag from /home/airflow/.local/lib/python3.12/site-packages/airflow/example_dags/example_time_delta_sensor_async.py
[2026-03-04T08:50:15.724+0000] {processor.py:840} INFO - DAG(s) 'example_time_delta_sensor_async' retrieved from /home/airflow/.local/lib/python3.12/site-packages/airflow/example_dags/example_time_delta_sensor_async.py
[2026-03-04T08:50:15.734+0000] {logging_mixin.py:188} INFO - [2026-03-04T08:50:15.734+0000] {dag.py:3089} INFO - Sync 1 DAGs
[2026-03-04T08:50:15.739+0000] {logging_mixin.py:188} INFO - [2026-03-04T08:50:15.739+0000] {dag.py:3947} INFO - Setting next_dagrun for example_time_delta_sensor_async to None, run_after=None
[2026-03-04T08:50:15.753+0000] {processor.py:183} INFO - Processing /home/airflow/.local/lib/python3.12/site-packages/airflow/example_dags/example_time_delta_sensor_async.py took 0.034 seconds
[2026-03-04T08:50:46.285+0000] {processor.py:161} INFO - Started process (PID=14660) to work on /home/airflow/.local/lib/python3.12/site-packages/airflow/example_dags/example_time_delta_sensor_async.py
[2026-03-04T08:50:46.286+0000] {processor.py:830} INFO - Processing file /home/airflow/.local/lib/python3.12/site-packages/airflow/example_dags/example_time_delta_sensor_async.py for tasks to queue
[2026-03-04T08:50:46.287+0000] {logging_mixin.py:188} INFO - [2026-03-04T08:50:46.287+0000] {dagbag.py:545} INFO - Filling up the DagBag from /home/airflow/.local/lib/python3.12/site-packages/airflow/example_dags/example_time_delta_sensor_async.py
[2026-03-04T08:50:46.288+0000] {processor.py:840} INFO - DAG(s) 'example_time_delta_sensor_async' retrieved from /home/airflow/.local/lib/python3.12/site-packages/airflow/example_dags/example_time_delta_sensor_async.py
[2026-03-04T08:50:46.295+0000] {logging_mixin.py:188} INFO - [2026-03-04T08:50:46.295+0000] {dag.py:3089} INFO - Sync 1 DAGs
[2026-03-04T08:50:46.299+0000] {logging_mixin.py:188} INFO - [2026-03-04T08:50:46.299+0000] {dag.py:3947} INFO - Setting next_dagrun for example_time_delta_sensor_async to None, run_after=None
[2026-03-04T08:50:46.305+0000] {processor.py:183} INFO - Processing /home/airflow/.local/lib/python3.12/site-packages/airflow/example_dags/example_time_delta_sensor_async.py took 0.022 seconds
