[2026-03-04T07:57:51.235+0000] {processor.py:161} INFO - Started process (PID=372) to work on /home/airflow/.local/lib/python3.12/site-packages/airflow/example_dags/example_sensors.py
[2026-03-04T07:57:51.235+0000] {processor.py:830} INFO - Processing file /home/airflow/.local/lib/python3.12/site-packages/airflow/example_dags/example_sensors.py for tasks to queue
[2026-03-04T07:57:51.236+0000] {logging_mixin.py:188} INFO - [2026-03-04T07:57:51.236+0000] {dagbag.py:545} INFO - Filling up the DagBag from /home/airflow/.local/lib/python3.12/site-packages/airflow/example_dags/example_sensors.py
[2026-03-04T07:57:51.242+0000] {processor.py:840} INFO - DAG(s) 'example_sensors' retrieved from /home/airflow/.local/lib/python3.12/site-packages/airflow/example_dags/example_sensors.py
[2026-03-04T07:57:51.288+0000] {logging_mixin.py:188} INFO - [2026-03-04T07:57:51.288+0000] {override.py:1858} INFO - Created Permission View: can delete on DAG:example_sensors
[2026-03-04T07:57:51.293+0000] {logging_mixin.py:188} INFO - [2026-03-04T07:57:51.293+0000] {override.py:1858} INFO - Created Permission View: can read on DAG:example_sensors
[2026-03-04T07:57:51.295+0000] {logging_mixin.py:188} INFO - [2026-03-04T07:57:51.295+0000] {override.py:1858} INFO - Created Permission View: can edit on DAG:example_sensors
[2026-03-04T07:57:51.296+0000] {logging_mixin.py:188} INFO - [2026-03-04T07:57:51.296+0000] {dag.py:3089} INFO - Sync 1 DAGs
[2026-03-04T07:57:51.301+0000] {logging_mixin.py:188} INFO - [2026-03-04T07:57:51.301+0000] {dag.py:3111} INFO - Creating ORM DAG for example_sensors
[2026-03-04T07:57:51.301+0000] {logging_mixin.py:188} INFO - [2026-03-04T07:57:51.301+0000] {dag.py:3947} INFO - Setting next_dagrun for example_sensors to None, run_after=None
[2026-03-04T07:57:51.310+0000] {processor.py:183} INFO - Processing /home/airflow/.local/lib/python3.12/site-packages/airflow/example_dags/example_sensors.py took 0.078 seconds
[2026-03-04T07:58:21.960+0000] {processor.py:161} INFO - Started process (PID=634) to work on /home/airflow/.local/lib/python3.12/site-packages/airflow/example_dags/example_sensors.py
[2026-03-04T07:58:21.962+0000] {processor.py:830} INFO - Processing file /home/airflow/.local/lib/python3.12/site-packages/airflow/example_dags/example_sensors.py for tasks to queue
[2026-03-04T07:58:21.962+0000] {logging_mixin.py:188} INFO - [2026-03-04T07:58:21.962+0000] {dagbag.py:545} INFO - Filling up the DagBag from /home/airflow/.local/lib/python3.12/site-packages/airflow/example_dags/example_sensors.py
[2026-03-04T07:58:21.967+0000] {processor.py:840} INFO - DAG(s) 'example_sensors' retrieved from /home/airflow/.local/lib/python3.12/site-packages/airflow/example_dags/example_sensors.py
[2026-03-04T07:58:21.982+0000] {logging_mixin.py:188} INFO - [2026-03-04T07:58:21.982+0000] {dag.py:3089} INFO - Sync 1 DAGs
[2026-03-04T07:58:21.986+0000] {logging_mixin.py:188} INFO - [2026-03-04T07:58:21.986+0000] {dag.py:3947} INFO - Setting next_dagrun for example_sensors to None, run_after=None
[2026-03-04T07:58:21.996+0000] {processor.py:183} INFO - Processing /home/airflow/.local/lib/python3.12/site-packages/airflow/example_dags/example_sensors.py took 0.038 seconds
[2026-03-04T07:58:52.496+0000] {processor.py:161} INFO - Started process (PID=896) to work on /home/airflow/.local/lib/python3.12/site-packages/airflow/example_dags/example_sensors.py
[2026-03-04T07:58:52.497+0000] {processor.py:830} INFO - Processing file /home/airflow/.local/lib/python3.12/site-packages/airflow/example_dags/example_sensors.py for tasks to queue
[2026-03-04T07:58:52.499+0000] {logging_mixin.py:188} INFO - [2026-03-04T07:58:52.499+0000] {dagbag.py:545} INFO - Filling up the DagBag from /home/airflow/.local/lib/python3.12/site-packages/airflow/example_dags/example_sensors.py
[2026-03-04T07:58:52.502+0000] {processor.py:840} INFO - DAG(s) 'example_sensors' retrieved from /home/airflow/.local/lib/python3.12/site-packages/airflow/example_dags/example_sensors.py
[2026-03-04T07:58:52.515+0000] {logging_mixin.py:188} INFO - [2026-03-04T07:58:52.515+0000] {dag.py:3089} INFO - Sync 1 DAGs
[2026-03-04T07:58:52.519+0000] {logging_mixin.py:188} INFO - [2026-03-04T07:58:52.519+0000] {dag.py:3947} INFO - Setting next_dagrun for example_sensors to None, run_after=None
[2026-03-04T07:58:52.524+0000] {processor.py:183} INFO - Processing /home/airflow/.local/lib/python3.12/site-packages/airflow/example_dags/example_sensors.py took 0.031 seconds
[2026-03-04T07:59:23.030+0000] {processor.py:161} INFO - Started process (PID=1158) to work on /home/airflow/.local/lib/python3.12/site-packages/airflow/example_dags/example_sensors.py
[2026-03-04T07:59:23.032+0000] {processor.py:830} INFO - Processing file /home/airflow/.local/lib/python3.12/site-packages/airflow/example_dags/example_sensors.py for tasks to queue
[2026-03-04T07:59:23.033+0000] {logging_mixin.py:188} INFO - [2026-03-04T07:59:23.033+0000] {dagbag.py:545} INFO - Filling up the DagBag from /home/airflow/.local/lib/python3.12/site-packages/airflow/example_dags/example_sensors.py
[2026-03-04T07:59:23.036+0000] {processor.py:840} INFO - DAG(s) 'example_sensors' retrieved from /home/airflow/.local/lib/python3.12/site-packages/airflow/example_dags/example_sensors.py
[2026-03-04T07:59:23.049+0000] {logging_mixin.py:188} INFO - [2026-03-04T07:59:23.049+0000] {dag.py:3089} INFO - Sync 1 DAGs
[2026-03-04T07:59:23.053+0000] {logging_mixin.py:188} INFO - [2026-03-04T07:59:23.053+0000] {dag.py:3947} INFO - Setting next_dagrun for example_sensors to None, run_after=None
[2026-03-04T07:59:23.059+0000] {processor.py:183} INFO - Processing /home/airflow/.local/lib/python3.12/site-packages/airflow/example_dags/example_sensors.py took 0.031 seconds
[2026-03-04T07:59:53.715+0000] {processor.py:161} INFO - Started process (PID=1420) to work on /home/airflow/.local/lib/python3.12/site-packages/airflow/example_dags/example_sensors.py
[2026-03-04T07:59:53.716+0000] {processor.py:830} INFO - Processing file /home/airflow/.local/lib/python3.12/site-packages/airflow/example_dags/example_sensors.py for tasks to queue
[2026-03-04T07:59:53.717+0000] {logging_mixin.py:188} INFO - [2026-03-04T07:59:53.716+0000] {dagbag.py:545} INFO - Filling up the DagBag from /home/airflow/.local/lib/python3.12/site-packages/airflow/example_dags/example_sensors.py
[2026-03-04T07:59:53.721+0000] {processor.py:840} INFO - DAG(s) 'example_sensors' retrieved from /home/airflow/.local/lib/python3.12/site-packages/airflow/example_dags/example_sensors.py
[2026-03-04T07:59:53.733+0000] {logging_mixin.py:188} INFO - [2026-03-04T07:59:53.733+0000] {dag.py:3089} INFO - Sync 1 DAGs
[2026-03-04T07:59:53.737+0000] {logging_mixin.py:188} INFO - [2026-03-04T07:59:53.737+0000] {dag.py:3947} INFO - Setting next_dagrun for example_sensors to None, run_after=None
[2026-03-04T07:59:53.743+0000] {processor.py:183} INFO - Processing /home/airflow/.local/lib/python3.12/site-packages/airflow/example_dags/example_sensors.py took 0.030 seconds
[2026-03-04T08:00:24.338+0000] {processor.py:161} INFO - Started process (PID=1682) to work on /home/airflow/.local/lib/python3.12/site-packages/airflow/example_dags/example_sensors.py
[2026-03-04T08:00:24.339+0000] {processor.py:830} INFO - Processing file /home/airflow/.local/lib/python3.12/site-packages/airflow/example_dags/example_sensors.py for tasks to queue
[2026-03-04T08:00:24.341+0000] {logging_mixin.py:188} INFO - [2026-03-04T08:00:24.341+0000] {dagbag.py:545} INFO - Filling up the DagBag from /home/airflow/.local/lib/python3.12/site-packages/airflow/example_dags/example_sensors.py
[2026-03-04T08:00:24.345+0000] {processor.py:840} INFO - DAG(s) 'example_sensors' retrieved from /home/airflow/.local/lib/python3.12/site-packages/airflow/example_dags/example_sensors.py
[2026-03-04T08:00:24.353+0000] {logging_mixin.py:188} INFO - [2026-03-04T08:00:24.353+0000] {dag.py:3089} INFO - Sync 1 DAGs
[2026-03-04T08:00:24.357+0000] {logging_mixin.py:188} INFO - [2026-03-04T08:00:24.357+0000] {dag.py:3947} INFO - Setting next_dagrun for example_sensors to None, run_after=None
[2026-03-04T08:00:24.363+0000] {processor.py:183} INFO - Processing /home/airflow/.local/lib/python3.12/site-packages/airflow/example_dags/example_sensors.py took 0.028 seconds
[2026-03-04T08:00:54.964+0000] {processor.py:161} INFO - Started process (PID=1944) to work on /home/airflow/.local/lib/python3.12/site-packages/airflow/example_dags/example_sensors.py
[2026-03-04T08:00:54.966+0000] {processor.py:830} INFO - Processing file /home/airflow/.local/lib/python3.12/site-packages/airflow/example_dags/example_sensors.py for tasks to queue
[2026-03-04T08:00:54.968+0000] {logging_mixin.py:188} INFO - [2026-03-04T08:00:54.968+0000] {dagbag.py:545} INFO - Filling up the DagBag from /home/airflow/.local/lib/python3.12/site-packages/airflow/example_dags/example_sensors.py
[2026-03-04T08:00:54.973+0000] {processor.py:840} INFO - DAG(s) 'example_sensors' retrieved from /home/airflow/.local/lib/python3.12/site-packages/airflow/example_dags/example_sensors.py
[2026-03-04T08:00:54.982+0000] {logging_mixin.py:188} INFO - [2026-03-04T08:00:54.982+0000] {dag.py:3089} INFO - Sync 1 DAGs
[2026-03-04T08:00:54.987+0000] {logging_mixin.py:188} INFO - [2026-03-04T08:00:54.987+0000] {dag.py:3947} INFO - Setting next_dagrun for example_sensors to None, run_after=None
[2026-03-04T08:00:54.996+0000] {processor.py:183} INFO - Processing /home/airflow/.local/lib/python3.12/site-packages/airflow/example_dags/example_sensors.py took 0.034 seconds
[2026-03-04T08:01:25.532+0000] {processor.py:161} INFO - Started process (PID=2206) to work on /home/airflow/.local/lib/python3.12/site-packages/airflow/example_dags/example_sensors.py
[2026-03-04T08:01:25.533+0000] {processor.py:830} INFO - Processing file /home/airflow/.local/lib/python3.12/site-packages/airflow/example_dags/example_sensors.py for tasks to queue
[2026-03-04T08:01:25.533+0000] {logging_mixin.py:188} INFO - [2026-03-04T08:01:25.533+0000] {dagbag.py:545} INFO - Filling up the DagBag from /home/airflow/.local/lib/python3.12/site-packages/airflow/example_dags/example_sensors.py
[2026-03-04T08:01:25.538+0000] {processor.py:840} INFO - DAG(s) 'example_sensors' retrieved from /home/airflow/.local/lib/python3.12/site-packages/airflow/example_dags/example_sensors.py
[2026-03-04T08:01:25.548+0000] {logging_mixin.py:188} INFO - [2026-03-04T08:01:25.548+0000] {dag.py:3089} INFO - Sync 1 DAGs
[2026-03-04T08:01:25.553+0000] {logging_mixin.py:188} INFO - [2026-03-04T08:01:25.553+0000] {dag.py:3947} INFO - Setting next_dagrun for example_sensors to None, run_after=None
[2026-03-04T08:01:25.559+0000] {processor.py:183} INFO - Processing /home/airflow/.local/lib/python3.12/site-packages/airflow/example_dags/example_sensors.py took 0.030 seconds
[2026-03-04T08:01:56.121+0000] {processor.py:161} INFO - Started process (PID=2468) to work on /home/airflow/.local/lib/python3.12/site-packages/airflow/example_dags/example_sensors.py
[2026-03-04T08:01:56.121+0000] {processor.py:830} INFO - Processing file /home/airflow/.local/lib/python3.12/site-packages/airflow/example_dags/example_sensors.py for tasks to queue
[2026-03-04T08:01:56.122+0000] {logging_mixin.py:188} INFO - [2026-03-04T08:01:56.122+0000] {dagbag.py:545} INFO - Filling up the DagBag from /home/airflow/.local/lib/python3.12/site-packages/airflow/example_dags/example_sensors.py
[2026-03-04T08:01:56.125+0000] {processor.py:840} INFO - DAG(s) 'example_sensors' retrieved from /home/airflow/.local/lib/python3.12/site-packages/airflow/example_dags/example_sensors.py
[2026-03-04T08:01:56.134+0000] {logging_mixin.py:188} INFO - [2026-03-04T08:01:56.134+0000] {dag.py:3089} INFO - Sync 1 DAGs
[2026-03-04T08:01:56.138+0000] {logging_mixin.py:188} INFO - [2026-03-04T08:01:56.138+0000] {dag.py:3947} INFO - Setting next_dagrun for example_sensors to None, run_after=None
[2026-03-04T08:01:56.145+0000] {processor.py:183} INFO - Processing /home/airflow/.local/lib/python3.12/site-packages/airflow/example_dags/example_sensors.py took 0.026 seconds
[2026-03-04T08:02:26.620+0000] {processor.py:161} INFO - Started process (PID=2730) to work on /home/airflow/.local/lib/python3.12/site-packages/airflow/example_dags/example_sensors.py
[2026-03-04T08:02:26.620+0000] {processor.py:830} INFO - Processing file /home/airflow/.local/lib/python3.12/site-packages/airflow/example_dags/example_sensors.py for tasks to queue
[2026-03-04T08:02:26.621+0000] {logging_mixin.py:188} INFO - [2026-03-04T08:02:26.621+0000] {dagbag.py:545} INFO - Filling up the DagBag from /home/airflow/.local/lib/python3.12/site-packages/airflow/example_dags/example_sensors.py
[2026-03-04T08:02:26.624+0000] {processor.py:840} INFO - DAG(s) 'example_sensors' retrieved from /home/airflow/.local/lib/python3.12/site-packages/airflow/example_dags/example_sensors.py
[2026-03-04T08:02:26.632+0000] {logging_mixin.py:188} INFO - [2026-03-04T08:02:26.632+0000] {dag.py:3089} INFO - Sync 1 DAGs
[2026-03-04T08:02:26.636+0000] {logging_mixin.py:188} INFO - [2026-03-04T08:02:26.636+0000] {dag.py:3947} INFO - Setting next_dagrun for example_sensors to None, run_after=None
[2026-03-04T08:02:26.643+0000] {processor.py:183} INFO - Processing /home/airflow/.local/lib/python3.12/site-packages/airflow/example_dags/example_sensors.py took 0.025 seconds
[2026-03-04T08:02:57.161+0000] {processor.py:161} INFO - Started process (PID=2992) to work on /home/airflow/.local/lib/python3.12/site-packages/airflow/example_dags/example_sensors.py
[2026-03-04T08:02:57.162+0000] {processor.py:830} INFO - Processing file /home/airflow/.local/lib/python3.12/site-packages/airflow/example_dags/example_sensors.py for tasks to queue
[2026-03-04T08:02:57.162+0000] {logging_mixin.py:188} INFO - [2026-03-04T08:02:57.162+0000] {dagbag.py:545} INFO - Filling up the DagBag from /home/airflow/.local/lib/python3.12/site-packages/airflow/example_dags/example_sensors.py
[2026-03-04T08:02:57.165+0000] {processor.py:840} INFO - DAG(s) 'example_sensors' retrieved from /home/airflow/.local/lib/python3.12/site-packages/airflow/example_dags/example_sensors.py
[2026-03-04T08:02:57.174+0000] {logging_mixin.py:188} INFO - [2026-03-04T08:02:57.174+0000] {dag.py:3089} INFO - Sync 1 DAGs
[2026-03-04T08:02:57.179+0000] {logging_mixin.py:188} INFO - [2026-03-04T08:02:57.179+0000] {dag.py:3947} INFO - Setting next_dagrun for example_sensors to None, run_after=None
[2026-03-04T08:02:57.187+0000] {processor.py:183} INFO - Processing /home/airflow/.local/lib/python3.12/site-packages/airflow/example_dags/example_sensors.py took 0.028 seconds
[2026-03-04T08:03:27.751+0000] {processor.py:161} INFO - Started process (PID=3254) to work on /home/airflow/.local/lib/python3.12/site-packages/airflow/example_dags/example_sensors.py
[2026-03-04T08:03:27.752+0000] {processor.py:830} INFO - Processing file /home/airflow/.local/lib/python3.12/site-packages/airflow/example_dags/example_sensors.py for tasks to queue
[2026-03-04T08:03:27.752+0000] {logging_mixin.py:188} INFO - [2026-03-04T08:03:27.752+0000] {dagbag.py:545} INFO - Filling up the DagBag from /home/airflow/.local/lib/python3.12/site-packages/airflow/example_dags/example_sensors.py
[2026-03-04T08:03:27.755+0000] {processor.py:840} INFO - DAG(s) 'example_sensors' retrieved from /home/airflow/.local/lib/python3.12/site-packages/airflow/example_dags/example_sensors.py
[2026-03-04T08:03:27.767+0000] {logging_mixin.py:188} INFO - [2026-03-04T08:03:27.767+0000] {dag.py:3089} INFO - Sync 1 DAGs
[2026-03-04T08:03:27.771+0000] {logging_mixin.py:188} INFO - [2026-03-04T08:03:27.771+0000] {dag.py:3947} INFO - Setting next_dagrun for example_sensors to None, run_after=None
[2026-03-04T08:03:27.777+0000] {processor.py:183} INFO - Processing /home/airflow/.local/lib/python3.12/site-packages/airflow/example_dags/example_sensors.py took 0.028 seconds
[2026-03-04T08:03:58.270+0000] {processor.py:161} INFO - Started process (PID=3516) to work on /home/airflow/.local/lib/python3.12/site-packages/airflow/example_dags/example_sensors.py
[2026-03-04T08:03:58.270+0000] {processor.py:830} INFO - Processing file /home/airflow/.local/lib/python3.12/site-packages/airflow/example_dags/example_sensors.py for tasks to queue
[2026-03-04T08:03:58.272+0000] {logging_mixin.py:188} INFO - [2026-03-04T08:03:58.271+0000] {dagbag.py:545} INFO - Filling up the DagBag from /home/airflow/.local/lib/python3.12/site-packages/airflow/example_dags/example_sensors.py
[2026-03-04T08:03:58.277+0000] {processor.py:840} INFO - DAG(s) 'example_sensors' retrieved from /home/airflow/.local/lib/python3.12/site-packages/airflow/example_dags/example_sensors.py
[2026-03-04T08:03:58.290+0000] {logging_mixin.py:188} INFO - [2026-03-04T08:03:58.290+0000] {dag.py:3089} INFO - Sync 1 DAGs
[2026-03-04T08:03:58.294+0000] {logging_mixin.py:188} INFO - [2026-03-04T08:03:58.294+0000] {dag.py:3947} INFO - Setting next_dagrun for example_sensors to None, run_after=None
[2026-03-04T08:03:58.299+0000] {processor.py:183} INFO - Processing /home/airflow/.local/lib/python3.12/site-packages/airflow/example_dags/example_sensors.py took 0.032 seconds
[2026-03-04T08:04:28.911+0000] {processor.py:161} INFO - Started process (PID=3778) to work on /home/airflow/.local/lib/python3.12/site-packages/airflow/example_dags/example_sensors.py
[2026-03-04T08:04:28.912+0000] {processor.py:830} INFO - Processing file /home/airflow/.local/lib/python3.12/site-packages/airflow/example_dags/example_sensors.py for tasks to queue
[2026-03-04T08:04:28.913+0000] {logging_mixin.py:188} INFO - [2026-03-04T08:04:28.913+0000] {dagbag.py:545} INFO - Filling up the DagBag from /home/airflow/.local/lib/python3.12/site-packages/airflow/example_dags/example_sensors.py
[2026-03-04T08:04:28.918+0000] {processor.py:840} INFO - DAG(s) 'example_sensors' retrieved from /home/airflow/.local/lib/python3.12/site-packages/airflow/example_dags/example_sensors.py
[2026-03-04T08:04:28.930+0000] {logging_mixin.py:188} INFO - [2026-03-04T08:04:28.930+0000] {dag.py:3089} INFO - Sync 1 DAGs
[2026-03-04T08:04:28.934+0000] {logging_mixin.py:188} INFO - [2026-03-04T08:04:28.933+0000] {dag.py:3947} INFO - Setting next_dagrun for example_sensors to None, run_after=None
[2026-03-04T08:04:28.939+0000] {processor.py:183} INFO - Processing /home/airflow/.local/lib/python3.12/site-packages/airflow/example_dags/example_sensors.py took 0.030 seconds
[2026-03-04T08:04:59.471+0000] {processor.py:161} INFO - Started process (PID=4040) to work on /home/airflow/.local/lib/python3.12/site-packages/airflow/example_dags/example_sensors.py
[2026-03-04T08:04:59.471+0000] {processor.py:830} INFO - Processing file /home/airflow/.local/lib/python3.12/site-packages/airflow/example_dags/example_sensors.py for tasks to queue
[2026-03-04T08:04:59.473+0000] {logging_mixin.py:188} INFO - [2026-03-04T08:04:59.472+0000] {dagbag.py:545} INFO - Filling up the DagBag from /home/airflow/.local/lib/python3.12/site-packages/airflow/example_dags/example_sensors.py
[2026-03-04T08:04:59.476+0000] {processor.py:840} INFO - DAG(s) 'example_sensors' retrieved from /home/airflow/.local/lib/python3.12/site-packages/airflow/example_dags/example_sensors.py
[2026-03-04T08:04:59.484+0000] {logging_mixin.py:188} INFO - [2026-03-04T08:04:59.484+0000] {dag.py:3089} INFO - Sync 1 DAGs
[2026-03-04T08:04:59.488+0000] {logging_mixin.py:188} INFO - [2026-03-04T08:04:59.488+0000] {dag.py:3947} INFO - Setting next_dagrun for example_sensors to None, run_after=None
[2026-03-04T08:04:59.494+0000] {processor.py:183} INFO - Processing /home/airflow/.local/lib/python3.12/site-packages/airflow/example_dags/example_sensors.py took 0.026 seconds
[2026-03-04T08:05:30.080+0000] {processor.py:161} INFO - Started process (PID=4302) to work on /home/airflow/.local/lib/python3.12/site-packages/airflow/example_dags/example_sensors.py
[2026-03-04T08:05:30.080+0000] {processor.py:830} INFO - Processing file /home/airflow/.local/lib/python3.12/site-packages/airflow/example_dags/example_sensors.py for tasks to queue
[2026-03-04T08:05:30.081+0000] {logging_mixin.py:188} INFO - [2026-03-04T08:05:30.081+0000] {dagbag.py:545} INFO - Filling up the DagBag from /home/airflow/.local/lib/python3.12/site-packages/airflow/example_dags/example_sensors.py
[2026-03-04T08:05:30.087+0000] {processor.py:840} INFO - DAG(s) 'example_sensors' retrieved from /home/airflow/.local/lib/python3.12/site-packages/airflow/example_dags/example_sensors.py
[2026-03-04T08:05:30.099+0000] {logging_mixin.py:188} INFO - [2026-03-04T08:05:30.098+0000] {dag.py:3089} INFO - Sync 1 DAGs
[2026-03-04T08:05:30.103+0000] {logging_mixin.py:188} INFO - [2026-03-04T08:05:30.103+0000] {dag.py:3947} INFO - Setting next_dagrun for example_sensors to None, run_after=None
[2026-03-04T08:05:30.108+0000] {processor.py:183} INFO - Processing /home/airflow/.local/lib/python3.12/site-packages/airflow/example_dags/example_sensors.py took 0.030 seconds
[2026-03-04T08:06:00.634+0000] {processor.py:161} INFO - Started process (PID=4564) to work on /home/airflow/.local/lib/python3.12/site-packages/airflow/example_dags/example_sensors.py
[2026-03-04T08:06:00.636+0000] {processor.py:830} INFO - Processing file /home/airflow/.local/lib/python3.12/site-packages/airflow/example_dags/example_sensors.py for tasks to queue
[2026-03-04T08:06:00.637+0000] {logging_mixin.py:188} INFO - [2026-03-04T08:06:00.637+0000] {dagbag.py:545} INFO - Filling up the DagBag from /home/airflow/.local/lib/python3.12/site-packages/airflow/example_dags/example_sensors.py
[2026-03-04T08:06:00.640+0000] {processor.py:840} INFO - DAG(s) 'example_sensors' retrieved from /home/airflow/.local/lib/python3.12/site-packages/airflow/example_dags/example_sensors.py
[2026-03-04T08:06:00.649+0000] {logging_mixin.py:188} INFO - [2026-03-04T08:06:00.649+0000] {dag.py:3089} INFO - Sync 1 DAGs
[2026-03-04T08:06:00.653+0000] {logging_mixin.py:188} INFO - [2026-03-04T08:06:00.653+0000] {dag.py:3947} INFO - Setting next_dagrun for example_sensors to None, run_after=None
[2026-03-04T08:06:00.659+0000] {processor.py:183} INFO - Processing /home/airflow/.local/lib/python3.12/site-packages/airflow/example_dags/example_sensors.py took 0.028 seconds
[2026-03-04T08:06:31.185+0000] {processor.py:161} INFO - Started process (PID=4826) to work on /home/airflow/.local/lib/python3.12/site-packages/airflow/example_dags/example_sensors.py
[2026-03-04T08:06:31.186+0000] {processor.py:830} INFO - Processing file /home/airflow/.local/lib/python3.12/site-packages/airflow/example_dags/example_sensors.py for tasks to queue
[2026-03-04T08:06:31.188+0000] {logging_mixin.py:188} INFO - [2026-03-04T08:06:31.188+0000] {dagbag.py:545} INFO - Filling up the DagBag from /home/airflow/.local/lib/python3.12/site-packages/airflow/example_dags/example_sensors.py
[2026-03-04T08:06:31.195+0000] {processor.py:840} INFO - DAG(s) 'example_sensors' retrieved from /home/airflow/.local/lib/python3.12/site-packages/airflow/example_dags/example_sensors.py
[2026-03-04T08:06:31.209+0000] {logging_mixin.py:188} INFO - [2026-03-04T08:06:31.209+0000] {dag.py:3089} INFO - Sync 1 DAGs
[2026-03-04T08:06:31.213+0000] {logging_mixin.py:188} INFO - [2026-03-04T08:06:31.213+0000] {dag.py:3947} INFO - Setting next_dagrun for example_sensors to None, run_after=None
[2026-03-04T08:06:31.223+0000] {processor.py:183} INFO - Processing /home/airflow/.local/lib/python3.12/site-packages/airflow/example_dags/example_sensors.py took 0.040 seconds
[2026-03-04T08:07:01.749+0000] {processor.py:161} INFO - Started process (PID=5088) to work on /home/airflow/.local/lib/python3.12/site-packages/airflow/example_dags/example_sensors.py
[2026-03-04T08:07:01.749+0000] {processor.py:830} INFO - Processing file /home/airflow/.local/lib/python3.12/site-packages/airflow/example_dags/example_sensors.py for tasks to queue
[2026-03-04T08:07:01.750+0000] {logging_mixin.py:188} INFO - [2026-03-04T08:07:01.750+0000] {dagbag.py:545} INFO - Filling up the DagBag from /home/airflow/.local/lib/python3.12/site-packages/airflow/example_dags/example_sensors.py
[2026-03-04T08:07:01.754+0000] {processor.py:840} INFO - DAG(s) 'example_sensors' retrieved from /home/airflow/.local/lib/python3.12/site-packages/airflow/example_dags/example_sensors.py
[2026-03-04T08:07:01.763+0000] {logging_mixin.py:188} INFO - [2026-03-04T08:07:01.763+0000] {dag.py:3089} INFO - Sync 1 DAGs
[2026-03-04T08:07:01.767+0000] {logging_mixin.py:188} INFO - [2026-03-04T08:07:01.767+0000] {dag.py:3947} INFO - Setting next_dagrun for example_sensors to None, run_after=None
[2026-03-04T08:07:01.772+0000] {processor.py:183} INFO - Processing /home/airflow/.local/lib/python3.12/site-packages/airflow/example_dags/example_sensors.py took 0.025 seconds
[2026-03-04T08:07:32.220+0000] {processor.py:161} INFO - Started process (PID=5350) to work on /home/airflow/.local/lib/python3.12/site-packages/airflow/example_dags/example_sensors.py
[2026-03-04T08:07:32.221+0000] {processor.py:830} INFO - Processing file /home/airflow/.local/lib/python3.12/site-packages/airflow/example_dags/example_sensors.py for tasks to queue
[2026-03-04T08:07:32.221+0000] {logging_mixin.py:188} INFO - [2026-03-04T08:07:32.221+0000] {dagbag.py:545} INFO - Filling up the DagBag from /home/airflow/.local/lib/python3.12/site-packages/airflow/example_dags/example_sensors.py
[2026-03-04T08:07:32.225+0000] {processor.py:840} INFO - DAG(s) 'example_sensors' retrieved from /home/airflow/.local/lib/python3.12/site-packages/airflow/example_dags/example_sensors.py
[2026-03-04T08:07:32.235+0000] {logging_mixin.py:188} INFO - [2026-03-04T08:07:32.235+0000] {dag.py:3089} INFO - Sync 1 DAGs
[2026-03-04T08:07:32.239+0000] {logging_mixin.py:188} INFO - [2026-03-04T08:07:32.239+0000] {dag.py:3947} INFO - Setting next_dagrun for example_sensors to None, run_after=None
[2026-03-04T08:07:32.245+0000] {processor.py:183} INFO - Processing /home/airflow/.local/lib/python3.12/site-packages/airflow/example_dags/example_sensors.py took 0.027 seconds
[2026-03-04T08:08:02.834+0000] {processor.py:161} INFO - Started process (PID=5612) to work on /home/airflow/.local/lib/python3.12/site-packages/airflow/example_dags/example_sensors.py
[2026-03-04T08:08:02.834+0000] {processor.py:830} INFO - Processing file /home/airflow/.local/lib/python3.12/site-packages/airflow/example_dags/example_sensors.py for tasks to queue
[2026-03-04T08:08:02.835+0000] {logging_mixin.py:188} INFO - [2026-03-04T08:08:02.835+0000] {dagbag.py:545} INFO - Filling up the DagBag from /home/airflow/.local/lib/python3.12/site-packages/airflow/example_dags/example_sensors.py
[2026-03-04T08:08:02.838+0000] {processor.py:840} INFO - DAG(s) 'example_sensors' retrieved from /home/airflow/.local/lib/python3.12/site-packages/airflow/example_dags/example_sensors.py
[2026-03-04T08:08:02.853+0000] {logging_mixin.py:188} INFO - [2026-03-04T08:08:02.853+0000] {dag.py:3089} INFO - Sync 1 DAGs
[2026-03-04T08:08:02.857+0000] {logging_mixin.py:188} INFO - [2026-03-04T08:08:02.857+0000] {dag.py:3947} INFO - Setting next_dagrun for example_sensors to None, run_after=None
[2026-03-04T08:08:02.863+0000] {processor.py:183} INFO - Processing /home/airflow/.local/lib/python3.12/site-packages/airflow/example_dags/example_sensors.py took 0.032 seconds
[2026-03-04T08:08:33.479+0000] {processor.py:161} INFO - Started process (PID=5874) to work on /home/airflow/.local/lib/python3.12/site-packages/airflow/example_dags/example_sensors.py
[2026-03-04T08:08:33.480+0000] {processor.py:830} INFO - Processing file /home/airflow/.local/lib/python3.12/site-packages/airflow/example_dags/example_sensors.py for tasks to queue
[2026-03-04T08:08:33.484+0000] {logging_mixin.py:188} INFO - [2026-03-04T08:08:33.484+0000] {dagbag.py:545} INFO - Filling up the DagBag from /home/airflow/.local/lib/python3.12/site-packages/airflow/example_dags/example_sensors.py
[2026-03-04T08:08:33.488+0000] {processor.py:840} INFO - DAG(s) 'example_sensors' retrieved from /home/airflow/.local/lib/python3.12/site-packages/airflow/example_dags/example_sensors.py
[2026-03-04T08:08:33.498+0000] {logging_mixin.py:188} INFO - [2026-03-04T08:08:33.498+0000] {dag.py:3089} INFO - Sync 1 DAGs
[2026-03-04T08:08:33.503+0000] {logging_mixin.py:188} INFO - [2026-03-04T08:08:33.503+0000] {dag.py:3947} INFO - Setting next_dagrun for example_sensors to None, run_after=None
[2026-03-04T08:08:33.512+0000] {processor.py:183} INFO - Processing /home/airflow/.local/lib/python3.12/site-packages/airflow/example_dags/example_sensors.py took 0.035 seconds
[2026-03-04T08:09:04.062+0000] {processor.py:161} INFO - Started process (PID=6136) to work on /home/airflow/.local/lib/python3.12/site-packages/airflow/example_dags/example_sensors.py
[2026-03-04T08:09:04.062+0000] {processor.py:830} INFO - Processing file /home/airflow/.local/lib/python3.12/site-packages/airflow/example_dags/example_sensors.py for tasks to queue
[2026-03-04T08:09:04.063+0000] {logging_mixin.py:188} INFO - [2026-03-04T08:09:04.063+0000] {dagbag.py:545} INFO - Filling up the DagBag from /home/airflow/.local/lib/python3.12/site-packages/airflow/example_dags/example_sensors.py
[2026-03-04T08:09:04.067+0000] {processor.py:840} INFO - DAG(s) 'example_sensors' retrieved from /home/airflow/.local/lib/python3.12/site-packages/airflow/example_dags/example_sensors.py
[2026-03-04T08:09:04.079+0000] {logging_mixin.py:188} INFO - [2026-03-04T08:09:04.079+0000] {dag.py:3089} INFO - Sync 1 DAGs
[2026-03-04T08:09:04.083+0000] {logging_mixin.py:188} INFO - [2026-03-04T08:09:04.083+0000] {dag.py:3947} INFO - Setting next_dagrun for example_sensors to None, run_after=None
[2026-03-04T08:09:04.089+0000] {processor.py:183} INFO - Processing /home/airflow/.local/lib/python3.12/site-packages/airflow/example_dags/example_sensors.py took 0.029 seconds
[2026-03-04T08:09:34.621+0000] {processor.py:161} INFO - Started process (PID=6398) to work on /home/airflow/.local/lib/python3.12/site-packages/airflow/example_dags/example_sensors.py
[2026-03-04T08:09:34.621+0000] {processor.py:830} INFO - Processing file /home/airflow/.local/lib/python3.12/site-packages/airflow/example_dags/example_sensors.py for tasks to queue
[2026-03-04T08:09:34.622+0000] {logging_mixin.py:188} INFO - [2026-03-04T08:09:34.621+0000] {dagbag.py:545} INFO - Filling up the DagBag from /home/airflow/.local/lib/python3.12/site-packages/airflow/example_dags/example_sensors.py
[2026-03-04T08:09:34.624+0000] {processor.py:840} INFO - DAG(s) 'example_sensors' retrieved from /home/airflow/.local/lib/python3.12/site-packages/airflow/example_dags/example_sensors.py
[2026-03-04T08:09:34.633+0000] {logging_mixin.py:188} INFO - [2026-03-04T08:09:34.633+0000] {dag.py:3089} INFO - Sync 1 DAGs
[2026-03-04T08:09:34.637+0000] {logging_mixin.py:188} INFO - [2026-03-04T08:09:34.637+0000] {dag.py:3947} INFO - Setting next_dagrun for example_sensors to None, run_after=None
[2026-03-04T08:09:34.643+0000] {processor.py:183} INFO - Processing /home/airflow/.local/lib/python3.12/site-packages/airflow/example_dags/example_sensors.py took 0.025 seconds
[2026-03-04T08:10:05.218+0000] {processor.py:161} INFO - Started process (PID=6660) to work on /home/airflow/.local/lib/python3.12/site-packages/airflow/example_dags/example_sensors.py
[2026-03-04T08:10:05.219+0000] {processor.py:830} INFO - Processing file /home/airflow/.local/lib/python3.12/site-packages/airflow/example_dags/example_sensors.py for tasks to queue
[2026-03-04T08:10:05.219+0000] {logging_mixin.py:188} INFO - [2026-03-04T08:10:05.219+0000] {dagbag.py:545} INFO - Filling up the DagBag from /home/airflow/.local/lib/python3.12/site-packages/airflow/example_dags/example_sensors.py
[2026-03-04T08:10:05.222+0000] {processor.py:840} INFO - DAG(s) 'example_sensors' retrieved from /home/airflow/.local/lib/python3.12/site-packages/airflow/example_dags/example_sensors.py
[2026-03-04T08:10:05.231+0000] {logging_mixin.py:188} INFO - [2026-03-04T08:10:05.231+0000] {dag.py:3089} INFO - Sync 1 DAGs
[2026-03-04T08:10:05.235+0000] {logging_mixin.py:188} INFO - [2026-03-04T08:10:05.235+0000] {dag.py:3947} INFO - Setting next_dagrun for example_sensors to None, run_after=None
[2026-03-04T08:10:05.241+0000] {processor.py:183} INFO - Processing /home/airflow/.local/lib/python3.12/site-packages/airflow/example_dags/example_sensors.py took 0.025 seconds
[2026-03-04T08:10:35.733+0000] {processor.py:161} INFO - Started process (PID=6925) to work on /home/airflow/.local/lib/python3.12/site-packages/airflow/example_dags/example_sensors.py
[2026-03-04T08:10:35.734+0000] {processor.py:830} INFO - Processing file /home/airflow/.local/lib/python3.12/site-packages/airflow/example_dags/example_sensors.py for tasks to queue
[2026-03-04T08:10:35.734+0000] {logging_mixin.py:188} INFO - [2026-03-04T08:10:35.734+0000] {dagbag.py:545} INFO - Filling up the DagBag from /home/airflow/.local/lib/python3.12/site-packages/airflow/example_dags/example_sensors.py
[2026-03-04T08:10:35.739+0000] {processor.py:840} INFO - DAG(s) 'example_sensors' retrieved from /home/airflow/.local/lib/python3.12/site-packages/airflow/example_dags/example_sensors.py
[2026-03-04T08:10:35.753+0000] {logging_mixin.py:188} INFO - [2026-03-04T08:10:35.753+0000] {dag.py:3089} INFO - Sync 1 DAGs
[2026-03-04T08:10:35.757+0000] {logging_mixin.py:188} INFO - [2026-03-04T08:10:35.757+0000] {dag.py:3947} INFO - Setting next_dagrun for example_sensors to None, run_after=None
[2026-03-04T08:10:35.763+0000] {processor.py:183} INFO - Processing /home/airflow/.local/lib/python3.12/site-packages/airflow/example_dags/example_sensors.py took 0.032 seconds
[2026-03-04T08:11:06.443+0000] {processor.py:161} INFO - Started process (PID=7187) to work on /home/airflow/.local/lib/python3.12/site-packages/airflow/example_dags/example_sensors.py
[2026-03-04T08:11:06.443+0000] {processor.py:830} INFO - Processing file /home/airflow/.local/lib/python3.12/site-packages/airflow/example_dags/example_sensors.py for tasks to queue
[2026-03-04T08:11:06.444+0000] {logging_mixin.py:188} INFO - [2026-03-04T08:11:06.444+0000] {dagbag.py:545} INFO - Filling up the DagBag from /home/airflow/.local/lib/python3.12/site-packages/airflow/example_dags/example_sensors.py
[2026-03-04T08:11:06.449+0000] {processor.py:840} INFO - DAG(s) 'example_sensors' retrieved from /home/airflow/.local/lib/python3.12/site-packages/airflow/example_dags/example_sensors.py
[2026-03-04T08:11:06.460+0000] {logging_mixin.py:188} INFO - [2026-03-04T08:11:06.460+0000] {dag.py:3089} INFO - Sync 1 DAGs
[2026-03-04T08:11:06.464+0000] {logging_mixin.py:188} INFO - [2026-03-04T08:11:06.464+0000] {dag.py:3947} INFO - Setting next_dagrun for example_sensors to None, run_after=None
[2026-03-04T08:11:06.470+0000] {processor.py:183} INFO - Processing /home/airflow/.local/lib/python3.12/site-packages/airflow/example_dags/example_sensors.py took 0.029 seconds
[2026-03-04T08:11:37.022+0000] {processor.py:161} INFO - Started process (PID=7449) to work on /home/airflow/.local/lib/python3.12/site-packages/airflow/example_dags/example_sensors.py
[2026-03-04T08:11:37.023+0000] {processor.py:830} INFO - Processing file /home/airflow/.local/lib/python3.12/site-packages/airflow/example_dags/example_sensors.py for tasks to queue
[2026-03-04T08:11:37.024+0000] {logging_mixin.py:188} INFO - [2026-03-04T08:11:37.024+0000] {dagbag.py:545} INFO - Filling up the DagBag from /home/airflow/.local/lib/python3.12/site-packages/airflow/example_dags/example_sensors.py
[2026-03-04T08:11:37.028+0000] {processor.py:840} INFO - DAG(s) 'example_sensors' retrieved from /home/airflow/.local/lib/python3.12/site-packages/airflow/example_dags/example_sensors.py
[2026-03-04T08:11:37.043+0000] {logging_mixin.py:188} INFO - [2026-03-04T08:11:37.043+0000] {dag.py:3089} INFO - Sync 1 DAGs
[2026-03-04T08:11:37.047+0000] {logging_mixin.py:188} INFO - [2026-03-04T08:11:37.047+0000] {dag.py:3947} INFO - Setting next_dagrun for example_sensors to None, run_after=None
[2026-03-04T08:11:37.054+0000] {processor.py:183} INFO - Processing /home/airflow/.local/lib/python3.12/site-packages/airflow/example_dags/example_sensors.py took 0.034 seconds
[2026-03-04T08:12:07.519+0000] {processor.py:161} INFO - Started process (PID=7711) to work on /home/airflow/.local/lib/python3.12/site-packages/airflow/example_dags/example_sensors.py
[2026-03-04T08:12:07.523+0000] {processor.py:830} INFO - Processing file /home/airflow/.local/lib/python3.12/site-packages/airflow/example_dags/example_sensors.py for tasks to queue
[2026-03-04T08:12:07.524+0000] {logging_mixin.py:188} INFO - [2026-03-04T08:12:07.523+0000] {dagbag.py:545} INFO - Filling up the DagBag from /home/airflow/.local/lib/python3.12/site-packages/airflow/example_dags/example_sensors.py
[2026-03-04T08:12:07.528+0000] {processor.py:840} INFO - DAG(s) 'example_sensors' retrieved from /home/airflow/.local/lib/python3.12/site-packages/airflow/example_dags/example_sensors.py
[2026-03-04T08:12:07.536+0000] {logging_mixin.py:188} INFO - [2026-03-04T08:12:07.536+0000] {dag.py:3089} INFO - Sync 1 DAGs
[2026-03-04T08:12:07.541+0000] {logging_mixin.py:188} INFO - [2026-03-04T08:12:07.540+0000] {dag.py:3947} INFO - Setting next_dagrun for example_sensors to None, run_after=None
[2026-03-04T08:12:07.546+0000] {processor.py:183} INFO - Processing /home/airflow/.local/lib/python3.12/site-packages/airflow/example_dags/example_sensors.py took 0.030 seconds
[2026-03-04T08:12:38.097+0000] {processor.py:161} INFO - Started process (PID=7973) to work on /home/airflow/.local/lib/python3.12/site-packages/airflow/example_dags/example_sensors.py
[2026-03-04T08:12:38.097+0000] {processor.py:830} INFO - Processing file /home/airflow/.local/lib/python3.12/site-packages/airflow/example_dags/example_sensors.py for tasks to queue
[2026-03-04T08:12:38.100+0000] {logging_mixin.py:188} INFO - [2026-03-04T08:12:38.100+0000] {dagbag.py:545} INFO - Filling up the DagBag from /home/airflow/.local/lib/python3.12/site-packages/airflow/example_dags/example_sensors.py
[2026-03-04T08:12:38.103+0000] {processor.py:840} INFO - DAG(s) 'example_sensors' retrieved from /home/airflow/.local/lib/python3.12/site-packages/airflow/example_dags/example_sensors.py
[2026-03-04T08:12:38.115+0000] {logging_mixin.py:188} INFO - [2026-03-04T08:12:38.115+0000] {dag.py:3089} INFO - Sync 1 DAGs
[2026-03-04T08:12:38.120+0000] {logging_mixin.py:188} INFO - [2026-03-04T08:12:38.120+0000] {dag.py:3947} INFO - Setting next_dagrun for example_sensors to None, run_after=None
[2026-03-04T08:12:38.126+0000] {processor.py:183} INFO - Processing /home/airflow/.local/lib/python3.12/site-packages/airflow/example_dags/example_sensors.py took 0.032 seconds
[2026-03-04T08:13:08.665+0000] {processor.py:161} INFO - Started process (PID=8235) to work on /home/airflow/.local/lib/python3.12/site-packages/airflow/example_dags/example_sensors.py
[2026-03-04T08:13:08.667+0000] {processor.py:830} INFO - Processing file /home/airflow/.local/lib/python3.12/site-packages/airflow/example_dags/example_sensors.py for tasks to queue
[2026-03-04T08:13:08.668+0000] {logging_mixin.py:188} INFO - [2026-03-04T08:13:08.668+0000] {dagbag.py:545} INFO - Filling up the DagBag from /home/airflow/.local/lib/python3.12/site-packages/airflow/example_dags/example_sensors.py
[2026-03-04T08:13:08.671+0000] {processor.py:840} INFO - DAG(s) 'example_sensors' retrieved from /home/airflow/.local/lib/python3.12/site-packages/airflow/example_dags/example_sensors.py
[2026-03-04T08:13:08.688+0000] {logging_mixin.py:188} INFO - [2026-03-04T08:13:08.687+0000] {dag.py:3089} INFO - Sync 1 DAGs
[2026-03-04T08:13:08.694+0000] {logging_mixin.py:188} INFO - [2026-03-04T08:13:08.694+0000] {dag.py:3947} INFO - Setting next_dagrun for example_sensors to None, run_after=None
[2026-03-04T08:13:08.701+0000] {processor.py:183} INFO - Processing /home/airflow/.local/lib/python3.12/site-packages/airflow/example_dags/example_sensors.py took 0.039 seconds
[2026-03-04T08:13:39.188+0000] {processor.py:161} INFO - Started process (PID=8497) to work on /home/airflow/.local/lib/python3.12/site-packages/airflow/example_dags/example_sensors.py
[2026-03-04T08:13:39.189+0000] {processor.py:830} INFO - Processing file /home/airflow/.local/lib/python3.12/site-packages/airflow/example_dags/example_sensors.py for tasks to queue
[2026-03-04T08:13:39.189+0000] {logging_mixin.py:188} INFO - [2026-03-04T08:13:39.189+0000] {dagbag.py:545} INFO - Filling up the DagBag from /home/airflow/.local/lib/python3.12/site-packages/airflow/example_dags/example_sensors.py
[2026-03-04T08:13:39.193+0000] {processor.py:840} INFO - DAG(s) 'example_sensors' retrieved from /home/airflow/.local/lib/python3.12/site-packages/airflow/example_dags/example_sensors.py
[2026-03-04T08:13:39.202+0000] {logging_mixin.py:188} INFO - [2026-03-04T08:13:39.202+0000] {dag.py:3089} INFO - Sync 1 DAGs
[2026-03-04T08:13:39.206+0000] {logging_mixin.py:188} INFO - [2026-03-04T08:13:39.206+0000] {dag.py:3947} INFO - Setting next_dagrun for example_sensors to None, run_after=None
[2026-03-04T08:13:39.212+0000] {processor.py:183} INFO - Processing /home/airflow/.local/lib/python3.12/site-packages/airflow/example_dags/example_sensors.py took 0.026 seconds
[2026-03-04T08:14:09.689+0000] {processor.py:161} INFO - Started process (PID=8759) to work on /home/airflow/.local/lib/python3.12/site-packages/airflow/example_dags/example_sensors.py
[2026-03-04T08:14:09.690+0000] {processor.py:830} INFO - Processing file /home/airflow/.local/lib/python3.12/site-packages/airflow/example_dags/example_sensors.py for tasks to queue
[2026-03-04T08:14:09.691+0000] {logging_mixin.py:188} INFO - [2026-03-04T08:14:09.690+0000] {dagbag.py:545} INFO - Filling up the DagBag from /home/airflow/.local/lib/python3.12/site-packages/airflow/example_dags/example_sensors.py
[2026-03-04T08:14:09.695+0000] {processor.py:840} INFO - DAG(s) 'example_sensors' retrieved from /home/airflow/.local/lib/python3.12/site-packages/airflow/example_dags/example_sensors.py
[2026-03-04T08:14:09.705+0000] {logging_mixin.py:188} INFO - [2026-03-04T08:14:09.705+0000] {dag.py:3089} INFO - Sync 1 DAGs
[2026-03-04T08:14:09.716+0000] {logging_mixin.py:188} INFO - [2026-03-04T08:14:09.716+0000] {dag.py:3947} INFO - Setting next_dagrun for example_sensors to None, run_after=None
[2026-03-04T08:14:09.725+0000] {processor.py:183} INFO - Processing /home/airflow/.local/lib/python3.12/site-packages/airflow/example_dags/example_sensors.py took 0.038 seconds
[2026-03-04T08:14:40.260+0000] {processor.py:161} INFO - Started process (PID=9021) to work on /home/airflow/.local/lib/python3.12/site-packages/airflow/example_dags/example_sensors.py
[2026-03-04T08:14:40.261+0000] {processor.py:830} INFO - Processing file /home/airflow/.local/lib/python3.12/site-packages/airflow/example_dags/example_sensors.py for tasks to queue
[2026-03-04T08:14:40.261+0000] {logging_mixin.py:188} INFO - [2026-03-04T08:14:40.261+0000] {dagbag.py:545} INFO - Filling up the DagBag from /home/airflow/.local/lib/python3.12/site-packages/airflow/example_dags/example_sensors.py
[2026-03-04T08:14:40.265+0000] {processor.py:840} INFO - DAG(s) 'example_sensors' retrieved from /home/airflow/.local/lib/python3.12/site-packages/airflow/example_dags/example_sensors.py
[2026-03-04T08:14:40.274+0000] {logging_mixin.py:188} INFO - [2026-03-04T08:14:40.274+0000] {dag.py:3089} INFO - Sync 1 DAGs
[2026-03-04T08:14:40.279+0000] {logging_mixin.py:188} INFO - [2026-03-04T08:14:40.279+0000] {dag.py:3947} INFO - Setting next_dagrun for example_sensors to None, run_after=None
[2026-03-04T08:14:40.285+0000] {processor.py:183} INFO - Processing /home/airflow/.local/lib/python3.12/site-packages/airflow/example_dags/example_sensors.py took 0.028 seconds
[2026-03-04T08:15:10.791+0000] {processor.py:161} INFO - Started process (PID=9287) to work on /home/airflow/.local/lib/python3.12/site-packages/airflow/example_dags/example_sensors.py
[2026-03-04T08:15:10.792+0000] {processor.py:830} INFO - Processing file /home/airflow/.local/lib/python3.12/site-packages/airflow/example_dags/example_sensors.py for tasks to queue
[2026-03-04T08:15:10.792+0000] {logging_mixin.py:188} INFO - [2026-03-04T08:15:10.792+0000] {dagbag.py:545} INFO - Filling up the DagBag from /home/airflow/.local/lib/python3.12/site-packages/airflow/example_dags/example_sensors.py
[2026-03-04T08:15:10.796+0000] {processor.py:840} INFO - DAG(s) 'example_sensors' retrieved from /home/airflow/.local/lib/python3.12/site-packages/airflow/example_dags/example_sensors.py
[2026-03-04T08:15:10.805+0000] {logging_mixin.py:188} INFO - [2026-03-04T08:15:10.805+0000] {dag.py:3089} INFO - Sync 1 DAGs
[2026-03-04T08:15:10.810+0000] {logging_mixin.py:188} INFO - [2026-03-04T08:15:10.810+0000] {dag.py:3947} INFO - Setting next_dagrun for example_sensors to None, run_after=None
[2026-03-04T08:15:10.817+0000] {processor.py:183} INFO - Processing /home/airflow/.local/lib/python3.12/site-packages/airflow/example_dags/example_sensors.py took 0.028 seconds
[2026-03-04T08:15:41.421+0000] {processor.py:161} INFO - Started process (PID=9553) to work on /home/airflow/.local/lib/python3.12/site-packages/airflow/example_dags/example_sensors.py
[2026-03-04T08:15:41.422+0000] {processor.py:830} INFO - Processing file /home/airflow/.local/lib/python3.12/site-packages/airflow/example_dags/example_sensors.py for tasks to queue
[2026-03-04T08:15:41.423+0000] {logging_mixin.py:188} INFO - [2026-03-04T08:15:41.422+0000] {dagbag.py:545} INFO - Filling up the DagBag from /home/airflow/.local/lib/python3.12/site-packages/airflow/example_dags/example_sensors.py
[2026-03-04T08:15:41.426+0000] {processor.py:840} INFO - DAG(s) 'example_sensors' retrieved from /home/airflow/.local/lib/python3.12/site-packages/airflow/example_dags/example_sensors.py
[2026-03-04T08:15:41.435+0000] {logging_mixin.py:188} INFO - [2026-03-04T08:15:41.435+0000] {dag.py:3089} INFO - Sync 1 DAGs
[2026-03-04T08:15:41.439+0000] {logging_mixin.py:188} INFO - [2026-03-04T08:15:41.439+0000] {dag.py:3947} INFO - Setting next_dagrun for example_sensors to None, run_after=None
[2026-03-04T08:15:41.445+0000] {processor.py:183} INFO - Processing /home/airflow/.local/lib/python3.12/site-packages/airflow/example_dags/example_sensors.py took 0.026 seconds
[2026-03-04T08:16:12.058+0000] {processor.py:161} INFO - Started process (PID=9815) to work on /home/airflow/.local/lib/python3.12/site-packages/airflow/example_dags/example_sensors.py
[2026-03-04T08:16:12.058+0000] {processor.py:830} INFO - Processing file /home/airflow/.local/lib/python3.12/site-packages/airflow/example_dags/example_sensors.py for tasks to queue
[2026-03-04T08:16:12.059+0000] {logging_mixin.py:188} INFO - [2026-03-04T08:16:12.059+0000] {dagbag.py:545} INFO - Filling up the DagBag from /home/airflow/.local/lib/python3.12/site-packages/airflow/example_dags/example_sensors.py
[2026-03-04T08:16:12.062+0000] {processor.py:840} INFO - DAG(s) 'example_sensors' retrieved from /home/airflow/.local/lib/python3.12/site-packages/airflow/example_dags/example_sensors.py
[2026-03-04T08:16:12.070+0000] {logging_mixin.py:188} INFO - [2026-03-04T08:16:12.070+0000] {dag.py:3089} INFO - Sync 1 DAGs
[2026-03-04T08:16:12.074+0000] {logging_mixin.py:188} INFO - [2026-03-04T08:16:12.074+0000] {dag.py:3947} INFO - Setting next_dagrun for example_sensors to None, run_after=None
[2026-03-04T08:16:12.087+0000] {processor.py:183} INFO - Processing /home/airflow/.local/lib/python3.12/site-packages/airflow/example_dags/example_sensors.py took 0.032 seconds
[2026-03-04T08:16:42.621+0000] {processor.py:161} INFO - Started process (PID=10077) to work on /home/airflow/.local/lib/python3.12/site-packages/airflow/example_dags/example_sensors.py
[2026-03-04T08:16:42.621+0000] {processor.py:830} INFO - Processing file /home/airflow/.local/lib/python3.12/site-packages/airflow/example_dags/example_sensors.py for tasks to queue
[2026-03-04T08:16:42.622+0000] {logging_mixin.py:188} INFO - [2026-03-04T08:16:42.622+0000] {dagbag.py:545} INFO - Filling up the DagBag from /home/airflow/.local/lib/python3.12/site-packages/airflow/example_dags/example_sensors.py
[2026-03-04T08:16:42.625+0000] {processor.py:840} INFO - DAG(s) 'example_sensors' retrieved from /home/airflow/.local/lib/python3.12/site-packages/airflow/example_dags/example_sensors.py
[2026-03-04T08:16:42.641+0000] {logging_mixin.py:188} INFO - [2026-03-04T08:16:42.641+0000] {dag.py:3089} INFO - Sync 1 DAGs
[2026-03-04T08:16:42.647+0000] {logging_mixin.py:188} INFO - [2026-03-04T08:16:42.647+0000] {dag.py:3947} INFO - Setting next_dagrun for example_sensors to None, run_after=None
[2026-03-04T08:16:42.654+0000] {processor.py:183} INFO - Processing /home/airflow/.local/lib/python3.12/site-packages/airflow/example_dags/example_sensors.py took 0.035 seconds
[2026-03-04T08:17:13.649+0000] {processor.py:161} INFO - Started process (PID=10339) to work on /home/airflow/.local/lib/python3.12/site-packages/airflow/example_dags/example_sensors.py
[2026-03-04T08:17:13.649+0000] {processor.py:830} INFO - Processing file /home/airflow/.local/lib/python3.12/site-packages/airflow/example_dags/example_sensors.py for tasks to queue
[2026-03-04T08:17:13.650+0000] {logging_mixin.py:188} INFO - [2026-03-04T08:17:13.650+0000] {dagbag.py:545} INFO - Filling up the DagBag from /home/airflow/.local/lib/python3.12/site-packages/airflow/example_dags/example_sensors.py
[2026-03-04T08:17:13.653+0000] {processor.py:840} INFO - DAG(s) 'example_sensors' retrieved from /home/airflow/.local/lib/python3.12/site-packages/airflow/example_dags/example_sensors.py
[2026-03-04T08:17:13.662+0000] {logging_mixin.py:188} INFO - [2026-03-04T08:17:13.662+0000] {dag.py:3089} INFO - Sync 1 DAGs
[2026-03-04T08:17:13.666+0000] {logging_mixin.py:188} INFO - [2026-03-04T08:17:13.666+0000] {dag.py:3947} INFO - Setting next_dagrun for example_sensors to None, run_after=None
[2026-03-04T08:17:13.672+0000] {processor.py:183} INFO - Processing /home/airflow/.local/lib/python3.12/site-packages/airflow/example_dags/example_sensors.py took 0.025 seconds
[2026-03-04T08:17:43.787+0000] {processor.py:161} INFO - Started process (PID=10596) to work on /home/airflow/.local/lib/python3.12/site-packages/airflow/example_dags/example_sensors.py
[2026-03-04T08:17:43.787+0000] {processor.py:830} INFO - Processing file /home/airflow/.local/lib/python3.12/site-packages/airflow/example_dags/example_sensors.py for tasks to queue
[2026-03-04T08:17:43.788+0000] {logging_mixin.py:188} INFO - [2026-03-04T08:17:43.788+0000] {dagbag.py:545} INFO - Filling up the DagBag from /home/airflow/.local/lib/python3.12/site-packages/airflow/example_dags/example_sensors.py
[2026-03-04T08:17:43.791+0000] {processor.py:840} INFO - DAG(s) 'example_sensors' retrieved from /home/airflow/.local/lib/python3.12/site-packages/airflow/example_dags/example_sensors.py
[2026-03-04T08:17:43.802+0000] {logging_mixin.py:188} INFO - [2026-03-04T08:17:43.802+0000] {dag.py:3089} INFO - Sync 1 DAGs
[2026-03-04T08:17:43.806+0000] {logging_mixin.py:188} INFO - [2026-03-04T08:17:43.806+0000] {dag.py:3947} INFO - Setting next_dagrun for example_sensors to None, run_after=None
[2026-03-04T08:17:43.812+0000] {processor.py:183} INFO - Processing /home/airflow/.local/lib/python3.12/site-packages/airflow/example_dags/example_sensors.py took 0.027 seconds
[2026-03-04T08:18:15.171+0000] {processor.py:161} INFO - Started process (PID=10858) to work on /home/airflow/.local/lib/python3.12/site-packages/airflow/example_dags/example_sensors.py
[2026-03-04T08:18:15.171+0000] {processor.py:830} INFO - Processing file /home/airflow/.local/lib/python3.12/site-packages/airflow/example_dags/example_sensors.py for tasks to queue
[2026-03-04T08:18:15.174+0000] {logging_mixin.py:188} INFO - [2026-03-04T08:18:15.172+0000] {dagbag.py:545} INFO - Filling up the DagBag from /home/airflow/.local/lib/python3.12/site-packages/airflow/example_dags/example_sensors.py
[2026-03-04T08:18:15.177+0000] {processor.py:840} INFO - DAG(s) 'example_sensors' retrieved from /home/airflow/.local/lib/python3.12/site-packages/airflow/example_dags/example_sensors.py
[2026-03-04T08:18:15.261+0000] {logging_mixin.py:188} INFO - [2026-03-04T08:18:15.261+0000] {dag.py:3089} INFO - Sync 1 DAGs
[2026-03-04T08:18:15.267+0000] {logging_mixin.py:188} INFO - [2026-03-04T08:18:15.267+0000] {dag.py:3947} INFO - Setting next_dagrun for example_sensors to None, run_after=None
[2026-03-04T08:18:15.273+0000] {processor.py:183} INFO - Processing /home/airflow/.local/lib/python3.12/site-packages/airflow/example_dags/example_sensors.py took 0.104 seconds
[2026-03-04T08:18:46.109+0000] {processor.py:161} INFO - Started process (PID=11125) to work on /home/airflow/.local/lib/python3.12/site-packages/airflow/example_dags/example_sensors.py
[2026-03-04T08:18:46.110+0000] {processor.py:830} INFO - Processing file /home/airflow/.local/lib/python3.12/site-packages/airflow/example_dags/example_sensors.py for tasks to queue
[2026-03-04T08:18:46.112+0000] {logging_mixin.py:188} INFO - [2026-03-04T08:18:46.112+0000] {dagbag.py:545} INFO - Filling up the DagBag from /home/airflow/.local/lib/python3.12/site-packages/airflow/example_dags/example_sensors.py
[2026-03-04T08:18:46.116+0000] {processor.py:840} INFO - DAG(s) 'example_sensors' retrieved from /home/airflow/.local/lib/python3.12/site-packages/airflow/example_dags/example_sensors.py
[2026-03-04T08:18:46.127+0000] {logging_mixin.py:188} INFO - [2026-03-04T08:18:46.127+0000] {dag.py:3089} INFO - Sync 1 DAGs
[2026-03-04T08:18:46.131+0000] {logging_mixin.py:188} INFO - [2026-03-04T08:18:46.131+0000] {dag.py:3947} INFO - Setting next_dagrun for example_sensors to None, run_after=None
[2026-03-04T08:18:46.138+0000] {processor.py:183} INFO - Processing /home/airflow/.local/lib/python3.12/site-packages/airflow/example_dags/example_sensors.py took 0.031 seconds
[2026-03-04T08:19:16.793+0000] {processor.py:161} INFO - Started process (PID=11387) to work on /home/airflow/.local/lib/python3.12/site-packages/airflow/example_dags/example_sensors.py
[2026-03-04T08:19:16.794+0000] {processor.py:830} INFO - Processing file /home/airflow/.local/lib/python3.12/site-packages/airflow/example_dags/example_sensors.py for tasks to queue
[2026-03-04T08:19:16.794+0000] {logging_mixin.py:188} INFO - [2026-03-04T08:19:16.794+0000] {dagbag.py:545} INFO - Filling up the DagBag from /home/airflow/.local/lib/python3.12/site-packages/airflow/example_dags/example_sensors.py
[2026-03-04T08:19:16.798+0000] {processor.py:840} INFO - DAG(s) 'example_sensors' retrieved from /home/airflow/.local/lib/python3.12/site-packages/airflow/example_dags/example_sensors.py
[2026-03-04T08:19:16.809+0000] {logging_mixin.py:188} INFO - [2026-03-04T08:19:16.809+0000] {dag.py:3089} INFO - Sync 1 DAGs
[2026-03-04T08:19:16.813+0000] {logging_mixin.py:188} INFO - [2026-03-04T08:19:16.813+0000] {dag.py:3947} INFO - Setting next_dagrun for example_sensors to None, run_after=None
[2026-03-04T08:19:16.818+0000] {processor.py:183} INFO - Processing /home/airflow/.local/lib/python3.12/site-packages/airflow/example_dags/example_sensors.py took 0.028 seconds
[2026-03-04T08:19:47.334+0000] {processor.py:161} INFO - Started process (PID=11649) to work on /home/airflow/.local/lib/python3.12/site-packages/airflow/example_dags/example_sensors.py
[2026-03-04T08:19:47.337+0000] {processor.py:830} INFO - Processing file /home/airflow/.local/lib/python3.12/site-packages/airflow/example_dags/example_sensors.py for tasks to queue
[2026-03-04T08:19:47.338+0000] {logging_mixin.py:188} INFO - [2026-03-04T08:19:47.338+0000] {dagbag.py:545} INFO - Filling up the DagBag from /home/airflow/.local/lib/python3.12/site-packages/airflow/example_dags/example_sensors.py
[2026-03-04T08:19:47.342+0000] {processor.py:840} INFO - DAG(s) 'example_sensors' retrieved from /home/airflow/.local/lib/python3.12/site-packages/airflow/example_dags/example_sensors.py
[2026-03-04T08:19:47.349+0000] {logging_mixin.py:188} INFO - [2026-03-04T08:19:47.349+0000] {dag.py:3089} INFO - Sync 1 DAGs
[2026-03-04T08:19:47.353+0000] {logging_mixin.py:188} INFO - [2026-03-04T08:19:47.353+0000] {dag.py:3947} INFO - Setting next_dagrun for example_sensors to None, run_after=None
[2026-03-04T08:19:47.359+0000] {processor.py:183} INFO - Processing /home/airflow/.local/lib/python3.12/site-packages/airflow/example_dags/example_sensors.py took 0.028 seconds
[2026-03-04T08:20:17.920+0000] {processor.py:161} INFO - Started process (PID=11911) to work on /home/airflow/.local/lib/python3.12/site-packages/airflow/example_dags/example_sensors.py
[2026-03-04T08:20:17.922+0000] {processor.py:830} INFO - Processing file /home/airflow/.local/lib/python3.12/site-packages/airflow/example_dags/example_sensors.py for tasks to queue
[2026-03-04T08:20:17.923+0000] {logging_mixin.py:188} INFO - [2026-03-04T08:20:17.923+0000] {dagbag.py:545} INFO - Filling up the DagBag from /home/airflow/.local/lib/python3.12/site-packages/airflow/example_dags/example_sensors.py
[2026-03-04T08:20:17.926+0000] {processor.py:840} INFO - DAG(s) 'example_sensors' retrieved from /home/airflow/.local/lib/python3.12/site-packages/airflow/example_dags/example_sensors.py
[2026-03-04T08:20:17.935+0000] {logging_mixin.py:188} INFO - [2026-03-04T08:20:17.935+0000] {dag.py:3089} INFO - Sync 1 DAGs
[2026-03-04T08:20:17.939+0000] {logging_mixin.py:188} INFO - [2026-03-04T08:20:17.939+0000] {dag.py:3947} INFO - Setting next_dagrun for example_sensors to None, run_after=None
[2026-03-04T08:20:17.945+0000] {processor.py:183} INFO - Processing /home/airflow/.local/lib/python3.12/site-packages/airflow/example_dags/example_sensors.py took 0.027 seconds
[2026-03-04T08:37:21.818+0000] {processor.py:161} INFO - Started process (PID=12173) to work on /home/airflow/.local/lib/python3.12/site-packages/airflow/example_dags/example_sensors.py
[2026-03-04T08:37:21.819+0000] {processor.py:830} INFO - Processing file /home/airflow/.local/lib/python3.12/site-packages/airflow/example_dags/example_sensors.py for tasks to queue
[2026-03-04T08:37:21.820+0000] {logging_mixin.py:188} INFO - [2026-03-04T08:37:21.820+0000] {dagbag.py:545} INFO - Filling up the DagBag from /home/airflow/.local/lib/python3.12/site-packages/airflow/example_dags/example_sensors.py
[2026-03-04T08:37:21.824+0000] {processor.py:840} INFO - DAG(s) 'example_sensors' retrieved from /home/airflow/.local/lib/python3.12/site-packages/airflow/example_dags/example_sensors.py
[2026-03-04T08:37:21.834+0000] {logging_mixin.py:188} INFO - [2026-03-04T08:37:21.834+0000] {dag.py:3089} INFO - Sync 1 DAGs
[2026-03-04T08:37:21.839+0000] {logging_mixin.py:188} INFO - [2026-03-04T08:37:21.839+0000] {dag.py:3947} INFO - Setting next_dagrun for example_sensors to None, run_after=None
[2026-03-04T08:37:21.849+0000] {processor.py:183} INFO - Processing /home/airflow/.local/lib/python3.12/site-packages/airflow/example_dags/example_sensors.py took 0.033 seconds
[2026-03-04T08:46:11.980+0000] {processor.py:161} INFO - Started process (PID=12435) to work on /home/airflow/.local/lib/python3.12/site-packages/airflow/example_dags/example_sensors.py
[2026-03-04T08:46:11.981+0000] {processor.py:830} INFO - Processing file /home/airflow/.local/lib/python3.12/site-packages/airflow/example_dags/example_sensors.py for tasks to queue
[2026-03-04T08:46:11.982+0000] {logging_mixin.py:188} INFO - [2026-03-04T08:46:11.982+0000] {dagbag.py:545} INFO - Filling up the DagBag from /home/airflow/.local/lib/python3.12/site-packages/airflow/example_dags/example_sensors.py
[2026-03-04T08:46:11.986+0000] {processor.py:840} INFO - DAG(s) 'example_sensors' retrieved from /home/airflow/.local/lib/python3.12/site-packages/airflow/example_dags/example_sensors.py
[2026-03-04T08:46:11.998+0000] {logging_mixin.py:188} INFO - [2026-03-04T08:46:11.998+0000] {dag.py:3089} INFO - Sync 1 DAGs
[2026-03-04T08:46:12.001+0000] {logging_mixin.py:188} INFO - [2026-03-04T08:46:12.001+0000] {dag.py:3947} INFO - Setting next_dagrun for example_sensors to None, run_after=None
[2026-03-04T08:46:12.012+0000] {processor.py:183} INFO - Processing /home/airflow/.local/lib/python3.12/site-packages/airflow/example_dags/example_sensors.py took 0.034 seconds
[2026-03-04T08:46:42.598+0000] {processor.py:161} INFO - Started process (PID=12697) to work on /home/airflow/.local/lib/python3.12/site-packages/airflow/example_dags/example_sensors.py
[2026-03-04T08:46:42.600+0000] {processor.py:830} INFO - Processing file /home/airflow/.local/lib/python3.12/site-packages/airflow/example_dags/example_sensors.py for tasks to queue
[2026-03-04T08:46:42.603+0000] {logging_mixin.py:188} INFO - [2026-03-04T08:46:42.603+0000] {dagbag.py:545} INFO - Filling up the DagBag from /home/airflow/.local/lib/python3.12/site-packages/airflow/example_dags/example_sensors.py
[2026-03-04T08:46:42.606+0000] {processor.py:840} INFO - DAG(s) 'example_sensors' retrieved from /home/airflow/.local/lib/python3.12/site-packages/airflow/example_dags/example_sensors.py
[2026-03-04T08:46:42.616+0000] {logging_mixin.py:188} INFO - [2026-03-04T08:46:42.616+0000] {dag.py:3089} INFO - Sync 1 DAGs
[2026-03-04T08:46:42.621+0000] {logging_mixin.py:188} INFO - [2026-03-04T08:46:42.621+0000] {dag.py:3947} INFO - Setting next_dagrun for example_sensors to None, run_after=None
[2026-03-04T08:46:42.628+0000] {processor.py:183} INFO - Processing /home/airflow/.local/lib/python3.12/site-packages/airflow/example_dags/example_sensors.py took 0.032 seconds
[2026-03-04T08:47:13.017+0000] {processor.py:161} INFO - Started process (PID=12954) to work on /home/airflow/.local/lib/python3.12/site-packages/airflow/example_dags/example_sensors.py
[2026-03-04T08:47:13.017+0000] {processor.py:830} INFO - Processing file /home/airflow/.local/lib/python3.12/site-packages/airflow/example_dags/example_sensors.py for tasks to queue
[2026-03-04T08:47:13.018+0000] {logging_mixin.py:188} INFO - [2026-03-04T08:47:13.018+0000] {dagbag.py:545} INFO - Filling up the DagBag from /home/airflow/.local/lib/python3.12/site-packages/airflow/example_dags/example_sensors.py
[2026-03-04T08:47:13.021+0000] {processor.py:840} INFO - DAG(s) 'example_sensors' retrieved from /home/airflow/.local/lib/python3.12/site-packages/airflow/example_dags/example_sensors.py
[2026-03-04T08:47:13.034+0000] {logging_mixin.py:188} INFO - [2026-03-04T08:47:13.034+0000] {dag.py:3089} INFO - Sync 1 DAGs
[2026-03-04T08:47:13.039+0000] {logging_mixin.py:188} INFO - [2026-03-04T08:47:13.039+0000] {dag.py:3947} INFO - Setting next_dagrun for example_sensors to None, run_after=None
[2026-03-04T08:47:13.046+0000] {processor.py:183} INFO - Processing /home/airflow/.local/lib/python3.12/site-packages/airflow/example_dags/example_sensors.py took 0.032 seconds
[2026-03-04T08:47:43.561+0000] {processor.py:161} INFO - Started process (PID=13216) to work on /home/airflow/.local/lib/python3.12/site-packages/airflow/example_dags/example_sensors.py
[2026-03-04T08:47:43.562+0000] {processor.py:830} INFO - Processing file /home/airflow/.local/lib/python3.12/site-packages/airflow/example_dags/example_sensors.py for tasks to queue
[2026-03-04T08:47:43.563+0000] {logging_mixin.py:188} INFO - [2026-03-04T08:47:43.563+0000] {dagbag.py:545} INFO - Filling up the DagBag from /home/airflow/.local/lib/python3.12/site-packages/airflow/example_dags/example_sensors.py
[2026-03-04T08:47:43.568+0000] {processor.py:840} INFO - DAG(s) 'example_sensors' retrieved from /home/airflow/.local/lib/python3.12/site-packages/airflow/example_dags/example_sensors.py
[2026-03-04T08:47:43.580+0000] {logging_mixin.py:188} INFO - [2026-03-04T08:47:43.580+0000] {dag.py:3089} INFO - Sync 1 DAGs
[2026-03-04T08:47:43.585+0000] {logging_mixin.py:188} INFO - [2026-03-04T08:47:43.585+0000] {dag.py:3947} INFO - Setting next_dagrun for example_sensors to None, run_after=None
[2026-03-04T08:47:43.591+0000] {processor.py:183} INFO - Processing /home/airflow/.local/lib/python3.12/site-packages/airflow/example_dags/example_sensors.py took 0.033 seconds
[2026-03-04T08:48:14.053+0000] {processor.py:161} INFO - Started process (PID=13478) to work on /home/airflow/.local/lib/python3.12/site-packages/airflow/example_dags/example_sensors.py
[2026-03-04T08:48:14.055+0000] {processor.py:830} INFO - Processing file /home/airflow/.local/lib/python3.12/site-packages/airflow/example_dags/example_sensors.py for tasks to queue
[2026-03-04T08:48:14.057+0000] {logging_mixin.py:188} INFO - [2026-03-04T08:48:14.057+0000] {dagbag.py:545} INFO - Filling up the DagBag from /home/airflow/.local/lib/python3.12/site-packages/airflow/example_dags/example_sensors.py
[2026-03-04T08:48:14.061+0000] {processor.py:840} INFO - DAG(s) 'example_sensors' retrieved from /home/airflow/.local/lib/python3.12/site-packages/airflow/example_dags/example_sensors.py
[2026-03-04T08:48:14.075+0000] {logging_mixin.py:188} INFO - [2026-03-04T08:48:14.075+0000] {dag.py:3089} INFO - Sync 1 DAGs
[2026-03-04T08:48:14.080+0000] {logging_mixin.py:188} INFO - [2026-03-04T08:48:14.080+0000] {dag.py:3947} INFO - Setting next_dagrun for example_sensors to None, run_after=None
[2026-03-04T08:48:14.086+0000] {processor.py:183} INFO - Processing /home/airflow/.local/lib/python3.12/site-packages/airflow/example_dags/example_sensors.py took 0.036 seconds
[2026-03-04T08:48:44.700+0000] {processor.py:161} INFO - Started process (PID=13745) to work on /home/airflow/.local/lib/python3.12/site-packages/airflow/example_dags/example_sensors.py
[2026-03-04T08:48:44.702+0000] {processor.py:830} INFO - Processing file /home/airflow/.local/lib/python3.12/site-packages/airflow/example_dags/example_sensors.py for tasks to queue
[2026-03-04T08:48:44.702+0000] {logging_mixin.py:188} INFO - [2026-03-04T08:48:44.702+0000] {dagbag.py:545} INFO - Filling up the DagBag from /home/airflow/.local/lib/python3.12/site-packages/airflow/example_dags/example_sensors.py
[2026-03-04T08:48:44.705+0000] {processor.py:840} INFO - DAG(s) 'example_sensors' retrieved from /home/airflow/.local/lib/python3.12/site-packages/airflow/example_dags/example_sensors.py
[2026-03-04T08:48:44.714+0000] {logging_mixin.py:188} INFO - [2026-03-04T08:48:44.713+0000] {dag.py:3089} INFO - Sync 1 DAGs
[2026-03-04T08:48:44.718+0000] {logging_mixin.py:188} INFO - [2026-03-04T08:48:44.718+0000] {dag.py:3947} INFO - Setting next_dagrun for example_sensors to None, run_after=None
[2026-03-04T08:48:44.726+0000] {processor.py:183} INFO - Processing /home/airflow/.local/lib/python3.12/site-packages/airflow/example_dags/example_sensors.py took 0.028 seconds
[2026-03-04T08:49:15.300+0000] {processor.py:161} INFO - Started process (PID=14007) to work on /home/airflow/.local/lib/python3.12/site-packages/airflow/example_dags/example_sensors.py
[2026-03-04T08:49:15.300+0000] {processor.py:830} INFO - Processing file /home/airflow/.local/lib/python3.12/site-packages/airflow/example_dags/example_sensors.py for tasks to queue
[2026-03-04T08:49:15.301+0000] {logging_mixin.py:188} INFO - [2026-03-04T08:49:15.301+0000] {dagbag.py:545} INFO - Filling up the DagBag from /home/airflow/.local/lib/python3.12/site-packages/airflow/example_dags/example_sensors.py
[2026-03-04T08:49:15.304+0000] {processor.py:840} INFO - DAG(s) 'example_sensors' retrieved from /home/airflow/.local/lib/python3.12/site-packages/airflow/example_dags/example_sensors.py
[2026-03-04T08:49:15.316+0000] {logging_mixin.py:188} INFO - [2026-03-04T08:49:15.315+0000] {dag.py:3089} INFO - Sync 1 DAGs
[2026-03-04T08:49:15.321+0000] {logging_mixin.py:188} INFO - [2026-03-04T08:49:15.321+0000] {dag.py:3947} INFO - Setting next_dagrun for example_sensors to None, run_after=None
[2026-03-04T08:49:15.332+0000] {processor.py:183} INFO - Processing /home/airflow/.local/lib/python3.12/site-packages/airflow/example_dags/example_sensors.py took 0.035 seconds
[2026-03-04T08:49:45.837+0000] {processor.py:161} INFO - Started process (PID=14269) to work on /home/airflow/.local/lib/python3.12/site-packages/airflow/example_dags/example_sensors.py
[2026-03-04T08:49:45.838+0000] {processor.py:830} INFO - Processing file /home/airflow/.local/lib/python3.12/site-packages/airflow/example_dags/example_sensors.py for tasks to queue
[2026-03-04T08:49:45.840+0000] {logging_mixin.py:188} INFO - [2026-03-04T08:49:45.840+0000] {dagbag.py:545} INFO - Filling up the DagBag from /home/airflow/.local/lib/python3.12/site-packages/airflow/example_dags/example_sensors.py
[2026-03-04T08:49:45.845+0000] {processor.py:840} INFO - DAG(s) 'example_sensors' retrieved from /home/airflow/.local/lib/python3.12/site-packages/airflow/example_dags/example_sensors.py
[2026-03-04T08:49:45.859+0000] {logging_mixin.py:188} INFO - [2026-03-04T08:49:45.859+0000] {dag.py:3089} INFO - Sync 1 DAGs
[2026-03-04T08:49:45.863+0000] {logging_mixin.py:188} INFO - [2026-03-04T08:49:45.863+0000] {dag.py:3947} INFO - Setting next_dagrun for example_sensors to None, run_after=None
[2026-03-04T08:49:45.869+0000] {processor.py:183} INFO - Processing /home/airflow/.local/lib/python3.12/site-packages/airflow/example_dags/example_sensors.py took 0.034 seconds
[2026-03-04T08:50:16.357+0000] {processor.py:161} INFO - Started process (PID=14531) to work on /home/airflow/.local/lib/python3.12/site-packages/airflow/example_dags/example_sensors.py
[2026-03-04T08:50:16.359+0000] {processor.py:830} INFO - Processing file /home/airflow/.local/lib/python3.12/site-packages/airflow/example_dags/example_sensors.py for tasks to queue
[2026-03-04T08:50:16.360+0000] {logging_mixin.py:188} INFO - [2026-03-04T08:50:16.360+0000] {dagbag.py:545} INFO - Filling up the DagBag from /home/airflow/.local/lib/python3.12/site-packages/airflow/example_dags/example_sensors.py
[2026-03-04T08:50:16.363+0000] {processor.py:840} INFO - DAG(s) 'example_sensors' retrieved from /home/airflow/.local/lib/python3.12/site-packages/airflow/example_dags/example_sensors.py
[2026-03-04T08:50:16.371+0000] {logging_mixin.py:188} INFO - [2026-03-04T08:50:16.371+0000] {dag.py:3089} INFO - Sync 1 DAGs
[2026-03-04T08:50:16.375+0000] {logging_mixin.py:188} INFO - [2026-03-04T08:50:16.375+0000] {dag.py:3947} INFO - Setting next_dagrun for example_sensors to None, run_after=None
[2026-03-04T08:50:16.382+0000] {processor.py:183} INFO - Processing /home/airflow/.local/lib/python3.12/site-packages/airflow/example_dags/example_sensors.py took 0.027 seconds
[2026-03-04T08:50:46.940+0000] {processor.py:161} INFO - Started process (PID=14793) to work on /home/airflow/.local/lib/python3.12/site-packages/airflow/example_dags/example_sensors.py
[2026-03-04T08:50:46.941+0000] {processor.py:830} INFO - Processing file /home/airflow/.local/lib/python3.12/site-packages/airflow/example_dags/example_sensors.py for tasks to queue
[2026-03-04T08:50:46.942+0000] {logging_mixin.py:188} INFO - [2026-03-04T08:50:46.942+0000] {dagbag.py:545} INFO - Filling up the DagBag from /home/airflow/.local/lib/python3.12/site-packages/airflow/example_dags/example_sensors.py
[2026-03-04T08:50:46.947+0000] {processor.py:840} INFO - DAG(s) 'example_sensors' retrieved from /home/airflow/.local/lib/python3.12/site-packages/airflow/example_dags/example_sensors.py
[2026-03-04T08:50:46.958+0000] {logging_mixin.py:188} INFO - [2026-03-04T08:50:46.957+0000] {dag.py:3089} INFO - Sync 1 DAGs
[2026-03-04T08:50:46.962+0000] {logging_mixin.py:188} INFO - [2026-03-04T08:50:46.962+0000] {dag.py:3947} INFO - Setting next_dagrun for example_sensors to None, run_after=None
[2026-03-04T08:50:46.971+0000] {processor.py:183} INFO - Processing /home/airflow/.local/lib/python3.12/site-packages/airflow/example_dags/example_sensors.py took 0.033 seconds
