[2026-03-04T07:57:51.505+0000] {processor.py:161} INFO - Started process (PID=402) to work on /home/airflow/.local/lib/python3.12/site-packages/airflow/example_dags/example_sla_dag.py
[2026-03-04T07:57:51.506+0000] {processor.py:830} INFO - Processing file /home/airflow/.local/lib/python3.12/site-packages/airflow/example_dags/example_sla_dag.py for tasks to queue
[2026-03-04T07:57:51.507+0000] {logging_mixin.py:188} INFO - [2026-03-04T07:57:51.507+0000] {dagbag.py:545} INFO - Filling up the DagBag from /home/airflow/.local/lib/python3.12/site-packages/airflow/example_dags/example_sla_dag.py
[2026-03-04T07:57:51.511+0000] {processor.py:840} INFO - DAG(s) 'example_sla_dag' retrieved from /home/airflow/.local/lib/python3.12/site-packages/airflow/example_dags/example_sla_dag.py
[2026-03-04T07:57:51.554+0000] {logging_mixin.py:188} INFO - [2026-03-04T07:57:51.554+0000] {override.py:1858} INFO - Created Permission View: can delete on DAG:example_sla_dag
[2026-03-04T07:57:51.559+0000] {logging_mixin.py:188} INFO - [2026-03-04T07:57:51.559+0000] {override.py:1858} INFO - Created Permission View: can read on DAG:example_sla_dag
[2026-03-04T07:57:51.562+0000] {logging_mixin.py:188} INFO - [2026-03-04T07:57:51.562+0000] {override.py:1858} INFO - Created Permission View: can edit on DAG:example_sla_dag
[2026-03-04T07:57:51.563+0000] {logging_mixin.py:188} INFO - [2026-03-04T07:57:51.563+0000] {dag.py:3089} INFO - Sync 1 DAGs
[2026-03-04T07:57:51.568+0000] {logging_mixin.py:188} INFO - [2026-03-04T07:57:51.568+0000] {dag.py:3111} INFO - Creating ORM DAG for example_sla_dag
[2026-03-04T07:57:51.573+0000] {logging_mixin.py:188} INFO - [2026-03-04T07:57:51.573+0000] {dag.py:3947} INFO - Setting next_dagrun for example_sla_dag to 2026-03-04 07:54:00+00:00, run_after=2026-03-04 07:56:00+00:00
[2026-03-04T07:57:51.581+0000] {processor.py:183} INFO - Processing /home/airflow/.local/lib/python3.12/site-packages/airflow/example_dags/example_sla_dag.py took 0.078 seconds
[2026-03-04T07:58:22.102+0000] {processor.py:161} INFO - Started process (PID=664) to work on /home/airflow/.local/lib/python3.12/site-packages/airflow/example_dags/example_sla_dag.py
[2026-03-04T07:58:22.103+0000] {processor.py:830} INFO - Processing file /home/airflow/.local/lib/python3.12/site-packages/airflow/example_dags/example_sla_dag.py for tasks to queue
[2026-03-04T07:58:22.104+0000] {logging_mixin.py:188} INFO - [2026-03-04T07:58:22.104+0000] {dagbag.py:545} INFO - Filling up the DagBag from /home/airflow/.local/lib/python3.12/site-packages/airflow/example_dags/example_sla_dag.py
[2026-03-04T07:58:22.108+0000] {processor.py:840} INFO - DAG(s) 'example_sla_dag' retrieved from /home/airflow/.local/lib/python3.12/site-packages/airflow/example_dags/example_sla_dag.py
[2026-03-04T07:58:22.117+0000] {logging_mixin.py:188} INFO - [2026-03-04T07:58:22.117+0000] {dag.py:3089} INFO - Sync 1 DAGs
[2026-03-04T07:58:22.126+0000] {logging_mixin.py:188} INFO - [2026-03-04T07:58:22.126+0000] {dag.py:3947} INFO - Setting next_dagrun for example_sla_dag to 2026-03-04 07:56:00+00:00, run_after=2026-03-04 07:58:00+00:00
[2026-03-04T07:58:22.132+0000] {processor.py:183} INFO - Processing /home/airflow/.local/lib/python3.12/site-packages/airflow/example_dags/example_sla_dag.py took 0.033 seconds
[2026-03-04T07:58:52.643+0000] {processor.py:161} INFO - Started process (PID=926) to work on /home/airflow/.local/lib/python3.12/site-packages/airflow/example_dags/example_sla_dag.py
[2026-03-04T07:58:52.644+0000] {processor.py:830} INFO - Processing file /home/airflow/.local/lib/python3.12/site-packages/airflow/example_dags/example_sla_dag.py for tasks to queue
[2026-03-04T07:58:52.645+0000] {logging_mixin.py:188} INFO - [2026-03-04T07:58:52.645+0000] {dagbag.py:545} INFO - Filling up the DagBag from /home/airflow/.local/lib/python3.12/site-packages/airflow/example_dags/example_sla_dag.py
[2026-03-04T07:58:52.648+0000] {processor.py:840} INFO - DAG(s) 'example_sla_dag' retrieved from /home/airflow/.local/lib/python3.12/site-packages/airflow/example_dags/example_sla_dag.py
[2026-03-04T07:58:52.656+0000] {logging_mixin.py:188} INFO - [2026-03-04T07:58:52.656+0000] {dag.py:3089} INFO - Sync 1 DAGs
[2026-03-04T07:58:52.666+0000] {logging_mixin.py:188} INFO - [2026-03-04T07:58:52.666+0000] {dag.py:3947} INFO - Setting next_dagrun for example_sla_dag to 2026-03-04 07:56:00+00:00, run_after=2026-03-04 07:58:00+00:00
[2026-03-04T07:58:52.676+0000] {processor.py:183} INFO - Processing /home/airflow/.local/lib/python3.12/site-packages/airflow/example_dags/example_sla_dag.py took 0.035 seconds
[2026-03-04T07:59:23.173+0000] {processor.py:161} INFO - Started process (PID=1188) to work on /home/airflow/.local/lib/python3.12/site-packages/airflow/example_dags/example_sla_dag.py
[2026-03-04T07:59:23.174+0000] {processor.py:830} INFO - Processing file /home/airflow/.local/lib/python3.12/site-packages/airflow/example_dags/example_sla_dag.py for tasks to queue
[2026-03-04T07:59:23.177+0000] {logging_mixin.py:188} INFO - [2026-03-04T07:59:23.177+0000] {dagbag.py:545} INFO - Filling up the DagBag from /home/airflow/.local/lib/python3.12/site-packages/airflow/example_dags/example_sla_dag.py
[2026-03-04T07:59:23.181+0000] {processor.py:840} INFO - DAG(s) 'example_sla_dag' retrieved from /home/airflow/.local/lib/python3.12/site-packages/airflow/example_dags/example_sla_dag.py
[2026-03-04T07:59:23.191+0000] {logging_mixin.py:188} INFO - [2026-03-04T07:59:23.191+0000] {dag.py:3089} INFO - Sync 1 DAGs
[2026-03-04T07:59:23.200+0000] {logging_mixin.py:188} INFO - [2026-03-04T07:59:23.200+0000] {dag.py:3947} INFO - Setting next_dagrun for example_sla_dag to 2026-03-04 07:56:00+00:00, run_after=2026-03-04 07:58:00+00:00
[2026-03-04T07:59:23.206+0000] {processor.py:183} INFO - Processing /home/airflow/.local/lib/python3.12/site-packages/airflow/example_dags/example_sla_dag.py took 0.035 seconds
[2026-03-04T07:59:53.861+0000] {processor.py:161} INFO - Started process (PID=1450) to work on /home/airflow/.local/lib/python3.12/site-packages/airflow/example_dags/example_sla_dag.py
[2026-03-04T07:59:53.862+0000] {processor.py:830} INFO - Processing file /home/airflow/.local/lib/python3.12/site-packages/airflow/example_dags/example_sla_dag.py for tasks to queue
[2026-03-04T07:59:53.863+0000] {logging_mixin.py:188} INFO - [2026-03-04T07:59:53.863+0000] {dagbag.py:545} INFO - Filling up the DagBag from /home/airflow/.local/lib/python3.12/site-packages/airflow/example_dags/example_sla_dag.py
[2026-03-04T07:59:53.866+0000] {processor.py:840} INFO - DAG(s) 'example_sla_dag' retrieved from /home/airflow/.local/lib/python3.12/site-packages/airflow/example_dags/example_sla_dag.py
[2026-03-04T07:59:53.873+0000] {logging_mixin.py:188} INFO - [2026-03-04T07:59:53.873+0000] {dag.py:3089} INFO - Sync 1 DAGs
[2026-03-04T07:59:53.884+0000] {logging_mixin.py:188} INFO - [2026-03-04T07:59:53.884+0000] {dag.py:3947} INFO - Setting next_dagrun for example_sla_dag to 2026-03-04 07:56:00+00:00, run_after=2026-03-04 07:58:00+00:00
[2026-03-04T07:59:53.890+0000] {processor.py:183} INFO - Processing /home/airflow/.local/lib/python3.12/site-packages/airflow/example_dags/example_sla_dag.py took 0.032 seconds
[2026-03-04T08:00:24.485+0000] {processor.py:161} INFO - Started process (PID=1712) to work on /home/airflow/.local/lib/python3.12/site-packages/airflow/example_dags/example_sla_dag.py
[2026-03-04T08:00:24.486+0000] {processor.py:830} INFO - Processing file /home/airflow/.local/lib/python3.12/site-packages/airflow/example_dags/example_sla_dag.py for tasks to queue
[2026-03-04T08:00:24.486+0000] {logging_mixin.py:188} INFO - [2026-03-04T08:00:24.486+0000] {dagbag.py:545} INFO - Filling up the DagBag from /home/airflow/.local/lib/python3.12/site-packages/airflow/example_dags/example_sla_dag.py
[2026-03-04T08:00:24.490+0000] {processor.py:840} INFO - DAG(s) 'example_sla_dag' retrieved from /home/airflow/.local/lib/python3.12/site-packages/airflow/example_dags/example_sla_dag.py
[2026-03-04T08:00:24.499+0000] {logging_mixin.py:188} INFO - [2026-03-04T08:00:24.499+0000] {dag.py:3089} INFO - Sync 1 DAGs
[2026-03-04T08:00:24.509+0000] {logging_mixin.py:188} INFO - [2026-03-04T08:00:24.509+0000] {dag.py:3947} INFO - Setting next_dagrun for example_sla_dag to 2026-03-04 07:58:00+00:00, run_after=2026-03-04 08:00:00+00:00
[2026-03-04T08:00:24.519+0000] {processor.py:183} INFO - Processing /home/airflow/.local/lib/python3.12/site-packages/airflow/example_dags/example_sla_dag.py took 0.036 seconds
[2026-03-04T08:00:55.157+0000] {processor.py:161} INFO - Started process (PID=1974) to work on /home/airflow/.local/lib/python3.12/site-packages/airflow/example_dags/example_sla_dag.py
[2026-03-04T08:00:55.159+0000] {processor.py:830} INFO - Processing file /home/airflow/.local/lib/python3.12/site-packages/airflow/example_dags/example_sla_dag.py for tasks to queue
[2026-03-04T08:00:55.161+0000] {logging_mixin.py:188} INFO - [2026-03-04T08:00:55.161+0000] {dagbag.py:545} INFO - Filling up the DagBag from /home/airflow/.local/lib/python3.12/site-packages/airflow/example_dags/example_sla_dag.py
[2026-03-04T08:00:55.164+0000] {processor.py:840} INFO - DAG(s) 'example_sla_dag' retrieved from /home/airflow/.local/lib/python3.12/site-packages/airflow/example_dags/example_sla_dag.py
[2026-03-04T08:00:55.175+0000] {logging_mixin.py:188} INFO - [2026-03-04T08:00:55.175+0000] {dag.py:3089} INFO - Sync 1 DAGs
[2026-03-04T08:00:55.184+0000] {logging_mixin.py:188} INFO - [2026-03-04T08:00:55.184+0000] {dag.py:3947} INFO - Setting next_dagrun for example_sla_dag to 2026-03-04 07:58:00+00:00, run_after=2026-03-04 08:00:00+00:00
[2026-03-04T08:00:55.193+0000] {processor.py:183} INFO - Processing /home/airflow/.local/lib/python3.12/site-packages/airflow/example_dags/example_sla_dag.py took 0.038 seconds
[2026-03-04T08:01:25.657+0000] {processor.py:161} INFO - Started process (PID=2236) to work on /home/airflow/.local/lib/python3.12/site-packages/airflow/example_dags/example_sla_dag.py
[2026-03-04T08:01:25.657+0000] {processor.py:830} INFO - Processing file /home/airflow/.local/lib/python3.12/site-packages/airflow/example_dags/example_sla_dag.py for tasks to queue
[2026-03-04T08:01:25.659+0000] {logging_mixin.py:188} INFO - [2026-03-04T08:01:25.659+0000] {dagbag.py:545} INFO - Filling up the DagBag from /home/airflow/.local/lib/python3.12/site-packages/airflow/example_dags/example_sla_dag.py
[2026-03-04T08:01:25.662+0000] {processor.py:840} INFO - DAG(s) 'example_sla_dag' retrieved from /home/airflow/.local/lib/python3.12/site-packages/airflow/example_dags/example_sla_dag.py
[2026-03-04T08:01:25.673+0000] {logging_mixin.py:188} INFO - [2026-03-04T08:01:25.673+0000] {dag.py:3089} INFO - Sync 1 DAGs
[2026-03-04T08:01:25.682+0000] {logging_mixin.py:188} INFO - [2026-03-04T08:01:25.682+0000] {dag.py:3947} INFO - Setting next_dagrun for example_sla_dag to 2026-03-04 07:58:00+00:00, run_after=2026-03-04 08:00:00+00:00
[2026-03-04T08:01:25.690+0000] {processor.py:183} INFO - Processing /home/airflow/.local/lib/python3.12/site-packages/airflow/example_dags/example_sla_dag.py took 0.036 seconds
[2026-03-04T08:01:56.245+0000] {processor.py:161} INFO - Started process (PID=2498) to work on /home/airflow/.local/lib/python3.12/site-packages/airflow/example_dags/example_sla_dag.py
[2026-03-04T08:01:56.247+0000] {processor.py:830} INFO - Processing file /home/airflow/.local/lib/python3.12/site-packages/airflow/example_dags/example_sla_dag.py for tasks to queue
[2026-03-04T08:01:56.248+0000] {logging_mixin.py:188} INFO - [2026-03-04T08:01:56.248+0000] {dagbag.py:545} INFO - Filling up the DagBag from /home/airflow/.local/lib/python3.12/site-packages/airflow/example_dags/example_sla_dag.py
[2026-03-04T08:01:56.251+0000] {processor.py:840} INFO - DAG(s) 'example_sla_dag' retrieved from /home/airflow/.local/lib/python3.12/site-packages/airflow/example_dags/example_sla_dag.py
[2026-03-04T08:01:56.258+0000] {logging_mixin.py:188} INFO - [2026-03-04T08:01:56.258+0000] {dag.py:3089} INFO - Sync 1 DAGs
[2026-03-04T08:01:56.266+0000] {logging_mixin.py:188} INFO - [2026-03-04T08:01:56.266+0000] {dag.py:3947} INFO - Setting next_dagrun for example_sla_dag to 2026-03-04 07:58:00+00:00, run_after=2026-03-04 08:00:00+00:00
[2026-03-04T08:01:56.273+0000] {processor.py:183} INFO - Processing /home/airflow/.local/lib/python3.12/site-packages/airflow/example_dags/example_sla_dag.py took 0.030 seconds
[2026-03-04T08:02:26.767+0000] {processor.py:161} INFO - Started process (PID=2761) to work on /home/airflow/.local/lib/python3.12/site-packages/airflow/example_dags/example_sla_dag.py
[2026-03-04T08:02:26.767+0000] {processor.py:830} INFO - Processing file /home/airflow/.local/lib/python3.12/site-packages/airflow/example_dags/example_sla_dag.py for tasks to queue
[2026-03-04T08:02:26.768+0000] {logging_mixin.py:188} INFO - [2026-03-04T08:02:26.768+0000] {dagbag.py:545} INFO - Filling up the DagBag from /home/airflow/.local/lib/python3.12/site-packages/airflow/example_dags/example_sla_dag.py
[2026-03-04T08:02:26.771+0000] {processor.py:840} INFO - DAG(s) 'example_sla_dag' retrieved from /home/airflow/.local/lib/python3.12/site-packages/airflow/example_dags/example_sla_dag.py
[2026-03-04T08:02:26.782+0000] {logging_mixin.py:188} INFO - [2026-03-04T08:02:26.782+0000] {dag.py:3089} INFO - Sync 1 DAGs
[2026-03-04T08:02:26.790+0000] {logging_mixin.py:188} INFO - [2026-03-04T08:02:26.790+0000] {dag.py:3947} INFO - Setting next_dagrun for example_sla_dag to 2026-03-04 08:00:00+00:00, run_after=2026-03-04 08:02:00+00:00
[2026-03-04T08:02:26.800+0000] {processor.py:183} INFO - Processing /home/airflow/.local/lib/python3.12/site-packages/airflow/example_dags/example_sla_dag.py took 0.035 seconds
[2026-03-04T08:02:57.327+0000] {processor.py:161} INFO - Started process (PID=3024) to work on /home/airflow/.local/lib/python3.12/site-packages/airflow/example_dags/example_sla_dag.py
[2026-03-04T08:02:57.328+0000] {processor.py:830} INFO - Processing file /home/airflow/.local/lib/python3.12/site-packages/airflow/example_dags/example_sla_dag.py for tasks to queue
[2026-03-04T08:02:57.328+0000] {logging_mixin.py:188} INFO - [2026-03-04T08:02:57.328+0000] {dagbag.py:545} INFO - Filling up the DagBag from /home/airflow/.local/lib/python3.12/site-packages/airflow/example_dags/example_sla_dag.py
[2026-03-04T08:02:57.331+0000] {processor.py:840} INFO - DAG(s) 'example_sla_dag' retrieved from /home/airflow/.local/lib/python3.12/site-packages/airflow/example_dags/example_sla_dag.py
[2026-03-04T08:02:57.338+0000] {logging_mixin.py:188} INFO - [2026-03-04T08:02:57.337+0000] {dag.py:3089} INFO - Sync 1 DAGs
[2026-03-04T08:02:57.345+0000] {logging_mixin.py:188} INFO - [2026-03-04T08:02:57.345+0000] {dag.py:3947} INFO - Setting next_dagrun for example_sla_dag to 2026-03-04 08:00:00+00:00, run_after=2026-03-04 08:02:00+00:00
[2026-03-04T08:02:57.350+0000] {processor.py:183} INFO - Processing /home/airflow/.local/lib/python3.12/site-packages/airflow/example_dags/example_sla_dag.py took 0.025 seconds
[2026-03-04T08:03:27.903+0000] {processor.py:161} INFO - Started process (PID=3286) to work on /home/airflow/.local/lib/python3.12/site-packages/airflow/example_dags/example_sla_dag.py
[2026-03-04T08:03:27.903+0000] {processor.py:830} INFO - Processing file /home/airflow/.local/lib/python3.12/site-packages/airflow/example_dags/example_sla_dag.py for tasks to queue
[2026-03-04T08:03:27.904+0000] {logging_mixin.py:188} INFO - [2026-03-04T08:03:27.904+0000] {dagbag.py:545} INFO - Filling up the DagBag from /home/airflow/.local/lib/python3.12/site-packages/airflow/example_dags/example_sla_dag.py
[2026-03-04T08:03:27.907+0000] {processor.py:840} INFO - DAG(s) 'example_sla_dag' retrieved from /home/airflow/.local/lib/python3.12/site-packages/airflow/example_dags/example_sla_dag.py
[2026-03-04T08:03:27.917+0000] {logging_mixin.py:188} INFO - [2026-03-04T08:03:27.916+0000] {dag.py:3089} INFO - Sync 1 DAGs
[2026-03-04T08:03:27.927+0000] {logging_mixin.py:188} INFO - [2026-03-04T08:03:27.927+0000] {dag.py:3947} INFO - Setting next_dagrun for example_sla_dag to 2026-03-04 08:00:00+00:00, run_after=2026-03-04 08:02:00+00:00
[2026-03-04T08:03:27.937+0000] {processor.py:183} INFO - Processing /home/airflow/.local/lib/python3.12/site-packages/airflow/example_dags/example_sla_dag.py took 0.036 seconds
[2026-03-04T08:03:58.417+0000] {processor.py:161} INFO - Started process (PID=3546) to work on /home/airflow/.local/lib/python3.12/site-packages/airflow/example_dags/example_sla_dag.py
[2026-03-04T08:03:58.418+0000] {processor.py:830} INFO - Processing file /home/airflow/.local/lib/python3.12/site-packages/airflow/example_dags/example_sla_dag.py for tasks to queue
[2026-03-04T08:03:58.418+0000] {logging_mixin.py:188} INFO - [2026-03-04T08:03:58.418+0000] {dagbag.py:545} INFO - Filling up the DagBag from /home/airflow/.local/lib/python3.12/site-packages/airflow/example_dags/example_sla_dag.py
[2026-03-04T08:03:58.422+0000] {processor.py:840} INFO - DAG(s) 'example_sla_dag' retrieved from /home/airflow/.local/lib/python3.12/site-packages/airflow/example_dags/example_sla_dag.py
[2026-03-04T08:03:58.443+0000] {logging_mixin.py:188} INFO - [2026-03-04T08:03:58.442+0000] {dag.py:3089} INFO - Sync 1 DAGs
[2026-03-04T08:03:58.454+0000] {logging_mixin.py:188} INFO - [2026-03-04T08:03:58.454+0000] {dag.py:3947} INFO - Setting next_dagrun for example_sla_dag to 2026-03-04 08:00:00+00:00, run_after=2026-03-04 08:02:00+00:00
[2026-03-04T08:03:58.469+0000] {processor.py:183} INFO - Processing /home/airflow/.local/lib/python3.12/site-packages/airflow/example_dags/example_sla_dag.py took 0.054 seconds
[2026-03-04T08:04:29.065+0000] {processor.py:161} INFO - Started process (PID=3808) to work on /home/airflow/.local/lib/python3.12/site-packages/airflow/example_dags/example_sla_dag.py
[2026-03-04T08:04:29.066+0000] {processor.py:830} INFO - Processing file /home/airflow/.local/lib/python3.12/site-packages/airflow/example_dags/example_sla_dag.py for tasks to queue
[2026-03-04T08:04:29.066+0000] {logging_mixin.py:188} INFO - [2026-03-04T08:04:29.066+0000] {dagbag.py:545} INFO - Filling up the DagBag from /home/airflow/.local/lib/python3.12/site-packages/airflow/example_dags/example_sla_dag.py
[2026-03-04T08:04:29.070+0000] {processor.py:840} INFO - DAG(s) 'example_sla_dag' retrieved from /home/airflow/.local/lib/python3.12/site-packages/airflow/example_dags/example_sla_dag.py
[2026-03-04T08:04:29.079+0000] {logging_mixin.py:188} INFO - [2026-03-04T08:04:29.079+0000] {dag.py:3089} INFO - Sync 1 DAGs
[2026-03-04T08:04:29.087+0000] {logging_mixin.py:188} INFO - [2026-03-04T08:04:29.087+0000] {dag.py:3947} INFO - Setting next_dagrun for example_sla_dag to 2026-03-04 08:02:00+00:00, run_after=2026-03-04 08:04:00+00:00
[2026-03-04T08:04:29.096+0000] {processor.py:183} INFO - Processing /home/airflow/.local/lib/python3.12/site-packages/airflow/example_dags/example_sla_dag.py took 0.034 seconds
[2026-03-04T08:04:59.615+0000] {processor.py:161} INFO - Started process (PID=4072) to work on /home/airflow/.local/lib/python3.12/site-packages/airflow/example_dags/example_sla_dag.py
[2026-03-04T08:04:59.616+0000] {processor.py:830} INFO - Processing file /home/airflow/.local/lib/python3.12/site-packages/airflow/example_dags/example_sla_dag.py for tasks to queue
[2026-03-04T08:04:59.617+0000] {logging_mixin.py:188} INFO - [2026-03-04T08:04:59.617+0000] {dagbag.py:545} INFO - Filling up the DagBag from /home/airflow/.local/lib/python3.12/site-packages/airflow/example_dags/example_sla_dag.py
[2026-03-04T08:04:59.620+0000] {processor.py:840} INFO - DAG(s) 'example_sla_dag' retrieved from /home/airflow/.local/lib/python3.12/site-packages/airflow/example_dags/example_sla_dag.py
[2026-03-04T08:04:59.626+0000] {logging_mixin.py:188} INFO - [2026-03-04T08:04:59.626+0000] {dag.py:3089} INFO - Sync 1 DAGs
[2026-03-04T08:04:59.633+0000] {logging_mixin.py:188} INFO - [2026-03-04T08:04:59.633+0000] {dag.py:3947} INFO - Setting next_dagrun for example_sla_dag to 2026-03-04 08:02:00+00:00, run_after=2026-03-04 08:04:00+00:00
[2026-03-04T08:04:59.638+0000] {processor.py:183} INFO - Processing /home/airflow/.local/lib/python3.12/site-packages/airflow/example_dags/example_sla_dag.py took 0.024 seconds
[2026-03-04T08:05:30.267+0000] {processor.py:161} INFO - Started process (PID=4332) to work on /home/airflow/.local/lib/python3.12/site-packages/airflow/example_dags/example_sla_dag.py
[2026-03-04T08:05:30.267+0000] {processor.py:830} INFO - Processing file /home/airflow/.local/lib/python3.12/site-packages/airflow/example_dags/example_sla_dag.py for tasks to queue
[2026-03-04T08:05:30.268+0000] {logging_mixin.py:188} INFO - [2026-03-04T08:05:30.268+0000] {dagbag.py:545} INFO - Filling up the DagBag from /home/airflow/.local/lib/python3.12/site-packages/airflow/example_dags/example_sla_dag.py
[2026-03-04T08:05:30.271+0000] {processor.py:840} INFO - DAG(s) 'example_sla_dag' retrieved from /home/airflow/.local/lib/python3.12/site-packages/airflow/example_dags/example_sla_dag.py
[2026-03-04T08:05:30.279+0000] {logging_mixin.py:188} INFO - [2026-03-04T08:05:30.279+0000] {dag.py:3089} INFO - Sync 1 DAGs
[2026-03-04T08:05:30.289+0000] {logging_mixin.py:188} INFO - [2026-03-04T08:05:30.289+0000] {dag.py:3947} INFO - Setting next_dagrun for example_sla_dag to 2026-03-04 08:02:00+00:00, run_after=2026-03-04 08:04:00+00:00
[2026-03-04T08:05:30.299+0000] {processor.py:183} INFO - Processing /home/airflow/.local/lib/python3.12/site-packages/airflow/example_dags/example_sla_dag.py took 0.034 seconds
[2026-03-04T08:06:00.777+0000] {processor.py:161} INFO - Started process (PID=4594) to work on /home/airflow/.local/lib/python3.12/site-packages/airflow/example_dags/example_sla_dag.py
[2026-03-04T08:06:00.777+0000] {processor.py:830} INFO - Processing file /home/airflow/.local/lib/python3.12/site-packages/airflow/example_dags/example_sla_dag.py for tasks to queue
[2026-03-04T08:06:00.778+0000] {logging_mixin.py:188} INFO - [2026-03-04T08:06:00.778+0000] {dagbag.py:545} INFO - Filling up the DagBag from /home/airflow/.local/lib/python3.12/site-packages/airflow/example_dags/example_sla_dag.py
[2026-03-04T08:06:00.781+0000] {processor.py:840} INFO - DAG(s) 'example_sla_dag' retrieved from /home/airflow/.local/lib/python3.12/site-packages/airflow/example_dags/example_sla_dag.py
[2026-03-04T08:06:00.791+0000] {logging_mixin.py:188} INFO - [2026-03-04T08:06:00.791+0000] {dag.py:3089} INFO - Sync 1 DAGs
[2026-03-04T08:06:00.800+0000] {logging_mixin.py:188} INFO - [2026-03-04T08:06:00.800+0000] {dag.py:3947} INFO - Setting next_dagrun for example_sla_dag to 2026-03-04 08:04:00+00:00, run_after=2026-03-04 08:06:00+00:00
[2026-03-04T08:06:00.811+0000] {processor.py:183} INFO - Processing /home/airflow/.local/lib/python3.12/site-packages/airflow/example_dags/example_sla_dag.py took 0.037 seconds
[2026-03-04T08:06:31.344+0000] {processor.py:161} INFO - Started process (PID=4856) to work on /home/airflow/.local/lib/python3.12/site-packages/airflow/example_dags/example_sla_dag.py
[2026-03-04T08:06:31.345+0000] {processor.py:830} INFO - Processing file /home/airflow/.local/lib/python3.12/site-packages/airflow/example_dags/example_sla_dag.py for tasks to queue
[2026-03-04T08:06:31.345+0000] {logging_mixin.py:188} INFO - [2026-03-04T08:06:31.345+0000] {dagbag.py:545} INFO - Filling up the DagBag from /home/airflow/.local/lib/python3.12/site-packages/airflow/example_dags/example_sla_dag.py
[2026-03-04T08:06:31.348+0000] {processor.py:840} INFO - DAG(s) 'example_sla_dag' retrieved from /home/airflow/.local/lib/python3.12/site-packages/airflow/example_dags/example_sla_dag.py
[2026-03-04T08:06:31.358+0000] {logging_mixin.py:188} INFO - [2026-03-04T08:06:31.358+0000] {dag.py:3089} INFO - Sync 1 DAGs
[2026-03-04T08:06:31.366+0000] {logging_mixin.py:188} INFO - [2026-03-04T08:06:31.366+0000] {dag.py:3947} INFO - Setting next_dagrun for example_sla_dag to 2026-03-04 08:04:00+00:00, run_after=2026-03-04 08:06:00+00:00
[2026-03-04T08:06:31.375+0000] {processor.py:183} INFO - Processing /home/airflow/.local/lib/python3.12/site-packages/airflow/example_dags/example_sla_dag.py took 0.033 seconds
[2026-03-04T08:07:01.897+0000] {processor.py:161} INFO - Started process (PID=5118) to work on /home/airflow/.local/lib/python3.12/site-packages/airflow/example_dags/example_sla_dag.py
[2026-03-04T08:07:01.897+0000] {processor.py:830} INFO - Processing file /home/airflow/.local/lib/python3.12/site-packages/airflow/example_dags/example_sla_dag.py for tasks to queue
[2026-03-04T08:07:01.898+0000] {logging_mixin.py:188} INFO - [2026-03-04T08:07:01.898+0000] {dagbag.py:545} INFO - Filling up the DagBag from /home/airflow/.local/lib/python3.12/site-packages/airflow/example_dags/example_sla_dag.py
[2026-03-04T08:07:01.901+0000] {processor.py:840} INFO - DAG(s) 'example_sla_dag' retrieved from /home/airflow/.local/lib/python3.12/site-packages/airflow/example_dags/example_sla_dag.py
[2026-03-04T08:07:01.909+0000] {logging_mixin.py:188} INFO - [2026-03-04T08:07:01.909+0000] {dag.py:3089} INFO - Sync 1 DAGs
[2026-03-04T08:07:01.917+0000] {logging_mixin.py:188} INFO - [2026-03-04T08:07:01.917+0000] {dag.py:3947} INFO - Setting next_dagrun for example_sla_dag to 2026-03-04 08:04:00+00:00, run_after=2026-03-04 08:06:00+00:00
[2026-03-04T08:07:01.928+0000] {processor.py:183} INFO - Processing /home/airflow/.local/lib/python3.12/site-packages/airflow/example_dags/example_sla_dag.py took 0.034 seconds
[2026-03-04T08:07:32.400+0000] {processor.py:161} INFO - Started process (PID=5380) to work on /home/airflow/.local/lib/python3.12/site-packages/airflow/example_dags/example_sla_dag.py
[2026-03-04T08:07:32.401+0000] {processor.py:830} INFO - Processing file /home/airflow/.local/lib/python3.12/site-packages/airflow/example_dags/example_sla_dag.py for tasks to queue
[2026-03-04T08:07:32.401+0000] {logging_mixin.py:188} INFO - [2026-03-04T08:07:32.401+0000] {dagbag.py:545} INFO - Filling up the DagBag from /home/airflow/.local/lib/python3.12/site-packages/airflow/example_dags/example_sla_dag.py
[2026-03-04T08:07:32.405+0000] {processor.py:840} INFO - DAG(s) 'example_sla_dag' retrieved from /home/airflow/.local/lib/python3.12/site-packages/airflow/example_dags/example_sla_dag.py
[2026-03-04T08:07:32.413+0000] {logging_mixin.py:188} INFO - [2026-03-04T08:07:32.413+0000] {dag.py:3089} INFO - Sync 1 DAGs
[2026-03-04T08:07:32.425+0000] {logging_mixin.py:188} INFO - [2026-03-04T08:07:32.425+0000] {dag.py:3947} INFO - Setting next_dagrun for example_sla_dag to 2026-03-04 08:04:00+00:00, run_after=2026-03-04 08:06:00+00:00
[2026-03-04T08:07:32.433+0000] {processor.py:183} INFO - Processing /home/airflow/.local/lib/python3.12/site-packages/airflow/example_dags/example_sla_dag.py took 0.036 seconds
[2026-03-04T08:08:03.018+0000] {processor.py:161} INFO - Started process (PID=5642) to work on /home/airflow/.local/lib/python3.12/site-packages/airflow/example_dags/example_sla_dag.py
[2026-03-04T08:08:03.019+0000] {processor.py:830} INFO - Processing file /home/airflow/.local/lib/python3.12/site-packages/airflow/example_dags/example_sla_dag.py for tasks to queue
[2026-03-04T08:08:03.019+0000] {logging_mixin.py:188} INFO - [2026-03-04T08:08:03.019+0000] {dagbag.py:545} INFO - Filling up the DagBag from /home/airflow/.local/lib/python3.12/site-packages/airflow/example_dags/example_sla_dag.py
[2026-03-04T08:08:03.022+0000] {processor.py:840} INFO - DAG(s) 'example_sla_dag' retrieved from /home/airflow/.local/lib/python3.12/site-packages/airflow/example_dags/example_sla_dag.py
[2026-03-04T08:08:03.032+0000] {logging_mixin.py:188} INFO - [2026-03-04T08:08:03.032+0000] {dag.py:3089} INFO - Sync 1 DAGs
[2026-03-04T08:08:03.040+0000] {logging_mixin.py:188} INFO - [2026-03-04T08:08:03.040+0000] {dag.py:3947} INFO - Setting next_dagrun for example_sla_dag to 2026-03-04 08:06:00+00:00, run_after=2026-03-04 08:08:00+00:00
[2026-03-04T08:08:03.052+0000] {processor.py:183} INFO - Processing /home/airflow/.local/lib/python3.12/site-packages/airflow/example_dags/example_sla_dag.py took 0.036 seconds
[2026-03-04T08:08:33.652+0000] {processor.py:161} INFO - Started process (PID=5904) to work on /home/airflow/.local/lib/python3.12/site-packages/airflow/example_dags/example_sla_dag.py
[2026-03-04T08:08:33.653+0000] {processor.py:830} INFO - Processing file /home/airflow/.local/lib/python3.12/site-packages/airflow/example_dags/example_sla_dag.py for tasks to queue
[2026-03-04T08:08:33.655+0000] {logging_mixin.py:188} INFO - [2026-03-04T08:08:33.654+0000] {dagbag.py:545} INFO - Filling up the DagBag from /home/airflow/.local/lib/python3.12/site-packages/airflow/example_dags/example_sla_dag.py
[2026-03-04T08:08:33.658+0000] {processor.py:840} INFO - DAG(s) 'example_sla_dag' retrieved from /home/airflow/.local/lib/python3.12/site-packages/airflow/example_dags/example_sla_dag.py
[2026-03-04T08:08:33.666+0000] {logging_mixin.py:188} INFO - [2026-03-04T08:08:33.666+0000] {dag.py:3089} INFO - Sync 1 DAGs
[2026-03-04T08:08:33.675+0000] {logging_mixin.py:188} INFO - [2026-03-04T08:08:33.675+0000] {dag.py:3947} INFO - Setting next_dagrun for example_sla_dag to 2026-03-04 08:06:00+00:00, run_after=2026-03-04 08:08:00+00:00
[2026-03-04T08:08:33.683+0000] {processor.py:183} INFO - Processing /home/airflow/.local/lib/python3.12/site-packages/airflow/example_dags/example_sla_dag.py took 0.033 seconds
[2026-03-04T08:09:04.253+0000] {processor.py:161} INFO - Started process (PID=6168) to work on /home/airflow/.local/lib/python3.12/site-packages/airflow/example_dags/example_sla_dag.py
[2026-03-04T08:09:04.253+0000] {processor.py:830} INFO - Processing file /home/airflow/.local/lib/python3.12/site-packages/airflow/example_dags/example_sla_dag.py for tasks to queue
[2026-03-04T08:09:04.254+0000] {logging_mixin.py:188} INFO - [2026-03-04T08:09:04.254+0000] {dagbag.py:545} INFO - Filling up the DagBag from /home/airflow/.local/lib/python3.12/site-packages/airflow/example_dags/example_sla_dag.py
[2026-03-04T08:09:04.257+0000] {processor.py:840} INFO - DAG(s) 'example_sla_dag' retrieved from /home/airflow/.local/lib/python3.12/site-packages/airflow/example_dags/example_sla_dag.py
[2026-03-04T08:09:04.263+0000] {logging_mixin.py:188} INFO - [2026-03-04T08:09:04.263+0000] {dag.py:3089} INFO - Sync 1 DAGs
[2026-03-04T08:09:04.270+0000] {logging_mixin.py:188} INFO - [2026-03-04T08:09:04.270+0000] {dag.py:3947} INFO - Setting next_dagrun for example_sla_dag to 2026-03-04 08:06:00+00:00, run_after=2026-03-04 08:08:00+00:00
[2026-03-04T08:09:04.274+0000] {processor.py:183} INFO - Processing /home/airflow/.local/lib/python3.12/site-packages/airflow/example_dags/example_sla_dag.py took 0.024 seconds
[2026-03-04T08:09:34.778+0000] {processor.py:161} INFO - Started process (PID=6428) to work on /home/airflow/.local/lib/python3.12/site-packages/airflow/example_dags/example_sla_dag.py
[2026-03-04T08:09:34.778+0000] {processor.py:830} INFO - Processing file /home/airflow/.local/lib/python3.12/site-packages/airflow/example_dags/example_sla_dag.py for tasks to queue
[2026-03-04T08:09:34.780+0000] {logging_mixin.py:188} INFO - [2026-03-04T08:09:34.779+0000] {dagbag.py:545} INFO - Filling up the DagBag from /home/airflow/.local/lib/python3.12/site-packages/airflow/example_dags/example_sla_dag.py
[2026-03-04T08:09:34.782+0000] {processor.py:840} INFO - DAG(s) 'example_sla_dag' retrieved from /home/airflow/.local/lib/python3.12/site-packages/airflow/example_dags/example_sla_dag.py
[2026-03-04T08:09:34.793+0000] {logging_mixin.py:188} INFO - [2026-03-04T08:09:34.793+0000] {dag.py:3089} INFO - Sync 1 DAGs
[2026-03-04T08:09:34.803+0000] {logging_mixin.py:188} INFO - [2026-03-04T08:09:34.803+0000] {dag.py:3947} INFO - Setting next_dagrun for example_sla_dag to 2026-03-04 08:06:00+00:00, run_after=2026-03-04 08:08:00+00:00
[2026-03-04T08:09:34.809+0000] {processor.py:183} INFO - Processing /home/airflow/.local/lib/python3.12/site-packages/airflow/example_dags/example_sla_dag.py took 0.034 seconds
[2026-03-04T08:10:05.385+0000] {processor.py:161} INFO - Started process (PID=6690) to work on /home/airflow/.local/lib/python3.12/site-packages/airflow/example_dags/example_sla_dag.py
[2026-03-04T08:10:05.385+0000] {processor.py:830} INFO - Processing file /home/airflow/.local/lib/python3.12/site-packages/airflow/example_dags/example_sla_dag.py for tasks to queue
[2026-03-04T08:10:05.387+0000] {logging_mixin.py:188} INFO - [2026-03-04T08:10:05.387+0000] {dagbag.py:545} INFO - Filling up the DagBag from /home/airflow/.local/lib/python3.12/site-packages/airflow/example_dags/example_sla_dag.py
[2026-03-04T08:10:05.392+0000] {processor.py:840} INFO - DAG(s) 'example_sla_dag' retrieved from /home/airflow/.local/lib/python3.12/site-packages/airflow/example_dags/example_sla_dag.py
[2026-03-04T08:10:05.401+0000] {logging_mixin.py:188} INFO - [2026-03-04T08:10:05.401+0000] {dag.py:3089} INFO - Sync 1 DAGs
[2026-03-04T08:10:05.412+0000] {logging_mixin.py:188} INFO - [2026-03-04T08:10:05.412+0000] {dag.py:3947} INFO - Setting next_dagrun for example_sla_dag to 2026-03-04 08:08:00+00:00, run_after=2026-03-04 08:10:00+00:00
[2026-03-04T08:10:05.424+0000] {processor.py:183} INFO - Processing /home/airflow/.local/lib/python3.12/site-packages/airflow/example_dags/example_sla_dag.py took 0.042 seconds
[2026-03-04T08:10:35.904+0000] {processor.py:161} INFO - Started process (PID=6955) to work on /home/airflow/.local/lib/python3.12/site-packages/airflow/example_dags/example_sla_dag.py
[2026-03-04T08:10:35.905+0000] {processor.py:830} INFO - Processing file /home/airflow/.local/lib/python3.12/site-packages/airflow/example_dags/example_sla_dag.py for tasks to queue
[2026-03-04T08:10:35.905+0000] {logging_mixin.py:188} INFO - [2026-03-04T08:10:35.905+0000] {dagbag.py:545} INFO - Filling up the DagBag from /home/airflow/.local/lib/python3.12/site-packages/airflow/example_dags/example_sla_dag.py
[2026-03-04T08:10:35.909+0000] {processor.py:840} INFO - DAG(s) 'example_sla_dag' retrieved from /home/airflow/.local/lib/python3.12/site-packages/airflow/example_dags/example_sla_dag.py
[2026-03-04T08:10:35.916+0000] {logging_mixin.py:188} INFO - [2026-03-04T08:10:35.916+0000] {dag.py:3089} INFO - Sync 1 DAGs
[2026-03-04T08:10:35.924+0000] {logging_mixin.py:188} INFO - [2026-03-04T08:10:35.924+0000] {dag.py:3947} INFO - Setting next_dagrun for example_sla_dag to 2026-03-04 08:08:00+00:00, run_after=2026-03-04 08:10:00+00:00
[2026-03-04T08:10:35.931+0000] {processor.py:183} INFO - Processing /home/airflow/.local/lib/python3.12/site-packages/airflow/example_dags/example_sla_dag.py took 0.030 seconds
[2026-03-04T08:11:06.634+0000] {processor.py:161} INFO - Started process (PID=7219) to work on /home/airflow/.local/lib/python3.12/site-packages/airflow/example_dags/example_sla_dag.py
[2026-03-04T08:11:06.635+0000] {processor.py:830} INFO - Processing file /home/airflow/.local/lib/python3.12/site-packages/airflow/example_dags/example_sla_dag.py for tasks to queue
[2026-03-04T08:11:06.636+0000] {logging_mixin.py:188} INFO - [2026-03-04T08:11:06.636+0000] {dagbag.py:545} INFO - Filling up the DagBag from /home/airflow/.local/lib/python3.12/site-packages/airflow/example_dags/example_sla_dag.py
[2026-03-04T08:11:06.639+0000] {processor.py:840} INFO - DAG(s) 'example_sla_dag' retrieved from /home/airflow/.local/lib/python3.12/site-packages/airflow/example_dags/example_sla_dag.py
[2026-03-04T08:11:06.647+0000] {logging_mixin.py:188} INFO - [2026-03-04T08:11:06.647+0000] {dag.py:3089} INFO - Sync 1 DAGs
[2026-03-04T08:11:06.657+0000] {logging_mixin.py:188} INFO - [2026-03-04T08:11:06.657+0000] {dag.py:3947} INFO - Setting next_dagrun for example_sla_dag to 2026-03-04 08:08:00+00:00, run_after=2026-03-04 08:10:00+00:00
[2026-03-04T08:11:06.667+0000] {processor.py:183} INFO - Processing /home/airflow/.local/lib/python3.12/site-packages/airflow/example_dags/example_sla_dag.py took 0.035 seconds
[2026-03-04T08:11:37.214+0000] {processor.py:161} INFO - Started process (PID=7479) to work on /home/airflow/.local/lib/python3.12/site-packages/airflow/example_dags/example_sla_dag.py
[2026-03-04T08:11:37.215+0000] {processor.py:830} INFO - Processing file /home/airflow/.local/lib/python3.12/site-packages/airflow/example_dags/example_sla_dag.py for tasks to queue
[2026-03-04T08:11:37.216+0000] {logging_mixin.py:188} INFO - [2026-03-04T08:11:37.216+0000] {dagbag.py:545} INFO - Filling up the DagBag from /home/airflow/.local/lib/python3.12/site-packages/airflow/example_dags/example_sla_dag.py
[2026-03-04T08:11:37.220+0000] {processor.py:840} INFO - DAG(s) 'example_sla_dag' retrieved from /home/airflow/.local/lib/python3.12/site-packages/airflow/example_dags/example_sla_dag.py
[2026-03-04T08:11:37.230+0000] {logging_mixin.py:188} INFO - [2026-03-04T08:11:37.228+0000] {dag.py:3089} INFO - Sync 1 DAGs
[2026-03-04T08:11:37.238+0000] {logging_mixin.py:188} INFO - [2026-03-04T08:11:37.238+0000] {dag.py:3947} INFO - Setting next_dagrun for example_sla_dag to 2026-03-04 08:08:00+00:00, run_after=2026-03-04 08:10:00+00:00
[2026-03-04T08:11:37.244+0000] {processor.py:183} INFO - Processing /home/airflow/.local/lib/python3.12/site-packages/airflow/example_dags/example_sla_dag.py took 0.033 seconds
[2026-03-04T08:12:07.683+0000] {processor.py:161} INFO - Started process (PID=7741) to work on /home/airflow/.local/lib/python3.12/site-packages/airflow/example_dags/example_sla_dag.py
[2026-03-04T08:12:07.684+0000] {processor.py:830} INFO - Processing file /home/airflow/.local/lib/python3.12/site-packages/airflow/example_dags/example_sla_dag.py for tasks to queue
[2026-03-04T08:12:07.685+0000] {logging_mixin.py:188} INFO - [2026-03-04T08:12:07.684+0000] {dagbag.py:545} INFO - Filling up the DagBag from /home/airflow/.local/lib/python3.12/site-packages/airflow/example_dags/example_sla_dag.py
[2026-03-04T08:12:07.687+0000] {processor.py:840} INFO - DAG(s) 'example_sla_dag' retrieved from /home/airflow/.local/lib/python3.12/site-packages/airflow/example_dags/example_sla_dag.py
[2026-03-04T08:12:07.695+0000] {logging_mixin.py:188} INFO - [2026-03-04T08:12:07.695+0000] {dag.py:3089} INFO - Sync 1 DAGs
[2026-03-04T08:12:07.705+0000] {logging_mixin.py:188} INFO - [2026-03-04T08:12:07.705+0000] {dag.py:3947} INFO - Setting next_dagrun for example_sla_dag to 2026-03-04 08:10:00+00:00, run_after=2026-03-04 08:12:00+00:00
[2026-03-04T08:12:07.711+0000] {processor.py:183} INFO - Processing /home/airflow/.local/lib/python3.12/site-packages/airflow/example_dags/example_sla_dag.py took 0.030 seconds
[2026-03-04T08:12:38.264+0000] {processor.py:161} INFO - Started process (PID=8003) to work on /home/airflow/.local/lib/python3.12/site-packages/airflow/example_dags/example_sla_dag.py
[2026-03-04T08:12:38.265+0000] {processor.py:830} INFO - Processing file /home/airflow/.local/lib/python3.12/site-packages/airflow/example_dags/example_sla_dag.py for tasks to queue
[2026-03-04T08:12:38.266+0000] {logging_mixin.py:188} INFO - [2026-03-04T08:12:38.266+0000] {dagbag.py:545} INFO - Filling up the DagBag from /home/airflow/.local/lib/python3.12/site-packages/airflow/example_dags/example_sla_dag.py
[2026-03-04T08:12:38.269+0000] {processor.py:840} INFO - DAG(s) 'example_sla_dag' retrieved from /home/airflow/.local/lib/python3.12/site-packages/airflow/example_dags/example_sla_dag.py
[2026-03-04T08:12:38.279+0000] {logging_mixin.py:188} INFO - [2026-03-04T08:12:38.279+0000] {dag.py:3089} INFO - Sync 1 DAGs
[2026-03-04T08:12:38.288+0000] {logging_mixin.py:188} INFO - [2026-03-04T08:12:38.288+0000] {dag.py:3947} INFO - Setting next_dagrun for example_sla_dag to 2026-03-04 08:10:00+00:00, run_after=2026-03-04 08:12:00+00:00
[2026-03-04T08:12:38.293+0000] {processor.py:183} INFO - Processing /home/airflow/.local/lib/python3.12/site-packages/airflow/example_dags/example_sla_dag.py took 0.031 seconds
[2026-03-04T08:13:08.841+0000] {processor.py:161} INFO - Started process (PID=8265) to work on /home/airflow/.local/lib/python3.12/site-packages/airflow/example_dags/example_sla_dag.py
[2026-03-04T08:13:08.842+0000] {processor.py:830} INFO - Processing file /home/airflow/.local/lib/python3.12/site-packages/airflow/example_dags/example_sla_dag.py for tasks to queue
[2026-03-04T08:13:08.843+0000] {logging_mixin.py:188} INFO - [2026-03-04T08:13:08.842+0000] {dagbag.py:545} INFO - Filling up the DagBag from /home/airflow/.local/lib/python3.12/site-packages/airflow/example_dags/example_sla_dag.py
[2026-03-04T08:13:08.847+0000] {processor.py:840} INFO - DAG(s) 'example_sla_dag' retrieved from /home/airflow/.local/lib/python3.12/site-packages/airflow/example_dags/example_sla_dag.py
[2026-03-04T08:13:08.856+0000] {logging_mixin.py:188} INFO - [2026-03-04T08:13:08.856+0000] {dag.py:3089} INFO - Sync 1 DAGs
[2026-03-04T08:13:08.864+0000] {logging_mixin.py:188} INFO - [2026-03-04T08:13:08.864+0000] {dag.py:3947} INFO - Setting next_dagrun for example_sla_dag to 2026-03-04 08:10:00+00:00, run_after=2026-03-04 08:12:00+00:00
[2026-03-04T08:13:08.870+0000] {processor.py:183} INFO - Processing /home/airflow/.local/lib/python3.12/site-packages/airflow/example_dags/example_sla_dag.py took 0.030 seconds
[2026-03-04T08:13:39.350+0000] {processor.py:161} INFO - Started process (PID=8527) to work on /home/airflow/.local/lib/python3.12/site-packages/airflow/example_dags/example_sla_dag.py
[2026-03-04T08:13:39.350+0000] {processor.py:830} INFO - Processing file /home/airflow/.local/lib/python3.12/site-packages/airflow/example_dags/example_sla_dag.py for tasks to queue
[2026-03-04T08:13:39.351+0000] {logging_mixin.py:188} INFO - [2026-03-04T08:13:39.351+0000] {dagbag.py:545} INFO - Filling up the DagBag from /home/airflow/.local/lib/python3.12/site-packages/airflow/example_dags/example_sla_dag.py
[2026-03-04T08:13:39.355+0000] {processor.py:840} INFO - DAG(s) 'example_sla_dag' retrieved from /home/airflow/.local/lib/python3.12/site-packages/airflow/example_dags/example_sla_dag.py
[2026-03-04T08:13:39.364+0000] {logging_mixin.py:188} INFO - [2026-03-04T08:13:39.364+0000] {dag.py:3089} INFO - Sync 1 DAGs
[2026-03-04T08:13:39.372+0000] {logging_mixin.py:188} INFO - [2026-03-04T08:13:39.372+0000] {dag.py:3947} INFO - Setting next_dagrun for example_sla_dag to 2026-03-04 08:10:00+00:00, run_after=2026-03-04 08:12:00+00:00
[2026-03-04T08:13:39.377+0000] {processor.py:183} INFO - Processing /home/airflow/.local/lib/python3.12/site-packages/airflow/example_dags/example_sla_dag.py took 0.030 seconds
[2026-03-04T08:14:09.866+0000] {processor.py:161} INFO - Started process (PID=8789) to work on /home/airflow/.local/lib/python3.12/site-packages/airflow/example_dags/example_sla_dag.py
[2026-03-04T08:14:09.867+0000] {processor.py:830} INFO - Processing file /home/airflow/.local/lib/python3.12/site-packages/airflow/example_dags/example_sla_dag.py for tasks to queue
[2026-03-04T08:14:09.868+0000] {logging_mixin.py:188} INFO - [2026-03-04T08:14:09.867+0000] {dagbag.py:545} INFO - Filling up the DagBag from /home/airflow/.local/lib/python3.12/site-packages/airflow/example_dags/example_sla_dag.py
[2026-03-04T08:14:09.871+0000] {processor.py:840} INFO - DAG(s) 'example_sla_dag' retrieved from /home/airflow/.local/lib/python3.12/site-packages/airflow/example_dags/example_sla_dag.py
[2026-03-04T08:14:09.880+0000] {logging_mixin.py:188} INFO - [2026-03-04T08:14:09.880+0000] {dag.py:3089} INFO - Sync 1 DAGs
[2026-03-04T08:14:09.887+0000] {logging_mixin.py:188} INFO - [2026-03-04T08:14:09.887+0000] {dag.py:3947} INFO - Setting next_dagrun for example_sla_dag to 2026-03-04 08:12:00+00:00, run_after=2026-03-04 08:14:00+00:00
[2026-03-04T08:14:09.894+0000] {processor.py:183} INFO - Processing /home/airflow/.local/lib/python3.12/site-packages/airflow/example_dags/example_sla_dag.py took 0.030 seconds
[2026-03-04T08:14:40.432+0000] {processor.py:161} INFO - Started process (PID=9051) to work on /home/airflow/.local/lib/python3.12/site-packages/airflow/example_dags/example_sla_dag.py
[2026-03-04T08:14:40.434+0000] {processor.py:830} INFO - Processing file /home/airflow/.local/lib/python3.12/site-packages/airflow/example_dags/example_sla_dag.py for tasks to queue
[2026-03-04T08:14:40.435+0000] {logging_mixin.py:188} INFO - [2026-03-04T08:14:40.435+0000] {dagbag.py:545} INFO - Filling up the DagBag from /home/airflow/.local/lib/python3.12/site-packages/airflow/example_dags/example_sla_dag.py
[2026-03-04T08:14:40.438+0000] {processor.py:840} INFO - DAG(s) 'example_sla_dag' retrieved from /home/airflow/.local/lib/python3.12/site-packages/airflow/example_dags/example_sla_dag.py
[2026-03-04T08:14:40.448+0000] {logging_mixin.py:188} INFO - [2026-03-04T08:14:40.448+0000] {dag.py:3089} INFO - Sync 1 DAGs
[2026-03-04T08:14:40.457+0000] {logging_mixin.py:188} INFO - [2026-03-04T08:14:40.457+0000] {dag.py:3947} INFO - Setting next_dagrun for example_sla_dag to 2026-03-04 08:12:00+00:00, run_after=2026-03-04 08:14:00+00:00
[2026-03-04T08:14:40.463+0000] {processor.py:183} INFO - Processing /home/airflow/.local/lib/python3.12/site-packages/airflow/example_dags/example_sla_dag.py took 0.033 seconds
[2026-03-04T08:15:10.940+0000] {processor.py:161} INFO - Started process (PID=9317) to work on /home/airflow/.local/lib/python3.12/site-packages/airflow/example_dags/example_sla_dag.py
[2026-03-04T08:15:10.941+0000] {processor.py:830} INFO - Processing file /home/airflow/.local/lib/python3.12/site-packages/airflow/example_dags/example_sla_dag.py for tasks to queue
[2026-03-04T08:15:10.942+0000] {logging_mixin.py:188} INFO - [2026-03-04T08:15:10.941+0000] {dagbag.py:545} INFO - Filling up the DagBag from /home/airflow/.local/lib/python3.12/site-packages/airflow/example_dags/example_sla_dag.py
[2026-03-04T08:15:10.945+0000] {processor.py:840} INFO - DAG(s) 'example_sla_dag' retrieved from /home/airflow/.local/lib/python3.12/site-packages/airflow/example_dags/example_sla_dag.py
[2026-03-04T08:15:10.953+0000] {logging_mixin.py:188} INFO - [2026-03-04T08:15:10.953+0000] {dag.py:3089} INFO - Sync 1 DAGs
[2026-03-04T08:15:10.961+0000] {logging_mixin.py:188} INFO - [2026-03-04T08:15:10.961+0000] {dag.py:3947} INFO - Setting next_dagrun for example_sla_dag to 2026-03-04 08:12:00+00:00, run_after=2026-03-04 08:14:00+00:00
[2026-03-04T08:15:10.967+0000] {processor.py:183} INFO - Processing /home/airflow/.local/lib/python3.12/site-packages/airflow/example_dags/example_sla_dag.py took 0.029 seconds
[2026-03-04T08:15:41.587+0000] {processor.py:161} INFO - Started process (PID=9583) to work on /home/airflow/.local/lib/python3.12/site-packages/airflow/example_dags/example_sla_dag.py
[2026-03-04T08:15:41.587+0000] {processor.py:830} INFO - Processing file /home/airflow/.local/lib/python3.12/site-packages/airflow/example_dags/example_sla_dag.py for tasks to queue
[2026-03-04T08:15:41.588+0000] {logging_mixin.py:188} INFO - [2026-03-04T08:15:41.588+0000] {dagbag.py:545} INFO - Filling up the DagBag from /home/airflow/.local/lib/python3.12/site-packages/airflow/example_dags/example_sla_dag.py
[2026-03-04T08:15:41.591+0000] {processor.py:840} INFO - DAG(s) 'example_sla_dag' retrieved from /home/airflow/.local/lib/python3.12/site-packages/airflow/example_dags/example_sla_dag.py
[2026-03-04T08:15:41.598+0000] {logging_mixin.py:188} INFO - [2026-03-04T08:15:41.598+0000] {dag.py:3089} INFO - Sync 1 DAGs
[2026-03-04T08:15:41.606+0000] {logging_mixin.py:188} INFO - [2026-03-04T08:15:41.606+0000] {dag.py:3947} INFO - Setting next_dagrun for example_sla_dag to 2026-03-04 08:12:00+00:00, run_after=2026-03-04 08:14:00+00:00
[2026-03-04T08:15:41.612+0000] {processor.py:183} INFO - Processing /home/airflow/.local/lib/python3.12/site-packages/airflow/example_dags/example_sla_dag.py took 0.028 seconds
[2026-03-04T08:16:12.217+0000] {processor.py:161} INFO - Started process (PID=9845) to work on /home/airflow/.local/lib/python3.12/site-packages/airflow/example_dags/example_sla_dag.py
[2026-03-04T08:16:12.220+0000] {processor.py:830} INFO - Processing file /home/airflow/.local/lib/python3.12/site-packages/airflow/example_dags/example_sla_dag.py for tasks to queue
[2026-03-04T08:16:12.221+0000] {logging_mixin.py:188} INFO - [2026-03-04T08:16:12.221+0000] {dagbag.py:545} INFO - Filling up the DagBag from /home/airflow/.local/lib/python3.12/site-packages/airflow/example_dags/example_sla_dag.py
[2026-03-04T08:16:12.224+0000] {processor.py:840} INFO - DAG(s) 'example_sla_dag' retrieved from /home/airflow/.local/lib/python3.12/site-packages/airflow/example_dags/example_sla_dag.py
[2026-03-04T08:16:12.236+0000] {logging_mixin.py:188} INFO - [2026-03-04T08:16:12.236+0000] {dag.py:3089} INFO - Sync 1 DAGs
[2026-03-04T08:16:12.244+0000] {logging_mixin.py:188} INFO - [2026-03-04T08:16:12.244+0000] {dag.py:3947} INFO - Setting next_dagrun for example_sla_dag to 2026-03-04 08:14:00+00:00, run_after=2026-03-04 08:16:00+00:00
[2026-03-04T08:16:12.251+0000] {processor.py:183} INFO - Processing /home/airflow/.local/lib/python3.12/site-packages/airflow/example_dags/example_sla_dag.py took 0.036 seconds
[2026-03-04T08:16:42.819+0000] {processor.py:161} INFO - Started process (PID=10107) to work on /home/airflow/.local/lib/python3.12/site-packages/airflow/example_dags/example_sla_dag.py
[2026-03-04T08:16:42.819+0000] {processor.py:830} INFO - Processing file /home/airflow/.local/lib/python3.12/site-packages/airflow/example_dags/example_sla_dag.py for tasks to queue
[2026-03-04T08:16:42.820+0000] {logging_mixin.py:188} INFO - [2026-03-04T08:16:42.820+0000] {dagbag.py:545} INFO - Filling up the DagBag from /home/airflow/.local/lib/python3.12/site-packages/airflow/example_dags/example_sla_dag.py
[2026-03-04T08:16:42.825+0000] {processor.py:840} INFO - DAG(s) 'example_sla_dag' retrieved from /home/airflow/.local/lib/python3.12/site-packages/airflow/example_dags/example_sla_dag.py
[2026-03-04T08:16:42.831+0000] {logging_mixin.py:188} INFO - [2026-03-04T08:16:42.831+0000] {dag.py:3089} INFO - Sync 1 DAGs
[2026-03-04T08:16:42.841+0000] {logging_mixin.py:188} INFO - [2026-03-04T08:16:42.841+0000] {dag.py:3947} INFO - Setting next_dagrun for example_sla_dag to 2026-03-04 08:14:00+00:00, run_after=2026-03-04 08:16:00+00:00
[2026-03-04T08:16:42.852+0000] {processor.py:183} INFO - Processing /home/airflow/.local/lib/python3.12/site-packages/airflow/example_dags/example_sla_dag.py took 0.036 seconds
[2026-03-04T08:17:13.811+0000] {processor.py:161} INFO - Started process (PID=10369) to work on /home/airflow/.local/lib/python3.12/site-packages/airflow/example_dags/example_sla_dag.py
[2026-03-04T08:17:13.811+0000] {processor.py:830} INFO - Processing file /home/airflow/.local/lib/python3.12/site-packages/airflow/example_dags/example_sla_dag.py for tasks to queue
[2026-03-04T08:17:13.812+0000] {logging_mixin.py:188} INFO - [2026-03-04T08:17:13.812+0000] {dagbag.py:545} INFO - Filling up the DagBag from /home/airflow/.local/lib/python3.12/site-packages/airflow/example_dags/example_sla_dag.py
[2026-03-04T08:17:13.816+0000] {processor.py:840} INFO - DAG(s) 'example_sla_dag' retrieved from /home/airflow/.local/lib/python3.12/site-packages/airflow/example_dags/example_sla_dag.py
[2026-03-04T08:17:13.825+0000] {logging_mixin.py:188} INFO - [2026-03-04T08:17:13.825+0000] {dag.py:3089} INFO - Sync 1 DAGs
[2026-03-04T08:17:13.835+0000] {logging_mixin.py:188} INFO - [2026-03-04T08:17:13.835+0000] {dag.py:3947} INFO - Setting next_dagrun for example_sla_dag to 2026-03-04 08:14:00+00:00, run_after=2026-03-04 08:16:00+00:00
[2026-03-04T08:17:13.840+0000] {processor.py:183} INFO - Processing /home/airflow/.local/lib/python3.12/site-packages/airflow/example_dags/example_sla_dag.py took 0.032 seconds
[2026-03-04T08:17:43.983+0000] {processor.py:161} INFO - Started process (PID=10631) to work on /home/airflow/.local/lib/python3.12/site-packages/airflow/example_dags/example_sla_dag.py
[2026-03-04T08:17:43.984+0000] {processor.py:830} INFO - Processing file /home/airflow/.local/lib/python3.12/site-packages/airflow/example_dags/example_sla_dag.py for tasks to queue
[2026-03-04T08:17:43.984+0000] {logging_mixin.py:188} INFO - [2026-03-04T08:17:43.984+0000] {dagbag.py:545} INFO - Filling up the DagBag from /home/airflow/.local/lib/python3.12/site-packages/airflow/example_dags/example_sla_dag.py
[2026-03-04T08:17:43.988+0000] {processor.py:840} INFO - DAG(s) 'example_sla_dag' retrieved from /home/airflow/.local/lib/python3.12/site-packages/airflow/example_dags/example_sla_dag.py
[2026-03-04T08:17:43.994+0000] {logging_mixin.py:188} INFO - [2026-03-04T08:17:43.994+0000] {dag.py:3089} INFO - Sync 1 DAGs
[2026-03-04T08:17:44.004+0000] {logging_mixin.py:188} INFO - [2026-03-04T08:17:44.004+0000] {dag.py:3947} INFO - Setting next_dagrun for example_sla_dag to 2026-03-04 08:14:00+00:00, run_after=2026-03-04 08:16:00+00:00
[2026-03-04T08:17:44.016+0000] {processor.py:183} INFO - Processing /home/airflow/.local/lib/python3.12/site-packages/airflow/example_dags/example_sla_dag.py took 0.035 seconds
[2026-03-04T08:18:15.570+0000] {processor.py:161} INFO - Started process (PID=10893) to work on /home/airflow/.local/lib/python3.12/site-packages/airflow/example_dags/example_sla_dag.py
[2026-03-04T08:18:15.571+0000] {processor.py:830} INFO - Processing file /home/airflow/.local/lib/python3.12/site-packages/airflow/example_dags/example_sla_dag.py for tasks to queue
[2026-03-04T08:18:15.571+0000] {logging_mixin.py:188} INFO - [2026-03-04T08:18:15.571+0000] {dagbag.py:545} INFO - Filling up the DagBag from /home/airflow/.local/lib/python3.12/site-packages/airflow/example_dags/example_sla_dag.py
[2026-03-04T08:18:15.641+0000] {processor.py:840} INFO - DAG(s) 'example_sla_dag' retrieved from /home/airflow/.local/lib/python3.12/site-packages/airflow/example_dags/example_sla_dag.py
[2026-03-04T08:18:15.649+0000] {logging_mixin.py:188} INFO - [2026-03-04T08:18:15.649+0000] {dag.py:3089} INFO - Sync 1 DAGs
[2026-03-04T08:18:15.656+0000] {logging_mixin.py:188} INFO - [2026-03-04T08:18:15.655+0000] {dag.py:3947} INFO - Setting next_dagrun for example_sla_dag to 2026-03-04 08:16:00+00:00, run_after=2026-03-04 08:18:00+00:00
[2026-03-04T08:18:15.666+0000] {processor.py:183} INFO - Processing /home/airflow/.local/lib/python3.12/site-packages/airflow/example_dags/example_sla_dag.py took 0.098 seconds
[2026-03-04T08:18:46.249+0000] {processor.py:161} INFO - Started process (PID=11155) to work on /home/airflow/.local/lib/python3.12/site-packages/airflow/example_dags/example_sla_dag.py
[2026-03-04T08:18:46.250+0000] {processor.py:830} INFO - Processing file /home/airflow/.local/lib/python3.12/site-packages/airflow/example_dags/example_sla_dag.py for tasks to queue
[2026-03-04T08:18:46.251+0000] {logging_mixin.py:188} INFO - [2026-03-04T08:18:46.251+0000] {dagbag.py:545} INFO - Filling up the DagBag from /home/airflow/.local/lib/python3.12/site-packages/airflow/example_dags/example_sla_dag.py
[2026-03-04T08:18:46.254+0000] {processor.py:840} INFO - DAG(s) 'example_sla_dag' retrieved from /home/airflow/.local/lib/python3.12/site-packages/airflow/example_dags/example_sla_dag.py
[2026-03-04T08:18:46.264+0000] {logging_mixin.py:188} INFO - [2026-03-04T08:18:46.262+0000] {dag.py:3089} INFO - Sync 1 DAGs
[2026-03-04T08:18:46.272+0000] {logging_mixin.py:188} INFO - [2026-03-04T08:18:46.272+0000] {dag.py:3947} INFO - Setting next_dagrun for example_sla_dag to 2026-03-04 08:16:00+00:00, run_after=2026-03-04 08:18:00+00:00
[2026-03-04T08:18:46.280+0000] {processor.py:183} INFO - Processing /home/airflow/.local/lib/python3.12/site-packages/airflow/example_dags/example_sla_dag.py took 0.033 seconds
[2026-03-04T08:19:16.953+0000] {processor.py:161} INFO - Started process (PID=11419) to work on /home/airflow/.local/lib/python3.12/site-packages/airflow/example_dags/example_sla_dag.py
[2026-03-04T08:19:16.953+0000] {processor.py:830} INFO - Processing file /home/airflow/.local/lib/python3.12/site-packages/airflow/example_dags/example_sla_dag.py for tasks to queue
[2026-03-04T08:19:16.954+0000] {logging_mixin.py:188} INFO - [2026-03-04T08:19:16.954+0000] {dagbag.py:545} INFO - Filling up the DagBag from /home/airflow/.local/lib/python3.12/site-packages/airflow/example_dags/example_sla_dag.py
[2026-03-04T08:19:16.957+0000] {processor.py:840} INFO - DAG(s) 'example_sla_dag' retrieved from /home/airflow/.local/lib/python3.12/site-packages/airflow/example_dags/example_sla_dag.py
[2026-03-04T08:19:16.964+0000] {logging_mixin.py:188} INFO - [2026-03-04T08:19:16.964+0000] {dag.py:3089} INFO - Sync 1 DAGs
[2026-03-04T08:19:16.971+0000] {logging_mixin.py:188} INFO - [2026-03-04T08:19:16.971+0000] {dag.py:3947} INFO - Setting next_dagrun for example_sla_dag to 2026-03-04 08:16:00+00:00, run_after=2026-03-04 08:18:00+00:00
[2026-03-04T08:19:16.976+0000] {processor.py:183} INFO - Processing /home/airflow/.local/lib/python3.12/site-packages/airflow/example_dags/example_sla_dag.py took 0.026 seconds
[2026-03-04T08:19:47.472+0000] {processor.py:161} INFO - Started process (PID=11679) to work on /home/airflow/.local/lib/python3.12/site-packages/airflow/example_dags/example_sla_dag.py
[2026-03-04T08:19:47.473+0000] {processor.py:830} INFO - Processing file /home/airflow/.local/lib/python3.12/site-packages/airflow/example_dags/example_sla_dag.py for tasks to queue
[2026-03-04T08:19:47.474+0000] {logging_mixin.py:188} INFO - [2026-03-04T08:19:47.473+0000] {dagbag.py:545} INFO - Filling up the DagBag from /home/airflow/.local/lib/python3.12/site-packages/airflow/example_dags/example_sla_dag.py
[2026-03-04T08:19:47.477+0000] {processor.py:840} INFO - DAG(s) 'example_sla_dag' retrieved from /home/airflow/.local/lib/python3.12/site-packages/airflow/example_dags/example_sla_dag.py
[2026-03-04T08:19:47.489+0000] {logging_mixin.py:188} INFO - [2026-03-04T08:19:47.489+0000] {dag.py:3089} INFO - Sync 1 DAGs
[2026-03-04T08:19:47.497+0000] {logging_mixin.py:188} INFO - [2026-03-04T08:19:47.497+0000] {dag.py:3947} INFO - Setting next_dagrun for example_sla_dag to 2026-03-04 08:16:00+00:00, run_after=2026-03-04 08:18:00+00:00
[2026-03-04T08:19:47.506+0000] {processor.py:183} INFO - Processing /home/airflow/.local/lib/python3.12/site-packages/airflow/example_dags/example_sla_dag.py took 0.036 seconds
[2026-03-04T08:20:18.076+0000] {processor.py:161} INFO - Started process (PID=11943) to work on /home/airflow/.local/lib/python3.12/site-packages/airflow/example_dags/example_sla_dag.py
[2026-03-04T08:20:18.076+0000] {processor.py:830} INFO - Processing file /home/airflow/.local/lib/python3.12/site-packages/airflow/example_dags/example_sla_dag.py for tasks to queue
[2026-03-04T08:20:18.077+0000] {logging_mixin.py:188} INFO - [2026-03-04T08:20:18.077+0000] {dagbag.py:545} INFO - Filling up the DagBag from /home/airflow/.local/lib/python3.12/site-packages/airflow/example_dags/example_sla_dag.py
[2026-03-04T08:20:18.080+0000] {processor.py:840} INFO - DAG(s) 'example_sla_dag' retrieved from /home/airflow/.local/lib/python3.12/site-packages/airflow/example_dags/example_sla_dag.py
[2026-03-04T08:20:18.086+0000] {logging_mixin.py:188} INFO - [2026-03-04T08:20:18.086+0000] {dag.py:3089} INFO - Sync 1 DAGs
[2026-03-04T08:20:18.092+0000] {logging_mixin.py:188} INFO - [2026-03-04T08:20:18.092+0000] {dag.py:3947} INFO - Setting next_dagrun for example_sla_dag to 2026-03-04 08:18:00+00:00, run_after=2026-03-04 08:20:00+00:00
[2026-03-04T08:20:18.097+0000] {processor.py:183} INFO - Processing /home/airflow/.local/lib/python3.12/site-packages/airflow/example_dags/example_sla_dag.py took 0.023 seconds
[2026-03-04T08:37:22.000+0000] {processor.py:161} INFO - Started process (PID=12205) to work on /home/airflow/.local/lib/python3.12/site-packages/airflow/example_dags/example_sla_dag.py
[2026-03-04T08:37:22.000+0000] {processor.py:830} INFO - Processing file /home/airflow/.local/lib/python3.12/site-packages/airflow/example_dags/example_sla_dag.py for tasks to queue
[2026-03-04T08:37:22.001+0000] {logging_mixin.py:188} INFO - [2026-03-04T08:37:22.001+0000] {dagbag.py:545} INFO - Filling up the DagBag from /home/airflow/.local/lib/python3.12/site-packages/airflow/example_dags/example_sla_dag.py
[2026-03-04T08:37:22.005+0000] {processor.py:840} INFO - DAG(s) 'example_sla_dag' retrieved from /home/airflow/.local/lib/python3.12/site-packages/airflow/example_dags/example_sla_dag.py
[2026-03-04T08:37:22.015+0000] {logging_mixin.py:188} INFO - [2026-03-04T08:37:22.015+0000] {dag.py:3089} INFO - Sync 1 DAGs
[2026-03-04T08:37:22.028+0000] {logging_mixin.py:188} INFO - [2026-03-04T08:37:22.028+0000] {dag.py:3947} INFO - Setting next_dagrun for example_sla_dag to 2026-03-04 08:34:00+00:00, run_after=2026-03-04 08:36:00+00:00
[2026-03-04T08:37:22.038+0000] {processor.py:183} INFO - Processing /home/airflow/.local/lib/python3.12/site-packages/airflow/example_dags/example_sla_dag.py took 0.041 seconds
[2026-03-04T08:46:12.134+0000] {processor.py:161} INFO - Started process (PID=12465) to work on /home/airflow/.local/lib/python3.12/site-packages/airflow/example_dags/example_sla_dag.py
[2026-03-04T08:46:12.135+0000] {processor.py:830} INFO - Processing file /home/airflow/.local/lib/python3.12/site-packages/airflow/example_dags/example_sla_dag.py for tasks to queue
[2026-03-04T08:46:12.136+0000] {logging_mixin.py:188} INFO - [2026-03-04T08:46:12.136+0000] {dagbag.py:545} INFO - Filling up the DagBag from /home/airflow/.local/lib/python3.12/site-packages/airflow/example_dags/example_sla_dag.py
[2026-03-04T08:46:12.140+0000] {processor.py:840} INFO - DAG(s) 'example_sla_dag' retrieved from /home/airflow/.local/lib/python3.12/site-packages/airflow/example_dags/example_sla_dag.py
[2026-03-04T08:46:12.150+0000] {logging_mixin.py:188} INFO - [2026-03-04T08:46:12.150+0000] {dag.py:3089} INFO - Sync 1 DAGs
[2026-03-04T08:46:12.159+0000] {logging_mixin.py:188} INFO - [2026-03-04T08:46:12.159+0000] {dag.py:3947} INFO - Setting next_dagrun for example_sla_dag to 2026-03-04 08:44:00+00:00, run_after=2026-03-04 08:46:00+00:00
[2026-03-04T08:46:12.165+0000] {processor.py:183} INFO - Processing /home/airflow/.local/lib/python3.12/site-packages/airflow/example_dags/example_sla_dag.py took 0.034 seconds
[2026-03-04T08:46:42.753+0000] {processor.py:161} INFO - Started process (PID=12727) to work on /home/airflow/.local/lib/python3.12/site-packages/airflow/example_dags/example_sla_dag.py
[2026-03-04T08:46:42.754+0000] {processor.py:830} INFO - Processing file /home/airflow/.local/lib/python3.12/site-packages/airflow/example_dags/example_sla_dag.py for tasks to queue
[2026-03-04T08:46:42.755+0000] {logging_mixin.py:188} INFO - [2026-03-04T08:46:42.755+0000] {dagbag.py:545} INFO - Filling up the DagBag from /home/airflow/.local/lib/python3.12/site-packages/airflow/example_dags/example_sla_dag.py
[2026-03-04T08:46:42.759+0000] {processor.py:840} INFO - DAG(s) 'example_sla_dag' retrieved from /home/airflow/.local/lib/python3.12/site-packages/airflow/example_dags/example_sla_dag.py
[2026-03-04T08:46:42.769+0000] {logging_mixin.py:188} INFO - [2026-03-04T08:46:42.768+0000] {dag.py:3089} INFO - Sync 1 DAGs
[2026-03-04T08:46:42.777+0000] {logging_mixin.py:188} INFO - [2026-03-04T08:46:42.777+0000] {dag.py:3947} INFO - Setting next_dagrun for example_sla_dag to 2026-03-04 08:44:00+00:00, run_after=2026-03-04 08:46:00+00:00
[2026-03-04T08:46:42.783+0000] {processor.py:183} INFO - Processing /home/airflow/.local/lib/python3.12/site-packages/airflow/example_dags/example_sla_dag.py took 0.032 seconds
[2026-03-04T08:47:13.187+0000] {processor.py:161} INFO - Started process (PID=12989) to work on /home/airflow/.local/lib/python3.12/site-packages/airflow/example_dags/example_sla_dag.py
[2026-03-04T08:47:13.187+0000] {processor.py:830} INFO - Processing file /home/airflow/.local/lib/python3.12/site-packages/airflow/example_dags/example_sla_dag.py for tasks to queue
[2026-03-04T08:47:13.188+0000] {logging_mixin.py:188} INFO - [2026-03-04T08:47:13.188+0000] {dagbag.py:545} INFO - Filling up the DagBag from /home/airflow/.local/lib/python3.12/site-packages/airflow/example_dags/example_sla_dag.py
[2026-03-04T08:47:13.191+0000] {processor.py:840} INFO - DAG(s) 'example_sla_dag' retrieved from /home/airflow/.local/lib/python3.12/site-packages/airflow/example_dags/example_sla_dag.py
[2026-03-04T08:47:13.203+0000] {logging_mixin.py:188} INFO - [2026-03-04T08:47:13.202+0000] {dag.py:3089} INFO - Sync 1 DAGs
[2026-03-04T08:47:13.211+0000] {logging_mixin.py:188} INFO - [2026-03-04T08:47:13.211+0000] {dag.py:3947} INFO - Setting next_dagrun for example_sla_dag to 2026-03-04 08:44:00+00:00, run_after=2026-03-04 08:46:00+00:00
[2026-03-04T08:47:13.218+0000] {processor.py:183} INFO - Processing /home/airflow/.local/lib/python3.12/site-packages/airflow/example_dags/example_sla_dag.py took 0.033 seconds
[2026-03-04T08:47:43.734+0000] {processor.py:161} INFO - Started process (PID=13251) to work on /home/airflow/.local/lib/python3.12/site-packages/airflow/example_dags/example_sla_dag.py
[2026-03-04T08:47:43.734+0000] {processor.py:830} INFO - Processing file /home/airflow/.local/lib/python3.12/site-packages/airflow/example_dags/example_sla_dag.py for tasks to queue
[2026-03-04T08:47:43.735+0000] {logging_mixin.py:188} INFO - [2026-03-04T08:47:43.735+0000] {dagbag.py:545} INFO - Filling up the DagBag from /home/airflow/.local/lib/python3.12/site-packages/airflow/example_dags/example_sla_dag.py
[2026-03-04T08:47:43.738+0000] {processor.py:840} INFO - DAG(s) 'example_sla_dag' retrieved from /home/airflow/.local/lib/python3.12/site-packages/airflow/example_dags/example_sla_dag.py
[2026-03-04T08:47:43.749+0000] {logging_mixin.py:188} INFO - [2026-03-04T08:47:43.749+0000] {dag.py:3089} INFO - Sync 1 DAGs
[2026-03-04T08:47:43.758+0000] {logging_mixin.py:188} INFO - [2026-03-04T08:47:43.758+0000] {dag.py:3947} INFO - Setting next_dagrun for example_sla_dag to 2026-03-04 08:44:00+00:00, run_after=2026-03-04 08:46:00+00:00
[2026-03-04T08:47:43.764+0000] {processor.py:183} INFO - Processing /home/airflow/.local/lib/python3.12/site-packages/airflow/example_dags/example_sla_dag.py took 0.032 seconds
[2026-03-04T08:48:14.275+0000] {processor.py:161} INFO - Started process (PID=13513) to work on /home/airflow/.local/lib/python3.12/site-packages/airflow/example_dags/example_sla_dag.py
[2026-03-04T08:48:14.276+0000] {processor.py:830} INFO - Processing file /home/airflow/.local/lib/python3.12/site-packages/airflow/example_dags/example_sla_dag.py for tasks to queue
[2026-03-04T08:48:14.277+0000] {logging_mixin.py:188} INFO - [2026-03-04T08:48:14.277+0000] {dagbag.py:545} INFO - Filling up the DagBag from /home/airflow/.local/lib/python3.12/site-packages/airflow/example_dags/example_sla_dag.py
[2026-03-04T08:48:14.282+0000] {processor.py:840} INFO - DAG(s) 'example_sla_dag' retrieved from /home/airflow/.local/lib/python3.12/site-packages/airflow/example_dags/example_sla_dag.py
[2026-03-04T08:48:14.292+0000] {logging_mixin.py:188} INFO - [2026-03-04T08:48:14.292+0000] {dag.py:3089} INFO - Sync 1 DAGs
[2026-03-04T08:48:14.303+0000] {logging_mixin.py:188} INFO - [2026-03-04T08:48:14.303+0000] {dag.py:3947} INFO - Setting next_dagrun for example_sla_dag to 2026-03-04 08:46:00+00:00, run_after=2026-03-04 08:48:00+00:00
[2026-03-04T08:48:14.309+0000] {processor.py:183} INFO - Processing /home/airflow/.local/lib/python3.12/site-packages/airflow/example_dags/example_sla_dag.py took 0.036 seconds
[2026-03-04T08:48:44.860+0000] {processor.py:161} INFO - Started process (PID=13777) to work on /home/airflow/.local/lib/python3.12/site-packages/airflow/example_dags/example_sla_dag.py
[2026-03-04T08:48:44.860+0000] {processor.py:830} INFO - Processing file /home/airflow/.local/lib/python3.12/site-packages/airflow/example_dags/example_sla_dag.py for tasks to queue
[2026-03-04T08:48:44.861+0000] {logging_mixin.py:188} INFO - [2026-03-04T08:48:44.861+0000] {dagbag.py:545} INFO - Filling up the DagBag from /home/airflow/.local/lib/python3.12/site-packages/airflow/example_dags/example_sla_dag.py
[2026-03-04T08:48:44.864+0000] {processor.py:840} INFO - DAG(s) 'example_sla_dag' retrieved from /home/airflow/.local/lib/python3.12/site-packages/airflow/example_dags/example_sla_dag.py
[2026-03-04T08:48:44.873+0000] {logging_mixin.py:188} INFO - [2026-03-04T08:48:44.873+0000] {dag.py:3089} INFO - Sync 1 DAGs
[2026-03-04T08:48:44.884+0000] {logging_mixin.py:188} INFO - [2026-03-04T08:48:44.884+0000] {dag.py:3947} INFO - Setting next_dagrun for example_sla_dag to 2026-03-04 08:46:00+00:00, run_after=2026-03-04 08:48:00+00:00
[2026-03-04T08:48:44.892+0000] {processor.py:183} INFO - Processing /home/airflow/.local/lib/python3.12/site-packages/airflow/example_dags/example_sla_dag.py took 0.035 seconds
[2026-03-04T08:49:15.430+0000] {processor.py:161} INFO - Started process (PID=14037) to work on /home/airflow/.local/lib/python3.12/site-packages/airflow/example_dags/example_sla_dag.py
[2026-03-04T08:49:15.430+0000] {processor.py:830} INFO - Processing file /home/airflow/.local/lib/python3.12/site-packages/airflow/example_dags/example_sla_dag.py for tasks to queue
[2026-03-04T08:49:15.431+0000] {logging_mixin.py:188} INFO - [2026-03-04T08:49:15.431+0000] {dagbag.py:545} INFO - Filling up the DagBag from /home/airflow/.local/lib/python3.12/site-packages/airflow/example_dags/example_sla_dag.py
[2026-03-04T08:49:15.434+0000] {processor.py:840} INFO - DAG(s) 'example_sla_dag' retrieved from /home/airflow/.local/lib/python3.12/site-packages/airflow/example_dags/example_sla_dag.py
[2026-03-04T08:49:15.441+0000] {logging_mixin.py:188} INFO - [2026-03-04T08:49:15.441+0000] {dag.py:3089} INFO - Sync 1 DAGs
[2026-03-04T08:49:15.450+0000] {logging_mixin.py:188} INFO - [2026-03-04T08:49:15.450+0000] {dag.py:3947} INFO - Setting next_dagrun for example_sla_dag to 2026-03-04 08:46:00+00:00, run_after=2026-03-04 08:48:00+00:00
[2026-03-04T08:49:15.458+0000] {processor.py:183} INFO - Processing /home/airflow/.local/lib/python3.12/site-packages/airflow/example_dags/example_sla_dag.py took 0.031 seconds
[2026-03-04T08:49:45.997+0000] {processor.py:161} INFO - Started process (PID=14299) to work on /home/airflow/.local/lib/python3.12/site-packages/airflow/example_dags/example_sla_dag.py
[2026-03-04T08:49:45.999+0000] {processor.py:830} INFO - Processing file /home/airflow/.local/lib/python3.12/site-packages/airflow/example_dags/example_sla_dag.py for tasks to queue
[2026-03-04T08:49:46.000+0000] {logging_mixin.py:188} INFO - [2026-03-04T08:49:46.000+0000] {dagbag.py:545} INFO - Filling up the DagBag from /home/airflow/.local/lib/python3.12/site-packages/airflow/example_dags/example_sla_dag.py
[2026-03-04T08:49:46.005+0000] {processor.py:840} INFO - DAG(s) 'example_sla_dag' retrieved from /home/airflow/.local/lib/python3.12/site-packages/airflow/example_dags/example_sla_dag.py
[2026-03-04T08:49:46.015+0000] {logging_mixin.py:188} INFO - [2026-03-04T08:49:46.015+0000] {dag.py:3089} INFO - Sync 1 DAGs
[2026-03-04T08:49:46.024+0000] {logging_mixin.py:188} INFO - [2026-03-04T08:49:46.024+0000] {dag.py:3947} INFO - Setting next_dagrun for example_sla_dag to 2026-03-04 08:46:00+00:00, run_after=2026-03-04 08:48:00+00:00
[2026-03-04T08:49:46.031+0000] {processor.py:183} INFO - Processing /home/airflow/.local/lib/python3.12/site-packages/airflow/example_dags/example_sla_dag.py took 0.036 seconds
[2026-03-04T08:50:16.491+0000] {processor.py:161} INFO - Started process (PID=14561) to work on /home/airflow/.local/lib/python3.12/site-packages/airflow/example_dags/example_sla_dag.py
[2026-03-04T08:50:16.493+0000] {processor.py:830} INFO - Processing file /home/airflow/.local/lib/python3.12/site-packages/airflow/example_dags/example_sla_dag.py for tasks to queue
[2026-03-04T08:50:16.493+0000] {logging_mixin.py:188} INFO - [2026-03-04T08:50:16.493+0000] {dagbag.py:545} INFO - Filling up the DagBag from /home/airflow/.local/lib/python3.12/site-packages/airflow/example_dags/example_sla_dag.py
[2026-03-04T08:50:16.496+0000] {processor.py:840} INFO - DAG(s) 'example_sla_dag' retrieved from /home/airflow/.local/lib/python3.12/site-packages/airflow/example_dags/example_sla_dag.py
[2026-03-04T08:50:16.504+0000] {logging_mixin.py:188} INFO - [2026-03-04T08:50:16.504+0000] {dag.py:3089} INFO - Sync 1 DAGs
[2026-03-04T08:50:16.512+0000] {logging_mixin.py:188} INFO - [2026-03-04T08:50:16.512+0000] {dag.py:3947} INFO - Setting next_dagrun for example_sla_dag to 2026-03-04 08:48:00+00:00, run_after=2026-03-04 08:50:00+00:00
[2026-03-04T08:50:16.518+0000] {processor.py:183} INFO - Processing /home/airflow/.local/lib/python3.12/site-packages/airflow/example_dags/example_sla_dag.py took 0.029 seconds
[2026-03-04T08:50:47.085+0000] {processor.py:161} INFO - Started process (PID=14823) to work on /home/airflow/.local/lib/python3.12/site-packages/airflow/example_dags/example_sla_dag.py
[2026-03-04T08:50:47.086+0000] {processor.py:830} INFO - Processing file /home/airflow/.local/lib/python3.12/site-packages/airflow/example_dags/example_sla_dag.py for tasks to queue
[2026-03-04T08:50:47.086+0000] {logging_mixin.py:188} INFO - [2026-03-04T08:50:47.086+0000] {dagbag.py:545} INFO - Filling up the DagBag from /home/airflow/.local/lib/python3.12/site-packages/airflow/example_dags/example_sla_dag.py
[2026-03-04T08:50:47.090+0000] {processor.py:840} INFO - DAG(s) 'example_sla_dag' retrieved from /home/airflow/.local/lib/python3.12/site-packages/airflow/example_dags/example_sla_dag.py
[2026-03-04T08:50:47.098+0000] {logging_mixin.py:188} INFO - [2026-03-04T08:50:47.098+0000] {dag.py:3089} INFO - Sync 1 DAGs
[2026-03-04T08:50:47.106+0000] {logging_mixin.py:188} INFO - [2026-03-04T08:50:47.106+0000] {dag.py:3947} INFO - Setting next_dagrun for example_sla_dag to 2026-03-04 08:48:00+00:00, run_after=2026-03-04 08:50:00+00:00
[2026-03-04T08:50:47.115+0000] {processor.py:183} INFO - Processing /home/airflow/.local/lib/python3.12/site-packages/airflow/example_dags/example_sla_dag.py took 0.033 seconds
