[2026-03-04T07:57:49.510+0000] {processor.py:161} INFO - Started process (PID=217) to work on /home/airflow/.local/lib/python3.12/site-packages/airflow/example_dags/example_latest_only.py
[2026-03-04T07:57:49.510+0000] {processor.py:830} INFO - Processing file /home/airflow/.local/lib/python3.12/site-packages/airflow/example_dags/example_latest_only.py for tasks to queue
[2026-03-04T07:57:49.511+0000] {logging_mixin.py:188} INFO - [2026-03-04T07:57:49.511+0000] {dagbag.py:545} INFO - Filling up the DagBag from /home/airflow/.local/lib/python3.12/site-packages/airflow/example_dags/example_latest_only.py
[2026-03-04T07:57:49.516+0000] {processor.py:840} INFO - DAG(s) 'latest_only' retrieved from /home/airflow/.local/lib/python3.12/site-packages/airflow/example_dags/example_latest_only.py
[2026-03-04T07:57:49.563+0000] {logging_mixin.py:188} INFO - [2026-03-04T07:57:49.562+0000] {override.py:1858} INFO - Created Permission View: can delete on DAG:latest_only
[2026-03-04T07:57:49.567+0000] {logging_mixin.py:188} INFO - [2026-03-04T07:57:49.567+0000] {override.py:1858} INFO - Created Permission View: can read on DAG:latest_only
[2026-03-04T07:57:49.569+0000] {logging_mixin.py:188} INFO - [2026-03-04T07:57:49.569+0000] {override.py:1858} INFO - Created Permission View: can edit on DAG:latest_only
[2026-03-04T07:57:49.569+0000] {logging_mixin.py:188} INFO - [2026-03-04T07:57:49.569+0000] {dag.py:3089} INFO - Sync 1 DAGs
[2026-03-04T07:57:49.573+0000] {logging_mixin.py:188} INFO - [2026-03-04T07:57:49.573+0000] {dag.py:3111} INFO - Creating ORM DAG for latest_only
[2026-03-04T07:57:49.577+0000] {logging_mixin.py:188} INFO - [2026-03-04T07:57:49.577+0000] {dag.py:3947} INFO - Setting next_dagrun for latest_only to 2026-03-04 00:00:00+00:00, run_after=2026-03-04 04:00:00+00:00
[2026-03-04T07:57:49.585+0000] {processor.py:183} INFO - Processing /home/airflow/.local/lib/python3.12/site-packages/airflow/example_dags/example_latest_only.py took 0.078 seconds
[2026-03-04T07:58:20.212+0000] {processor.py:161} INFO - Started process (PID=481) to work on /home/airflow/.local/lib/python3.12/site-packages/airflow/example_dags/example_latest_only.py
[2026-03-04T07:58:20.212+0000] {processor.py:830} INFO - Processing file /home/airflow/.local/lib/python3.12/site-packages/airflow/example_dags/example_latest_only.py for tasks to queue
[2026-03-04T07:58:20.213+0000] {logging_mixin.py:188} INFO - [2026-03-04T07:58:20.213+0000] {dagbag.py:545} INFO - Filling up the DagBag from /home/airflow/.local/lib/python3.12/site-packages/airflow/example_dags/example_latest_only.py
[2026-03-04T07:58:20.215+0000] {processor.py:840} INFO - DAG(s) 'latest_only' retrieved from /home/airflow/.local/lib/python3.12/site-packages/airflow/example_dags/example_latest_only.py
[2026-03-04T07:58:20.221+0000] {logging_mixin.py:188} INFO - [2026-03-04T07:58:20.221+0000] {dag.py:3089} INFO - Sync 1 DAGs
[2026-03-04T07:58:20.227+0000] {logging_mixin.py:188} INFO - [2026-03-04T07:58:20.227+0000] {dag.py:3947} INFO - Setting next_dagrun for latest_only to 2026-03-04 00:00:00+00:00, run_after=2026-03-04 04:00:00+00:00
[2026-03-04T07:58:20.232+0000] {processor.py:183} INFO - Processing /home/airflow/.local/lib/python3.12/site-packages/airflow/example_dags/example_latest_only.py took 0.023 seconds
[2026-03-04T07:58:50.743+0000] {processor.py:161} INFO - Started process (PID=741) to work on /home/airflow/.local/lib/python3.12/site-packages/airflow/example_dags/example_latest_only.py
[2026-03-04T07:58:50.743+0000] {processor.py:830} INFO - Processing file /home/airflow/.local/lib/python3.12/site-packages/airflow/example_dags/example_latest_only.py for tasks to queue
[2026-03-04T07:58:50.744+0000] {logging_mixin.py:188} INFO - [2026-03-04T07:58:50.744+0000] {dagbag.py:545} INFO - Filling up the DagBag from /home/airflow/.local/lib/python3.12/site-packages/airflow/example_dags/example_latest_only.py
[2026-03-04T07:58:50.746+0000] {processor.py:840} INFO - DAG(s) 'latest_only' retrieved from /home/airflow/.local/lib/python3.12/site-packages/airflow/example_dags/example_latest_only.py
[2026-03-04T07:58:50.755+0000] {logging_mixin.py:188} INFO - [2026-03-04T07:58:50.755+0000] {dag.py:3089} INFO - Sync 1 DAGs
[2026-03-04T07:58:50.762+0000] {logging_mixin.py:188} INFO - [2026-03-04T07:58:50.762+0000] {dag.py:3947} INFO - Setting next_dagrun for latest_only to 2026-03-04 00:00:00+00:00, run_after=2026-03-04 04:00:00+00:00
[2026-03-04T07:58:50.768+0000] {processor.py:183} INFO - Processing /home/airflow/.local/lib/python3.12/site-packages/airflow/example_dags/example_latest_only.py took 0.027 seconds
[2026-03-04T07:59:21.286+0000] {processor.py:161} INFO - Started process (PID=1005) to work on /home/airflow/.local/lib/python3.12/site-packages/airflow/example_dags/example_latest_only.py
[2026-03-04T07:59:21.287+0000] {processor.py:830} INFO - Processing file /home/airflow/.local/lib/python3.12/site-packages/airflow/example_dags/example_latest_only.py for tasks to queue
[2026-03-04T07:59:21.287+0000] {logging_mixin.py:188} INFO - [2026-03-04T07:59:21.287+0000] {dagbag.py:545} INFO - Filling up the DagBag from /home/airflow/.local/lib/python3.12/site-packages/airflow/example_dags/example_latest_only.py
[2026-03-04T07:59:21.289+0000] {processor.py:840} INFO - DAG(s) 'latest_only' retrieved from /home/airflow/.local/lib/python3.12/site-packages/airflow/example_dags/example_latest_only.py
[2026-03-04T07:59:21.299+0000] {logging_mixin.py:188} INFO - [2026-03-04T07:59:21.299+0000] {dag.py:3089} INFO - Sync 1 DAGs
[2026-03-04T07:59:21.306+0000] {logging_mixin.py:188} INFO - [2026-03-04T07:59:21.306+0000] {dag.py:3947} INFO - Setting next_dagrun for latest_only to 2026-03-04 00:00:00+00:00, run_after=2026-03-04 04:00:00+00:00
[2026-03-04T07:59:21.320+0000] {processor.py:183} INFO - Processing /home/airflow/.local/lib/python3.12/site-packages/airflow/example_dags/example_latest_only.py took 0.035 seconds
[2026-03-04T07:59:51.886+0000] {processor.py:161} INFO - Started process (PID=1267) to work on /home/airflow/.local/lib/python3.12/site-packages/airflow/example_dags/example_latest_only.py
[2026-03-04T07:59:51.887+0000] {processor.py:830} INFO - Processing file /home/airflow/.local/lib/python3.12/site-packages/airflow/example_dags/example_latest_only.py for tasks to queue
[2026-03-04T07:59:51.888+0000] {logging_mixin.py:188} INFO - [2026-03-04T07:59:51.888+0000] {dagbag.py:545} INFO - Filling up the DagBag from /home/airflow/.local/lib/python3.12/site-packages/airflow/example_dags/example_latest_only.py
[2026-03-04T07:59:51.891+0000] {processor.py:840} INFO - DAG(s) 'latest_only' retrieved from /home/airflow/.local/lib/python3.12/site-packages/airflow/example_dags/example_latest_only.py
[2026-03-04T07:59:51.901+0000] {logging_mixin.py:188} INFO - [2026-03-04T07:59:51.900+0000] {dag.py:3089} INFO - Sync 1 DAGs
[2026-03-04T07:59:51.909+0000] {logging_mixin.py:188} INFO - [2026-03-04T07:59:51.909+0000] {dag.py:3947} INFO - Setting next_dagrun for latest_only to 2026-03-04 00:00:00+00:00, run_after=2026-03-04 04:00:00+00:00
[2026-03-04T07:59:51.915+0000] {processor.py:183} INFO - Processing /home/airflow/.local/lib/python3.12/site-packages/airflow/example_dags/example_latest_only.py took 0.034 seconds
[2026-03-04T08:00:22.579+0000] {processor.py:161} INFO - Started process (PID=1527) to work on /home/airflow/.local/lib/python3.12/site-packages/airflow/example_dags/example_latest_only.py
[2026-03-04T08:00:22.580+0000] {processor.py:830} INFO - Processing file /home/airflow/.local/lib/python3.12/site-packages/airflow/example_dags/example_latest_only.py for tasks to queue
[2026-03-04T08:00:22.581+0000] {logging_mixin.py:188} INFO - [2026-03-04T08:00:22.580+0000] {dagbag.py:545} INFO - Filling up the DagBag from /home/airflow/.local/lib/python3.12/site-packages/airflow/example_dags/example_latest_only.py
[2026-03-04T08:00:22.583+0000] {processor.py:840} INFO - DAG(s) 'latest_only' retrieved from /home/airflow/.local/lib/python3.12/site-packages/airflow/example_dags/example_latest_only.py
[2026-03-04T08:00:22.590+0000] {logging_mixin.py:188} INFO - [2026-03-04T08:00:22.590+0000] {dag.py:3089} INFO - Sync 1 DAGs
[2026-03-04T08:00:22.598+0000] {logging_mixin.py:188} INFO - [2026-03-04T08:00:22.598+0000] {dag.py:3947} INFO - Setting next_dagrun for latest_only to 2026-03-04 04:00:00+00:00, run_after=2026-03-04 08:00:00+00:00
[2026-03-04T08:00:22.610+0000] {processor.py:183} INFO - Processing /home/airflow/.local/lib/python3.12/site-packages/airflow/example_dags/example_latest_only.py took 0.032 seconds
[2026-03-04T08:00:53.214+0000] {processor.py:161} INFO - Started process (PID=1791) to work on /home/airflow/.local/lib/python3.12/site-packages/airflow/example_dags/example_latest_only.py
[2026-03-04T08:00:53.214+0000] {processor.py:830} INFO - Processing file /home/airflow/.local/lib/python3.12/site-packages/airflow/example_dags/example_latest_only.py for tasks to queue
[2026-03-04T08:00:53.215+0000] {logging_mixin.py:188} INFO - [2026-03-04T08:00:53.215+0000] {dagbag.py:545} INFO - Filling up the DagBag from /home/airflow/.local/lib/python3.12/site-packages/airflow/example_dags/example_latest_only.py
[2026-03-04T08:00:53.217+0000] {processor.py:840} INFO - DAG(s) 'latest_only' retrieved from /home/airflow/.local/lib/python3.12/site-packages/airflow/example_dags/example_latest_only.py
[2026-03-04T08:00:53.225+0000] {logging_mixin.py:188} INFO - [2026-03-04T08:00:53.225+0000] {dag.py:3089} INFO - Sync 1 DAGs
[2026-03-04T08:00:53.234+0000] {logging_mixin.py:188} INFO - [2026-03-04T08:00:53.233+0000] {dag.py:3947} INFO - Setting next_dagrun for latest_only to 2026-03-04 04:00:00+00:00, run_after=2026-03-04 08:00:00+00:00
[2026-03-04T08:00:53.250+0000] {processor.py:183} INFO - Processing /home/airflow/.local/lib/python3.12/site-packages/airflow/example_dags/example_latest_only.py took 0.038 seconds
[2026-03-04T08:01:23.816+0000] {processor.py:161} INFO - Started process (PID=2053) to work on /home/airflow/.local/lib/python3.12/site-packages/airflow/example_dags/example_latest_only.py
[2026-03-04T08:01:23.816+0000] {processor.py:830} INFO - Processing file /home/airflow/.local/lib/python3.12/site-packages/airflow/example_dags/example_latest_only.py for tasks to queue
[2026-03-04T08:01:23.817+0000] {logging_mixin.py:188} INFO - [2026-03-04T08:01:23.817+0000] {dagbag.py:545} INFO - Filling up the DagBag from /home/airflow/.local/lib/python3.12/site-packages/airflow/example_dags/example_latest_only.py
[2026-03-04T08:01:23.819+0000] {processor.py:840} INFO - DAG(s) 'latest_only' retrieved from /home/airflow/.local/lib/python3.12/site-packages/airflow/example_dags/example_latest_only.py
[2026-03-04T08:01:23.830+0000] {logging_mixin.py:188} INFO - [2026-03-04T08:01:23.830+0000] {dag.py:3089} INFO - Sync 1 DAGs
[2026-03-04T08:01:23.837+0000] {logging_mixin.py:188} INFO - [2026-03-04T08:01:23.837+0000] {dag.py:3947} INFO - Setting next_dagrun for latest_only to 2026-03-04 04:00:00+00:00, run_after=2026-03-04 08:00:00+00:00
[2026-03-04T08:01:23.847+0000] {processor.py:183} INFO - Processing /home/airflow/.local/lib/python3.12/site-packages/airflow/example_dags/example_latest_only.py took 0.033 seconds
[2026-03-04T08:01:54.346+0000] {processor.py:161} INFO - Started process (PID=2313) to work on /home/airflow/.local/lib/python3.12/site-packages/airflow/example_dags/example_latest_only.py
[2026-03-04T08:01:54.347+0000] {processor.py:830} INFO - Processing file /home/airflow/.local/lib/python3.12/site-packages/airflow/example_dags/example_latest_only.py for tasks to queue
[2026-03-04T08:01:54.347+0000] {logging_mixin.py:188} INFO - [2026-03-04T08:01:54.347+0000] {dagbag.py:545} INFO - Filling up the DagBag from /home/airflow/.local/lib/python3.12/site-packages/airflow/example_dags/example_latest_only.py
[2026-03-04T08:01:54.349+0000] {processor.py:840} INFO - DAG(s) 'latest_only' retrieved from /home/airflow/.local/lib/python3.12/site-packages/airflow/example_dags/example_latest_only.py
[2026-03-04T08:01:54.362+0000] {logging_mixin.py:188} INFO - [2026-03-04T08:01:54.361+0000] {dag.py:3089} INFO - Sync 1 DAGs
[2026-03-04T08:01:54.369+0000] {logging_mixin.py:188} INFO - [2026-03-04T08:01:54.369+0000] {dag.py:3947} INFO - Setting next_dagrun for latest_only to 2026-03-04 04:00:00+00:00, run_after=2026-03-04 08:00:00+00:00
[2026-03-04T08:01:54.375+0000] {processor.py:183} INFO - Processing /home/airflow/.local/lib/python3.12/site-packages/airflow/example_dags/example_latest_only.py took 0.032 seconds
[2026-03-04T08:02:24.885+0000] {processor.py:161} INFO - Started process (PID=2577) to work on /home/airflow/.local/lib/python3.12/site-packages/airflow/example_dags/example_latest_only.py
[2026-03-04T08:02:24.886+0000] {processor.py:830} INFO - Processing file /home/airflow/.local/lib/python3.12/site-packages/airflow/example_dags/example_latest_only.py for tasks to queue
[2026-03-04T08:02:24.886+0000] {logging_mixin.py:188} INFO - [2026-03-04T08:02:24.886+0000] {dagbag.py:545} INFO - Filling up the DagBag from /home/airflow/.local/lib/python3.12/site-packages/airflow/example_dags/example_latest_only.py
[2026-03-04T08:02:24.888+0000] {processor.py:840} INFO - DAG(s) 'latest_only' retrieved from /home/airflow/.local/lib/python3.12/site-packages/airflow/example_dags/example_latest_only.py
[2026-03-04T08:02:24.898+0000] {logging_mixin.py:188} INFO - [2026-03-04T08:02:24.898+0000] {dag.py:3089} INFO - Sync 1 DAGs
[2026-03-04T08:02:24.904+0000] {logging_mixin.py:188} INFO - [2026-03-04T08:02:24.904+0000] {dag.py:3947} INFO - Setting next_dagrun for latest_only to 2026-03-04 04:00:00+00:00, run_after=2026-03-04 08:00:00+00:00
[2026-03-04T08:02:24.910+0000] {processor.py:183} INFO - Processing /home/airflow/.local/lib/python3.12/site-packages/airflow/example_dags/example_latest_only.py took 0.027 seconds
[2026-03-04T08:02:55.406+0000] {processor.py:161} INFO - Started process (PID=2837) to work on /home/airflow/.local/lib/python3.12/site-packages/airflow/example_dags/example_latest_only.py
[2026-03-04T08:02:55.407+0000] {processor.py:830} INFO - Processing file /home/airflow/.local/lib/python3.12/site-packages/airflow/example_dags/example_latest_only.py for tasks to queue
[2026-03-04T08:02:55.408+0000] {logging_mixin.py:188} INFO - [2026-03-04T08:02:55.408+0000] {dagbag.py:545} INFO - Filling up the DagBag from /home/airflow/.local/lib/python3.12/site-packages/airflow/example_dags/example_latest_only.py
[2026-03-04T08:02:55.410+0000] {processor.py:840} INFO - DAG(s) 'latest_only' retrieved from /home/airflow/.local/lib/python3.12/site-packages/airflow/example_dags/example_latest_only.py
[2026-03-04T08:02:55.417+0000] {logging_mixin.py:188} INFO - [2026-03-04T08:02:55.417+0000] {dag.py:3089} INFO - Sync 1 DAGs
[2026-03-04T08:02:55.424+0000] {logging_mixin.py:188} INFO - [2026-03-04T08:02:55.424+0000] {dag.py:3947} INFO - Setting next_dagrun for latest_only to 2026-03-04 04:00:00+00:00, run_after=2026-03-04 08:00:00+00:00
[2026-03-04T08:02:55.435+0000] {processor.py:183} INFO - Processing /home/airflow/.local/lib/python3.12/site-packages/airflow/example_dags/example_latest_only.py took 0.031 seconds
[2026-03-04T08:03:26.012+0000] {processor.py:161} INFO - Started process (PID=3101) to work on /home/airflow/.local/lib/python3.12/site-packages/airflow/example_dags/example_latest_only.py
[2026-03-04T08:03:26.012+0000] {processor.py:830} INFO - Processing file /home/airflow/.local/lib/python3.12/site-packages/airflow/example_dags/example_latest_only.py for tasks to queue
[2026-03-04T08:03:26.013+0000] {logging_mixin.py:188} INFO - [2026-03-04T08:03:26.013+0000] {dagbag.py:545} INFO - Filling up the DagBag from /home/airflow/.local/lib/python3.12/site-packages/airflow/example_dags/example_latest_only.py
[2026-03-04T08:03:26.015+0000] {processor.py:840} INFO - DAG(s) 'latest_only' retrieved from /home/airflow/.local/lib/python3.12/site-packages/airflow/example_dags/example_latest_only.py
[2026-03-04T08:03:26.024+0000] {logging_mixin.py:188} INFO - [2026-03-04T08:03:26.023+0000] {dag.py:3089} INFO - Sync 1 DAGs
[2026-03-04T08:03:26.032+0000] {logging_mixin.py:188} INFO - [2026-03-04T08:03:26.032+0000] {dag.py:3947} INFO - Setting next_dagrun for latest_only to 2026-03-04 04:00:00+00:00, run_after=2026-03-04 08:00:00+00:00
[2026-03-04T08:03:26.042+0000] {processor.py:183} INFO - Processing /home/airflow/.local/lib/python3.12/site-packages/airflow/example_dags/example_latest_only.py took 0.033 seconds
[2026-03-04T08:03:56.542+0000] {processor.py:161} INFO - Started process (PID=3363) to work on /home/airflow/.local/lib/python3.12/site-packages/airflow/example_dags/example_latest_only.py
[2026-03-04T08:03:56.542+0000] {processor.py:830} INFO - Processing file /home/airflow/.local/lib/python3.12/site-packages/airflow/example_dags/example_latest_only.py for tasks to queue
[2026-03-04T08:03:56.543+0000] {logging_mixin.py:188} INFO - [2026-03-04T08:03:56.543+0000] {dagbag.py:545} INFO - Filling up the DagBag from /home/airflow/.local/lib/python3.12/site-packages/airflow/example_dags/example_latest_only.py
[2026-03-04T08:03:56.546+0000] {processor.py:840} INFO - DAG(s) 'latest_only' retrieved from /home/airflow/.local/lib/python3.12/site-packages/airflow/example_dags/example_latest_only.py
[2026-03-04T08:03:56.556+0000] {logging_mixin.py:188} INFO - [2026-03-04T08:03:56.556+0000] {dag.py:3089} INFO - Sync 1 DAGs
[2026-03-04T08:03:56.567+0000] {logging_mixin.py:188} INFO - [2026-03-04T08:03:56.567+0000] {dag.py:3947} INFO - Setting next_dagrun for latest_only to 2026-03-04 04:00:00+00:00, run_after=2026-03-04 08:00:00+00:00
[2026-03-04T08:03:56.575+0000] {processor.py:183} INFO - Processing /home/airflow/.local/lib/python3.12/site-packages/airflow/example_dags/example_latest_only.py took 0.036 seconds
[2026-03-04T08:04:27.105+0000] {processor.py:161} INFO - Started process (PID=3623) to work on /home/airflow/.local/lib/python3.12/site-packages/airflow/example_dags/example_latest_only.py
[2026-03-04T08:04:27.105+0000] {processor.py:830} INFO - Processing file /home/airflow/.local/lib/python3.12/site-packages/airflow/example_dags/example_latest_only.py for tasks to queue
[2026-03-04T08:04:27.106+0000] {logging_mixin.py:188} INFO - [2026-03-04T08:04:27.106+0000] {dagbag.py:545} INFO - Filling up the DagBag from /home/airflow/.local/lib/python3.12/site-packages/airflow/example_dags/example_latest_only.py
[2026-03-04T08:04:27.108+0000] {processor.py:840} INFO - DAG(s) 'latest_only' retrieved from /home/airflow/.local/lib/python3.12/site-packages/airflow/example_dags/example_latest_only.py
[2026-03-04T08:04:27.117+0000] {logging_mixin.py:188} INFO - [2026-03-04T08:04:27.117+0000] {dag.py:3089} INFO - Sync 1 DAGs
[2026-03-04T08:04:27.128+0000] {logging_mixin.py:188} INFO - [2026-03-04T08:04:27.128+0000] {dag.py:3947} INFO - Setting next_dagrun for latest_only to 2026-03-04 04:00:00+00:00, run_after=2026-03-04 08:00:00+00:00
[2026-03-04T08:04:27.135+0000] {processor.py:183} INFO - Processing /home/airflow/.local/lib/python3.12/site-packages/airflow/example_dags/example_latest_only.py took 0.033 seconds
[2026-03-04T08:04:57.726+0000] {processor.py:161} INFO - Started process (PID=3885) to work on /home/airflow/.local/lib/python3.12/site-packages/airflow/example_dags/example_latest_only.py
[2026-03-04T08:04:57.726+0000] {processor.py:830} INFO - Processing file /home/airflow/.local/lib/python3.12/site-packages/airflow/example_dags/example_latest_only.py for tasks to queue
[2026-03-04T08:04:57.727+0000] {logging_mixin.py:188} INFO - [2026-03-04T08:04:57.727+0000] {dagbag.py:545} INFO - Filling up the DagBag from /home/airflow/.local/lib/python3.12/site-packages/airflow/example_dags/example_latest_only.py
[2026-03-04T08:04:57.729+0000] {processor.py:840} INFO - DAG(s) 'latest_only' retrieved from /home/airflow/.local/lib/python3.12/site-packages/airflow/example_dags/example_latest_only.py
[2026-03-04T08:04:57.737+0000] {logging_mixin.py:188} INFO - [2026-03-04T08:04:57.737+0000] {dag.py:3089} INFO - Sync 1 DAGs
[2026-03-04T08:04:57.745+0000] {logging_mixin.py:188} INFO - [2026-03-04T08:04:57.745+0000] {dag.py:3947} INFO - Setting next_dagrun for latest_only to 2026-03-04 04:00:00+00:00, run_after=2026-03-04 08:00:00+00:00
[2026-03-04T08:04:57.757+0000] {processor.py:183} INFO - Processing /home/airflow/.local/lib/python3.12/site-packages/airflow/example_dags/example_latest_only.py took 0.034 seconds
[2026-03-04T08:05:28.300+0000] {processor.py:161} INFO - Started process (PID=4147) to work on /home/airflow/.local/lib/python3.12/site-packages/airflow/example_dags/example_latest_only.py
[2026-03-04T08:05:28.300+0000] {processor.py:830} INFO - Processing file /home/airflow/.local/lib/python3.12/site-packages/airflow/example_dags/example_latest_only.py for tasks to queue
[2026-03-04T08:05:28.301+0000] {logging_mixin.py:188} INFO - [2026-03-04T08:05:28.301+0000] {dagbag.py:545} INFO - Filling up the DagBag from /home/airflow/.local/lib/python3.12/site-packages/airflow/example_dags/example_latest_only.py
[2026-03-04T08:05:28.303+0000] {processor.py:840} INFO - DAG(s) 'latest_only' retrieved from /home/airflow/.local/lib/python3.12/site-packages/airflow/example_dags/example_latest_only.py
[2026-03-04T08:05:28.311+0000] {logging_mixin.py:188} INFO - [2026-03-04T08:05:28.311+0000] {dag.py:3089} INFO - Sync 1 DAGs
[2026-03-04T08:05:28.319+0000] {logging_mixin.py:188} INFO - [2026-03-04T08:05:28.319+0000] {dag.py:3947} INFO - Setting next_dagrun for latest_only to 2026-03-04 04:00:00+00:00, run_after=2026-03-04 08:00:00+00:00
[2026-03-04T08:05:28.330+0000] {processor.py:183} INFO - Processing /home/airflow/.local/lib/python3.12/site-packages/airflow/example_dags/example_latest_only.py took 0.033 seconds
[2026-03-04T08:05:58.891+0000] {processor.py:161} INFO - Started process (PID=4409) to work on /home/airflow/.local/lib/python3.12/site-packages/airflow/example_dags/example_latest_only.py
[2026-03-04T08:05:58.892+0000] {processor.py:830} INFO - Processing file /home/airflow/.local/lib/python3.12/site-packages/airflow/example_dags/example_latest_only.py for tasks to queue
[2026-03-04T08:05:58.893+0000] {logging_mixin.py:188} INFO - [2026-03-04T08:05:58.892+0000] {dagbag.py:545} INFO - Filling up the DagBag from /home/airflow/.local/lib/python3.12/site-packages/airflow/example_dags/example_latest_only.py
[2026-03-04T08:05:58.894+0000] {processor.py:840} INFO - DAG(s) 'latest_only' retrieved from /home/airflow/.local/lib/python3.12/site-packages/airflow/example_dags/example_latest_only.py
[2026-03-04T08:05:58.903+0000] {logging_mixin.py:188} INFO - [2026-03-04T08:05:58.903+0000] {dag.py:3089} INFO - Sync 1 DAGs
[2026-03-04T08:05:58.910+0000] {logging_mixin.py:188} INFO - [2026-03-04T08:05:58.910+0000] {dag.py:3947} INFO - Setting next_dagrun for latest_only to 2026-03-04 04:00:00+00:00, run_after=2026-03-04 08:00:00+00:00
[2026-03-04T08:05:58.919+0000] {processor.py:183} INFO - Processing /home/airflow/.local/lib/python3.12/site-packages/airflow/example_dags/example_latest_only.py took 0.030 seconds
[2026-03-04T08:06:29.402+0000] {processor.py:161} INFO - Started process (PID=4673) to work on /home/airflow/.local/lib/python3.12/site-packages/airflow/example_dags/example_latest_only.py
[2026-03-04T08:06:29.402+0000] {processor.py:830} INFO - Processing file /home/airflow/.local/lib/python3.12/site-packages/airflow/example_dags/example_latest_only.py for tasks to queue
[2026-03-04T08:06:29.403+0000] {logging_mixin.py:188} INFO - [2026-03-04T08:06:29.403+0000] {dagbag.py:545} INFO - Filling up the DagBag from /home/airflow/.local/lib/python3.12/site-packages/airflow/example_dags/example_latest_only.py
[2026-03-04T08:06:29.404+0000] {processor.py:840} INFO - DAG(s) 'latest_only' retrieved from /home/airflow/.local/lib/python3.12/site-packages/airflow/example_dags/example_latest_only.py
[2026-03-04T08:06:29.411+0000] {logging_mixin.py:188} INFO - [2026-03-04T08:06:29.411+0000] {dag.py:3089} INFO - Sync 1 DAGs
[2026-03-04T08:06:29.417+0000] {logging_mixin.py:188} INFO - [2026-03-04T08:06:29.417+0000] {dag.py:3947} INFO - Setting next_dagrun for latest_only to 2026-03-04 04:00:00+00:00, run_after=2026-03-04 08:00:00+00:00
[2026-03-04T08:06:29.422+0000] {processor.py:183} INFO - Processing /home/airflow/.local/lib/python3.12/site-packages/airflow/example_dags/example_latest_only.py took 0.022 seconds
[2026-03-04T08:07:00.010+0000] {processor.py:161} INFO - Started process (PID=4935) to work on /home/airflow/.local/lib/python3.12/site-packages/airflow/example_dags/example_latest_only.py
[2026-03-04T08:07:00.010+0000] {processor.py:830} INFO - Processing file /home/airflow/.local/lib/python3.12/site-packages/airflow/example_dags/example_latest_only.py for tasks to queue
[2026-03-04T08:07:00.011+0000] {logging_mixin.py:188} INFO - [2026-03-04T08:07:00.011+0000] {dagbag.py:545} INFO - Filling up the DagBag from /home/airflow/.local/lib/python3.12/site-packages/airflow/example_dags/example_latest_only.py
[2026-03-04T08:07:00.013+0000] {processor.py:840} INFO - DAG(s) 'latest_only' retrieved from /home/airflow/.local/lib/python3.12/site-packages/airflow/example_dags/example_latest_only.py
[2026-03-04T08:07:00.023+0000] {logging_mixin.py:188} INFO - [2026-03-04T08:07:00.023+0000] {dag.py:3089} INFO - Sync 1 DAGs
[2026-03-04T08:07:00.030+0000] {logging_mixin.py:188} INFO - [2026-03-04T08:07:00.030+0000] {dag.py:3947} INFO - Setting next_dagrun for latest_only to 2026-03-04 04:00:00+00:00, run_after=2026-03-04 08:00:00+00:00
[2026-03-04T08:07:00.041+0000] {processor.py:183} INFO - Processing /home/airflow/.local/lib/python3.12/site-packages/airflow/example_dags/example_latest_only.py took 0.034 seconds
[2026-03-04T08:07:30.489+0000] {processor.py:161} INFO - Started process (PID=5197) to work on /home/airflow/.local/lib/python3.12/site-packages/airflow/example_dags/example_latest_only.py
[2026-03-04T08:07:30.489+0000] {processor.py:830} INFO - Processing file /home/airflow/.local/lib/python3.12/site-packages/airflow/example_dags/example_latest_only.py for tasks to queue
[2026-03-04T08:07:30.490+0000] {logging_mixin.py:188} INFO - [2026-03-04T08:07:30.490+0000] {dagbag.py:545} INFO - Filling up the DagBag from /home/airflow/.local/lib/python3.12/site-packages/airflow/example_dags/example_latest_only.py
[2026-03-04T08:07:30.492+0000] {processor.py:840} INFO - DAG(s) 'latest_only' retrieved from /home/airflow/.local/lib/python3.12/site-packages/airflow/example_dags/example_latest_only.py
[2026-03-04T08:07:30.498+0000] {logging_mixin.py:188} INFO - [2026-03-04T08:07:30.498+0000] {dag.py:3089} INFO - Sync 1 DAGs
[2026-03-04T08:07:30.504+0000] {logging_mixin.py:188} INFO - [2026-03-04T08:07:30.504+0000] {dag.py:3947} INFO - Setting next_dagrun for latest_only to 2026-03-04 04:00:00+00:00, run_after=2026-03-04 08:00:00+00:00
[2026-03-04T08:07:30.509+0000] {processor.py:183} INFO - Processing /home/airflow/.local/lib/python3.12/site-packages/airflow/example_dags/example_latest_only.py took 0.022 seconds
[2026-03-04T08:08:01.102+0000] {processor.py:161} INFO - Started process (PID=5458) to work on /home/airflow/.local/lib/python3.12/site-packages/airflow/example_dags/example_latest_only.py
[2026-03-04T08:08:01.103+0000] {processor.py:830} INFO - Processing file /home/airflow/.local/lib/python3.12/site-packages/airflow/example_dags/example_latest_only.py for tasks to queue
[2026-03-04T08:08:01.104+0000] {logging_mixin.py:188} INFO - [2026-03-04T08:08:01.103+0000] {dagbag.py:545} INFO - Filling up the DagBag from /home/airflow/.local/lib/python3.12/site-packages/airflow/example_dags/example_latest_only.py
[2026-03-04T08:08:01.106+0000] {processor.py:840} INFO - DAG(s) 'latest_only' retrieved from /home/airflow/.local/lib/python3.12/site-packages/airflow/example_dags/example_latest_only.py
[2026-03-04T08:08:01.115+0000] {logging_mixin.py:188} INFO - [2026-03-04T08:08:01.115+0000] {dag.py:3089} INFO - Sync 1 DAGs
[2026-03-04T08:08:01.124+0000] {logging_mixin.py:188} INFO - [2026-03-04T08:08:01.124+0000] {dag.py:3947} INFO - Setting next_dagrun for latest_only to 2026-03-04 04:00:00+00:00, run_after=2026-03-04 08:00:00+00:00
[2026-03-04T08:08:01.137+0000] {processor.py:183} INFO - Processing /home/airflow/.local/lib/python3.12/site-packages/airflow/example_dags/example_latest_only.py took 0.037 seconds
[2026-03-04T08:08:31.646+0000] {processor.py:161} INFO - Started process (PID=5721) to work on /home/airflow/.local/lib/python3.12/site-packages/airflow/example_dags/example_latest_only.py
[2026-03-04T08:08:31.647+0000] {processor.py:830} INFO - Processing file /home/airflow/.local/lib/python3.12/site-packages/airflow/example_dags/example_latest_only.py for tasks to queue
[2026-03-04T08:08:31.647+0000] {logging_mixin.py:188} INFO - [2026-03-04T08:08:31.647+0000] {dagbag.py:545} INFO - Filling up the DagBag from /home/airflow/.local/lib/python3.12/site-packages/airflow/example_dags/example_latest_only.py
[2026-03-04T08:08:31.649+0000] {processor.py:840} INFO - DAG(s) 'latest_only' retrieved from /home/airflow/.local/lib/python3.12/site-packages/airflow/example_dags/example_latest_only.py
[2026-03-04T08:08:31.656+0000] {logging_mixin.py:188} INFO - [2026-03-04T08:08:31.656+0000] {dag.py:3089} INFO - Sync 1 DAGs
[2026-03-04T08:08:31.662+0000] {logging_mixin.py:188} INFO - [2026-03-04T08:08:31.662+0000] {dag.py:3947} INFO - Setting next_dagrun for latest_only to 2026-03-04 04:00:00+00:00, run_after=2026-03-04 08:00:00+00:00
[2026-03-04T08:08:31.667+0000] {processor.py:183} INFO - Processing /home/airflow/.local/lib/python3.12/site-packages/airflow/example_dags/example_latest_only.py took 0.023 seconds
[2026-03-04T08:09:02.314+0000] {processor.py:161} INFO - Started process (PID=5983) to work on /home/airflow/.local/lib/python3.12/site-packages/airflow/example_dags/example_latest_only.py
[2026-03-04T08:09:02.315+0000] {processor.py:830} INFO - Processing file /home/airflow/.local/lib/python3.12/site-packages/airflow/example_dags/example_latest_only.py for tasks to queue
[2026-03-04T08:09:02.315+0000] {logging_mixin.py:188} INFO - [2026-03-04T08:09:02.315+0000] {dagbag.py:545} INFO - Filling up the DagBag from /home/airflow/.local/lib/python3.12/site-packages/airflow/example_dags/example_latest_only.py
[2026-03-04T08:09:02.317+0000] {processor.py:840} INFO - DAG(s) 'latest_only' retrieved from /home/airflow/.local/lib/python3.12/site-packages/airflow/example_dags/example_latest_only.py
[2026-03-04T08:09:02.323+0000] {logging_mixin.py:188} INFO - [2026-03-04T08:09:02.323+0000] {dag.py:3089} INFO - Sync 1 DAGs
[2026-03-04T08:09:02.329+0000] {logging_mixin.py:188} INFO - [2026-03-04T08:09:02.329+0000] {dag.py:3947} INFO - Setting next_dagrun for latest_only to 2026-03-04 04:00:00+00:00, run_after=2026-03-04 08:00:00+00:00
[2026-03-04T08:09:02.334+0000] {processor.py:183} INFO - Processing /home/airflow/.local/lib/python3.12/site-packages/airflow/example_dags/example_latest_only.py took 0.022 seconds
[2026-03-04T08:09:32.881+0000] {processor.py:161} INFO - Started process (PID=6245) to work on /home/airflow/.local/lib/python3.12/site-packages/airflow/example_dags/example_latest_only.py
[2026-03-04T08:09:32.882+0000] {processor.py:830} INFO - Processing file /home/airflow/.local/lib/python3.12/site-packages/airflow/example_dags/example_latest_only.py for tasks to queue
[2026-03-04T08:09:32.882+0000] {logging_mixin.py:188} INFO - [2026-03-04T08:09:32.882+0000] {dagbag.py:545} INFO - Filling up the DagBag from /home/airflow/.local/lib/python3.12/site-packages/airflow/example_dags/example_latest_only.py
[2026-03-04T08:09:32.884+0000] {processor.py:840} INFO - DAG(s) 'latest_only' retrieved from /home/airflow/.local/lib/python3.12/site-packages/airflow/example_dags/example_latest_only.py
[2026-03-04T08:09:32.890+0000] {logging_mixin.py:188} INFO - [2026-03-04T08:09:32.890+0000] {dag.py:3089} INFO - Sync 1 DAGs
[2026-03-04T08:09:32.896+0000] {logging_mixin.py:188} INFO - [2026-03-04T08:09:32.896+0000] {dag.py:3947} INFO - Setting next_dagrun for latest_only to 2026-03-04 04:00:00+00:00, run_after=2026-03-04 08:00:00+00:00
[2026-03-04T08:09:32.901+0000] {processor.py:183} INFO - Processing /home/airflow/.local/lib/python3.12/site-packages/airflow/example_dags/example_latest_only.py took 0.022 seconds
[2026-03-04T08:10:03.470+0000] {processor.py:161} INFO - Started process (PID=6505) to work on /home/airflow/.local/lib/python3.12/site-packages/airflow/example_dags/example_latest_only.py
[2026-03-04T08:10:03.471+0000] {processor.py:830} INFO - Processing file /home/airflow/.local/lib/python3.12/site-packages/airflow/example_dags/example_latest_only.py for tasks to queue
[2026-03-04T08:10:03.472+0000] {logging_mixin.py:188} INFO - [2026-03-04T08:10:03.472+0000] {dagbag.py:545} INFO - Filling up the DagBag from /home/airflow/.local/lib/python3.12/site-packages/airflow/example_dags/example_latest_only.py
[2026-03-04T08:10:03.474+0000] {processor.py:840} INFO - DAG(s) 'latest_only' retrieved from /home/airflow/.local/lib/python3.12/site-packages/airflow/example_dags/example_latest_only.py
[2026-03-04T08:10:03.481+0000] {logging_mixin.py:188} INFO - [2026-03-04T08:10:03.481+0000] {dag.py:3089} INFO - Sync 1 DAGs
[2026-03-04T08:10:03.489+0000] {logging_mixin.py:188} INFO - [2026-03-04T08:10:03.489+0000] {dag.py:3947} INFO - Setting next_dagrun for latest_only to 2026-03-04 04:00:00+00:00, run_after=2026-03-04 08:00:00+00:00
[2026-03-04T08:10:03.498+0000] {processor.py:183} INFO - Processing /home/airflow/.local/lib/python3.12/site-packages/airflow/example_dags/example_latest_only.py took 0.032 seconds
[2026-03-04T08:10:34.011+0000] {processor.py:161} INFO - Started process (PID=6772) to work on /home/airflow/.local/lib/python3.12/site-packages/airflow/example_dags/example_latest_only.py
[2026-03-04T08:10:34.012+0000] {processor.py:830} INFO - Processing file /home/airflow/.local/lib/python3.12/site-packages/airflow/example_dags/example_latest_only.py for tasks to queue
[2026-03-04T08:10:34.013+0000] {logging_mixin.py:188} INFO - [2026-03-04T08:10:34.012+0000] {dagbag.py:545} INFO - Filling up the DagBag from /home/airflow/.local/lib/python3.12/site-packages/airflow/example_dags/example_latest_only.py
[2026-03-04T08:10:34.014+0000] {processor.py:840} INFO - DAG(s) 'latest_only' retrieved from /home/airflow/.local/lib/python3.12/site-packages/airflow/example_dags/example_latest_only.py
[2026-03-04T08:10:34.025+0000] {logging_mixin.py:188} INFO - [2026-03-04T08:10:34.024+0000] {dag.py:3089} INFO - Sync 1 DAGs
[2026-03-04T08:10:34.033+0000] {logging_mixin.py:188} INFO - [2026-03-04T08:10:34.033+0000] {dag.py:3947} INFO - Setting next_dagrun for latest_only to 2026-03-04 04:00:00+00:00, run_after=2026-03-04 08:00:00+00:00
[2026-03-04T08:10:34.044+0000] {processor.py:183} INFO - Processing /home/airflow/.local/lib/python3.12/site-packages/airflow/example_dags/example_latest_only.py took 0.035 seconds
[2026-03-04T08:11:04.652+0000] {processor.py:161} INFO - Started process (PID=7034) to work on /home/airflow/.local/lib/python3.12/site-packages/airflow/example_dags/example_latest_only.py
[2026-03-04T08:11:04.652+0000] {processor.py:830} INFO - Processing file /home/airflow/.local/lib/python3.12/site-packages/airflow/example_dags/example_latest_only.py for tasks to queue
[2026-03-04T08:11:04.653+0000] {logging_mixin.py:188} INFO - [2026-03-04T08:11:04.653+0000] {dagbag.py:545} INFO - Filling up the DagBag from /home/airflow/.local/lib/python3.12/site-packages/airflow/example_dags/example_latest_only.py
[2026-03-04T08:11:04.655+0000] {processor.py:840} INFO - DAG(s) 'latest_only' retrieved from /home/airflow/.local/lib/python3.12/site-packages/airflow/example_dags/example_latest_only.py
[2026-03-04T08:11:04.665+0000] {logging_mixin.py:188} INFO - [2026-03-04T08:11:04.665+0000] {dag.py:3089} INFO - Sync 1 DAGs
[2026-03-04T08:11:04.672+0000] {logging_mixin.py:188} INFO - [2026-03-04T08:11:04.672+0000] {dag.py:3947} INFO - Setting next_dagrun for latest_only to 2026-03-04 04:00:00+00:00, run_after=2026-03-04 08:00:00+00:00
[2026-03-04T08:11:04.684+0000] {processor.py:183} INFO - Processing /home/airflow/.local/lib/python3.12/site-packages/airflow/example_dags/example_latest_only.py took 0.035 seconds
[2026-03-04T08:11:35.282+0000] {processor.py:161} INFO - Started process (PID=7296) to work on /home/airflow/.local/lib/python3.12/site-packages/airflow/example_dags/example_latest_only.py
[2026-03-04T08:11:35.282+0000] {processor.py:830} INFO - Processing file /home/airflow/.local/lib/python3.12/site-packages/airflow/example_dags/example_latest_only.py for tasks to queue
[2026-03-04T08:11:35.282+0000] {logging_mixin.py:188} INFO - [2026-03-04T08:11:35.282+0000] {dagbag.py:545} INFO - Filling up the DagBag from /home/airflow/.local/lib/python3.12/site-packages/airflow/example_dags/example_latest_only.py
[2026-03-04T08:11:35.284+0000] {processor.py:840} INFO - DAG(s) 'latest_only' retrieved from /home/airflow/.local/lib/python3.12/site-packages/airflow/example_dags/example_latest_only.py
[2026-03-04T08:11:35.291+0000] {logging_mixin.py:188} INFO - [2026-03-04T08:11:35.291+0000] {dag.py:3089} INFO - Sync 1 DAGs
[2026-03-04T08:11:35.297+0000] {logging_mixin.py:188} INFO - [2026-03-04T08:11:35.297+0000] {dag.py:3947} INFO - Setting next_dagrun for latest_only to 2026-03-04 04:00:00+00:00, run_after=2026-03-04 08:00:00+00:00
[2026-03-04T08:11:35.302+0000] {processor.py:183} INFO - Processing /home/airflow/.local/lib/python3.12/site-packages/airflow/example_dags/example_latest_only.py took 0.022 seconds
[2026-03-04T08:12:05.797+0000] {processor.py:161} INFO - Started process (PID=7556) to work on /home/airflow/.local/lib/python3.12/site-packages/airflow/example_dags/example_latest_only.py
[2026-03-04T08:12:05.798+0000] {processor.py:830} INFO - Processing file /home/airflow/.local/lib/python3.12/site-packages/airflow/example_dags/example_latest_only.py for tasks to queue
[2026-03-04T08:12:05.799+0000] {logging_mixin.py:188} INFO - [2026-03-04T08:12:05.798+0000] {dagbag.py:545} INFO - Filling up the DagBag from /home/airflow/.local/lib/python3.12/site-packages/airflow/example_dags/example_latest_only.py
[2026-03-04T08:12:05.800+0000] {processor.py:840} INFO - DAG(s) 'latest_only' retrieved from /home/airflow/.local/lib/python3.12/site-packages/airflow/example_dags/example_latest_only.py
[2026-03-04T08:12:05.808+0000] {logging_mixin.py:188} INFO - [2026-03-04T08:12:05.808+0000] {dag.py:3089} INFO - Sync 1 DAGs
[2026-03-04T08:12:05.818+0000] {logging_mixin.py:188} INFO - [2026-03-04T08:12:05.818+0000] {dag.py:3947} INFO - Setting next_dagrun for latest_only to 2026-03-04 04:00:00+00:00, run_after=2026-03-04 08:00:00+00:00
[2026-03-04T08:12:05.826+0000] {processor.py:183} INFO - Processing /home/airflow/.local/lib/python3.12/site-packages/airflow/example_dags/example_latest_only.py took 0.031 seconds
[2026-03-04T08:12:36.362+0000] {processor.py:161} INFO - Started process (PID=7820) to work on /home/airflow/.local/lib/python3.12/site-packages/airflow/example_dags/example_latest_only.py
[2026-03-04T08:12:36.362+0000] {processor.py:830} INFO - Processing file /home/airflow/.local/lib/python3.12/site-packages/airflow/example_dags/example_latest_only.py for tasks to queue
[2026-03-04T08:12:36.363+0000] {logging_mixin.py:188} INFO - [2026-03-04T08:12:36.363+0000] {dagbag.py:545} INFO - Filling up the DagBag from /home/airflow/.local/lib/python3.12/site-packages/airflow/example_dags/example_latest_only.py
[2026-03-04T08:12:36.364+0000] {processor.py:840} INFO - DAG(s) 'latest_only' retrieved from /home/airflow/.local/lib/python3.12/site-packages/airflow/example_dags/example_latest_only.py
[2026-03-04T08:12:36.371+0000] {logging_mixin.py:188} INFO - [2026-03-04T08:12:36.371+0000] {dag.py:3089} INFO - Sync 1 DAGs
[2026-03-04T08:12:36.377+0000] {logging_mixin.py:188} INFO - [2026-03-04T08:12:36.377+0000] {dag.py:3947} INFO - Setting next_dagrun for latest_only to 2026-03-04 04:00:00+00:00, run_after=2026-03-04 08:00:00+00:00
[2026-03-04T08:12:36.382+0000] {processor.py:183} INFO - Processing /home/airflow/.local/lib/python3.12/site-packages/airflow/example_dags/example_latest_only.py took 0.022 seconds
[2026-03-04T08:13:06.894+0000] {processor.py:161} INFO - Started process (PID=8081) to work on /home/airflow/.local/lib/python3.12/site-packages/airflow/example_dags/example_latest_only.py
[2026-03-04T08:13:06.895+0000] {processor.py:830} INFO - Processing file /home/airflow/.local/lib/python3.12/site-packages/airflow/example_dags/example_latest_only.py for tasks to queue
[2026-03-04T08:13:06.895+0000] {logging_mixin.py:188} INFO - [2026-03-04T08:13:06.895+0000] {dagbag.py:545} INFO - Filling up the DagBag from /home/airflow/.local/lib/python3.12/site-packages/airflow/example_dags/example_latest_only.py
[2026-03-04T08:13:06.897+0000] {processor.py:840} INFO - DAG(s) 'latest_only' retrieved from /home/airflow/.local/lib/python3.12/site-packages/airflow/example_dags/example_latest_only.py
[2026-03-04T08:13:06.906+0000] {logging_mixin.py:188} INFO - [2026-03-04T08:13:06.906+0000] {dag.py:3089} INFO - Sync 1 DAGs
[2026-03-04T08:13:06.913+0000] {logging_mixin.py:188} INFO - [2026-03-04T08:13:06.913+0000] {dag.py:3947} INFO - Setting next_dagrun for latest_only to 2026-03-04 04:00:00+00:00, run_after=2026-03-04 08:00:00+00:00
[2026-03-04T08:13:06.930+0000] {processor.py:183} INFO - Processing /home/airflow/.local/lib/python3.12/site-packages/airflow/example_dags/example_latest_only.py took 0.037 seconds
[2026-03-04T08:13:37.450+0000] {processor.py:161} INFO - Started process (PID=8344) to work on /home/airflow/.local/lib/python3.12/site-packages/airflow/example_dags/example_latest_only.py
[2026-03-04T08:13:37.451+0000] {processor.py:830} INFO - Processing file /home/airflow/.local/lib/python3.12/site-packages/airflow/example_dags/example_latest_only.py for tasks to queue
[2026-03-04T08:13:37.451+0000] {logging_mixin.py:188} INFO - [2026-03-04T08:13:37.451+0000] {dagbag.py:545} INFO - Filling up the DagBag from /home/airflow/.local/lib/python3.12/site-packages/airflow/example_dags/example_latest_only.py
[2026-03-04T08:13:37.453+0000] {processor.py:840} INFO - DAG(s) 'latest_only' retrieved from /home/airflow/.local/lib/python3.12/site-packages/airflow/example_dags/example_latest_only.py
[2026-03-04T08:13:37.459+0000] {logging_mixin.py:188} INFO - [2026-03-04T08:13:37.459+0000] {dag.py:3089} INFO - Sync 1 DAGs
[2026-03-04T08:13:37.465+0000] {logging_mixin.py:188} INFO - [2026-03-04T08:13:37.465+0000] {dag.py:3947} INFO - Setting next_dagrun for latest_only to 2026-03-04 04:00:00+00:00, run_after=2026-03-04 08:00:00+00:00
[2026-03-04T08:13:37.470+0000] {processor.py:183} INFO - Processing /home/airflow/.local/lib/python3.12/site-packages/airflow/example_dags/example_latest_only.py took 0.022 seconds
[2026-03-04T08:14:07.976+0000] {processor.py:161} INFO - Started process (PID=8604) to work on /home/airflow/.local/lib/python3.12/site-packages/airflow/example_dags/example_latest_only.py
[2026-03-04T08:14:07.977+0000] {processor.py:830} INFO - Processing file /home/airflow/.local/lib/python3.12/site-packages/airflow/example_dags/example_latest_only.py for tasks to queue
[2026-03-04T08:14:07.977+0000] {logging_mixin.py:188} INFO - [2026-03-04T08:14:07.977+0000] {dagbag.py:545} INFO - Filling up the DagBag from /home/airflow/.local/lib/python3.12/site-packages/airflow/example_dags/example_latest_only.py
[2026-03-04T08:14:07.979+0000] {processor.py:840} INFO - DAG(s) 'latest_only' retrieved from /home/airflow/.local/lib/python3.12/site-packages/airflow/example_dags/example_latest_only.py
[2026-03-04T08:14:07.987+0000] {logging_mixin.py:188} INFO - [2026-03-04T08:14:07.987+0000] {dag.py:3089} INFO - Sync 1 DAGs
[2026-03-04T08:14:07.996+0000] {logging_mixin.py:188} INFO - [2026-03-04T08:14:07.995+0000] {dag.py:3947} INFO - Setting next_dagrun for latest_only to 2026-03-04 04:00:00+00:00, run_after=2026-03-04 08:00:00+00:00
[2026-03-04T08:14:08.004+0000] {processor.py:183} INFO - Processing /home/airflow/.local/lib/python3.12/site-packages/airflow/example_dags/example_latest_only.py took 0.031 seconds
[2026-03-04T08:14:38.514+0000] {processor.py:161} INFO - Started process (PID=8866) to work on /home/airflow/.local/lib/python3.12/site-packages/airflow/example_dags/example_latest_only.py
[2026-03-04T08:14:38.514+0000] {processor.py:830} INFO - Processing file /home/airflow/.local/lib/python3.12/site-packages/airflow/example_dags/example_latest_only.py for tasks to queue
[2026-03-04T08:14:38.515+0000] {logging_mixin.py:188} INFO - [2026-03-04T08:14:38.515+0000] {dagbag.py:545} INFO - Filling up the DagBag from /home/airflow/.local/lib/python3.12/site-packages/airflow/example_dags/example_latest_only.py
[2026-03-04T08:14:38.517+0000] {processor.py:840} INFO - DAG(s) 'latest_only' retrieved from /home/airflow/.local/lib/python3.12/site-packages/airflow/example_dags/example_latest_only.py
[2026-03-04T08:14:38.524+0000] {logging_mixin.py:188} INFO - [2026-03-04T08:14:38.524+0000] {dag.py:3089} INFO - Sync 1 DAGs
[2026-03-04T08:14:38.534+0000] {logging_mixin.py:188} INFO - [2026-03-04T08:14:38.534+0000] {dag.py:3947} INFO - Setting next_dagrun for latest_only to 2026-03-04 04:00:00+00:00, run_after=2026-03-04 08:00:00+00:00
[2026-03-04T08:14:38.544+0000] {processor.py:183} INFO - Processing /home/airflow/.local/lib/python3.12/site-packages/airflow/example_dags/example_latest_only.py took 0.032 seconds
[2026-03-04T08:15:09.051+0000] {processor.py:161} INFO - Started process (PID=9134) to work on /home/airflow/.local/lib/python3.12/site-packages/airflow/example_dags/example_latest_only.py
[2026-03-04T08:15:09.052+0000] {processor.py:830} INFO - Processing file /home/airflow/.local/lib/python3.12/site-packages/airflow/example_dags/example_latest_only.py for tasks to queue
[2026-03-04T08:15:09.052+0000] {logging_mixin.py:188} INFO - [2026-03-04T08:15:09.052+0000] {dagbag.py:545} INFO - Filling up the DagBag from /home/airflow/.local/lib/python3.12/site-packages/airflow/example_dags/example_latest_only.py
[2026-03-04T08:15:09.054+0000] {processor.py:840} INFO - DAG(s) 'latest_only' retrieved from /home/airflow/.local/lib/python3.12/site-packages/airflow/example_dags/example_latest_only.py
[2026-03-04T08:15:09.062+0000] {logging_mixin.py:188} INFO - [2026-03-04T08:15:09.062+0000] {dag.py:3089} INFO - Sync 1 DAGs
[2026-03-04T08:15:09.070+0000] {logging_mixin.py:188} INFO - [2026-03-04T08:15:09.069+0000] {dag.py:3947} INFO - Setting next_dagrun for latest_only to 2026-03-04 04:00:00+00:00, run_after=2026-03-04 08:00:00+00:00
[2026-03-04T08:15:09.075+0000] {processor.py:183} INFO - Processing /home/airflow/.local/lib/python3.12/site-packages/airflow/example_dags/example_latest_only.py took 0.026 seconds
[2026-03-04T08:15:39.597+0000] {processor.py:161} INFO - Started process (PID=9398) to work on /home/airflow/.local/lib/python3.12/site-packages/airflow/example_dags/example_latest_only.py
[2026-03-04T08:15:39.598+0000] {processor.py:830} INFO - Processing file /home/airflow/.local/lib/python3.12/site-packages/airflow/example_dags/example_latest_only.py for tasks to queue
[2026-03-04T08:15:39.599+0000] {logging_mixin.py:188} INFO - [2026-03-04T08:15:39.599+0000] {dagbag.py:545} INFO - Filling up the DagBag from /home/airflow/.local/lib/python3.12/site-packages/airflow/example_dags/example_latest_only.py
[2026-03-04T08:15:39.601+0000] {processor.py:840} INFO - DAG(s) 'latest_only' retrieved from /home/airflow/.local/lib/python3.12/site-packages/airflow/example_dags/example_latest_only.py
[2026-03-04T08:15:39.609+0000] {logging_mixin.py:188} INFO - [2026-03-04T08:15:39.609+0000] {dag.py:3089} INFO - Sync 1 DAGs
[2026-03-04T08:15:39.617+0000] {logging_mixin.py:188} INFO - [2026-03-04T08:15:39.616+0000] {dag.py:3947} INFO - Setting next_dagrun for latest_only to 2026-03-04 04:00:00+00:00, run_after=2026-03-04 08:00:00+00:00
[2026-03-04T08:15:39.623+0000] {processor.py:183} INFO - Processing /home/airflow/.local/lib/python3.12/site-packages/airflow/example_dags/example_latest_only.py took 0.028 seconds
[2026-03-04T08:16:10.239+0000] {processor.py:161} INFO - Started process (PID=9662) to work on /home/airflow/.local/lib/python3.12/site-packages/airflow/example_dags/example_latest_only.py
[2026-03-04T08:16:10.240+0000] {processor.py:830} INFO - Processing file /home/airflow/.local/lib/python3.12/site-packages/airflow/example_dags/example_latest_only.py for tasks to queue
[2026-03-04T08:16:10.240+0000] {logging_mixin.py:188} INFO - [2026-03-04T08:16:10.240+0000] {dagbag.py:545} INFO - Filling up the DagBag from /home/airflow/.local/lib/python3.12/site-packages/airflow/example_dags/example_latest_only.py
[2026-03-04T08:16:10.242+0000] {processor.py:840} INFO - DAG(s) 'latest_only' retrieved from /home/airflow/.local/lib/python3.12/site-packages/airflow/example_dags/example_latest_only.py
[2026-03-04T08:16:10.248+0000] {logging_mixin.py:188} INFO - [2026-03-04T08:16:10.248+0000] {dag.py:3089} INFO - Sync 1 DAGs
[2026-03-04T08:16:10.254+0000] {logging_mixin.py:188} INFO - [2026-03-04T08:16:10.254+0000] {dag.py:3947} INFO - Setting next_dagrun for latest_only to 2026-03-04 04:00:00+00:00, run_after=2026-03-04 08:00:00+00:00
[2026-03-04T08:16:10.259+0000] {processor.py:183} INFO - Processing /home/airflow/.local/lib/python3.12/site-packages/airflow/example_dags/example_latest_only.py took 0.022 seconds
[2026-03-04T08:16:40.877+0000] {processor.py:161} INFO - Started process (PID=9922) to work on /home/airflow/.local/lib/python3.12/site-packages/airflow/example_dags/example_latest_only.py
[2026-03-04T08:16:40.878+0000] {processor.py:830} INFO - Processing file /home/airflow/.local/lib/python3.12/site-packages/airflow/example_dags/example_latest_only.py for tasks to queue
[2026-03-04T08:16:40.879+0000] {logging_mixin.py:188} INFO - [2026-03-04T08:16:40.879+0000] {dagbag.py:545} INFO - Filling up the DagBag from /home/airflow/.local/lib/python3.12/site-packages/airflow/example_dags/example_latest_only.py
[2026-03-04T08:16:40.882+0000] {processor.py:840} INFO - DAG(s) 'latest_only' retrieved from /home/airflow/.local/lib/python3.12/site-packages/airflow/example_dags/example_latest_only.py
[2026-03-04T08:16:40.891+0000] {logging_mixin.py:188} INFO - [2026-03-04T08:16:40.891+0000] {dag.py:3089} INFO - Sync 1 DAGs
[2026-03-04T08:16:40.899+0000] {logging_mixin.py:188} INFO - [2026-03-04T08:16:40.899+0000] {dag.py:3947} INFO - Setting next_dagrun for latest_only to 2026-03-04 04:00:00+00:00, run_after=2026-03-04 08:00:00+00:00
[2026-03-04T08:16:40.906+0000] {processor.py:183} INFO - Processing /home/airflow/.local/lib/python3.12/site-packages/airflow/example_dags/example_latest_only.py took 0.032 seconds
[2026-03-04T08:17:11.599+0000] {processor.py:161} INFO - Started process (PID=10184) to work on /home/airflow/.local/lib/python3.12/site-packages/airflow/example_dags/example_latest_only.py
[2026-03-04T08:17:11.599+0000] {processor.py:830} INFO - Processing file /home/airflow/.local/lib/python3.12/site-packages/airflow/example_dags/example_latest_only.py for tasks to queue
[2026-03-04T08:17:11.600+0000] {logging_mixin.py:188} INFO - [2026-03-04T08:17:11.600+0000] {dagbag.py:545} INFO - Filling up the DagBag from /home/airflow/.local/lib/python3.12/site-packages/airflow/example_dags/example_latest_only.py
[2026-03-04T08:17:11.602+0000] {processor.py:840} INFO - DAG(s) 'latest_only' retrieved from /home/airflow/.local/lib/python3.12/site-packages/airflow/example_dags/example_latest_only.py
[2026-03-04T08:17:11.609+0000] {logging_mixin.py:188} INFO - [2026-03-04T08:17:11.609+0000] {dag.py:3089} INFO - Sync 1 DAGs
[2026-03-04T08:17:11.616+0000] {logging_mixin.py:188} INFO - [2026-03-04T08:17:11.616+0000] {dag.py:3947} INFO - Setting next_dagrun for latest_only to 2026-03-04 04:00:00+00:00, run_after=2026-03-04 08:00:00+00:00
[2026-03-04T08:17:11.692+0000] {processor.py:183} INFO - Processing /home/airflow/.local/lib/python3.12/site-packages/airflow/example_dags/example_latest_only.py took 0.096 seconds
[2026-03-04T08:17:42.499+0000] {processor.py:161} INFO - Started process (PID=10446) to work on /home/airflow/.local/lib/python3.12/site-packages/airflow/example_dags/example_latest_only.py
[2026-03-04T08:17:42.500+0000] {processor.py:830} INFO - Processing file /home/airflow/.local/lib/python3.12/site-packages/airflow/example_dags/example_latest_only.py for tasks to queue
[2026-03-04T08:17:42.501+0000] {logging_mixin.py:188} INFO - [2026-03-04T08:17:42.501+0000] {dagbag.py:545} INFO - Filling up the DagBag from /home/airflow/.local/lib/python3.12/site-packages/airflow/example_dags/example_latest_only.py
[2026-03-04T08:17:42.503+0000] {processor.py:840} INFO - DAG(s) 'latest_only' retrieved from /home/airflow/.local/lib/python3.12/site-packages/airflow/example_dags/example_latest_only.py
[2026-03-04T08:17:42.512+0000] {logging_mixin.py:188} INFO - [2026-03-04T08:17:42.512+0000] {dag.py:3089} INFO - Sync 1 DAGs
[2026-03-04T08:17:42.521+0000] {logging_mixin.py:188} INFO - [2026-03-04T08:17:42.520+0000] {dag.py:3947} INFO - Setting next_dagrun for latest_only to 2026-03-04 04:00:00+00:00, run_after=2026-03-04 08:00:00+00:00
[2026-03-04T08:17:42.533+0000] {processor.py:183} INFO - Processing /home/airflow/.local/lib/python3.12/site-packages/airflow/example_dags/example_latest_only.py took 0.036 seconds
[2026-03-04T08:18:12.555+0000] {processor.py:161} INFO - Started process (PID=10708) to work on /home/airflow/.local/lib/python3.12/site-packages/airflow/example_dags/example_latest_only.py
[2026-03-04T08:18:12.555+0000] {processor.py:830} INFO - Processing file /home/airflow/.local/lib/python3.12/site-packages/airflow/example_dags/example_latest_only.py for tasks to queue
[2026-03-04T08:18:12.556+0000] {logging_mixin.py:188} INFO - [2026-03-04T08:18:12.556+0000] {dagbag.py:545} INFO - Filling up the DagBag from /home/airflow/.local/lib/python3.12/site-packages/airflow/example_dags/example_latest_only.py
[2026-03-04T08:18:12.558+0000] {processor.py:840} INFO - DAG(s) 'latest_only' retrieved from /home/airflow/.local/lib/python3.12/site-packages/airflow/example_dags/example_latest_only.py
[2026-03-04T08:18:12.565+0000] {logging_mixin.py:188} INFO - [2026-03-04T08:18:12.565+0000] {dag.py:3089} INFO - Sync 1 DAGs
[2026-03-04T08:18:12.574+0000] {logging_mixin.py:188} INFO - [2026-03-04T08:18:12.574+0000] {dag.py:3947} INFO - Setting next_dagrun for latest_only to 2026-03-04 04:00:00+00:00, run_after=2026-03-04 08:00:00+00:00
[2026-03-04T08:18:12.580+0000] {processor.py:183} INFO - Processing /home/airflow/.local/lib/python3.12/site-packages/airflow/example_dags/example_latest_only.py took 0.028 seconds
[2026-03-04T08:18:43.378+0000] {processor.py:161} INFO - Started process (PID=10970) to work on /home/airflow/.local/lib/python3.12/site-packages/airflow/example_dags/example_latest_only.py
[2026-03-04T08:18:43.379+0000] {processor.py:830} INFO - Processing file /home/airflow/.local/lib/python3.12/site-packages/airflow/example_dags/example_latest_only.py for tasks to queue
[2026-03-04T08:18:43.379+0000] {logging_mixin.py:188} INFO - [2026-03-04T08:18:43.379+0000] {dagbag.py:545} INFO - Filling up the DagBag from /home/airflow/.local/lib/python3.12/site-packages/airflow/example_dags/example_latest_only.py
[2026-03-04T08:18:43.381+0000] {processor.py:840} INFO - DAG(s) 'latest_only' retrieved from /home/airflow/.local/lib/python3.12/site-packages/airflow/example_dags/example_latest_only.py
[2026-03-04T08:18:43.389+0000] {logging_mixin.py:188} INFO - [2026-03-04T08:18:43.388+0000] {dag.py:3089} INFO - Sync 1 DAGs
[2026-03-04T08:18:43.396+0000] {logging_mixin.py:188} INFO - [2026-03-04T08:18:43.396+0000] {dag.py:3947} INFO - Setting next_dagrun for latest_only to 2026-03-04 04:00:00+00:00, run_after=2026-03-04 08:00:00+00:00
[2026-03-04T08:18:43.405+0000] {processor.py:183} INFO - Processing /home/airflow/.local/lib/python3.12/site-packages/airflow/example_dags/example_latest_only.py took 0.029 seconds
[2026-03-04T08:19:13.948+0000] {processor.py:161} INFO - Started process (PID=11232) to work on /home/airflow/.local/lib/python3.12/site-packages/airflow/example_dags/example_latest_only.py
[2026-03-04T08:19:13.950+0000] {processor.py:830} INFO - Processing file /home/airflow/.local/lib/python3.12/site-packages/airflow/example_dags/example_latest_only.py for tasks to queue
[2026-03-04T08:19:13.951+0000] {logging_mixin.py:188} INFO - [2026-03-04T08:19:13.951+0000] {dagbag.py:545} INFO - Filling up the DagBag from /home/airflow/.local/lib/python3.12/site-packages/airflow/example_dags/example_latest_only.py
[2026-03-04T08:19:13.953+0000] {processor.py:840} INFO - DAG(s) 'latest_only' retrieved from /home/airflow/.local/lib/python3.12/site-packages/airflow/example_dags/example_latest_only.py
[2026-03-04T08:19:13.960+0000] {logging_mixin.py:188} INFO - [2026-03-04T08:19:13.960+0000] {dag.py:3089} INFO - Sync 1 DAGs
[2026-03-04T08:19:13.968+0000] {logging_mixin.py:188} INFO - [2026-03-04T08:19:13.967+0000] {dag.py:3947} INFO - Setting next_dagrun for latest_only to 2026-03-04 04:00:00+00:00, run_after=2026-03-04 08:00:00+00:00
[2026-03-04T08:19:13.979+0000] {processor.py:183} INFO - Processing /home/airflow/.local/lib/python3.12/site-packages/airflow/example_dags/example_latest_only.py took 0.033 seconds
[2026-03-04T08:19:44.577+0000] {processor.py:161} INFO - Started process (PID=11494) to work on /home/airflow/.local/lib/python3.12/site-packages/airflow/example_dags/example_latest_only.py
[2026-03-04T08:19:44.577+0000] {processor.py:830} INFO - Processing file /home/airflow/.local/lib/python3.12/site-packages/airflow/example_dags/example_latest_only.py for tasks to queue
[2026-03-04T08:19:44.578+0000] {logging_mixin.py:188} INFO - [2026-03-04T08:19:44.578+0000] {dagbag.py:545} INFO - Filling up the DagBag from /home/airflow/.local/lib/python3.12/site-packages/airflow/example_dags/example_latest_only.py
[2026-03-04T08:19:44.580+0000] {processor.py:840} INFO - DAG(s) 'latest_only' retrieved from /home/airflow/.local/lib/python3.12/site-packages/airflow/example_dags/example_latest_only.py
[2026-03-04T08:19:44.587+0000] {logging_mixin.py:188} INFO - [2026-03-04T08:19:44.587+0000] {dag.py:3089} INFO - Sync 1 DAGs
[2026-03-04T08:19:44.596+0000] {logging_mixin.py:188} INFO - [2026-03-04T08:19:44.596+0000] {dag.py:3947} INFO - Setting next_dagrun for latest_only to 2026-03-04 04:00:00+00:00, run_after=2026-03-04 08:00:00+00:00
[2026-03-04T08:19:44.606+0000] {processor.py:183} INFO - Processing /home/airflow/.local/lib/python3.12/site-packages/airflow/example_dags/example_latest_only.py took 0.031 seconds
[2026-03-04T08:20:15.109+0000] {processor.py:161} INFO - Started process (PID=11756) to work on /home/airflow/.local/lib/python3.12/site-packages/airflow/example_dags/example_latest_only.py
[2026-03-04T08:20:15.110+0000] {processor.py:830} INFO - Processing file /home/airflow/.local/lib/python3.12/site-packages/airflow/example_dags/example_latest_only.py for tasks to queue
[2026-03-04T08:20:15.111+0000] {logging_mixin.py:188} INFO - [2026-03-04T08:20:15.111+0000] {dagbag.py:545} INFO - Filling up the DagBag from /home/airflow/.local/lib/python3.12/site-packages/airflow/example_dags/example_latest_only.py
[2026-03-04T08:20:15.112+0000] {processor.py:840} INFO - DAG(s) 'latest_only' retrieved from /home/airflow/.local/lib/python3.12/site-packages/airflow/example_dags/example_latest_only.py
[2026-03-04T08:20:15.119+0000] {logging_mixin.py:188} INFO - [2026-03-04T08:20:15.119+0000] {dag.py:3089} INFO - Sync 1 DAGs
[2026-03-04T08:20:15.128+0000] {logging_mixin.py:188} INFO - [2026-03-04T08:20:15.128+0000] {dag.py:3947} INFO - Setting next_dagrun for latest_only to 2026-03-04 04:00:00+00:00, run_after=2026-03-04 08:00:00+00:00
[2026-03-04T08:20:15.134+0000] {processor.py:183} INFO - Processing /home/airflow/.local/lib/python3.12/site-packages/airflow/example_dags/example_latest_only.py took 0.027 seconds
[2026-03-04T08:37:20.708+0000] {processor.py:161} INFO - Started process (PID=12018) to work on /home/airflow/.local/lib/python3.12/site-packages/airflow/example_dags/example_latest_only.py
[2026-03-04T08:37:20.708+0000] {processor.py:830} INFO - Processing file /home/airflow/.local/lib/python3.12/site-packages/airflow/example_dags/example_latest_only.py for tasks to queue
[2026-03-04T08:37:20.709+0000] {logging_mixin.py:188} INFO - [2026-03-04T08:37:20.709+0000] {dagbag.py:545} INFO - Filling up the DagBag from /home/airflow/.local/lib/python3.12/site-packages/airflow/example_dags/example_latest_only.py
[2026-03-04T08:37:20.711+0000] {processor.py:840} INFO - DAG(s) 'latest_only' retrieved from /home/airflow/.local/lib/python3.12/site-packages/airflow/example_dags/example_latest_only.py
[2026-03-04T08:37:20.718+0000] {logging_mixin.py:188} INFO - [2026-03-04T08:37:20.718+0000] {dag.py:3089} INFO - Sync 1 DAGs
[2026-03-04T08:37:20.726+0000] {logging_mixin.py:188} INFO - [2026-03-04T08:37:20.726+0000] {dag.py:3947} INFO - Setting next_dagrun for latest_only to 2026-03-04 04:00:00+00:00, run_after=2026-03-04 08:00:00+00:00
[2026-03-04T08:37:20.739+0000] {processor.py:183} INFO - Processing /home/airflow/.local/lib/python3.12/site-packages/airflow/example_dags/example_latest_only.py took 0.034 seconds
[2026-03-04T08:46:11.161+0000] {processor.py:161} INFO - Started process (PID=12280) to work on /home/airflow/.local/lib/python3.12/site-packages/airflow/example_dags/example_latest_only.py
[2026-03-04T08:46:11.164+0000] {processor.py:830} INFO - Processing file /home/airflow/.local/lib/python3.12/site-packages/airflow/example_dags/example_latest_only.py for tasks to queue
[2026-03-04T08:46:11.165+0000] {logging_mixin.py:188} INFO - [2026-03-04T08:46:11.165+0000] {dagbag.py:545} INFO - Filling up the DagBag from /home/airflow/.local/lib/python3.12/site-packages/airflow/example_dags/example_latest_only.py
[2026-03-04T08:46:11.167+0000] {processor.py:840} INFO - DAG(s) 'latest_only' retrieved from /home/airflow/.local/lib/python3.12/site-packages/airflow/example_dags/example_latest_only.py
[2026-03-04T08:46:11.176+0000] {logging_mixin.py:188} INFO - [2026-03-04T08:46:11.176+0000] {dag.py:3089} INFO - Sync 1 DAGs
[2026-03-04T08:46:11.183+0000] {logging_mixin.py:188} INFO - [2026-03-04T08:46:11.183+0000] {dag.py:3947} INFO - Setting next_dagrun for latest_only to 2026-03-04 04:00:00+00:00, run_after=2026-03-04 08:00:00+00:00
[2026-03-04T08:46:11.190+0000] {processor.py:183} INFO - Processing /home/airflow/.local/lib/python3.12/site-packages/airflow/example_dags/example_latest_only.py took 0.032 seconds
[2026-03-04T08:46:41.770+0000] {processor.py:161} INFO - Started process (PID=12542) to work on /home/airflow/.local/lib/python3.12/site-packages/airflow/example_dags/example_latest_only.py
[2026-03-04T08:46:41.773+0000] {processor.py:830} INFO - Processing file /home/airflow/.local/lib/python3.12/site-packages/airflow/example_dags/example_latest_only.py for tasks to queue
[2026-03-04T08:46:41.774+0000] {logging_mixin.py:188} INFO - [2026-03-04T08:46:41.773+0000] {dagbag.py:545} INFO - Filling up the DagBag from /home/airflow/.local/lib/python3.12/site-packages/airflow/example_dags/example_latest_only.py
[2026-03-04T08:46:41.775+0000] {processor.py:840} INFO - DAG(s) 'latest_only' retrieved from /home/airflow/.local/lib/python3.12/site-packages/airflow/example_dags/example_latest_only.py
[2026-03-04T08:46:41.784+0000] {logging_mixin.py:188} INFO - [2026-03-04T08:46:41.784+0000] {dag.py:3089} INFO - Sync 1 DAGs
[2026-03-04T08:46:41.794+0000] {logging_mixin.py:188} INFO - [2026-03-04T08:46:41.793+0000] {dag.py:3947} INFO - Setting next_dagrun for latest_only to 2026-03-04 04:00:00+00:00, run_after=2026-03-04 08:00:00+00:00
[2026-03-04T08:46:41.802+0000] {processor.py:183} INFO - Processing /home/airflow/.local/lib/python3.12/site-packages/airflow/example_dags/example_latest_only.py took 0.034 seconds
[2026-03-04T08:47:12.351+0000] {processor.py:161} INFO - Started process (PID=12804) to work on /home/airflow/.local/lib/python3.12/site-packages/airflow/example_dags/example_latest_only.py
[2026-03-04T08:47:12.352+0000] {processor.py:830} INFO - Processing file /home/airflow/.local/lib/python3.12/site-packages/airflow/example_dags/example_latest_only.py for tasks to queue
[2026-03-04T08:47:12.353+0000] {logging_mixin.py:188} INFO - [2026-03-04T08:47:12.353+0000] {dagbag.py:545} INFO - Filling up the DagBag from /home/airflow/.local/lib/python3.12/site-packages/airflow/example_dags/example_latest_only.py
[2026-03-04T08:47:12.355+0000] {processor.py:840} INFO - DAG(s) 'latest_only' retrieved from /home/airflow/.local/lib/python3.12/site-packages/airflow/example_dags/example_latest_only.py
[2026-03-04T08:47:12.363+0000] {logging_mixin.py:188} INFO - [2026-03-04T08:47:12.362+0000] {dag.py:3089} INFO - Sync 1 DAGs
[2026-03-04T08:47:12.372+0000] {logging_mixin.py:188} INFO - [2026-03-04T08:47:12.372+0000] {dag.py:3947} INFO - Setting next_dagrun for latest_only to 2026-03-04 04:00:00+00:00, run_after=2026-03-04 08:00:00+00:00
[2026-03-04T08:47:12.382+0000] {processor.py:183} INFO - Processing /home/airflow/.local/lib/python3.12/site-packages/airflow/example_dags/example_latest_only.py took 0.034 seconds
[2026-03-04T08:47:42.848+0000] {processor.py:161} INFO - Started process (PID=13066) to work on /home/airflow/.local/lib/python3.12/site-packages/airflow/example_dags/example_latest_only.py
[2026-03-04T08:47:42.849+0000] {processor.py:830} INFO - Processing file /home/airflow/.local/lib/python3.12/site-packages/airflow/example_dags/example_latest_only.py for tasks to queue
[2026-03-04T08:47:42.850+0000] {logging_mixin.py:188} INFO - [2026-03-04T08:47:42.850+0000] {dagbag.py:545} INFO - Filling up the DagBag from /home/airflow/.local/lib/python3.12/site-packages/airflow/example_dags/example_latest_only.py
[2026-03-04T08:47:42.853+0000] {processor.py:840} INFO - DAG(s) 'latest_only' retrieved from /home/airflow/.local/lib/python3.12/site-packages/airflow/example_dags/example_latest_only.py
[2026-03-04T08:47:42.861+0000] {logging_mixin.py:188} INFO - [2026-03-04T08:47:42.861+0000] {dag.py:3089} INFO - Sync 1 DAGs
[2026-03-04T08:47:42.870+0000] {logging_mixin.py:188} INFO - [2026-03-04T08:47:42.870+0000] {dag.py:3947} INFO - Setting next_dagrun for latest_only to 2026-03-04 04:00:00+00:00, run_after=2026-03-04 08:00:00+00:00
[2026-03-04T08:47:42.880+0000] {processor.py:183} INFO - Processing /home/airflow/.local/lib/python3.12/site-packages/airflow/example_dags/example_latest_only.py took 0.034 seconds
[2026-03-04T08:48:13.377+0000] {processor.py:161} INFO - Started process (PID=13328) to work on /home/airflow/.local/lib/python3.12/site-packages/airflow/example_dags/example_latest_only.py
[2026-03-04T08:48:13.377+0000] {processor.py:830} INFO - Processing file /home/airflow/.local/lib/python3.12/site-packages/airflow/example_dags/example_latest_only.py for tasks to queue
[2026-03-04T08:48:13.378+0000] {logging_mixin.py:188} INFO - [2026-03-04T08:48:13.378+0000] {dagbag.py:545} INFO - Filling up the DagBag from /home/airflow/.local/lib/python3.12/site-packages/airflow/example_dags/example_latest_only.py
[2026-03-04T08:48:13.380+0000] {processor.py:840} INFO - DAG(s) 'latest_only' retrieved from /home/airflow/.local/lib/python3.12/site-packages/airflow/example_dags/example_latest_only.py
[2026-03-04T08:48:13.389+0000] {logging_mixin.py:188} INFO - [2026-03-04T08:48:13.389+0000] {dag.py:3089} INFO - Sync 1 DAGs
[2026-03-04T08:48:13.398+0000] {logging_mixin.py:188} INFO - [2026-03-04T08:48:13.398+0000] {dag.py:3947} INFO - Setting next_dagrun for latest_only to 2026-03-04 04:00:00+00:00, run_after=2026-03-04 08:00:00+00:00
[2026-03-04T08:48:13.412+0000] {processor.py:183} INFO - Processing /home/airflow/.local/lib/python3.12/site-packages/airflow/example_dags/example_latest_only.py took 0.038 seconds
[2026-03-04T08:48:43.901+0000] {processor.py:161} INFO - Started process (PID=13590) to work on /home/airflow/.local/lib/python3.12/site-packages/airflow/example_dags/example_latest_only.py
[2026-03-04T08:48:43.904+0000] {processor.py:830} INFO - Processing file /home/airflow/.local/lib/python3.12/site-packages/airflow/example_dags/example_latest_only.py for tasks to queue
[2026-03-04T08:48:43.904+0000] {logging_mixin.py:188} INFO - [2026-03-04T08:48:43.904+0000] {dagbag.py:545} INFO - Filling up the DagBag from /home/airflow/.local/lib/python3.12/site-packages/airflow/example_dags/example_latest_only.py
[2026-03-04T08:48:43.906+0000] {processor.py:840} INFO - DAG(s) 'latest_only' retrieved from /home/airflow/.local/lib/python3.12/site-packages/airflow/example_dags/example_latest_only.py
[2026-03-04T08:48:43.918+0000] {logging_mixin.py:188} INFO - [2026-03-04T08:48:43.918+0000] {dag.py:3089} INFO - Sync 1 DAGs
[2026-03-04T08:48:43.927+0000] {logging_mixin.py:188} INFO - [2026-03-04T08:48:43.927+0000] {dag.py:3947} INFO - Setting next_dagrun for latest_only to 2026-03-04 04:00:00+00:00, run_after=2026-03-04 08:00:00+00:00
[2026-03-04T08:48:43.936+0000] {processor.py:183} INFO - Processing /home/airflow/.local/lib/python3.12/site-packages/airflow/example_dags/example_latest_only.py took 0.037 seconds
[2026-03-04T08:49:14.555+0000] {processor.py:161} INFO - Started process (PID=13854) to work on /home/airflow/.local/lib/python3.12/site-packages/airflow/example_dags/example_latest_only.py
[2026-03-04T08:49:14.555+0000] {processor.py:830} INFO - Processing file /home/airflow/.local/lib/python3.12/site-packages/airflow/example_dags/example_latest_only.py for tasks to queue
[2026-03-04T08:49:14.556+0000] {logging_mixin.py:188} INFO - [2026-03-04T08:49:14.556+0000] {dagbag.py:545} INFO - Filling up the DagBag from /home/airflow/.local/lib/python3.12/site-packages/airflow/example_dags/example_latest_only.py
[2026-03-04T08:49:14.558+0000] {processor.py:840} INFO - DAG(s) 'latest_only' retrieved from /home/airflow/.local/lib/python3.12/site-packages/airflow/example_dags/example_latest_only.py
[2026-03-04T08:49:14.569+0000] {logging_mixin.py:188} INFO - [2026-03-04T08:49:14.568+0000] {dag.py:3089} INFO - Sync 1 DAGs
[2026-03-04T08:49:14.575+0000] {logging_mixin.py:188} INFO - [2026-03-04T08:49:14.575+0000] {dag.py:3947} INFO - Setting next_dagrun for latest_only to 2026-03-04 04:00:00+00:00, run_after=2026-03-04 08:00:00+00:00
[2026-03-04T08:49:14.589+0000] {processor.py:183} INFO - Processing /home/airflow/.local/lib/python3.12/site-packages/airflow/example_dags/example_latest_only.py took 0.036 seconds
[2026-03-04T08:49:45.039+0000] {processor.py:161} INFO - Started process (PID=14114) to work on /home/airflow/.local/lib/python3.12/site-packages/airflow/example_dags/example_latest_only.py
[2026-03-04T08:49:45.039+0000] {processor.py:830} INFO - Processing file /home/airflow/.local/lib/python3.12/site-packages/airflow/example_dags/example_latest_only.py for tasks to queue
[2026-03-04T08:49:45.042+0000] {logging_mixin.py:188} INFO - [2026-03-04T08:49:45.041+0000] {dagbag.py:545} INFO - Filling up the DagBag from /home/airflow/.local/lib/python3.12/site-packages/airflow/example_dags/example_latest_only.py
[2026-03-04T08:49:45.043+0000] {processor.py:840} INFO - DAG(s) 'latest_only' retrieved from /home/airflow/.local/lib/python3.12/site-packages/airflow/example_dags/example_latest_only.py
[2026-03-04T08:49:45.053+0000] {logging_mixin.py:188} INFO - [2026-03-04T08:49:45.053+0000] {dag.py:3089} INFO - Sync 1 DAGs
[2026-03-04T08:49:45.061+0000] {logging_mixin.py:188} INFO - [2026-03-04T08:49:45.061+0000] {dag.py:3947} INFO - Setting next_dagrun for latest_only to 2026-03-04 04:00:00+00:00, run_after=2026-03-04 08:00:00+00:00
[2026-03-04T08:49:45.069+0000] {processor.py:183} INFO - Processing /home/airflow/.local/lib/python3.12/site-packages/airflow/example_dags/example_latest_only.py took 0.033 seconds
[2026-03-04T08:50:15.602+0000] {processor.py:161} INFO - Started process (PID=14376) to work on /home/airflow/.local/lib/python3.12/site-packages/airflow/example_dags/example_latest_only.py
[2026-03-04T08:50:15.602+0000] {processor.py:830} INFO - Processing file /home/airflow/.local/lib/python3.12/site-packages/airflow/example_dags/example_latest_only.py for tasks to queue
[2026-03-04T08:50:15.603+0000] {logging_mixin.py:188} INFO - [2026-03-04T08:50:15.603+0000] {dagbag.py:545} INFO - Filling up the DagBag from /home/airflow/.local/lib/python3.12/site-packages/airflow/example_dags/example_latest_only.py
[2026-03-04T08:50:15.606+0000] {processor.py:840} INFO - DAG(s) 'latest_only' retrieved from /home/airflow/.local/lib/python3.12/site-packages/airflow/example_dags/example_latest_only.py
[2026-03-04T08:50:15.616+0000] {logging_mixin.py:188} INFO - [2026-03-04T08:50:15.616+0000] {dag.py:3089} INFO - Sync 1 DAGs
[2026-03-04T08:50:15.627+0000] {logging_mixin.py:188} INFO - [2026-03-04T08:50:15.626+0000] {dag.py:3947} INFO - Setting next_dagrun for latest_only to 2026-03-04 04:00:00+00:00, run_after=2026-03-04 08:00:00+00:00
[2026-03-04T08:50:15.634+0000] {processor.py:183} INFO - Processing /home/airflow/.local/lib/python3.12/site-packages/airflow/example_dags/example_latest_only.py took 0.034 seconds
[2026-03-04T08:50:46.157+0000] {processor.py:161} INFO - Started process (PID=14638) to work on /home/airflow/.local/lib/python3.12/site-packages/airflow/example_dags/example_latest_only.py
[2026-03-04T08:50:46.157+0000] {processor.py:830} INFO - Processing file /home/airflow/.local/lib/python3.12/site-packages/airflow/example_dags/example_latest_only.py for tasks to queue
[2026-03-04T08:50:46.160+0000] {logging_mixin.py:188} INFO - [2026-03-04T08:50:46.160+0000] {dagbag.py:545} INFO - Filling up the DagBag from /home/airflow/.local/lib/python3.12/site-packages/airflow/example_dags/example_latest_only.py
[2026-03-04T08:50:46.162+0000] {processor.py:840} INFO - DAG(s) 'latest_only' retrieved from /home/airflow/.local/lib/python3.12/site-packages/airflow/example_dags/example_latest_only.py
[2026-03-04T08:50:46.171+0000] {logging_mixin.py:188} INFO - [2026-03-04T08:50:46.171+0000] {dag.py:3089} INFO - Sync 1 DAGs
[2026-03-04T08:50:46.180+0000] {logging_mixin.py:188} INFO - [2026-03-04T08:50:46.180+0000] {dag.py:3947} INFO - Setting next_dagrun for latest_only to 2026-03-04 04:00:00+00:00, run_after=2026-03-04 08:00:00+00:00
[2026-03-04T08:50:46.188+0000] {processor.py:183} INFO - Processing /home/airflow/.local/lib/python3.12/site-packages/airflow/example_dags/example_latest_only.py took 0.033 seconds
