[2026-03-04T07:57:49.707+0000] {processor.py:161} INFO - Started process (PID=232) to work on /home/airflow/.local/lib/python3.12/site-packages/airflow/example_dags/example_bash_operator.py
[2026-03-04T07:57:49.711+0000] {processor.py:830} INFO - Processing file /home/airflow/.local/lib/python3.12/site-packages/airflow/example_dags/example_bash_operator.py for tasks to queue
[2026-03-04T07:57:49.712+0000] {logging_mixin.py:188} INFO - [2026-03-04T07:57:49.712+0000] {dagbag.py:545} INFO - Filling up the DagBag from /home/airflow/.local/lib/python3.12/site-packages/airflow/example_dags/example_bash_operator.py
[2026-03-04T07:57:49.718+0000] {processor.py:840} INFO - DAG(s) 'example_bash_operator' retrieved from /home/airflow/.local/lib/python3.12/site-packages/airflow/example_dags/example_bash_operator.py
[2026-03-04T07:57:49.762+0000] {logging_mixin.py:188} INFO - [2026-03-04T07:57:49.762+0000] {override.py:1858} INFO - Created Permission View: can delete on DAG:example_bash_operator
[2026-03-04T07:57:49.766+0000] {logging_mixin.py:188} INFO - [2026-03-04T07:57:49.766+0000] {override.py:1858} INFO - Created Permission View: can read on DAG:example_bash_operator
[2026-03-04T07:57:49.769+0000] {logging_mixin.py:188} INFO - [2026-03-04T07:57:49.769+0000] {override.py:1858} INFO - Created Permission View: can edit on DAG:example_bash_operator
[2026-03-04T07:57:49.769+0000] {logging_mixin.py:188} INFO - [2026-03-04T07:57:49.769+0000] {dag.py:3089} INFO - Sync 1 DAGs
[2026-03-04T07:57:49.775+0000] {logging_mixin.py:188} INFO - [2026-03-04T07:57:49.775+0000] {dag.py:3111} INFO - Creating ORM DAG for example_bash_operator
[2026-03-04T07:57:49.780+0000] {logging_mixin.py:188} INFO - [2026-03-04T07:57:49.780+0000] {dag.py:3947} INFO - Setting next_dagrun for example_bash_operator to 2026-03-03 00:00:00+00:00, run_after=2026-03-04 00:00:00+00:00
[2026-03-04T07:57:49.786+0000] {processor.py:183} INFO - Processing /home/airflow/.local/lib/python3.12/site-packages/airflow/example_dags/example_bash_operator.py took 0.081 seconds
[2026-03-04T07:58:20.292+0000] {processor.py:161} INFO - Started process (PID=496) to work on /home/airflow/.local/lib/python3.12/site-packages/airflow/example_dags/example_bash_operator.py
[2026-03-04T07:58:20.292+0000] {processor.py:830} INFO - Processing file /home/airflow/.local/lib/python3.12/site-packages/airflow/example_dags/example_bash_operator.py for tasks to queue
[2026-03-04T07:58:20.293+0000] {logging_mixin.py:188} INFO - [2026-03-04T07:58:20.293+0000] {dagbag.py:545} INFO - Filling up the DagBag from /home/airflow/.local/lib/python3.12/site-packages/airflow/example_dags/example_bash_operator.py
[2026-03-04T07:58:20.297+0000] {processor.py:840} INFO - DAG(s) 'example_bash_operator' retrieved from /home/airflow/.local/lib/python3.12/site-packages/airflow/example_dags/example_bash_operator.py
[2026-03-04T07:58:20.308+0000] {logging_mixin.py:188} INFO - [2026-03-04T07:58:20.308+0000] {dag.py:3089} INFO - Sync 1 DAGs
[2026-03-04T07:58:20.319+0000] {logging_mixin.py:188} INFO - [2026-03-04T07:58:20.319+0000] {dag.py:3947} INFO - Setting next_dagrun for example_bash_operator to 2026-03-03 00:00:00+00:00, run_after=2026-03-04 00:00:00+00:00
[2026-03-04T07:58:20.327+0000] {processor.py:183} INFO - Processing /home/airflow/.local/lib/python3.12/site-packages/airflow/example_dags/example_bash_operator.py took 0.038 seconds
[2026-03-04T07:58:50.820+0000] {processor.py:161} INFO - Started process (PID=758) to work on /home/airflow/.local/lib/python3.12/site-packages/airflow/example_dags/example_bash_operator.py
[2026-03-04T07:58:50.820+0000] {processor.py:830} INFO - Processing file /home/airflow/.local/lib/python3.12/site-packages/airflow/example_dags/example_bash_operator.py for tasks to queue
[2026-03-04T07:58:50.821+0000] {logging_mixin.py:188} INFO - [2026-03-04T07:58:50.821+0000] {dagbag.py:545} INFO - Filling up the DagBag from /home/airflow/.local/lib/python3.12/site-packages/airflow/example_dags/example_bash_operator.py
[2026-03-04T07:58:50.825+0000] {processor.py:840} INFO - DAG(s) 'example_bash_operator' retrieved from /home/airflow/.local/lib/python3.12/site-packages/airflow/example_dags/example_bash_operator.py
[2026-03-04T07:58:50.835+0000] {logging_mixin.py:188} INFO - [2026-03-04T07:58:50.835+0000] {dag.py:3089} INFO - Sync 1 DAGs
[2026-03-04T07:58:50.845+0000] {logging_mixin.py:188} INFO - [2026-03-04T07:58:50.845+0000] {dag.py:3947} INFO - Setting next_dagrun for example_bash_operator to 2026-03-03 00:00:00+00:00, run_after=2026-03-04 00:00:00+00:00
[2026-03-04T07:58:50.853+0000] {processor.py:183} INFO - Processing /home/airflow/.local/lib/python3.12/site-packages/airflow/example_dags/example_bash_operator.py took 0.036 seconds
[2026-03-04T07:59:21.339+0000] {processor.py:161} INFO - Started process (PID=1018) to work on /home/airflow/.local/lib/python3.12/site-packages/airflow/example_dags/example_bash_operator.py
[2026-03-04T07:59:21.339+0000] {processor.py:830} INFO - Processing file /home/airflow/.local/lib/python3.12/site-packages/airflow/example_dags/example_bash_operator.py for tasks to queue
[2026-03-04T07:59:21.340+0000] {logging_mixin.py:188} INFO - [2026-03-04T07:59:21.340+0000] {dagbag.py:545} INFO - Filling up the DagBag from /home/airflow/.local/lib/python3.12/site-packages/airflow/example_dags/example_bash_operator.py
[2026-03-04T07:59:21.346+0000] {processor.py:840} INFO - DAG(s) 'example_bash_operator' retrieved from /home/airflow/.local/lib/python3.12/site-packages/airflow/example_dags/example_bash_operator.py
[2026-03-04T07:59:21.360+0000] {logging_mixin.py:188} INFO - [2026-03-04T07:59:21.360+0000] {dag.py:3089} INFO - Sync 1 DAGs
[2026-03-04T07:59:21.368+0000] {logging_mixin.py:188} INFO - [2026-03-04T07:59:21.368+0000] {dag.py:3947} INFO - Setting next_dagrun for example_bash_operator to 2026-03-03 00:00:00+00:00, run_after=2026-03-04 00:00:00+00:00
[2026-03-04T07:59:21.375+0000] {processor.py:183} INFO - Processing /home/airflow/.local/lib/python3.12/site-packages/airflow/example_dags/example_bash_operator.py took 0.039 seconds
[2026-03-04T07:59:51.979+0000] {processor.py:161} INFO - Started process (PID=1282) to work on /home/airflow/.local/lib/python3.12/site-packages/airflow/example_dags/example_bash_operator.py
[2026-03-04T07:59:51.980+0000] {processor.py:830} INFO - Processing file /home/airflow/.local/lib/python3.12/site-packages/airflow/example_dags/example_bash_operator.py for tasks to queue
[2026-03-04T07:59:51.980+0000] {logging_mixin.py:188} INFO - [2026-03-04T07:59:51.980+0000] {dagbag.py:545} INFO - Filling up the DagBag from /home/airflow/.local/lib/python3.12/site-packages/airflow/example_dags/example_bash_operator.py
[2026-03-04T07:59:51.986+0000] {processor.py:840} INFO - DAG(s) 'example_bash_operator' retrieved from /home/airflow/.local/lib/python3.12/site-packages/airflow/example_dags/example_bash_operator.py
[2026-03-04T07:59:51.999+0000] {logging_mixin.py:188} INFO - [2026-03-04T07:59:51.999+0000] {dag.py:3089} INFO - Sync 1 DAGs
[2026-03-04T07:59:52.010+0000] {logging_mixin.py:188} INFO - [2026-03-04T07:59:52.010+0000] {dag.py:3947} INFO - Setting next_dagrun for example_bash_operator to 2026-03-03 00:00:00+00:00, run_after=2026-03-04 00:00:00+00:00
[2026-03-04T07:59:52.022+0000] {processor.py:183} INFO - Processing /home/airflow/.local/lib/python3.12/site-packages/airflow/example_dags/example_bash_operator.py took 0.045 seconds
[2026-03-04T08:00:22.673+0000] {processor.py:161} INFO - Started process (PID=1542) to work on /home/airflow/.local/lib/python3.12/site-packages/airflow/example_dags/example_bash_operator.py
[2026-03-04T08:00:22.673+0000] {processor.py:830} INFO - Processing file /home/airflow/.local/lib/python3.12/site-packages/airflow/example_dags/example_bash_operator.py for tasks to queue
[2026-03-04T08:00:22.674+0000] {logging_mixin.py:188} INFO - [2026-03-04T08:00:22.674+0000] {dagbag.py:545} INFO - Filling up the DagBag from /home/airflow/.local/lib/python3.12/site-packages/airflow/example_dags/example_bash_operator.py
[2026-03-04T08:00:22.678+0000] {processor.py:840} INFO - DAG(s) 'example_bash_operator' retrieved from /home/airflow/.local/lib/python3.12/site-packages/airflow/example_dags/example_bash_operator.py
[2026-03-04T08:00:22.691+0000] {logging_mixin.py:188} INFO - [2026-03-04T08:00:22.691+0000] {dag.py:3089} INFO - Sync 1 DAGs
[2026-03-04T08:00:22.700+0000] {logging_mixin.py:188} INFO - [2026-03-04T08:00:22.700+0000] {dag.py:3947} INFO - Setting next_dagrun for example_bash_operator to 2026-03-03 00:00:00+00:00, run_after=2026-03-04 00:00:00+00:00
[2026-03-04T08:00:22.708+0000] {processor.py:183} INFO - Processing /home/airflow/.local/lib/python3.12/site-packages/airflow/example_dags/example_bash_operator.py took 0.037 seconds
[2026-03-04T08:00:53.268+0000] {processor.py:161} INFO - Started process (PID=1804) to work on /home/airflow/.local/lib/python3.12/site-packages/airflow/example_dags/example_bash_operator.py
[2026-03-04T08:00:53.269+0000] {processor.py:830} INFO - Processing file /home/airflow/.local/lib/python3.12/site-packages/airflow/example_dags/example_bash_operator.py for tasks to queue
[2026-03-04T08:00:53.270+0000] {logging_mixin.py:188} INFO - [2026-03-04T08:00:53.270+0000] {dagbag.py:545} INFO - Filling up the DagBag from /home/airflow/.local/lib/python3.12/site-packages/airflow/example_dags/example_bash_operator.py
[2026-03-04T08:00:53.274+0000] {processor.py:840} INFO - DAG(s) 'example_bash_operator' retrieved from /home/airflow/.local/lib/python3.12/site-packages/airflow/example_dags/example_bash_operator.py
[2026-03-04T08:00:53.284+0000] {logging_mixin.py:188} INFO - [2026-03-04T08:00:53.284+0000] {dag.py:3089} INFO - Sync 1 DAGs
[2026-03-04T08:00:53.294+0000] {logging_mixin.py:188} INFO - [2026-03-04T08:00:53.294+0000] {dag.py:3947} INFO - Setting next_dagrun for example_bash_operator to 2026-03-03 00:00:00+00:00, run_after=2026-03-04 00:00:00+00:00
[2026-03-04T08:00:53.300+0000] {processor.py:183} INFO - Processing /home/airflow/.local/lib/python3.12/site-packages/airflow/example_dags/example_bash_operator.py took 0.035 seconds
[2026-03-04T08:01:23.872+0000] {processor.py:161} INFO - Started process (PID=2066) to work on /home/airflow/.local/lib/python3.12/site-packages/airflow/example_dags/example_bash_operator.py
[2026-03-04T08:01:23.874+0000] {processor.py:830} INFO - Processing file /home/airflow/.local/lib/python3.12/site-packages/airflow/example_dags/example_bash_operator.py for tasks to queue
[2026-03-04T08:01:23.875+0000] {logging_mixin.py:188} INFO - [2026-03-04T08:01:23.875+0000] {dagbag.py:545} INFO - Filling up the DagBag from /home/airflow/.local/lib/python3.12/site-packages/airflow/example_dags/example_bash_operator.py
[2026-03-04T08:01:23.880+0000] {processor.py:840} INFO - DAG(s) 'example_bash_operator' retrieved from /home/airflow/.local/lib/python3.12/site-packages/airflow/example_dags/example_bash_operator.py
[2026-03-04T08:01:23.891+0000] {logging_mixin.py:188} INFO - [2026-03-04T08:01:23.891+0000] {dag.py:3089} INFO - Sync 1 DAGs
[2026-03-04T08:01:23.898+0000] {logging_mixin.py:188} INFO - [2026-03-04T08:01:23.898+0000] {dag.py:3947} INFO - Setting next_dagrun for example_bash_operator to 2026-03-03 00:00:00+00:00, run_after=2026-03-04 00:00:00+00:00
[2026-03-04T08:01:23.904+0000] {processor.py:183} INFO - Processing /home/airflow/.local/lib/python3.12/site-packages/airflow/example_dags/example_bash_operator.py took 0.034 seconds
[2026-03-04T08:01:54.422+0000] {processor.py:161} INFO - Started process (PID=2328) to work on /home/airflow/.local/lib/python3.12/site-packages/airflow/example_dags/example_bash_operator.py
[2026-03-04T08:01:54.422+0000] {processor.py:830} INFO - Processing file /home/airflow/.local/lib/python3.12/site-packages/airflow/example_dags/example_bash_operator.py for tasks to queue
[2026-03-04T08:01:54.423+0000] {logging_mixin.py:188} INFO - [2026-03-04T08:01:54.423+0000] {dagbag.py:545} INFO - Filling up the DagBag from /home/airflow/.local/lib/python3.12/site-packages/airflow/example_dags/example_bash_operator.py
[2026-03-04T08:01:54.429+0000] {processor.py:840} INFO - DAG(s) 'example_bash_operator' retrieved from /home/airflow/.local/lib/python3.12/site-packages/airflow/example_dags/example_bash_operator.py
[2026-03-04T08:01:54.441+0000] {logging_mixin.py:188} INFO - [2026-03-04T08:01:54.441+0000] {dag.py:3089} INFO - Sync 1 DAGs
[2026-03-04T08:01:54.450+0000] {logging_mixin.py:188} INFO - [2026-03-04T08:01:54.450+0000] {dag.py:3947} INFO - Setting next_dagrun for example_bash_operator to 2026-03-03 00:00:00+00:00, run_after=2026-03-04 00:00:00+00:00
[2026-03-04T08:01:54.459+0000] {processor.py:183} INFO - Processing /home/airflow/.local/lib/python3.12/site-packages/airflow/example_dags/example_bash_operator.py took 0.040 seconds
[2026-03-04T08:02:24.966+0000] {processor.py:161} INFO - Started process (PID=2592) to work on /home/airflow/.local/lib/python3.12/site-packages/airflow/example_dags/example_bash_operator.py
[2026-03-04T08:02:24.966+0000] {processor.py:830} INFO - Processing file /home/airflow/.local/lib/python3.12/site-packages/airflow/example_dags/example_bash_operator.py for tasks to queue
[2026-03-04T08:02:24.967+0000] {logging_mixin.py:188} INFO - [2026-03-04T08:02:24.967+0000] {dagbag.py:545} INFO - Filling up the DagBag from /home/airflow/.local/lib/python3.12/site-packages/airflow/example_dags/example_bash_operator.py
[2026-03-04T08:02:24.970+0000] {processor.py:840} INFO - DAG(s) 'example_bash_operator' retrieved from /home/airflow/.local/lib/python3.12/site-packages/airflow/example_dags/example_bash_operator.py
[2026-03-04T08:02:24.979+0000] {logging_mixin.py:188} INFO - [2026-03-04T08:02:24.979+0000] {dag.py:3089} INFO - Sync 1 DAGs
[2026-03-04T08:02:24.985+0000] {logging_mixin.py:188} INFO - [2026-03-04T08:02:24.985+0000] {dag.py:3947} INFO - Setting next_dagrun for example_bash_operator to 2026-03-03 00:00:00+00:00, run_after=2026-03-04 00:00:00+00:00
[2026-03-04T08:02:24.990+0000] {processor.py:183} INFO - Processing /home/airflow/.local/lib/python3.12/site-packages/airflow/example_dags/example_bash_operator.py took 0.027 seconds
[2026-03-04T08:02:55.465+0000] {processor.py:161} INFO - Started process (PID=2852) to work on /home/airflow/.local/lib/python3.12/site-packages/airflow/example_dags/example_bash_operator.py
[2026-03-04T08:02:55.466+0000] {processor.py:830} INFO - Processing file /home/airflow/.local/lib/python3.12/site-packages/airflow/example_dags/example_bash_operator.py for tasks to queue
[2026-03-04T08:02:55.467+0000] {logging_mixin.py:188} INFO - [2026-03-04T08:02:55.467+0000] {dagbag.py:545} INFO - Filling up the DagBag from /home/airflow/.local/lib/python3.12/site-packages/airflow/example_dags/example_bash_operator.py
[2026-03-04T08:02:55.471+0000] {processor.py:840} INFO - DAG(s) 'example_bash_operator' retrieved from /home/airflow/.local/lib/python3.12/site-packages/airflow/example_dags/example_bash_operator.py
[2026-03-04T08:02:55.481+0000] {logging_mixin.py:188} INFO - [2026-03-04T08:02:55.481+0000] {dag.py:3089} INFO - Sync 1 DAGs
[2026-03-04T08:02:55.491+0000] {logging_mixin.py:188} INFO - [2026-03-04T08:02:55.491+0000] {dag.py:3947} INFO - Setting next_dagrun for example_bash_operator to 2026-03-03 00:00:00+00:00, run_after=2026-03-04 00:00:00+00:00
[2026-03-04T08:02:55.503+0000] {processor.py:183} INFO - Processing /home/airflow/.local/lib/python3.12/site-packages/airflow/example_dags/example_bash_operator.py took 0.039 seconds
[2026-03-04T08:03:26.069+0000] {processor.py:161} INFO - Started process (PID=3114) to work on /home/airflow/.local/lib/python3.12/site-packages/airflow/example_dags/example_bash_operator.py
[2026-03-04T08:03:26.070+0000] {processor.py:830} INFO - Processing file /home/airflow/.local/lib/python3.12/site-packages/airflow/example_dags/example_bash_operator.py for tasks to queue
[2026-03-04T08:03:26.071+0000] {logging_mixin.py:188} INFO - [2026-03-04T08:03:26.071+0000] {dagbag.py:545} INFO - Filling up the DagBag from /home/airflow/.local/lib/python3.12/site-packages/airflow/example_dags/example_bash_operator.py
[2026-03-04T08:03:26.077+0000] {processor.py:840} INFO - DAG(s) 'example_bash_operator' retrieved from /home/airflow/.local/lib/python3.12/site-packages/airflow/example_dags/example_bash_operator.py
[2026-03-04T08:03:26.090+0000] {logging_mixin.py:188} INFO - [2026-03-04T08:03:26.089+0000] {dag.py:3089} INFO - Sync 1 DAGs
[2026-03-04T08:03:26.100+0000] {logging_mixin.py:188} INFO - [2026-03-04T08:03:26.100+0000] {dag.py:3947} INFO - Setting next_dagrun for example_bash_operator to 2026-03-03 00:00:00+00:00, run_after=2026-03-04 00:00:00+00:00
[2026-03-04T08:03:26.105+0000] {processor.py:183} INFO - Processing /home/airflow/.local/lib/python3.12/site-packages/airflow/example_dags/example_bash_operator.py took 0.038 seconds
[2026-03-04T08:03:56.601+0000] {processor.py:161} INFO - Started process (PID=3376) to work on /home/airflow/.local/lib/python3.12/site-packages/airflow/example_dags/example_bash_operator.py
[2026-03-04T08:03:56.602+0000] {processor.py:830} INFO - Processing file /home/airflow/.local/lib/python3.12/site-packages/airflow/example_dags/example_bash_operator.py for tasks to queue
[2026-03-04T08:03:56.603+0000] {logging_mixin.py:188} INFO - [2026-03-04T08:03:56.603+0000] {dagbag.py:545} INFO - Filling up the DagBag from /home/airflow/.local/lib/python3.12/site-packages/airflow/example_dags/example_bash_operator.py
[2026-03-04T08:03:56.608+0000] {processor.py:840} INFO - DAG(s) 'example_bash_operator' retrieved from /home/airflow/.local/lib/python3.12/site-packages/airflow/example_dags/example_bash_operator.py
[2026-03-04T08:03:56.620+0000] {logging_mixin.py:188} INFO - [2026-03-04T08:03:56.620+0000] {dag.py:3089} INFO - Sync 1 DAGs
[2026-03-04T08:03:56.629+0000] {logging_mixin.py:188} INFO - [2026-03-04T08:03:56.629+0000] {dag.py:3947} INFO - Setting next_dagrun for example_bash_operator to 2026-03-03 00:00:00+00:00, run_after=2026-03-04 00:00:00+00:00
[2026-03-04T08:03:56.636+0000] {processor.py:183} INFO - Processing /home/airflow/.local/lib/python3.12/site-packages/airflow/example_dags/example_bash_operator.py took 0.037 seconds
[2026-03-04T08:04:27.183+0000] {processor.py:161} INFO - Started process (PID=3638) to work on /home/airflow/.local/lib/python3.12/site-packages/airflow/example_dags/example_bash_operator.py
[2026-03-04T08:04:27.184+0000] {processor.py:830} INFO - Processing file /home/airflow/.local/lib/python3.12/site-packages/airflow/example_dags/example_bash_operator.py for tasks to queue
[2026-03-04T08:04:27.185+0000] {logging_mixin.py:188} INFO - [2026-03-04T08:04:27.185+0000] {dagbag.py:545} INFO - Filling up the DagBag from /home/airflow/.local/lib/python3.12/site-packages/airflow/example_dags/example_bash_operator.py
[2026-03-04T08:04:27.192+0000] {processor.py:840} INFO - DAG(s) 'example_bash_operator' retrieved from /home/airflow/.local/lib/python3.12/site-packages/airflow/example_dags/example_bash_operator.py
[2026-03-04T08:04:27.209+0000] {logging_mixin.py:188} INFO - [2026-03-04T08:04:27.209+0000] {dag.py:3089} INFO - Sync 1 DAGs
[2026-03-04T08:04:27.218+0000] {logging_mixin.py:188} INFO - [2026-03-04T08:04:27.218+0000] {dag.py:3947} INFO - Setting next_dagrun for example_bash_operator to 2026-03-03 00:00:00+00:00, run_after=2026-03-04 00:00:00+00:00
[2026-03-04T08:04:27.226+0000] {processor.py:183} INFO - Processing /home/airflow/.local/lib/python3.12/site-packages/airflow/example_dags/example_bash_operator.py took 0.044 seconds
[2026-03-04T08:04:57.779+0000] {processor.py:161} INFO - Started process (PID=3900) to work on /home/airflow/.local/lib/python3.12/site-packages/airflow/example_dags/example_bash_operator.py
[2026-03-04T08:04:57.780+0000] {processor.py:830} INFO - Processing file /home/airflow/.local/lib/python3.12/site-packages/airflow/example_dags/example_bash_operator.py for tasks to queue
[2026-03-04T08:04:57.780+0000] {logging_mixin.py:188} INFO - [2026-03-04T08:04:57.780+0000] {dagbag.py:545} INFO - Filling up the DagBag from /home/airflow/.local/lib/python3.12/site-packages/airflow/example_dags/example_bash_operator.py
[2026-03-04T08:04:57.784+0000] {processor.py:840} INFO - DAG(s) 'example_bash_operator' retrieved from /home/airflow/.local/lib/python3.12/site-packages/airflow/example_dags/example_bash_operator.py
[2026-03-04T08:04:57.793+0000] {logging_mixin.py:188} INFO - [2026-03-04T08:04:57.793+0000] {dag.py:3089} INFO - Sync 1 DAGs
[2026-03-04T08:04:57.801+0000] {logging_mixin.py:188} INFO - [2026-03-04T08:04:57.800+0000] {dag.py:3947} INFO - Setting next_dagrun for example_bash_operator to 2026-03-03 00:00:00+00:00, run_after=2026-03-04 00:00:00+00:00
[2026-03-04T08:04:57.806+0000] {processor.py:183} INFO - Processing /home/airflow/.local/lib/python3.12/site-packages/airflow/example_dags/example_bash_operator.py took 0.030 seconds
[2026-03-04T08:05:28.361+0000] {processor.py:161} INFO - Started process (PID=4162) to work on /home/airflow/.local/lib/python3.12/site-packages/airflow/example_dags/example_bash_operator.py
[2026-03-04T08:05:28.362+0000] {processor.py:830} INFO - Processing file /home/airflow/.local/lib/python3.12/site-packages/airflow/example_dags/example_bash_operator.py for tasks to queue
[2026-03-04T08:05:28.363+0000] {logging_mixin.py:188} INFO - [2026-03-04T08:05:28.363+0000] {dagbag.py:545} INFO - Filling up the DagBag from /home/airflow/.local/lib/python3.12/site-packages/airflow/example_dags/example_bash_operator.py
[2026-03-04T08:05:28.369+0000] {processor.py:840} INFO - DAG(s) 'example_bash_operator' retrieved from /home/airflow/.local/lib/python3.12/site-packages/airflow/example_dags/example_bash_operator.py
[2026-03-04T08:05:28.382+0000] {logging_mixin.py:188} INFO - [2026-03-04T08:05:28.382+0000] {dag.py:3089} INFO - Sync 1 DAGs
[2026-03-04T08:05:28.391+0000] {logging_mixin.py:188} INFO - [2026-03-04T08:05:28.391+0000] {dag.py:3947} INFO - Setting next_dagrun for example_bash_operator to 2026-03-03 00:00:00+00:00, run_after=2026-03-04 00:00:00+00:00
[2026-03-04T08:05:28.402+0000] {processor.py:183} INFO - Processing /home/airflow/.local/lib/python3.12/site-packages/airflow/example_dags/example_bash_operator.py took 0.044 seconds
[2026-03-04T08:05:58.965+0000] {processor.py:161} INFO - Started process (PID=4424) to work on /home/airflow/.local/lib/python3.12/site-packages/airflow/example_dags/example_bash_operator.py
[2026-03-04T08:05:58.966+0000] {processor.py:830} INFO - Processing file /home/airflow/.local/lib/python3.12/site-packages/airflow/example_dags/example_bash_operator.py for tasks to queue
[2026-03-04T08:05:58.968+0000] {logging_mixin.py:188} INFO - [2026-03-04T08:05:58.968+0000] {dagbag.py:545} INFO - Filling up the DagBag from /home/airflow/.local/lib/python3.12/site-packages/airflow/example_dags/example_bash_operator.py
[2026-03-04T08:05:58.972+0000] {processor.py:840} INFO - DAG(s) 'example_bash_operator' retrieved from /home/airflow/.local/lib/python3.12/site-packages/airflow/example_dags/example_bash_operator.py
[2026-03-04T08:05:58.982+0000] {logging_mixin.py:188} INFO - [2026-03-04T08:05:58.981+0000] {dag.py:3089} INFO - Sync 1 DAGs
[2026-03-04T08:05:58.991+0000] {logging_mixin.py:188} INFO - [2026-03-04T08:05:58.991+0000] {dag.py:3947} INFO - Setting next_dagrun for example_bash_operator to 2026-03-03 00:00:00+00:00, run_after=2026-03-04 00:00:00+00:00
[2026-03-04T08:05:58.997+0000] {processor.py:183} INFO - Processing /home/airflow/.local/lib/python3.12/site-packages/airflow/example_dags/example_bash_operator.py took 0.034 seconds
[2026-03-04T08:06:29.475+0000] {processor.py:161} INFO - Started process (PID=4688) to work on /home/airflow/.local/lib/python3.12/site-packages/airflow/example_dags/example_bash_operator.py
[2026-03-04T08:06:29.476+0000] {processor.py:830} INFO - Processing file /home/airflow/.local/lib/python3.12/site-packages/airflow/example_dags/example_bash_operator.py for tasks to queue
[2026-03-04T08:06:29.476+0000] {logging_mixin.py:188} INFO - [2026-03-04T08:06:29.476+0000] {dagbag.py:545} INFO - Filling up the DagBag from /home/airflow/.local/lib/python3.12/site-packages/airflow/example_dags/example_bash_operator.py
[2026-03-04T08:06:29.481+0000] {processor.py:840} INFO - DAG(s) 'example_bash_operator' retrieved from /home/airflow/.local/lib/python3.12/site-packages/airflow/example_dags/example_bash_operator.py
[2026-03-04T08:06:29.493+0000] {logging_mixin.py:188} INFO - [2026-03-04T08:06:29.492+0000] {dag.py:3089} INFO - Sync 1 DAGs
[2026-03-04T08:06:29.502+0000] {logging_mixin.py:188} INFO - [2026-03-04T08:06:29.502+0000] {dag.py:3947} INFO - Setting next_dagrun for example_bash_operator to 2026-03-03 00:00:00+00:00, run_after=2026-03-04 00:00:00+00:00
[2026-03-04T08:06:29.510+0000] {processor.py:183} INFO - Processing /home/airflow/.local/lib/python3.12/site-packages/airflow/example_dags/example_bash_operator.py took 0.036 seconds
[2026-03-04T08:07:00.062+0000] {processor.py:161} INFO - Started process (PID=4948) to work on /home/airflow/.local/lib/python3.12/site-packages/airflow/example_dags/example_bash_operator.py
[2026-03-04T08:07:00.065+0000] {processor.py:830} INFO - Processing file /home/airflow/.local/lib/python3.12/site-packages/airflow/example_dags/example_bash_operator.py for tasks to queue
[2026-03-04T08:07:00.065+0000] {logging_mixin.py:188} INFO - [2026-03-04T08:07:00.065+0000] {dagbag.py:545} INFO - Filling up the DagBag from /home/airflow/.local/lib/python3.12/site-packages/airflow/example_dags/example_bash_operator.py
[2026-03-04T08:07:00.072+0000] {processor.py:840} INFO - DAG(s) 'example_bash_operator' retrieved from /home/airflow/.local/lib/python3.12/site-packages/airflow/example_dags/example_bash_operator.py
[2026-03-04T08:07:00.084+0000] {logging_mixin.py:188} INFO - [2026-03-04T08:07:00.084+0000] {dag.py:3089} INFO - Sync 1 DAGs
[2026-03-04T08:07:00.092+0000] {logging_mixin.py:188} INFO - [2026-03-04T08:07:00.092+0000] {dag.py:3947} INFO - Setting next_dagrun for example_bash_operator to 2026-03-03 00:00:00+00:00, run_after=2026-03-04 00:00:00+00:00
[2026-03-04T08:07:00.098+0000] {processor.py:183} INFO - Processing /home/airflow/.local/lib/python3.12/site-packages/airflow/example_dags/example_bash_operator.py took 0.038 seconds
[2026-03-04T08:07:30.564+0000] {processor.py:161} INFO - Started process (PID=5212) to work on /home/airflow/.local/lib/python3.12/site-packages/airflow/example_dags/example_bash_operator.py
[2026-03-04T08:07:30.564+0000] {processor.py:830} INFO - Processing file /home/airflow/.local/lib/python3.12/site-packages/airflow/example_dags/example_bash_operator.py for tasks to queue
[2026-03-04T08:07:30.565+0000] {logging_mixin.py:188} INFO - [2026-03-04T08:07:30.565+0000] {dagbag.py:545} INFO - Filling up the DagBag from /home/airflow/.local/lib/python3.12/site-packages/airflow/example_dags/example_bash_operator.py
[2026-03-04T08:07:30.569+0000] {processor.py:840} INFO - DAG(s) 'example_bash_operator' retrieved from /home/airflow/.local/lib/python3.12/site-packages/airflow/example_dags/example_bash_operator.py
[2026-03-04T08:07:30.579+0000] {logging_mixin.py:188} INFO - [2026-03-04T08:07:30.579+0000] {dag.py:3089} INFO - Sync 1 DAGs
[2026-03-04T08:07:30.586+0000] {logging_mixin.py:188} INFO - [2026-03-04T08:07:30.586+0000] {dag.py:3947} INFO - Setting next_dagrun for example_bash_operator to 2026-03-03 00:00:00+00:00, run_after=2026-03-04 00:00:00+00:00
[2026-03-04T08:07:30.592+0000] {processor.py:183} INFO - Processing /home/airflow/.local/lib/python3.12/site-packages/airflow/example_dags/example_bash_operator.py took 0.030 seconds
[2026-03-04T08:08:01.159+0000] {processor.py:161} INFO - Started process (PID=5472) to work on /home/airflow/.local/lib/python3.12/site-packages/airflow/example_dags/example_bash_operator.py
[2026-03-04T08:08:01.161+0000] {processor.py:830} INFO - Processing file /home/airflow/.local/lib/python3.12/site-packages/airflow/example_dags/example_bash_operator.py for tasks to queue
[2026-03-04T08:08:01.161+0000] {logging_mixin.py:188} INFO - [2026-03-04T08:08:01.161+0000] {dagbag.py:545} INFO - Filling up the DagBag from /home/airflow/.local/lib/python3.12/site-packages/airflow/example_dags/example_bash_operator.py
[2026-03-04T08:08:01.168+0000] {processor.py:840} INFO - DAG(s) 'example_bash_operator' retrieved from /home/airflow/.local/lib/python3.12/site-packages/airflow/example_dags/example_bash_operator.py
[2026-03-04T08:08:01.179+0000] {logging_mixin.py:188} INFO - [2026-03-04T08:08:01.178+0000] {dag.py:3089} INFO - Sync 1 DAGs
[2026-03-04T08:08:01.187+0000] {logging_mixin.py:188} INFO - [2026-03-04T08:08:01.187+0000] {dag.py:3947} INFO - Setting next_dagrun for example_bash_operator to 2026-03-03 00:00:00+00:00, run_after=2026-03-04 00:00:00+00:00
[2026-03-04T08:08:01.193+0000] {processor.py:183} INFO - Processing /home/airflow/.local/lib/python3.12/site-packages/airflow/example_dags/example_bash_operator.py took 0.036 seconds
[2026-03-04T08:08:31.723+0000] {processor.py:161} INFO - Started process (PID=5736) to work on /home/airflow/.local/lib/python3.12/site-packages/airflow/example_dags/example_bash_operator.py
[2026-03-04T08:08:31.724+0000] {processor.py:830} INFO - Processing file /home/airflow/.local/lib/python3.12/site-packages/airflow/example_dags/example_bash_operator.py for tasks to queue
[2026-03-04T08:08:31.725+0000] {logging_mixin.py:188} INFO - [2026-03-04T08:08:31.724+0000] {dagbag.py:545} INFO - Filling up the DagBag from /home/airflow/.local/lib/python3.12/site-packages/airflow/example_dags/example_bash_operator.py
[2026-03-04T08:08:31.729+0000] {processor.py:840} INFO - DAG(s) 'example_bash_operator' retrieved from /home/airflow/.local/lib/python3.12/site-packages/airflow/example_dags/example_bash_operator.py
[2026-03-04T08:08:31.740+0000] {logging_mixin.py:188} INFO - [2026-03-04T08:08:31.740+0000] {dag.py:3089} INFO - Sync 1 DAGs
[2026-03-04T08:08:31.750+0000] {logging_mixin.py:188} INFO - [2026-03-04T08:08:31.750+0000] {dag.py:3947} INFO - Setting next_dagrun for example_bash_operator to 2026-03-03 00:00:00+00:00, run_after=2026-03-04 00:00:00+00:00
[2026-03-04T08:08:31.759+0000] {processor.py:183} INFO - Processing /home/airflow/.local/lib/python3.12/site-packages/airflow/example_dags/example_bash_operator.py took 0.037 seconds
[2026-03-04T08:09:02.390+0000] {processor.py:161} INFO - Started process (PID=5998) to work on /home/airflow/.local/lib/python3.12/site-packages/airflow/example_dags/example_bash_operator.py
[2026-03-04T08:09:02.390+0000] {processor.py:830} INFO - Processing file /home/airflow/.local/lib/python3.12/site-packages/airflow/example_dags/example_bash_operator.py for tasks to queue
[2026-03-04T08:09:02.391+0000] {logging_mixin.py:188} INFO - [2026-03-04T08:09:02.391+0000] {dagbag.py:545} INFO - Filling up the DagBag from /home/airflow/.local/lib/python3.12/site-packages/airflow/example_dags/example_bash_operator.py
[2026-03-04T08:09:02.396+0000] {processor.py:840} INFO - DAG(s) 'example_bash_operator' retrieved from /home/airflow/.local/lib/python3.12/site-packages/airflow/example_dags/example_bash_operator.py
[2026-03-04T08:09:02.408+0000] {logging_mixin.py:188} INFO - [2026-03-04T08:09:02.408+0000] {dag.py:3089} INFO - Sync 1 DAGs
[2026-03-04T08:09:02.417+0000] {logging_mixin.py:188} INFO - [2026-03-04T08:09:02.417+0000] {dag.py:3947} INFO - Setting next_dagrun for example_bash_operator to 2026-03-03 00:00:00+00:00, run_after=2026-03-04 00:00:00+00:00
[2026-03-04T08:09:02.426+0000] {processor.py:183} INFO - Processing /home/airflow/.local/lib/python3.12/site-packages/airflow/example_dags/example_bash_operator.py took 0.038 seconds
[2026-03-04T08:09:32.956+0000] {processor.py:161} INFO - Started process (PID=6260) to work on /home/airflow/.local/lib/python3.12/site-packages/airflow/example_dags/example_bash_operator.py
[2026-03-04T08:09:32.957+0000] {processor.py:830} INFO - Processing file /home/airflow/.local/lib/python3.12/site-packages/airflow/example_dags/example_bash_operator.py for tasks to queue
[2026-03-04T08:09:32.957+0000] {logging_mixin.py:188} INFO - [2026-03-04T08:09:32.957+0000] {dagbag.py:545} INFO - Filling up the DagBag from /home/airflow/.local/lib/python3.12/site-packages/airflow/example_dags/example_bash_operator.py
[2026-03-04T08:09:32.961+0000] {processor.py:840} INFO - DAG(s) 'example_bash_operator' retrieved from /home/airflow/.local/lib/python3.12/site-packages/airflow/example_dags/example_bash_operator.py
[2026-03-04T08:09:32.969+0000] {logging_mixin.py:188} INFO - [2026-03-04T08:09:32.969+0000] {dag.py:3089} INFO - Sync 1 DAGs
[2026-03-04T08:09:32.976+0000] {logging_mixin.py:188} INFO - [2026-03-04T08:09:32.975+0000] {dag.py:3947} INFO - Setting next_dagrun for example_bash_operator to 2026-03-03 00:00:00+00:00, run_after=2026-03-04 00:00:00+00:00
[2026-03-04T08:09:32.981+0000] {processor.py:183} INFO - Processing /home/airflow/.local/lib/python3.12/site-packages/airflow/example_dags/example_bash_operator.py took 0.026 seconds
[2026-03-04T08:10:03.547+0000] {processor.py:161} INFO - Started process (PID=6520) to work on /home/airflow/.local/lib/python3.12/site-packages/airflow/example_dags/example_bash_operator.py
[2026-03-04T08:10:03.548+0000] {processor.py:830} INFO - Processing file /home/airflow/.local/lib/python3.12/site-packages/airflow/example_dags/example_bash_operator.py for tasks to queue
[2026-03-04T08:10:03.548+0000] {logging_mixin.py:188} INFO - [2026-03-04T08:10:03.548+0000] {dagbag.py:545} INFO - Filling up the DagBag from /home/airflow/.local/lib/python3.12/site-packages/airflow/example_dags/example_bash_operator.py
[2026-03-04T08:10:03.553+0000] {processor.py:840} INFO - DAG(s) 'example_bash_operator' retrieved from /home/airflow/.local/lib/python3.12/site-packages/airflow/example_dags/example_bash_operator.py
[2026-03-04T08:10:03.567+0000] {logging_mixin.py:188} INFO - [2026-03-04T08:10:03.566+0000] {dag.py:3089} INFO - Sync 1 DAGs
[2026-03-04T08:10:03.574+0000] {logging_mixin.py:188} INFO - [2026-03-04T08:10:03.574+0000] {dag.py:3947} INFO - Setting next_dagrun for example_bash_operator to 2026-03-03 00:00:00+00:00, run_after=2026-03-04 00:00:00+00:00
[2026-03-04T08:10:03.582+0000] {processor.py:183} INFO - Processing /home/airflow/.local/lib/python3.12/site-packages/airflow/example_dags/example_bash_operator.py took 0.037 seconds
[2026-03-04T08:10:34.064+0000] {processor.py:161} INFO - Started process (PID=6785) to work on /home/airflow/.local/lib/python3.12/site-packages/airflow/example_dags/example_bash_operator.py
[2026-03-04T08:10:34.065+0000] {processor.py:830} INFO - Processing file /home/airflow/.local/lib/python3.12/site-packages/airflow/example_dags/example_bash_operator.py for tasks to queue
[2026-03-04T08:10:34.065+0000] {logging_mixin.py:188} INFO - [2026-03-04T08:10:34.065+0000] {dagbag.py:545} INFO - Filling up the DagBag from /home/airflow/.local/lib/python3.12/site-packages/airflow/example_dags/example_bash_operator.py
[2026-03-04T08:10:34.069+0000] {processor.py:840} INFO - DAG(s) 'example_bash_operator' retrieved from /home/airflow/.local/lib/python3.12/site-packages/airflow/example_dags/example_bash_operator.py
[2026-03-04T08:10:34.082+0000] {logging_mixin.py:188} INFO - [2026-03-04T08:10:34.082+0000] {dag.py:3089} INFO - Sync 1 DAGs
[2026-03-04T08:10:34.091+0000] {logging_mixin.py:188} INFO - [2026-03-04T08:10:34.091+0000] {dag.py:3947} INFO - Setting next_dagrun for example_bash_operator to 2026-03-03 00:00:00+00:00, run_after=2026-03-04 00:00:00+00:00
[2026-03-04T08:10:34.097+0000] {processor.py:183} INFO - Processing /home/airflow/.local/lib/python3.12/site-packages/airflow/example_dags/example_bash_operator.py took 0.035 seconds
[2026-03-04T08:11:04.712+0000] {processor.py:161} INFO - Started process (PID=7047) to work on /home/airflow/.local/lib/python3.12/site-packages/airflow/example_dags/example_bash_operator.py
[2026-03-04T08:11:04.716+0000] {processor.py:830} INFO - Processing file /home/airflow/.local/lib/python3.12/site-packages/airflow/example_dags/example_bash_operator.py for tasks to queue
[2026-03-04T08:11:04.717+0000] {logging_mixin.py:188} INFO - [2026-03-04T08:11:04.717+0000] {dagbag.py:545} INFO - Filling up the DagBag from /home/airflow/.local/lib/python3.12/site-packages/airflow/example_dags/example_bash_operator.py
[2026-03-04T08:11:04.724+0000] {processor.py:840} INFO - DAG(s) 'example_bash_operator' retrieved from /home/airflow/.local/lib/python3.12/site-packages/airflow/example_dags/example_bash_operator.py
[2026-03-04T08:11:04.740+0000] {logging_mixin.py:188} INFO - [2026-03-04T08:11:04.740+0000] {dag.py:3089} INFO - Sync 1 DAGs
[2026-03-04T08:11:04.749+0000] {logging_mixin.py:188} INFO - [2026-03-04T08:11:04.749+0000] {dag.py:3947} INFO - Setting next_dagrun for example_bash_operator to 2026-03-03 00:00:00+00:00, run_after=2026-03-04 00:00:00+00:00
[2026-03-04T08:11:04.755+0000] {processor.py:183} INFO - Processing /home/airflow/.local/lib/python3.12/site-packages/airflow/example_dags/example_bash_operator.py took 0.048 seconds
[2026-03-04T08:11:35.360+0000] {processor.py:161} INFO - Started process (PID=7309) to work on /home/airflow/.local/lib/python3.12/site-packages/airflow/example_dags/example_bash_operator.py
[2026-03-04T08:11:35.361+0000] {processor.py:830} INFO - Processing file /home/airflow/.local/lib/python3.12/site-packages/airflow/example_dags/example_bash_operator.py for tasks to queue
[2026-03-04T08:11:35.361+0000] {logging_mixin.py:188} INFO - [2026-03-04T08:11:35.361+0000] {dagbag.py:545} INFO - Filling up the DagBag from /home/airflow/.local/lib/python3.12/site-packages/airflow/example_dags/example_bash_operator.py
[2026-03-04T08:11:35.366+0000] {processor.py:840} INFO - DAG(s) 'example_bash_operator' retrieved from /home/airflow/.local/lib/python3.12/site-packages/airflow/example_dags/example_bash_operator.py
[2026-03-04T08:11:35.379+0000] {logging_mixin.py:188} INFO - [2026-03-04T08:11:35.379+0000] {dag.py:3089} INFO - Sync 1 DAGs
[2026-03-04T08:11:35.389+0000] {logging_mixin.py:188} INFO - [2026-03-04T08:11:35.388+0000] {dag.py:3947} INFO - Setting next_dagrun for example_bash_operator to 2026-03-03 00:00:00+00:00, run_after=2026-03-04 00:00:00+00:00
[2026-03-04T08:11:35.396+0000] {processor.py:183} INFO - Processing /home/airflow/.local/lib/python3.12/site-packages/airflow/example_dags/example_bash_operator.py took 0.039 seconds
[2026-03-04T08:12:05.856+0000] {processor.py:161} INFO - Started process (PID=7571) to work on /home/airflow/.local/lib/python3.12/site-packages/airflow/example_dags/example_bash_operator.py
[2026-03-04T08:12:05.857+0000] {processor.py:830} INFO - Processing file /home/airflow/.local/lib/python3.12/site-packages/airflow/example_dags/example_bash_operator.py for tasks to queue
[2026-03-04T08:12:05.858+0000] {logging_mixin.py:188} INFO - [2026-03-04T08:12:05.858+0000] {dagbag.py:545} INFO - Filling up the DagBag from /home/airflow/.local/lib/python3.12/site-packages/airflow/example_dags/example_bash_operator.py
[2026-03-04T08:12:05.866+0000] {processor.py:840} INFO - DAG(s) 'example_bash_operator' retrieved from /home/airflow/.local/lib/python3.12/site-packages/airflow/example_dags/example_bash_operator.py
[2026-03-04T08:12:05.878+0000] {logging_mixin.py:188} INFO - [2026-03-04T08:12:05.878+0000] {dag.py:3089} INFO - Sync 1 DAGs
[2026-03-04T08:12:05.886+0000] {logging_mixin.py:188} INFO - [2026-03-04T08:12:05.886+0000] {dag.py:3947} INFO - Setting next_dagrun for example_bash_operator to 2026-03-03 00:00:00+00:00, run_after=2026-03-04 00:00:00+00:00
[2026-03-04T08:12:05.898+0000] {processor.py:183} INFO - Processing /home/airflow/.local/lib/python3.12/site-packages/airflow/example_dags/example_bash_operator.py took 0.044 seconds
[2026-03-04T08:12:36.437+0000] {processor.py:161} INFO - Started process (PID=7833) to work on /home/airflow/.local/lib/python3.12/site-packages/airflow/example_dags/example_bash_operator.py
[2026-03-04T08:12:36.438+0000] {processor.py:830} INFO - Processing file /home/airflow/.local/lib/python3.12/site-packages/airflow/example_dags/example_bash_operator.py for tasks to queue
[2026-03-04T08:12:36.439+0000] {logging_mixin.py:188} INFO - [2026-03-04T08:12:36.438+0000] {dagbag.py:545} INFO - Filling up the DagBag from /home/airflow/.local/lib/python3.12/site-packages/airflow/example_dags/example_bash_operator.py
[2026-03-04T08:12:36.443+0000] {processor.py:840} INFO - DAG(s) 'example_bash_operator' retrieved from /home/airflow/.local/lib/python3.12/site-packages/airflow/example_dags/example_bash_operator.py
[2026-03-04T08:12:36.451+0000] {logging_mixin.py:188} INFO - [2026-03-04T08:12:36.451+0000] {dag.py:3089} INFO - Sync 1 DAGs
[2026-03-04T08:12:36.459+0000] {logging_mixin.py:188} INFO - [2026-03-04T08:12:36.459+0000] {dag.py:3947} INFO - Setting next_dagrun for example_bash_operator to 2026-03-03 00:00:00+00:00, run_after=2026-03-04 00:00:00+00:00
[2026-03-04T08:12:36.467+0000] {processor.py:183} INFO - Processing /home/airflow/.local/lib/python3.12/site-packages/airflow/example_dags/example_bash_operator.py took 0.032 seconds
[2026-03-04T08:13:06.947+0000] {processor.py:161} INFO - Started process (PID=8095) to work on /home/airflow/.local/lib/python3.12/site-packages/airflow/example_dags/example_bash_operator.py
[2026-03-04T08:13:06.948+0000] {processor.py:830} INFO - Processing file /home/airflow/.local/lib/python3.12/site-packages/airflow/example_dags/example_bash_operator.py for tasks to queue
[2026-03-04T08:13:06.948+0000] {logging_mixin.py:188} INFO - [2026-03-04T08:13:06.948+0000] {dagbag.py:545} INFO - Filling up the DagBag from /home/airflow/.local/lib/python3.12/site-packages/airflow/example_dags/example_bash_operator.py
[2026-03-04T08:13:06.952+0000] {processor.py:840} INFO - DAG(s) 'example_bash_operator' retrieved from /home/airflow/.local/lib/python3.12/site-packages/airflow/example_dags/example_bash_operator.py
[2026-03-04T08:13:06.965+0000] {logging_mixin.py:188} INFO - [2026-03-04T08:13:06.965+0000] {dag.py:3089} INFO - Sync 1 DAGs
[2026-03-04T08:13:06.974+0000] {logging_mixin.py:188} INFO - [2026-03-04T08:13:06.974+0000] {dag.py:3947} INFO - Setting next_dagrun for example_bash_operator to 2026-03-03 00:00:00+00:00, run_after=2026-03-04 00:00:00+00:00
[2026-03-04T08:13:06.981+0000] {processor.py:183} INFO - Processing /home/airflow/.local/lib/python3.12/site-packages/airflow/example_dags/example_bash_operator.py took 0.036 seconds
[2026-03-04T08:13:37.526+0000] {processor.py:161} INFO - Started process (PID=8359) to work on /home/airflow/.local/lib/python3.12/site-packages/airflow/example_dags/example_bash_operator.py
[2026-03-04T08:13:37.527+0000] {processor.py:830} INFO - Processing file /home/airflow/.local/lib/python3.12/site-packages/airflow/example_dags/example_bash_operator.py for tasks to queue
[2026-03-04T08:13:37.527+0000] {logging_mixin.py:188} INFO - [2026-03-04T08:13:37.527+0000] {dagbag.py:545} INFO - Filling up the DagBag from /home/airflow/.local/lib/python3.12/site-packages/airflow/example_dags/example_bash_operator.py
[2026-03-04T08:13:37.531+0000] {processor.py:840} INFO - DAG(s) 'example_bash_operator' retrieved from /home/airflow/.local/lib/python3.12/site-packages/airflow/example_dags/example_bash_operator.py
[2026-03-04T08:13:37.539+0000] {logging_mixin.py:188} INFO - [2026-03-04T08:13:37.538+0000] {dag.py:3089} INFO - Sync 1 DAGs
[2026-03-04T08:13:37.545+0000] {logging_mixin.py:188} INFO - [2026-03-04T08:13:37.545+0000] {dag.py:3947} INFO - Setting next_dagrun for example_bash_operator to 2026-03-03 00:00:00+00:00, run_after=2026-03-04 00:00:00+00:00
[2026-03-04T08:13:37.550+0000] {processor.py:183} INFO - Processing /home/airflow/.local/lib/python3.12/site-packages/airflow/example_dags/example_bash_operator.py took 0.026 seconds
[2026-03-04T08:14:08.031+0000] {processor.py:161} INFO - Started process (PID=8619) to work on /home/airflow/.local/lib/python3.12/site-packages/airflow/example_dags/example_bash_operator.py
[2026-03-04T08:14:08.032+0000] {processor.py:830} INFO - Processing file /home/airflow/.local/lib/python3.12/site-packages/airflow/example_dags/example_bash_operator.py for tasks to queue
[2026-03-04T08:14:08.034+0000] {logging_mixin.py:188} INFO - [2026-03-04T08:14:08.034+0000] {dagbag.py:545} INFO - Filling up the DagBag from /home/airflow/.local/lib/python3.12/site-packages/airflow/example_dags/example_bash_operator.py
[2026-03-04T08:14:08.041+0000] {processor.py:840} INFO - DAG(s) 'example_bash_operator' retrieved from /home/airflow/.local/lib/python3.12/site-packages/airflow/example_dags/example_bash_operator.py
[2026-03-04T08:14:08.053+0000] {logging_mixin.py:188} INFO - [2026-03-04T08:14:08.053+0000] {dag.py:3089} INFO - Sync 1 DAGs
[2026-03-04T08:14:08.062+0000] {logging_mixin.py:188} INFO - [2026-03-04T08:14:08.062+0000] {dag.py:3947} INFO - Setting next_dagrun for example_bash_operator to 2026-03-03 00:00:00+00:00, run_after=2026-03-04 00:00:00+00:00
[2026-03-04T08:14:08.069+0000] {processor.py:183} INFO - Processing /home/airflow/.local/lib/python3.12/site-packages/airflow/example_dags/example_bash_operator.py took 0.039 seconds
[2026-03-04T08:14:38.578+0000] {processor.py:161} INFO - Started process (PID=8881) to work on /home/airflow/.local/lib/python3.12/site-packages/airflow/example_dags/example_bash_operator.py
[2026-03-04T08:14:38.579+0000] {processor.py:830} INFO - Processing file /home/airflow/.local/lib/python3.12/site-packages/airflow/example_dags/example_bash_operator.py for tasks to queue
[2026-03-04T08:14:38.579+0000] {logging_mixin.py:188} INFO - [2026-03-04T08:14:38.579+0000] {dagbag.py:545} INFO - Filling up the DagBag from /home/airflow/.local/lib/python3.12/site-packages/airflow/example_dags/example_bash_operator.py
[2026-03-04T08:14:38.584+0000] {processor.py:840} INFO - DAG(s) 'example_bash_operator' retrieved from /home/airflow/.local/lib/python3.12/site-packages/airflow/example_dags/example_bash_operator.py
[2026-03-04T08:14:38.596+0000] {logging_mixin.py:188} INFO - [2026-03-04T08:14:38.596+0000] {dag.py:3089} INFO - Sync 1 DAGs
[2026-03-04T08:14:38.605+0000] {logging_mixin.py:188} INFO - [2026-03-04T08:14:38.605+0000] {dag.py:3947} INFO - Setting next_dagrun for example_bash_operator to 2026-03-03 00:00:00+00:00, run_after=2026-03-04 00:00:00+00:00
[2026-03-04T08:14:38.611+0000] {processor.py:183} INFO - Processing /home/airflow/.local/lib/python3.12/site-packages/airflow/example_dags/example_bash_operator.py took 0.035 seconds
[2026-03-04T08:15:09.095+0000] {processor.py:161} INFO - Started process (PID=9147) to work on /home/airflow/.local/lib/python3.12/site-packages/airflow/example_dags/example_bash_operator.py
[2026-03-04T08:15:09.096+0000] {processor.py:830} INFO - Processing file /home/airflow/.local/lib/python3.12/site-packages/airflow/example_dags/example_bash_operator.py for tasks to queue
[2026-03-04T08:15:09.097+0000] {logging_mixin.py:188} INFO - [2026-03-04T08:15:09.097+0000] {dagbag.py:545} INFO - Filling up the DagBag from /home/airflow/.local/lib/python3.12/site-packages/airflow/example_dags/example_bash_operator.py
[2026-03-04T08:15:09.101+0000] {processor.py:840} INFO - DAG(s) 'example_bash_operator' retrieved from /home/airflow/.local/lib/python3.12/site-packages/airflow/example_dags/example_bash_operator.py
[2026-03-04T08:15:09.109+0000] {logging_mixin.py:188} INFO - [2026-03-04T08:15:09.109+0000] {dag.py:3089} INFO - Sync 1 DAGs
[2026-03-04T08:15:09.117+0000] {logging_mixin.py:188} INFO - [2026-03-04T08:15:09.117+0000] {dag.py:3947} INFO - Setting next_dagrun for example_bash_operator to 2026-03-03 00:00:00+00:00, run_after=2026-03-04 00:00:00+00:00
[2026-03-04T08:15:09.123+0000] {processor.py:183} INFO - Processing /home/airflow/.local/lib/python3.12/site-packages/airflow/example_dags/example_bash_operator.py took 0.030 seconds
[2026-03-04T08:15:39.682+0000] {processor.py:161} INFO - Started process (PID=9415) to work on /home/airflow/.local/lib/python3.12/site-packages/airflow/example_dags/example_bash_operator.py
[2026-03-04T08:15:39.683+0000] {processor.py:830} INFO - Processing file /home/airflow/.local/lib/python3.12/site-packages/airflow/example_dags/example_bash_operator.py for tasks to queue
[2026-03-04T08:15:39.684+0000] {logging_mixin.py:188} INFO - [2026-03-04T08:15:39.683+0000] {dagbag.py:545} INFO - Filling up the DagBag from /home/airflow/.local/lib/python3.12/site-packages/airflow/example_dags/example_bash_operator.py
[2026-03-04T08:15:39.687+0000] {processor.py:840} INFO - DAG(s) 'example_bash_operator' retrieved from /home/airflow/.local/lib/python3.12/site-packages/airflow/example_dags/example_bash_operator.py
[2026-03-04T08:15:39.695+0000] {logging_mixin.py:188} INFO - [2026-03-04T08:15:39.695+0000] {dag.py:3089} INFO - Sync 1 DAGs
[2026-03-04T08:15:39.702+0000] {logging_mixin.py:188} INFO - [2026-03-04T08:15:39.702+0000] {dag.py:3947} INFO - Setting next_dagrun for example_bash_operator to 2026-03-03 00:00:00+00:00, run_after=2026-03-04 00:00:00+00:00
[2026-03-04T08:15:39.707+0000] {processor.py:183} INFO - Processing /home/airflow/.local/lib/python3.12/site-packages/airflow/example_dags/example_bash_operator.py took 0.027 seconds
[2026-03-04T08:16:10.310+0000] {processor.py:161} INFO - Started process (PID=9677) to work on /home/airflow/.local/lib/python3.12/site-packages/airflow/example_dags/example_bash_operator.py
[2026-03-04T08:16:10.310+0000] {processor.py:830} INFO - Processing file /home/airflow/.local/lib/python3.12/site-packages/airflow/example_dags/example_bash_operator.py for tasks to queue
[2026-03-04T08:16:10.311+0000] {logging_mixin.py:188} INFO - [2026-03-04T08:16:10.311+0000] {dagbag.py:545} INFO - Filling up the DagBag from /home/airflow/.local/lib/python3.12/site-packages/airflow/example_dags/example_bash_operator.py
[2026-03-04T08:16:10.315+0000] {processor.py:840} INFO - DAG(s) 'example_bash_operator' retrieved from /home/airflow/.local/lib/python3.12/site-packages/airflow/example_dags/example_bash_operator.py
[2026-03-04T08:16:10.328+0000] {logging_mixin.py:188} INFO - [2026-03-04T08:16:10.328+0000] {dag.py:3089} INFO - Sync 1 DAGs
[2026-03-04T08:16:10.338+0000] {logging_mixin.py:188} INFO - [2026-03-04T08:16:10.338+0000] {dag.py:3947} INFO - Setting next_dagrun for example_bash_operator to 2026-03-03 00:00:00+00:00, run_after=2026-03-04 00:00:00+00:00
[2026-03-04T08:16:10.347+0000] {processor.py:183} INFO - Processing /home/airflow/.local/lib/python3.12/site-packages/airflow/example_dags/example_bash_operator.py took 0.040 seconds
[2026-03-04T08:16:40.951+0000] {processor.py:161} INFO - Started process (PID=9937) to work on /home/airflow/.local/lib/python3.12/site-packages/airflow/example_dags/example_bash_operator.py
[2026-03-04T08:16:40.951+0000] {processor.py:830} INFO - Processing file /home/airflow/.local/lib/python3.12/site-packages/airflow/example_dags/example_bash_operator.py for tasks to queue
[2026-03-04T08:16:40.952+0000] {logging_mixin.py:188} INFO - [2026-03-04T08:16:40.952+0000] {dagbag.py:545} INFO - Filling up the DagBag from /home/airflow/.local/lib/python3.12/site-packages/airflow/example_dags/example_bash_operator.py
[2026-03-04T08:16:40.956+0000] {processor.py:840} INFO - DAG(s) 'example_bash_operator' retrieved from /home/airflow/.local/lib/python3.12/site-packages/airflow/example_dags/example_bash_operator.py
[2026-03-04T08:16:40.968+0000] {logging_mixin.py:188} INFO - [2026-03-04T08:16:40.968+0000] {dag.py:3089} INFO - Sync 1 DAGs
[2026-03-04T08:16:40.976+0000] {logging_mixin.py:188} INFO - [2026-03-04T08:16:40.976+0000] {dag.py:3947} INFO - Setting next_dagrun for example_bash_operator to 2026-03-03 00:00:00+00:00, run_after=2026-03-04 00:00:00+00:00
[2026-03-04T08:16:40.985+0000] {processor.py:183} INFO - Processing /home/airflow/.local/lib/python3.12/site-packages/airflow/example_dags/example_bash_operator.py took 0.037 seconds
[2026-03-04T08:17:11.784+0000] {processor.py:161} INFO - Started process (PID=10199) to work on /home/airflow/.local/lib/python3.12/site-packages/airflow/example_dags/example_bash_operator.py
[2026-03-04T08:17:11.785+0000] {processor.py:830} INFO - Processing file /home/airflow/.local/lib/python3.12/site-packages/airflow/example_dags/example_bash_operator.py for tasks to queue
[2026-03-04T08:17:11.785+0000] {logging_mixin.py:188} INFO - [2026-03-04T08:17:11.785+0000] {dagbag.py:545} INFO - Filling up the DagBag from /home/airflow/.local/lib/python3.12/site-packages/airflow/example_dags/example_bash_operator.py
[2026-03-04T08:17:11.789+0000] {processor.py:840} INFO - DAG(s) 'example_bash_operator' retrieved from /home/airflow/.local/lib/python3.12/site-packages/airflow/example_dags/example_bash_operator.py
[2026-03-04T08:17:11.798+0000] {logging_mixin.py:188} INFO - [2026-03-04T08:17:11.798+0000] {dag.py:3089} INFO - Sync 1 DAGs
[2026-03-04T08:17:11.870+0000] {logging_mixin.py:188} INFO - [2026-03-04T08:17:11.870+0000] {dag.py:3947} INFO - Setting next_dagrun for example_bash_operator to 2026-03-03 00:00:00+00:00, run_after=2026-03-04 00:00:00+00:00
[2026-03-04T08:17:11.884+0000] {processor.py:183} INFO - Processing /home/airflow/.local/lib/python3.12/site-packages/airflow/example_dags/example_bash_operator.py took 0.102 seconds
[2026-03-04T08:17:42.624+0000] {processor.py:161} INFO - Started process (PID=10461) to work on /home/airflow/.local/lib/python3.12/site-packages/airflow/example_dags/example_bash_operator.py
[2026-03-04T08:17:42.625+0000] {processor.py:830} INFO - Processing file /home/airflow/.local/lib/python3.12/site-packages/airflow/example_dags/example_bash_operator.py for tasks to queue
[2026-03-04T08:17:42.625+0000] {logging_mixin.py:188} INFO - [2026-03-04T08:17:42.625+0000] {dagbag.py:545} INFO - Filling up the DagBag from /home/airflow/.local/lib/python3.12/site-packages/airflow/example_dags/example_bash_operator.py
[2026-03-04T08:17:42.631+0000] {processor.py:840} INFO - DAG(s) 'example_bash_operator' retrieved from /home/airflow/.local/lib/python3.12/site-packages/airflow/example_dags/example_bash_operator.py
[2026-03-04T08:17:42.644+0000] {logging_mixin.py:188} INFO - [2026-03-04T08:17:42.644+0000] {dag.py:3089} INFO - Sync 1 DAGs
[2026-03-04T08:17:42.653+0000] {logging_mixin.py:188} INFO - [2026-03-04T08:17:42.652+0000] {dag.py:3947} INFO - Setting next_dagrun for example_bash_operator to 2026-03-03 00:00:00+00:00, run_after=2026-03-04 00:00:00+00:00
[2026-03-04T08:17:42.730+0000] {processor.py:183} INFO - Processing /home/airflow/.local/lib/python3.12/site-packages/airflow/example_dags/example_bash_operator.py took 0.109 seconds
[2026-03-04T08:18:12.808+0000] {processor.py:161} INFO - Started process (PID=10728) to work on /home/airflow/.local/lib/python3.12/site-packages/airflow/example_dags/example_bash_operator.py
[2026-03-04T08:18:12.809+0000] {processor.py:830} INFO - Processing file /home/airflow/.local/lib/python3.12/site-packages/airflow/example_dags/example_bash_operator.py for tasks to queue
[2026-03-04T08:18:12.810+0000] {logging_mixin.py:188} INFO - [2026-03-04T08:18:12.809+0000] {dagbag.py:545} INFO - Filling up the DagBag from /home/airflow/.local/lib/python3.12/site-packages/airflow/example_dags/example_bash_operator.py
[2026-03-04T08:18:12.813+0000] {processor.py:840} INFO - DAG(s) 'example_bash_operator' retrieved from /home/airflow/.local/lib/python3.12/site-packages/airflow/example_dags/example_bash_operator.py
[2026-03-04T08:18:12.823+0000] {logging_mixin.py:188} INFO - [2026-03-04T08:18:12.823+0000] {dag.py:3089} INFO - Sync 1 DAGs
[2026-03-04T08:18:12.830+0000] {logging_mixin.py:188} INFO - [2026-03-04T08:18:12.830+0000] {dag.py:3947} INFO - Setting next_dagrun for example_bash_operator to 2026-03-03 00:00:00+00:00, run_after=2026-03-04 00:00:00+00:00
[2026-03-04T08:18:12.841+0000] {processor.py:183} INFO - Processing /home/airflow/.local/lib/python3.12/site-packages/airflow/example_dags/example_bash_operator.py took 0.035 seconds
[2026-03-04T08:18:43.432+0000] {processor.py:161} INFO - Started process (PID=10985) to work on /home/airflow/.local/lib/python3.12/site-packages/airflow/example_dags/example_bash_operator.py
[2026-03-04T08:18:43.433+0000] {processor.py:830} INFO - Processing file /home/airflow/.local/lib/python3.12/site-packages/airflow/example_dags/example_bash_operator.py for tasks to queue
[2026-03-04T08:18:43.434+0000] {logging_mixin.py:188} INFO - [2026-03-04T08:18:43.434+0000] {dagbag.py:545} INFO - Filling up the DagBag from /home/airflow/.local/lib/python3.12/site-packages/airflow/example_dags/example_bash_operator.py
[2026-03-04T08:18:43.441+0000] {processor.py:840} INFO - DAG(s) 'example_bash_operator' retrieved from /home/airflow/.local/lib/python3.12/site-packages/airflow/example_dags/example_bash_operator.py
[2026-03-04T08:18:43.451+0000] {logging_mixin.py:188} INFO - [2026-03-04T08:18:43.451+0000] {dag.py:3089} INFO - Sync 1 DAGs
[2026-03-04T08:18:43.459+0000] {logging_mixin.py:188} INFO - [2026-03-04T08:18:43.459+0000] {dag.py:3947} INFO - Setting next_dagrun for example_bash_operator to 2026-03-03 00:00:00+00:00, run_after=2026-03-04 00:00:00+00:00
[2026-03-04T08:18:43.465+0000] {processor.py:183} INFO - Processing /home/airflow/.local/lib/python3.12/site-packages/airflow/example_dags/example_bash_operator.py took 0.035 seconds
[2026-03-04T08:19:14.013+0000] {processor.py:161} INFO - Started process (PID=11247) to work on /home/airflow/.local/lib/python3.12/site-packages/airflow/example_dags/example_bash_operator.py
[2026-03-04T08:19:14.014+0000] {processor.py:830} INFO - Processing file /home/airflow/.local/lib/python3.12/site-packages/airflow/example_dags/example_bash_operator.py for tasks to queue
[2026-03-04T08:19:14.014+0000] {logging_mixin.py:188} INFO - [2026-03-04T08:19:14.014+0000] {dagbag.py:545} INFO - Filling up the DagBag from /home/airflow/.local/lib/python3.12/site-packages/airflow/example_dags/example_bash_operator.py
[2026-03-04T08:19:14.018+0000] {processor.py:840} INFO - DAG(s) 'example_bash_operator' retrieved from /home/airflow/.local/lib/python3.12/site-packages/airflow/example_dags/example_bash_operator.py
[2026-03-04T08:19:14.028+0000] {logging_mixin.py:188} INFO - [2026-03-04T08:19:14.028+0000] {dag.py:3089} INFO - Sync 1 DAGs
[2026-03-04T08:19:14.035+0000] {logging_mixin.py:188} INFO - [2026-03-04T08:19:14.035+0000] {dag.py:3947} INFO - Setting next_dagrun for example_bash_operator to 2026-03-03 00:00:00+00:00, run_after=2026-03-04 00:00:00+00:00
[2026-03-04T08:19:14.046+0000] {processor.py:183} INFO - Processing /home/airflow/.local/lib/python3.12/site-packages/airflow/example_dags/example_bash_operator.py took 0.035 seconds
[2026-03-04T08:19:44.632+0000] {processor.py:161} INFO - Started process (PID=11509) to work on /home/airflow/.local/lib/python3.12/site-packages/airflow/example_dags/example_bash_operator.py
[2026-03-04T08:19:44.634+0000] {processor.py:830} INFO - Processing file /home/airflow/.local/lib/python3.12/site-packages/airflow/example_dags/example_bash_operator.py for tasks to queue
[2026-03-04T08:19:44.635+0000] {logging_mixin.py:188} INFO - [2026-03-04T08:19:44.635+0000] {dagbag.py:545} INFO - Filling up the DagBag from /home/airflow/.local/lib/python3.12/site-packages/airflow/example_dags/example_bash_operator.py
[2026-03-04T08:19:44.639+0000] {processor.py:840} INFO - DAG(s) 'example_bash_operator' retrieved from /home/airflow/.local/lib/python3.12/site-packages/airflow/example_dags/example_bash_operator.py
[2026-03-04T08:19:44.651+0000] {logging_mixin.py:188} INFO - [2026-03-04T08:19:44.651+0000] {dag.py:3089} INFO - Sync 1 DAGs
[2026-03-04T08:19:44.660+0000] {logging_mixin.py:188} INFO - [2026-03-04T08:19:44.660+0000] {dag.py:3947} INFO - Setting next_dagrun for example_bash_operator to 2026-03-03 00:00:00+00:00, run_after=2026-03-04 00:00:00+00:00
[2026-03-04T08:19:44.666+0000] {processor.py:183} INFO - Processing /home/airflow/.local/lib/python3.12/site-packages/airflow/example_dags/example_bash_operator.py took 0.036 seconds
[2026-03-04T08:20:15.172+0000] {processor.py:161} INFO - Started process (PID=11771) to work on /home/airflow/.local/lib/python3.12/site-packages/airflow/example_dags/example_bash_operator.py
[2026-03-04T08:20:15.172+0000] {processor.py:830} INFO - Processing file /home/airflow/.local/lib/python3.12/site-packages/airflow/example_dags/example_bash_operator.py for tasks to queue
[2026-03-04T08:20:15.174+0000] {logging_mixin.py:188} INFO - [2026-03-04T08:20:15.174+0000] {dagbag.py:545} INFO - Filling up the DagBag from /home/airflow/.local/lib/python3.12/site-packages/airflow/example_dags/example_bash_operator.py
[2026-03-04T08:20:15.178+0000] {processor.py:840} INFO - DAG(s) 'example_bash_operator' retrieved from /home/airflow/.local/lib/python3.12/site-packages/airflow/example_dags/example_bash_operator.py
[2026-03-04T08:20:15.189+0000] {logging_mixin.py:188} INFO - [2026-03-04T08:20:15.189+0000] {dag.py:3089} INFO - Sync 1 DAGs
[2026-03-04T08:20:15.196+0000] {logging_mixin.py:188} INFO - [2026-03-04T08:20:15.196+0000] {dag.py:3947} INFO - Setting next_dagrun for example_bash_operator to 2026-03-03 00:00:00+00:00, run_after=2026-03-04 00:00:00+00:00
[2026-03-04T08:20:15.202+0000] {processor.py:183} INFO - Processing /home/airflow/.local/lib/python3.12/site-packages/airflow/example_dags/example_bash_operator.py took 0.033 seconds
[2026-03-04T08:37:20.757+0000] {processor.py:161} INFO - Started process (PID=12033) to work on /home/airflow/.local/lib/python3.12/site-packages/airflow/example_dags/example_bash_operator.py
[2026-03-04T08:37:20.757+0000] {processor.py:830} INFO - Processing file /home/airflow/.local/lib/python3.12/site-packages/airflow/example_dags/example_bash_operator.py for tasks to queue
[2026-03-04T08:37:20.758+0000] {logging_mixin.py:188} INFO - [2026-03-04T08:37:20.758+0000] {dagbag.py:545} INFO - Filling up the DagBag from /home/airflow/.local/lib/python3.12/site-packages/airflow/example_dags/example_bash_operator.py
[2026-03-04T08:37:20.762+0000] {processor.py:840} INFO - DAG(s) 'example_bash_operator' retrieved from /home/airflow/.local/lib/python3.12/site-packages/airflow/example_dags/example_bash_operator.py
[2026-03-04T08:37:20.779+0000] {logging_mixin.py:188} INFO - [2026-03-04T08:37:20.779+0000] {dag.py:3089} INFO - Sync 1 DAGs
[2026-03-04T08:37:20.786+0000] {logging_mixin.py:188} INFO - [2026-03-04T08:37:20.786+0000] {dag.py:3947} INFO - Setting next_dagrun for example_bash_operator to 2026-03-03 00:00:00+00:00, run_after=2026-03-04 00:00:00+00:00
[2026-03-04T08:37:20.794+0000] {processor.py:183} INFO - Processing /home/airflow/.local/lib/python3.12/site-packages/airflow/example_dags/example_bash_operator.py took 0.040 seconds
[2026-03-04T08:46:11.246+0000] {processor.py:161} INFO - Started process (PID=12297) to work on /home/airflow/.local/lib/python3.12/site-packages/airflow/example_dags/example_bash_operator.py
[2026-03-04T08:46:11.246+0000] {processor.py:830} INFO - Processing file /home/airflow/.local/lib/python3.12/site-packages/airflow/example_dags/example_bash_operator.py for tasks to queue
[2026-03-04T08:46:11.247+0000] {logging_mixin.py:188} INFO - [2026-03-04T08:46:11.247+0000] {dagbag.py:545} INFO - Filling up the DagBag from /home/airflow/.local/lib/python3.12/site-packages/airflow/example_dags/example_bash_operator.py
[2026-03-04T08:46:11.251+0000] {processor.py:840} INFO - DAG(s) 'example_bash_operator' retrieved from /home/airflow/.local/lib/python3.12/site-packages/airflow/example_dags/example_bash_operator.py
[2026-03-04T08:46:11.264+0000] {logging_mixin.py:188} INFO - [2026-03-04T08:46:11.263+0000] {dag.py:3089} INFO - Sync 1 DAGs
[2026-03-04T08:46:11.272+0000] {logging_mixin.py:188} INFO - [2026-03-04T08:46:11.272+0000] {dag.py:3947} INFO - Setting next_dagrun for example_bash_operator to 2026-03-03 00:00:00+00:00, run_after=2026-03-04 00:00:00+00:00
[2026-03-04T08:46:11.281+0000] {processor.py:183} INFO - Processing /home/airflow/.local/lib/python3.12/site-packages/airflow/example_dags/example_bash_operator.py took 0.038 seconds
[2026-03-04T08:46:41.851+0000] {processor.py:161} INFO - Started process (PID=12557) to work on /home/airflow/.local/lib/python3.12/site-packages/airflow/example_dags/example_bash_operator.py
[2026-03-04T08:46:41.852+0000] {processor.py:830} INFO - Processing file /home/airflow/.local/lib/python3.12/site-packages/airflow/example_dags/example_bash_operator.py for tasks to queue
[2026-03-04T08:46:41.854+0000] {logging_mixin.py:188} INFO - [2026-03-04T08:46:41.854+0000] {dagbag.py:545} INFO - Filling up the DagBag from /home/airflow/.local/lib/python3.12/site-packages/airflow/example_dags/example_bash_operator.py
[2026-03-04T08:46:41.857+0000] {processor.py:840} INFO - DAG(s) 'example_bash_operator' retrieved from /home/airflow/.local/lib/python3.12/site-packages/airflow/example_dags/example_bash_operator.py
[2026-03-04T08:46:41.867+0000] {logging_mixin.py:188} INFO - [2026-03-04T08:46:41.866+0000] {dag.py:3089} INFO - Sync 1 DAGs
[2026-03-04T08:46:41.876+0000] {logging_mixin.py:188} INFO - [2026-03-04T08:46:41.876+0000] {dag.py:3947} INFO - Setting next_dagrun for example_bash_operator to 2026-03-03 00:00:00+00:00, run_after=2026-03-04 00:00:00+00:00
[2026-03-04T08:46:41.884+0000] {processor.py:183} INFO - Processing /home/airflow/.local/lib/python3.12/site-packages/airflow/example_dags/example_bash_operator.py took 0.035 seconds
[2026-03-04T08:47:12.414+0000] {processor.py:161} INFO - Started process (PID=12819) to work on /home/airflow/.local/lib/python3.12/site-packages/airflow/example_dags/example_bash_operator.py
[2026-03-04T08:47:12.415+0000] {processor.py:830} INFO - Processing file /home/airflow/.local/lib/python3.12/site-packages/airflow/example_dags/example_bash_operator.py for tasks to queue
[2026-03-04T08:47:12.418+0000] {logging_mixin.py:188} INFO - [2026-03-04T08:47:12.418+0000] {dagbag.py:545} INFO - Filling up the DagBag from /home/airflow/.local/lib/python3.12/site-packages/airflow/example_dags/example_bash_operator.py
[2026-03-04T08:47:12.424+0000] {processor.py:840} INFO - DAG(s) 'example_bash_operator' retrieved from /home/airflow/.local/lib/python3.12/site-packages/airflow/example_dags/example_bash_operator.py
[2026-03-04T08:47:12.434+0000] {logging_mixin.py:188} INFO - [2026-03-04T08:47:12.434+0000] {dag.py:3089} INFO - Sync 1 DAGs
[2026-03-04T08:47:12.444+0000] {logging_mixin.py:188} INFO - [2026-03-04T08:47:12.444+0000] {dag.py:3947} INFO - Setting next_dagrun for example_bash_operator to 2026-03-03 00:00:00+00:00, run_after=2026-03-04 00:00:00+00:00
[2026-03-04T08:47:12.452+0000] {processor.py:183} INFO - Processing /home/airflow/.local/lib/python3.12/site-packages/airflow/example_dags/example_bash_operator.py took 0.040 seconds
[2026-03-04T08:47:42.918+0000] {processor.py:161} INFO - Started process (PID=13081) to work on /home/airflow/.local/lib/python3.12/site-packages/airflow/example_dags/example_bash_operator.py
[2026-03-04T08:47:42.918+0000] {processor.py:830} INFO - Processing file /home/airflow/.local/lib/python3.12/site-packages/airflow/example_dags/example_bash_operator.py for tasks to queue
[2026-03-04T08:47:42.920+0000] {logging_mixin.py:188} INFO - [2026-03-04T08:47:42.920+0000] {dagbag.py:545} INFO - Filling up the DagBag from /home/airflow/.local/lib/python3.12/site-packages/airflow/example_dags/example_bash_operator.py
[2026-03-04T08:47:42.925+0000] {processor.py:840} INFO - DAG(s) 'example_bash_operator' retrieved from /home/airflow/.local/lib/python3.12/site-packages/airflow/example_dags/example_bash_operator.py
[2026-03-04T08:47:42.937+0000] {logging_mixin.py:188} INFO - [2026-03-04T08:47:42.936+0000] {dag.py:3089} INFO - Sync 1 DAGs
[2026-03-04T08:47:42.945+0000] {logging_mixin.py:188} INFO - [2026-03-04T08:47:42.945+0000] {dag.py:3947} INFO - Setting next_dagrun for example_bash_operator to 2026-03-03 00:00:00+00:00, run_after=2026-03-04 00:00:00+00:00
[2026-03-04T08:47:42.953+0000] {processor.py:183} INFO - Processing /home/airflow/.local/lib/python3.12/site-packages/airflow/example_dags/example_bash_operator.py took 0.038 seconds
[2026-03-04T08:48:13.440+0000] {processor.py:161} INFO - Started process (PID=13343) to work on /home/airflow/.local/lib/python3.12/site-packages/airflow/example_dags/example_bash_operator.py
[2026-03-04T08:48:13.441+0000] {processor.py:830} INFO - Processing file /home/airflow/.local/lib/python3.12/site-packages/airflow/example_dags/example_bash_operator.py for tasks to queue
[2026-03-04T08:48:13.442+0000] {logging_mixin.py:188} INFO - [2026-03-04T08:48:13.442+0000] {dagbag.py:545} INFO - Filling up the DagBag from /home/airflow/.local/lib/python3.12/site-packages/airflow/example_dags/example_bash_operator.py
[2026-03-04T08:48:13.446+0000] {processor.py:840} INFO - DAG(s) 'example_bash_operator' retrieved from /home/airflow/.local/lib/python3.12/site-packages/airflow/example_dags/example_bash_operator.py
[2026-03-04T08:48:13.461+0000] {logging_mixin.py:188} INFO - [2026-03-04T08:48:13.461+0000] {dag.py:3089} INFO - Sync 1 DAGs
[2026-03-04T08:48:13.469+0000] {logging_mixin.py:188} INFO - [2026-03-04T08:48:13.469+0000] {dag.py:3947} INFO - Setting next_dagrun for example_bash_operator to 2026-03-03 00:00:00+00:00, run_after=2026-03-04 00:00:00+00:00
[2026-03-04T08:48:13.478+0000] {processor.py:183} INFO - Processing /home/airflow/.local/lib/python3.12/site-packages/airflow/example_dags/example_bash_operator.py took 0.041 seconds
[2026-03-04T08:48:43.979+0000] {processor.py:161} INFO - Started process (PID=13605) to work on /home/airflow/.local/lib/python3.12/site-packages/airflow/example_dags/example_bash_operator.py
[2026-03-04T08:48:43.980+0000] {processor.py:830} INFO - Processing file /home/airflow/.local/lib/python3.12/site-packages/airflow/example_dags/example_bash_operator.py for tasks to queue
[2026-03-04T08:48:43.982+0000] {logging_mixin.py:188} INFO - [2026-03-04T08:48:43.982+0000] {dagbag.py:545} INFO - Filling up the DagBag from /home/airflow/.local/lib/python3.12/site-packages/airflow/example_dags/example_bash_operator.py
[2026-03-04T08:48:43.986+0000] {processor.py:840} INFO - DAG(s) 'example_bash_operator' retrieved from /home/airflow/.local/lib/python3.12/site-packages/airflow/example_dags/example_bash_operator.py
[2026-03-04T08:48:44.000+0000] {logging_mixin.py:188} INFO - [2026-03-04T08:48:44.000+0000] {dag.py:3089} INFO - Sync 1 DAGs
[2026-03-04T08:48:44.010+0000] {logging_mixin.py:188} INFO - [2026-03-04T08:48:44.010+0000] {dag.py:3947} INFO - Setting next_dagrun for example_bash_operator to 2026-03-03 00:00:00+00:00, run_after=2026-03-04 00:00:00+00:00
[2026-03-04T08:48:44.018+0000] {processor.py:183} INFO - Processing /home/airflow/.local/lib/python3.12/site-packages/airflow/example_dags/example_bash_operator.py took 0.040 seconds
[2026-03-04T08:49:14.607+0000] {processor.py:161} INFO - Started process (PID=13867) to work on /home/airflow/.local/lib/python3.12/site-packages/airflow/example_dags/example_bash_operator.py
[2026-03-04T08:49:14.608+0000] {processor.py:830} INFO - Processing file /home/airflow/.local/lib/python3.12/site-packages/airflow/example_dags/example_bash_operator.py for tasks to queue
[2026-03-04T08:49:14.608+0000] {logging_mixin.py:188} INFO - [2026-03-04T08:49:14.608+0000] {dagbag.py:545} INFO - Filling up the DagBag from /home/airflow/.local/lib/python3.12/site-packages/airflow/example_dags/example_bash_operator.py
[2026-03-04T08:49:14.612+0000] {processor.py:840} INFO - DAG(s) 'example_bash_operator' retrieved from /home/airflow/.local/lib/python3.12/site-packages/airflow/example_dags/example_bash_operator.py
[2026-03-04T08:49:14.623+0000] {logging_mixin.py:188} INFO - [2026-03-04T08:49:14.623+0000] {dag.py:3089} INFO - Sync 1 DAGs
[2026-03-04T08:49:14.630+0000] {logging_mixin.py:188} INFO - [2026-03-04T08:49:14.630+0000] {dag.py:3947} INFO - Setting next_dagrun for example_bash_operator to 2026-03-03 00:00:00+00:00, run_after=2026-03-04 00:00:00+00:00
[2026-03-04T08:49:14.637+0000] {processor.py:183} INFO - Processing /home/airflow/.local/lib/python3.12/site-packages/airflow/example_dags/example_bash_operator.py took 0.032 seconds
[2026-03-04T08:49:45.140+0000] {processor.py:161} INFO - Started process (PID=14129) to work on /home/airflow/.local/lib/python3.12/site-packages/airflow/example_dags/example_bash_operator.py
[2026-03-04T08:49:45.140+0000] {processor.py:830} INFO - Processing file /home/airflow/.local/lib/python3.12/site-packages/airflow/example_dags/example_bash_operator.py for tasks to queue
[2026-03-04T08:49:45.142+0000] {logging_mixin.py:188} INFO - [2026-03-04T08:49:45.142+0000] {dagbag.py:545} INFO - Filling up the DagBag from /home/airflow/.local/lib/python3.12/site-packages/airflow/example_dags/example_bash_operator.py
[2026-03-04T08:49:45.147+0000] {processor.py:840} INFO - DAG(s) 'example_bash_operator' retrieved from /home/airflow/.local/lib/python3.12/site-packages/airflow/example_dags/example_bash_operator.py
[2026-03-04T08:49:45.161+0000] {logging_mixin.py:188} INFO - [2026-03-04T08:49:45.161+0000] {dag.py:3089} INFO - Sync 1 DAGs
[2026-03-04T08:49:45.172+0000] {logging_mixin.py:188} INFO - [2026-03-04T08:49:45.172+0000] {dag.py:3947} INFO - Setting next_dagrun for example_bash_operator to 2026-03-03 00:00:00+00:00, run_after=2026-03-04 00:00:00+00:00
[2026-03-04T08:49:45.181+0000] {processor.py:183} INFO - Processing /home/airflow/.local/lib/python3.12/site-packages/airflow/example_dags/example_bash_operator.py took 0.044 seconds
[2026-03-04T08:50:15.679+0000] {processor.py:161} INFO - Started process (PID=14391) to work on /home/airflow/.local/lib/python3.12/site-packages/airflow/example_dags/example_bash_operator.py
[2026-03-04T08:50:15.681+0000] {processor.py:830} INFO - Processing file /home/airflow/.local/lib/python3.12/site-packages/airflow/example_dags/example_bash_operator.py for tasks to queue
[2026-03-04T08:50:15.683+0000] {logging_mixin.py:188} INFO - [2026-03-04T08:50:15.682+0000] {dagbag.py:545} INFO - Filling up the DagBag from /home/airflow/.local/lib/python3.12/site-packages/airflow/example_dags/example_bash_operator.py
[2026-03-04T08:50:15.686+0000] {processor.py:840} INFO - DAG(s) 'example_bash_operator' retrieved from /home/airflow/.local/lib/python3.12/site-packages/airflow/example_dags/example_bash_operator.py
[2026-03-04T08:50:15.698+0000] {logging_mixin.py:188} INFO - [2026-03-04T08:50:15.698+0000] {dag.py:3089} INFO - Sync 1 DAGs
[2026-03-04T08:50:15.706+0000] {logging_mixin.py:188} INFO - [2026-03-04T08:50:15.706+0000] {dag.py:3947} INFO - Setting next_dagrun for example_bash_operator to 2026-03-03 00:00:00+00:00, run_after=2026-03-04 00:00:00+00:00
[2026-03-04T08:50:15.715+0000] {processor.py:183} INFO - Processing /home/airflow/.local/lib/python3.12/site-packages/airflow/example_dags/example_bash_operator.py took 0.038 seconds
[2026-03-04T08:50:46.237+0000] {processor.py:161} INFO - Started process (PID=14653) to work on /home/airflow/.local/lib/python3.12/site-packages/airflow/example_dags/example_bash_operator.py
[2026-03-04T08:50:46.238+0000] {processor.py:830} INFO - Processing file /home/airflow/.local/lib/python3.12/site-packages/airflow/example_dags/example_bash_operator.py for tasks to queue
[2026-03-04T08:50:46.238+0000] {logging_mixin.py:188} INFO - [2026-03-04T08:50:46.238+0000] {dagbag.py:545} INFO - Filling up the DagBag from /home/airflow/.local/lib/python3.12/site-packages/airflow/example_dags/example_bash_operator.py
[2026-03-04T08:50:46.246+0000] {processor.py:840} INFO - DAG(s) 'example_bash_operator' retrieved from /home/airflow/.local/lib/python3.12/site-packages/airflow/example_dags/example_bash_operator.py
[2026-03-04T08:50:46.256+0000] {logging_mixin.py:188} INFO - [2026-03-04T08:50:46.256+0000] {dag.py:3089} INFO - Sync 1 DAGs
[2026-03-04T08:50:46.266+0000] {logging_mixin.py:188} INFO - [2026-03-04T08:50:46.266+0000] {dag.py:3947} INFO - Setting next_dagrun for example_bash_operator to 2026-03-03 00:00:00+00:00, run_after=2026-03-04 00:00:00+00:00
[2026-03-04T08:50:46.275+0000] {processor.py:183} INFO - Processing /home/airflow/.local/lib/python3.12/site-packages/airflow/example_dags/example_bash_operator.py took 0.040 seconds
