[2026-03-04T07:57:50.604+0000] {processor.py:161} INFO - Started process (PID=332) to work on /home/airflow/.local/lib/python3.12/site-packages/airflow/example_dags/example_trigger_controller_dag.py
[2026-03-04T07:57:50.605+0000] {processor.py:830} INFO - Processing file /home/airflow/.local/lib/python3.12/site-packages/airflow/example_dags/example_trigger_controller_dag.py for tasks to queue
[2026-03-04T07:57:50.607+0000] {logging_mixin.py:188} INFO - [2026-03-04T07:57:50.607+0000] {dagbag.py:545} INFO - Filling up the DagBag from /home/airflow/.local/lib/python3.12/site-packages/airflow/example_dags/example_trigger_controller_dag.py
[2026-03-04T07:57:50.611+0000] {processor.py:840} INFO - DAG(s) 'example_trigger_controller_dag' retrieved from /home/airflow/.local/lib/python3.12/site-packages/airflow/example_dags/example_trigger_controller_dag.py
[2026-03-04T07:57:50.651+0000] {logging_mixin.py:188} INFO - [2026-03-04T07:57:50.650+0000] {override.py:1858} INFO - Created Permission View: can delete on DAG:example_trigger_controller_dag
[2026-03-04T07:57:50.657+0000] {logging_mixin.py:188} INFO - [2026-03-04T07:57:50.656+0000] {override.py:1858} INFO - Created Permission View: can read on DAG:example_trigger_controller_dag
[2026-03-04T07:57:50.659+0000] {logging_mixin.py:188} INFO - [2026-03-04T07:57:50.659+0000] {override.py:1858} INFO - Created Permission View: can edit on DAG:example_trigger_controller_dag
[2026-03-04T07:57:50.659+0000] {logging_mixin.py:188} INFO - [2026-03-04T07:57:50.659+0000] {dag.py:3089} INFO - Sync 1 DAGs
[2026-03-04T07:57:50.665+0000] {logging_mixin.py:188} INFO - [2026-03-04T07:57:50.665+0000] {dag.py:3111} INFO - Creating ORM DAG for example_trigger_controller_dag
[2026-03-04T07:57:50.668+0000] {logging_mixin.py:188} INFO - [2026-03-04T07:57:50.668+0000] {dag.py:3947} INFO - Setting next_dagrun for example_trigger_controller_dag to 2021-01-01 00:00:00+00:00, run_after=2021-01-01 00:00:00+00:00
[2026-03-04T07:57:50.676+0000] {processor.py:183} INFO - Processing /home/airflow/.local/lib/python3.12/site-packages/airflow/example_dags/example_trigger_controller_dag.py took 0.075 seconds
[2026-03-04T07:58:20.734+0000] {processor.py:161} INFO - Started process (PID=594) to work on /home/airflow/.local/lib/python3.12/site-packages/airflow/example_dags/example_trigger_controller_dag.py
[2026-03-04T07:58:20.734+0000] {processor.py:830} INFO - Processing file /home/airflow/.local/lib/python3.12/site-packages/airflow/example_dags/example_trigger_controller_dag.py for tasks to queue
[2026-03-04T07:58:20.735+0000] {logging_mixin.py:188} INFO - [2026-03-04T07:58:20.735+0000] {dagbag.py:545} INFO - Filling up the DagBag from /home/airflow/.local/lib/python3.12/site-packages/airflow/example_dags/example_trigger_controller_dag.py
[2026-03-04T07:58:20.738+0000] {processor.py:840} INFO - DAG(s) 'example_trigger_controller_dag' retrieved from /home/airflow/.local/lib/python3.12/site-packages/airflow/example_dags/example_trigger_controller_dag.py
[2026-03-04T07:58:20.745+0000] {logging_mixin.py:188} INFO - [2026-03-04T07:58:20.745+0000] {dag.py:3089} INFO - Sync 1 DAGs
[2026-03-04T07:58:20.755+0000] {logging_mixin.py:188} INFO - [2026-03-04T07:58:20.755+0000] {dag.py:3947} INFO - Setting next_dagrun for example_trigger_controller_dag to 2021-01-01 00:00:00+00:00, run_after=2021-01-01 00:00:00+00:00
[2026-03-04T07:58:20.763+0000] {processor.py:183} INFO - Processing /home/airflow/.local/lib/python3.12/site-packages/airflow/example_dags/example_trigger_controller_dag.py took 0.032 seconds
[2026-03-04T07:58:51.271+0000] {processor.py:161} INFO - Started process (PID=856) to work on /home/airflow/.local/lib/python3.12/site-packages/airflow/example_dags/example_trigger_controller_dag.py
[2026-03-04T07:58:51.272+0000] {processor.py:830} INFO - Processing file /home/airflow/.local/lib/python3.12/site-packages/airflow/example_dags/example_trigger_controller_dag.py for tasks to queue
[2026-03-04T07:58:51.272+0000] {logging_mixin.py:188} INFO - [2026-03-04T07:58:51.272+0000] {dagbag.py:545} INFO - Filling up the DagBag from /home/airflow/.local/lib/python3.12/site-packages/airflow/example_dags/example_trigger_controller_dag.py
[2026-03-04T07:58:51.274+0000] {processor.py:840} INFO - DAG(s) 'example_trigger_controller_dag' retrieved from /home/airflow/.local/lib/python3.12/site-packages/airflow/example_dags/example_trigger_controller_dag.py
[2026-03-04T07:58:51.280+0000] {logging_mixin.py:188} INFO - [2026-03-04T07:58:51.280+0000] {dag.py:3089} INFO - Sync 1 DAGs
[2026-03-04T07:58:51.287+0000] {logging_mixin.py:188} INFO - [2026-03-04T07:58:51.287+0000] {dag.py:3947} INFO - Setting next_dagrun for example_trigger_controller_dag to 2021-01-01 00:00:00+00:00, run_after=2021-01-01 00:00:00+00:00
[2026-03-04T07:58:51.292+0000] {processor.py:183} INFO - Processing /home/airflow/.local/lib/python3.12/site-packages/airflow/example_dags/example_trigger_controller_dag.py took 0.023 seconds
[2026-03-04T07:59:21.793+0000] {processor.py:161} INFO - Started process (PID=1118) to work on /home/airflow/.local/lib/python3.12/site-packages/airflow/example_dags/example_trigger_controller_dag.py
[2026-03-04T07:59:21.794+0000] {processor.py:830} INFO - Processing file /home/airflow/.local/lib/python3.12/site-packages/airflow/example_dags/example_trigger_controller_dag.py for tasks to queue
[2026-03-04T07:59:21.795+0000] {logging_mixin.py:188} INFO - [2026-03-04T07:59:21.795+0000] {dagbag.py:545} INFO - Filling up the DagBag from /home/airflow/.local/lib/python3.12/site-packages/airflow/example_dags/example_trigger_controller_dag.py
[2026-03-04T07:59:21.796+0000] {processor.py:840} INFO - DAG(s) 'example_trigger_controller_dag' retrieved from /home/airflow/.local/lib/python3.12/site-packages/airflow/example_dags/example_trigger_controller_dag.py
[2026-03-04T07:59:21.802+0000] {logging_mixin.py:188} INFO - [2026-03-04T07:59:21.802+0000] {dag.py:3089} INFO - Sync 1 DAGs
[2026-03-04T07:59:21.809+0000] {logging_mixin.py:188} INFO - [2026-03-04T07:59:21.809+0000] {dag.py:3947} INFO - Setting next_dagrun for example_trigger_controller_dag to 2021-01-01 00:00:00+00:00, run_after=2021-01-01 00:00:00+00:00
[2026-03-04T07:59:21.814+0000] {processor.py:183} INFO - Processing /home/airflow/.local/lib/python3.12/site-packages/airflow/example_dags/example_trigger_controller_dag.py took 0.023 seconds
[2026-03-04T07:59:52.507+0000] {processor.py:161} INFO - Started process (PID=1381) to work on /home/airflow/.local/lib/python3.12/site-packages/airflow/example_dags/example_trigger_controller_dag.py
[2026-03-04T07:59:52.508+0000] {processor.py:830} INFO - Processing file /home/airflow/.local/lib/python3.12/site-packages/airflow/example_dags/example_trigger_controller_dag.py for tasks to queue
[2026-03-04T07:59:52.508+0000] {logging_mixin.py:188} INFO - [2026-03-04T07:59:52.508+0000] {dagbag.py:545} INFO - Filling up the DagBag from /home/airflow/.local/lib/python3.12/site-packages/airflow/example_dags/example_trigger_controller_dag.py
[2026-03-04T07:59:52.510+0000] {processor.py:840} INFO - DAG(s) 'example_trigger_controller_dag' retrieved from /home/airflow/.local/lib/python3.12/site-packages/airflow/example_dags/example_trigger_controller_dag.py
[2026-03-04T07:59:52.517+0000] {logging_mixin.py:188} INFO - [2026-03-04T07:59:52.517+0000] {dag.py:3089} INFO - Sync 1 DAGs
[2026-03-04T07:59:52.524+0000] {logging_mixin.py:188} INFO - [2026-03-04T07:59:52.524+0000] {dag.py:3947} INFO - Setting next_dagrun for example_trigger_controller_dag to 2021-01-01 00:00:00+00:00, run_after=2021-01-01 00:00:00+00:00
[2026-03-04T07:59:52.529+0000] {processor.py:183} INFO - Processing /home/airflow/.local/lib/python3.12/site-packages/airflow/example_dags/example_trigger_controller_dag.py took 0.024 seconds
[2026-03-04T08:00:23.100+0000] {processor.py:161} INFO - Started process (PID=1642) to work on /home/airflow/.local/lib/python3.12/site-packages/airflow/example_dags/example_trigger_controller_dag.py
[2026-03-04T08:00:23.100+0000] {processor.py:830} INFO - Processing file /home/airflow/.local/lib/python3.12/site-packages/airflow/example_dags/example_trigger_controller_dag.py for tasks to queue
[2026-03-04T08:00:23.101+0000] {logging_mixin.py:188} INFO - [2026-03-04T08:00:23.101+0000] {dagbag.py:545} INFO - Filling up the DagBag from /home/airflow/.local/lib/python3.12/site-packages/airflow/example_dags/example_trigger_controller_dag.py
[2026-03-04T08:00:23.105+0000] {processor.py:840} INFO - DAG(s) 'example_trigger_controller_dag' retrieved from /home/airflow/.local/lib/python3.12/site-packages/airflow/example_dags/example_trigger_controller_dag.py
[2026-03-04T08:00:23.113+0000] {logging_mixin.py:188} INFO - [2026-03-04T08:00:23.113+0000] {dag.py:3089} INFO - Sync 1 DAGs
[2026-03-04T08:00:23.122+0000] {logging_mixin.py:188} INFO - [2026-03-04T08:00:23.122+0000] {dag.py:3947} INFO - Setting next_dagrun for example_trigger_controller_dag to 2021-01-01 00:00:00+00:00, run_after=2021-01-01 00:00:00+00:00
[2026-03-04T08:00:23.126+0000] {processor.py:183} INFO - Processing /home/airflow/.local/lib/python3.12/site-packages/airflow/example_dags/example_trigger_controller_dag.py took 0.029 seconds
[2026-03-04T08:00:53.705+0000] {processor.py:161} INFO - Started process (PID=1904) to work on /home/airflow/.local/lib/python3.12/site-packages/airflow/example_dags/example_trigger_controller_dag.py
[2026-03-04T08:00:53.706+0000] {processor.py:830} INFO - Processing file /home/airflow/.local/lib/python3.12/site-packages/airflow/example_dags/example_trigger_controller_dag.py for tasks to queue
[2026-03-04T08:00:53.706+0000] {logging_mixin.py:188} INFO - [2026-03-04T08:00:53.706+0000] {dagbag.py:545} INFO - Filling up the DagBag from /home/airflow/.local/lib/python3.12/site-packages/airflow/example_dags/example_trigger_controller_dag.py
[2026-03-04T08:00:53.709+0000] {processor.py:840} INFO - DAG(s) 'example_trigger_controller_dag' retrieved from /home/airflow/.local/lib/python3.12/site-packages/airflow/example_dags/example_trigger_controller_dag.py
[2026-03-04T08:00:53.724+0000] {logging_mixin.py:188} INFO - [2026-03-04T08:00:53.724+0000] {dag.py:3089} INFO - Sync 1 DAGs
[2026-03-04T08:00:53.734+0000] {logging_mixin.py:188} INFO - [2026-03-04T08:00:53.734+0000] {dag.py:3947} INFO - Setting next_dagrun for example_trigger_controller_dag to 2021-01-01 00:00:00+00:00, run_after=2021-01-01 00:00:00+00:00
[2026-03-04T08:00:53.743+0000] {processor.py:183} INFO - Processing /home/airflow/.local/lib/python3.12/site-packages/airflow/example_dags/example_trigger_controller_dag.py took 0.040 seconds
[2026-03-04T08:01:24.310+0000] {processor.py:161} INFO - Started process (PID=2166) to work on /home/airflow/.local/lib/python3.12/site-packages/airflow/example_dags/example_trigger_controller_dag.py
[2026-03-04T08:01:24.311+0000] {processor.py:830} INFO - Processing file /home/airflow/.local/lib/python3.12/site-packages/airflow/example_dags/example_trigger_controller_dag.py for tasks to queue
[2026-03-04T08:01:24.312+0000] {logging_mixin.py:188} INFO - [2026-03-04T08:01:24.311+0000] {dagbag.py:545} INFO - Filling up the DagBag from /home/airflow/.local/lib/python3.12/site-packages/airflow/example_dags/example_trigger_controller_dag.py
[2026-03-04T08:01:24.314+0000] {processor.py:840} INFO - DAG(s) 'example_trigger_controller_dag' retrieved from /home/airflow/.local/lib/python3.12/site-packages/airflow/example_dags/example_trigger_controller_dag.py
[2026-03-04T08:01:24.325+0000] {logging_mixin.py:188} INFO - [2026-03-04T08:01:24.325+0000] {dag.py:3089} INFO - Sync 1 DAGs
[2026-03-04T08:01:24.332+0000] {logging_mixin.py:188} INFO - [2026-03-04T08:01:24.332+0000] {dag.py:3947} INFO - Setting next_dagrun for example_trigger_controller_dag to 2021-01-01 00:00:00+00:00, run_after=2021-01-01 00:00:00+00:00
[2026-03-04T08:01:24.340+0000] {processor.py:183} INFO - Processing /home/airflow/.local/lib/python3.12/site-packages/airflow/example_dags/example_trigger_controller_dag.py took 0.031 seconds
[2026-03-04T08:01:54.934+0000] {processor.py:161} INFO - Started process (PID=2428) to work on /home/airflow/.local/lib/python3.12/site-packages/airflow/example_dags/example_trigger_controller_dag.py
[2026-03-04T08:01:54.935+0000] {processor.py:830} INFO - Processing file /home/airflow/.local/lib/python3.12/site-packages/airflow/example_dags/example_trigger_controller_dag.py for tasks to queue
[2026-03-04T08:01:54.935+0000] {logging_mixin.py:188} INFO - [2026-03-04T08:01:54.935+0000] {dagbag.py:545} INFO - Filling up the DagBag from /home/airflow/.local/lib/python3.12/site-packages/airflow/example_dags/example_trigger_controller_dag.py
[2026-03-04T08:01:54.937+0000] {processor.py:840} INFO - DAG(s) 'example_trigger_controller_dag' retrieved from /home/airflow/.local/lib/python3.12/site-packages/airflow/example_dags/example_trigger_controller_dag.py
[2026-03-04T08:01:54.943+0000] {logging_mixin.py:188} INFO - [2026-03-04T08:01:54.943+0000] {dag.py:3089} INFO - Sync 1 DAGs
[2026-03-04T08:01:54.949+0000] {logging_mixin.py:188} INFO - [2026-03-04T08:01:54.949+0000] {dag.py:3947} INFO - Setting next_dagrun for example_trigger_controller_dag to 2021-01-01 00:00:00+00:00, run_after=2021-01-01 00:00:00+00:00
[2026-03-04T08:01:54.955+0000] {processor.py:183} INFO - Processing /home/airflow/.local/lib/python3.12/site-packages/airflow/example_dags/example_trigger_controller_dag.py took 0.023 seconds
[2026-03-04T08:02:25.415+0000] {processor.py:161} INFO - Started process (PID=2692) to work on /home/airflow/.local/lib/python3.12/site-packages/airflow/example_dags/example_trigger_controller_dag.py
[2026-03-04T08:02:25.415+0000] {processor.py:830} INFO - Processing file /home/airflow/.local/lib/python3.12/site-packages/airflow/example_dags/example_trigger_controller_dag.py for tasks to queue
[2026-03-04T08:02:25.416+0000] {logging_mixin.py:188} INFO - [2026-03-04T08:02:25.416+0000] {dagbag.py:545} INFO - Filling up the DagBag from /home/airflow/.local/lib/python3.12/site-packages/airflow/example_dags/example_trigger_controller_dag.py
[2026-03-04T08:02:25.417+0000] {processor.py:840} INFO - DAG(s) 'example_trigger_controller_dag' retrieved from /home/airflow/.local/lib/python3.12/site-packages/airflow/example_dags/example_trigger_controller_dag.py
[2026-03-04T08:02:25.424+0000] {logging_mixin.py:188} INFO - [2026-03-04T08:02:25.424+0000] {dag.py:3089} INFO - Sync 1 DAGs
[2026-03-04T08:02:25.430+0000] {logging_mixin.py:188} INFO - [2026-03-04T08:02:25.430+0000] {dag.py:3947} INFO - Setting next_dagrun for example_trigger_controller_dag to 2021-01-01 00:00:00+00:00, run_after=2021-01-01 00:00:00+00:00
[2026-03-04T08:02:25.435+0000] {processor.py:183} INFO - Processing /home/airflow/.local/lib/python3.12/site-packages/airflow/example_dags/example_trigger_controller_dag.py took 0.022 seconds
[2026-03-04T08:02:55.916+0000] {processor.py:161} INFO - Started process (PID=2953) to work on /home/airflow/.local/lib/python3.12/site-packages/airflow/example_dags/example_trigger_controller_dag.py
[2026-03-04T08:02:55.917+0000] {processor.py:830} INFO - Processing file /home/airflow/.local/lib/python3.12/site-packages/airflow/example_dags/example_trigger_controller_dag.py for tasks to queue
[2026-03-04T08:02:55.917+0000] {logging_mixin.py:188} INFO - [2026-03-04T08:02:55.917+0000] {dagbag.py:545} INFO - Filling up the DagBag from /home/airflow/.local/lib/python3.12/site-packages/airflow/example_dags/example_trigger_controller_dag.py
[2026-03-04T08:02:55.919+0000] {processor.py:840} INFO - DAG(s) 'example_trigger_controller_dag' retrieved from /home/airflow/.local/lib/python3.12/site-packages/airflow/example_dags/example_trigger_controller_dag.py
[2026-03-04T08:02:55.926+0000] {logging_mixin.py:188} INFO - [2026-03-04T08:02:55.926+0000] {dag.py:3089} INFO - Sync 1 DAGs
[2026-03-04T08:02:55.932+0000] {logging_mixin.py:188} INFO - [2026-03-04T08:02:55.932+0000] {dag.py:3947} INFO - Setting next_dagrun for example_trigger_controller_dag to 2021-01-01 00:00:00+00:00, run_after=2021-01-01 00:00:00+00:00
[2026-03-04T08:02:55.937+0000] {processor.py:183} INFO - Processing /home/airflow/.local/lib/python3.12/site-packages/airflow/example_dags/example_trigger_controller_dag.py took 0.023 seconds
[2026-03-04T08:03:26.503+0000] {processor.py:161} INFO - Started process (PID=3214) to work on /home/airflow/.local/lib/python3.12/site-packages/airflow/example_dags/example_trigger_controller_dag.py
[2026-03-04T08:03:26.505+0000] {processor.py:830} INFO - Processing file /home/airflow/.local/lib/python3.12/site-packages/airflow/example_dags/example_trigger_controller_dag.py for tasks to queue
[2026-03-04T08:03:26.506+0000] {logging_mixin.py:188} INFO - [2026-03-04T08:03:26.506+0000] {dagbag.py:545} INFO - Filling up the DagBag from /home/airflow/.local/lib/python3.12/site-packages/airflow/example_dags/example_trigger_controller_dag.py
[2026-03-04T08:03:26.507+0000] {processor.py:840} INFO - DAG(s) 'example_trigger_controller_dag' retrieved from /home/airflow/.local/lib/python3.12/site-packages/airflow/example_dags/example_trigger_controller_dag.py
[2026-03-04T08:03:26.517+0000] {logging_mixin.py:188} INFO - [2026-03-04T08:03:26.516+0000] {dag.py:3089} INFO - Sync 1 DAGs
[2026-03-04T08:03:26.525+0000] {logging_mixin.py:188} INFO - [2026-03-04T08:03:26.525+0000] {dag.py:3947} INFO - Setting next_dagrun for example_trigger_controller_dag to 2021-01-01 00:00:00+00:00, run_after=2021-01-01 00:00:00+00:00
[2026-03-04T08:03:26.533+0000] {processor.py:183} INFO - Processing /home/airflow/.local/lib/python3.12/site-packages/airflow/example_dags/example_trigger_controller_dag.py took 0.032 seconds
[2026-03-04T08:03:57.064+0000] {processor.py:161} INFO - Started process (PID=3477) to work on /home/airflow/.local/lib/python3.12/site-packages/airflow/example_dags/example_trigger_controller_dag.py
[2026-03-04T08:03:57.064+0000] {processor.py:830} INFO - Processing file /home/airflow/.local/lib/python3.12/site-packages/airflow/example_dags/example_trigger_controller_dag.py for tasks to queue
[2026-03-04T08:03:57.065+0000] {logging_mixin.py:188} INFO - [2026-03-04T08:03:57.065+0000] {dagbag.py:545} INFO - Filling up the DagBag from /home/airflow/.local/lib/python3.12/site-packages/airflow/example_dags/example_trigger_controller_dag.py
[2026-03-04T08:03:57.067+0000] {processor.py:840} INFO - DAG(s) 'example_trigger_controller_dag' retrieved from /home/airflow/.local/lib/python3.12/site-packages/airflow/example_dags/example_trigger_controller_dag.py
[2026-03-04T08:03:57.073+0000] {logging_mixin.py:188} INFO - [2026-03-04T08:03:57.073+0000] {dag.py:3089} INFO - Sync 1 DAGs
[2026-03-04T08:03:57.079+0000] {logging_mixin.py:188} INFO - [2026-03-04T08:03:57.079+0000] {dag.py:3947} INFO - Setting next_dagrun for example_trigger_controller_dag to 2021-01-01 00:00:00+00:00, run_after=2021-01-01 00:00:00+00:00
[2026-03-04T08:03:57.084+0000] {processor.py:183} INFO - Processing /home/airflow/.local/lib/python3.12/site-packages/airflow/example_dags/example_trigger_controller_dag.py took 0.022 seconds
[2026-03-04T08:04:27.652+0000] {processor.py:161} INFO - Started process (PID=3738) to work on /home/airflow/.local/lib/python3.12/site-packages/airflow/example_dags/example_trigger_controller_dag.py
[2026-03-04T08:04:27.652+0000] {processor.py:830} INFO - Processing file /home/airflow/.local/lib/python3.12/site-packages/airflow/example_dags/example_trigger_controller_dag.py for tasks to queue
[2026-03-04T08:04:27.653+0000] {logging_mixin.py:188} INFO - [2026-03-04T08:04:27.653+0000] {dagbag.py:545} INFO - Filling up the DagBag from /home/airflow/.local/lib/python3.12/site-packages/airflow/example_dags/example_trigger_controller_dag.py
[2026-03-04T08:04:27.657+0000] {processor.py:840} INFO - DAG(s) 'example_trigger_controller_dag' retrieved from /home/airflow/.local/lib/python3.12/site-packages/airflow/example_dags/example_trigger_controller_dag.py
[2026-03-04T08:04:27.669+0000] {logging_mixin.py:188} INFO - [2026-03-04T08:04:27.669+0000] {dag.py:3089} INFO - Sync 1 DAGs
[2026-03-04T08:04:27.677+0000] {logging_mixin.py:188} INFO - [2026-03-04T08:04:27.677+0000] {dag.py:3947} INFO - Setting next_dagrun for example_trigger_controller_dag to 2021-01-01 00:00:00+00:00, run_after=2021-01-01 00:00:00+00:00
[2026-03-04T08:04:27.682+0000] {processor.py:183} INFO - Processing /home/airflow/.local/lib/python3.12/site-packages/airflow/example_dags/example_trigger_controller_dag.py took 0.033 seconds
[2026-03-04T08:04:58.250+0000] {processor.py:161} INFO - Started process (PID=4000) to work on /home/airflow/.local/lib/python3.12/site-packages/airflow/example_dags/example_trigger_controller_dag.py
[2026-03-04T08:04:58.250+0000] {processor.py:830} INFO - Processing file /home/airflow/.local/lib/python3.12/site-packages/airflow/example_dags/example_trigger_controller_dag.py for tasks to queue
[2026-03-04T08:04:58.251+0000] {logging_mixin.py:188} INFO - [2026-03-04T08:04:58.250+0000] {dagbag.py:545} INFO - Filling up the DagBag from /home/airflow/.local/lib/python3.12/site-packages/airflow/example_dags/example_trigger_controller_dag.py
[2026-03-04T08:04:58.252+0000] {processor.py:840} INFO - DAG(s) 'example_trigger_controller_dag' retrieved from /home/airflow/.local/lib/python3.12/site-packages/airflow/example_dags/example_trigger_controller_dag.py
[2026-03-04T08:04:58.258+0000] {logging_mixin.py:188} INFO - [2026-03-04T08:04:58.258+0000] {dag.py:3089} INFO - Sync 1 DAGs
[2026-03-04T08:04:58.265+0000] {logging_mixin.py:188} INFO - [2026-03-04T08:04:58.264+0000] {dag.py:3947} INFO - Setting next_dagrun for example_trigger_controller_dag to 2021-01-01 00:00:00+00:00, run_after=2021-01-01 00:00:00+00:00
[2026-03-04T08:04:58.269+0000] {processor.py:183} INFO - Processing /home/airflow/.local/lib/python3.12/site-packages/airflow/example_dags/example_trigger_controller_dag.py took 0.022 seconds
[2026-03-04T08:05:28.830+0000] {processor.py:161} INFO - Started process (PID=4262) to work on /home/airflow/.local/lib/python3.12/site-packages/airflow/example_dags/example_trigger_controller_dag.py
[2026-03-04T08:05:28.831+0000] {processor.py:830} INFO - Processing file /home/airflow/.local/lib/python3.12/site-packages/airflow/example_dags/example_trigger_controller_dag.py for tasks to queue
[2026-03-04T08:05:28.833+0000] {logging_mixin.py:188} INFO - [2026-03-04T08:05:28.832+0000] {dagbag.py:545} INFO - Filling up the DagBag from /home/airflow/.local/lib/python3.12/site-packages/airflow/example_dags/example_trigger_controller_dag.py
[2026-03-04T08:05:28.836+0000] {processor.py:840} INFO - DAG(s) 'example_trigger_controller_dag' retrieved from /home/airflow/.local/lib/python3.12/site-packages/airflow/example_dags/example_trigger_controller_dag.py
[2026-03-04T08:05:28.849+0000] {logging_mixin.py:188} INFO - [2026-03-04T08:05:28.848+0000] {dag.py:3089} INFO - Sync 1 DAGs
[2026-03-04T08:05:28.858+0000] {logging_mixin.py:188} INFO - [2026-03-04T08:05:28.858+0000] {dag.py:3947} INFO - Setting next_dagrun for example_trigger_controller_dag to 2021-01-01 00:00:00+00:00, run_after=2021-01-01 00:00:00+00:00
[2026-03-04T08:05:28.865+0000] {processor.py:183} INFO - Processing /home/airflow/.local/lib/python3.12/site-packages/airflow/example_dags/example_trigger_controller_dag.py took 0.039 seconds
[2026-03-04T08:05:59.413+0000] {processor.py:161} INFO - Started process (PID=4524) to work on /home/airflow/.local/lib/python3.12/site-packages/airflow/example_dags/example_trigger_controller_dag.py
[2026-03-04T08:05:59.414+0000] {processor.py:830} INFO - Processing file /home/airflow/.local/lib/python3.12/site-packages/airflow/example_dags/example_trigger_controller_dag.py for tasks to queue
[2026-03-04T08:05:59.415+0000] {logging_mixin.py:188} INFO - [2026-03-04T08:05:59.415+0000] {dagbag.py:545} INFO - Filling up the DagBag from /home/airflow/.local/lib/python3.12/site-packages/airflow/example_dags/example_trigger_controller_dag.py
[2026-03-04T08:05:59.417+0000] {processor.py:840} INFO - DAG(s) 'example_trigger_controller_dag' retrieved from /home/airflow/.local/lib/python3.12/site-packages/airflow/example_dags/example_trigger_controller_dag.py
[2026-03-04T08:05:59.424+0000] {logging_mixin.py:188} INFO - [2026-03-04T08:05:59.424+0000] {dag.py:3089} INFO - Sync 1 DAGs
[2026-03-04T08:05:59.431+0000] {logging_mixin.py:188} INFO - [2026-03-04T08:05:59.430+0000] {dag.py:3947} INFO - Setting next_dagrun for example_trigger_controller_dag to 2021-01-01 00:00:00+00:00, run_after=2021-01-01 00:00:00+00:00
[2026-03-04T08:05:59.435+0000] {processor.py:183} INFO - Processing /home/airflow/.local/lib/python3.12/site-packages/airflow/example_dags/example_trigger_controller_dag.py took 0.025 seconds
[2026-03-04T08:06:29.965+0000] {processor.py:161} INFO - Started process (PID=4786) to work on /home/airflow/.local/lib/python3.12/site-packages/airflow/example_dags/example_trigger_controller_dag.py
[2026-03-04T08:06:29.966+0000] {processor.py:830} INFO - Processing file /home/airflow/.local/lib/python3.12/site-packages/airflow/example_dags/example_trigger_controller_dag.py for tasks to queue
[2026-03-04T08:06:29.966+0000] {logging_mixin.py:188} INFO - [2026-03-04T08:06:29.966+0000] {dagbag.py:545} INFO - Filling up the DagBag from /home/airflow/.local/lib/python3.12/site-packages/airflow/example_dags/example_trigger_controller_dag.py
[2026-03-04T08:06:29.968+0000] {processor.py:840} INFO - DAG(s) 'example_trigger_controller_dag' retrieved from /home/airflow/.local/lib/python3.12/site-packages/airflow/example_dags/example_trigger_controller_dag.py
[2026-03-04T08:06:29.974+0000] {logging_mixin.py:188} INFO - [2026-03-04T08:06:29.974+0000] {dag.py:3089} INFO - Sync 1 DAGs
[2026-03-04T08:06:29.981+0000] {logging_mixin.py:188} INFO - [2026-03-04T08:06:29.981+0000] {dag.py:3947} INFO - Setting next_dagrun for example_trigger_controller_dag to 2021-01-01 00:00:00+00:00, run_after=2021-01-01 00:00:00+00:00
[2026-03-04T08:06:29.986+0000] {processor.py:183} INFO - Processing /home/airflow/.local/lib/python3.12/site-packages/airflow/example_dags/example_trigger_controller_dag.py took 0.023 seconds
[2026-03-04T08:07:00.502+0000] {processor.py:161} INFO - Started process (PID=5048) to work on /home/airflow/.local/lib/python3.12/site-packages/airflow/example_dags/example_trigger_controller_dag.py
[2026-03-04T08:07:00.503+0000] {processor.py:830} INFO - Processing file /home/airflow/.local/lib/python3.12/site-packages/airflow/example_dags/example_trigger_controller_dag.py for tasks to queue
[2026-03-04T08:07:00.506+0000] {logging_mixin.py:188} INFO - [2026-03-04T08:07:00.506+0000] {dagbag.py:545} INFO - Filling up the DagBag from /home/airflow/.local/lib/python3.12/site-packages/airflow/example_dags/example_trigger_controller_dag.py
[2026-03-04T08:07:00.508+0000] {processor.py:840} INFO - DAG(s) 'example_trigger_controller_dag' retrieved from /home/airflow/.local/lib/python3.12/site-packages/airflow/example_dags/example_trigger_controller_dag.py
[2026-03-04T08:07:00.517+0000] {logging_mixin.py:188} INFO - [2026-03-04T08:07:00.517+0000] {dag.py:3089} INFO - Sync 1 DAGs
[2026-03-04T08:07:00.524+0000] {logging_mixin.py:188} INFO - [2026-03-04T08:07:00.524+0000] {dag.py:3947} INFO - Setting next_dagrun for example_trigger_controller_dag to 2021-01-01 00:00:00+00:00, run_after=2021-01-01 00:00:00+00:00
[2026-03-04T08:07:00.530+0000] {processor.py:183} INFO - Processing /home/airflow/.local/lib/python3.12/site-packages/airflow/example_dags/example_trigger_controller_dag.py took 0.030 seconds
[2026-03-04T08:07:30.980+0000] {processor.py:161} INFO - Started process (PID=5310) to work on /home/airflow/.local/lib/python3.12/site-packages/airflow/example_dags/example_trigger_controller_dag.py
[2026-03-04T08:07:30.981+0000] {processor.py:830} INFO - Processing file /home/airflow/.local/lib/python3.12/site-packages/airflow/example_dags/example_trigger_controller_dag.py for tasks to queue
[2026-03-04T08:07:30.982+0000] {logging_mixin.py:188} INFO - [2026-03-04T08:07:30.981+0000] {dagbag.py:545} INFO - Filling up the DagBag from /home/airflow/.local/lib/python3.12/site-packages/airflow/example_dags/example_trigger_controller_dag.py
[2026-03-04T08:07:30.983+0000] {processor.py:840} INFO - DAG(s) 'example_trigger_controller_dag' retrieved from /home/airflow/.local/lib/python3.12/site-packages/airflow/example_dags/example_trigger_controller_dag.py
[2026-03-04T08:07:30.996+0000] {logging_mixin.py:188} INFO - [2026-03-04T08:07:30.996+0000] {dag.py:3089} INFO - Sync 1 DAGs
[2026-03-04T08:07:31.003+0000] {logging_mixin.py:188} INFO - [2026-03-04T08:07:31.003+0000] {dag.py:3947} INFO - Setting next_dagrun for example_trigger_controller_dag to 2021-01-01 00:00:00+00:00, run_after=2021-01-01 00:00:00+00:00
[2026-03-04T08:07:31.010+0000] {processor.py:183} INFO - Processing /home/airflow/.local/lib/python3.12/site-packages/airflow/example_dags/example_trigger_controller_dag.py took 0.032 seconds
[2026-03-04T08:08:01.625+0000] {processor.py:161} INFO - Started process (PID=5574) to work on /home/airflow/.local/lib/python3.12/site-packages/airflow/example_dags/example_trigger_controller_dag.py
[2026-03-04T08:08:01.625+0000] {processor.py:830} INFO - Processing file /home/airflow/.local/lib/python3.12/site-packages/airflow/example_dags/example_trigger_controller_dag.py for tasks to queue
[2026-03-04T08:08:01.626+0000] {logging_mixin.py:188} INFO - [2026-03-04T08:08:01.626+0000] {dagbag.py:545} INFO - Filling up the DagBag from /home/airflow/.local/lib/python3.12/site-packages/airflow/example_dags/example_trigger_controller_dag.py
[2026-03-04T08:08:01.628+0000] {processor.py:840} INFO - DAG(s) 'example_trigger_controller_dag' retrieved from /home/airflow/.local/lib/python3.12/site-packages/airflow/example_dags/example_trigger_controller_dag.py
[2026-03-04T08:08:01.634+0000] {logging_mixin.py:188} INFO - [2026-03-04T08:08:01.634+0000] {dag.py:3089} INFO - Sync 1 DAGs
[2026-03-04T08:08:01.640+0000] {logging_mixin.py:188} INFO - [2026-03-04T08:08:01.640+0000] {dag.py:3947} INFO - Setting next_dagrun for example_trigger_controller_dag to 2021-01-01 00:00:00+00:00, run_after=2021-01-01 00:00:00+00:00
[2026-03-04T08:08:01.645+0000] {processor.py:183} INFO - Processing /home/airflow/.local/lib/python3.12/site-packages/airflow/example_dags/example_trigger_controller_dag.py took 0.022 seconds
[2026-03-04T08:08:32.168+0000] {processor.py:161} INFO - Started process (PID=5834) to work on /home/airflow/.local/lib/python3.12/site-packages/airflow/example_dags/example_trigger_controller_dag.py
[2026-03-04T08:08:32.169+0000] {processor.py:830} INFO - Processing file /home/airflow/.local/lib/python3.12/site-packages/airflow/example_dags/example_trigger_controller_dag.py for tasks to queue
[2026-03-04T08:08:32.171+0000] {logging_mixin.py:188} INFO - [2026-03-04T08:08:32.171+0000] {dagbag.py:545} INFO - Filling up the DagBag from /home/airflow/.local/lib/python3.12/site-packages/airflow/example_dags/example_trigger_controller_dag.py
[2026-03-04T08:08:32.173+0000] {processor.py:840} INFO - DAG(s) 'example_trigger_controller_dag' retrieved from /home/airflow/.local/lib/python3.12/site-packages/airflow/example_dags/example_trigger_controller_dag.py
[2026-03-04T08:08:32.180+0000] {logging_mixin.py:188} INFO - [2026-03-04T08:08:32.180+0000] {dag.py:3089} INFO - Sync 1 DAGs
[2026-03-04T08:08:32.189+0000] {logging_mixin.py:188} INFO - [2026-03-04T08:08:32.189+0000] {dag.py:3947} INFO - Setting next_dagrun for example_trigger_controller_dag to 2021-01-01 00:00:00+00:00, run_after=2021-01-01 00:00:00+00:00
[2026-03-04T08:08:32.198+0000] {processor.py:183} INFO - Processing /home/airflow/.local/lib/python3.12/site-packages/airflow/example_dags/example_trigger_controller_dag.py took 0.033 seconds
[2026-03-04T08:09:02.845+0000] {processor.py:161} INFO - Started process (PID=6098) to work on /home/airflow/.local/lib/python3.12/site-packages/airflow/example_dags/example_trigger_controller_dag.py
[2026-03-04T08:09:02.845+0000] {processor.py:830} INFO - Processing file /home/airflow/.local/lib/python3.12/site-packages/airflow/example_dags/example_trigger_controller_dag.py for tasks to queue
[2026-03-04T08:09:02.846+0000] {logging_mixin.py:188} INFO - [2026-03-04T08:09:02.846+0000] {dagbag.py:545} INFO - Filling up the DagBag from /home/airflow/.local/lib/python3.12/site-packages/airflow/example_dags/example_trigger_controller_dag.py
[2026-03-04T08:09:02.848+0000] {processor.py:840} INFO - DAG(s) 'example_trigger_controller_dag' retrieved from /home/airflow/.local/lib/python3.12/site-packages/airflow/example_dags/example_trigger_controller_dag.py
[2026-03-04T08:09:02.854+0000] {logging_mixin.py:188} INFO - [2026-03-04T08:09:02.854+0000] {dag.py:3089} INFO - Sync 1 DAGs
[2026-03-04T08:09:02.860+0000] {logging_mixin.py:188} INFO - [2026-03-04T08:09:02.860+0000] {dag.py:3947} INFO - Setting next_dagrun for example_trigger_controller_dag to 2021-01-01 00:00:00+00:00, run_after=2021-01-01 00:00:00+00:00
[2026-03-04T08:09:02.865+0000] {processor.py:183} INFO - Processing /home/airflow/.local/lib/python3.12/site-packages/airflow/example_dags/example_trigger_controller_dag.py took 0.023 seconds
[2026-03-04T08:09:33.399+0000] {processor.py:161} INFO - Started process (PID=6358) to work on /home/airflow/.local/lib/python3.12/site-packages/airflow/example_dags/example_trigger_controller_dag.py
[2026-03-04T08:09:33.400+0000] {processor.py:830} INFO - Processing file /home/airflow/.local/lib/python3.12/site-packages/airflow/example_dags/example_trigger_controller_dag.py for tasks to queue
[2026-03-04T08:09:33.401+0000] {logging_mixin.py:188} INFO - [2026-03-04T08:09:33.400+0000] {dagbag.py:545} INFO - Filling up the DagBag from /home/airflow/.local/lib/python3.12/site-packages/airflow/example_dags/example_trigger_controller_dag.py
[2026-03-04T08:09:33.402+0000] {processor.py:840} INFO - DAG(s) 'example_trigger_controller_dag' retrieved from /home/airflow/.local/lib/python3.12/site-packages/airflow/example_dags/example_trigger_controller_dag.py
[2026-03-04T08:09:33.409+0000] {logging_mixin.py:188} INFO - [2026-03-04T08:09:33.409+0000] {dag.py:3089} INFO - Sync 1 DAGs
[2026-03-04T08:09:33.416+0000] {logging_mixin.py:188} INFO - [2026-03-04T08:09:33.415+0000] {dag.py:3947} INFO - Setting next_dagrun for example_trigger_controller_dag to 2021-01-01 00:00:00+00:00, run_after=2021-01-01 00:00:00+00:00
[2026-03-04T08:09:33.421+0000] {processor.py:183} INFO - Processing /home/airflow/.local/lib/python3.12/site-packages/airflow/example_dags/example_trigger_controller_dag.py took 0.024 seconds
[2026-03-04T08:10:03.988+0000] {processor.py:161} INFO - Started process (PID=6622) to work on /home/airflow/.local/lib/python3.12/site-packages/airflow/example_dags/example_trigger_controller_dag.py
[2026-03-04T08:10:03.989+0000] {processor.py:830} INFO - Processing file /home/airflow/.local/lib/python3.12/site-packages/airflow/example_dags/example_trigger_controller_dag.py for tasks to queue
[2026-03-04T08:10:03.989+0000] {logging_mixin.py:188} INFO - [2026-03-04T08:10:03.989+0000] {dagbag.py:545} INFO - Filling up the DagBag from /home/airflow/.local/lib/python3.12/site-packages/airflow/example_dags/example_trigger_controller_dag.py
[2026-03-04T08:10:03.991+0000] {processor.py:840} INFO - DAG(s) 'example_trigger_controller_dag' retrieved from /home/airflow/.local/lib/python3.12/site-packages/airflow/example_dags/example_trigger_controller_dag.py
[2026-03-04T08:10:03.998+0000] {logging_mixin.py:188} INFO - [2026-03-04T08:10:03.998+0000] {dag.py:3089} INFO - Sync 1 DAGs
[2026-03-04T08:10:04.004+0000] {logging_mixin.py:188} INFO - [2026-03-04T08:10:04.004+0000] {dag.py:3947} INFO - Setting next_dagrun for example_trigger_controller_dag to 2021-01-01 00:00:00+00:00, run_after=2021-01-01 00:00:00+00:00
[2026-03-04T08:10:04.009+0000] {processor.py:183} INFO - Processing /home/airflow/.local/lib/python3.12/site-packages/airflow/example_dags/example_trigger_controller_dag.py took 0.023 seconds
[2026-03-04T08:10:34.484+0000] {processor.py:161} INFO - Started process (PID=6885) to work on /home/airflow/.local/lib/python3.12/site-packages/airflow/example_dags/example_trigger_controller_dag.py
[2026-03-04T08:10:34.485+0000] {processor.py:830} INFO - Processing file /home/airflow/.local/lib/python3.12/site-packages/airflow/example_dags/example_trigger_controller_dag.py for tasks to queue
[2026-03-04T08:10:34.486+0000] {logging_mixin.py:188} INFO - [2026-03-04T08:10:34.486+0000] {dagbag.py:545} INFO - Filling up the DagBag from /home/airflow/.local/lib/python3.12/site-packages/airflow/example_dags/example_trigger_controller_dag.py
[2026-03-04T08:10:34.488+0000] {processor.py:840} INFO - DAG(s) 'example_trigger_controller_dag' retrieved from /home/airflow/.local/lib/python3.12/site-packages/airflow/example_dags/example_trigger_controller_dag.py
[2026-03-04T08:10:34.498+0000] {logging_mixin.py:188} INFO - [2026-03-04T08:10:34.498+0000] {dag.py:3089} INFO - Sync 1 DAGs
[2026-03-04T08:10:34.505+0000] {logging_mixin.py:188} INFO - [2026-03-04T08:10:34.505+0000] {dag.py:3947} INFO - Setting next_dagrun for example_trigger_controller_dag to 2021-01-01 00:00:00+00:00, run_after=2021-01-01 00:00:00+00:00
[2026-03-04T08:10:34.514+0000] {processor.py:183} INFO - Processing /home/airflow/.local/lib/python3.12/site-packages/airflow/example_dags/example_trigger_controller_dag.py took 0.032 seconds
[2026-03-04T08:11:05.196+0000] {processor.py:161} INFO - Started process (PID=7147) to work on /home/airflow/.local/lib/python3.12/site-packages/airflow/example_dags/example_trigger_controller_dag.py
[2026-03-04T08:11:05.199+0000] {processor.py:830} INFO - Processing file /home/airflow/.local/lib/python3.12/site-packages/airflow/example_dags/example_trigger_controller_dag.py for tasks to queue
[2026-03-04T08:11:05.201+0000] {logging_mixin.py:188} INFO - [2026-03-04T08:11:05.201+0000] {dagbag.py:545} INFO - Filling up the DagBag from /home/airflow/.local/lib/python3.12/site-packages/airflow/example_dags/example_trigger_controller_dag.py
[2026-03-04T08:11:05.204+0000] {processor.py:840} INFO - DAG(s) 'example_trigger_controller_dag' retrieved from /home/airflow/.local/lib/python3.12/site-packages/airflow/example_dags/example_trigger_controller_dag.py
[2026-03-04T08:11:05.216+0000] {logging_mixin.py:188} INFO - [2026-03-04T08:11:05.216+0000] {dag.py:3089} INFO - Sync 1 DAGs
[2026-03-04T08:11:05.222+0000] {logging_mixin.py:188} INFO - [2026-03-04T08:11:05.222+0000] {dag.py:3947} INFO - Setting next_dagrun for example_trigger_controller_dag to 2021-01-01 00:00:00+00:00, run_after=2021-01-01 00:00:00+00:00
[2026-03-04T08:11:05.230+0000] {processor.py:183} INFO - Processing /home/airflow/.local/lib/python3.12/site-packages/airflow/example_dags/example_trigger_controller_dag.py took 0.036 seconds
[2026-03-04T08:11:35.782+0000] {processor.py:161} INFO - Started process (PID=7409) to work on /home/airflow/.local/lib/python3.12/site-packages/airflow/example_dags/example_trigger_controller_dag.py
[2026-03-04T08:11:35.783+0000] {processor.py:830} INFO - Processing file /home/airflow/.local/lib/python3.12/site-packages/airflow/example_dags/example_trigger_controller_dag.py for tasks to queue
[2026-03-04T08:11:35.784+0000] {logging_mixin.py:188} INFO - [2026-03-04T08:11:35.784+0000] {dagbag.py:545} INFO - Filling up the DagBag from /home/airflow/.local/lib/python3.12/site-packages/airflow/example_dags/example_trigger_controller_dag.py
[2026-03-04T08:11:35.786+0000] {processor.py:840} INFO - DAG(s) 'example_trigger_controller_dag' retrieved from /home/airflow/.local/lib/python3.12/site-packages/airflow/example_dags/example_trigger_controller_dag.py
[2026-03-04T08:11:35.799+0000] {logging_mixin.py:188} INFO - [2026-03-04T08:11:35.799+0000] {dag.py:3089} INFO - Sync 1 DAGs
[2026-03-04T08:11:35.807+0000] {logging_mixin.py:188} INFO - [2026-03-04T08:11:35.807+0000] {dag.py:3947} INFO - Setting next_dagrun for example_trigger_controller_dag to 2021-01-01 00:00:00+00:00, run_after=2021-01-01 00:00:00+00:00
[2026-03-04T08:11:35.816+0000] {processor.py:183} INFO - Processing /home/airflow/.local/lib/python3.12/site-packages/airflow/example_dags/example_trigger_controller_dag.py took 0.036 seconds
[2026-03-04T08:12:06.273+0000] {processor.py:161} INFO - Started process (PID=7671) to work on /home/airflow/.local/lib/python3.12/site-packages/airflow/example_dags/example_trigger_controller_dag.py
[2026-03-04T08:12:06.276+0000] {processor.py:830} INFO - Processing file /home/airflow/.local/lib/python3.12/site-packages/airflow/example_dags/example_trigger_controller_dag.py for tasks to queue
[2026-03-04T08:12:06.278+0000] {logging_mixin.py:188} INFO - [2026-03-04T08:12:06.278+0000] {dagbag.py:545} INFO - Filling up the DagBag from /home/airflow/.local/lib/python3.12/site-packages/airflow/example_dags/example_trigger_controller_dag.py
[2026-03-04T08:12:06.281+0000] {processor.py:840} INFO - DAG(s) 'example_trigger_controller_dag' retrieved from /home/airflow/.local/lib/python3.12/site-packages/airflow/example_dags/example_trigger_controller_dag.py
[2026-03-04T08:12:06.291+0000] {logging_mixin.py:188} INFO - [2026-03-04T08:12:06.291+0000] {dag.py:3089} INFO - Sync 1 DAGs
[2026-03-04T08:12:06.299+0000] {logging_mixin.py:188} INFO - [2026-03-04T08:12:06.299+0000] {dag.py:3947} INFO - Setting next_dagrun for example_trigger_controller_dag to 2021-01-01 00:00:00+00:00, run_after=2021-01-01 00:00:00+00:00
[2026-03-04T08:12:06.304+0000] {processor.py:183} INFO - Processing /home/airflow/.local/lib/python3.12/site-packages/airflow/example_dags/example_trigger_controller_dag.py took 0.033 seconds
[2026-03-04T08:12:36.891+0000] {processor.py:161} INFO - Started process (PID=7933) to work on /home/airflow/.local/lib/python3.12/site-packages/airflow/example_dags/example_trigger_controller_dag.py
[2026-03-04T08:12:36.891+0000] {processor.py:830} INFO - Processing file /home/airflow/.local/lib/python3.12/site-packages/airflow/example_dags/example_trigger_controller_dag.py for tasks to queue
[2026-03-04T08:12:36.892+0000] {logging_mixin.py:188} INFO - [2026-03-04T08:12:36.892+0000] {dagbag.py:545} INFO - Filling up the DagBag from /home/airflow/.local/lib/python3.12/site-packages/airflow/example_dags/example_trigger_controller_dag.py
[2026-03-04T08:12:36.893+0000] {processor.py:840} INFO - DAG(s) 'example_trigger_controller_dag' retrieved from /home/airflow/.local/lib/python3.12/site-packages/airflow/example_dags/example_trigger_controller_dag.py
[2026-03-04T08:12:36.900+0000] {logging_mixin.py:188} INFO - [2026-03-04T08:12:36.900+0000] {dag.py:3089} INFO - Sync 1 DAGs
[2026-03-04T08:12:36.906+0000] {logging_mixin.py:188} INFO - [2026-03-04T08:12:36.906+0000] {dag.py:3947} INFO - Setting next_dagrun for example_trigger_controller_dag to 2021-01-01 00:00:00+00:00, run_after=2021-01-01 00:00:00+00:00
[2026-03-04T08:12:36.911+0000] {processor.py:183} INFO - Processing /home/airflow/.local/lib/python3.12/site-packages/airflow/example_dags/example_trigger_controller_dag.py took 0.023 seconds
[2026-03-04T08:13:07.414+0000] {processor.py:161} INFO - Started process (PID=8196) to work on /home/airflow/.local/lib/python3.12/site-packages/airflow/example_dags/example_trigger_controller_dag.py
[2026-03-04T08:13:07.414+0000] {processor.py:830} INFO - Processing file /home/airflow/.local/lib/python3.12/site-packages/airflow/example_dags/example_trigger_controller_dag.py for tasks to queue
[2026-03-04T08:13:07.415+0000] {logging_mixin.py:188} INFO - [2026-03-04T08:13:07.415+0000] {dagbag.py:545} INFO - Filling up the DagBag from /home/airflow/.local/lib/python3.12/site-packages/airflow/example_dags/example_trigger_controller_dag.py
[2026-03-04T08:13:07.417+0000] {processor.py:840} INFO - DAG(s) 'example_trigger_controller_dag' retrieved from /home/airflow/.local/lib/python3.12/site-packages/airflow/example_dags/example_trigger_controller_dag.py
[2026-03-04T08:13:07.423+0000] {logging_mixin.py:188} INFO - [2026-03-04T08:13:07.423+0000] {dag.py:3089} INFO - Sync 1 DAGs
[2026-03-04T08:13:07.429+0000] {logging_mixin.py:188} INFO - [2026-03-04T08:13:07.429+0000] {dag.py:3947} INFO - Setting next_dagrun for example_trigger_controller_dag to 2021-01-01 00:00:00+00:00, run_after=2021-01-01 00:00:00+00:00
[2026-03-04T08:13:07.434+0000] {processor.py:183} INFO - Processing /home/airflow/.local/lib/python3.12/site-packages/airflow/example_dags/example_trigger_controller_dag.py took 0.022 seconds
[2026-03-04T08:13:37.967+0000] {processor.py:161} INFO - Started process (PID=8457) to work on /home/airflow/.local/lib/python3.12/site-packages/airflow/example_dags/example_trigger_controller_dag.py
[2026-03-04T08:13:37.967+0000] {processor.py:830} INFO - Processing file /home/airflow/.local/lib/python3.12/site-packages/airflow/example_dags/example_trigger_controller_dag.py for tasks to queue
[2026-03-04T08:13:37.968+0000] {logging_mixin.py:188} INFO - [2026-03-04T08:13:37.968+0000] {dagbag.py:545} INFO - Filling up the DagBag from /home/airflow/.local/lib/python3.12/site-packages/airflow/example_dags/example_trigger_controller_dag.py
[2026-03-04T08:13:37.970+0000] {processor.py:840} INFO - DAG(s) 'example_trigger_controller_dag' retrieved from /home/airflow/.local/lib/python3.12/site-packages/airflow/example_dags/example_trigger_controller_dag.py
[2026-03-04T08:13:37.976+0000] {logging_mixin.py:188} INFO - [2026-03-04T08:13:37.976+0000] {dag.py:3089} INFO - Sync 1 DAGs
[2026-03-04T08:13:37.982+0000] {logging_mixin.py:188} INFO - [2026-03-04T08:13:37.982+0000] {dag.py:3947} INFO - Setting next_dagrun for example_trigger_controller_dag to 2021-01-01 00:00:00+00:00, run_after=2021-01-01 00:00:00+00:00
[2026-03-04T08:13:37.987+0000] {processor.py:183} INFO - Processing /home/airflow/.local/lib/python3.12/site-packages/airflow/example_dags/example_trigger_controller_dag.py took 0.022 seconds
[2026-03-04T08:14:08.468+0000] {processor.py:161} INFO - Started process (PID=8719) to work on /home/airflow/.local/lib/python3.12/site-packages/airflow/example_dags/example_trigger_controller_dag.py
[2026-03-04T08:14:08.469+0000] {processor.py:830} INFO - Processing file /home/airflow/.local/lib/python3.12/site-packages/airflow/example_dags/example_trigger_controller_dag.py for tasks to queue
[2026-03-04T08:14:08.469+0000] {logging_mixin.py:188} INFO - [2026-03-04T08:14:08.469+0000] {dagbag.py:545} INFO - Filling up the DagBag from /home/airflow/.local/lib/python3.12/site-packages/airflow/example_dags/example_trigger_controller_dag.py
[2026-03-04T08:14:08.471+0000] {processor.py:840} INFO - DAG(s) 'example_trigger_controller_dag' retrieved from /home/airflow/.local/lib/python3.12/site-packages/airflow/example_dags/example_trigger_controller_dag.py
[2026-03-04T08:14:08.479+0000] {logging_mixin.py:188} INFO - [2026-03-04T08:14:08.479+0000] {dag.py:3089} INFO - Sync 1 DAGs
[2026-03-04T08:14:08.485+0000] {logging_mixin.py:188} INFO - [2026-03-04T08:14:08.485+0000] {dag.py:3947} INFO - Setting next_dagrun for example_trigger_controller_dag to 2021-01-01 00:00:00+00:00, run_after=2021-01-01 00:00:00+00:00
[2026-03-04T08:14:08.490+0000] {processor.py:183} INFO - Processing /home/airflow/.local/lib/python3.12/site-packages/airflow/example_dags/example_trigger_controller_dag.py took 0.024 seconds
[2026-03-04T08:14:39.019+0000] {processor.py:161} INFO - Started process (PID=8981) to work on /home/airflow/.local/lib/python3.12/site-packages/airflow/example_dags/example_trigger_controller_dag.py
[2026-03-04T08:14:39.021+0000] {processor.py:830} INFO - Processing file /home/airflow/.local/lib/python3.12/site-packages/airflow/example_dags/example_trigger_controller_dag.py for tasks to queue
[2026-03-04T08:14:39.021+0000] {logging_mixin.py:188} INFO - [2026-03-04T08:14:39.021+0000] {dagbag.py:545} INFO - Filling up the DagBag from /home/airflow/.local/lib/python3.12/site-packages/airflow/example_dags/example_trigger_controller_dag.py
[2026-03-04T08:14:39.023+0000] {processor.py:840} INFO - DAG(s) 'example_trigger_controller_dag' retrieved from /home/airflow/.local/lib/python3.12/site-packages/airflow/example_dags/example_trigger_controller_dag.py
[2026-03-04T08:14:39.033+0000] {logging_mixin.py:188} INFO - [2026-03-04T08:14:39.033+0000] {dag.py:3089} INFO - Sync 1 DAGs
[2026-03-04T08:14:39.040+0000] {logging_mixin.py:188} INFO - [2026-03-04T08:14:39.040+0000] {dag.py:3947} INFO - Setting next_dagrun for example_trigger_controller_dag to 2021-01-01 00:00:00+00:00, run_after=2021-01-01 00:00:00+00:00
[2026-03-04T08:14:39.047+0000] {processor.py:183} INFO - Processing /home/airflow/.local/lib/python3.12/site-packages/airflow/example_dags/example_trigger_controller_dag.py took 0.031 seconds
[2026-03-04T08:15:09.573+0000] {processor.py:161} INFO - Started process (PID=9247) to work on /home/airflow/.local/lib/python3.12/site-packages/airflow/example_dags/example_trigger_controller_dag.py
[2026-03-04T08:15:09.573+0000] {processor.py:830} INFO - Processing file /home/airflow/.local/lib/python3.12/site-packages/airflow/example_dags/example_trigger_controller_dag.py for tasks to queue
[2026-03-04T08:15:09.574+0000] {logging_mixin.py:188} INFO - [2026-03-04T08:15:09.574+0000] {dagbag.py:545} INFO - Filling up the DagBag from /home/airflow/.local/lib/python3.12/site-packages/airflow/example_dags/example_trigger_controller_dag.py
[2026-03-04T08:15:09.576+0000] {processor.py:840} INFO - DAG(s) 'example_trigger_controller_dag' retrieved from /home/airflow/.local/lib/python3.12/site-packages/airflow/example_dags/example_trigger_controller_dag.py
[2026-03-04T08:15:09.584+0000] {logging_mixin.py:188} INFO - [2026-03-04T08:15:09.584+0000] {dag.py:3089} INFO - Sync 1 DAGs
[2026-03-04T08:15:09.591+0000] {logging_mixin.py:188} INFO - [2026-03-04T08:15:09.591+0000] {dag.py:3947} INFO - Setting next_dagrun for example_trigger_controller_dag to 2021-01-01 00:00:00+00:00, run_after=2021-01-01 00:00:00+00:00
[2026-03-04T08:15:09.598+0000] {processor.py:183} INFO - Processing /home/airflow/.local/lib/python3.12/site-packages/airflow/example_dags/example_trigger_controller_dag.py took 0.027 seconds
[2026-03-04T08:15:40.135+0000] {processor.py:161} INFO - Started process (PID=9513) to work on /home/airflow/.local/lib/python3.12/site-packages/airflow/example_dags/example_trigger_controller_dag.py
[2026-03-04T08:15:40.136+0000] {processor.py:830} INFO - Processing file /home/airflow/.local/lib/python3.12/site-packages/airflow/example_dags/example_trigger_controller_dag.py for tasks to queue
[2026-03-04T08:15:40.137+0000] {logging_mixin.py:188} INFO - [2026-03-04T08:15:40.137+0000] {dagbag.py:545} INFO - Filling up the DagBag from /home/airflow/.local/lib/python3.12/site-packages/airflow/example_dags/example_trigger_controller_dag.py
[2026-03-04T08:15:40.139+0000] {processor.py:840} INFO - DAG(s) 'example_trigger_controller_dag' retrieved from /home/airflow/.local/lib/python3.12/site-packages/airflow/example_dags/example_trigger_controller_dag.py
[2026-03-04T08:15:40.149+0000] {logging_mixin.py:188} INFO - [2026-03-04T08:15:40.149+0000] {dag.py:3089} INFO - Sync 1 DAGs
[2026-03-04T08:15:40.155+0000] {logging_mixin.py:188} INFO - [2026-03-04T08:15:40.155+0000] {dag.py:3947} INFO - Setting next_dagrun for example_trigger_controller_dag to 2021-01-01 00:00:00+00:00, run_after=2021-01-01 00:00:00+00:00
[2026-03-04T08:15:40.160+0000] {processor.py:183} INFO - Processing /home/airflow/.local/lib/python3.12/site-packages/airflow/example_dags/example_trigger_controller_dag.py took 0.027 seconds
[2026-03-04T08:16:10.786+0000] {processor.py:161} INFO - Started process (PID=9775) to work on /home/airflow/.local/lib/python3.12/site-packages/airflow/example_dags/example_trigger_controller_dag.py
[2026-03-04T08:16:10.787+0000] {processor.py:830} INFO - Processing file /home/airflow/.local/lib/python3.12/site-packages/airflow/example_dags/example_trigger_controller_dag.py for tasks to queue
[2026-03-04T08:16:10.788+0000] {logging_mixin.py:188} INFO - [2026-03-04T08:16:10.788+0000] {dagbag.py:545} INFO - Filling up the DagBag from /home/airflow/.local/lib/python3.12/site-packages/airflow/example_dags/example_trigger_controller_dag.py
[2026-03-04T08:16:10.790+0000] {processor.py:840} INFO - DAG(s) 'example_trigger_controller_dag' retrieved from /home/airflow/.local/lib/python3.12/site-packages/airflow/example_dags/example_trigger_controller_dag.py
[2026-03-04T08:16:10.796+0000] {logging_mixin.py:188} INFO - [2026-03-04T08:16:10.796+0000] {dag.py:3089} INFO - Sync 1 DAGs
[2026-03-04T08:16:10.802+0000] {logging_mixin.py:188} INFO - [2026-03-04T08:16:10.802+0000] {dag.py:3947} INFO - Setting next_dagrun for example_trigger_controller_dag to 2021-01-01 00:00:00+00:00, run_after=2021-01-01 00:00:00+00:00
[2026-03-04T08:16:10.807+0000] {processor.py:183} INFO - Processing /home/airflow/.local/lib/python3.12/site-packages/airflow/example_dags/example_trigger_controller_dag.py took 0.024 seconds
[2026-03-04T08:16:41.410+0000] {processor.py:161} INFO - Started process (PID=10039) to work on /home/airflow/.local/lib/python3.12/site-packages/airflow/example_dags/example_trigger_controller_dag.py
[2026-03-04T08:16:41.410+0000] {processor.py:830} INFO - Processing file /home/airflow/.local/lib/python3.12/site-packages/airflow/example_dags/example_trigger_controller_dag.py for tasks to queue
[2026-03-04T08:16:41.411+0000] {logging_mixin.py:188} INFO - [2026-03-04T08:16:41.411+0000] {dagbag.py:545} INFO - Filling up the DagBag from /home/airflow/.local/lib/python3.12/site-packages/airflow/example_dags/example_trigger_controller_dag.py
[2026-03-04T08:16:41.412+0000] {processor.py:840} INFO - DAG(s) 'example_trigger_controller_dag' retrieved from /home/airflow/.local/lib/python3.12/site-packages/airflow/example_dags/example_trigger_controller_dag.py
[2026-03-04T08:16:41.419+0000] {logging_mixin.py:188} INFO - [2026-03-04T08:16:41.419+0000] {dag.py:3089} INFO - Sync 1 DAGs
[2026-03-04T08:16:41.425+0000] {logging_mixin.py:188} INFO - [2026-03-04T08:16:41.425+0000] {dag.py:3947} INFO - Setting next_dagrun for example_trigger_controller_dag to 2021-01-01 00:00:00+00:00, run_after=2021-01-01 00:00:00+00:00
[2026-03-04T08:16:41.430+0000] {processor.py:183} INFO - Processing /home/airflow/.local/lib/python3.12/site-packages/airflow/example_dags/example_trigger_controller_dag.py took 0.022 seconds
[2026-03-04T08:17:12.446+0000] {processor.py:161} INFO - Started process (PID=10299) to work on /home/airflow/.local/lib/python3.12/site-packages/airflow/example_dags/example_trigger_controller_dag.py
[2026-03-04T08:17:12.447+0000] {processor.py:830} INFO - Processing file /home/airflow/.local/lib/python3.12/site-packages/airflow/example_dags/example_trigger_controller_dag.py for tasks to queue
[2026-03-04T08:17:12.448+0000] {logging_mixin.py:188} INFO - [2026-03-04T08:17:12.448+0000] {dagbag.py:545} INFO - Filling up the DagBag from /home/airflow/.local/lib/python3.12/site-packages/airflow/example_dags/example_trigger_controller_dag.py
[2026-03-04T08:17:12.450+0000] {processor.py:840} INFO - DAG(s) 'example_trigger_controller_dag' retrieved from /home/airflow/.local/lib/python3.12/site-packages/airflow/example_dags/example_trigger_controller_dag.py
[2026-03-04T08:17:12.456+0000] {logging_mixin.py:188} INFO - [2026-03-04T08:17:12.456+0000] {dag.py:3089} INFO - Sync 1 DAGs
[2026-03-04T08:17:12.462+0000] {logging_mixin.py:188} INFO - [2026-03-04T08:17:12.462+0000] {dag.py:3947} INFO - Setting next_dagrun for example_trigger_controller_dag to 2021-01-01 00:00:00+00:00, run_after=2021-01-01 00:00:00+00:00
[2026-03-04T08:17:12.467+0000] {processor.py:183} INFO - Processing /home/airflow/.local/lib/python3.12/site-packages/airflow/example_dags/example_trigger_controller_dag.py took 0.023 seconds
[2026-03-04T08:17:43.550+0000] {processor.py:161} INFO - Started process (PID=10561) to work on /home/airflow/.local/lib/python3.12/site-packages/airflow/example_dags/example_trigger_controller_dag.py
[2026-03-04T08:17:43.550+0000] {processor.py:830} INFO - Processing file /home/airflow/.local/lib/python3.12/site-packages/airflow/example_dags/example_trigger_controller_dag.py for tasks to queue
[2026-03-04T08:17:43.551+0000] {logging_mixin.py:188} INFO - [2026-03-04T08:17:43.551+0000] {dagbag.py:545} INFO - Filling up the DagBag from /home/airflow/.local/lib/python3.12/site-packages/airflow/example_dags/example_trigger_controller_dag.py
[2026-03-04T08:17:43.553+0000] {processor.py:840} INFO - DAG(s) 'example_trigger_controller_dag' retrieved from /home/airflow/.local/lib/python3.12/site-packages/airflow/example_dags/example_trigger_controller_dag.py
[2026-03-04T08:17:43.560+0000] {logging_mixin.py:188} INFO - [2026-03-04T08:17:43.560+0000] {dag.py:3089} INFO - Sync 1 DAGs
[2026-03-04T08:17:43.637+0000] {logging_mixin.py:188} INFO - [2026-03-04T08:17:43.637+0000] {dag.py:3947} INFO - Setting next_dagrun for example_trigger_controller_dag to 2021-01-01 00:00:00+00:00, run_after=2021-01-01 00:00:00+00:00
[2026-03-04T08:17:43.644+0000] {processor.py:183} INFO - Processing /home/airflow/.local/lib/python3.12/site-packages/airflow/example_dags/example_trigger_controller_dag.py took 0.097 seconds
[2026-03-04T08:18:14.741+0000] {processor.py:161} INFO - Started process (PID=10823) to work on /home/airflow/.local/lib/python3.12/site-packages/airflow/example_dags/example_trigger_controller_dag.py
[2026-03-04T08:18:14.741+0000] {processor.py:830} INFO - Processing file /home/airflow/.local/lib/python3.12/site-packages/airflow/example_dags/example_trigger_controller_dag.py for tasks to queue
[2026-03-04T08:18:14.743+0000] {logging_mixin.py:188} INFO - [2026-03-04T08:18:14.742+0000] {dagbag.py:545} INFO - Filling up the DagBag from /home/airflow/.local/lib/python3.12/site-packages/airflow/example_dags/example_trigger_controller_dag.py
[2026-03-04T08:18:14.744+0000] {processor.py:840} INFO - DAG(s) 'example_trigger_controller_dag' retrieved from /home/airflow/.local/lib/python3.12/site-packages/airflow/example_dags/example_trigger_controller_dag.py
[2026-03-04T08:18:14.752+0000] {logging_mixin.py:188} INFO - [2026-03-04T08:18:14.752+0000] {dag.py:3089} INFO - Sync 1 DAGs
[2026-03-04T08:18:14.823+0000] {logging_mixin.py:188} INFO - [2026-03-04T08:18:14.823+0000] {dag.py:3947} INFO - Setting next_dagrun for example_trigger_controller_dag to 2021-01-01 00:00:00+00:00, run_after=2021-01-01 00:00:00+00:00
[2026-03-04T08:18:14.831+0000] {processor.py:183} INFO - Processing /home/airflow/.local/lib/python3.12/site-packages/airflow/example_dags/example_trigger_controller_dag.py took 0.093 seconds
[2026-03-04T08:18:44.913+0000] {processor.py:161} INFO - Started process (PID=11085) to work on /home/airflow/.local/lib/python3.12/site-packages/airflow/example_dags/example_trigger_controller_dag.py
[2026-03-04T08:18:44.914+0000] {processor.py:830} INFO - Processing file /home/airflow/.local/lib/python3.12/site-packages/airflow/example_dags/example_trigger_controller_dag.py for tasks to queue
[2026-03-04T08:18:44.915+0000] {logging_mixin.py:188} INFO - [2026-03-04T08:18:44.915+0000] {dagbag.py:545} INFO - Filling up the DagBag from /home/airflow/.local/lib/python3.12/site-packages/airflow/example_dags/example_trigger_controller_dag.py
[2026-03-04T08:18:44.917+0000] {processor.py:840} INFO - DAG(s) 'example_trigger_controller_dag' retrieved from /home/airflow/.local/lib/python3.12/site-packages/airflow/example_dags/example_trigger_controller_dag.py
[2026-03-04T08:18:44.923+0000] {logging_mixin.py:188} INFO - [2026-03-04T08:18:44.923+0000] {dag.py:3089} INFO - Sync 1 DAGs
[2026-03-04T08:18:44.930+0000] {logging_mixin.py:188} INFO - [2026-03-04T08:18:44.929+0000] {dag.py:3947} INFO - Setting next_dagrun for example_trigger_controller_dag to 2021-01-01 00:00:00+00:00, run_after=2021-01-01 00:00:00+00:00
[2026-03-04T08:18:44.935+0000] {processor.py:183} INFO - Processing /home/airflow/.local/lib/python3.12/site-packages/airflow/example_dags/example_trigger_controller_dag.py took 0.025 seconds
[2026-03-04T08:19:15.538+0000] {processor.py:161} INFO - Started process (PID=11347) to work on /home/airflow/.local/lib/python3.12/site-packages/airflow/example_dags/example_trigger_controller_dag.py
[2026-03-04T08:19:15.539+0000] {processor.py:830} INFO - Processing file /home/airflow/.local/lib/python3.12/site-packages/airflow/example_dags/example_trigger_controller_dag.py for tasks to queue
[2026-03-04T08:19:15.540+0000] {logging_mixin.py:188} INFO - [2026-03-04T08:19:15.540+0000] {dagbag.py:545} INFO - Filling up the DagBag from /home/airflow/.local/lib/python3.12/site-packages/airflow/example_dags/example_trigger_controller_dag.py
[2026-03-04T08:19:15.542+0000] {processor.py:840} INFO - DAG(s) 'example_trigger_controller_dag' retrieved from /home/airflow/.local/lib/python3.12/site-packages/airflow/example_dags/example_trigger_controller_dag.py
[2026-03-04T08:19:15.553+0000] {logging_mixin.py:188} INFO - [2026-03-04T08:19:15.553+0000] {dag.py:3089} INFO - Sync 1 DAGs
[2026-03-04T08:19:15.561+0000] {logging_mixin.py:188} INFO - [2026-03-04T08:19:15.561+0000] {dag.py:3947} INFO - Setting next_dagrun for example_trigger_controller_dag to 2021-01-01 00:00:00+00:00, run_after=2021-01-01 00:00:00+00:00
[2026-03-04T08:19:15.569+0000] {processor.py:183} INFO - Processing /home/airflow/.local/lib/python3.12/site-packages/airflow/example_dags/example_trigger_controller_dag.py took 0.033 seconds
[2026-03-04T08:19:46.113+0000] {processor.py:161} INFO - Started process (PID=11609) to work on /home/airflow/.local/lib/python3.12/site-packages/airflow/example_dags/example_trigger_controller_dag.py
[2026-03-04T08:19:46.114+0000] {processor.py:830} INFO - Processing file /home/airflow/.local/lib/python3.12/site-packages/airflow/example_dags/example_trigger_controller_dag.py for tasks to queue
[2026-03-04T08:19:46.114+0000] {logging_mixin.py:188} INFO - [2026-03-04T08:19:46.114+0000] {dagbag.py:545} INFO - Filling up the DagBag from /home/airflow/.local/lib/python3.12/site-packages/airflow/example_dags/example_trigger_controller_dag.py
[2026-03-04T08:19:46.116+0000] {processor.py:840} INFO - DAG(s) 'example_trigger_controller_dag' retrieved from /home/airflow/.local/lib/python3.12/site-packages/airflow/example_dags/example_trigger_controller_dag.py
[2026-03-04T08:19:46.122+0000] {logging_mixin.py:188} INFO - [2026-03-04T08:19:46.122+0000] {dag.py:3089} INFO - Sync 1 DAGs
[2026-03-04T08:19:46.128+0000] {logging_mixin.py:188} INFO - [2026-03-04T08:19:46.128+0000] {dag.py:3947} INFO - Setting next_dagrun for example_trigger_controller_dag to 2021-01-01 00:00:00+00:00, run_after=2021-01-01 00:00:00+00:00
[2026-03-04T08:19:46.134+0000] {processor.py:183} INFO - Processing /home/airflow/.local/lib/python3.12/site-packages/airflow/example_dags/example_trigger_controller_dag.py took 0.023 seconds
[2026-03-04T08:20:16.707+0000] {processor.py:161} INFO - Started process (PID=11871) to work on /home/airflow/.local/lib/python3.12/site-packages/airflow/example_dags/example_trigger_controller_dag.py
[2026-03-04T08:20:16.708+0000] {processor.py:830} INFO - Processing file /home/airflow/.local/lib/python3.12/site-packages/airflow/example_dags/example_trigger_controller_dag.py for tasks to queue
[2026-03-04T08:20:16.708+0000] {logging_mixin.py:188} INFO - [2026-03-04T08:20:16.708+0000] {dagbag.py:545} INFO - Filling up the DagBag from /home/airflow/.local/lib/python3.12/site-packages/airflow/example_dags/example_trigger_controller_dag.py
[2026-03-04T08:20:16.710+0000] {processor.py:840} INFO - DAG(s) 'example_trigger_controller_dag' retrieved from /home/airflow/.local/lib/python3.12/site-packages/airflow/example_dags/example_trigger_controller_dag.py
[2026-03-04T08:20:16.716+0000] {logging_mixin.py:188} INFO - [2026-03-04T08:20:16.716+0000] {dag.py:3089} INFO - Sync 1 DAGs
[2026-03-04T08:20:16.722+0000] {logging_mixin.py:188} INFO - [2026-03-04T08:20:16.722+0000] {dag.py:3947} INFO - Setting next_dagrun for example_trigger_controller_dag to 2021-01-01 00:00:00+00:00, run_after=2021-01-01 00:00:00+00:00
[2026-03-04T08:20:16.728+0000] {processor.py:183} INFO - Processing /home/airflow/.local/lib/python3.12/site-packages/airflow/example_dags/example_trigger_controller_dag.py took 0.023 seconds
[2026-03-04T08:37:21.509+0000] {processor.py:161} INFO - Started process (PID=12135) to work on /home/airflow/.local/lib/python3.12/site-packages/airflow/example_dags/example_trigger_controller_dag.py
[2026-03-04T08:37:21.510+0000] {processor.py:830} INFO - Processing file /home/airflow/.local/lib/python3.12/site-packages/airflow/example_dags/example_trigger_controller_dag.py for tasks to queue
[2026-03-04T08:37:21.510+0000] {logging_mixin.py:188} INFO - [2026-03-04T08:37:21.510+0000] {dagbag.py:545} INFO - Filling up the DagBag from /home/airflow/.local/lib/python3.12/site-packages/airflow/example_dags/example_trigger_controller_dag.py
[2026-03-04T08:37:21.512+0000] {processor.py:840} INFO - DAG(s) 'example_trigger_controller_dag' retrieved from /home/airflow/.local/lib/python3.12/site-packages/airflow/example_dags/example_trigger_controller_dag.py
[2026-03-04T08:37:21.524+0000] {logging_mixin.py:188} INFO - [2026-03-04T08:37:21.523+0000] {dag.py:3089} INFO - Sync 1 DAGs
[2026-03-04T08:37:21.538+0000] {logging_mixin.py:188} INFO - [2026-03-04T08:37:21.536+0000] {dag.py:3947} INFO - Setting next_dagrun for example_trigger_controller_dag to 2021-01-01 00:00:00+00:00, run_after=2021-01-01 00:00:00+00:00
[2026-03-04T08:37:21.559+0000] {processor.py:183} INFO - Processing /home/airflow/.local/lib/python3.12/site-packages/airflow/example_dags/example_trigger_controller_dag.py took 0.052 seconds
[2026-03-04T08:46:11.705+0000] {processor.py:161} INFO - Started process (PID=12395) to work on /home/airflow/.local/lib/python3.12/site-packages/airflow/example_dags/example_trigger_controller_dag.py
[2026-03-04T08:46:11.706+0000] {processor.py:830} INFO - Processing file /home/airflow/.local/lib/python3.12/site-packages/airflow/example_dags/example_trigger_controller_dag.py for tasks to queue
[2026-03-04T08:46:11.708+0000] {logging_mixin.py:188} INFO - [2026-03-04T08:46:11.707+0000] {dagbag.py:545} INFO - Filling up the DagBag from /home/airflow/.local/lib/python3.12/site-packages/airflow/example_dags/example_trigger_controller_dag.py
[2026-03-04T08:46:11.709+0000] {processor.py:840} INFO - DAG(s) 'example_trigger_controller_dag' retrieved from /home/airflow/.local/lib/python3.12/site-packages/airflow/example_dags/example_trigger_controller_dag.py
[2026-03-04T08:46:11.720+0000] {logging_mixin.py:188} INFO - [2026-03-04T08:46:11.719+0000] {dag.py:3089} INFO - Sync 1 DAGs
[2026-03-04T08:46:11.727+0000] {logging_mixin.py:188} INFO - [2026-03-04T08:46:11.727+0000] {dag.py:3947} INFO - Setting next_dagrun for example_trigger_controller_dag to 2021-01-01 00:00:00+00:00, run_after=2021-01-01 00:00:00+00:00
[2026-03-04T08:46:11.735+0000] {processor.py:183} INFO - Processing /home/airflow/.local/lib/python3.12/site-packages/airflow/example_dags/example_trigger_controller_dag.py took 0.032 seconds
[2026-03-04T08:46:42.326+0000] {processor.py:161} INFO - Started process (PID=12657) to work on /home/airflow/.local/lib/python3.12/site-packages/airflow/example_dags/example_trigger_controller_dag.py
[2026-03-04T08:46:42.326+0000] {processor.py:830} INFO - Processing file /home/airflow/.local/lib/python3.12/site-packages/airflow/example_dags/example_trigger_controller_dag.py for tasks to queue
[2026-03-04T08:46:42.331+0000] {logging_mixin.py:188} INFO - [2026-03-04T08:46:42.331+0000] {dagbag.py:545} INFO - Filling up the DagBag from /home/airflow/.local/lib/python3.12/site-packages/airflow/example_dags/example_trigger_controller_dag.py
[2026-03-04T08:46:42.335+0000] {processor.py:840} INFO - DAG(s) 'example_trigger_controller_dag' retrieved from /home/airflow/.local/lib/python3.12/site-packages/airflow/example_dags/example_trigger_controller_dag.py
[2026-03-04T08:46:42.348+0000] {logging_mixin.py:188} INFO - [2026-03-04T08:46:42.348+0000] {dag.py:3089} INFO - Sync 1 DAGs
[2026-03-04T08:46:42.356+0000] {logging_mixin.py:188} INFO - [2026-03-04T08:46:42.356+0000] {dag.py:3947} INFO - Setting next_dagrun for example_trigger_controller_dag to 2021-01-01 00:00:00+00:00, run_after=2021-01-01 00:00:00+00:00
[2026-03-04T08:46:42.363+0000] {processor.py:183} INFO - Processing /home/airflow/.local/lib/python3.12/site-packages/airflow/example_dags/example_trigger_controller_dag.py took 0.040 seconds
[2026-03-04T08:47:12.851+0000] {processor.py:161} INFO - Started process (PID=12919) to work on /home/airflow/.local/lib/python3.12/site-packages/airflow/example_dags/example_trigger_controller_dag.py
[2026-03-04T08:47:12.852+0000] {processor.py:830} INFO - Processing file /home/airflow/.local/lib/python3.12/site-packages/airflow/example_dags/example_trigger_controller_dag.py for tasks to queue
[2026-03-04T08:47:12.854+0000] {logging_mixin.py:188} INFO - [2026-03-04T08:47:12.854+0000] {dagbag.py:545} INFO - Filling up the DagBag from /home/airflow/.local/lib/python3.12/site-packages/airflow/example_dags/example_trigger_controller_dag.py
[2026-03-04T08:47:12.856+0000] {processor.py:840} INFO - DAG(s) 'example_trigger_controller_dag' retrieved from /home/airflow/.local/lib/python3.12/site-packages/airflow/example_dags/example_trigger_controller_dag.py
[2026-03-04T08:47:12.865+0000] {logging_mixin.py:188} INFO - [2026-03-04T08:47:12.865+0000] {dag.py:3089} INFO - Sync 1 DAGs
[2026-03-04T08:47:12.872+0000] {logging_mixin.py:188} INFO - [2026-03-04T08:47:12.872+0000] {dag.py:3947} INFO - Setting next_dagrun for example_trigger_controller_dag to 2021-01-01 00:00:00+00:00, run_after=2021-01-01 00:00:00+00:00
[2026-03-04T08:47:12.877+0000] {processor.py:183} INFO - Processing /home/airflow/.local/lib/python3.12/site-packages/airflow/example_dags/example_trigger_controller_dag.py took 0.029 seconds
[2026-03-04T08:47:43.380+0000] {processor.py:161} INFO - Started process (PID=13181) to work on /home/airflow/.local/lib/python3.12/site-packages/airflow/example_dags/example_trigger_controller_dag.py
[2026-03-04T08:47:43.381+0000] {processor.py:830} INFO - Processing file /home/airflow/.local/lib/python3.12/site-packages/airflow/example_dags/example_trigger_controller_dag.py for tasks to queue
[2026-03-04T08:47:43.382+0000] {logging_mixin.py:188} INFO - [2026-03-04T08:47:43.381+0000] {dagbag.py:545} INFO - Filling up the DagBag from /home/airflow/.local/lib/python3.12/site-packages/airflow/example_dags/example_trigger_controller_dag.py
[2026-03-04T08:47:43.384+0000] {processor.py:840} INFO - DAG(s) 'example_trigger_controller_dag' retrieved from /home/airflow/.local/lib/python3.12/site-packages/airflow/example_dags/example_trigger_controller_dag.py
[2026-03-04T08:47:43.400+0000] {logging_mixin.py:188} INFO - [2026-03-04T08:47:43.400+0000] {dag.py:3089} INFO - Sync 1 DAGs
[2026-03-04T08:47:43.407+0000] {logging_mixin.py:188} INFO - [2026-03-04T08:47:43.407+0000] {dag.py:3947} INFO - Setting next_dagrun for example_trigger_controller_dag to 2021-01-01 00:00:00+00:00, run_after=2021-01-01 00:00:00+00:00
[2026-03-04T08:47:43.414+0000] {processor.py:183} INFO - Processing /home/airflow/.local/lib/python3.12/site-packages/airflow/example_dags/example_trigger_controller_dag.py took 0.036 seconds
[2026-03-04T08:48:13.876+0000] {processor.py:161} INFO - Started process (PID=13443) to work on /home/airflow/.local/lib/python3.12/site-packages/airflow/example_dags/example_trigger_controller_dag.py
[2026-03-04T08:48:13.877+0000] {processor.py:830} INFO - Processing file /home/airflow/.local/lib/python3.12/site-packages/airflow/example_dags/example_trigger_controller_dag.py for tasks to queue
[2026-03-04T08:48:13.877+0000] {logging_mixin.py:188} INFO - [2026-03-04T08:48:13.877+0000] {dagbag.py:545} INFO - Filling up the DagBag from /home/airflow/.local/lib/python3.12/site-packages/airflow/example_dags/example_trigger_controller_dag.py
[2026-03-04T08:48:13.880+0000] {processor.py:840} INFO - DAG(s) 'example_trigger_controller_dag' retrieved from /home/airflow/.local/lib/python3.12/site-packages/airflow/example_dags/example_trigger_controller_dag.py
[2026-03-04T08:48:13.894+0000] {logging_mixin.py:188} INFO - [2026-03-04T08:48:13.894+0000] {dag.py:3089} INFO - Sync 1 DAGs
[2026-03-04T08:48:13.904+0000] {logging_mixin.py:188} INFO - [2026-03-04T08:48:13.904+0000] {dag.py:3947} INFO - Setting next_dagrun for example_trigger_controller_dag to 2021-01-01 00:00:00+00:00, run_after=2021-01-01 00:00:00+00:00
[2026-03-04T08:48:13.911+0000] {processor.py:183} INFO - Processing /home/airflow/.local/lib/python3.12/site-packages/airflow/example_dags/example_trigger_controller_dag.py took 0.038 seconds
[2026-03-04T08:48:44.467+0000] {processor.py:161} INFO - Started process (PID=13705) to work on /home/airflow/.local/lib/python3.12/site-packages/airflow/example_dags/example_trigger_controller_dag.py
[2026-03-04T08:48:44.467+0000] {processor.py:830} INFO - Processing file /home/airflow/.local/lib/python3.12/site-packages/airflow/example_dags/example_trigger_controller_dag.py for tasks to queue
[2026-03-04T08:48:44.469+0000] {logging_mixin.py:188} INFO - [2026-03-04T08:48:44.469+0000] {dagbag.py:545} INFO - Filling up the DagBag from /home/airflow/.local/lib/python3.12/site-packages/airflow/example_dags/example_trigger_controller_dag.py
[2026-03-04T08:48:44.470+0000] {processor.py:840} INFO - DAG(s) 'example_trigger_controller_dag' retrieved from /home/airflow/.local/lib/python3.12/site-packages/airflow/example_dags/example_trigger_controller_dag.py
[2026-03-04T08:48:44.481+0000] {logging_mixin.py:188} INFO - [2026-03-04T08:48:44.480+0000] {dag.py:3089} INFO - Sync 1 DAGs
[2026-03-04T08:48:44.489+0000] {logging_mixin.py:188} INFO - [2026-03-04T08:48:44.488+0000] {dag.py:3947} INFO - Setting next_dagrun for example_trigger_controller_dag to 2021-01-01 00:00:00+00:00, run_after=2021-01-01 00:00:00+00:00
[2026-03-04T08:48:44.497+0000] {processor.py:183} INFO - Processing /home/airflow/.local/lib/python3.12/site-packages/airflow/example_dags/example_trigger_controller_dag.py took 0.033 seconds
[2026-03-04T08:49:15.077+0000] {processor.py:161} INFO - Started process (PID=13968) to work on /home/airflow/.local/lib/python3.12/site-packages/airflow/example_dags/example_trigger_controller_dag.py
[2026-03-04T08:49:15.077+0000] {processor.py:830} INFO - Processing file /home/airflow/.local/lib/python3.12/site-packages/airflow/example_dags/example_trigger_controller_dag.py for tasks to queue
[2026-03-04T08:49:15.078+0000] {logging_mixin.py:188} INFO - [2026-03-04T08:49:15.078+0000] {dagbag.py:545} INFO - Filling up the DagBag from /home/airflow/.local/lib/python3.12/site-packages/airflow/example_dags/example_trigger_controller_dag.py
[2026-03-04T08:49:15.080+0000] {processor.py:840} INFO - DAG(s) 'example_trigger_controller_dag' retrieved from /home/airflow/.local/lib/python3.12/site-packages/airflow/example_dags/example_trigger_controller_dag.py
[2026-03-04T08:49:15.090+0000] {logging_mixin.py:188} INFO - [2026-03-04T08:49:15.090+0000] {dag.py:3089} INFO - Sync 1 DAGs
[2026-03-04T08:49:15.099+0000] {logging_mixin.py:188} INFO - [2026-03-04T08:49:15.099+0000] {dag.py:3947} INFO - Setting next_dagrun for example_trigger_controller_dag to 2021-01-01 00:00:00+00:00, run_after=2021-01-01 00:00:00+00:00
[2026-03-04T08:49:15.108+0000] {processor.py:183} INFO - Processing /home/airflow/.local/lib/python3.12/site-packages/airflow/example_dags/example_trigger_controller_dag.py took 0.033 seconds
[2026-03-04T08:49:45.617+0000] {processor.py:161} INFO - Started process (PID=14229) to work on /home/airflow/.local/lib/python3.12/site-packages/airflow/example_dags/example_trigger_controller_dag.py
[2026-03-04T08:49:45.620+0000] {processor.py:830} INFO - Processing file /home/airflow/.local/lib/python3.12/site-packages/airflow/example_dags/example_trigger_controller_dag.py for tasks to queue
[2026-03-04T08:49:45.621+0000] {logging_mixin.py:188} INFO - [2026-03-04T08:49:45.621+0000] {dagbag.py:545} INFO - Filling up the DagBag from /home/airflow/.local/lib/python3.12/site-packages/airflow/example_dags/example_trigger_controller_dag.py
[2026-03-04T08:49:45.622+0000] {processor.py:840} INFO - DAG(s) 'example_trigger_controller_dag' retrieved from /home/airflow/.local/lib/python3.12/site-packages/airflow/example_dags/example_trigger_controller_dag.py
[2026-03-04T08:49:45.632+0000] {logging_mixin.py:188} INFO - [2026-03-04T08:49:45.632+0000] {dag.py:3089} INFO - Sync 1 DAGs
[2026-03-04T08:49:45.639+0000] {logging_mixin.py:188} INFO - [2026-03-04T08:49:45.639+0000] {dag.py:3947} INFO - Setting next_dagrun for example_trigger_controller_dag to 2021-01-01 00:00:00+00:00, run_after=2021-01-01 00:00:00+00:00
[2026-03-04T08:49:45.646+0000] {processor.py:183} INFO - Processing /home/airflow/.local/lib/python3.12/site-packages/airflow/example_dags/example_trigger_controller_dag.py took 0.032 seconds
[2026-03-04T08:50:16.168+0000] {processor.py:161} INFO - Started process (PID=14493) to work on /home/airflow/.local/lib/python3.12/site-packages/airflow/example_dags/example_trigger_controller_dag.py
[2026-03-04T08:50:16.168+0000] {processor.py:830} INFO - Processing file /home/airflow/.local/lib/python3.12/site-packages/airflow/example_dags/example_trigger_controller_dag.py for tasks to queue
[2026-03-04T08:50:16.169+0000] {logging_mixin.py:188} INFO - [2026-03-04T08:50:16.169+0000] {dagbag.py:545} INFO - Filling up the DagBag from /home/airflow/.local/lib/python3.12/site-packages/airflow/example_dags/example_trigger_controller_dag.py
[2026-03-04T08:50:16.171+0000] {processor.py:840} INFO - DAG(s) 'example_trigger_controller_dag' retrieved from /home/airflow/.local/lib/python3.12/site-packages/airflow/example_dags/example_trigger_controller_dag.py
[2026-03-04T08:50:16.181+0000] {logging_mixin.py:188} INFO - [2026-03-04T08:50:16.179+0000] {dag.py:3089} INFO - Sync 1 DAGs
[2026-03-04T08:50:16.188+0000] {logging_mixin.py:188} INFO - [2026-03-04T08:50:16.188+0000] {dag.py:3947} INFO - Setting next_dagrun for example_trigger_controller_dag to 2021-01-01 00:00:00+00:00, run_after=2021-01-01 00:00:00+00:00
[2026-03-04T08:50:16.198+0000] {processor.py:183} INFO - Processing /home/airflow/.local/lib/python3.12/site-packages/airflow/example_dags/example_trigger_controller_dag.py took 0.032 seconds
[2026-03-04T08:50:46.735+0000] {processor.py:161} INFO - Started process (PID=14753) to work on /home/airflow/.local/lib/python3.12/site-packages/airflow/example_dags/example_trigger_controller_dag.py
[2026-03-04T08:50:46.736+0000] {processor.py:830} INFO - Processing file /home/airflow/.local/lib/python3.12/site-packages/airflow/example_dags/example_trigger_controller_dag.py for tasks to queue
[2026-03-04T08:50:46.736+0000] {logging_mixin.py:188} INFO - [2026-03-04T08:50:46.736+0000] {dagbag.py:545} INFO - Filling up the DagBag from /home/airflow/.local/lib/python3.12/site-packages/airflow/example_dags/example_trigger_controller_dag.py
[2026-03-04T08:50:46.740+0000] {processor.py:840} INFO - DAG(s) 'example_trigger_controller_dag' retrieved from /home/airflow/.local/lib/python3.12/site-packages/airflow/example_dags/example_trigger_controller_dag.py
[2026-03-04T08:50:46.749+0000] {logging_mixin.py:188} INFO - [2026-03-04T08:50:46.749+0000] {dag.py:3089} INFO - Sync 1 DAGs
[2026-03-04T08:50:46.758+0000] {logging_mixin.py:188} INFO - [2026-03-04T08:50:46.758+0000] {dag.py:3947} INFO - Setting next_dagrun for example_trigger_controller_dag to 2021-01-01 00:00:00+00:00, run_after=2021-01-01 00:00:00+00:00
[2026-03-04T08:50:46.766+0000] {processor.py:183} INFO - Processing /home/airflow/.local/lib/python3.12/site-packages/airflow/example_dags/example_trigger_controller_dag.py took 0.034 seconds
