[2026-03-04T07:57:50.983+0000] {processor.py:161} INFO - Started process (PID=364) to work on /home/airflow/.local/lib/python3.12/site-packages/airflow/example_dags/example_dag_decorator.py
[2026-03-04T07:57:50.984+0000] {processor.py:830} INFO - Processing file /home/airflow/.local/lib/python3.12/site-packages/airflow/example_dags/example_dag_decorator.py for tasks to queue
[2026-03-04T07:57:50.984+0000] {logging_mixin.py:188} INFO - [2026-03-04T07:57:50.984+0000] {dagbag.py:545} INFO - Filling up the DagBag from /home/airflow/.local/lib/python3.12/site-packages/airflow/example_dags/example_dag_decorator.py
[2026-03-04T07:57:51.119+0000] {processor.py:840} INFO - DAG(s) 'example_dag_decorator' retrieved from /home/airflow/.local/lib/python3.12/site-packages/airflow/example_dags/example_dag_decorator.py
[2026-03-04T07:57:51.152+0000] {logging_mixin.py:188} INFO - [2026-03-04T07:57:51.151+0000] {override.py:1858} INFO - Created Permission View: can delete on DAG:example_dag_decorator
[2026-03-04T07:57:51.155+0000] {logging_mixin.py:188} INFO - [2026-03-04T07:57:51.155+0000] {override.py:1858} INFO - Created Permission View: can read on DAG:example_dag_decorator
[2026-03-04T07:57:51.156+0000] {logging_mixin.py:188} INFO - [2026-03-04T07:57:51.156+0000] {override.py:1858} INFO - Created Permission View: can edit on DAG:example_dag_decorator
[2026-03-04T07:57:51.157+0000] {logging_mixin.py:188} INFO - [2026-03-04T07:57:51.156+0000] {dag.py:3089} INFO - Sync 1 DAGs
[2026-03-04T07:57:51.161+0000] {logging_mixin.py:188} INFO - [2026-03-04T07:57:51.161+0000] {dag.py:3111} INFO - Creating ORM DAG for example_dag_decorator
[2026-03-04T07:57:51.161+0000] {logging_mixin.py:188} INFO - [2026-03-04T07:57:51.161+0000] {dag.py:3947} INFO - Setting next_dagrun for example_dag_decorator to None, run_after=None
[2026-03-04T07:57:51.166+0000] {processor.py:183} INFO - Processing /home/airflow/.local/lib/python3.12/site-packages/airflow/example_dags/example_dag_decorator.py took 0.185 seconds
[2026-03-04T07:58:21.919+0000] {processor.py:161} INFO - Started process (PID=624) to work on /home/airflow/.local/lib/python3.12/site-packages/airflow/example_dags/example_dag_decorator.py
[2026-03-04T07:58:21.920+0000] {processor.py:830} INFO - Processing file /home/airflow/.local/lib/python3.12/site-packages/airflow/example_dags/example_dag_decorator.py for tasks to queue
[2026-03-04T07:58:21.920+0000] {logging_mixin.py:188} INFO - [2026-03-04T07:58:21.920+0000] {dagbag.py:545} INFO - Filling up the DagBag from /home/airflow/.local/lib/python3.12/site-packages/airflow/example_dags/example_dag_decorator.py
[2026-03-04T07:58:21.954+0000] {processor.py:840} INFO - DAG(s) 'example_dag_decorator' retrieved from /home/airflow/.local/lib/python3.12/site-packages/airflow/example_dags/example_dag_decorator.py
[2026-03-04T07:58:21.992+0000] {logging_mixin.py:188} INFO - [2026-03-04T07:58:21.992+0000] {dag.py:3089} INFO - Sync 1 DAGs
[2026-03-04T07:58:21.995+0000] {logging_mixin.py:188} INFO - [2026-03-04T07:58:21.995+0000] {dag.py:3947} INFO - Setting next_dagrun for example_dag_decorator to None, run_after=None
[2026-03-04T07:58:22.003+0000] {processor.py:183} INFO - Processing /home/airflow/.local/lib/python3.12/site-packages/airflow/example_dags/example_dag_decorator.py took 0.086 seconds
[2026-03-04T07:58:52.447+0000] {processor.py:161} INFO - Started process (PID=886) to work on /home/airflow/.local/lib/python3.12/site-packages/airflow/example_dags/example_dag_decorator.py
[2026-03-04T07:58:52.448+0000] {processor.py:830} INFO - Processing file /home/airflow/.local/lib/python3.12/site-packages/airflow/example_dags/example_dag_decorator.py for tasks to queue
[2026-03-04T07:58:52.449+0000] {logging_mixin.py:188} INFO - [2026-03-04T07:58:52.449+0000] {dagbag.py:545} INFO - Filling up the DagBag from /home/airflow/.local/lib/python3.12/site-packages/airflow/example_dags/example_dag_decorator.py
[2026-03-04T07:58:52.488+0000] {processor.py:840} INFO - DAG(s) 'example_dag_decorator' retrieved from /home/airflow/.local/lib/python3.12/site-packages/airflow/example_dags/example_dag_decorator.py
[2026-03-04T07:58:52.529+0000] {logging_mixin.py:188} INFO - [2026-03-04T07:58:52.529+0000] {dag.py:3089} INFO - Sync 1 DAGs
[2026-03-04T07:58:52.533+0000] {logging_mixin.py:188} INFO - [2026-03-04T07:58:52.533+0000] {dag.py:3947} INFO - Setting next_dagrun for example_dag_decorator to None, run_after=None
[2026-03-04T07:58:52.543+0000] {processor.py:183} INFO - Processing /home/airflow/.local/lib/python3.12/site-packages/airflow/example_dags/example_dag_decorator.py took 0.098 seconds
[2026-03-04T07:59:22.989+0000] {processor.py:161} INFO - Started process (PID=1150) to work on /home/airflow/.local/lib/python3.12/site-packages/airflow/example_dags/example_dag_decorator.py
[2026-03-04T07:59:22.990+0000] {processor.py:830} INFO - Processing file /home/airflow/.local/lib/python3.12/site-packages/airflow/example_dags/example_dag_decorator.py for tasks to queue
[2026-03-04T07:59:22.990+0000] {logging_mixin.py:188} INFO - [2026-03-04T07:59:22.990+0000] {dagbag.py:545} INFO - Filling up the DagBag from /home/airflow/.local/lib/python3.12/site-packages/airflow/example_dags/example_dag_decorator.py
[2026-03-04T07:59:23.025+0000] {processor.py:840} INFO - DAG(s) 'example_dag_decorator' retrieved from /home/airflow/.local/lib/python3.12/site-packages/airflow/example_dags/example_dag_decorator.py
[2026-03-04T07:59:23.065+0000] {logging_mixin.py:188} INFO - [2026-03-04T07:59:23.065+0000] {dag.py:3089} INFO - Sync 1 DAGs
[2026-03-04T07:59:23.069+0000] {logging_mixin.py:188} INFO - [2026-03-04T07:59:23.068+0000] {dag.py:3947} INFO - Setting next_dagrun for example_dag_decorator to None, run_after=None
[2026-03-04T07:59:23.078+0000] {processor.py:183} INFO - Processing /home/airflow/.local/lib/python3.12/site-packages/airflow/example_dags/example_dag_decorator.py took 0.091 seconds
[2026-03-04T07:59:53.675+0000] {processor.py:161} INFO - Started process (PID=1410) to work on /home/airflow/.local/lib/python3.12/site-packages/airflow/example_dags/example_dag_decorator.py
[2026-03-04T07:59:53.676+0000] {processor.py:830} INFO - Processing file /home/airflow/.local/lib/python3.12/site-packages/airflow/example_dags/example_dag_decorator.py for tasks to queue
[2026-03-04T07:59:53.677+0000] {logging_mixin.py:188} INFO - [2026-03-04T07:59:53.676+0000] {dagbag.py:545} INFO - Filling up the DagBag from /home/airflow/.local/lib/python3.12/site-packages/airflow/example_dags/example_dag_decorator.py
[2026-03-04T07:59:53.712+0000] {processor.py:840} INFO - DAG(s) 'example_dag_decorator' retrieved from /home/airflow/.local/lib/python3.12/site-packages/airflow/example_dags/example_dag_decorator.py
[2026-03-04T07:59:53.752+0000] {logging_mixin.py:188} INFO - [2026-03-04T07:59:53.752+0000] {dag.py:3089} INFO - Sync 1 DAGs
[2026-03-04T07:59:53.758+0000] {logging_mixin.py:188} INFO - [2026-03-04T07:59:53.758+0000] {dag.py:3947} INFO - Setting next_dagrun for example_dag_decorator to None, run_after=None
[2026-03-04T07:59:53.766+0000] {processor.py:183} INFO - Processing /home/airflow/.local/lib/python3.12/site-packages/airflow/example_dags/example_dag_decorator.py took 0.094 seconds
[2026-03-04T08:00:24.288+0000] {processor.py:161} INFO - Started process (PID=1672) to work on /home/airflow/.local/lib/python3.12/site-packages/airflow/example_dags/example_dag_decorator.py
[2026-03-04T08:00:24.288+0000] {processor.py:830} INFO - Processing file /home/airflow/.local/lib/python3.12/site-packages/airflow/example_dags/example_dag_decorator.py for tasks to queue
[2026-03-04T08:00:24.289+0000] {logging_mixin.py:188} INFO - [2026-03-04T08:00:24.289+0000] {dagbag.py:545} INFO - Filling up the DagBag from /home/airflow/.local/lib/python3.12/site-packages/airflow/example_dags/example_dag_decorator.py
[2026-03-04T08:00:24.329+0000] {processor.py:840} INFO - DAG(s) 'example_dag_decorator' retrieved from /home/airflow/.local/lib/python3.12/site-packages/airflow/example_dags/example_dag_decorator.py
[2026-03-04T08:00:24.367+0000] {logging_mixin.py:188} INFO - [2026-03-04T08:00:24.367+0000] {dag.py:3089} INFO - Sync 1 DAGs
[2026-03-04T08:00:24.370+0000] {logging_mixin.py:188} INFO - [2026-03-04T08:00:24.370+0000] {dag.py:3947} INFO - Setting next_dagrun for example_dag_decorator to None, run_after=None
[2026-03-04T08:00:24.381+0000] {processor.py:183} INFO - Processing /home/airflow/.local/lib/python3.12/site-packages/airflow/example_dags/example_dag_decorator.py took 0.095 seconds
[2026-03-04T08:00:54.912+0000] {processor.py:161} INFO - Started process (PID=1934) to work on /home/airflow/.local/lib/python3.12/site-packages/airflow/example_dags/example_dag_decorator.py
[2026-03-04T08:00:54.913+0000] {processor.py:830} INFO - Processing file /home/airflow/.local/lib/python3.12/site-packages/airflow/example_dags/example_dag_decorator.py for tasks to queue
[2026-03-04T08:00:54.915+0000] {logging_mixin.py:188} INFO - [2026-03-04T08:00:54.913+0000] {dagbag.py:545} INFO - Filling up the DagBag from /home/airflow/.local/lib/python3.12/site-packages/airflow/example_dags/example_dag_decorator.py
[2026-03-04T08:00:54.954+0000] {processor.py:840} INFO - DAG(s) 'example_dag_decorator' retrieved from /home/airflow/.local/lib/python3.12/site-packages/airflow/example_dags/example_dag_decorator.py
[2026-03-04T08:00:54.993+0000] {logging_mixin.py:188} INFO - [2026-03-04T08:00:54.992+0000] {dag.py:3089} INFO - Sync 1 DAGs
[2026-03-04T08:00:54.998+0000] {logging_mixin.py:188} INFO - [2026-03-04T08:00:54.998+0000] {dag.py:3947} INFO - Setting next_dagrun for example_dag_decorator to None, run_after=None
[2026-03-04T08:00:55.005+0000] {processor.py:183} INFO - Processing /home/airflow/.local/lib/python3.12/site-packages/airflow/example_dags/example_dag_decorator.py took 0.095 seconds
[2026-03-04T08:01:25.488+0000] {processor.py:161} INFO - Started process (PID=2196) to work on /home/airflow/.local/lib/python3.12/site-packages/airflow/example_dags/example_dag_decorator.py
[2026-03-04T08:01:25.489+0000] {processor.py:830} INFO - Processing file /home/airflow/.local/lib/python3.12/site-packages/airflow/example_dags/example_dag_decorator.py for tasks to queue
[2026-03-04T08:01:25.490+0000] {logging_mixin.py:188} INFO - [2026-03-04T08:01:25.489+0000] {dagbag.py:545} INFO - Filling up the DagBag from /home/airflow/.local/lib/python3.12/site-packages/airflow/example_dags/example_dag_decorator.py
[2026-03-04T08:01:25.525+0000] {processor.py:840} INFO - DAG(s) 'example_dag_decorator' retrieved from /home/airflow/.local/lib/python3.12/site-packages/airflow/example_dags/example_dag_decorator.py
[2026-03-04T08:01:25.533+0000] {logging_mixin.py:188} INFO - [2026-03-04T08:01:25.533+0000] {dag.py:3089} INFO - Sync 1 DAGs
[2026-03-04T08:01:25.539+0000] {logging_mixin.py:188} INFO - [2026-03-04T08:01:25.539+0000] {dag.py:3947} INFO - Setting next_dagrun for example_dag_decorator to None, run_after=None
[2026-03-04T08:01:25.549+0000] {processor.py:183} INFO - Processing /home/airflow/.local/lib/python3.12/site-packages/airflow/example_dags/example_dag_decorator.py took 0.063 seconds
[2026-03-04T08:01:56.064+0000] {processor.py:161} INFO - Started process (PID=2458) to work on /home/airflow/.local/lib/python3.12/site-packages/airflow/example_dags/example_dag_decorator.py
[2026-03-04T08:01:56.066+0000] {processor.py:830} INFO - Processing file /home/airflow/.local/lib/python3.12/site-packages/airflow/example_dags/example_dag_decorator.py for tasks to queue
[2026-03-04T08:01:56.066+0000] {logging_mixin.py:188} INFO - [2026-03-04T08:01:56.066+0000] {dagbag.py:545} INFO - Filling up the DagBag from /home/airflow/.local/lib/python3.12/site-packages/airflow/example_dags/example_dag_decorator.py
[2026-03-04T08:01:56.103+0000] {processor.py:840} INFO - DAG(s) 'example_dag_decorator' retrieved from /home/airflow/.local/lib/python3.12/site-packages/airflow/example_dags/example_dag_decorator.py
[2026-03-04T08:01:56.138+0000] {logging_mixin.py:188} INFO - [2026-03-04T08:01:56.138+0000] {dag.py:3089} INFO - Sync 1 DAGs
[2026-03-04T08:01:56.141+0000] {logging_mixin.py:188} INFO - [2026-03-04T08:01:56.141+0000] {dag.py:3947} INFO - Setting next_dagrun for example_dag_decorator to None, run_after=None
[2026-03-04T08:01:56.149+0000] {processor.py:183} INFO - Processing /home/airflow/.local/lib/python3.12/site-packages/airflow/example_dags/example_dag_decorator.py took 0.087 seconds
[2026-03-04T08:02:26.572+0000] {processor.py:161} INFO - Started process (PID=2720) to work on /home/airflow/.local/lib/python3.12/site-packages/airflow/example_dags/example_dag_decorator.py
[2026-03-04T08:02:26.573+0000] {processor.py:830} INFO - Processing file /home/airflow/.local/lib/python3.12/site-packages/airflow/example_dags/example_dag_decorator.py for tasks to queue
[2026-03-04T08:02:26.575+0000] {logging_mixin.py:188} INFO - [2026-03-04T08:02:26.575+0000] {dagbag.py:545} INFO - Filling up the DagBag from /home/airflow/.local/lib/python3.12/site-packages/airflow/example_dags/example_dag_decorator.py
[2026-03-04T08:02:26.610+0000] {processor.py:840} INFO - DAG(s) 'example_dag_decorator' retrieved from /home/airflow/.local/lib/python3.12/site-packages/airflow/example_dags/example_dag_decorator.py
[2026-03-04T08:02:26.641+0000] {logging_mixin.py:188} INFO - [2026-03-04T08:02:26.641+0000] {dag.py:3089} INFO - Sync 1 DAGs
[2026-03-04T08:02:26.646+0000] {logging_mixin.py:188} INFO - [2026-03-04T08:02:26.646+0000] {dag.py:3947} INFO - Setting next_dagrun for example_dag_decorator to None, run_after=None
[2026-03-04T08:02:26.651+0000] {processor.py:183} INFO - Processing /home/airflow/.local/lib/python3.12/site-packages/airflow/example_dags/example_dag_decorator.py took 0.081 seconds
[2026-03-04T08:02:57.099+0000] {processor.py:161} INFO - Started process (PID=2982) to work on /home/airflow/.local/lib/python3.12/site-packages/airflow/example_dags/example_dag_decorator.py
[2026-03-04T08:02:57.100+0000] {processor.py:830} INFO - Processing file /home/airflow/.local/lib/python3.12/site-packages/airflow/example_dags/example_dag_decorator.py for tasks to queue
[2026-03-04T08:02:57.101+0000] {logging_mixin.py:188} INFO - [2026-03-04T08:02:57.101+0000] {dagbag.py:545} INFO - Filling up the DagBag from /home/airflow/.local/lib/python3.12/site-packages/airflow/example_dags/example_dag_decorator.py
[2026-03-04T08:02:57.143+0000] {processor.py:840} INFO - DAG(s) 'example_dag_decorator' retrieved from /home/airflow/.local/lib/python3.12/site-packages/airflow/example_dags/example_dag_decorator.py
[2026-03-04T08:02:57.176+0000] {logging_mixin.py:188} INFO - [2026-03-04T08:02:57.176+0000] {dag.py:3089} INFO - Sync 1 DAGs
[2026-03-04T08:02:57.180+0000] {logging_mixin.py:188} INFO - [2026-03-04T08:02:57.180+0000] {dag.py:3947} INFO - Setting next_dagrun for example_dag_decorator to None, run_after=None
[2026-03-04T08:02:57.188+0000] {processor.py:183} INFO - Processing /home/airflow/.local/lib/python3.12/site-packages/airflow/example_dags/example_dag_decorator.py took 0.091 seconds
[2026-03-04T08:03:27.714+0000] {processor.py:161} INFO - Started process (PID=3244) to work on /home/airflow/.local/lib/python3.12/site-packages/airflow/example_dags/example_dag_decorator.py
[2026-03-04T08:03:27.715+0000] {processor.py:830} INFO - Processing file /home/airflow/.local/lib/python3.12/site-packages/airflow/example_dags/example_dag_decorator.py for tasks to queue
[2026-03-04T08:03:27.715+0000] {logging_mixin.py:188} INFO - [2026-03-04T08:03:27.715+0000] {dagbag.py:545} INFO - Filling up the DagBag from /home/airflow/.local/lib/python3.12/site-packages/airflow/example_dags/example_dag_decorator.py
[2026-03-04T08:03:27.753+0000] {processor.py:840} INFO - DAG(s) 'example_dag_decorator' retrieved from /home/airflow/.local/lib/python3.12/site-packages/airflow/example_dags/example_dag_decorator.py
[2026-03-04T08:03:27.794+0000] {logging_mixin.py:188} INFO - [2026-03-04T08:03:27.794+0000] {dag.py:3089} INFO - Sync 1 DAGs
[2026-03-04T08:03:27.799+0000] {logging_mixin.py:188} INFO - [2026-03-04T08:03:27.799+0000] {dag.py:3947} INFO - Setting next_dagrun for example_dag_decorator to None, run_after=None
[2026-03-04T08:03:27.809+0000] {processor.py:183} INFO - Processing /home/airflow/.local/lib/python3.12/site-packages/airflow/example_dags/example_dag_decorator.py took 0.097 seconds
[2026-03-04T08:03:58.232+0000] {processor.py:161} INFO - Started process (PID=3508) to work on /home/airflow/.local/lib/python3.12/site-packages/airflow/example_dags/example_dag_decorator.py
[2026-03-04T08:03:58.233+0000] {processor.py:830} INFO - Processing file /home/airflow/.local/lib/python3.12/site-packages/airflow/example_dags/example_dag_decorator.py for tasks to queue
[2026-03-04T08:03:58.234+0000] {logging_mixin.py:188} INFO - [2026-03-04T08:03:58.233+0000] {dagbag.py:545} INFO - Filling up the DagBag from /home/airflow/.local/lib/python3.12/site-packages/airflow/example_dags/example_dag_decorator.py
[2026-03-04T08:03:58.268+0000] {processor.py:840} INFO - DAG(s) 'example_dag_decorator' retrieved from /home/airflow/.local/lib/python3.12/site-packages/airflow/example_dags/example_dag_decorator.py
[2026-03-04T08:03:58.305+0000] {logging_mixin.py:188} INFO - [2026-03-04T08:03:58.305+0000] {dag.py:3089} INFO - Sync 1 DAGs
[2026-03-04T08:03:58.308+0000] {logging_mixin.py:188} INFO - [2026-03-04T08:03:58.308+0000] {dag.py:3947} INFO - Setting next_dagrun for example_dag_decorator to None, run_after=None
[2026-03-04T08:03:58.318+0000] {processor.py:183} INFO - Processing /home/airflow/.local/lib/python3.12/site-packages/airflow/example_dags/example_dag_decorator.py took 0.088 seconds
[2026-03-04T08:04:28.867+0000] {processor.py:161} INFO - Started process (PID=3770) to work on /home/airflow/.local/lib/python3.12/site-packages/airflow/example_dags/example_dag_decorator.py
[2026-03-04T08:04:28.867+0000] {processor.py:830} INFO - Processing file /home/airflow/.local/lib/python3.12/site-packages/airflow/example_dags/example_dag_decorator.py for tasks to queue
[2026-03-04T08:04:28.868+0000] {logging_mixin.py:188} INFO - [2026-03-04T08:04:28.868+0000] {dagbag.py:545} INFO - Filling up the DagBag from /home/airflow/.local/lib/python3.12/site-packages/airflow/example_dags/example_dag_decorator.py
[2026-03-04T08:04:28.911+0000] {processor.py:840} INFO - DAG(s) 'example_dag_decorator' retrieved from /home/airflow/.local/lib/python3.12/site-packages/airflow/example_dags/example_dag_decorator.py
[2026-03-04T08:04:28.950+0000] {logging_mixin.py:188} INFO - [2026-03-04T08:04:28.949+0000] {dag.py:3089} INFO - Sync 1 DAGs
[2026-03-04T08:04:28.953+0000] {logging_mixin.py:188} INFO - [2026-03-04T08:04:28.953+0000] {dag.py:3947} INFO - Setting next_dagrun for example_dag_decorator to None, run_after=None
[2026-03-04T08:04:28.961+0000] {processor.py:183} INFO - Processing /home/airflow/.local/lib/python3.12/site-packages/airflow/example_dags/example_dag_decorator.py took 0.097 seconds
[2026-03-04T08:04:59.430+0000] {processor.py:161} INFO - Started process (PID=4030) to work on /home/airflow/.local/lib/python3.12/site-packages/airflow/example_dags/example_dag_decorator.py
[2026-03-04T08:04:59.431+0000] {processor.py:830} INFO - Processing file /home/airflow/.local/lib/python3.12/site-packages/airflow/example_dags/example_dag_decorator.py for tasks to queue
[2026-03-04T08:04:59.432+0000] {logging_mixin.py:188} INFO - [2026-03-04T08:04:59.432+0000] {dagbag.py:545} INFO - Filling up the DagBag from /home/airflow/.local/lib/python3.12/site-packages/airflow/example_dags/example_dag_decorator.py
[2026-03-04T08:04:59.466+0000] {processor.py:840} INFO - DAG(s) 'example_dag_decorator' retrieved from /home/airflow/.local/lib/python3.12/site-packages/airflow/example_dags/example_dag_decorator.py
[2026-03-04T08:04:59.502+0000] {logging_mixin.py:188} INFO - [2026-03-04T08:04:59.502+0000] {dag.py:3089} INFO - Sync 1 DAGs
[2026-03-04T08:04:59.507+0000] {logging_mixin.py:188} INFO - [2026-03-04T08:04:59.507+0000] {dag.py:3947} INFO - Setting next_dagrun for example_dag_decorator to None, run_after=None
[2026-03-04T08:04:59.515+0000] {processor.py:183} INFO - Processing /home/airflow/.local/lib/python3.12/site-packages/airflow/example_dags/example_dag_decorator.py took 0.087 seconds
[2026-03-04T08:05:30.039+0000] {processor.py:161} INFO - Started process (PID=4292) to work on /home/airflow/.local/lib/python3.12/site-packages/airflow/example_dags/example_dag_decorator.py
[2026-03-04T08:05:30.040+0000] {processor.py:830} INFO - Processing file /home/airflow/.local/lib/python3.12/site-packages/airflow/example_dags/example_dag_decorator.py for tasks to queue
[2026-03-04T08:05:30.041+0000] {logging_mixin.py:188} INFO - [2026-03-04T08:05:30.040+0000] {dagbag.py:545} INFO - Filling up the DagBag from /home/airflow/.local/lib/python3.12/site-packages/airflow/example_dags/example_dag_decorator.py
[2026-03-04T08:05:30.076+0000] {processor.py:840} INFO - DAG(s) 'example_dag_decorator' retrieved from /home/airflow/.local/lib/python3.12/site-packages/airflow/example_dags/example_dag_decorator.py
[2026-03-04T08:05:30.115+0000] {logging_mixin.py:188} INFO - [2026-03-04T08:05:30.115+0000] {dag.py:3089} INFO - Sync 1 DAGs
[2026-03-04T08:05:30.119+0000] {logging_mixin.py:188} INFO - [2026-03-04T08:05:30.119+0000] {dag.py:3947} INFO - Setting next_dagrun for example_dag_decorator to None, run_after=None
[2026-03-04T08:05:30.202+0000] {processor.py:183} INFO - Processing /home/airflow/.local/lib/python3.12/site-packages/airflow/example_dags/example_dag_decorator.py took 0.166 seconds
[2026-03-04T08:06:00.592+0000] {processor.py:161} INFO - Started process (PID=4554) to work on /home/airflow/.local/lib/python3.12/site-packages/airflow/example_dags/example_dag_decorator.py
[2026-03-04T08:06:00.592+0000] {processor.py:830} INFO - Processing file /home/airflow/.local/lib/python3.12/site-packages/airflow/example_dags/example_dag_decorator.py for tasks to queue
[2026-03-04T08:06:00.593+0000] {logging_mixin.py:188} INFO - [2026-03-04T08:06:00.593+0000] {dagbag.py:545} INFO - Filling up the DagBag from /home/airflow/.local/lib/python3.12/site-packages/airflow/example_dags/example_dag_decorator.py
[2026-03-04T08:06:00.628+0000] {processor.py:840} INFO - DAG(s) 'example_dag_decorator' retrieved from /home/airflow/.local/lib/python3.12/site-packages/airflow/example_dags/example_dag_decorator.py
[2026-03-04T08:06:00.663+0000] {logging_mixin.py:188} INFO - [2026-03-04T08:06:00.663+0000] {dag.py:3089} INFO - Sync 1 DAGs
[2026-03-04T08:06:00.667+0000] {logging_mixin.py:188} INFO - [2026-03-04T08:06:00.667+0000] {dag.py:3947} INFO - Setting next_dagrun for example_dag_decorator to None, run_after=None
[2026-03-04T08:06:00.675+0000] {processor.py:183} INFO - Processing /home/airflow/.local/lib/python3.12/site-packages/airflow/example_dags/example_dag_decorator.py took 0.086 seconds
[2026-03-04T08:06:31.144+0000] {processor.py:161} INFO - Started process (PID=4816) to work on /home/airflow/.local/lib/python3.12/site-packages/airflow/example_dags/example_dag_decorator.py
[2026-03-04T08:06:31.145+0000] {processor.py:830} INFO - Processing file /home/airflow/.local/lib/python3.12/site-packages/airflow/example_dags/example_dag_decorator.py for tasks to queue
[2026-03-04T08:06:31.146+0000] {logging_mixin.py:188} INFO - [2026-03-04T08:06:31.146+0000] {dagbag.py:545} INFO - Filling up the DagBag from /home/airflow/.local/lib/python3.12/site-packages/airflow/example_dags/example_dag_decorator.py
[2026-03-04T08:06:31.178+0000] {processor.py:840} INFO - DAG(s) 'example_dag_decorator' retrieved from /home/airflow/.local/lib/python3.12/site-packages/airflow/example_dags/example_dag_decorator.py
[2026-03-04T08:06:31.218+0000] {logging_mixin.py:188} INFO - [2026-03-04T08:06:31.218+0000] {dag.py:3089} INFO - Sync 1 DAGs
[2026-03-04T08:06:31.221+0000] {logging_mixin.py:188} INFO - [2026-03-04T08:06:31.221+0000] {dag.py:3947} INFO - Setting next_dagrun for example_dag_decorator to None, run_after=None
[2026-03-04T08:06:31.228+0000] {processor.py:183} INFO - Processing /home/airflow/.local/lib/python3.12/site-packages/airflow/example_dags/example_dag_decorator.py took 0.087 seconds
[2026-03-04T08:07:01.708+0000] {processor.py:161} INFO - Started process (PID=5079) to work on /home/airflow/.local/lib/python3.12/site-packages/airflow/example_dags/example_dag_decorator.py
[2026-03-04T08:07:01.708+0000] {processor.py:830} INFO - Processing file /home/airflow/.local/lib/python3.12/site-packages/airflow/example_dags/example_dag_decorator.py for tasks to queue
[2026-03-04T08:07:01.709+0000] {logging_mixin.py:188} INFO - [2026-03-04T08:07:01.709+0000] {dagbag.py:545} INFO - Filling up the DagBag from /home/airflow/.local/lib/python3.12/site-packages/airflow/example_dags/example_dag_decorator.py
[2026-03-04T08:07:01.748+0000] {processor.py:840} INFO - DAG(s) 'example_dag_decorator' retrieved from /home/airflow/.local/lib/python3.12/site-packages/airflow/example_dags/example_dag_decorator.py
[2026-03-04T08:07:01.787+0000] {logging_mixin.py:188} INFO - [2026-03-04T08:07:01.787+0000] {dag.py:3089} INFO - Sync 1 DAGs
[2026-03-04T08:07:01.790+0000] {logging_mixin.py:188} INFO - [2026-03-04T08:07:01.790+0000] {dag.py:3947} INFO - Setting next_dagrun for example_dag_decorator to None, run_after=None
[2026-03-04T08:07:01.800+0000] {processor.py:183} INFO - Processing /home/airflow/.local/lib/python3.12/site-packages/airflow/example_dags/example_dag_decorator.py took 0.094 seconds
[2026-03-04T08:07:32.183+0000] {processor.py:161} INFO - Started process (PID=5340) to work on /home/airflow/.local/lib/python3.12/site-packages/airflow/example_dags/example_dag_decorator.py
[2026-03-04T08:07:32.184+0000] {processor.py:830} INFO - Processing file /home/airflow/.local/lib/python3.12/site-packages/airflow/example_dags/example_dag_decorator.py for tasks to queue
[2026-03-04T08:07:32.185+0000] {logging_mixin.py:188} INFO - [2026-03-04T08:07:32.184+0000] {dagbag.py:545} INFO - Filling up the DagBag from /home/airflow/.local/lib/python3.12/site-packages/airflow/example_dags/example_dag_decorator.py
[2026-03-04T08:07:32.218+0000] {processor.py:840} INFO - DAG(s) 'example_dag_decorator' retrieved from /home/airflow/.local/lib/python3.12/site-packages/airflow/example_dags/example_dag_decorator.py
[2026-03-04T08:07:32.321+0000] {logging_mixin.py:188} INFO - [2026-03-04T08:07:32.321+0000] {dag.py:3089} INFO - Sync 1 DAGs
[2026-03-04T08:07:32.326+0000] {logging_mixin.py:188} INFO - [2026-03-04T08:07:32.326+0000] {dag.py:3947} INFO - Setting next_dagrun for example_dag_decorator to None, run_after=None
[2026-03-04T08:07:32.335+0000] {processor.py:183} INFO - Processing /home/airflow/.local/lib/python3.12/site-packages/airflow/example_dags/example_dag_decorator.py took 0.154 seconds
[2026-03-04T08:08:02.794+0000] {processor.py:161} INFO - Started process (PID=5602) to work on /home/airflow/.local/lib/python3.12/site-packages/airflow/example_dags/example_dag_decorator.py
[2026-03-04T08:08:02.795+0000] {processor.py:830} INFO - Processing file /home/airflow/.local/lib/python3.12/site-packages/airflow/example_dags/example_dag_decorator.py for tasks to queue
[2026-03-04T08:08:02.795+0000] {logging_mixin.py:188} INFO - [2026-03-04T08:08:02.795+0000] {dagbag.py:545} INFO - Filling up the DagBag from /home/airflow/.local/lib/python3.12/site-packages/airflow/example_dags/example_dag_decorator.py
[2026-03-04T08:08:02.832+0000] {processor.py:840} INFO - DAG(s) 'example_dag_decorator' retrieved from /home/airflow/.local/lib/python3.12/site-packages/airflow/example_dags/example_dag_decorator.py
[2026-03-04T08:08:02.939+0000] {logging_mixin.py:188} INFO - [2026-03-04T08:08:02.939+0000] {dag.py:3089} INFO - Sync 1 DAGs
[2026-03-04T08:08:02.942+0000] {logging_mixin.py:188} INFO - [2026-03-04T08:08:02.942+0000] {dag.py:3947} INFO - Setting next_dagrun for example_dag_decorator to None, run_after=None
[2026-03-04T08:08:02.958+0000] {processor.py:183} INFO - Processing /home/airflow/.local/lib/python3.12/site-packages/airflow/example_dags/example_dag_decorator.py took 0.166 seconds
[2026-03-04T08:08:33.398+0000] {processor.py:161} INFO - Started process (PID=5864) to work on /home/airflow/.local/lib/python3.12/site-packages/airflow/example_dags/example_dag_decorator.py
[2026-03-04T08:08:33.398+0000] {processor.py:830} INFO - Processing file /home/airflow/.local/lib/python3.12/site-packages/airflow/example_dags/example_dag_decorator.py for tasks to queue
[2026-03-04T08:08:33.400+0000] {logging_mixin.py:188} INFO - [2026-03-04T08:08:33.400+0000] {dagbag.py:545} INFO - Filling up the DagBag from /home/airflow/.local/lib/python3.12/site-packages/airflow/example_dags/example_dag_decorator.py
[2026-03-04T08:08:33.446+0000] {processor.py:840} INFO - DAG(s) 'example_dag_decorator' retrieved from /home/airflow/.local/lib/python3.12/site-packages/airflow/example_dags/example_dag_decorator.py
[2026-03-04T08:08:33.496+0000] {logging_mixin.py:188} INFO - [2026-03-04T08:08:33.496+0000] {dag.py:3089} INFO - Sync 1 DAGs
[2026-03-04T08:08:33.573+0000] {logging_mixin.py:188} INFO - [2026-03-04T08:08:33.573+0000] {dag.py:3947} INFO - Setting next_dagrun for example_dag_decorator to None, run_after=None
[2026-03-04T08:08:33.585+0000] {processor.py:183} INFO - Processing /home/airflow/.local/lib/python3.12/site-packages/airflow/example_dags/example_dag_decorator.py took 0.190 seconds
[2026-03-04T08:09:04.023+0000] {processor.py:161} INFO - Started process (PID=6126) to work on /home/airflow/.local/lib/python3.12/site-packages/airflow/example_dags/example_dag_decorator.py
[2026-03-04T08:09:04.023+0000] {processor.py:830} INFO - Processing file /home/airflow/.local/lib/python3.12/site-packages/airflow/example_dags/example_dag_decorator.py for tasks to queue
[2026-03-04T08:09:04.024+0000] {logging_mixin.py:188} INFO - [2026-03-04T08:09:04.024+0000] {dagbag.py:545} INFO - Filling up the DagBag from /home/airflow/.local/lib/python3.12/site-packages/airflow/example_dags/example_dag_decorator.py
[2026-03-04T08:09:04.061+0000] {processor.py:840} INFO - DAG(s) 'example_dag_decorator' retrieved from /home/airflow/.local/lib/python3.12/site-packages/airflow/example_dags/example_dag_decorator.py
[2026-03-04T08:09:04.106+0000] {logging_mixin.py:188} INFO - [2026-03-04T08:09:04.106+0000] {dag.py:3089} INFO - Sync 1 DAGs
[2026-03-04T08:09:04.109+0000] {logging_mixin.py:188} INFO - [2026-03-04T08:09:04.109+0000] {dag.py:3947} INFO - Setting next_dagrun for example_dag_decorator to None, run_after=None
[2026-03-04T08:09:04.192+0000] {processor.py:183} INFO - Processing /home/airflow/.local/lib/python3.12/site-packages/airflow/example_dags/example_dag_decorator.py took 0.172 seconds
[2026-03-04T08:09:34.561+0000] {processor.py:161} INFO - Started process (PID=6388) to work on /home/airflow/.local/lib/python3.12/site-packages/airflow/example_dags/example_dag_decorator.py
[2026-03-04T08:09:34.561+0000] {processor.py:830} INFO - Processing file /home/airflow/.local/lib/python3.12/site-packages/airflow/example_dags/example_dag_decorator.py for tasks to queue
[2026-03-04T08:09:34.562+0000] {logging_mixin.py:188} INFO - [2026-03-04T08:09:34.562+0000] {dagbag.py:545} INFO - Filling up the DagBag from /home/airflow/.local/lib/python3.12/site-packages/airflow/example_dags/example_dag_decorator.py
[2026-03-04T08:09:34.600+0000] {processor.py:840} INFO - DAG(s) 'example_dag_decorator' retrieved from /home/airflow/.local/lib/python3.12/site-packages/airflow/example_dags/example_dag_decorator.py
[2026-03-04T08:09:34.700+0000] {logging_mixin.py:188} INFO - [2026-03-04T08:09:34.700+0000] {dag.py:3089} INFO - Sync 1 DAGs
[2026-03-04T08:09:34.705+0000] {logging_mixin.py:188} INFO - [2026-03-04T08:09:34.705+0000] {dag.py:3947} INFO - Setting next_dagrun for example_dag_decorator to None, run_after=None
[2026-03-04T08:09:34.713+0000] {processor.py:183} INFO - Processing /home/airflow/.local/lib/python3.12/site-packages/airflow/example_dags/example_dag_decorator.py took 0.155 seconds
[2026-03-04T08:10:05.162+0000] {processor.py:161} INFO - Started process (PID=6650) to work on /home/airflow/.local/lib/python3.12/site-packages/airflow/example_dags/example_dag_decorator.py
[2026-03-04T08:10:05.163+0000] {processor.py:830} INFO - Processing file /home/airflow/.local/lib/python3.12/site-packages/airflow/example_dags/example_dag_decorator.py for tasks to queue
[2026-03-04T08:10:05.164+0000] {logging_mixin.py:188} INFO - [2026-03-04T08:10:05.164+0000] {dagbag.py:545} INFO - Filling up the DagBag from /home/airflow/.local/lib/python3.12/site-packages/airflow/example_dags/example_dag_decorator.py
[2026-03-04T08:10:05.207+0000] {processor.py:840} INFO - DAG(s) 'example_dag_decorator' retrieved from /home/airflow/.local/lib/python3.12/site-packages/airflow/example_dags/example_dag_decorator.py
[2026-03-04T08:10:05.307+0000] {logging_mixin.py:188} INFO - [2026-03-04T08:10:05.307+0000] {dag.py:3089} INFO - Sync 1 DAGs
[2026-03-04T08:10:05.310+0000] {logging_mixin.py:188} INFO - [2026-03-04T08:10:05.310+0000] {dag.py:3947} INFO - Setting next_dagrun for example_dag_decorator to None, run_after=None
[2026-03-04T08:10:05.317+0000] {processor.py:183} INFO - Processing /home/airflow/.local/lib/python3.12/site-packages/airflow/example_dags/example_dag_decorator.py took 0.158 seconds
[2026-03-04T08:10:35.693+0000] {processor.py:161} INFO - Started process (PID=6916) to work on /home/airflow/.local/lib/python3.12/site-packages/airflow/example_dags/example_dag_decorator.py
[2026-03-04T08:10:35.693+0000] {processor.py:830} INFO - Processing file /home/airflow/.local/lib/python3.12/site-packages/airflow/example_dags/example_dag_decorator.py for tasks to queue
[2026-03-04T08:10:35.694+0000] {logging_mixin.py:188} INFO - [2026-03-04T08:10:35.694+0000] {dagbag.py:545} INFO - Filling up the DagBag from /home/airflow/.local/lib/python3.12/site-packages/airflow/example_dags/example_dag_decorator.py
[2026-03-04T08:10:35.726+0000] {processor.py:840} INFO - DAG(s) 'example_dag_decorator' retrieved from /home/airflow/.local/lib/python3.12/site-packages/airflow/example_dags/example_dag_decorator.py
[2026-03-04T08:10:35.829+0000] {logging_mixin.py:188} INFO - [2026-03-04T08:10:35.829+0000] {dag.py:3089} INFO - Sync 1 DAGs
[2026-03-04T08:10:35.833+0000] {logging_mixin.py:188} INFO - [2026-03-04T08:10:35.832+0000] {dag.py:3947} INFO - Setting next_dagrun for example_dag_decorator to None, run_after=None
[2026-03-04T08:10:35.841+0000] {processor.py:183} INFO - Processing /home/airflow/.local/lib/python3.12/site-packages/airflow/example_dags/example_dag_decorator.py took 0.151 seconds
[2026-03-04T08:11:06.401+0000] {processor.py:161} INFO - Started process (PID=7177) to work on /home/airflow/.local/lib/python3.12/site-packages/airflow/example_dags/example_dag_decorator.py
[2026-03-04T08:11:06.403+0000] {processor.py:830} INFO - Processing file /home/airflow/.local/lib/python3.12/site-packages/airflow/example_dags/example_dag_decorator.py for tasks to queue
[2026-03-04T08:11:06.403+0000] {logging_mixin.py:188} INFO - [2026-03-04T08:11:06.403+0000] {dagbag.py:545} INFO - Filling up the DagBag from /home/airflow/.local/lib/python3.12/site-packages/airflow/example_dags/example_dag_decorator.py
[2026-03-04T08:11:06.444+0000] {processor.py:840} INFO - DAG(s) 'example_dag_decorator' retrieved from /home/airflow/.local/lib/python3.12/site-packages/airflow/example_dags/example_dag_decorator.py
[2026-03-04T08:11:06.556+0000] {logging_mixin.py:188} INFO - [2026-03-04T08:11:06.556+0000] {dag.py:3089} INFO - Sync 1 DAGs
[2026-03-04T08:11:06.561+0000] {logging_mixin.py:188} INFO - [2026-03-04T08:11:06.561+0000] {dag.py:3947} INFO - Setting next_dagrun for example_dag_decorator to None, run_after=None
[2026-03-04T08:11:06.570+0000] {processor.py:183} INFO - Processing /home/airflow/.local/lib/python3.12/site-packages/airflow/example_dags/example_dag_decorator.py took 0.172 seconds
[2026-03-04T08:11:36.981+0000] {processor.py:161} INFO - Started process (PID=7439) to work on /home/airflow/.local/lib/python3.12/site-packages/airflow/example_dags/example_dag_decorator.py
[2026-03-04T08:11:36.982+0000] {processor.py:830} INFO - Processing file /home/airflow/.local/lib/python3.12/site-packages/airflow/example_dags/example_dag_decorator.py for tasks to queue
[2026-03-04T08:11:36.983+0000] {logging_mixin.py:188} INFO - [2026-03-04T08:11:36.982+0000] {dagbag.py:545} INFO - Filling up the DagBag from /home/airflow/.local/lib/python3.12/site-packages/airflow/example_dags/example_dag_decorator.py
[2026-03-04T08:11:37.018+0000] {processor.py:840} INFO - DAG(s) 'example_dag_decorator' retrieved from /home/airflow/.local/lib/python3.12/site-packages/airflow/example_dags/example_dag_decorator.py
[2026-03-04T08:11:37.131+0000] {logging_mixin.py:188} INFO - [2026-03-04T08:11:37.131+0000] {dag.py:3089} INFO - Sync 1 DAGs
[2026-03-04T08:11:37.135+0000] {logging_mixin.py:188} INFO - [2026-03-04T08:11:37.135+0000] {dag.py:3947} INFO - Setting next_dagrun for example_dag_decorator to None, run_after=None
[2026-03-04T08:11:37.144+0000] {processor.py:183} INFO - Processing /home/airflow/.local/lib/python3.12/site-packages/airflow/example_dags/example_dag_decorator.py took 0.166 seconds
[2026-03-04T08:12:07.479+0000] {processor.py:161} INFO - Started process (PID=7701) to work on /home/airflow/.local/lib/python3.12/site-packages/airflow/example_dags/example_dag_decorator.py
[2026-03-04T08:12:07.480+0000] {processor.py:830} INFO - Processing file /home/airflow/.local/lib/python3.12/site-packages/airflow/example_dags/example_dag_decorator.py for tasks to queue
[2026-03-04T08:12:07.481+0000] {logging_mixin.py:188} INFO - [2026-03-04T08:12:07.481+0000] {dagbag.py:545} INFO - Filling up the DagBag from /home/airflow/.local/lib/python3.12/site-packages/airflow/example_dags/example_dag_decorator.py
[2026-03-04T08:12:07.515+0000] {processor.py:840} INFO - DAG(s) 'example_dag_decorator' retrieved from /home/airflow/.local/lib/python3.12/site-packages/airflow/example_dags/example_dag_decorator.py
[2026-03-04T08:12:07.609+0000] {logging_mixin.py:188} INFO - [2026-03-04T08:12:07.609+0000] {dag.py:3089} INFO - Sync 1 DAGs
[2026-03-04T08:12:07.613+0000] {logging_mixin.py:188} INFO - [2026-03-04T08:12:07.612+0000] {dag.py:3947} INFO - Setting next_dagrun for example_dag_decorator to None, run_after=None
[2026-03-04T08:12:07.620+0000] {processor.py:183} INFO - Processing /home/airflow/.local/lib/python3.12/site-packages/airflow/example_dags/example_dag_decorator.py took 0.144 seconds
[2026-03-04T08:12:38.053+0000] {processor.py:161} INFO - Started process (PID=7963) to work on /home/airflow/.local/lib/python3.12/site-packages/airflow/example_dags/example_dag_decorator.py
[2026-03-04T08:12:38.054+0000] {processor.py:830} INFO - Processing file /home/airflow/.local/lib/python3.12/site-packages/airflow/example_dags/example_dag_decorator.py for tasks to queue
[2026-03-04T08:12:38.054+0000] {logging_mixin.py:188} INFO - [2026-03-04T08:12:38.054+0000] {dagbag.py:545} INFO - Filling up the DagBag from /home/airflow/.local/lib/python3.12/site-packages/airflow/example_dags/example_dag_decorator.py
[2026-03-04T08:12:38.091+0000] {processor.py:840} INFO - DAG(s) 'example_dag_decorator' retrieved from /home/airflow/.local/lib/python3.12/site-packages/airflow/example_dags/example_dag_decorator.py
[2026-03-04T08:12:38.193+0000] {logging_mixin.py:188} INFO - [2026-03-04T08:12:38.192+0000] {dag.py:3089} INFO - Sync 1 DAGs
[2026-03-04T08:12:38.196+0000] {logging_mixin.py:188} INFO - [2026-03-04T08:12:38.196+0000] {dag.py:3947} INFO - Setting next_dagrun for example_dag_decorator to None, run_after=None
[2026-03-04T08:12:38.203+0000] {processor.py:183} INFO - Processing /home/airflow/.local/lib/python3.12/site-packages/airflow/example_dags/example_dag_decorator.py took 0.153 seconds
[2026-03-04T08:13:08.622+0000] {processor.py:161} INFO - Started process (PID=8225) to work on /home/airflow/.local/lib/python3.12/site-packages/airflow/example_dags/example_dag_decorator.py
[2026-03-04T08:13:08.623+0000] {processor.py:830} INFO - Processing file /home/airflow/.local/lib/python3.12/site-packages/airflow/example_dags/example_dag_decorator.py for tasks to queue
[2026-03-04T08:13:08.623+0000] {logging_mixin.py:188} INFO - [2026-03-04T08:13:08.623+0000] {dagbag.py:545} INFO - Filling up the DagBag from /home/airflow/.local/lib/python3.12/site-packages/airflow/example_dags/example_dag_decorator.py
[2026-03-04T08:13:08.660+0000] {processor.py:840} INFO - DAG(s) 'example_dag_decorator' retrieved from /home/airflow/.local/lib/python3.12/site-packages/airflow/example_dags/example_dag_decorator.py
[2026-03-04T08:13:08.769+0000] {logging_mixin.py:188} INFO - [2026-03-04T08:13:08.769+0000] {dag.py:3089} INFO - Sync 1 DAGs
[2026-03-04T08:13:08.773+0000] {logging_mixin.py:188} INFO - [2026-03-04T08:13:08.773+0000] {dag.py:3947} INFO - Setting next_dagrun for example_dag_decorator to None, run_after=None
[2026-03-04T08:13:08.781+0000] {processor.py:183} INFO - Processing /home/airflow/.local/lib/python3.12/site-packages/airflow/example_dags/example_dag_decorator.py took 0.162 seconds
[2026-03-04T08:13:39.137+0000] {processor.py:161} INFO - Started process (PID=8487) to work on /home/airflow/.local/lib/python3.12/site-packages/airflow/example_dags/example_dag_decorator.py
[2026-03-04T08:13:39.138+0000] {processor.py:830} INFO - Processing file /home/airflow/.local/lib/python3.12/site-packages/airflow/example_dags/example_dag_decorator.py for tasks to queue
[2026-03-04T08:13:39.139+0000] {logging_mixin.py:188} INFO - [2026-03-04T08:13:39.139+0000] {dagbag.py:545} INFO - Filling up the DagBag from /home/airflow/.local/lib/python3.12/site-packages/airflow/example_dags/example_dag_decorator.py
[2026-03-04T08:13:39.235+0000] {processor.py:840} INFO - DAG(s) 'example_dag_decorator' retrieved from /home/airflow/.local/lib/python3.12/site-packages/airflow/example_dags/example_dag_decorator.py
[2026-03-04T08:13:39.272+0000] {logging_mixin.py:188} INFO - [2026-03-04T08:13:39.272+0000] {dag.py:3089} INFO - Sync 1 DAGs
[2026-03-04T08:13:39.275+0000] {logging_mixin.py:188} INFO - [2026-03-04T08:13:39.275+0000] {dag.py:3947} INFO - Setting next_dagrun for example_dag_decorator to None, run_after=None
[2026-03-04T08:13:39.280+0000] {processor.py:183} INFO - Processing /home/airflow/.local/lib/python3.12/site-packages/airflow/example_dags/example_dag_decorator.py took 0.145 seconds
[2026-03-04T08:14:09.637+0000] {processor.py:161} INFO - Started process (PID=8749) to work on /home/airflow/.local/lib/python3.12/site-packages/airflow/example_dags/example_dag_decorator.py
[2026-03-04T08:14:09.638+0000] {processor.py:830} INFO - Processing file /home/airflow/.local/lib/python3.12/site-packages/airflow/example_dags/example_dag_decorator.py for tasks to queue
[2026-03-04T08:14:09.638+0000] {logging_mixin.py:188} INFO - [2026-03-04T08:14:09.638+0000] {dagbag.py:545} INFO - Filling up the DagBag from /home/airflow/.local/lib/python3.12/site-packages/airflow/example_dags/example_dag_decorator.py
[2026-03-04T08:14:09.744+0000] {processor.py:840} INFO - DAG(s) 'example_dag_decorator' retrieved from /home/airflow/.local/lib/python3.12/site-packages/airflow/example_dags/example_dag_decorator.py
[2026-03-04T08:14:09.776+0000] {logging_mixin.py:188} INFO - [2026-03-04T08:14:09.776+0000] {dag.py:3089} INFO - Sync 1 DAGs
[2026-03-04T08:14:09.780+0000] {logging_mixin.py:188} INFO - [2026-03-04T08:14:09.780+0000] {dag.py:3947} INFO - Setting next_dagrun for example_dag_decorator to None, run_after=None
[2026-03-04T08:14:09.788+0000] {processor.py:183} INFO - Processing /home/airflow/.local/lib/python3.12/site-packages/airflow/example_dags/example_dag_decorator.py took 0.154 seconds
[2026-03-04T08:14:40.219+0000] {processor.py:161} INFO - Started process (PID=9011) to work on /home/airflow/.local/lib/python3.12/site-packages/airflow/example_dags/example_dag_decorator.py
[2026-03-04T08:14:40.220+0000] {processor.py:830} INFO - Processing file /home/airflow/.local/lib/python3.12/site-packages/airflow/example_dags/example_dag_decorator.py for tasks to queue
[2026-03-04T08:14:40.220+0000] {logging_mixin.py:188} INFO - [2026-03-04T08:14:40.220+0000] {dagbag.py:545} INFO - Filling up the DagBag from /home/airflow/.local/lib/python3.12/site-packages/airflow/example_dags/example_dag_decorator.py
[2026-03-04T08:14:40.322+0000] {processor.py:840} INFO - DAG(s) 'example_dag_decorator' retrieved from /home/airflow/.local/lib/python3.12/site-packages/airflow/example_dags/example_dag_decorator.py
[2026-03-04T08:14:40.360+0000] {logging_mixin.py:188} INFO - [2026-03-04T08:14:40.360+0000] {dag.py:3089} INFO - Sync 1 DAGs
[2026-03-04T08:14:40.363+0000] {logging_mixin.py:188} INFO - [2026-03-04T08:14:40.363+0000] {dag.py:3947} INFO - Setting next_dagrun for example_dag_decorator to None, run_after=None
[2026-03-04T08:14:40.371+0000] {processor.py:183} INFO - Processing /home/airflow/.local/lib/python3.12/site-packages/airflow/example_dags/example_dag_decorator.py took 0.154 seconds
[2026-03-04T08:15:10.742+0000] {processor.py:161} INFO - Started process (PID=9277) to work on /home/airflow/.local/lib/python3.12/site-packages/airflow/example_dags/example_dag_decorator.py
[2026-03-04T08:15:10.743+0000] {processor.py:830} INFO - Processing file /home/airflow/.local/lib/python3.12/site-packages/airflow/example_dags/example_dag_decorator.py for tasks to queue
[2026-03-04T08:15:10.743+0000] {logging_mixin.py:188} INFO - [2026-03-04T08:15:10.743+0000] {dagbag.py:545} INFO - Filling up the DagBag from /home/airflow/.local/lib/python3.12/site-packages/airflow/example_dags/example_dag_decorator.py
[2026-03-04T08:15:10.776+0000] {processor.py:840} INFO - DAG(s) 'example_dag_decorator' retrieved from /home/airflow/.local/lib/python3.12/site-packages/airflow/example_dags/example_dag_decorator.py
[2026-03-04T08:15:10.879+0000] {logging_mixin.py:188} INFO - [2026-03-04T08:15:10.879+0000] {dag.py:3089} INFO - Sync 1 DAGs
[2026-03-04T08:15:10.882+0000] {logging_mixin.py:188} INFO - [2026-03-04T08:15:10.882+0000] {dag.py:3947} INFO - Setting next_dagrun for example_dag_decorator to None, run_after=None
[2026-03-04T08:15:10.887+0000] {processor.py:183} INFO - Processing /home/airflow/.local/lib/python3.12/site-packages/airflow/example_dags/example_dag_decorator.py took 0.147 seconds
[2026-03-04T08:15:41.333+0000] {processor.py:161} INFO - Started process (PID=9543) to work on /home/airflow/.local/lib/python3.12/site-packages/airflow/example_dags/example_dag_decorator.py
[2026-03-04T08:15:41.333+0000] {processor.py:830} INFO - Processing file /home/airflow/.local/lib/python3.12/site-packages/airflow/example_dags/example_dag_decorator.py for tasks to queue
[2026-03-04T08:15:41.334+0000] {logging_mixin.py:188} INFO - [2026-03-04T08:15:41.334+0000] {dagbag.py:545} INFO - Filling up the DagBag from /home/airflow/.local/lib/python3.12/site-packages/airflow/example_dags/example_dag_decorator.py
[2026-03-04T08:15:41.367+0000] {processor.py:840} INFO - DAG(s) 'example_dag_decorator' retrieved from /home/airflow/.local/lib/python3.12/site-packages/airflow/example_dags/example_dag_decorator.py
[2026-03-04T08:15:41.465+0000] {logging_mixin.py:188} INFO - [2026-03-04T08:15:41.465+0000] {dag.py:3089} INFO - Sync 1 DAGs
[2026-03-04T08:15:41.469+0000] {logging_mixin.py:188} INFO - [2026-03-04T08:15:41.469+0000] {dag.py:3947} INFO - Setting next_dagrun for example_dag_decorator to None, run_after=None
[2026-03-04T08:15:41.476+0000] {processor.py:183} INFO - Processing /home/airflow/.local/lib/python3.12/site-packages/airflow/example_dags/example_dag_decorator.py took 0.145 seconds
[2026-03-04T08:16:11.967+0000] {processor.py:161} INFO - Started process (PID=9805) to work on /home/airflow/.local/lib/python3.12/site-packages/airflow/example_dags/example_dag_decorator.py
[2026-03-04T08:16:11.968+0000] {processor.py:830} INFO - Processing file /home/airflow/.local/lib/python3.12/site-packages/airflow/example_dags/example_dag_decorator.py for tasks to queue
[2026-03-04T08:16:11.969+0000] {logging_mixin.py:188} INFO - [2026-03-04T08:16:11.968+0000] {dagbag.py:545} INFO - Filling up the DagBag from /home/airflow/.local/lib/python3.12/site-packages/airflow/example_dags/example_dag_decorator.py
[2026-03-04T08:16:12.071+0000] {processor.py:840} INFO - DAG(s) 'example_dag_decorator' retrieved from /home/airflow/.local/lib/python3.12/site-packages/airflow/example_dags/example_dag_decorator.py
[2026-03-04T08:16:12.107+0000] {logging_mixin.py:188} INFO - [2026-03-04T08:16:12.107+0000] {dag.py:3089} INFO - Sync 1 DAGs
[2026-03-04T08:16:12.112+0000] {logging_mixin.py:188} INFO - [2026-03-04T08:16:12.112+0000] {dag.py:3947} INFO - Setting next_dagrun for example_dag_decorator to None, run_after=None
[2026-03-04T08:16:12.121+0000] {processor.py:183} INFO - Processing /home/airflow/.local/lib/python3.12/site-packages/airflow/example_dags/example_dag_decorator.py took 0.156 seconds
[2026-03-04T08:16:42.578+0000] {processor.py:161} INFO - Started process (PID=10067) to work on /home/airflow/.local/lib/python3.12/site-packages/airflow/example_dags/example_dag_decorator.py
[2026-03-04T08:16:42.581+0000] {processor.py:830} INFO - Processing file /home/airflow/.local/lib/python3.12/site-packages/airflow/example_dags/example_dag_decorator.py for tasks to queue
[2026-03-04T08:16:42.581+0000] {logging_mixin.py:188} INFO - [2026-03-04T08:16:42.581+0000] {dagbag.py:545} INFO - Filling up the DagBag from /home/airflow/.local/lib/python3.12/site-packages/airflow/example_dags/example_dag_decorator.py
[2026-03-04T08:16:42.703+0000] {processor.py:840} INFO - DAG(s) 'example_dag_decorator' retrieved from /home/airflow/.local/lib/python3.12/site-packages/airflow/example_dags/example_dag_decorator.py
[2026-03-04T08:16:42.740+0000] {logging_mixin.py:188} INFO - [2026-03-04T08:16:42.740+0000] {dag.py:3089} INFO - Sync 1 DAGs
[2026-03-04T08:16:42.744+0000] {logging_mixin.py:188} INFO - [2026-03-04T08:16:42.744+0000] {dag.py:3947} INFO - Setting next_dagrun for example_dag_decorator to None, run_after=None
[2026-03-04T08:16:42.752+0000] {processor.py:183} INFO - Processing /home/airflow/.local/lib/python3.12/site-packages/airflow/example_dags/example_dag_decorator.py took 0.176 seconds
[2026-03-04T08:17:13.612+0000] {processor.py:161} INFO - Started process (PID=10330) to work on /home/airflow/.local/lib/python3.12/site-packages/airflow/example_dags/example_dag_decorator.py
[2026-03-04T08:17:13.613+0000] {processor.py:830} INFO - Processing file /home/airflow/.local/lib/python3.12/site-packages/airflow/example_dags/example_dag_decorator.py for tasks to queue
[2026-03-04T08:17:13.614+0000] {logging_mixin.py:188} INFO - [2026-03-04T08:17:13.613+0000] {dagbag.py:545} INFO - Filling up the DagBag from /home/airflow/.local/lib/python3.12/site-packages/airflow/example_dags/example_dag_decorator.py
[2026-03-04T08:17:13.710+0000] {processor.py:840} INFO - DAG(s) 'example_dag_decorator' retrieved from /home/airflow/.local/lib/python3.12/site-packages/airflow/example_dags/example_dag_decorator.py
[2026-03-04T08:17:13.741+0000] {logging_mixin.py:188} INFO - [2026-03-04T08:17:13.741+0000] {dag.py:3089} INFO - Sync 1 DAGs
[2026-03-04T08:17:13.745+0000] {logging_mixin.py:188} INFO - [2026-03-04T08:17:13.745+0000] {dag.py:3947} INFO - Setting next_dagrun for example_dag_decorator to None, run_after=None
[2026-03-04T08:17:13.752+0000] {processor.py:183} INFO - Processing /home/airflow/.local/lib/python3.12/site-packages/airflow/example_dags/example_dag_decorator.py took 0.142 seconds
[2026-03-04T08:17:43.793+0000] {processor.py:161} INFO - Started process (PID=10601) to work on /home/airflow/.local/lib/python3.12/site-packages/airflow/example_dags/example_dag_decorator.py
[2026-03-04T08:17:43.793+0000] {processor.py:830} INFO - Processing file /home/airflow/.local/lib/python3.12/site-packages/airflow/example_dags/example_dag_decorator.py for tasks to queue
[2026-03-04T08:17:43.794+0000] {logging_mixin.py:188} INFO - [2026-03-04T08:17:43.794+0000] {dagbag.py:545} INFO - Filling up the DagBag from /home/airflow/.local/lib/python3.12/site-packages/airflow/example_dags/example_dag_decorator.py
[2026-03-04T08:17:43.891+0000] {processor.py:840} INFO - DAG(s) 'example_dag_decorator' retrieved from /home/airflow/.local/lib/python3.12/site-packages/airflow/example_dags/example_dag_decorator.py
[2026-03-04T08:17:43.927+0000] {logging_mixin.py:188} INFO - [2026-03-04T08:17:43.927+0000] {dag.py:3089} INFO - Sync 1 DAGs
[2026-03-04T08:17:43.931+0000] {logging_mixin.py:188} INFO - [2026-03-04T08:17:43.930+0000] {dag.py:3947} INFO - Setting next_dagrun for example_dag_decorator to None, run_after=None
[2026-03-04T08:17:43.938+0000] {processor.py:183} INFO - Processing /home/airflow/.local/lib/python3.12/site-packages/airflow/example_dags/example_dag_decorator.py took 0.148 seconds
[2026-03-04T08:18:15.390+0000] {processor.py:161} INFO - Started process (PID=10878) to work on /home/airflow/.local/lib/python3.12/site-packages/airflow/example_dags/example_dag_decorator.py
[2026-03-04T08:18:15.392+0000] {processor.py:830} INFO - Processing file /home/airflow/.local/lib/python3.12/site-packages/airflow/example_dags/example_dag_decorator.py for tasks to queue
[2026-03-04T08:18:15.392+0000] {logging_mixin.py:188} INFO - [2026-03-04T08:18:15.392+0000] {dagbag.py:545} INFO - Filling up the DagBag from /home/airflow/.local/lib/python3.12/site-packages/airflow/example_dags/example_dag_decorator.py
[2026-03-04T08:18:15.509+0000] {processor.py:840} INFO - DAG(s) 'example_dag_decorator' retrieved from /home/airflow/.local/lib/python3.12/site-packages/airflow/example_dags/example_dag_decorator.py
[2026-03-04T08:18:15.541+0000] {logging_mixin.py:188} INFO - [2026-03-04T08:18:15.541+0000] {dag.py:3089} INFO - Sync 1 DAGs
[2026-03-04T08:18:15.545+0000] {logging_mixin.py:188} INFO - [2026-03-04T08:18:15.545+0000] {dag.py:3947} INFO - Setting next_dagrun for example_dag_decorator to None, run_after=None
[2026-03-04T08:18:15.559+0000] {processor.py:183} INFO - Processing /home/airflow/.local/lib/python3.12/site-packages/airflow/example_dags/example_dag_decorator.py took 0.171 seconds
[2026-03-04T08:18:46.070+0000] {processor.py:161} INFO - Started process (PID=11115) to work on /home/airflow/.local/lib/python3.12/site-packages/airflow/example_dags/example_dag_decorator.py
[2026-03-04T08:18:46.070+0000] {processor.py:830} INFO - Processing file /home/airflow/.local/lib/python3.12/site-packages/airflow/example_dags/example_dag_decorator.py for tasks to queue
[2026-03-04T08:18:46.071+0000] {logging_mixin.py:188} INFO - [2026-03-04T08:18:46.071+0000] {dagbag.py:545} INFO - Filling up the DagBag from /home/airflow/.local/lib/python3.12/site-packages/airflow/example_dags/example_dag_decorator.py
[2026-03-04T08:18:46.103+0000] {processor.py:840} INFO - DAG(s) 'example_dag_decorator' retrieved from /home/airflow/.local/lib/python3.12/site-packages/airflow/example_dags/example_dag_decorator.py
[2026-03-04T08:18:46.140+0000] {logging_mixin.py:188} INFO - [2026-03-04T08:18:46.139+0000] {dag.py:3089} INFO - Sync 1 DAGs
[2026-03-04T08:18:46.143+0000] {logging_mixin.py:188} INFO - [2026-03-04T08:18:46.143+0000] {dag.py:3947} INFO - Setting next_dagrun for example_dag_decorator to None, run_after=None
[2026-03-04T08:18:46.149+0000] {processor.py:183} INFO - Processing /home/airflow/.local/lib/python3.12/site-packages/airflow/example_dags/example_dag_decorator.py took 0.081 seconds
[2026-03-04T08:19:16.741+0000] {processor.py:161} INFO - Started process (PID=11377) to work on /home/airflow/.local/lib/python3.12/site-packages/airflow/example_dags/example_dag_decorator.py
[2026-03-04T08:19:16.742+0000] {processor.py:830} INFO - Processing file /home/airflow/.local/lib/python3.12/site-packages/airflow/example_dags/example_dag_decorator.py for tasks to queue
[2026-03-04T08:19:16.743+0000] {logging_mixin.py:188} INFO - [2026-03-04T08:19:16.743+0000] {dagbag.py:545} INFO - Filling up the DagBag from /home/airflow/.local/lib/python3.12/site-packages/airflow/example_dags/example_dag_decorator.py
[2026-03-04T08:19:16.787+0000] {processor.py:840} INFO - DAG(s) 'example_dag_decorator' retrieved from /home/airflow/.local/lib/python3.12/site-packages/airflow/example_dags/example_dag_decorator.py
[2026-03-04T08:19:16.833+0000] {logging_mixin.py:188} INFO - [2026-03-04T08:19:16.833+0000] {dag.py:3089} INFO - Sync 1 DAGs
[2026-03-04T08:19:16.839+0000] {logging_mixin.py:188} INFO - [2026-03-04T08:19:16.839+0000] {dag.py:3947} INFO - Setting next_dagrun for example_dag_decorator to None, run_after=None
[2026-03-04T08:19:16.849+0000] {processor.py:183} INFO - Processing /home/airflow/.local/lib/python3.12/site-packages/airflow/example_dags/example_dag_decorator.py took 0.111 seconds
[2026-03-04T08:19:47.290+0000] {processor.py:161} INFO - Started process (PID=11641) to work on /home/airflow/.local/lib/python3.12/site-packages/airflow/example_dags/example_dag_decorator.py
[2026-03-04T08:19:47.291+0000] {processor.py:830} INFO - Processing file /home/airflow/.local/lib/python3.12/site-packages/airflow/example_dags/example_dag_decorator.py for tasks to queue
[2026-03-04T08:19:47.291+0000] {logging_mixin.py:188} INFO - [2026-03-04T08:19:47.291+0000] {dagbag.py:545} INFO - Filling up the DagBag from /home/airflow/.local/lib/python3.12/site-packages/airflow/example_dags/example_dag_decorator.py
[2026-03-04T08:19:47.329+0000] {processor.py:840} INFO - DAG(s) 'example_dag_decorator' retrieved from /home/airflow/.local/lib/python3.12/site-packages/airflow/example_dags/example_dag_decorator.py
[2026-03-04T08:19:47.364+0000] {logging_mixin.py:188} INFO - [2026-03-04T08:19:47.364+0000] {dag.py:3089} INFO - Sync 1 DAGs
[2026-03-04T08:19:47.368+0000] {logging_mixin.py:188} INFO - [2026-03-04T08:19:47.368+0000] {dag.py:3947} INFO - Setting next_dagrun for example_dag_decorator to None, run_after=None
[2026-03-04T08:19:47.377+0000] {processor.py:183} INFO - Processing /home/airflow/.local/lib/python3.12/site-packages/airflow/example_dags/example_dag_decorator.py took 0.089 seconds
[2026-03-04T08:20:17.876+0000] {processor.py:161} INFO - Started process (PID=11901) to work on /home/airflow/.local/lib/python3.12/site-packages/airflow/example_dags/example_dag_decorator.py
[2026-03-04T08:20:17.877+0000] {processor.py:830} INFO - Processing file /home/airflow/.local/lib/python3.12/site-packages/airflow/example_dags/example_dag_decorator.py for tasks to queue
[2026-03-04T08:20:17.878+0000] {logging_mixin.py:188} INFO - [2026-03-04T08:20:17.878+0000] {dagbag.py:545} INFO - Filling up the DagBag from /home/airflow/.local/lib/python3.12/site-packages/airflow/example_dags/example_dag_decorator.py
[2026-03-04T08:20:17.916+0000] {processor.py:840} INFO - DAG(s) 'example_dag_decorator' retrieved from /home/airflow/.local/lib/python3.12/site-packages/airflow/example_dags/example_dag_decorator.py
[2026-03-04T08:20:17.954+0000] {logging_mixin.py:188} INFO - [2026-03-04T08:20:17.954+0000] {dag.py:3089} INFO - Sync 1 DAGs
[2026-03-04T08:20:17.957+0000] {logging_mixin.py:188} INFO - [2026-03-04T08:20:17.957+0000] {dag.py:3947} INFO - Setting next_dagrun for example_dag_decorator to None, run_after=None
[2026-03-04T08:20:17.974+0000] {processor.py:183} INFO - Processing /home/airflow/.local/lib/python3.12/site-packages/airflow/example_dags/example_dag_decorator.py took 0.101 seconds
[2026-03-04T08:37:21.748+0000] {processor.py:161} INFO - Started process (PID=12163) to work on /home/airflow/.local/lib/python3.12/site-packages/airflow/example_dags/example_dag_decorator.py
[2026-03-04T08:37:21.749+0000] {processor.py:830} INFO - Processing file /home/airflow/.local/lib/python3.12/site-packages/airflow/example_dags/example_dag_decorator.py for tasks to queue
[2026-03-04T08:37:21.751+0000] {logging_mixin.py:188} INFO - [2026-03-04T08:37:21.750+0000] {dagbag.py:545} INFO - Filling up the DagBag from /home/airflow/.local/lib/python3.12/site-packages/airflow/example_dags/example_dag_decorator.py
[2026-03-04T08:37:21.796+0000] {processor.py:840} INFO - DAG(s) 'example_dag_decorator' retrieved from /home/airflow/.local/lib/python3.12/site-packages/airflow/example_dags/example_dag_decorator.py
[2026-03-04T08:37:21.839+0000] {logging_mixin.py:188} INFO - [2026-03-04T08:37:21.839+0000] {dag.py:3089} INFO - Sync 1 DAGs
[2026-03-04T08:37:21.843+0000] {logging_mixin.py:188} INFO - [2026-03-04T08:37:21.843+0000] {dag.py:3947} INFO - Setting next_dagrun for example_dag_decorator to None, run_after=None
[2026-03-04T08:37:21.854+0000] {processor.py:183} INFO - Processing /home/airflow/.local/lib/python3.12/site-packages/airflow/example_dags/example_dag_decorator.py took 0.109 seconds
[2026-03-04T08:46:11.876+0000] {processor.py:161} INFO - Started process (PID=12427) to work on /home/airflow/.local/lib/python3.12/site-packages/airflow/example_dags/example_dag_decorator.py
[2026-03-04T08:46:11.878+0000] {processor.py:830} INFO - Processing file /home/airflow/.local/lib/python3.12/site-packages/airflow/example_dags/example_dag_decorator.py for tasks to queue
[2026-03-04T08:46:11.878+0000] {logging_mixin.py:188} INFO - [2026-03-04T08:46:11.878+0000] {dagbag.py:545} INFO - Filling up the DagBag from /home/airflow/.local/lib/python3.12/site-packages/airflow/example_dags/example_dag_decorator.py
[2026-03-04T08:46:11.919+0000] {processor.py:840} INFO - DAG(s) 'example_dag_decorator' retrieved from /home/airflow/.local/lib/python3.12/site-packages/airflow/example_dags/example_dag_decorator.py
[2026-03-04T08:46:11.957+0000] {logging_mixin.py:188} INFO - [2026-03-04T08:46:11.957+0000] {dag.py:3089} INFO - Sync 1 DAGs
[2026-03-04T08:46:11.961+0000] {logging_mixin.py:188} INFO - [2026-03-04T08:46:11.961+0000] {dag.py:3947} INFO - Setting next_dagrun for example_dag_decorator to None, run_after=None
[2026-03-04T08:46:11.966+0000] {processor.py:183} INFO - Processing /home/airflow/.local/lib/python3.12/site-packages/airflow/example_dags/example_dag_decorator.py took 0.092 seconds
[2026-03-04T08:46:42.529+0000] {processor.py:161} INFO - Started process (PID=12687) to work on /home/airflow/.local/lib/python3.12/site-packages/airflow/example_dags/example_dag_decorator.py
[2026-03-04T08:46:42.531+0000] {processor.py:830} INFO - Processing file /home/airflow/.local/lib/python3.12/site-packages/airflow/example_dags/example_dag_decorator.py for tasks to queue
[2026-03-04T08:46:42.534+0000] {logging_mixin.py:188} INFO - [2026-03-04T08:46:42.533+0000] {dagbag.py:545} INFO - Filling up the DagBag from /home/airflow/.local/lib/python3.12/site-packages/airflow/example_dags/example_dag_decorator.py
[2026-03-04T08:46:42.587+0000] {processor.py:840} INFO - DAG(s) 'example_dag_decorator' retrieved from /home/airflow/.local/lib/python3.12/site-packages/airflow/example_dags/example_dag_decorator.py
[2026-03-04T08:46:42.628+0000] {logging_mixin.py:188} INFO - [2026-03-04T08:46:42.628+0000] {dag.py:3089} INFO - Sync 1 DAGs
[2026-03-04T08:46:42.633+0000] {logging_mixin.py:188} INFO - [2026-03-04T08:46:42.633+0000] {dag.py:3947} INFO - Setting next_dagrun for example_dag_decorator to None, run_after=None
[2026-03-04T08:46:42.640+0000] {processor.py:183} INFO - Processing /home/airflow/.local/lib/python3.12/site-packages/airflow/example_dags/example_dag_decorator.py took 0.114 seconds
[2026-03-04T08:47:13.051+0000] {processor.py:161} INFO - Started process (PID=12959) to work on /home/airflow/.local/lib/python3.12/site-packages/airflow/example_dags/example_dag_decorator.py
[2026-03-04T08:47:13.052+0000] {processor.py:830} INFO - Processing file /home/airflow/.local/lib/python3.12/site-packages/airflow/example_dags/example_dag_decorator.py for tasks to queue
[2026-03-04T08:47:13.053+0000] {logging_mixin.py:188} INFO - [2026-03-04T08:47:13.052+0000] {dagbag.py:545} INFO - Filling up the DagBag from /home/airflow/.local/lib/python3.12/site-packages/airflow/example_dags/example_dag_decorator.py
[2026-03-04T08:47:13.093+0000] {processor.py:840} INFO - DAG(s) 'example_dag_decorator' retrieved from /home/airflow/.local/lib/python3.12/site-packages/airflow/example_dags/example_dag_decorator.py
[2026-03-04T08:47:13.102+0000] {logging_mixin.py:188} INFO - [2026-03-04T08:47:13.102+0000] {dag.py:3089} INFO - Sync 1 DAGs
[2026-03-04T08:47:13.107+0000] {logging_mixin.py:188} INFO - [2026-03-04T08:47:13.107+0000] {dag.py:3947} INFO - Setting next_dagrun for example_dag_decorator to None, run_after=None
[2026-03-04T08:47:13.117+0000] {processor.py:183} INFO - Processing /home/airflow/.local/lib/python3.12/site-packages/airflow/example_dags/example_dag_decorator.py took 0.068 seconds
[2026-03-04T08:47:43.588+0000] {processor.py:161} INFO - Started process (PID=13221) to work on /home/airflow/.local/lib/python3.12/site-packages/airflow/example_dags/example_dag_decorator.py
[2026-03-04T08:47:43.589+0000] {processor.py:830} INFO - Processing file /home/airflow/.local/lib/python3.12/site-packages/airflow/example_dags/example_dag_decorator.py for tasks to queue
[2026-03-04T08:47:43.589+0000] {logging_mixin.py:188} INFO - [2026-03-04T08:47:43.589+0000] {dagbag.py:545} INFO - Filling up the DagBag from /home/airflow/.local/lib/python3.12/site-packages/airflow/example_dags/example_dag_decorator.py
[2026-03-04T08:47:43.622+0000] {processor.py:840} INFO - DAG(s) 'example_dag_decorator' retrieved from /home/airflow/.local/lib/python3.12/site-packages/airflow/example_dags/example_dag_decorator.py
[2026-03-04T08:47:43.662+0000] {logging_mixin.py:188} INFO - [2026-03-04T08:47:43.662+0000] {dag.py:3089} INFO - Sync 1 DAGs
[2026-03-04T08:47:43.665+0000] {logging_mixin.py:188} INFO - [2026-03-04T08:47:43.665+0000] {dag.py:3947} INFO - Setting next_dagrun for example_dag_decorator to None, run_after=None
[2026-03-04T08:47:43.672+0000] {processor.py:183} INFO - Processing /home/airflow/.local/lib/python3.12/site-packages/airflow/example_dags/example_dag_decorator.py took 0.086 seconds
[2026-03-04T08:48:14.083+0000] {processor.py:161} INFO - Started process (PID=13483) to work on /home/airflow/.local/lib/python3.12/site-packages/airflow/example_dags/example_dag_decorator.py
[2026-03-04T08:48:14.084+0000] {processor.py:830} INFO - Processing file /home/airflow/.local/lib/python3.12/site-packages/airflow/example_dags/example_dag_decorator.py for tasks to queue
[2026-03-04T08:48:14.084+0000] {logging_mixin.py:188} INFO - [2026-03-04T08:48:14.084+0000] {dagbag.py:545} INFO - Filling up the DagBag from /home/airflow/.local/lib/python3.12/site-packages/airflow/example_dags/example_dag_decorator.py
[2026-03-04T08:48:14.123+0000] {processor.py:840} INFO - DAG(s) 'example_dag_decorator' retrieved from /home/airflow/.local/lib/python3.12/site-packages/airflow/example_dags/example_dag_decorator.py
[2026-03-04T08:48:14.166+0000] {logging_mixin.py:188} INFO - [2026-03-04T08:48:14.166+0000] {dag.py:3089} INFO - Sync 1 DAGs
[2026-03-04T08:48:14.171+0000] {logging_mixin.py:188} INFO - [2026-03-04T08:48:14.171+0000] {dag.py:3947} INFO - Setting next_dagrun for example_dag_decorator to None, run_after=None
[2026-03-04T08:48:14.186+0000] {processor.py:183} INFO - Processing /home/airflow/.local/lib/python3.12/site-packages/airflow/example_dags/example_dag_decorator.py took 0.106 seconds
[2026-03-04T08:48:44.647+0000] {processor.py:161} INFO - Started process (PID=13735) to work on /home/airflow/.local/lib/python3.12/site-packages/airflow/example_dags/example_dag_decorator.py
[2026-03-04T08:48:44.648+0000] {processor.py:830} INFO - Processing file /home/airflow/.local/lib/python3.12/site-packages/airflow/example_dags/example_dag_decorator.py for tasks to queue
[2026-03-04T08:48:44.649+0000] {logging_mixin.py:188} INFO - [2026-03-04T08:48:44.648+0000] {dagbag.py:545} INFO - Filling up the DagBag from /home/airflow/.local/lib/python3.12/site-packages/airflow/example_dags/example_dag_decorator.py
[2026-03-04T08:48:44.689+0000] {processor.py:840} INFO - DAG(s) 'example_dag_decorator' retrieved from /home/airflow/.local/lib/python3.12/site-packages/airflow/example_dags/example_dag_decorator.py
[2026-03-04T08:48:44.721+0000] {logging_mixin.py:188} INFO - [2026-03-04T08:48:44.721+0000] {dag.py:3089} INFO - Sync 1 DAGs
[2026-03-04T08:48:44.725+0000] {logging_mixin.py:188} INFO - [2026-03-04T08:48:44.725+0000] {dag.py:3947} INFO - Setting next_dagrun for example_dag_decorator to None, run_after=None
[2026-03-04T08:48:44.732+0000] {processor.py:183} INFO - Processing /home/airflow/.local/lib/python3.12/site-packages/airflow/example_dags/example_dag_decorator.py took 0.087 seconds
[2026-03-04T08:49:15.219+0000] {processor.py:161} INFO - Started process (PID=13997) to work on /home/airflow/.local/lib/python3.12/site-packages/airflow/example_dags/example_dag_decorator.py
[2026-03-04T08:49:15.220+0000] {processor.py:830} INFO - Processing file /home/airflow/.local/lib/python3.12/site-packages/airflow/example_dags/example_dag_decorator.py for tasks to queue
[2026-03-04T08:49:15.220+0000] {logging_mixin.py:188} INFO - [2026-03-04T08:49:15.220+0000] {dagbag.py:545} INFO - Filling up the DagBag from /home/airflow/.local/lib/python3.12/site-packages/airflow/example_dags/example_dag_decorator.py
[2026-03-04T08:49:15.257+0000] {processor.py:840} INFO - DAG(s) 'example_dag_decorator' retrieved from /home/airflow/.local/lib/python3.12/site-packages/airflow/example_dags/example_dag_decorator.py
[2026-03-04T08:49:15.291+0000] {logging_mixin.py:188} INFO - [2026-03-04T08:49:15.290+0000] {dag.py:3089} INFO - Sync 1 DAGs
[2026-03-04T08:49:15.295+0000] {logging_mixin.py:188} INFO - [2026-03-04T08:49:15.295+0000] {dag.py:3947} INFO - Setting next_dagrun for example_dag_decorator to None, run_after=None
[2026-03-04T08:49:15.307+0000] {processor.py:183} INFO - Processing /home/airflow/.local/lib/python3.12/site-packages/airflow/example_dags/example_dag_decorator.py took 0.090 seconds
[2026-03-04T08:49:45.796+0000] {processor.py:161} INFO - Started process (PID=14261) to work on /home/airflow/.local/lib/python3.12/site-packages/airflow/example_dags/example_dag_decorator.py
[2026-03-04T08:49:45.797+0000] {processor.py:830} INFO - Processing file /home/airflow/.local/lib/python3.12/site-packages/airflow/example_dags/example_dag_decorator.py for tasks to queue
[2026-03-04T08:49:45.798+0000] {logging_mixin.py:188} INFO - [2026-03-04T08:49:45.798+0000] {dagbag.py:545} INFO - Filling up the DagBag from /home/airflow/.local/lib/python3.12/site-packages/airflow/example_dags/example_dag_decorator.py
[2026-03-04T08:49:45.835+0000] {processor.py:840} INFO - DAG(s) 'example_dag_decorator' retrieved from /home/airflow/.local/lib/python3.12/site-packages/airflow/example_dags/example_dag_decorator.py
[2026-03-04T08:49:45.876+0000] {logging_mixin.py:188} INFO - [2026-03-04T08:49:45.876+0000] {dag.py:3089} INFO - Sync 1 DAGs
[2026-03-04T08:49:45.880+0000] {logging_mixin.py:188} INFO - [2026-03-04T08:49:45.880+0000] {dag.py:3947} INFO - Setting next_dagrun for example_dag_decorator to None, run_after=None
[2026-03-04T08:49:45.889+0000] {processor.py:183} INFO - Processing /home/airflow/.local/lib/python3.12/site-packages/airflow/example_dags/example_dag_decorator.py took 0.095 seconds
[2026-03-04T08:50:16.310+0000] {processor.py:161} INFO - Started process (PID=14521) to work on /home/airflow/.local/lib/python3.12/site-packages/airflow/example_dags/example_dag_decorator.py
[2026-03-04T08:50:16.311+0000] {processor.py:830} INFO - Processing file /home/airflow/.local/lib/python3.12/site-packages/airflow/example_dags/example_dag_decorator.py for tasks to queue
[2026-03-04T08:50:16.312+0000] {logging_mixin.py:188} INFO - [2026-03-04T08:50:16.312+0000] {dagbag.py:545} INFO - Filling up the DagBag from /home/airflow/.local/lib/python3.12/site-packages/airflow/example_dags/example_dag_decorator.py
[2026-03-04T08:50:16.347+0000] {processor.py:840} INFO - DAG(s) 'example_dag_decorator' retrieved from /home/airflow/.local/lib/python3.12/site-packages/airflow/example_dags/example_dag_decorator.py
[2026-03-04T08:50:16.384+0000] {logging_mixin.py:188} INFO - [2026-03-04T08:50:16.384+0000] {dag.py:3089} INFO - Sync 1 DAGs
[2026-03-04T08:50:16.389+0000] {logging_mixin.py:188} INFO - [2026-03-04T08:50:16.389+0000] {dag.py:3947} INFO - Setting next_dagrun for example_dag_decorator to None, run_after=None
[2026-03-04T08:50:16.394+0000] {processor.py:183} INFO - Processing /home/airflow/.local/lib/python3.12/site-packages/airflow/example_dags/example_dag_decorator.py took 0.087 seconds
[2026-03-04T08:50:46.895+0000] {processor.py:161} INFO - Started process (PID=14783) to work on /home/airflow/.local/lib/python3.12/site-packages/airflow/example_dags/example_dag_decorator.py
[2026-03-04T08:50:46.896+0000] {processor.py:830} INFO - Processing file /home/airflow/.local/lib/python3.12/site-packages/airflow/example_dags/example_dag_decorator.py for tasks to queue
[2026-03-04T08:50:46.899+0000] {logging_mixin.py:188} INFO - [2026-03-04T08:50:46.897+0000] {dagbag.py:545} INFO - Filling up the DagBag from /home/airflow/.local/lib/python3.12/site-packages/airflow/example_dags/example_dag_decorator.py
[2026-03-04T08:50:46.932+0000] {processor.py:840} INFO - DAG(s) 'example_dag_decorator' retrieved from /home/airflow/.local/lib/python3.12/site-packages/airflow/example_dags/example_dag_decorator.py
[2026-03-04T08:50:46.969+0000] {logging_mixin.py:188} INFO - [2026-03-04T08:50:46.969+0000] {dag.py:3089} INFO - Sync 1 DAGs
[2026-03-04T08:50:46.972+0000] {logging_mixin.py:188} INFO - [2026-03-04T08:50:46.972+0000] {dag.py:3947} INFO - Setting next_dagrun for example_dag_decorator to None, run_after=None
[2026-03-04T08:50:46.979+0000] {processor.py:183} INFO - Processing /home/airflow/.local/lib/python3.12/site-packages/airflow/example_dags/example_dag_decorator.py took 0.086 seconds
