[2026-03-04T07:57:50.217+0000] {processor.py:161} INFO - Started process (PID=287) to work on /home/airflow/.local/lib/python3.12/site-packages/airflow/example_dags/example_bash_decorator.py
[2026-03-04T07:57:50.218+0000] {processor.py:830} INFO - Processing file /home/airflow/.local/lib/python3.12/site-packages/airflow/example_dags/example_bash_decorator.py for tasks to queue
[2026-03-04T07:57:50.219+0000] {logging_mixin.py:188} INFO - [2026-03-04T07:57:50.219+0000] {dagbag.py:545} INFO - Filling up the DagBag from /home/airflow/.local/lib/python3.12/site-packages/airflow/example_dags/example_bash_decorator.py
[2026-03-04T07:57:50.226+0000] {processor.py:840} INFO - DAG(s) 'example_bash_decorator' retrieved from /home/airflow/.local/lib/python3.12/site-packages/airflow/example_dags/example_bash_decorator.py
[2026-03-04T07:57:50.279+0000] {logging_mixin.py:188} INFO - [2026-03-04T07:57:50.279+0000] {override.py:1858} INFO - Created Permission View: can delete on DAG:example_bash_decorator
[2026-03-04T07:57:50.286+0000] {logging_mixin.py:188} INFO - [2026-03-04T07:57:50.286+0000] {override.py:1858} INFO - Created Permission View: can read on DAG:example_bash_decorator
[2026-03-04T07:57:50.288+0000] {logging_mixin.py:188} INFO - [2026-03-04T07:57:50.288+0000] {override.py:1858} INFO - Created Permission View: can edit on DAG:example_bash_decorator
[2026-03-04T07:57:50.288+0000] {logging_mixin.py:188} INFO - [2026-03-04T07:57:50.288+0000] {dag.py:3089} INFO - Sync 1 DAGs
[2026-03-04T07:57:50.291+0000] {logging_mixin.py:188} INFO - [2026-03-04T07:57:50.291+0000] {dag.py:3111} INFO - Creating ORM DAG for example_bash_decorator
[2026-03-04T07:57:50.291+0000] {logging_mixin.py:188} INFO - [2026-03-04T07:57:50.291+0000] {dag.py:3947} INFO - Setting next_dagrun for example_bash_decorator to None, run_after=None
[2026-03-04T07:57:50.295+0000] {processor.py:183} INFO - Processing /home/airflow/.local/lib/python3.12/site-packages/airflow/example_dags/example_bash_decorator.py took 0.080 seconds
[2026-03-04T07:58:20.534+0000] {processor.py:161} INFO - Started process (PID=549) to work on /home/airflow/.local/lib/python3.12/site-packages/airflow/example_dags/example_bash_decorator.py
[2026-03-04T07:58:20.536+0000] {processor.py:830} INFO - Processing file /home/airflow/.local/lib/python3.12/site-packages/airflow/example_dags/example_bash_decorator.py for tasks to queue
[2026-03-04T07:58:20.536+0000] {logging_mixin.py:188} INFO - [2026-03-04T07:58:20.536+0000] {dagbag.py:545} INFO - Filling up the DagBag from /home/airflow/.local/lib/python3.12/site-packages/airflow/example_dags/example_bash_decorator.py
[2026-03-04T07:58:20.543+0000] {processor.py:840} INFO - DAG(s) 'example_bash_decorator' retrieved from /home/airflow/.local/lib/python3.12/site-packages/airflow/example_dags/example_bash_decorator.py
[2026-03-04T07:58:20.554+0000] {logging_mixin.py:188} INFO - [2026-03-04T07:58:20.554+0000] {dag.py:3089} INFO - Sync 1 DAGs
[2026-03-04T07:58:20.559+0000] {logging_mixin.py:188} INFO - [2026-03-04T07:58:20.559+0000] {dag.py:3947} INFO - Setting next_dagrun for example_bash_decorator to None, run_after=None
[2026-03-04T07:58:20.571+0000] {processor.py:183} INFO - Processing /home/airflow/.local/lib/python3.12/site-packages/airflow/example_dags/example_bash_decorator.py took 0.039 seconds
[2026-03-04T07:58:51.070+0000] {processor.py:161} INFO - Started process (PID=813) to work on /home/airflow/.local/lib/python3.12/site-packages/airflow/example_dags/example_bash_decorator.py
[2026-03-04T07:58:51.070+0000] {processor.py:830} INFO - Processing file /home/airflow/.local/lib/python3.12/site-packages/airflow/example_dags/example_bash_decorator.py for tasks to queue
[2026-03-04T07:58:51.071+0000] {logging_mixin.py:188} INFO - [2026-03-04T07:58:51.071+0000] {dagbag.py:545} INFO - Filling up the DagBag from /home/airflow/.local/lib/python3.12/site-packages/airflow/example_dags/example_bash_decorator.py
[2026-03-04T07:58:51.076+0000] {processor.py:840} INFO - DAG(s) 'example_bash_decorator' retrieved from /home/airflow/.local/lib/python3.12/site-packages/airflow/example_dags/example_bash_decorator.py
[2026-03-04T07:58:51.087+0000] {logging_mixin.py:188} INFO - [2026-03-04T07:58:51.087+0000] {dag.py:3089} INFO - Sync 1 DAGs
[2026-03-04T07:58:51.092+0000] {logging_mixin.py:188} INFO - [2026-03-04T07:58:51.092+0000] {dag.py:3947} INFO - Setting next_dagrun for example_bash_decorator to None, run_after=None
[2026-03-04T07:58:51.101+0000] {processor.py:183} INFO - Processing /home/airflow/.local/lib/python3.12/site-packages/airflow/example_dags/example_bash_decorator.py took 0.033 seconds
[2026-03-04T07:59:21.585+0000] {processor.py:161} INFO - Started process (PID=1075) to work on /home/airflow/.local/lib/python3.12/site-packages/airflow/example_dags/example_bash_decorator.py
[2026-03-04T07:59:21.585+0000] {processor.py:830} INFO - Processing file /home/airflow/.local/lib/python3.12/site-packages/airflow/example_dags/example_bash_decorator.py for tasks to queue
[2026-03-04T07:59:21.586+0000] {logging_mixin.py:188} INFO - [2026-03-04T07:59:21.586+0000] {dagbag.py:545} INFO - Filling up the DagBag from /home/airflow/.local/lib/python3.12/site-packages/airflow/example_dags/example_bash_decorator.py
[2026-03-04T07:59:21.591+0000] {processor.py:840} INFO - DAG(s) 'example_bash_decorator' retrieved from /home/airflow/.local/lib/python3.12/site-packages/airflow/example_dags/example_bash_decorator.py
[2026-03-04T07:59:21.602+0000] {logging_mixin.py:188} INFO - [2026-03-04T07:59:21.602+0000] {dag.py:3089} INFO - Sync 1 DAGs
[2026-03-04T07:59:21.607+0000] {logging_mixin.py:188} INFO - [2026-03-04T07:59:21.607+0000] {dag.py:3947} INFO - Setting next_dagrun for example_bash_decorator to None, run_after=None
[2026-03-04T07:59:21.613+0000] {processor.py:183} INFO - Processing /home/airflow/.local/lib/python3.12/site-packages/airflow/example_dags/example_bash_decorator.py took 0.031 seconds
[2026-03-04T07:59:52.277+0000] {processor.py:161} INFO - Started process (PID=1337) to work on /home/airflow/.local/lib/python3.12/site-packages/airflow/example_dags/example_bash_decorator.py
[2026-03-04T07:59:52.278+0000] {processor.py:830} INFO - Processing file /home/airflow/.local/lib/python3.12/site-packages/airflow/example_dags/example_bash_decorator.py for tasks to queue
[2026-03-04T07:59:52.278+0000] {logging_mixin.py:188} INFO - [2026-03-04T07:59:52.278+0000] {dagbag.py:545} INFO - Filling up the DagBag from /home/airflow/.local/lib/python3.12/site-packages/airflow/example_dags/example_bash_decorator.py
[2026-03-04T07:59:52.284+0000] {processor.py:840} INFO - DAG(s) 'example_bash_decorator' retrieved from /home/airflow/.local/lib/python3.12/site-packages/airflow/example_dags/example_bash_decorator.py
[2026-03-04T07:59:52.295+0000] {logging_mixin.py:188} INFO - [2026-03-04T07:59:52.295+0000] {dag.py:3089} INFO - Sync 1 DAGs
[2026-03-04T07:59:52.303+0000] {logging_mixin.py:188} INFO - [2026-03-04T07:59:52.303+0000] {dag.py:3947} INFO - Setting next_dagrun for example_bash_decorator to None, run_after=None
[2026-03-04T07:59:52.313+0000] {processor.py:183} INFO - Processing /home/airflow/.local/lib/python3.12/site-packages/airflow/example_dags/example_bash_decorator.py took 0.038 seconds
[2026-03-04T08:00:22.899+0000] {processor.py:161} INFO - Started process (PID=1597) to work on /home/airflow/.local/lib/python3.12/site-packages/airflow/example_dags/example_bash_decorator.py
[2026-03-04T08:00:22.900+0000] {processor.py:830} INFO - Processing file /home/airflow/.local/lib/python3.12/site-packages/airflow/example_dags/example_bash_decorator.py for tasks to queue
[2026-03-04T08:00:22.901+0000] {logging_mixin.py:188} INFO - [2026-03-04T08:00:22.901+0000] {dagbag.py:545} INFO - Filling up the DagBag from /home/airflow/.local/lib/python3.12/site-packages/airflow/example_dags/example_bash_decorator.py
[2026-03-04T08:00:22.908+0000] {processor.py:840} INFO - DAG(s) 'example_bash_decorator' retrieved from /home/airflow/.local/lib/python3.12/site-packages/airflow/example_dags/example_bash_decorator.py
[2026-03-04T08:00:22.920+0000] {logging_mixin.py:188} INFO - [2026-03-04T08:00:22.920+0000] {dag.py:3089} INFO - Sync 1 DAGs
[2026-03-04T08:00:22.924+0000] {logging_mixin.py:188} INFO - [2026-03-04T08:00:22.924+0000] {dag.py:3947} INFO - Setting next_dagrun for example_bash_decorator to None, run_after=None
[2026-03-04T08:00:22.930+0000] {processor.py:183} INFO - Processing /home/airflow/.local/lib/python3.12/site-packages/airflow/example_dags/example_bash_decorator.py took 0.033 seconds
[2026-03-04T08:00:53.507+0000] {processor.py:161} INFO - Started process (PID=1861) to work on /home/airflow/.local/lib/python3.12/site-packages/airflow/example_dags/example_bash_decorator.py
[2026-03-04T08:00:53.507+0000] {processor.py:830} INFO - Processing file /home/airflow/.local/lib/python3.12/site-packages/airflow/example_dags/example_bash_decorator.py for tasks to queue
[2026-03-04T08:00:53.508+0000] {logging_mixin.py:188} INFO - [2026-03-04T08:00:53.508+0000] {dagbag.py:545} INFO - Filling up the DagBag from /home/airflow/.local/lib/python3.12/site-packages/airflow/example_dags/example_bash_decorator.py
[2026-03-04T08:00:53.513+0000] {processor.py:840} INFO - DAG(s) 'example_bash_decorator' retrieved from /home/airflow/.local/lib/python3.12/site-packages/airflow/example_dags/example_bash_decorator.py
[2026-03-04T08:00:53.520+0000] {logging_mixin.py:188} INFO - [2026-03-04T08:00:53.520+0000] {dag.py:3089} INFO - Sync 1 DAGs
[2026-03-04T08:00:53.524+0000] {logging_mixin.py:188} INFO - [2026-03-04T08:00:53.524+0000] {dag.py:3947} INFO - Setting next_dagrun for example_bash_decorator to None, run_after=None
[2026-03-04T08:00:53.530+0000] {processor.py:183} INFO - Processing /home/airflow/.local/lib/python3.12/site-packages/airflow/example_dags/example_bash_decorator.py took 0.025 seconds
[2026-03-04T08:01:24.126+0000] {processor.py:161} INFO - Started process (PID=2121) to work on /home/airflow/.local/lib/python3.12/site-packages/airflow/example_dags/example_bash_decorator.py
[2026-03-04T08:01:24.128+0000] {processor.py:830} INFO - Processing file /home/airflow/.local/lib/python3.12/site-packages/airflow/example_dags/example_bash_decorator.py for tasks to queue
[2026-03-04T08:01:24.129+0000] {logging_mixin.py:188} INFO - [2026-03-04T08:01:24.129+0000] {dagbag.py:545} INFO - Filling up the DagBag from /home/airflow/.local/lib/python3.12/site-packages/airflow/example_dags/example_bash_decorator.py
[2026-03-04T08:01:24.136+0000] {processor.py:840} INFO - DAG(s) 'example_bash_decorator' retrieved from /home/airflow/.local/lib/python3.12/site-packages/airflow/example_dags/example_bash_decorator.py
[2026-03-04T08:01:24.148+0000] {logging_mixin.py:188} INFO - [2026-03-04T08:01:24.148+0000] {dag.py:3089} INFO - Sync 1 DAGs
[2026-03-04T08:01:24.153+0000] {logging_mixin.py:188} INFO - [2026-03-04T08:01:24.153+0000] {dag.py:3947} INFO - Setting next_dagrun for example_bash_decorator to None, run_after=None
[2026-03-04T08:01:24.159+0000] {processor.py:183} INFO - Processing /home/airflow/.local/lib/python3.12/site-packages/airflow/example_dags/example_bash_decorator.py took 0.035 seconds
[2026-03-04T08:01:54.714+0000] {processor.py:161} INFO - Started process (PID=2385) to work on /home/airflow/.local/lib/python3.12/site-packages/airflow/example_dags/example_bash_decorator.py
[2026-03-04T08:01:54.714+0000] {processor.py:830} INFO - Processing file /home/airflow/.local/lib/python3.12/site-packages/airflow/example_dags/example_bash_decorator.py for tasks to queue
[2026-03-04T08:01:54.715+0000] {logging_mixin.py:188} INFO - [2026-03-04T08:01:54.715+0000] {dagbag.py:545} INFO - Filling up the DagBag from /home/airflow/.local/lib/python3.12/site-packages/airflow/example_dags/example_bash_decorator.py
[2026-03-04T08:01:54.723+0000] {processor.py:840} INFO - DAG(s) 'example_bash_decorator' retrieved from /home/airflow/.local/lib/python3.12/site-packages/airflow/example_dags/example_bash_decorator.py
[2026-03-04T08:01:54.734+0000] {logging_mixin.py:188} INFO - [2026-03-04T08:01:54.734+0000] {dag.py:3089} INFO - Sync 1 DAGs
[2026-03-04T08:01:54.739+0000] {logging_mixin.py:188} INFO - [2026-03-04T08:01:54.738+0000] {dag.py:3947} INFO - Setting next_dagrun for example_bash_decorator to None, run_after=None
[2026-03-04T08:01:54.747+0000] {processor.py:183} INFO - Processing /home/airflow/.local/lib/python3.12/site-packages/airflow/example_dags/example_bash_decorator.py took 0.035 seconds
[2026-03-04T08:02:25.211+0000] {processor.py:161} INFO - Started process (PID=2645) to work on /home/airflow/.local/lib/python3.12/site-packages/airflow/example_dags/example_bash_decorator.py
[2026-03-04T08:02:25.211+0000] {processor.py:830} INFO - Processing file /home/airflow/.local/lib/python3.12/site-packages/airflow/example_dags/example_bash_decorator.py for tasks to queue
[2026-03-04T08:02:25.212+0000] {logging_mixin.py:188} INFO - [2026-03-04T08:02:25.212+0000] {dagbag.py:545} INFO - Filling up the DagBag from /home/airflow/.local/lib/python3.12/site-packages/airflow/example_dags/example_bash_decorator.py
[2026-03-04T08:02:25.218+0000] {processor.py:840} INFO - DAG(s) 'example_bash_decorator' retrieved from /home/airflow/.local/lib/python3.12/site-packages/airflow/example_dags/example_bash_decorator.py
[2026-03-04T08:02:25.228+0000] {logging_mixin.py:188} INFO - [2026-03-04T08:02:25.227+0000] {dag.py:3089} INFO - Sync 1 DAGs
[2026-03-04T08:02:25.233+0000] {logging_mixin.py:188} INFO - [2026-03-04T08:02:25.233+0000] {dag.py:3947} INFO - Setting next_dagrun for example_bash_decorator to None, run_after=None
[2026-03-04T08:02:25.241+0000] {processor.py:183} INFO - Processing /home/airflow/.local/lib/python3.12/site-packages/airflow/example_dags/example_bash_decorator.py took 0.032 seconds
[2026-03-04T08:02:55.708+0000] {processor.py:161} INFO - Started process (PID=2907) to work on /home/airflow/.local/lib/python3.12/site-packages/airflow/example_dags/example_bash_decorator.py
[2026-03-04T08:02:55.708+0000] {processor.py:830} INFO - Processing file /home/airflow/.local/lib/python3.12/site-packages/airflow/example_dags/example_bash_decorator.py for tasks to queue
[2026-03-04T08:02:55.709+0000] {logging_mixin.py:188} INFO - [2026-03-04T08:02:55.709+0000] {dagbag.py:545} INFO - Filling up the DagBag from /home/airflow/.local/lib/python3.12/site-packages/airflow/example_dags/example_bash_decorator.py
[2026-03-04T08:02:55.717+0000] {processor.py:840} INFO - DAG(s) 'example_bash_decorator' retrieved from /home/airflow/.local/lib/python3.12/site-packages/airflow/example_dags/example_bash_decorator.py
[2026-03-04T08:02:55.729+0000] {logging_mixin.py:188} INFO - [2026-03-04T08:02:55.729+0000] {dag.py:3089} INFO - Sync 1 DAGs
[2026-03-04T08:02:55.735+0000] {logging_mixin.py:188} INFO - [2026-03-04T08:02:55.735+0000] {dag.py:3947} INFO - Setting next_dagrun for example_bash_decorator to None, run_after=None
[2026-03-04T08:02:55.745+0000] {processor.py:183} INFO - Processing /home/airflow/.local/lib/python3.12/site-packages/airflow/example_dags/example_bash_decorator.py took 0.040 seconds
[2026-03-04T08:03:26.326+0000] {processor.py:161} INFO - Started process (PID=3169) to work on /home/airflow/.local/lib/python3.12/site-packages/airflow/example_dags/example_bash_decorator.py
[2026-03-04T08:03:26.327+0000] {processor.py:830} INFO - Processing file /home/airflow/.local/lib/python3.12/site-packages/airflow/example_dags/example_bash_decorator.py for tasks to queue
[2026-03-04T08:03:26.328+0000] {logging_mixin.py:188} INFO - [2026-03-04T08:03:26.328+0000] {dagbag.py:545} INFO - Filling up the DagBag from /home/airflow/.local/lib/python3.12/site-packages/airflow/example_dags/example_bash_decorator.py
[2026-03-04T08:03:26.332+0000] {processor.py:840} INFO - DAG(s) 'example_bash_decorator' retrieved from /home/airflow/.local/lib/python3.12/site-packages/airflow/example_dags/example_bash_decorator.py
[2026-03-04T08:03:26.343+0000] {logging_mixin.py:188} INFO - [2026-03-04T08:03:26.343+0000] {dag.py:3089} INFO - Sync 1 DAGs
[2026-03-04T08:03:26.349+0000] {logging_mixin.py:188} INFO - [2026-03-04T08:03:26.349+0000] {dag.py:3947} INFO - Setting next_dagrun for example_bash_decorator to None, run_after=None
[2026-03-04T08:03:26.359+0000] {processor.py:183} INFO - Processing /home/airflow/.local/lib/python3.12/site-packages/airflow/example_dags/example_bash_decorator.py took 0.035 seconds
[2026-03-04T08:03:56.853+0000] {processor.py:161} INFO - Started process (PID=3431) to work on /home/airflow/.local/lib/python3.12/site-packages/airflow/example_dags/example_bash_decorator.py
[2026-03-04T08:03:56.854+0000] {processor.py:830} INFO - Processing file /home/airflow/.local/lib/python3.12/site-packages/airflow/example_dags/example_bash_decorator.py for tasks to queue
[2026-03-04T08:03:56.855+0000] {logging_mixin.py:188} INFO - [2026-03-04T08:03:56.855+0000] {dagbag.py:545} INFO - Filling up the DagBag from /home/airflow/.local/lib/python3.12/site-packages/airflow/example_dags/example_bash_decorator.py
[2026-03-04T08:03:56.860+0000] {processor.py:840} INFO - DAG(s) 'example_bash_decorator' retrieved from /home/airflow/.local/lib/python3.12/site-packages/airflow/example_dags/example_bash_decorator.py
[2026-03-04T08:03:56.869+0000] {logging_mixin.py:188} INFO - [2026-03-04T08:03:56.869+0000] {dag.py:3089} INFO - Sync 1 DAGs
[2026-03-04T08:03:56.874+0000] {logging_mixin.py:188} INFO - [2026-03-04T08:03:56.874+0000] {dag.py:3947} INFO - Setting next_dagrun for example_bash_decorator to None, run_after=None
[2026-03-04T08:03:56.888+0000] {processor.py:183} INFO - Processing /home/airflow/.local/lib/python3.12/site-packages/airflow/example_dags/example_bash_decorator.py took 0.038 seconds
[2026-03-04T08:04:27.461+0000] {processor.py:161} INFO - Started process (PID=3695) to work on /home/airflow/.local/lib/python3.12/site-packages/airflow/example_dags/example_bash_decorator.py
[2026-03-04T08:04:27.461+0000] {processor.py:830} INFO - Processing file /home/airflow/.local/lib/python3.12/site-packages/airflow/example_dags/example_bash_decorator.py for tasks to queue
[2026-03-04T08:04:27.461+0000] {logging_mixin.py:188} INFO - [2026-03-04T08:04:27.461+0000] {dagbag.py:545} INFO - Filling up the DagBag from /home/airflow/.local/lib/python3.12/site-packages/airflow/example_dags/example_bash_decorator.py
[2026-03-04T08:04:27.466+0000] {processor.py:840} INFO - DAG(s) 'example_bash_decorator' retrieved from /home/airflow/.local/lib/python3.12/site-packages/airflow/example_dags/example_bash_decorator.py
[2026-03-04T08:04:27.473+0000] {logging_mixin.py:188} INFO - [2026-03-04T08:04:27.473+0000] {dag.py:3089} INFO - Sync 1 DAGs
[2026-03-04T08:04:27.478+0000] {logging_mixin.py:188} INFO - [2026-03-04T08:04:27.478+0000] {dag.py:3947} INFO - Setting next_dagrun for example_bash_decorator to None, run_after=None
[2026-03-04T08:04:27.483+0000] {processor.py:183} INFO - Processing /home/airflow/.local/lib/python3.12/site-packages/airflow/example_dags/example_bash_decorator.py took 0.025 seconds
[2026-03-04T08:04:58.041+0000] {processor.py:161} INFO - Started process (PID=3957) to work on /home/airflow/.local/lib/python3.12/site-packages/airflow/example_dags/example_bash_decorator.py
[2026-03-04T08:04:58.042+0000] {processor.py:830} INFO - Processing file /home/airflow/.local/lib/python3.12/site-packages/airflow/example_dags/example_bash_decorator.py for tasks to queue
[2026-03-04T08:04:58.046+0000] {logging_mixin.py:188} INFO - [2026-03-04T08:04:58.045+0000] {dagbag.py:545} INFO - Filling up the DagBag from /home/airflow/.local/lib/python3.12/site-packages/airflow/example_dags/example_bash_decorator.py
[2026-03-04T08:04:58.050+0000] {processor.py:840} INFO - DAG(s) 'example_bash_decorator' retrieved from /home/airflow/.local/lib/python3.12/site-packages/airflow/example_dags/example_bash_decorator.py
[2026-03-04T08:04:58.060+0000] {logging_mixin.py:188} INFO - [2026-03-04T08:04:58.060+0000] {dag.py:3089} INFO - Sync 1 DAGs
[2026-03-04T08:04:58.068+0000] {logging_mixin.py:188} INFO - [2026-03-04T08:04:58.067+0000] {dag.py:3947} INFO - Setting next_dagrun for example_bash_decorator to None, run_after=None
[2026-03-04T08:04:58.076+0000] {processor.py:183} INFO - Processing /home/airflow/.local/lib/python3.12/site-packages/airflow/example_dags/example_bash_decorator.py took 0.038 seconds
[2026-03-04T08:05:28.624+0000] {processor.py:161} INFO - Started process (PID=4217) to work on /home/airflow/.local/lib/python3.12/site-packages/airflow/example_dags/example_bash_decorator.py
[2026-03-04T08:05:28.626+0000] {processor.py:830} INFO - Processing file /home/airflow/.local/lib/python3.12/site-packages/airflow/example_dags/example_bash_decorator.py for tasks to queue
[2026-03-04T08:05:28.627+0000] {logging_mixin.py:188} INFO - [2026-03-04T08:05:28.627+0000] {dagbag.py:545} INFO - Filling up the DagBag from /home/airflow/.local/lib/python3.12/site-packages/airflow/example_dags/example_bash_decorator.py
[2026-03-04T08:05:28.632+0000] {processor.py:840} INFO - DAG(s) 'example_bash_decorator' retrieved from /home/airflow/.local/lib/python3.12/site-packages/airflow/example_dags/example_bash_decorator.py
[2026-03-04T08:05:28.640+0000] {logging_mixin.py:188} INFO - [2026-03-04T08:05:28.640+0000] {dag.py:3089} INFO - Sync 1 DAGs
[2026-03-04T08:05:28.644+0000] {logging_mixin.py:188} INFO - [2026-03-04T08:05:28.644+0000] {dag.py:3947} INFO - Setting next_dagrun for example_bash_decorator to None, run_after=None
[2026-03-04T08:05:28.650+0000] {processor.py:183} INFO - Processing /home/airflow/.local/lib/python3.12/site-packages/airflow/example_dags/example_bash_decorator.py took 0.028 seconds
[2026-03-04T08:05:59.212+0000] {processor.py:161} INFO - Started process (PID=4481) to work on /home/airflow/.local/lib/python3.12/site-packages/airflow/example_dags/example_bash_decorator.py
[2026-03-04T08:05:59.213+0000] {processor.py:830} INFO - Processing file /home/airflow/.local/lib/python3.12/site-packages/airflow/example_dags/example_bash_decorator.py for tasks to queue
[2026-03-04T08:05:59.213+0000] {logging_mixin.py:188} INFO - [2026-03-04T08:05:59.213+0000] {dagbag.py:545} INFO - Filling up the DagBag from /home/airflow/.local/lib/python3.12/site-packages/airflow/example_dags/example_bash_decorator.py
[2026-03-04T08:05:59.218+0000] {processor.py:840} INFO - DAG(s) 'example_bash_decorator' retrieved from /home/airflow/.local/lib/python3.12/site-packages/airflow/example_dags/example_bash_decorator.py
[2026-03-04T08:05:59.225+0000] {logging_mixin.py:188} INFO - [2026-03-04T08:05:59.225+0000] {dag.py:3089} INFO - Sync 1 DAGs
[2026-03-04T08:05:59.229+0000] {logging_mixin.py:188} INFO - [2026-03-04T08:05:59.229+0000] {dag.py:3947} INFO - Setting next_dagrun for example_bash_decorator to None, run_after=None
[2026-03-04T08:05:59.234+0000] {processor.py:183} INFO - Processing /home/airflow/.local/lib/python3.12/site-packages/airflow/example_dags/example_bash_decorator.py took 0.025 seconds
[2026-03-04T08:06:29.727+0000] {processor.py:161} INFO - Started process (PID=4741) to work on /home/airflow/.local/lib/python3.12/site-packages/airflow/example_dags/example_bash_decorator.py
[2026-03-04T08:06:29.727+0000] {processor.py:830} INFO - Processing file /home/airflow/.local/lib/python3.12/site-packages/airflow/example_dags/example_bash_decorator.py for tasks to queue
[2026-03-04T08:06:29.730+0000] {logging_mixin.py:188} INFO - [2026-03-04T08:06:29.729+0000] {dagbag.py:545} INFO - Filling up the DagBag from /home/airflow/.local/lib/python3.12/site-packages/airflow/example_dags/example_bash_decorator.py
[2026-03-04T08:06:29.734+0000] {processor.py:840} INFO - DAG(s) 'example_bash_decorator' retrieved from /home/airflow/.local/lib/python3.12/site-packages/airflow/example_dags/example_bash_decorator.py
[2026-03-04T08:06:29.746+0000] {logging_mixin.py:188} INFO - [2026-03-04T08:06:29.746+0000] {dag.py:3089} INFO - Sync 1 DAGs
[2026-03-04T08:06:29.751+0000] {logging_mixin.py:188} INFO - [2026-03-04T08:06:29.751+0000] {dag.py:3947} INFO - Setting next_dagrun for example_bash_decorator to None, run_after=None
[2026-03-04T08:06:29.762+0000] {processor.py:183} INFO - Processing /home/airflow/.local/lib/python3.12/site-packages/airflow/example_dags/example_bash_decorator.py took 0.037 seconds
[2026-03-04T08:07:00.304+0000] {processor.py:161} INFO - Started process (PID=5003) to work on /home/airflow/.local/lib/python3.12/site-packages/airflow/example_dags/example_bash_decorator.py
[2026-03-04T08:07:00.305+0000] {processor.py:830} INFO - Processing file /home/airflow/.local/lib/python3.12/site-packages/airflow/example_dags/example_bash_decorator.py for tasks to queue
[2026-03-04T08:07:00.307+0000] {logging_mixin.py:188} INFO - [2026-03-04T08:07:00.306+0000] {dagbag.py:545} INFO - Filling up the DagBag from /home/airflow/.local/lib/python3.12/site-packages/airflow/example_dags/example_bash_decorator.py
[2026-03-04T08:07:00.315+0000] {processor.py:840} INFO - DAG(s) 'example_bash_decorator' retrieved from /home/airflow/.local/lib/python3.12/site-packages/airflow/example_dags/example_bash_decorator.py
[2026-03-04T08:07:00.326+0000] {logging_mixin.py:188} INFO - [2026-03-04T08:07:00.326+0000] {dag.py:3089} INFO - Sync 1 DAGs
[2026-03-04T08:07:00.330+0000] {logging_mixin.py:188} INFO - [2026-03-04T08:07:00.330+0000] {dag.py:3947} INFO - Setting next_dagrun for example_bash_decorator to None, run_after=None
[2026-03-04T08:07:00.336+0000] {processor.py:183} INFO - Processing /home/airflow/.local/lib/python3.12/site-packages/airflow/example_dags/example_bash_decorator.py took 0.034 seconds
[2026-03-04T08:07:30.808+0000] {processor.py:161} INFO - Started process (PID=5265) to work on /home/airflow/.local/lib/python3.12/site-packages/airflow/example_dags/example_bash_decorator.py
[2026-03-04T08:07:30.809+0000] {processor.py:830} INFO - Processing file /home/airflow/.local/lib/python3.12/site-packages/airflow/example_dags/example_bash_decorator.py for tasks to queue
[2026-03-04T08:07:30.810+0000] {logging_mixin.py:188} INFO - [2026-03-04T08:07:30.810+0000] {dagbag.py:545} INFO - Filling up the DagBag from /home/airflow/.local/lib/python3.12/site-packages/airflow/example_dags/example_bash_decorator.py
[2026-03-04T08:07:30.817+0000] {processor.py:840} INFO - DAG(s) 'example_bash_decorator' retrieved from /home/airflow/.local/lib/python3.12/site-packages/airflow/example_dags/example_bash_decorator.py
[2026-03-04T08:07:30.827+0000] {logging_mixin.py:188} INFO - [2026-03-04T08:07:30.827+0000] {dag.py:3089} INFO - Sync 1 DAGs
[2026-03-04T08:07:30.831+0000] {logging_mixin.py:188} INFO - [2026-03-04T08:07:30.831+0000] {dag.py:3947} INFO - Setting next_dagrun for example_bash_decorator to None, run_after=None
[2026-03-04T08:07:30.842+0000] {processor.py:183} INFO - Processing /home/airflow/.local/lib/python3.12/site-packages/airflow/example_dags/example_bash_decorator.py took 0.036 seconds
[2026-03-04T08:08:01.421+0000] {processor.py:161} INFO - Started process (PID=5529) to work on /home/airflow/.local/lib/python3.12/site-packages/airflow/example_dags/example_bash_decorator.py
[2026-03-04T08:08:01.422+0000] {processor.py:830} INFO - Processing file /home/airflow/.local/lib/python3.12/site-packages/airflow/example_dags/example_bash_decorator.py for tasks to queue
[2026-03-04T08:08:01.422+0000] {logging_mixin.py:188} INFO - [2026-03-04T08:08:01.422+0000] {dagbag.py:545} INFO - Filling up the DagBag from /home/airflow/.local/lib/python3.12/site-packages/airflow/example_dags/example_bash_decorator.py
[2026-03-04T08:08:01.427+0000] {processor.py:840} INFO - DAG(s) 'example_bash_decorator' retrieved from /home/airflow/.local/lib/python3.12/site-packages/airflow/example_dags/example_bash_decorator.py
[2026-03-04T08:08:01.438+0000] {logging_mixin.py:188} INFO - [2026-03-04T08:08:01.438+0000] {dag.py:3089} INFO - Sync 1 DAGs
[2026-03-04T08:08:01.445+0000] {logging_mixin.py:188} INFO - [2026-03-04T08:08:01.445+0000] {dag.py:3947} INFO - Setting next_dagrun for example_bash_decorator to None, run_after=None
[2026-03-04T08:08:01.454+0000] {processor.py:183} INFO - Processing /home/airflow/.local/lib/python3.12/site-packages/airflow/example_dags/example_bash_decorator.py took 0.035 seconds
[2026-03-04T08:08:31.989+0000] {processor.py:161} INFO - Started process (PID=5791) to work on /home/airflow/.local/lib/python3.12/site-packages/airflow/example_dags/example_bash_decorator.py
[2026-03-04T08:08:31.989+0000] {processor.py:830} INFO - Processing file /home/airflow/.local/lib/python3.12/site-packages/airflow/example_dags/example_bash_decorator.py for tasks to queue
[2026-03-04T08:08:31.990+0000] {logging_mixin.py:188} INFO - [2026-03-04T08:08:31.990+0000] {dagbag.py:545} INFO - Filling up the DagBag from /home/airflow/.local/lib/python3.12/site-packages/airflow/example_dags/example_bash_decorator.py
[2026-03-04T08:08:31.995+0000] {processor.py:840} INFO - DAG(s) 'example_bash_decorator' retrieved from /home/airflow/.local/lib/python3.12/site-packages/airflow/example_dags/example_bash_decorator.py
[2026-03-04T08:08:32.005+0000] {logging_mixin.py:188} INFO - [2026-03-04T08:08:32.005+0000] {dag.py:3089} INFO - Sync 1 DAGs
[2026-03-04T08:08:32.012+0000] {logging_mixin.py:188} INFO - [2026-03-04T08:08:32.012+0000] {dag.py:3947} INFO - Setting next_dagrun for example_bash_decorator to None, run_after=None
[2026-03-04T08:08:32.020+0000] {processor.py:183} INFO - Processing /home/airflow/.local/lib/python3.12/site-packages/airflow/example_dags/example_bash_decorator.py took 0.034 seconds
[2026-03-04T08:09:02.636+0000] {processor.py:161} INFO - Started process (PID=6053) to work on /home/airflow/.local/lib/python3.12/site-packages/airflow/example_dags/example_bash_decorator.py
[2026-03-04T08:09:02.637+0000] {processor.py:830} INFO - Processing file /home/airflow/.local/lib/python3.12/site-packages/airflow/example_dags/example_bash_decorator.py for tasks to queue
[2026-03-04T08:09:02.637+0000] {logging_mixin.py:188} INFO - [2026-03-04T08:09:02.637+0000] {dagbag.py:545} INFO - Filling up the DagBag from /home/airflow/.local/lib/python3.12/site-packages/airflow/example_dags/example_bash_decorator.py
[2026-03-04T08:09:02.642+0000] {processor.py:840} INFO - DAG(s) 'example_bash_decorator' retrieved from /home/airflow/.local/lib/python3.12/site-packages/airflow/example_dags/example_bash_decorator.py
[2026-03-04T08:09:02.653+0000] {logging_mixin.py:188} INFO - [2026-03-04T08:09:02.653+0000] {dag.py:3089} INFO - Sync 1 DAGs
[2026-03-04T08:09:02.662+0000] {logging_mixin.py:188} INFO - [2026-03-04T08:09:02.661+0000] {dag.py:3947} INFO - Setting next_dagrun for example_bash_decorator to None, run_after=None
[2026-03-04T08:09:02.671+0000] {processor.py:183} INFO - Processing /home/airflow/.local/lib/python3.12/site-packages/airflow/example_dags/example_bash_decorator.py took 0.037 seconds
[2026-03-04T08:09:33.202+0000] {processor.py:161} INFO - Started process (PID=6315) to work on /home/airflow/.local/lib/python3.12/site-packages/airflow/example_dags/example_bash_decorator.py
[2026-03-04T08:09:33.203+0000] {processor.py:830} INFO - Processing file /home/airflow/.local/lib/python3.12/site-packages/airflow/example_dags/example_bash_decorator.py for tasks to queue
[2026-03-04T08:09:33.204+0000] {logging_mixin.py:188} INFO - [2026-03-04T08:09:33.203+0000] {dagbag.py:545} INFO - Filling up the DagBag from /home/airflow/.local/lib/python3.12/site-packages/airflow/example_dags/example_bash_decorator.py
[2026-03-04T08:09:33.208+0000] {processor.py:840} INFO - DAG(s) 'example_bash_decorator' retrieved from /home/airflow/.local/lib/python3.12/site-packages/airflow/example_dags/example_bash_decorator.py
[2026-03-04T08:09:33.216+0000] {logging_mixin.py:188} INFO - [2026-03-04T08:09:33.216+0000] {dag.py:3089} INFO - Sync 1 DAGs
[2026-03-04T08:09:33.220+0000] {logging_mixin.py:188} INFO - [2026-03-04T08:09:33.220+0000] {dag.py:3947} INFO - Setting next_dagrun for example_bash_decorator to None, run_after=None
[2026-03-04T08:09:33.225+0000] {processor.py:183} INFO - Processing /home/airflow/.local/lib/python3.12/site-packages/airflow/example_dags/example_bash_decorator.py took 0.025 seconds
[2026-03-04T08:10:03.793+0000] {processor.py:161} INFO - Started process (PID=6575) to work on /home/airflow/.local/lib/python3.12/site-packages/airflow/example_dags/example_bash_decorator.py
[2026-03-04T08:10:03.793+0000] {processor.py:830} INFO - Processing file /home/airflow/.local/lib/python3.12/site-packages/airflow/example_dags/example_bash_decorator.py for tasks to queue
[2026-03-04T08:10:03.794+0000] {logging_mixin.py:188} INFO - [2026-03-04T08:10:03.794+0000] {dagbag.py:545} INFO - Filling up the DagBag from /home/airflow/.local/lib/python3.12/site-packages/airflow/example_dags/example_bash_decorator.py
[2026-03-04T08:10:03.799+0000] {processor.py:840} INFO - DAG(s) 'example_bash_decorator' retrieved from /home/airflow/.local/lib/python3.12/site-packages/airflow/example_dags/example_bash_decorator.py
[2026-03-04T08:10:03.809+0000] {logging_mixin.py:188} INFO - [2026-03-04T08:10:03.809+0000] {dag.py:3089} INFO - Sync 1 DAGs
[2026-03-04T08:10:03.813+0000] {logging_mixin.py:188} INFO - [2026-03-04T08:10:03.813+0000] {dag.py:3947} INFO - Setting next_dagrun for example_bash_decorator to None, run_after=None
[2026-03-04T08:10:03.824+0000] {processor.py:183} INFO - Processing /home/airflow/.local/lib/python3.12/site-packages/airflow/example_dags/example_bash_decorator.py took 0.033 seconds
[2026-03-04T08:10:34.309+0000] {processor.py:161} INFO - Started process (PID=6842) to work on /home/airflow/.local/lib/python3.12/site-packages/airflow/example_dags/example_bash_decorator.py
[2026-03-04T08:10:34.309+0000] {processor.py:830} INFO - Processing file /home/airflow/.local/lib/python3.12/site-packages/airflow/example_dags/example_bash_decorator.py for tasks to queue
[2026-03-04T08:10:34.310+0000] {logging_mixin.py:188} INFO - [2026-03-04T08:10:34.310+0000] {dagbag.py:545} INFO - Filling up the DagBag from /home/airflow/.local/lib/python3.12/site-packages/airflow/example_dags/example_bash_decorator.py
[2026-03-04T08:10:34.317+0000] {processor.py:840} INFO - DAG(s) 'example_bash_decorator' retrieved from /home/airflow/.local/lib/python3.12/site-packages/airflow/example_dags/example_bash_decorator.py
[2026-03-04T08:10:34.330+0000] {logging_mixin.py:188} INFO - [2026-03-04T08:10:34.330+0000] {dag.py:3089} INFO - Sync 1 DAGs
[2026-03-04T08:10:34.334+0000] {logging_mixin.py:188} INFO - [2026-03-04T08:10:34.334+0000] {dag.py:3947} INFO - Setting next_dagrun for example_bash_decorator to None, run_after=None
[2026-03-04T08:10:34.342+0000] {processor.py:183} INFO - Processing /home/airflow/.local/lib/python3.12/site-packages/airflow/example_dags/example_bash_decorator.py took 0.035 seconds
[2026-03-04T08:11:04.985+0000] {processor.py:161} INFO - Started process (PID=7102) to work on /home/airflow/.local/lib/python3.12/site-packages/airflow/example_dags/example_bash_decorator.py
[2026-03-04T08:11:04.986+0000] {processor.py:830} INFO - Processing file /home/airflow/.local/lib/python3.12/site-packages/airflow/example_dags/example_bash_decorator.py for tasks to queue
[2026-03-04T08:11:04.989+0000] {logging_mixin.py:188} INFO - [2026-03-04T08:11:04.987+0000] {dagbag.py:545} INFO - Filling up the DagBag from /home/airflow/.local/lib/python3.12/site-packages/airflow/example_dags/example_bash_decorator.py
[2026-03-04T08:11:04.994+0000] {processor.py:840} INFO - DAG(s) 'example_bash_decorator' retrieved from /home/airflow/.local/lib/python3.12/site-packages/airflow/example_dags/example_bash_decorator.py
[2026-03-04T08:11:05.003+0000] {logging_mixin.py:188} INFO - [2026-03-04T08:11:05.003+0000] {dag.py:3089} INFO - Sync 1 DAGs
[2026-03-04T08:11:05.008+0000] {logging_mixin.py:188} INFO - [2026-03-04T08:11:05.008+0000] {dag.py:3947} INFO - Setting next_dagrun for example_bash_decorator to None, run_after=None
[2026-03-04T08:11:05.014+0000] {processor.py:183} INFO - Processing /home/airflow/.local/lib/python3.12/site-packages/airflow/example_dags/example_bash_decorator.py took 0.032 seconds
[2026-03-04T08:11:35.600+0000] {processor.py:161} INFO - Started process (PID=7366) to work on /home/airflow/.local/lib/python3.12/site-packages/airflow/example_dags/example_bash_decorator.py
[2026-03-04T08:11:35.600+0000] {processor.py:830} INFO - Processing file /home/airflow/.local/lib/python3.12/site-packages/airflow/example_dags/example_bash_decorator.py for tasks to queue
[2026-03-04T08:11:35.601+0000] {logging_mixin.py:188} INFO - [2026-03-04T08:11:35.601+0000] {dagbag.py:545} INFO - Filling up the DagBag from /home/airflow/.local/lib/python3.12/site-packages/airflow/example_dags/example_bash_decorator.py
[2026-03-04T08:11:35.606+0000] {processor.py:840} INFO - DAG(s) 'example_bash_decorator' retrieved from /home/airflow/.local/lib/python3.12/site-packages/airflow/example_dags/example_bash_decorator.py
[2026-03-04T08:11:35.617+0000] {logging_mixin.py:188} INFO - [2026-03-04T08:11:35.617+0000] {dag.py:3089} INFO - Sync 1 DAGs
[2026-03-04T08:11:35.623+0000] {logging_mixin.py:188} INFO - [2026-03-04T08:11:35.623+0000] {dag.py:3947} INFO - Setting next_dagrun for example_bash_decorator to None, run_after=None
[2026-03-04T08:11:35.634+0000] {processor.py:183} INFO - Processing /home/airflow/.local/lib/python3.12/site-packages/airflow/example_dags/example_bash_decorator.py took 0.036 seconds
[2026-03-04T08:12:06.091+0000] {processor.py:161} INFO - Started process (PID=7626) to work on /home/airflow/.local/lib/python3.12/site-packages/airflow/example_dags/example_bash_decorator.py
[2026-03-04T08:12:06.091+0000] {processor.py:830} INFO - Processing file /home/airflow/.local/lib/python3.12/site-packages/airflow/example_dags/example_bash_decorator.py for tasks to queue
[2026-03-04T08:12:06.092+0000] {logging_mixin.py:188} INFO - [2026-03-04T08:12:06.092+0000] {dagbag.py:545} INFO - Filling up the DagBag from /home/airflow/.local/lib/python3.12/site-packages/airflow/example_dags/example_bash_decorator.py
[2026-03-04T08:12:06.097+0000] {processor.py:840} INFO - DAG(s) 'example_bash_decorator' retrieved from /home/airflow/.local/lib/python3.12/site-packages/airflow/example_dags/example_bash_decorator.py
[2026-03-04T08:12:06.111+0000] {logging_mixin.py:188} INFO - [2026-03-04T08:12:06.111+0000] {dag.py:3089} INFO - Sync 1 DAGs
[2026-03-04T08:12:06.115+0000] {logging_mixin.py:188} INFO - [2026-03-04T08:12:06.115+0000] {dag.py:3947} INFO - Setting next_dagrun for example_bash_decorator to None, run_after=None
[2026-03-04T08:12:06.122+0000] {processor.py:183} INFO - Processing /home/airflow/.local/lib/python3.12/site-packages/airflow/example_dags/example_bash_decorator.py took 0.034 seconds
[2026-03-04T08:12:36.663+0000] {processor.py:161} INFO - Started process (PID=7888) to work on /home/airflow/.local/lib/python3.12/site-packages/airflow/example_dags/example_bash_decorator.py
[2026-03-04T08:12:36.663+0000] {processor.py:830} INFO - Processing file /home/airflow/.local/lib/python3.12/site-packages/airflow/example_dags/example_bash_decorator.py for tasks to queue
[2026-03-04T08:12:36.664+0000] {logging_mixin.py:188} INFO - [2026-03-04T08:12:36.664+0000] {dagbag.py:545} INFO - Filling up the DagBag from /home/airflow/.local/lib/python3.12/site-packages/airflow/example_dags/example_bash_decorator.py
[2026-03-04T08:12:36.671+0000] {processor.py:840} INFO - DAG(s) 'example_bash_decorator' retrieved from /home/airflow/.local/lib/python3.12/site-packages/airflow/example_dags/example_bash_decorator.py
[2026-03-04T08:12:36.684+0000] {logging_mixin.py:188} INFO - [2026-03-04T08:12:36.684+0000] {dag.py:3089} INFO - Sync 1 DAGs
[2026-03-04T08:12:36.688+0000] {logging_mixin.py:188} INFO - [2026-03-04T08:12:36.687+0000] {dag.py:3947} INFO - Setting next_dagrun for example_bash_decorator to None, run_after=None
[2026-03-04T08:12:36.695+0000] {processor.py:183} INFO - Processing /home/airflow/.local/lib/python3.12/site-packages/airflow/example_dags/example_bash_decorator.py took 0.035 seconds
[2026-03-04T08:13:07.196+0000] {processor.py:161} INFO - Started process (PID=8150) to work on /home/airflow/.local/lib/python3.12/site-packages/airflow/example_dags/example_bash_decorator.py
[2026-03-04T08:13:07.197+0000] {processor.py:830} INFO - Processing file /home/airflow/.local/lib/python3.12/site-packages/airflow/example_dags/example_bash_decorator.py for tasks to queue
[2026-03-04T08:13:07.197+0000] {logging_mixin.py:188} INFO - [2026-03-04T08:13:07.197+0000] {dagbag.py:545} INFO - Filling up the DagBag from /home/airflow/.local/lib/python3.12/site-packages/airflow/example_dags/example_bash_decorator.py
[2026-03-04T08:13:07.203+0000] {processor.py:840} INFO - DAG(s) 'example_bash_decorator' retrieved from /home/airflow/.local/lib/python3.12/site-packages/airflow/example_dags/example_bash_decorator.py
[2026-03-04T08:13:07.216+0000] {logging_mixin.py:188} INFO - [2026-03-04T08:13:07.216+0000] {dag.py:3089} INFO - Sync 1 DAGs
[2026-03-04T08:13:07.220+0000] {logging_mixin.py:188} INFO - [2026-03-04T08:13:07.220+0000] {dag.py:3947} INFO - Setting next_dagrun for example_bash_decorator to None, run_after=None
[2026-03-04T08:13:07.233+0000] {processor.py:183} INFO - Processing /home/airflow/.local/lib/python3.12/site-packages/airflow/example_dags/example_bash_decorator.py took 0.040 seconds
[2026-03-04T08:13:37.759+0000] {processor.py:161} INFO - Started process (PID=8412) to work on /home/airflow/.local/lib/python3.12/site-packages/airflow/example_dags/example_bash_decorator.py
[2026-03-04T08:13:37.759+0000] {processor.py:830} INFO - Processing file /home/airflow/.local/lib/python3.12/site-packages/airflow/example_dags/example_bash_decorator.py for tasks to queue
[2026-03-04T08:13:37.760+0000] {logging_mixin.py:188} INFO - [2026-03-04T08:13:37.760+0000] {dagbag.py:545} INFO - Filling up the DagBag from /home/airflow/.local/lib/python3.12/site-packages/airflow/example_dags/example_bash_decorator.py
[2026-03-04T08:13:37.766+0000] {processor.py:840} INFO - DAG(s) 'example_bash_decorator' retrieved from /home/airflow/.local/lib/python3.12/site-packages/airflow/example_dags/example_bash_decorator.py
[2026-03-04T08:13:37.776+0000] {logging_mixin.py:188} INFO - [2026-03-04T08:13:37.776+0000] {dag.py:3089} INFO - Sync 1 DAGs
[2026-03-04T08:13:37.782+0000] {logging_mixin.py:188} INFO - [2026-03-04T08:13:37.782+0000] {dag.py:3947} INFO - Setting next_dagrun for example_bash_decorator to None, run_after=None
[2026-03-04T08:13:37.792+0000] {processor.py:183} INFO - Processing /home/airflow/.local/lib/python3.12/site-packages/airflow/example_dags/example_bash_decorator.py took 0.036 seconds
[2026-03-04T08:14:08.270+0000] {processor.py:161} INFO - Started process (PID=8674) to work on /home/airflow/.local/lib/python3.12/site-packages/airflow/example_dags/example_bash_decorator.py
[2026-03-04T08:14:08.270+0000] {processor.py:830} INFO - Processing file /home/airflow/.local/lib/python3.12/site-packages/airflow/example_dags/example_bash_decorator.py for tasks to queue
[2026-03-04T08:14:08.271+0000] {logging_mixin.py:188} INFO - [2026-03-04T08:14:08.271+0000] {dagbag.py:545} INFO - Filling up the DagBag from /home/airflow/.local/lib/python3.12/site-packages/airflow/example_dags/example_bash_decorator.py
[2026-03-04T08:14:08.275+0000] {processor.py:840} INFO - DAG(s) 'example_bash_decorator' retrieved from /home/airflow/.local/lib/python3.12/site-packages/airflow/example_dags/example_bash_decorator.py
[2026-03-04T08:14:08.284+0000] {logging_mixin.py:188} INFO - [2026-03-04T08:14:08.284+0000] {dag.py:3089} INFO - Sync 1 DAGs
[2026-03-04T08:14:08.288+0000] {logging_mixin.py:188} INFO - [2026-03-04T08:14:08.288+0000] {dag.py:3947} INFO - Setting next_dagrun for example_bash_decorator to None, run_after=None
[2026-03-04T08:14:08.297+0000] {processor.py:183} INFO - Processing /home/airflow/.local/lib/python3.12/site-packages/airflow/example_dags/example_bash_decorator.py took 0.030 seconds
[2026-03-04T08:14:38.830+0000] {processor.py:161} INFO - Started process (PID=8938) to work on /home/airflow/.local/lib/python3.12/site-packages/airflow/example_dags/example_bash_decorator.py
[2026-03-04T08:14:38.830+0000] {processor.py:830} INFO - Processing file /home/airflow/.local/lib/python3.12/site-packages/airflow/example_dags/example_bash_decorator.py for tasks to queue
[2026-03-04T08:14:38.831+0000] {logging_mixin.py:188} INFO - [2026-03-04T08:14:38.831+0000] {dagbag.py:545} INFO - Filling up the DagBag from /home/airflow/.local/lib/python3.12/site-packages/airflow/example_dags/example_bash_decorator.py
[2026-03-04T08:14:38.836+0000] {processor.py:840} INFO - DAG(s) 'example_bash_decorator' retrieved from /home/airflow/.local/lib/python3.12/site-packages/airflow/example_dags/example_bash_decorator.py
[2026-03-04T08:14:38.844+0000] {logging_mixin.py:188} INFO - [2026-03-04T08:14:38.844+0000] {dag.py:3089} INFO - Sync 1 DAGs
[2026-03-04T08:14:38.848+0000] {logging_mixin.py:188} INFO - [2026-03-04T08:14:38.848+0000] {dag.py:3947} INFO - Setting next_dagrun for example_bash_decorator to None, run_after=None
[2026-03-04T08:14:38.854+0000] {processor.py:183} INFO - Processing /home/airflow/.local/lib/python3.12/site-packages/airflow/example_dags/example_bash_decorator.py took 0.026 seconds
[2026-03-04T08:15:09.296+0000] {processor.py:161} INFO - Started process (PID=9202) to work on /home/airflow/.local/lib/python3.12/site-packages/airflow/example_dags/example_bash_decorator.py
[2026-03-04T08:15:09.297+0000] {processor.py:830} INFO - Processing file /home/airflow/.local/lib/python3.12/site-packages/airflow/example_dags/example_bash_decorator.py for tasks to queue
[2026-03-04T08:15:09.298+0000] {logging_mixin.py:188} INFO - [2026-03-04T08:15:09.298+0000] {dagbag.py:545} INFO - Filling up the DagBag from /home/airflow/.local/lib/python3.12/site-packages/airflow/example_dags/example_bash_decorator.py
[2026-03-04T08:15:09.306+0000] {processor.py:840} INFO - DAG(s) 'example_bash_decorator' retrieved from /home/airflow/.local/lib/python3.12/site-packages/airflow/example_dags/example_bash_decorator.py
[2026-03-04T08:15:09.317+0000] {logging_mixin.py:188} INFO - [2026-03-04T08:15:09.317+0000] {dag.py:3089} INFO - Sync 1 DAGs
[2026-03-04T08:15:09.323+0000] {logging_mixin.py:188} INFO - [2026-03-04T08:15:09.323+0000] {dag.py:3947} INFO - Setting next_dagrun for example_bash_decorator to None, run_after=None
[2026-03-04T08:15:09.330+0000] {processor.py:183} INFO - Processing /home/airflow/.local/lib/python3.12/site-packages/airflow/example_dags/example_bash_decorator.py took 0.036 seconds
[2026-03-04T08:15:39.937+0000] {processor.py:161} INFO - Started process (PID=9468) to work on /home/airflow/.local/lib/python3.12/site-packages/airflow/example_dags/example_bash_decorator.py
[2026-03-04T08:15:39.938+0000] {processor.py:830} INFO - Processing file /home/airflow/.local/lib/python3.12/site-packages/airflow/example_dags/example_bash_decorator.py for tasks to queue
[2026-03-04T08:15:39.939+0000] {logging_mixin.py:188} INFO - [2026-03-04T08:15:39.939+0000] {dagbag.py:545} INFO - Filling up the DagBag from /home/airflow/.local/lib/python3.12/site-packages/airflow/example_dags/example_bash_decorator.py
[2026-03-04T08:15:39.944+0000] {processor.py:840} INFO - DAG(s) 'example_bash_decorator' retrieved from /home/airflow/.local/lib/python3.12/site-packages/airflow/example_dags/example_bash_decorator.py
[2026-03-04T08:15:39.954+0000] {logging_mixin.py:188} INFO - [2026-03-04T08:15:39.954+0000] {dag.py:3089} INFO - Sync 1 DAGs
[2026-03-04T08:15:39.958+0000] {logging_mixin.py:188} INFO - [2026-03-04T08:15:39.958+0000] {dag.py:3947} INFO - Setting next_dagrun for example_bash_decorator to None, run_after=None
[2026-03-04T08:15:39.967+0000] {processor.py:183} INFO - Processing /home/airflow/.local/lib/python3.12/site-packages/airflow/example_dags/example_bash_decorator.py took 0.032 seconds
[2026-03-04T08:16:10.541+0000] {processor.py:161} INFO - Started process (PID=9730) to work on /home/airflow/.local/lib/python3.12/site-packages/airflow/example_dags/example_bash_decorator.py
[2026-03-04T08:16:10.541+0000] {processor.py:830} INFO - Processing file /home/airflow/.local/lib/python3.12/site-packages/airflow/example_dags/example_bash_decorator.py for tasks to queue
[2026-03-04T08:16:10.542+0000] {logging_mixin.py:188} INFO - [2026-03-04T08:16:10.542+0000] {dagbag.py:545} INFO - Filling up the DagBag from /home/airflow/.local/lib/python3.12/site-packages/airflow/example_dags/example_bash_decorator.py
[2026-03-04T08:16:10.548+0000] {processor.py:840} INFO - DAG(s) 'example_bash_decorator' retrieved from /home/airflow/.local/lib/python3.12/site-packages/airflow/example_dags/example_bash_decorator.py
[2026-03-04T08:16:10.558+0000] {logging_mixin.py:188} INFO - [2026-03-04T08:16:10.558+0000] {dag.py:3089} INFO - Sync 1 DAGs
[2026-03-04T08:16:10.563+0000] {logging_mixin.py:188} INFO - [2026-03-04T08:16:10.563+0000] {dag.py:3947} INFO - Setting next_dagrun for example_bash_decorator to None, run_after=None
[2026-03-04T08:16:10.571+0000] {processor.py:183} INFO - Processing /home/airflow/.local/lib/python3.12/site-packages/airflow/example_dags/example_bash_decorator.py took 0.033 seconds
[2026-03-04T08:16:41.204+0000] {processor.py:161} INFO - Started process (PID=9994) to work on /home/airflow/.local/lib/python3.12/site-packages/airflow/example_dags/example_bash_decorator.py
[2026-03-04T08:16:41.204+0000] {processor.py:830} INFO - Processing file /home/airflow/.local/lib/python3.12/site-packages/airflow/example_dags/example_bash_decorator.py for tasks to queue
[2026-03-04T08:16:41.205+0000] {logging_mixin.py:188} INFO - [2026-03-04T08:16:41.205+0000] {dagbag.py:545} INFO - Filling up the DagBag from /home/airflow/.local/lib/python3.12/site-packages/airflow/example_dags/example_bash_decorator.py
[2026-03-04T08:16:41.210+0000] {processor.py:840} INFO - DAG(s) 'example_bash_decorator' retrieved from /home/airflow/.local/lib/python3.12/site-packages/airflow/example_dags/example_bash_decorator.py
[2026-03-04T08:16:41.219+0000] {logging_mixin.py:188} INFO - [2026-03-04T08:16:41.219+0000] {dag.py:3089} INFO - Sync 1 DAGs
[2026-03-04T08:16:41.223+0000] {logging_mixin.py:188} INFO - [2026-03-04T08:16:41.223+0000] {dag.py:3947} INFO - Setting next_dagrun for example_bash_decorator to None, run_after=None
[2026-03-04T08:16:41.234+0000] {processor.py:183} INFO - Processing /home/airflow/.local/lib/python3.12/site-packages/airflow/example_dags/example_bash_decorator.py took 0.033 seconds
[2026-03-04T08:17:12.250+0000] {processor.py:161} INFO - Started process (PID=10256) to work on /home/airflow/.local/lib/python3.12/site-packages/airflow/example_dags/example_bash_decorator.py
[2026-03-04T08:17:12.251+0000] {processor.py:830} INFO - Processing file /home/airflow/.local/lib/python3.12/site-packages/airflow/example_dags/example_bash_decorator.py for tasks to queue
[2026-03-04T08:17:12.251+0000] {logging_mixin.py:188} INFO - [2026-03-04T08:17:12.251+0000] {dagbag.py:545} INFO - Filling up the DagBag from /home/airflow/.local/lib/python3.12/site-packages/airflow/example_dags/example_bash_decorator.py
[2026-03-04T08:17:12.257+0000] {processor.py:840} INFO - DAG(s) 'example_bash_decorator' retrieved from /home/airflow/.local/lib/python3.12/site-packages/airflow/example_dags/example_bash_decorator.py
[2026-03-04T08:17:12.268+0000] {logging_mixin.py:188} INFO - [2026-03-04T08:17:12.268+0000] {dag.py:3089} INFO - Sync 1 DAGs
[2026-03-04T08:17:12.274+0000] {logging_mixin.py:188} INFO - [2026-03-04T08:17:12.273+0000] {dag.py:3947} INFO - Setting next_dagrun for example_bash_decorator to None, run_after=None
[2026-03-04T08:17:12.281+0000] {processor.py:183} INFO - Processing /home/airflow/.local/lib/python3.12/site-packages/airflow/example_dags/example_bash_decorator.py took 0.033 seconds
[2026-03-04T08:17:43.094+0000] {processor.py:161} INFO - Started process (PID=10516) to work on /home/airflow/.local/lib/python3.12/site-packages/airflow/example_dags/example_bash_decorator.py
[2026-03-04T08:17:43.096+0000] {processor.py:830} INFO - Processing file /home/airflow/.local/lib/python3.12/site-packages/airflow/example_dags/example_bash_decorator.py for tasks to queue
[2026-03-04T08:17:43.096+0000] {logging_mixin.py:188} INFO - [2026-03-04T08:17:43.096+0000] {dagbag.py:545} INFO - Filling up the DagBag from /home/airflow/.local/lib/python3.12/site-packages/airflow/example_dags/example_bash_decorator.py
[2026-03-04T08:17:43.101+0000] {processor.py:840} INFO - DAG(s) 'example_bash_decorator' retrieved from /home/airflow/.local/lib/python3.12/site-packages/airflow/example_dags/example_bash_decorator.py
[2026-03-04T08:17:43.112+0000] {logging_mixin.py:188} INFO - [2026-03-04T08:17:43.112+0000] {dag.py:3089} INFO - Sync 1 DAGs
[2026-03-04T08:17:43.183+0000] {logging_mixin.py:188} INFO - [2026-03-04T08:17:43.183+0000] {dag.py:3947} INFO - Setting next_dagrun for example_bash_decorator to None, run_after=None
[2026-03-04T08:17:43.193+0000] {processor.py:183} INFO - Processing /home/airflow/.local/lib/python3.12/site-packages/airflow/example_dags/example_bash_decorator.py took 0.101 seconds
[2026-03-04T08:18:14.174+0000] {processor.py:161} INFO - Started process (PID=10778) to work on /home/airflow/.local/lib/python3.12/site-packages/airflow/example_dags/example_bash_decorator.py
[2026-03-04T08:18:14.178+0000] {processor.py:830} INFO - Processing file /home/airflow/.local/lib/python3.12/site-packages/airflow/example_dags/example_bash_decorator.py for tasks to queue
[2026-03-04T08:18:14.178+0000] {logging_mixin.py:188} INFO - [2026-03-04T08:18:14.178+0000] {dagbag.py:545} INFO - Filling up the DagBag from /home/airflow/.local/lib/python3.12/site-packages/airflow/example_dags/example_bash_decorator.py
[2026-03-04T08:18:14.182+0000] {processor.py:840} INFO - DAG(s) 'example_bash_decorator' retrieved from /home/airflow/.local/lib/python3.12/site-packages/airflow/example_dags/example_bash_decorator.py
[2026-03-04T08:18:14.196+0000] {logging_mixin.py:188} INFO - [2026-03-04T08:18:14.196+0000] {dag.py:3089} INFO - Sync 1 DAGs
[2026-03-04T08:18:14.263+0000] {logging_mixin.py:188} INFO - [2026-03-04T08:18:14.263+0000] {dag.py:3947} INFO - Setting next_dagrun for example_bash_decorator to None, run_after=None
[2026-03-04T08:18:14.271+0000] {processor.py:183} INFO - Processing /home/airflow/.local/lib/python3.12/site-packages/airflow/example_dags/example_bash_decorator.py took 0.099 seconds
[2026-03-04T08:18:44.705+0000] {processor.py:161} INFO - Started process (PID=11040) to work on /home/airflow/.local/lib/python3.12/site-packages/airflow/example_dags/example_bash_decorator.py
[2026-03-04T08:18:44.707+0000] {processor.py:830} INFO - Processing file /home/airflow/.local/lib/python3.12/site-packages/airflow/example_dags/example_bash_decorator.py for tasks to queue
[2026-03-04T08:18:44.708+0000] {logging_mixin.py:188} INFO - [2026-03-04T08:18:44.708+0000] {dagbag.py:545} INFO - Filling up the DagBag from /home/airflow/.local/lib/python3.12/site-packages/airflow/example_dags/example_bash_decorator.py
[2026-03-04T08:18:44.713+0000] {processor.py:840} INFO - DAG(s) 'example_bash_decorator' retrieved from /home/airflow/.local/lib/python3.12/site-packages/airflow/example_dags/example_bash_decorator.py
[2026-03-04T08:18:44.726+0000] {logging_mixin.py:188} INFO - [2026-03-04T08:18:44.726+0000] {dag.py:3089} INFO - Sync 1 DAGs
[2026-03-04T08:18:44.730+0000] {logging_mixin.py:188} INFO - [2026-03-04T08:18:44.730+0000] {dag.py:3947} INFO - Setting next_dagrun for example_bash_decorator to None, run_after=None
[2026-03-04T08:18:44.739+0000] {processor.py:183} INFO - Processing /home/airflow/.local/lib/python3.12/site-packages/airflow/example_dags/example_bash_decorator.py took 0.037 seconds
[2026-03-04T08:19:15.326+0000] {processor.py:161} INFO - Started process (PID=11302) to work on /home/airflow/.local/lib/python3.12/site-packages/airflow/example_dags/example_bash_decorator.py
[2026-03-04T08:19:15.328+0000] {processor.py:830} INFO - Processing file /home/airflow/.local/lib/python3.12/site-packages/airflow/example_dags/example_bash_decorator.py for tasks to queue
[2026-03-04T08:19:15.329+0000] {logging_mixin.py:188} INFO - [2026-03-04T08:19:15.329+0000] {dagbag.py:545} INFO - Filling up the DagBag from /home/airflow/.local/lib/python3.12/site-packages/airflow/example_dags/example_bash_decorator.py
[2026-03-04T08:19:15.335+0000] {processor.py:840} INFO - DAG(s) 'example_bash_decorator' retrieved from /home/airflow/.local/lib/python3.12/site-packages/airflow/example_dags/example_bash_decorator.py
[2026-03-04T08:19:15.347+0000] {logging_mixin.py:188} INFO - [2026-03-04T08:19:15.347+0000] {dag.py:3089} INFO - Sync 1 DAGs
[2026-03-04T08:19:15.352+0000] {logging_mixin.py:188} INFO - [2026-03-04T08:19:15.352+0000] {dag.py:3947} INFO - Setting next_dagrun for example_bash_decorator to None, run_after=None
[2026-03-04T08:19:15.361+0000] {processor.py:183} INFO - Processing /home/airflow/.local/lib/python3.12/site-packages/airflow/example_dags/example_bash_decorator.py took 0.037 seconds
[2026-03-04T08:19:45.909+0000] {processor.py:161} INFO - Started process (PID=11566) to work on /home/airflow/.local/lib/python3.12/site-packages/airflow/example_dags/example_bash_decorator.py
[2026-03-04T08:19:45.910+0000] {processor.py:830} INFO - Processing file /home/airflow/.local/lib/python3.12/site-packages/airflow/example_dags/example_bash_decorator.py for tasks to queue
[2026-03-04T08:19:45.911+0000] {logging_mixin.py:188} INFO - [2026-03-04T08:19:45.911+0000] {dagbag.py:545} INFO - Filling up the DagBag from /home/airflow/.local/lib/python3.12/site-packages/airflow/example_dags/example_bash_decorator.py
[2026-03-04T08:19:45.915+0000] {processor.py:840} INFO - DAG(s) 'example_bash_decorator' retrieved from /home/airflow/.local/lib/python3.12/site-packages/airflow/example_dags/example_bash_decorator.py
[2026-03-04T08:19:45.926+0000] {logging_mixin.py:188} INFO - [2026-03-04T08:19:45.925+0000] {dag.py:3089} INFO - Sync 1 DAGs
[2026-03-04T08:19:45.930+0000] {logging_mixin.py:188} INFO - [2026-03-04T08:19:45.930+0000] {dag.py:3947} INFO - Setting next_dagrun for example_bash_decorator to None, run_after=None
[2026-03-04T08:19:45.941+0000] {processor.py:183} INFO - Processing /home/airflow/.local/lib/python3.12/site-packages/airflow/example_dags/example_bash_decorator.py took 0.034 seconds
[2026-03-04T08:20:16.467+0000] {processor.py:161} INFO - Started process (PID=11826) to work on /home/airflow/.local/lib/python3.12/site-packages/airflow/example_dags/example_bash_decorator.py
[2026-03-04T08:20:16.467+0000] {processor.py:830} INFO - Processing file /home/airflow/.local/lib/python3.12/site-packages/airflow/example_dags/example_bash_decorator.py for tasks to queue
[2026-03-04T08:20:16.470+0000] {logging_mixin.py:188} INFO - [2026-03-04T08:20:16.470+0000] {dagbag.py:545} INFO - Filling up the DagBag from /home/airflow/.local/lib/python3.12/site-packages/airflow/example_dags/example_bash_decorator.py
[2026-03-04T08:20:16.476+0000] {processor.py:840} INFO - DAG(s) 'example_bash_decorator' retrieved from /home/airflow/.local/lib/python3.12/site-packages/airflow/example_dags/example_bash_decorator.py
[2026-03-04T08:20:16.487+0000] {logging_mixin.py:188} INFO - [2026-03-04T08:20:16.487+0000] {dag.py:3089} INFO - Sync 1 DAGs
[2026-03-04T08:20:16.492+0000] {logging_mixin.py:188} INFO - [2026-03-04T08:20:16.492+0000] {dag.py:3947} INFO - Setting next_dagrun for example_bash_decorator to None, run_after=None
[2026-03-04T08:20:16.501+0000] {processor.py:183} INFO - Processing /home/airflow/.local/lib/python3.12/site-packages/airflow/example_dags/example_bash_decorator.py took 0.037 seconds
[2026-03-04T08:37:21.006+0000] {processor.py:161} INFO - Started process (PID=12088) to work on /home/airflow/.local/lib/python3.12/site-packages/airflow/example_dags/example_bash_decorator.py
[2026-03-04T08:37:21.007+0000] {processor.py:830} INFO - Processing file /home/airflow/.local/lib/python3.12/site-packages/airflow/example_dags/example_bash_decorator.py for tasks to queue
[2026-03-04T08:37:21.008+0000] {logging_mixin.py:188} INFO - [2026-03-04T08:37:21.008+0000] {dagbag.py:545} INFO - Filling up the DagBag from /home/airflow/.local/lib/python3.12/site-packages/airflow/example_dags/example_bash_decorator.py
[2026-03-04T08:37:21.013+0000] {processor.py:840} INFO - DAG(s) 'example_bash_decorator' retrieved from /home/airflow/.local/lib/python3.12/site-packages/airflow/example_dags/example_bash_decorator.py
[2026-03-04T08:37:21.023+0000] {logging_mixin.py:188} INFO - [2026-03-04T08:37:21.023+0000] {dag.py:3089} INFO - Sync 1 DAGs
[2026-03-04T08:37:21.027+0000] {logging_mixin.py:188} INFO - [2026-03-04T08:37:21.027+0000] {dag.py:3947} INFO - Setting next_dagrun for example_bash_decorator to None, run_after=None
[2026-03-04T08:37:21.037+0000] {processor.py:183} INFO - Processing /home/airflow/.local/lib/python3.12/site-packages/airflow/example_dags/example_bash_decorator.py took 0.033 seconds
[2026-03-04T08:46:11.510+0000] {processor.py:161} INFO - Started process (PID=12352) to work on /home/airflow/.local/lib/python3.12/site-packages/airflow/example_dags/example_bash_decorator.py
[2026-03-04T08:46:11.511+0000] {processor.py:830} INFO - Processing file /home/airflow/.local/lib/python3.12/site-packages/airflow/example_dags/example_bash_decorator.py for tasks to queue
[2026-03-04T08:46:11.511+0000] {logging_mixin.py:188} INFO - [2026-03-04T08:46:11.511+0000] {dagbag.py:545} INFO - Filling up the DagBag from /home/airflow/.local/lib/python3.12/site-packages/airflow/example_dags/example_bash_decorator.py
[2026-03-04T08:46:11.516+0000] {processor.py:840} INFO - DAG(s) 'example_bash_decorator' retrieved from /home/airflow/.local/lib/python3.12/site-packages/airflow/example_dags/example_bash_decorator.py
[2026-03-04T08:46:11.523+0000] {logging_mixin.py:188} INFO - [2026-03-04T08:46:11.523+0000] {dag.py:3089} INFO - Sync 1 DAGs
[2026-03-04T08:46:11.527+0000] {logging_mixin.py:188} INFO - [2026-03-04T08:46:11.527+0000] {dag.py:3947} INFO - Setting next_dagrun for example_bash_decorator to None, run_after=None
[2026-03-04T08:46:11.532+0000] {processor.py:183} INFO - Processing /home/airflow/.local/lib/python3.12/site-packages/airflow/example_dags/example_bash_decorator.py took 0.024 seconds
[2026-03-04T08:46:42.132+0000] {processor.py:161} INFO - Started process (PID=12612) to work on /home/airflow/.local/lib/python3.12/site-packages/airflow/example_dags/example_bash_decorator.py
[2026-03-04T08:46:42.133+0000] {processor.py:830} INFO - Processing file /home/airflow/.local/lib/python3.12/site-packages/airflow/example_dags/example_bash_decorator.py for tasks to queue
[2026-03-04T08:46:42.135+0000] {logging_mixin.py:188} INFO - [2026-03-04T08:46:42.135+0000] {dagbag.py:545} INFO - Filling up the DagBag from /home/airflow/.local/lib/python3.12/site-packages/airflow/example_dags/example_bash_decorator.py
[2026-03-04T08:46:42.141+0000] {processor.py:840} INFO - DAG(s) 'example_bash_decorator' retrieved from /home/airflow/.local/lib/python3.12/site-packages/airflow/example_dags/example_bash_decorator.py
[2026-03-04T08:46:42.151+0000] {logging_mixin.py:188} INFO - [2026-03-04T08:46:42.151+0000] {dag.py:3089} INFO - Sync 1 DAGs
[2026-03-04T08:46:42.156+0000] {logging_mixin.py:188} INFO - [2026-03-04T08:46:42.156+0000] {dag.py:3947} INFO - Setting next_dagrun for example_bash_decorator to None, run_after=None
[2026-03-04T08:46:42.162+0000] {processor.py:183} INFO - Processing /home/airflow/.local/lib/python3.12/site-packages/airflow/example_dags/example_bash_decorator.py took 0.033 seconds
[2026-03-04T08:47:12.663+0000] {processor.py:161} INFO - Started process (PID=12874) to work on /home/airflow/.local/lib/python3.12/site-packages/airflow/example_dags/example_bash_decorator.py
[2026-03-04T08:47:12.664+0000] {processor.py:830} INFO - Processing file /home/airflow/.local/lib/python3.12/site-packages/airflow/example_dags/example_bash_decorator.py for tasks to queue
[2026-03-04T08:47:12.664+0000] {logging_mixin.py:188} INFO - [2026-03-04T08:47:12.664+0000] {dagbag.py:545} INFO - Filling up the DagBag from /home/airflow/.local/lib/python3.12/site-packages/airflow/example_dags/example_bash_decorator.py
[2026-03-04T08:47:12.672+0000] {processor.py:840} INFO - DAG(s) 'example_bash_decorator' retrieved from /home/airflow/.local/lib/python3.12/site-packages/airflow/example_dags/example_bash_decorator.py
[2026-03-04T08:47:12.684+0000] {logging_mixin.py:188} INFO - [2026-03-04T08:47:12.684+0000] {dag.py:3089} INFO - Sync 1 DAGs
[2026-03-04T08:47:12.689+0000] {logging_mixin.py:188} INFO - [2026-03-04T08:47:12.689+0000] {dag.py:3947} INFO - Setting next_dagrun for example_bash_decorator to None, run_after=None
[2026-03-04T08:47:12.695+0000] {processor.py:183} INFO - Processing /home/airflow/.local/lib/python3.12/site-packages/airflow/example_dags/example_bash_decorator.py took 0.034 seconds
[2026-03-04T08:47:43.167+0000] {processor.py:161} INFO - Started process (PID=13136) to work on /home/airflow/.local/lib/python3.12/site-packages/airflow/example_dags/example_bash_decorator.py
[2026-03-04T08:47:43.168+0000] {processor.py:830} INFO - Processing file /home/airflow/.local/lib/python3.12/site-packages/airflow/example_dags/example_bash_decorator.py for tasks to queue
[2026-03-04T08:47:43.168+0000] {logging_mixin.py:188} INFO - [2026-03-04T08:47:43.168+0000] {dagbag.py:545} INFO - Filling up the DagBag from /home/airflow/.local/lib/python3.12/site-packages/airflow/example_dags/example_bash_decorator.py
[2026-03-04T08:47:43.173+0000] {processor.py:840} INFO - DAG(s) 'example_bash_decorator' retrieved from /home/airflow/.local/lib/python3.12/site-packages/airflow/example_dags/example_bash_decorator.py
[2026-03-04T08:47:43.184+0000] {logging_mixin.py:188} INFO - [2026-03-04T08:47:43.184+0000] {dag.py:3089} INFO - Sync 1 DAGs
[2026-03-04T08:47:43.189+0000] {logging_mixin.py:188} INFO - [2026-03-04T08:47:43.189+0000] {dag.py:3947} INFO - Setting next_dagrun for example_bash_decorator to None, run_after=None
[2026-03-04T08:47:43.198+0000] {processor.py:183} INFO - Processing /home/airflow/.local/lib/python3.12/site-packages/airflow/example_dags/example_bash_decorator.py took 0.034 seconds
[2026-03-04T08:48:13.696+0000] {processor.py:161} INFO - Started process (PID=13398) to work on /home/airflow/.local/lib/python3.12/site-packages/airflow/example_dags/example_bash_decorator.py
[2026-03-04T08:48:13.697+0000] {processor.py:830} INFO - Processing file /home/airflow/.local/lib/python3.12/site-packages/airflow/example_dags/example_bash_decorator.py for tasks to queue
[2026-03-04T08:48:13.698+0000] {logging_mixin.py:188} INFO - [2026-03-04T08:48:13.698+0000] {dagbag.py:545} INFO - Filling up the DagBag from /home/airflow/.local/lib/python3.12/site-packages/airflow/example_dags/example_bash_decorator.py
[2026-03-04T08:48:13.703+0000] {processor.py:840} INFO - DAG(s) 'example_bash_decorator' retrieved from /home/airflow/.local/lib/python3.12/site-packages/airflow/example_dags/example_bash_decorator.py
[2026-03-04T08:48:13.711+0000] {logging_mixin.py:188} INFO - [2026-03-04T08:48:13.711+0000] {dag.py:3089} INFO - Sync 1 DAGs
[2026-03-04T08:48:13.715+0000] {logging_mixin.py:188} INFO - [2026-03-04T08:48:13.715+0000] {dag.py:3947} INFO - Setting next_dagrun for example_bash_decorator to None, run_after=None
[2026-03-04T08:48:13.726+0000] {processor.py:183} INFO - Processing /home/airflow/.local/lib/python3.12/site-packages/airflow/example_dags/example_bash_decorator.py took 0.032 seconds
[2026-03-04T08:48:44.252+0000] {processor.py:161} INFO - Started process (PID=13660) to work on /home/airflow/.local/lib/python3.12/site-packages/airflow/example_dags/example_bash_decorator.py
[2026-03-04T08:48:44.253+0000] {processor.py:830} INFO - Processing file /home/airflow/.local/lib/python3.12/site-packages/airflow/example_dags/example_bash_decorator.py for tasks to queue
[2026-03-04T08:48:44.254+0000] {logging_mixin.py:188} INFO - [2026-03-04T08:48:44.254+0000] {dagbag.py:545} INFO - Filling up the DagBag from /home/airflow/.local/lib/python3.12/site-packages/airflow/example_dags/example_bash_decorator.py
[2026-03-04T08:48:44.260+0000] {processor.py:840} INFO - DAG(s) 'example_bash_decorator' retrieved from /home/airflow/.local/lib/python3.12/site-packages/airflow/example_dags/example_bash_decorator.py
[2026-03-04T08:48:44.273+0000] {logging_mixin.py:188} INFO - [2026-03-04T08:48:44.273+0000] {dag.py:3089} INFO - Sync 1 DAGs
[2026-03-04T08:48:44.278+0000] {logging_mixin.py:188} INFO - [2026-03-04T08:48:44.278+0000] {dag.py:3947} INFO - Setting next_dagrun for example_bash_decorator to None, run_after=None
[2026-03-04T08:48:44.288+0000] {processor.py:183} INFO - Processing /home/airflow/.local/lib/python3.12/site-packages/airflow/example_dags/example_bash_decorator.py took 0.039 seconds
[2026-03-04T08:49:14.840+0000] {processor.py:161} INFO - Started process (PID=13922) to work on /home/airflow/.local/lib/python3.12/site-packages/airflow/example_dags/example_bash_decorator.py
[2026-03-04T08:49:14.841+0000] {processor.py:830} INFO - Processing file /home/airflow/.local/lib/python3.12/site-packages/airflow/example_dags/example_bash_decorator.py for tasks to queue
[2026-03-04T08:49:14.843+0000] {logging_mixin.py:188} INFO - [2026-03-04T08:49:14.843+0000] {dagbag.py:545} INFO - Filling up the DagBag from /home/airflow/.local/lib/python3.12/site-packages/airflow/example_dags/example_bash_decorator.py
[2026-03-04T08:49:14.849+0000] {processor.py:840} INFO - DAG(s) 'example_bash_decorator' retrieved from /home/airflow/.local/lib/python3.12/site-packages/airflow/example_dags/example_bash_decorator.py
[2026-03-04T08:49:14.860+0000] {logging_mixin.py:188} INFO - [2026-03-04T08:49:14.860+0000] {dag.py:3089} INFO - Sync 1 DAGs
[2026-03-04T08:49:14.867+0000] {logging_mixin.py:188} INFO - [2026-03-04T08:49:14.867+0000] {dag.py:3947} INFO - Setting next_dagrun for example_bash_decorator to None, run_after=None
[2026-03-04T08:49:14.876+0000] {processor.py:183} INFO - Processing /home/airflow/.local/lib/python3.12/site-packages/airflow/example_dags/example_bash_decorator.py took 0.038 seconds
[2026-03-04T08:49:45.425+0000] {processor.py:161} INFO - Started process (PID=14184) to work on /home/airflow/.local/lib/python3.12/site-packages/airflow/example_dags/example_bash_decorator.py
[2026-03-04T08:49:45.426+0000] {processor.py:830} INFO - Processing file /home/airflow/.local/lib/python3.12/site-packages/airflow/example_dags/example_bash_decorator.py for tasks to queue
[2026-03-04T08:49:45.427+0000] {logging_mixin.py:188} INFO - [2026-03-04T08:49:45.427+0000] {dagbag.py:545} INFO - Filling up the DagBag from /home/airflow/.local/lib/python3.12/site-packages/airflow/example_dags/example_bash_decorator.py
[2026-03-04T08:49:45.433+0000] {processor.py:840} INFO - DAG(s) 'example_bash_decorator' retrieved from /home/airflow/.local/lib/python3.12/site-packages/airflow/example_dags/example_bash_decorator.py
[2026-03-04T08:49:45.443+0000] {logging_mixin.py:188} INFO - [2026-03-04T08:49:45.443+0000] {dag.py:3089} INFO - Sync 1 DAGs
[2026-03-04T08:49:45.448+0000] {logging_mixin.py:188} INFO - [2026-03-04T08:49:45.448+0000] {dag.py:3947} INFO - Setting next_dagrun for example_bash_decorator to None, run_after=None
[2026-03-04T08:49:45.456+0000] {processor.py:183} INFO - Processing /home/airflow/.local/lib/python3.12/site-packages/airflow/example_dags/example_bash_decorator.py took 0.033 seconds
[2026-03-04T08:50:15.961+0000] {processor.py:161} INFO - Started process (PID=14448) to work on /home/airflow/.local/lib/python3.12/site-packages/airflow/example_dags/example_bash_decorator.py
[2026-03-04T08:50:15.962+0000] {processor.py:830} INFO - Processing file /home/airflow/.local/lib/python3.12/site-packages/airflow/example_dags/example_bash_decorator.py for tasks to queue
[2026-03-04T08:50:15.963+0000] {logging_mixin.py:188} INFO - [2026-03-04T08:50:15.963+0000] {dagbag.py:545} INFO - Filling up the DagBag from /home/airflow/.local/lib/python3.12/site-packages/airflow/example_dags/example_bash_decorator.py
[2026-03-04T08:50:15.968+0000] {processor.py:840} INFO - DAG(s) 'example_bash_decorator' retrieved from /home/airflow/.local/lib/python3.12/site-packages/airflow/example_dags/example_bash_decorator.py
[2026-03-04T08:50:15.978+0000] {logging_mixin.py:188} INFO - [2026-03-04T08:50:15.978+0000] {dag.py:3089} INFO - Sync 1 DAGs
[2026-03-04T08:50:15.983+0000] {logging_mixin.py:188} INFO - [2026-03-04T08:50:15.983+0000] {dag.py:3947} INFO - Setting next_dagrun for example_bash_decorator to None, run_after=None
[2026-03-04T08:50:15.992+0000] {processor.py:183} INFO - Processing /home/airflow/.local/lib/python3.12/site-packages/airflow/example_dags/example_bash_decorator.py took 0.033 seconds
[2026-03-04T08:50:46.535+0000] {processor.py:161} INFO - Started process (PID=14710) to work on /home/airflow/.local/lib/python3.12/site-packages/airflow/example_dags/example_bash_decorator.py
[2026-03-04T08:50:46.536+0000] {processor.py:830} INFO - Processing file /home/airflow/.local/lib/python3.12/site-packages/airflow/example_dags/example_bash_decorator.py for tasks to queue
[2026-03-04T08:50:46.537+0000] {logging_mixin.py:188} INFO - [2026-03-04T08:50:46.536+0000] {dagbag.py:545} INFO - Filling up the DagBag from /home/airflow/.local/lib/python3.12/site-packages/airflow/example_dags/example_bash_decorator.py
[2026-03-04T08:50:46.541+0000] {processor.py:840} INFO - DAG(s) 'example_bash_decorator' retrieved from /home/airflow/.local/lib/python3.12/site-packages/airflow/example_dags/example_bash_decorator.py
[2026-03-04T08:50:46.548+0000] {logging_mixin.py:188} INFO - [2026-03-04T08:50:46.548+0000] {dag.py:3089} INFO - Sync 1 DAGs
[2026-03-04T08:50:46.552+0000] {logging_mixin.py:188} INFO - [2026-03-04T08:50:46.552+0000] {dag.py:3947} INFO - Setting next_dagrun for example_bash_decorator to None, run_after=None
[2026-03-04T08:50:46.557+0000] {processor.py:183} INFO - Processing /home/airflow/.local/lib/python3.12/site-packages/airflow/example_dags/example_bash_decorator.py took 0.024 seconds
