[2026-03-04T07:57:49.217+0000] {processor.py:161} INFO - Started process (PID=197) to work on /home/airflow/.local/lib/python3.12/site-packages/airflow/example_dags/example_xcomargs.py
[2026-03-04T07:57:49.218+0000] {processor.py:830} INFO - Processing file /home/airflow/.local/lib/python3.12/site-packages/airflow/example_dags/example_xcomargs.py for tasks to queue
[2026-03-04T07:57:49.219+0000] {logging_mixin.py:188} INFO - [2026-03-04T07:57:49.219+0000] {dagbag.py:545} INFO - Filling up the DagBag from /home/airflow/.local/lib/python3.12/site-packages/airflow/example_dags/example_xcomargs.py
[2026-03-04T07:57:49.223+0000] {processor.py:840} INFO - DAG(s) 'example_xcom_args_with_operators', 'example_xcom_args' retrieved from /home/airflow/.local/lib/python3.12/site-packages/airflow/example_dags/example_xcomargs.py
[2026-03-04T07:57:49.263+0000] {logging_mixin.py:188} INFO - [2026-03-04T07:57:49.262+0000] {override.py:1858} INFO - Created Permission View: can delete on DAG:example_xcom_args_with_operators
[2026-03-04T07:57:49.266+0000] {logging_mixin.py:188} INFO - [2026-03-04T07:57:49.265+0000] {override.py:1858} INFO - Created Permission View: can read on DAG:example_xcom_args_with_operators
[2026-03-04T07:57:49.267+0000] {logging_mixin.py:188} INFO - [2026-03-04T07:57:49.267+0000] {override.py:1858} INFO - Created Permission View: can edit on DAG:example_xcom_args_with_operators
[2026-03-04T07:57:49.270+0000] {logging_mixin.py:188} INFO - [2026-03-04T07:57:49.270+0000] {override.py:1858} INFO - Created Permission View: can delete on DAG:example_xcom_args
[2026-03-04T07:57:49.271+0000] {logging_mixin.py:188} INFO - [2026-03-04T07:57:49.271+0000] {override.py:1858} INFO - Created Permission View: can read on DAG:example_xcom_args
[2026-03-04T07:57:49.272+0000] {logging_mixin.py:188} INFO - [2026-03-04T07:57:49.272+0000] {override.py:1858} INFO - Created Permission View: can edit on DAG:example_xcom_args
[2026-03-04T07:57:49.272+0000] {logging_mixin.py:188} INFO - [2026-03-04T07:57:49.272+0000] {dag.py:3089} INFO - Sync 2 DAGs
[2026-03-04T07:57:49.276+0000] {logging_mixin.py:188} INFO - [2026-03-04T07:57:49.276+0000] {dag.py:3111} INFO - Creating ORM DAG for example_xcom_args
[2026-03-04T07:57:49.276+0000] {logging_mixin.py:188} INFO - [2026-03-04T07:57:49.276+0000] {dag.py:3111} INFO - Creating ORM DAG for example_xcom_args_with_operators
[2026-03-04T07:57:49.277+0000] {logging_mixin.py:188} INFO - [2026-03-04T07:57:49.277+0000] {dag.py:3947} INFO - Setting next_dagrun for example_xcom_args to None, run_after=None
[2026-03-04T07:57:49.277+0000] {logging_mixin.py:188} INFO - [2026-03-04T07:57:49.277+0000] {dag.py:3947} INFO - Setting next_dagrun for example_xcom_args_with_operators to None, run_after=None
[2026-03-04T07:57:49.283+0000] {processor.py:183} INFO - Processing /home/airflow/.local/lib/python3.12/site-packages/airflow/example_dags/example_xcomargs.py took 0.068 seconds
[2026-03-04T07:58:20.062+0000] {processor.py:161} INFO - Started process (PID=459) to work on /home/airflow/.local/lib/python3.12/site-packages/airflow/example_dags/example_xcomargs.py
[2026-03-04T07:58:20.062+0000] {processor.py:830} INFO - Processing file /home/airflow/.local/lib/python3.12/site-packages/airflow/example_dags/example_xcomargs.py for tasks to queue
[2026-03-04T07:58:20.063+0000] {logging_mixin.py:188} INFO - [2026-03-04T07:58:20.063+0000] {dagbag.py:545} INFO - Filling up the DagBag from /home/airflow/.local/lib/python3.12/site-packages/airflow/example_dags/example_xcomargs.py
[2026-03-04T07:58:20.066+0000] {processor.py:840} INFO - DAG(s) 'example_xcom_args_with_operators', 'example_xcom_args' retrieved from /home/airflow/.local/lib/python3.12/site-packages/airflow/example_dags/example_xcomargs.py
[2026-03-04T07:58:20.074+0000] {logging_mixin.py:188} INFO - [2026-03-04T07:58:20.074+0000] {dag.py:3089} INFO - Sync 2 DAGs
[2026-03-04T07:58:20.079+0000] {logging_mixin.py:188} INFO - [2026-03-04T07:58:20.079+0000] {dag.py:3947} INFO - Setting next_dagrun for example_xcom_args to None, run_after=None
[2026-03-04T07:58:20.080+0000] {logging_mixin.py:188} INFO - [2026-03-04T07:58:20.080+0000] {dag.py:3947} INFO - Setting next_dagrun for example_xcom_args_with_operators to None, run_after=None
[2026-03-04T07:58:20.086+0000] {processor.py:183} INFO - Processing /home/airflow/.local/lib/python3.12/site-packages/airflow/example_dags/example_xcomargs.py took 0.026 seconds
[2026-03-04T07:58:50.596+0000] {processor.py:161} INFO - Started process (PID=721) to work on /home/airflow/.local/lib/python3.12/site-packages/airflow/example_dags/example_xcomargs.py
[2026-03-04T07:58:50.597+0000] {processor.py:830} INFO - Processing file /home/airflow/.local/lib/python3.12/site-packages/airflow/example_dags/example_xcomargs.py for tasks to queue
[2026-03-04T07:58:50.597+0000] {logging_mixin.py:188} INFO - [2026-03-04T07:58:50.597+0000] {dagbag.py:545} INFO - Filling up the DagBag from /home/airflow/.local/lib/python3.12/site-packages/airflow/example_dags/example_xcomargs.py
[2026-03-04T07:58:50.601+0000] {processor.py:840} INFO - DAG(s) 'example_xcom_args', 'example_xcom_args_with_operators' retrieved from /home/airflow/.local/lib/python3.12/site-packages/airflow/example_dags/example_xcomargs.py
[2026-03-04T07:58:50.609+0000] {logging_mixin.py:188} INFO - [2026-03-04T07:58:50.609+0000] {dag.py:3089} INFO - Sync 2 DAGs
[2026-03-04T07:58:50.613+0000] {logging_mixin.py:188} INFO - [2026-03-04T07:58:50.613+0000] {dag.py:3947} INFO - Setting next_dagrun for example_xcom_args to None, run_after=None
[2026-03-04T07:58:50.614+0000] {logging_mixin.py:188} INFO - [2026-03-04T07:58:50.614+0000] {dag.py:3947} INFO - Setting next_dagrun for example_xcom_args_with_operators to None, run_after=None
[2026-03-04T07:58:50.619+0000] {processor.py:183} INFO - Processing /home/airflow/.local/lib/python3.12/site-packages/airflow/example_dags/example_xcomargs.py took 0.026 seconds
[2026-03-04T07:59:21.142+0000] {processor.py:161} INFO - Started process (PID=983) to work on /home/airflow/.local/lib/python3.12/site-packages/airflow/example_dags/example_xcomargs.py
[2026-03-04T07:59:21.142+0000] {processor.py:830} INFO - Processing file /home/airflow/.local/lib/python3.12/site-packages/airflow/example_dags/example_xcomargs.py for tasks to queue
[2026-03-04T07:59:21.143+0000] {logging_mixin.py:188} INFO - [2026-03-04T07:59:21.143+0000] {dagbag.py:545} INFO - Filling up the DagBag from /home/airflow/.local/lib/python3.12/site-packages/airflow/example_dags/example_xcomargs.py
[2026-03-04T07:59:21.147+0000] {processor.py:840} INFO - DAG(s) 'example_xcom_args_with_operators', 'example_xcom_args' retrieved from /home/airflow/.local/lib/python3.12/site-packages/airflow/example_dags/example_xcomargs.py
[2026-03-04T07:59:21.155+0000] {logging_mixin.py:188} INFO - [2026-03-04T07:59:21.155+0000] {dag.py:3089} INFO - Sync 2 DAGs
[2026-03-04T07:59:21.160+0000] {logging_mixin.py:188} INFO - [2026-03-04T07:59:21.160+0000] {dag.py:3947} INFO - Setting next_dagrun for example_xcom_args to None, run_after=None
[2026-03-04T07:59:21.161+0000] {logging_mixin.py:188} INFO - [2026-03-04T07:59:21.161+0000] {dag.py:3947} INFO - Setting next_dagrun for example_xcom_args_with_operators to None, run_after=None
[2026-03-04T07:59:21.166+0000] {processor.py:183} INFO - Processing /home/airflow/.local/lib/python3.12/site-packages/airflow/example_dags/example_xcomargs.py took 0.027 seconds
[2026-03-04T07:59:51.691+0000] {processor.py:161} INFO - Started process (PID=1245) to work on /home/airflow/.local/lib/python3.12/site-packages/airflow/example_dags/example_xcomargs.py
[2026-03-04T07:59:51.692+0000] {processor.py:830} INFO - Processing file /home/airflow/.local/lib/python3.12/site-packages/airflow/example_dags/example_xcomargs.py for tasks to queue
[2026-03-04T07:59:51.693+0000] {logging_mixin.py:188} INFO - [2026-03-04T07:59:51.693+0000] {dagbag.py:545} INFO - Filling up the DagBag from /home/airflow/.local/lib/python3.12/site-packages/airflow/example_dags/example_xcomargs.py
[2026-03-04T07:59:51.696+0000] {processor.py:840} INFO - DAG(s) 'example_xcom_args', 'example_xcom_args_with_operators' retrieved from /home/airflow/.local/lib/python3.12/site-packages/airflow/example_dags/example_xcomargs.py
[2026-03-04T07:59:51.710+0000] {logging_mixin.py:188} INFO - [2026-03-04T07:59:51.710+0000] {dag.py:3089} INFO - Sync 2 DAGs
[2026-03-04T07:59:51.715+0000] {logging_mixin.py:188} INFO - [2026-03-04T07:59:51.715+0000] {dag.py:3947} INFO - Setting next_dagrun for example_xcom_args to None, run_after=None
[2026-03-04T07:59:51.716+0000] {logging_mixin.py:188} INFO - [2026-03-04T07:59:51.716+0000] {dag.py:3947} INFO - Setting next_dagrun for example_xcom_args_with_operators to None, run_after=None
[2026-03-04T07:59:51.724+0000] {processor.py:183} INFO - Processing /home/airflow/.local/lib/python3.12/site-packages/airflow/example_dags/example_xcomargs.py took 0.035 seconds
[2026-03-04T08:00:22.415+0000] {processor.py:161} INFO - Started process (PID=1507) to work on /home/airflow/.local/lib/python3.12/site-packages/airflow/example_dags/example_xcomargs.py
[2026-03-04T08:00:22.416+0000] {processor.py:830} INFO - Processing file /home/airflow/.local/lib/python3.12/site-packages/airflow/example_dags/example_xcomargs.py for tasks to queue
[2026-03-04T08:00:22.417+0000] {logging_mixin.py:188} INFO - [2026-03-04T08:00:22.417+0000] {dagbag.py:545} INFO - Filling up the DagBag from /home/airflow/.local/lib/python3.12/site-packages/airflow/example_dags/example_xcomargs.py
[2026-03-04T08:00:22.420+0000] {processor.py:840} INFO - DAG(s) 'example_xcom_args', 'example_xcom_args_with_operators' retrieved from /home/airflow/.local/lib/python3.12/site-packages/airflow/example_dags/example_xcomargs.py
[2026-03-04T08:00:22.430+0000] {logging_mixin.py:188} INFO - [2026-03-04T08:00:22.430+0000] {dag.py:3089} INFO - Sync 2 DAGs
[2026-03-04T08:00:22.436+0000] {logging_mixin.py:188} INFO - [2026-03-04T08:00:22.436+0000] {dag.py:3947} INFO - Setting next_dagrun for example_xcom_args to None, run_after=None
[2026-03-04T08:00:22.438+0000] {logging_mixin.py:188} INFO - [2026-03-04T08:00:22.438+0000] {dag.py:3947} INFO - Setting next_dagrun for example_xcom_args_with_operators to None, run_after=None
[2026-03-04T08:00:22.443+0000] {processor.py:183} INFO - Processing /home/airflow/.local/lib/python3.12/site-packages/airflow/example_dags/example_xcomargs.py took 0.033 seconds
[2026-03-04T08:00:53.052+0000] {processor.py:161} INFO - Started process (PID=1769) to work on /home/airflow/.local/lib/python3.12/site-packages/airflow/example_dags/example_xcomargs.py
[2026-03-04T08:00:53.053+0000] {processor.py:830} INFO - Processing file /home/airflow/.local/lib/python3.12/site-packages/airflow/example_dags/example_xcomargs.py for tasks to queue
[2026-03-04T08:00:53.054+0000] {logging_mixin.py:188} INFO - [2026-03-04T08:00:53.053+0000] {dagbag.py:545} INFO - Filling up the DagBag from /home/airflow/.local/lib/python3.12/site-packages/airflow/example_dags/example_xcomargs.py
[2026-03-04T08:00:53.057+0000] {processor.py:840} INFO - DAG(s) 'example_xcom_args', 'example_xcom_args_with_operators' retrieved from /home/airflow/.local/lib/python3.12/site-packages/airflow/example_dags/example_xcomargs.py
[2026-03-04T08:00:53.066+0000] {logging_mixin.py:188} INFO - [2026-03-04T08:00:53.066+0000] {dag.py:3089} INFO - Sync 2 DAGs
[2026-03-04T08:00:53.071+0000] {logging_mixin.py:188} INFO - [2026-03-04T08:00:53.070+0000] {dag.py:3947} INFO - Setting next_dagrun for example_xcom_args to None, run_after=None
[2026-03-04T08:00:53.072+0000] {logging_mixin.py:188} INFO - [2026-03-04T08:00:53.072+0000] {dag.py:3947} INFO - Setting next_dagrun for example_xcom_args_with_operators to None, run_after=None
[2026-03-04T08:00:53.077+0000] {processor.py:183} INFO - Processing /home/airflow/.local/lib/python3.12/site-packages/airflow/example_dags/example_xcomargs.py took 0.027 seconds
[2026-03-04T08:01:23.675+0000] {processor.py:161} INFO - Started process (PID=2031) to work on /home/airflow/.local/lib/python3.12/site-packages/airflow/example_dags/example_xcomargs.py
[2026-03-04T08:01:23.676+0000] {processor.py:830} INFO - Processing file /home/airflow/.local/lib/python3.12/site-packages/airflow/example_dags/example_xcomargs.py for tasks to queue
[2026-03-04T08:01:23.676+0000] {logging_mixin.py:188} INFO - [2026-03-04T08:01:23.676+0000] {dagbag.py:545} INFO - Filling up the DagBag from /home/airflow/.local/lib/python3.12/site-packages/airflow/example_dags/example_xcomargs.py
[2026-03-04T08:01:23.679+0000] {processor.py:840} INFO - DAG(s) 'example_xcom_args', 'example_xcom_args_with_operators' retrieved from /home/airflow/.local/lib/python3.12/site-packages/airflow/example_dags/example_xcomargs.py
[2026-03-04T08:01:23.687+0000] {logging_mixin.py:188} INFO - [2026-03-04T08:01:23.687+0000] {dag.py:3089} INFO - Sync 2 DAGs
[2026-03-04T08:01:23.692+0000] {logging_mixin.py:188} INFO - [2026-03-04T08:01:23.691+0000] {dag.py:3947} INFO - Setting next_dagrun for example_xcom_args to None, run_after=None
[2026-03-04T08:01:23.693+0000] {logging_mixin.py:188} INFO - [2026-03-04T08:01:23.693+0000] {dag.py:3947} INFO - Setting next_dagrun for example_xcom_args_with_operators to None, run_after=None
[2026-03-04T08:01:23.698+0000] {processor.py:183} INFO - Processing /home/airflow/.local/lib/python3.12/site-packages/airflow/example_dags/example_xcomargs.py took 0.025 seconds
[2026-03-04T08:01:54.193+0000] {processor.py:161} INFO - Started process (PID=2293) to work on /home/airflow/.local/lib/python3.12/site-packages/airflow/example_dags/example_xcomargs.py
[2026-03-04T08:01:54.194+0000] {processor.py:830} INFO - Processing file /home/airflow/.local/lib/python3.12/site-packages/airflow/example_dags/example_xcomargs.py for tasks to queue
[2026-03-04T08:01:54.194+0000] {logging_mixin.py:188} INFO - [2026-03-04T08:01:54.194+0000] {dagbag.py:545} INFO - Filling up the DagBag from /home/airflow/.local/lib/python3.12/site-packages/airflow/example_dags/example_xcomargs.py
[2026-03-04T08:01:54.198+0000] {processor.py:840} INFO - DAG(s) 'example_xcom_args_with_operators', 'example_xcom_args' retrieved from /home/airflow/.local/lib/python3.12/site-packages/airflow/example_dags/example_xcomargs.py
[2026-03-04T08:01:54.207+0000] {logging_mixin.py:188} INFO - [2026-03-04T08:01:54.207+0000] {dag.py:3089} INFO - Sync 2 DAGs
[2026-03-04T08:01:54.211+0000] {logging_mixin.py:188} INFO - [2026-03-04T08:01:54.211+0000] {dag.py:3947} INFO - Setting next_dagrun for example_xcom_args to None, run_after=None
[2026-03-04T08:01:54.213+0000] {logging_mixin.py:188} INFO - [2026-03-04T08:01:54.213+0000] {dag.py:3947} INFO - Setting next_dagrun for example_xcom_args_with_operators to None, run_after=None
[2026-03-04T08:01:54.218+0000] {processor.py:183} INFO - Processing /home/airflow/.local/lib/python3.12/site-packages/airflow/example_dags/example_xcomargs.py took 0.029 seconds
[2026-03-04T08:02:24.737+0000] {processor.py:161} INFO - Started process (PID=2555) to work on /home/airflow/.local/lib/python3.12/site-packages/airflow/example_dags/example_xcomargs.py
[2026-03-04T08:02:24.738+0000] {processor.py:830} INFO - Processing file /home/airflow/.local/lib/python3.12/site-packages/airflow/example_dags/example_xcomargs.py for tasks to queue
[2026-03-04T08:02:24.738+0000] {logging_mixin.py:188} INFO - [2026-03-04T08:02:24.738+0000] {dagbag.py:545} INFO - Filling up the DagBag from /home/airflow/.local/lib/python3.12/site-packages/airflow/example_dags/example_xcomargs.py
[2026-03-04T08:02:24.741+0000] {processor.py:840} INFO - DAG(s) 'example_xcom_args', 'example_xcom_args_with_operators' retrieved from /home/airflow/.local/lib/python3.12/site-packages/airflow/example_dags/example_xcomargs.py
[2026-03-04T08:02:24.749+0000] {logging_mixin.py:188} INFO - [2026-03-04T08:02:24.749+0000] {dag.py:3089} INFO - Sync 2 DAGs
[2026-03-04T08:02:24.753+0000] {logging_mixin.py:188} INFO - [2026-03-04T08:02:24.753+0000] {dag.py:3947} INFO - Setting next_dagrun for example_xcom_args to None, run_after=None
[2026-03-04T08:02:24.754+0000] {logging_mixin.py:188} INFO - [2026-03-04T08:02:24.754+0000] {dag.py:3947} INFO - Setting next_dagrun for example_xcom_args_with_operators to None, run_after=None
[2026-03-04T08:02:24.759+0000] {processor.py:183} INFO - Processing /home/airflow/.local/lib/python3.12/site-packages/airflow/example_dags/example_xcomargs.py took 0.024 seconds
[2026-03-04T08:02:55.273+0000] {processor.py:161} INFO - Started process (PID=2817) to work on /home/airflow/.local/lib/python3.12/site-packages/airflow/example_dags/example_xcomargs.py
[2026-03-04T08:02:55.274+0000] {processor.py:830} INFO - Processing file /home/airflow/.local/lib/python3.12/site-packages/airflow/example_dags/example_xcomargs.py for tasks to queue
[2026-03-04T08:02:55.274+0000] {logging_mixin.py:188} INFO - [2026-03-04T08:02:55.274+0000] {dagbag.py:545} INFO - Filling up the DagBag from /home/airflow/.local/lib/python3.12/site-packages/airflow/example_dags/example_xcomargs.py
[2026-03-04T08:02:55.277+0000] {processor.py:840} INFO - DAG(s) 'example_xcom_args_with_operators', 'example_xcom_args' retrieved from /home/airflow/.local/lib/python3.12/site-packages/airflow/example_dags/example_xcomargs.py
[2026-03-04T08:02:55.285+0000] {logging_mixin.py:188} INFO - [2026-03-04T08:02:55.285+0000] {dag.py:3089} INFO - Sync 2 DAGs
[2026-03-04T08:02:55.290+0000] {logging_mixin.py:188} INFO - [2026-03-04T08:02:55.290+0000] {dag.py:3947} INFO - Setting next_dagrun for example_xcom_args to None, run_after=None
[2026-03-04T08:02:55.291+0000] {logging_mixin.py:188} INFO - [2026-03-04T08:02:55.291+0000] {dag.py:3947} INFO - Setting next_dagrun for example_xcom_args_with_operators to None, run_after=None
[2026-03-04T08:02:55.296+0000] {processor.py:183} INFO - Processing /home/airflow/.local/lib/python3.12/site-packages/airflow/example_dags/example_xcomargs.py took 0.025 seconds
[2026-03-04T08:03:25.851+0000] {processor.py:161} INFO - Started process (PID=3079) to work on /home/airflow/.local/lib/python3.12/site-packages/airflow/example_dags/example_xcomargs.py
[2026-03-04T08:03:25.851+0000] {processor.py:830} INFO - Processing file /home/airflow/.local/lib/python3.12/site-packages/airflow/example_dags/example_xcomargs.py for tasks to queue
[2026-03-04T08:03:25.852+0000] {logging_mixin.py:188} INFO - [2026-03-04T08:03:25.852+0000] {dagbag.py:545} INFO - Filling up the DagBag from /home/airflow/.local/lib/python3.12/site-packages/airflow/example_dags/example_xcomargs.py
[2026-03-04T08:03:25.856+0000] {processor.py:840} INFO - DAG(s) 'example_xcom_args_with_operators', 'example_xcom_args' retrieved from /home/airflow/.local/lib/python3.12/site-packages/airflow/example_dags/example_xcomargs.py
[2026-03-04T08:03:25.865+0000] {logging_mixin.py:188} INFO - [2026-03-04T08:03:25.865+0000] {dag.py:3089} INFO - Sync 2 DAGs
[2026-03-04T08:03:25.869+0000] {logging_mixin.py:188} INFO - [2026-03-04T08:03:25.869+0000] {dag.py:3947} INFO - Setting next_dagrun for example_xcom_args to None, run_after=None
[2026-03-04T08:03:25.870+0000] {logging_mixin.py:188} INFO - [2026-03-04T08:03:25.870+0000] {dag.py:3947} INFO - Setting next_dagrun for example_xcom_args_with_operators to None, run_after=None
[2026-03-04T08:03:25.875+0000] {processor.py:183} INFO - Processing /home/airflow/.local/lib/python3.12/site-packages/airflow/example_dags/example_xcomargs.py took 0.027 seconds
[2026-03-04T08:03:56.396+0000] {processor.py:161} INFO - Started process (PID=3341) to work on /home/airflow/.local/lib/python3.12/site-packages/airflow/example_dags/example_xcomargs.py
[2026-03-04T08:03:56.397+0000] {processor.py:830} INFO - Processing file /home/airflow/.local/lib/python3.12/site-packages/airflow/example_dags/example_xcomargs.py for tasks to queue
[2026-03-04T08:03:56.397+0000] {logging_mixin.py:188} INFO - [2026-03-04T08:03:56.397+0000] {dagbag.py:545} INFO - Filling up the DagBag from /home/airflow/.local/lib/python3.12/site-packages/airflow/example_dags/example_xcomargs.py
[2026-03-04T08:03:56.400+0000] {processor.py:840} INFO - DAG(s) 'example_xcom_args', 'example_xcom_args_with_operators' retrieved from /home/airflow/.local/lib/python3.12/site-packages/airflow/example_dags/example_xcomargs.py
[2026-03-04T08:03:56.409+0000] {logging_mixin.py:188} INFO - [2026-03-04T08:03:56.408+0000] {dag.py:3089} INFO - Sync 2 DAGs
[2026-03-04T08:03:56.414+0000] {logging_mixin.py:188} INFO - [2026-03-04T08:03:56.414+0000] {dag.py:3947} INFO - Setting next_dagrun for example_xcom_args to None, run_after=None
[2026-03-04T08:03:56.416+0000] {logging_mixin.py:188} INFO - [2026-03-04T08:03:56.416+0000] {dag.py:3947} INFO - Setting next_dagrun for example_xcom_args_with_operators to None, run_after=None
[2026-03-04T08:03:56.421+0000] {processor.py:183} INFO - Processing /home/airflow/.local/lib/python3.12/site-packages/airflow/example_dags/example_xcomargs.py took 0.027 seconds
[2026-03-04T08:04:26.926+0000] {processor.py:161} INFO - Started process (PID=3603) to work on /home/airflow/.local/lib/python3.12/site-packages/airflow/example_dags/example_xcomargs.py
[2026-03-04T08:04:26.927+0000] {processor.py:830} INFO - Processing file /home/airflow/.local/lib/python3.12/site-packages/airflow/example_dags/example_xcomargs.py for tasks to queue
[2026-03-04T08:04:26.928+0000] {logging_mixin.py:188} INFO - [2026-03-04T08:04:26.927+0000] {dagbag.py:545} INFO - Filling up the DagBag from /home/airflow/.local/lib/python3.12/site-packages/airflow/example_dags/example_xcomargs.py
[2026-03-04T08:04:26.931+0000] {processor.py:840} INFO - DAG(s) 'example_xcom_args_with_operators', 'example_xcom_args' retrieved from /home/airflow/.local/lib/python3.12/site-packages/airflow/example_dags/example_xcomargs.py
[2026-03-04T08:04:26.941+0000] {logging_mixin.py:188} INFO - [2026-03-04T08:04:26.940+0000] {dag.py:3089} INFO - Sync 2 DAGs
[2026-03-04T08:04:26.946+0000] {logging_mixin.py:188} INFO - [2026-03-04T08:04:26.946+0000] {dag.py:3947} INFO - Setting next_dagrun for example_xcom_args to None, run_after=None
[2026-03-04T08:04:26.948+0000] {logging_mixin.py:188} INFO - [2026-03-04T08:04:26.948+0000] {dag.py:3947} INFO - Setting next_dagrun for example_xcom_args_with_operators to None, run_after=None
[2026-03-04T08:04:26.954+0000] {processor.py:183} INFO - Processing /home/airflow/.local/lib/python3.12/site-packages/airflow/example_dags/example_xcomargs.py took 0.030 seconds
[2026-03-04T08:04:57.577+0000] {processor.py:161} INFO - Started process (PID=3865) to work on /home/airflow/.local/lib/python3.12/site-packages/airflow/example_dags/example_xcomargs.py
[2026-03-04T08:04:57.578+0000] {processor.py:830} INFO - Processing file /home/airflow/.local/lib/python3.12/site-packages/airflow/example_dags/example_xcomargs.py for tasks to queue
[2026-03-04T08:04:57.578+0000] {logging_mixin.py:188} INFO - [2026-03-04T08:04:57.578+0000] {dagbag.py:545} INFO - Filling up the DagBag from /home/airflow/.local/lib/python3.12/site-packages/airflow/example_dags/example_xcomargs.py
[2026-03-04T08:04:57.582+0000] {processor.py:840} INFO - DAG(s) 'example_xcom_args', 'example_xcom_args_with_operators' retrieved from /home/airflow/.local/lib/python3.12/site-packages/airflow/example_dags/example_xcomargs.py
[2026-03-04T08:04:57.590+0000] {logging_mixin.py:188} INFO - [2026-03-04T08:04:57.590+0000] {dag.py:3089} INFO - Sync 2 DAGs
[2026-03-04T08:04:57.594+0000] {logging_mixin.py:188} INFO - [2026-03-04T08:04:57.594+0000] {dag.py:3947} INFO - Setting next_dagrun for example_xcom_args to None, run_after=None
[2026-03-04T08:04:57.596+0000] {logging_mixin.py:188} INFO - [2026-03-04T08:04:57.596+0000] {dag.py:3947} INFO - Setting next_dagrun for example_xcom_args_with_operators to None, run_after=None
[2026-03-04T08:04:57.602+0000] {processor.py:183} INFO - Processing /home/airflow/.local/lib/python3.12/site-packages/airflow/example_dags/example_xcomargs.py took 0.028 seconds
[2026-03-04T08:05:28.135+0000] {processor.py:161} INFO - Started process (PID=4127) to work on /home/airflow/.local/lib/python3.12/site-packages/airflow/example_dags/example_xcomargs.py
[2026-03-04T08:05:28.136+0000] {processor.py:830} INFO - Processing file /home/airflow/.local/lib/python3.12/site-packages/airflow/example_dags/example_xcomargs.py for tasks to queue
[2026-03-04T08:05:28.137+0000] {logging_mixin.py:188} INFO - [2026-03-04T08:05:28.137+0000] {dagbag.py:545} INFO - Filling up the DagBag from /home/airflow/.local/lib/python3.12/site-packages/airflow/example_dags/example_xcomargs.py
[2026-03-04T08:05:28.141+0000] {processor.py:840} INFO - DAG(s) 'example_xcom_args_with_operators', 'example_xcom_args' retrieved from /home/airflow/.local/lib/python3.12/site-packages/airflow/example_dags/example_xcomargs.py
[2026-03-04T08:05:28.152+0000] {logging_mixin.py:188} INFO - [2026-03-04T08:05:28.152+0000] {dag.py:3089} INFO - Sync 2 DAGs
[2026-03-04T08:05:28.159+0000] {logging_mixin.py:188} INFO - [2026-03-04T08:05:28.159+0000] {dag.py:3947} INFO - Setting next_dagrun for example_xcom_args to None, run_after=None
[2026-03-04T08:05:28.161+0000] {logging_mixin.py:188} INFO - [2026-03-04T08:05:28.161+0000] {dag.py:3947} INFO - Setting next_dagrun for example_xcom_args_with_operators to None, run_after=None
[2026-03-04T08:05:28.169+0000] {processor.py:183} INFO - Processing /home/airflow/.local/lib/python3.12/site-packages/airflow/example_dags/example_xcomargs.py took 0.037 seconds
[2026-03-04T08:05:58.744+0000] {processor.py:161} INFO - Started process (PID=4389) to work on /home/airflow/.local/lib/python3.12/site-packages/airflow/example_dags/example_xcomargs.py
[2026-03-04T08:05:58.745+0000] {processor.py:830} INFO - Processing file /home/airflow/.local/lib/python3.12/site-packages/airflow/example_dags/example_xcomargs.py for tasks to queue
[2026-03-04T08:05:58.746+0000] {logging_mixin.py:188} INFO - [2026-03-04T08:05:58.746+0000] {dagbag.py:545} INFO - Filling up the DagBag from /home/airflow/.local/lib/python3.12/site-packages/airflow/example_dags/example_xcomargs.py
[2026-03-04T08:05:58.750+0000] {processor.py:840} INFO - DAG(s) 'example_xcom_args', 'example_xcom_args_with_operators' retrieved from /home/airflow/.local/lib/python3.12/site-packages/airflow/example_dags/example_xcomargs.py
[2026-03-04T08:05:58.759+0000] {logging_mixin.py:188} INFO - [2026-03-04T08:05:58.759+0000] {dag.py:3089} INFO - Sync 2 DAGs
[2026-03-04T08:05:58.764+0000] {logging_mixin.py:188} INFO - [2026-03-04T08:05:58.764+0000] {dag.py:3947} INFO - Setting next_dagrun for example_xcom_args to None, run_after=None
[2026-03-04T08:05:58.766+0000] {logging_mixin.py:188} INFO - [2026-03-04T08:05:58.766+0000] {dag.py:3947} INFO - Setting next_dagrun for example_xcom_args_with_operators to None, run_after=None
[2026-03-04T08:05:58.771+0000] {processor.py:183} INFO - Processing /home/airflow/.local/lib/python3.12/site-packages/airflow/example_dags/example_xcomargs.py took 0.029 seconds
[2026-03-04T08:06:29.260+0000] {processor.py:161} INFO - Started process (PID=4651) to work on /home/airflow/.local/lib/python3.12/site-packages/airflow/example_dags/example_xcomargs.py
[2026-03-04T08:06:29.261+0000] {processor.py:830} INFO - Processing file /home/airflow/.local/lib/python3.12/site-packages/airflow/example_dags/example_xcomargs.py for tasks to queue
[2026-03-04T08:06:29.261+0000] {logging_mixin.py:188} INFO - [2026-03-04T08:06:29.261+0000] {dagbag.py:545} INFO - Filling up the DagBag from /home/airflow/.local/lib/python3.12/site-packages/airflow/example_dags/example_xcomargs.py
[2026-03-04T08:06:29.266+0000] {processor.py:840} INFO - DAG(s) 'example_xcom_args_with_operators', 'example_xcom_args' retrieved from /home/airflow/.local/lib/python3.12/site-packages/airflow/example_dags/example_xcomargs.py
[2026-03-04T08:06:29.275+0000] {logging_mixin.py:188} INFO - [2026-03-04T08:06:29.275+0000] {dag.py:3089} INFO - Sync 2 DAGs
[2026-03-04T08:06:29.280+0000] {logging_mixin.py:188} INFO - [2026-03-04T08:06:29.280+0000] {dag.py:3947} INFO - Setting next_dagrun for example_xcom_args to None, run_after=None
[2026-03-04T08:06:29.281+0000] {logging_mixin.py:188} INFO - [2026-03-04T08:06:29.281+0000] {dag.py:3947} INFO - Setting next_dagrun for example_xcom_args_with_operators to None, run_after=None
[2026-03-04T08:06:29.287+0000] {processor.py:183} INFO - Processing /home/airflow/.local/lib/python3.12/site-packages/airflow/example_dags/example_xcomargs.py took 0.029 seconds
[2026-03-04T08:06:59.866+0000] {processor.py:161} INFO - Started process (PID=4913) to work on /home/airflow/.local/lib/python3.12/site-packages/airflow/example_dags/example_xcomargs.py
[2026-03-04T08:06:59.866+0000] {processor.py:830} INFO - Processing file /home/airflow/.local/lib/python3.12/site-packages/airflow/example_dags/example_xcomargs.py for tasks to queue
[2026-03-04T08:06:59.867+0000] {logging_mixin.py:188} INFO - [2026-03-04T08:06:59.867+0000] {dagbag.py:545} INFO - Filling up the DagBag from /home/airflow/.local/lib/python3.12/site-packages/airflow/example_dags/example_xcomargs.py
[2026-03-04T08:06:59.871+0000] {processor.py:840} INFO - DAG(s) 'example_xcom_args', 'example_xcom_args_with_operators' retrieved from /home/airflow/.local/lib/python3.12/site-packages/airflow/example_dags/example_xcomargs.py
[2026-03-04T08:06:59.881+0000] {logging_mixin.py:188} INFO - [2026-03-04T08:06:59.881+0000] {dag.py:3089} INFO - Sync 2 DAGs
[2026-03-04T08:06:59.885+0000] {logging_mixin.py:188} INFO - [2026-03-04T08:06:59.885+0000] {dag.py:3947} INFO - Setting next_dagrun for example_xcom_args to None, run_after=None
[2026-03-04T08:06:59.887+0000] {logging_mixin.py:188} INFO - [2026-03-04T08:06:59.886+0000] {dag.py:3947} INFO - Setting next_dagrun for example_xcom_args_with_operators to None, run_after=None
[2026-03-04T08:06:59.892+0000] {processor.py:183} INFO - Processing /home/airflow/.local/lib/python3.12/site-packages/airflow/example_dags/example_xcomargs.py took 0.030 seconds
[2026-03-04T08:07:30.345+0000] {processor.py:161} INFO - Started process (PID=5175) to work on /home/airflow/.local/lib/python3.12/site-packages/airflow/example_dags/example_xcomargs.py
[2026-03-04T08:07:30.346+0000] {processor.py:830} INFO - Processing file /home/airflow/.local/lib/python3.12/site-packages/airflow/example_dags/example_xcomargs.py for tasks to queue
[2026-03-04T08:07:30.347+0000] {logging_mixin.py:188} INFO - [2026-03-04T08:07:30.347+0000] {dagbag.py:545} INFO - Filling up the DagBag from /home/airflow/.local/lib/python3.12/site-packages/airflow/example_dags/example_xcomargs.py
[2026-03-04T08:07:30.351+0000] {processor.py:840} INFO - DAG(s) 'example_xcom_args_with_operators', 'example_xcom_args' retrieved from /home/airflow/.local/lib/python3.12/site-packages/airflow/example_dags/example_xcomargs.py
[2026-03-04T08:07:30.361+0000] {logging_mixin.py:188} INFO - [2026-03-04T08:07:30.361+0000] {dag.py:3089} INFO - Sync 2 DAGs
[2026-03-04T08:07:30.366+0000] {logging_mixin.py:188} INFO - [2026-03-04T08:07:30.366+0000] {dag.py:3947} INFO - Setting next_dagrun for example_xcom_args to None, run_after=None
[2026-03-04T08:07:30.367+0000] {logging_mixin.py:188} INFO - [2026-03-04T08:07:30.367+0000] {dag.py:3947} INFO - Setting next_dagrun for example_xcom_args_with_operators to None, run_after=None
[2026-03-04T08:07:30.373+0000] {processor.py:183} INFO - Processing /home/airflow/.local/lib/python3.12/site-packages/airflow/example_dags/example_xcomargs.py took 0.030 seconds
[2026-03-04T08:08:00.929+0000] {processor.py:161} INFO - Started process (PID=5437) to work on /home/airflow/.local/lib/python3.12/site-packages/airflow/example_dags/example_xcomargs.py
[2026-03-04T08:08:00.929+0000] {processor.py:830} INFO - Processing file /home/airflow/.local/lib/python3.12/site-packages/airflow/example_dags/example_xcomargs.py for tasks to queue
[2026-03-04T08:08:00.930+0000] {logging_mixin.py:188} INFO - [2026-03-04T08:08:00.930+0000] {dagbag.py:545} INFO - Filling up the DagBag from /home/airflow/.local/lib/python3.12/site-packages/airflow/example_dags/example_xcomargs.py
[2026-03-04T08:08:00.934+0000] {processor.py:840} INFO - DAG(s) 'example_xcom_args', 'example_xcom_args_with_operators' retrieved from /home/airflow/.local/lib/python3.12/site-packages/airflow/example_dags/example_xcomargs.py
[2026-03-04T08:08:00.948+0000] {logging_mixin.py:188} INFO - [2026-03-04T08:08:00.947+0000] {dag.py:3089} INFO - Sync 2 DAGs
[2026-03-04T08:08:00.955+0000] {logging_mixin.py:188} INFO - [2026-03-04T08:08:00.955+0000] {dag.py:3947} INFO - Setting next_dagrun for example_xcom_args to None, run_after=None
[2026-03-04T08:08:00.958+0000] {logging_mixin.py:188} INFO - [2026-03-04T08:08:00.957+0000] {dag.py:3947} INFO - Setting next_dagrun for example_xcom_args_with_operators to None, run_after=None
[2026-03-04T08:08:00.966+0000] {processor.py:183} INFO - Processing /home/airflow/.local/lib/python3.12/site-packages/airflow/example_dags/example_xcomargs.py took 0.040 seconds
[2026-03-04T08:08:31.502+0000] {processor.py:161} INFO - Started process (PID=5699) to work on /home/airflow/.local/lib/python3.12/site-packages/airflow/example_dags/example_xcomargs.py
[2026-03-04T08:08:31.503+0000] {processor.py:830} INFO - Processing file /home/airflow/.local/lib/python3.12/site-packages/airflow/example_dags/example_xcomargs.py for tasks to queue
[2026-03-04T08:08:31.503+0000] {logging_mixin.py:188} INFO - [2026-03-04T08:08:31.503+0000] {dagbag.py:545} INFO - Filling up the DagBag from /home/airflow/.local/lib/python3.12/site-packages/airflow/example_dags/example_xcomargs.py
[2026-03-04T08:08:31.507+0000] {processor.py:840} INFO - DAG(s) 'example_xcom_args', 'example_xcom_args_with_operators' retrieved from /home/airflow/.local/lib/python3.12/site-packages/airflow/example_dags/example_xcomargs.py
[2026-03-04T08:08:31.516+0000] {logging_mixin.py:188} INFO - [2026-03-04T08:08:31.516+0000] {dag.py:3089} INFO - Sync 2 DAGs
[2026-03-04T08:08:31.521+0000] {logging_mixin.py:188} INFO - [2026-03-04T08:08:31.521+0000] {dag.py:3947} INFO - Setting next_dagrun for example_xcom_args to None, run_after=None
[2026-03-04T08:08:31.522+0000] {logging_mixin.py:188} INFO - [2026-03-04T08:08:31.522+0000] {dag.py:3947} INFO - Setting next_dagrun for example_xcom_args_with_operators to None, run_after=None
[2026-03-04T08:08:31.527+0000] {processor.py:183} INFO - Processing /home/airflow/.local/lib/python3.12/site-packages/airflow/example_dags/example_xcomargs.py took 0.028 seconds
[2026-03-04T08:09:02.169+0000] {processor.py:161} INFO - Started process (PID=5961) to work on /home/airflow/.local/lib/python3.12/site-packages/airflow/example_dags/example_xcomargs.py
[2026-03-04T08:09:02.170+0000] {processor.py:830} INFO - Processing file /home/airflow/.local/lib/python3.12/site-packages/airflow/example_dags/example_xcomargs.py for tasks to queue
[2026-03-04T08:09:02.171+0000] {logging_mixin.py:188} INFO - [2026-03-04T08:09:02.171+0000] {dagbag.py:545} INFO - Filling up the DagBag from /home/airflow/.local/lib/python3.12/site-packages/airflow/example_dags/example_xcomargs.py
[2026-03-04T08:09:02.174+0000] {processor.py:840} INFO - DAG(s) 'example_xcom_args_with_operators', 'example_xcom_args' retrieved from /home/airflow/.local/lib/python3.12/site-packages/airflow/example_dags/example_xcomargs.py
[2026-03-04T08:09:02.183+0000] {logging_mixin.py:188} INFO - [2026-03-04T08:09:02.183+0000] {dag.py:3089} INFO - Sync 2 DAGs
[2026-03-04T08:09:02.188+0000] {logging_mixin.py:188} INFO - [2026-03-04T08:09:02.188+0000] {dag.py:3947} INFO - Setting next_dagrun for example_xcom_args to None, run_after=None
[2026-03-04T08:09:02.190+0000] {logging_mixin.py:188} INFO - [2026-03-04T08:09:02.190+0000] {dag.py:3947} INFO - Setting next_dagrun for example_xcom_args_with_operators to None, run_after=None
[2026-03-04T08:09:02.196+0000] {processor.py:183} INFO - Processing /home/airflow/.local/lib/python3.12/site-packages/airflow/example_dags/example_xcomargs.py took 0.029 seconds
[2026-03-04T08:09:32.740+0000] {processor.py:161} INFO - Started process (PID=6223) to work on /home/airflow/.local/lib/python3.12/site-packages/airflow/example_dags/example_xcomargs.py
[2026-03-04T08:09:32.741+0000] {processor.py:830} INFO - Processing file /home/airflow/.local/lib/python3.12/site-packages/airflow/example_dags/example_xcomargs.py for tasks to queue
[2026-03-04T08:09:32.741+0000] {logging_mixin.py:188} INFO - [2026-03-04T08:09:32.741+0000] {dagbag.py:545} INFO - Filling up the DagBag from /home/airflow/.local/lib/python3.12/site-packages/airflow/example_dags/example_xcomargs.py
[2026-03-04T08:09:32.745+0000] {processor.py:840} INFO - DAG(s) 'example_xcom_args', 'example_xcom_args_with_operators' retrieved from /home/airflow/.local/lib/python3.12/site-packages/airflow/example_dags/example_xcomargs.py
[2026-03-04T08:09:32.754+0000] {logging_mixin.py:188} INFO - [2026-03-04T08:09:32.754+0000] {dag.py:3089} INFO - Sync 2 DAGs
[2026-03-04T08:09:32.759+0000] {logging_mixin.py:188} INFO - [2026-03-04T08:09:32.758+0000] {dag.py:3947} INFO - Setting next_dagrun for example_xcom_args to None, run_after=None
[2026-03-04T08:09:32.760+0000] {logging_mixin.py:188} INFO - [2026-03-04T08:09:32.760+0000] {dag.py:3947} INFO - Setting next_dagrun for example_xcom_args_with_operators to None, run_after=None
[2026-03-04T08:09:32.765+0000] {processor.py:183} INFO - Processing /home/airflow/.local/lib/python3.12/site-packages/airflow/example_dags/example_xcomargs.py took 0.027 seconds
[2026-03-04T08:10:03.301+0000] {processor.py:161} INFO - Started process (PID=6485) to work on /home/airflow/.local/lib/python3.12/site-packages/airflow/example_dags/example_xcomargs.py
[2026-03-04T08:10:03.302+0000] {processor.py:830} INFO - Processing file /home/airflow/.local/lib/python3.12/site-packages/airflow/example_dags/example_xcomargs.py for tasks to queue
[2026-03-04T08:10:03.302+0000] {logging_mixin.py:188} INFO - [2026-03-04T08:10:03.302+0000] {dagbag.py:545} INFO - Filling up the DagBag from /home/airflow/.local/lib/python3.12/site-packages/airflow/example_dags/example_xcomargs.py
[2026-03-04T08:10:03.306+0000] {processor.py:840} INFO - DAG(s) 'example_xcom_args', 'example_xcom_args_with_operators' retrieved from /home/airflow/.local/lib/python3.12/site-packages/airflow/example_dags/example_xcomargs.py
[2026-03-04T08:10:03.317+0000] {logging_mixin.py:188} INFO - [2026-03-04T08:10:03.317+0000] {dag.py:3089} INFO - Sync 2 DAGs
[2026-03-04T08:10:03.324+0000] {logging_mixin.py:188} INFO - [2026-03-04T08:10:03.324+0000] {dag.py:3947} INFO - Setting next_dagrun for example_xcom_args to None, run_after=None
[2026-03-04T08:10:03.326+0000] {logging_mixin.py:188} INFO - [2026-03-04T08:10:03.326+0000] {dag.py:3947} INFO - Setting next_dagrun for example_xcom_args_with_operators to None, run_after=None
[2026-03-04T08:10:03.332+0000] {processor.py:183} INFO - Processing /home/airflow/.local/lib/python3.12/site-packages/airflow/example_dags/example_xcomargs.py took 0.037 seconds
[2026-03-04T08:10:33.868+0000] {processor.py:161} INFO - Started process (PID=6750) to work on /home/airflow/.local/lib/python3.12/site-packages/airflow/example_dags/example_xcomargs.py
[2026-03-04T08:10:33.868+0000] {processor.py:830} INFO - Processing file /home/airflow/.local/lib/python3.12/site-packages/airflow/example_dags/example_xcomargs.py for tasks to queue
[2026-03-04T08:10:33.869+0000] {logging_mixin.py:188} INFO - [2026-03-04T08:10:33.869+0000] {dagbag.py:545} INFO - Filling up the DagBag from /home/airflow/.local/lib/python3.12/site-packages/airflow/example_dags/example_xcomargs.py
[2026-03-04T08:10:33.872+0000] {processor.py:840} INFO - DAG(s) 'example_xcom_args_with_operators', 'example_xcom_args' retrieved from /home/airflow/.local/lib/python3.12/site-packages/airflow/example_dags/example_xcomargs.py
[2026-03-04T08:10:33.881+0000] {logging_mixin.py:188} INFO - [2026-03-04T08:10:33.881+0000] {dag.py:3089} INFO - Sync 2 DAGs
[2026-03-04T08:10:33.886+0000] {logging_mixin.py:188} INFO - [2026-03-04T08:10:33.886+0000] {dag.py:3947} INFO - Setting next_dagrun for example_xcom_args to None, run_after=None
[2026-03-04T08:10:33.887+0000] {logging_mixin.py:188} INFO - [2026-03-04T08:10:33.887+0000] {dag.py:3947} INFO - Setting next_dagrun for example_xcom_args_with_operators to None, run_after=None
[2026-03-04T08:10:33.893+0000] {processor.py:183} INFO - Processing /home/airflow/.local/lib/python3.12/site-packages/airflow/example_dags/example_xcomargs.py took 0.028 seconds
[2026-03-04T08:11:04.489+0000] {processor.py:161} INFO - Started process (PID=7012) to work on /home/airflow/.local/lib/python3.12/site-packages/airflow/example_dags/example_xcomargs.py
[2026-03-04T08:11:04.490+0000] {processor.py:830} INFO - Processing file /home/airflow/.local/lib/python3.12/site-packages/airflow/example_dags/example_xcomargs.py for tasks to queue
[2026-03-04T08:11:04.491+0000] {logging_mixin.py:188} INFO - [2026-03-04T08:11:04.491+0000] {dagbag.py:545} INFO - Filling up the DagBag from /home/airflow/.local/lib/python3.12/site-packages/airflow/example_dags/example_xcomargs.py
[2026-03-04T08:11:04.495+0000] {processor.py:840} INFO - DAG(s) 'example_xcom_args', 'example_xcom_args_with_operators' retrieved from /home/airflow/.local/lib/python3.12/site-packages/airflow/example_dags/example_xcomargs.py
[2026-03-04T08:11:04.507+0000] {logging_mixin.py:188} INFO - [2026-03-04T08:11:04.507+0000] {dag.py:3089} INFO - Sync 2 DAGs
[2026-03-04T08:11:04.515+0000] {logging_mixin.py:188} INFO - [2026-03-04T08:11:04.515+0000] {dag.py:3947} INFO - Setting next_dagrun for example_xcom_args to None, run_after=None
[2026-03-04T08:11:04.516+0000] {logging_mixin.py:188} INFO - [2026-03-04T08:11:04.516+0000] {dag.py:3947} INFO - Setting next_dagrun for example_xcom_args_with_operators to None, run_after=None
[2026-03-04T08:11:04.523+0000] {processor.py:183} INFO - Processing /home/airflow/.local/lib/python3.12/site-packages/airflow/example_dags/example_xcomargs.py took 0.037 seconds
[2026-03-04T08:11:35.143+0000] {processor.py:161} INFO - Started process (PID=7274) to work on /home/airflow/.local/lib/python3.12/site-packages/airflow/example_dags/example_xcomargs.py
[2026-03-04T08:11:35.144+0000] {processor.py:830} INFO - Processing file /home/airflow/.local/lib/python3.12/site-packages/airflow/example_dags/example_xcomargs.py for tasks to queue
[2026-03-04T08:11:35.144+0000] {logging_mixin.py:188} INFO - [2026-03-04T08:11:35.144+0000] {dagbag.py:545} INFO - Filling up the DagBag from /home/airflow/.local/lib/python3.12/site-packages/airflow/example_dags/example_xcomargs.py
[2026-03-04T08:11:35.148+0000] {processor.py:840} INFO - DAG(s) 'example_xcom_args', 'example_xcom_args_with_operators' retrieved from /home/airflow/.local/lib/python3.12/site-packages/airflow/example_dags/example_xcomargs.py
[2026-03-04T08:11:35.157+0000] {logging_mixin.py:188} INFO - [2026-03-04T08:11:35.156+0000] {dag.py:3089} INFO - Sync 2 DAGs
[2026-03-04T08:11:35.161+0000] {logging_mixin.py:188} INFO - [2026-03-04T08:11:35.161+0000] {dag.py:3947} INFO - Setting next_dagrun for example_xcom_args to None, run_after=None
[2026-03-04T08:11:35.162+0000] {logging_mixin.py:188} INFO - [2026-03-04T08:11:35.162+0000] {dag.py:3947} INFO - Setting next_dagrun for example_xcom_args_with_operators to None, run_after=None
[2026-03-04T08:11:35.168+0000] {processor.py:183} INFO - Processing /home/airflow/.local/lib/python3.12/site-packages/airflow/example_dags/example_xcomargs.py took 0.028 seconds
[2026-03-04T08:12:05.673+0000] {processor.py:161} INFO - Started process (PID=7536) to work on /home/airflow/.local/lib/python3.12/site-packages/airflow/example_dags/example_xcomargs.py
[2026-03-04T08:12:05.674+0000] {processor.py:830} INFO - Processing file /home/airflow/.local/lib/python3.12/site-packages/airflow/example_dags/example_xcomargs.py for tasks to queue
[2026-03-04T08:12:05.675+0000] {logging_mixin.py:188} INFO - [2026-03-04T08:12:05.674+0000] {dagbag.py:545} INFO - Filling up the DagBag from /home/airflow/.local/lib/python3.12/site-packages/airflow/example_dags/example_xcomargs.py
[2026-03-04T08:12:05.678+0000] {processor.py:840} INFO - DAG(s) 'example_xcom_args_with_operators', 'example_xcom_args' retrieved from /home/airflow/.local/lib/python3.12/site-packages/airflow/example_dags/example_xcomargs.py
[2026-03-04T08:12:05.686+0000] {logging_mixin.py:188} INFO - [2026-03-04T08:12:05.686+0000] {dag.py:3089} INFO - Sync 2 DAGs
[2026-03-04T08:12:05.691+0000] {logging_mixin.py:188} INFO - [2026-03-04T08:12:05.691+0000] {dag.py:3947} INFO - Setting next_dagrun for example_xcom_args to None, run_after=None
[2026-03-04T08:12:05.692+0000] {logging_mixin.py:188} INFO - [2026-03-04T08:12:05.692+0000] {dag.py:3947} INFO - Setting next_dagrun for example_xcom_args_with_operators to None, run_after=None
[2026-03-04T08:12:05.697+0000] {processor.py:183} INFO - Processing /home/airflow/.local/lib/python3.12/site-packages/airflow/example_dags/example_xcomargs.py took 0.026 seconds
[2026-03-04T08:12:36.227+0000] {processor.py:161} INFO - Started process (PID=7798) to work on /home/airflow/.local/lib/python3.12/site-packages/airflow/example_dags/example_xcomargs.py
[2026-03-04T08:12:36.227+0000] {processor.py:830} INFO - Processing file /home/airflow/.local/lib/python3.12/site-packages/airflow/example_dags/example_xcomargs.py for tasks to queue
[2026-03-04T08:12:36.228+0000] {logging_mixin.py:188} INFO - [2026-03-04T08:12:36.228+0000] {dagbag.py:545} INFO - Filling up the DagBag from /home/airflow/.local/lib/python3.12/site-packages/airflow/example_dags/example_xcomargs.py
[2026-03-04T08:12:36.231+0000] {processor.py:840} INFO - DAG(s) 'example_xcom_args', 'example_xcom_args_with_operators' retrieved from /home/airflow/.local/lib/python3.12/site-packages/airflow/example_dags/example_xcomargs.py
[2026-03-04T08:12:36.240+0000] {logging_mixin.py:188} INFO - [2026-03-04T08:12:36.240+0000] {dag.py:3089} INFO - Sync 2 DAGs
[2026-03-04T08:12:36.244+0000] {logging_mixin.py:188} INFO - [2026-03-04T08:12:36.244+0000] {dag.py:3947} INFO - Setting next_dagrun for example_xcom_args to None, run_after=None
[2026-03-04T08:12:36.246+0000] {logging_mixin.py:188} INFO - [2026-03-04T08:12:36.246+0000] {dag.py:3947} INFO - Setting next_dagrun for example_xcom_args_with_operators to None, run_after=None
[2026-03-04T08:12:36.251+0000] {processor.py:183} INFO - Processing /home/airflow/.local/lib/python3.12/site-packages/airflow/example_dags/example_xcomargs.py took 0.027 seconds
[2026-03-04T08:13:06.760+0000] {processor.py:161} INFO - Started process (PID=8060) to work on /home/airflow/.local/lib/python3.12/site-packages/airflow/example_dags/example_xcomargs.py
[2026-03-04T08:13:06.760+0000] {processor.py:830} INFO - Processing file /home/airflow/.local/lib/python3.12/site-packages/airflow/example_dags/example_xcomargs.py for tasks to queue
[2026-03-04T08:13:06.761+0000] {logging_mixin.py:188} INFO - [2026-03-04T08:13:06.761+0000] {dagbag.py:545} INFO - Filling up the DagBag from /home/airflow/.local/lib/python3.12/site-packages/airflow/example_dags/example_xcomargs.py
[2026-03-04T08:13:06.764+0000] {processor.py:840} INFO - DAG(s) 'example_xcom_args_with_operators', 'example_xcom_args' retrieved from /home/airflow/.local/lib/python3.12/site-packages/airflow/example_dags/example_xcomargs.py
[2026-03-04T08:13:06.772+0000] {logging_mixin.py:188} INFO - [2026-03-04T08:13:06.772+0000] {dag.py:3089} INFO - Sync 2 DAGs
[2026-03-04T08:13:06.777+0000] {logging_mixin.py:188} INFO - [2026-03-04T08:13:06.777+0000] {dag.py:3947} INFO - Setting next_dagrun for example_xcom_args to None, run_after=None
[2026-03-04T08:13:06.778+0000] {logging_mixin.py:188} INFO - [2026-03-04T08:13:06.778+0000] {dag.py:3947} INFO - Setting next_dagrun for example_xcom_args_with_operators to None, run_after=None
[2026-03-04T08:13:06.783+0000] {processor.py:183} INFO - Processing /home/airflow/.local/lib/python3.12/site-packages/airflow/example_dags/example_xcomargs.py took 0.026 seconds
[2026-03-04T08:13:37.315+0000] {processor.py:161} INFO - Started process (PID=8322) to work on /home/airflow/.local/lib/python3.12/site-packages/airflow/example_dags/example_xcomargs.py
[2026-03-04T08:13:37.316+0000] {processor.py:830} INFO - Processing file /home/airflow/.local/lib/python3.12/site-packages/airflow/example_dags/example_xcomargs.py for tasks to queue
[2026-03-04T08:13:37.317+0000] {logging_mixin.py:188} INFO - [2026-03-04T08:13:37.317+0000] {dagbag.py:545} INFO - Filling up the DagBag from /home/airflow/.local/lib/python3.12/site-packages/airflow/example_dags/example_xcomargs.py
[2026-03-04T08:13:37.320+0000] {processor.py:840} INFO - DAG(s) 'example_xcom_args', 'example_xcom_args_with_operators' retrieved from /home/airflow/.local/lib/python3.12/site-packages/airflow/example_dags/example_xcomargs.py
[2026-03-04T08:13:37.329+0000] {logging_mixin.py:188} INFO - [2026-03-04T08:13:37.329+0000] {dag.py:3089} INFO - Sync 2 DAGs
[2026-03-04T08:13:37.333+0000] {logging_mixin.py:188} INFO - [2026-03-04T08:13:37.333+0000] {dag.py:3947} INFO - Setting next_dagrun for example_xcom_args to None, run_after=None
[2026-03-04T08:13:37.335+0000] {logging_mixin.py:188} INFO - [2026-03-04T08:13:37.335+0000] {dag.py:3947} INFO - Setting next_dagrun for example_xcom_args_with_operators to None, run_after=None
[2026-03-04T08:13:37.340+0000] {processor.py:183} INFO - Processing /home/airflow/.local/lib/python3.12/site-packages/airflow/example_dags/example_xcomargs.py took 0.027 seconds
[2026-03-04T08:14:07.848+0000] {processor.py:161} INFO - Started process (PID=8584) to work on /home/airflow/.local/lib/python3.12/site-packages/airflow/example_dags/example_xcomargs.py
[2026-03-04T08:14:07.848+0000] {processor.py:830} INFO - Processing file /home/airflow/.local/lib/python3.12/site-packages/airflow/example_dags/example_xcomargs.py for tasks to queue
[2026-03-04T08:14:07.849+0000] {logging_mixin.py:188} INFO - [2026-03-04T08:14:07.849+0000] {dagbag.py:545} INFO - Filling up the DagBag from /home/airflow/.local/lib/python3.12/site-packages/airflow/example_dags/example_xcomargs.py
[2026-03-04T08:14:07.852+0000] {processor.py:840} INFO - DAG(s) 'example_xcom_args_with_operators', 'example_xcom_args' retrieved from /home/airflow/.local/lib/python3.12/site-packages/airflow/example_dags/example_xcomargs.py
[2026-03-04T08:14:07.861+0000] {logging_mixin.py:188} INFO - [2026-03-04T08:14:07.861+0000] {dag.py:3089} INFO - Sync 2 DAGs
[2026-03-04T08:14:07.865+0000] {logging_mixin.py:188} INFO - [2026-03-04T08:14:07.865+0000] {dag.py:3947} INFO - Setting next_dagrun for example_xcom_args to None, run_after=None
[2026-03-04T08:14:07.866+0000] {logging_mixin.py:188} INFO - [2026-03-04T08:14:07.866+0000] {dag.py:3947} INFO - Setting next_dagrun for example_xcom_args_with_operators to None, run_after=None
[2026-03-04T08:14:07.871+0000] {processor.py:183} INFO - Processing /home/airflow/.local/lib/python3.12/site-packages/airflow/example_dags/example_xcomargs.py took 0.026 seconds
[2026-03-04T08:14:38.363+0000] {processor.py:161} INFO - Started process (PID=8846) to work on /home/airflow/.local/lib/python3.12/site-packages/airflow/example_dags/example_xcomargs.py
[2026-03-04T08:14:38.364+0000] {processor.py:830} INFO - Processing file /home/airflow/.local/lib/python3.12/site-packages/airflow/example_dags/example_xcomargs.py for tasks to queue
[2026-03-04T08:14:38.365+0000] {logging_mixin.py:188} INFO - [2026-03-04T08:14:38.365+0000] {dagbag.py:545} INFO - Filling up the DagBag from /home/airflow/.local/lib/python3.12/site-packages/airflow/example_dags/example_xcomargs.py
[2026-03-04T08:14:38.369+0000] {processor.py:840} INFO - DAG(s) 'example_xcom_args', 'example_xcom_args_with_operators' retrieved from /home/airflow/.local/lib/python3.12/site-packages/airflow/example_dags/example_xcomargs.py
[2026-03-04T08:14:38.379+0000] {logging_mixin.py:188} INFO - [2026-03-04T08:14:38.378+0000] {dag.py:3089} INFO - Sync 2 DAGs
[2026-03-04T08:14:38.383+0000] {logging_mixin.py:188} INFO - [2026-03-04T08:14:38.383+0000] {dag.py:3947} INFO - Setting next_dagrun for example_xcom_args to None, run_after=None
[2026-03-04T08:14:38.384+0000] {logging_mixin.py:188} INFO - [2026-03-04T08:14:38.384+0000] {dag.py:3947} INFO - Setting next_dagrun for example_xcom_args_with_operators to None, run_after=None
[2026-03-04T08:14:38.390+0000] {processor.py:183} INFO - Processing /home/airflow/.local/lib/python3.12/site-packages/airflow/example_dags/example_xcomargs.py took 0.029 seconds
[2026-03-04T08:15:08.905+0000] {processor.py:161} INFO - Started process (PID=9112) to work on /home/airflow/.local/lib/python3.12/site-packages/airflow/example_dags/example_xcomargs.py
[2026-03-04T08:15:08.906+0000] {processor.py:830} INFO - Processing file /home/airflow/.local/lib/python3.12/site-packages/airflow/example_dags/example_xcomargs.py for tasks to queue
[2026-03-04T08:15:08.907+0000] {logging_mixin.py:188} INFO - [2026-03-04T08:15:08.906+0000] {dagbag.py:545} INFO - Filling up the DagBag from /home/airflow/.local/lib/python3.12/site-packages/airflow/example_dags/example_xcomargs.py
[2026-03-04T08:15:08.910+0000] {processor.py:840} INFO - DAG(s) 'example_xcom_args_with_operators', 'example_xcom_args' retrieved from /home/airflow/.local/lib/python3.12/site-packages/airflow/example_dags/example_xcomargs.py
[2026-03-04T08:15:08.919+0000] {logging_mixin.py:188} INFO - [2026-03-04T08:15:08.919+0000] {dag.py:3089} INFO - Sync 2 DAGs
[2026-03-04T08:15:08.924+0000] {logging_mixin.py:188} INFO - [2026-03-04T08:15:08.924+0000] {dag.py:3947} INFO - Setting next_dagrun for example_xcom_args to None, run_after=None
[2026-03-04T08:15:08.925+0000] {logging_mixin.py:188} INFO - [2026-03-04T08:15:08.925+0000] {dag.py:3947} INFO - Setting next_dagrun for example_xcom_args_with_operators to None, run_after=None
[2026-03-04T08:15:08.931+0000] {processor.py:183} INFO - Processing /home/airflow/.local/lib/python3.12/site-packages/airflow/example_dags/example_xcomargs.py took 0.028 seconds
[2026-03-04T08:15:39.449+0000] {processor.py:161} INFO - Started process (PID=9378) to work on /home/airflow/.local/lib/python3.12/site-packages/airflow/example_dags/example_xcomargs.py
[2026-03-04T08:15:39.450+0000] {processor.py:830} INFO - Processing file /home/airflow/.local/lib/python3.12/site-packages/airflow/example_dags/example_xcomargs.py for tasks to queue
[2026-03-04T08:15:39.451+0000] {logging_mixin.py:188} INFO - [2026-03-04T08:15:39.450+0000] {dagbag.py:545} INFO - Filling up the DagBag from /home/airflow/.local/lib/python3.12/site-packages/airflow/example_dags/example_xcomargs.py
[2026-03-04T08:15:39.454+0000] {processor.py:840} INFO - DAG(s) 'example_xcom_args_with_operators', 'example_xcom_args' retrieved from /home/airflow/.local/lib/python3.12/site-packages/airflow/example_dags/example_xcomargs.py
[2026-03-04T08:15:39.464+0000] {logging_mixin.py:188} INFO - [2026-03-04T08:15:39.464+0000] {dag.py:3089} INFO - Sync 2 DAGs
[2026-03-04T08:15:39.469+0000] {logging_mixin.py:188} INFO - [2026-03-04T08:15:39.469+0000] {dag.py:3947} INFO - Setting next_dagrun for example_xcom_args to None, run_after=None
[2026-03-04T08:15:39.470+0000] {logging_mixin.py:188} INFO - [2026-03-04T08:15:39.470+0000] {dag.py:3947} INFO - Setting next_dagrun for example_xcom_args_with_operators to None, run_after=None
[2026-03-04T08:15:39.476+0000] {processor.py:183} INFO - Processing /home/airflow/.local/lib/python3.12/site-packages/airflow/example_dags/example_xcomargs.py took 0.029 seconds
[2026-03-04T08:16:10.101+0000] {processor.py:161} INFO - Started process (PID=9640) to work on /home/airflow/.local/lib/python3.12/site-packages/airflow/example_dags/example_xcomargs.py
[2026-03-04T08:16:10.101+0000] {processor.py:830} INFO - Processing file /home/airflow/.local/lib/python3.12/site-packages/airflow/example_dags/example_xcomargs.py for tasks to queue
[2026-03-04T08:16:10.102+0000] {logging_mixin.py:188} INFO - [2026-03-04T08:16:10.102+0000] {dagbag.py:545} INFO - Filling up the DagBag from /home/airflow/.local/lib/python3.12/site-packages/airflow/example_dags/example_xcomargs.py
[2026-03-04T08:16:10.105+0000] {processor.py:840} INFO - DAG(s) 'example_xcom_args', 'example_xcom_args_with_operators' retrieved from /home/airflow/.local/lib/python3.12/site-packages/airflow/example_dags/example_xcomargs.py
[2026-03-04T08:16:10.114+0000] {logging_mixin.py:188} INFO - [2026-03-04T08:16:10.114+0000] {dag.py:3089} INFO - Sync 2 DAGs
[2026-03-04T08:16:10.118+0000] {logging_mixin.py:188} INFO - [2026-03-04T08:16:10.118+0000] {dag.py:3947} INFO - Setting next_dagrun for example_xcom_args to None, run_after=None
[2026-03-04T08:16:10.120+0000] {logging_mixin.py:188} INFO - [2026-03-04T08:16:10.120+0000] {dag.py:3947} INFO - Setting next_dagrun for example_xcom_args_with_operators to None, run_after=None
[2026-03-04T08:16:10.125+0000] {processor.py:183} INFO - Processing /home/airflow/.local/lib/python3.12/site-packages/airflow/example_dags/example_xcomargs.py took 0.027 seconds
[2026-03-04T08:16:40.724+0000] {processor.py:161} INFO - Started process (PID=9902) to work on /home/airflow/.local/lib/python3.12/site-packages/airflow/example_dags/example_xcomargs.py
[2026-03-04T08:16:40.725+0000] {processor.py:830} INFO - Processing file /home/airflow/.local/lib/python3.12/site-packages/airflow/example_dags/example_xcomargs.py for tasks to queue
[2026-03-04T08:16:40.726+0000] {logging_mixin.py:188} INFO - [2026-03-04T08:16:40.725+0000] {dagbag.py:545} INFO - Filling up the DagBag from /home/airflow/.local/lib/python3.12/site-packages/airflow/example_dags/example_xcomargs.py
[2026-03-04T08:16:40.729+0000] {processor.py:840} INFO - DAG(s) 'example_xcom_args', 'example_xcom_args_with_operators' retrieved from /home/airflow/.local/lib/python3.12/site-packages/airflow/example_dags/example_xcomargs.py
[2026-03-04T08:16:40.739+0000] {logging_mixin.py:188} INFO - [2026-03-04T08:16:40.739+0000] {dag.py:3089} INFO - Sync 2 DAGs
[2026-03-04T08:16:40.744+0000] {logging_mixin.py:188} INFO - [2026-03-04T08:16:40.744+0000] {dag.py:3947} INFO - Setting next_dagrun for example_xcom_args to None, run_after=None
[2026-03-04T08:16:40.746+0000] {logging_mixin.py:188} INFO - [2026-03-04T08:16:40.746+0000] {dag.py:3947} INFO - Setting next_dagrun for example_xcom_args_with_operators to None, run_after=None
[2026-03-04T08:16:40.751+0000] {processor.py:183} INFO - Processing /home/airflow/.local/lib/python3.12/site-packages/airflow/example_dags/example_xcomargs.py took 0.030 seconds
[2026-03-04T08:17:11.431+0000] {processor.py:161} INFO - Started process (PID=10164) to work on /home/airflow/.local/lib/python3.12/site-packages/airflow/example_dags/example_xcomargs.py
[2026-03-04T08:17:11.432+0000] {processor.py:830} INFO - Processing file /home/airflow/.local/lib/python3.12/site-packages/airflow/example_dags/example_xcomargs.py for tasks to queue
[2026-03-04T08:17:11.432+0000] {logging_mixin.py:188} INFO - [2026-03-04T08:17:11.432+0000] {dagbag.py:545} INFO - Filling up the DagBag from /home/airflow/.local/lib/python3.12/site-packages/airflow/example_dags/example_xcomargs.py
[2026-03-04T08:17:11.435+0000] {processor.py:840} INFO - DAG(s) 'example_xcom_args', 'example_xcom_args_with_operators' retrieved from /home/airflow/.local/lib/python3.12/site-packages/airflow/example_dags/example_xcomargs.py
[2026-03-04T08:17:11.444+0000] {logging_mixin.py:188} INFO - [2026-03-04T08:17:11.444+0000] {dag.py:3089} INFO - Sync 2 DAGs
[2026-03-04T08:17:11.449+0000] {logging_mixin.py:188} INFO - [2026-03-04T08:17:11.449+0000] {dag.py:3947} INFO - Setting next_dagrun for example_xcom_args to None, run_after=None
[2026-03-04T08:17:11.452+0000] {logging_mixin.py:188} INFO - [2026-03-04T08:17:11.452+0000] {dag.py:3947} INFO - Setting next_dagrun for example_xcom_args_with_operators to None, run_after=None
[2026-03-04T08:17:11.464+0000] {processor.py:183} INFO - Processing /home/airflow/.local/lib/python3.12/site-packages/airflow/example_dags/example_xcomargs.py took 0.035 seconds
[2026-03-04T08:17:42.363+0000] {processor.py:161} INFO - Started process (PID=10426) to work on /home/airflow/.local/lib/python3.12/site-packages/airflow/example_dags/example_xcomargs.py
[2026-03-04T08:17:42.363+0000] {processor.py:830} INFO - Processing file /home/airflow/.local/lib/python3.12/site-packages/airflow/example_dags/example_xcomargs.py for tasks to queue
[2026-03-04T08:17:42.364+0000] {logging_mixin.py:188} INFO - [2026-03-04T08:17:42.364+0000] {dagbag.py:545} INFO - Filling up the DagBag from /home/airflow/.local/lib/python3.12/site-packages/airflow/example_dags/example_xcomargs.py
[2026-03-04T08:17:42.367+0000] {processor.py:840} INFO - DAG(s) 'example_xcom_args', 'example_xcom_args_with_operators' retrieved from /home/airflow/.local/lib/python3.12/site-packages/airflow/example_dags/example_xcomargs.py
[2026-03-04T08:17:42.376+0000] {logging_mixin.py:188} INFO - [2026-03-04T08:17:42.376+0000] {dag.py:3089} INFO - Sync 2 DAGs
[2026-03-04T08:17:42.381+0000] {logging_mixin.py:188} INFO - [2026-03-04T08:17:42.381+0000] {dag.py:3947} INFO - Setting next_dagrun for example_xcom_args to None, run_after=None
[2026-03-04T08:17:42.382+0000] {logging_mixin.py:188} INFO - [2026-03-04T08:17:42.382+0000] {dag.py:3947} INFO - Setting next_dagrun for example_xcom_args_with_operators to None, run_after=None
[2026-03-04T08:17:42.387+0000] {processor.py:183} INFO - Processing /home/airflow/.local/lib/python3.12/site-packages/airflow/example_dags/example_xcomargs.py took 0.027 seconds
[2026-03-04T08:18:12.420+0000] {processor.py:161} INFO - Started process (PID=10682) to work on /home/airflow/.local/lib/python3.12/site-packages/airflow/example_dags/example_xcomargs.py
[2026-03-04T08:18:12.421+0000] {processor.py:830} INFO - Processing file /home/airflow/.local/lib/python3.12/site-packages/airflow/example_dags/example_xcomargs.py for tasks to queue
[2026-03-04T08:18:12.421+0000] {logging_mixin.py:188} INFO - [2026-03-04T08:18:12.421+0000] {dagbag.py:545} INFO - Filling up the DagBag from /home/airflow/.local/lib/python3.12/site-packages/airflow/example_dags/example_xcomargs.py
[2026-03-04T08:18:12.424+0000] {processor.py:840} INFO - DAG(s) 'example_xcom_args_with_operators', 'example_xcom_args' retrieved from /home/airflow/.local/lib/python3.12/site-packages/airflow/example_dags/example_xcomargs.py
[2026-03-04T08:18:12.432+0000] {logging_mixin.py:188} INFO - [2026-03-04T08:18:12.432+0000] {dag.py:3089} INFO - Sync 2 DAGs
[2026-03-04T08:18:12.436+0000] {logging_mixin.py:188} INFO - [2026-03-04T08:18:12.436+0000] {dag.py:3947} INFO - Setting next_dagrun for example_xcom_args to None, run_after=None
[2026-03-04T08:18:12.438+0000] {logging_mixin.py:188} INFO - [2026-03-04T08:18:12.437+0000] {dag.py:3947} INFO - Setting next_dagrun for example_xcom_args_with_operators to None, run_after=None
[2026-03-04T08:18:12.443+0000] {processor.py:183} INFO - Processing /home/airflow/.local/lib/python3.12/site-packages/airflow/example_dags/example_xcomargs.py took 0.025 seconds
[2026-03-04T08:18:43.263+0000] {processor.py:161} INFO - Started process (PID=10950) to work on /home/airflow/.local/lib/python3.12/site-packages/airflow/example_dags/example_xcomargs.py
[2026-03-04T08:18:43.264+0000] {processor.py:830} INFO - Processing file /home/airflow/.local/lib/python3.12/site-packages/airflow/example_dags/example_xcomargs.py for tasks to queue
[2026-03-04T08:18:43.265+0000] {logging_mixin.py:188} INFO - [2026-03-04T08:18:43.264+0000] {dagbag.py:545} INFO - Filling up the DagBag from /home/airflow/.local/lib/python3.12/site-packages/airflow/example_dags/example_xcomargs.py
[2026-03-04T08:18:43.267+0000] {processor.py:840} INFO - DAG(s) 'example_xcom_args_with_operators', 'example_xcom_args' retrieved from /home/airflow/.local/lib/python3.12/site-packages/airflow/example_dags/example_xcomargs.py
[2026-03-04T08:18:43.275+0000] {logging_mixin.py:188} INFO - [2026-03-04T08:18:43.275+0000] {dag.py:3089} INFO - Sync 2 DAGs
[2026-03-04T08:18:43.280+0000] {logging_mixin.py:188} INFO - [2026-03-04T08:18:43.279+0000] {dag.py:3947} INFO - Setting next_dagrun for example_xcom_args to None, run_after=None
[2026-03-04T08:18:43.281+0000] {logging_mixin.py:188} INFO - [2026-03-04T08:18:43.281+0000] {dag.py:3947} INFO - Setting next_dagrun for example_xcom_args_with_operators to None, run_after=None
[2026-03-04T08:18:43.286+0000] {processor.py:183} INFO - Processing /home/airflow/.local/lib/python3.12/site-packages/airflow/example_dags/example_xcomargs.py took 0.024 seconds
[2026-03-04T08:19:13.823+0000] {processor.py:161} INFO - Started process (PID=11212) to work on /home/airflow/.local/lib/python3.12/site-packages/airflow/example_dags/example_xcomargs.py
[2026-03-04T08:19:13.824+0000] {processor.py:830} INFO - Processing file /home/airflow/.local/lib/python3.12/site-packages/airflow/example_dags/example_xcomargs.py for tasks to queue
[2026-03-04T08:19:13.825+0000] {logging_mixin.py:188} INFO - [2026-03-04T08:19:13.825+0000] {dagbag.py:545} INFO - Filling up the DagBag from /home/airflow/.local/lib/python3.12/site-packages/airflow/example_dags/example_xcomargs.py
[2026-03-04T08:19:13.828+0000] {processor.py:840} INFO - DAG(s) 'example_xcom_args_with_operators', 'example_xcom_args' retrieved from /home/airflow/.local/lib/python3.12/site-packages/airflow/example_dags/example_xcomargs.py
[2026-03-04T08:19:13.837+0000] {logging_mixin.py:188} INFO - [2026-03-04T08:19:13.837+0000] {dag.py:3089} INFO - Sync 2 DAGs
[2026-03-04T08:19:13.842+0000] {logging_mixin.py:188} INFO - [2026-03-04T08:19:13.842+0000] {dag.py:3947} INFO - Setting next_dagrun for example_xcom_args to None, run_after=None
[2026-03-04T08:19:13.844+0000] {logging_mixin.py:188} INFO - [2026-03-04T08:19:13.844+0000] {dag.py:3947} INFO - Setting next_dagrun for example_xcom_args_with_operators to None, run_after=None
[2026-03-04T08:19:13.849+0000] {processor.py:183} INFO - Processing /home/airflow/.local/lib/python3.12/site-packages/airflow/example_dags/example_xcomargs.py took 0.029 seconds
[2026-03-04T08:19:44.462+0000] {processor.py:161} INFO - Started process (PID=11474) to work on /home/airflow/.local/lib/python3.12/site-packages/airflow/example_dags/example_xcomargs.py
[2026-03-04T08:19:44.462+0000] {processor.py:830} INFO - Processing file /home/airflow/.local/lib/python3.12/site-packages/airflow/example_dags/example_xcomargs.py for tasks to queue
[2026-03-04T08:19:44.463+0000] {logging_mixin.py:188} INFO - [2026-03-04T08:19:44.463+0000] {dagbag.py:545} INFO - Filling up the DagBag from /home/airflow/.local/lib/python3.12/site-packages/airflow/example_dags/example_xcomargs.py
[2026-03-04T08:19:44.466+0000] {processor.py:840} INFO - DAG(s) 'example_xcom_args', 'example_xcom_args_with_operators' retrieved from /home/airflow/.local/lib/python3.12/site-packages/airflow/example_dags/example_xcomargs.py
[2026-03-04T08:19:44.474+0000] {logging_mixin.py:188} INFO - [2026-03-04T08:19:44.474+0000] {dag.py:3089} INFO - Sync 2 DAGs
[2026-03-04T08:19:44.478+0000] {logging_mixin.py:188} INFO - [2026-03-04T08:19:44.478+0000] {dag.py:3947} INFO - Setting next_dagrun for example_xcom_args to None, run_after=None
[2026-03-04T08:19:44.480+0000] {logging_mixin.py:188} INFO - [2026-03-04T08:19:44.479+0000] {dag.py:3947} INFO - Setting next_dagrun for example_xcom_args_with_operators to None, run_after=None
[2026-03-04T08:19:44.484+0000] {processor.py:183} INFO - Processing /home/airflow/.local/lib/python3.12/site-packages/airflow/example_dags/example_xcomargs.py took 0.025 seconds
[2026-03-04T08:20:15.004+0000] {processor.py:161} INFO - Started process (PID=11736) to work on /home/airflow/.local/lib/python3.12/site-packages/airflow/example_dags/example_xcomargs.py
[2026-03-04T08:20:15.005+0000] {processor.py:830} INFO - Processing file /home/airflow/.local/lib/python3.12/site-packages/airflow/example_dags/example_xcomargs.py for tasks to queue
[2026-03-04T08:20:15.005+0000] {logging_mixin.py:188} INFO - [2026-03-04T08:20:15.005+0000] {dagbag.py:545} INFO - Filling up the DagBag from /home/airflow/.local/lib/python3.12/site-packages/airflow/example_dags/example_xcomargs.py
[2026-03-04T08:20:15.008+0000] {processor.py:840} INFO - DAG(s) 'example_xcom_args_with_operators', 'example_xcom_args' retrieved from /home/airflow/.local/lib/python3.12/site-packages/airflow/example_dags/example_xcomargs.py
[2026-03-04T08:20:15.016+0000] {logging_mixin.py:188} INFO - [2026-03-04T08:20:15.016+0000] {dag.py:3089} INFO - Sync 2 DAGs
[2026-03-04T08:20:15.020+0000] {logging_mixin.py:188} INFO - [2026-03-04T08:20:15.020+0000] {dag.py:3947} INFO - Setting next_dagrun for example_xcom_args to None, run_after=None
[2026-03-04T08:20:15.021+0000] {logging_mixin.py:188} INFO - [2026-03-04T08:20:15.021+0000] {dag.py:3947} INFO - Setting next_dagrun for example_xcom_args_with_operators to None, run_after=None
[2026-03-04T08:20:15.026+0000] {processor.py:183} INFO - Processing /home/airflow/.local/lib/python3.12/site-packages/airflow/example_dags/example_xcomargs.py took 0.024 seconds
[2026-03-04T08:37:20.594+0000] {processor.py:161} INFO - Started process (PID=11998) to work on /home/airflow/.local/lib/python3.12/site-packages/airflow/example_dags/example_xcomargs.py
[2026-03-04T08:37:20.595+0000] {processor.py:830} INFO - Processing file /home/airflow/.local/lib/python3.12/site-packages/airflow/example_dags/example_xcomargs.py for tasks to queue
[2026-03-04T08:37:20.595+0000] {logging_mixin.py:188} INFO - [2026-03-04T08:37:20.595+0000] {dagbag.py:545} INFO - Filling up the DagBag from /home/airflow/.local/lib/python3.12/site-packages/airflow/example_dags/example_xcomargs.py
[2026-03-04T08:37:20.599+0000] {processor.py:840} INFO - DAG(s) 'example_xcom_args_with_operators', 'example_xcom_args' retrieved from /home/airflow/.local/lib/python3.12/site-packages/airflow/example_dags/example_xcomargs.py
[2026-03-04T08:37:20.607+0000] {logging_mixin.py:188} INFO - [2026-03-04T08:37:20.607+0000] {dag.py:3089} INFO - Sync 2 DAGs
[2026-03-04T08:37:20.611+0000] {logging_mixin.py:188} INFO - [2026-03-04T08:37:20.611+0000] {dag.py:3947} INFO - Setting next_dagrun for example_xcom_args to None, run_after=None
[2026-03-04T08:37:20.613+0000] {logging_mixin.py:188} INFO - [2026-03-04T08:37:20.612+0000] {dag.py:3947} INFO - Setting next_dagrun for example_xcom_args_with_operators to None, run_after=None
[2026-03-04T08:37:20.618+0000] {processor.py:183} INFO - Processing /home/airflow/.local/lib/python3.12/site-packages/airflow/example_dags/example_xcomargs.py took 0.025 seconds
[2026-03-04T08:46:11.042+0000] {processor.py:161} INFO - Started process (PID=12260) to work on /home/airflow/.local/lib/python3.12/site-packages/airflow/example_dags/example_xcomargs.py
[2026-03-04T08:46:11.043+0000] {processor.py:830} INFO - Processing file /home/airflow/.local/lib/python3.12/site-packages/airflow/example_dags/example_xcomargs.py for tasks to queue
[2026-03-04T08:46:11.043+0000] {logging_mixin.py:188} INFO - [2026-03-04T08:46:11.043+0000] {dagbag.py:545} INFO - Filling up the DagBag from /home/airflow/.local/lib/python3.12/site-packages/airflow/example_dags/example_xcomargs.py
[2026-03-04T08:46:11.047+0000] {processor.py:840} INFO - DAG(s) 'example_xcom_args_with_operators', 'example_xcom_args' retrieved from /home/airflow/.local/lib/python3.12/site-packages/airflow/example_dags/example_xcomargs.py
[2026-03-04T08:46:11.057+0000] {logging_mixin.py:188} INFO - [2026-03-04T08:46:11.057+0000] {dag.py:3089} INFO - Sync 2 DAGs
[2026-03-04T08:46:11.062+0000] {logging_mixin.py:188} INFO - [2026-03-04T08:46:11.061+0000] {dag.py:3947} INFO - Setting next_dagrun for example_xcom_args to None, run_after=None
[2026-03-04T08:46:11.063+0000] {logging_mixin.py:188} INFO - [2026-03-04T08:46:11.063+0000] {dag.py:3947} INFO - Setting next_dagrun for example_xcom_args_with_operators to None, run_after=None
[2026-03-04T08:46:11.069+0000] {processor.py:183} INFO - Processing /home/airflow/.local/lib/python3.12/site-packages/airflow/example_dags/example_xcomargs.py took 0.029 seconds
[2026-03-04T08:46:41.664+0000] {processor.py:161} INFO - Started process (PID=12522) to work on /home/airflow/.local/lib/python3.12/site-packages/airflow/example_dags/example_xcomargs.py
[2026-03-04T08:46:41.664+0000] {processor.py:830} INFO - Processing file /home/airflow/.local/lib/python3.12/site-packages/airflow/example_dags/example_xcomargs.py for tasks to queue
[2026-03-04T08:46:41.665+0000] {logging_mixin.py:188} INFO - [2026-03-04T08:46:41.665+0000] {dagbag.py:545} INFO - Filling up the DagBag from /home/airflow/.local/lib/python3.12/site-packages/airflow/example_dags/example_xcomargs.py
[2026-03-04T08:46:41.668+0000] {processor.py:840} INFO - DAG(s) 'example_xcom_args_with_operators', 'example_xcom_args' retrieved from /home/airflow/.local/lib/python3.12/site-packages/airflow/example_dags/example_xcomargs.py
[2026-03-04T08:46:41.676+0000] {logging_mixin.py:188} INFO - [2026-03-04T08:46:41.676+0000] {dag.py:3089} INFO - Sync 2 DAGs
[2026-03-04T08:46:41.681+0000] {logging_mixin.py:188} INFO - [2026-03-04T08:46:41.681+0000] {dag.py:3947} INFO - Setting next_dagrun for example_xcom_args to None, run_after=None
[2026-03-04T08:46:41.682+0000] {logging_mixin.py:188} INFO - [2026-03-04T08:46:41.682+0000] {dag.py:3947} INFO - Setting next_dagrun for example_xcom_args_with_operators to None, run_after=None
[2026-03-04T08:46:41.687+0000] {processor.py:183} INFO - Processing /home/airflow/.local/lib/python3.12/site-packages/airflow/example_dags/example_xcomargs.py took 0.026 seconds
[2026-03-04T08:47:12.229+0000] {processor.py:161} INFO - Started process (PID=12784) to work on /home/airflow/.local/lib/python3.12/site-packages/airflow/example_dags/example_xcomargs.py
[2026-03-04T08:47:12.230+0000] {processor.py:830} INFO - Processing file /home/airflow/.local/lib/python3.12/site-packages/airflow/example_dags/example_xcomargs.py for tasks to queue
[2026-03-04T08:47:12.231+0000] {logging_mixin.py:188} INFO - [2026-03-04T08:47:12.231+0000] {dagbag.py:545} INFO - Filling up the DagBag from /home/airflow/.local/lib/python3.12/site-packages/airflow/example_dags/example_xcomargs.py
[2026-03-04T08:47:12.234+0000] {processor.py:840} INFO - DAG(s) 'example_xcom_args', 'example_xcom_args_with_operators' retrieved from /home/airflow/.local/lib/python3.12/site-packages/airflow/example_dags/example_xcomargs.py
[2026-03-04T08:47:12.245+0000] {logging_mixin.py:188} INFO - [2026-03-04T08:47:12.245+0000] {dag.py:3089} INFO - Sync 2 DAGs
[2026-03-04T08:47:12.250+0000] {logging_mixin.py:188} INFO - [2026-03-04T08:47:12.250+0000] {dag.py:3947} INFO - Setting next_dagrun for example_xcom_args to None, run_after=None
[2026-03-04T08:47:12.251+0000] {logging_mixin.py:188} INFO - [2026-03-04T08:47:12.251+0000] {dag.py:3947} INFO - Setting next_dagrun for example_xcom_args_with_operators to None, run_after=None
[2026-03-04T08:47:12.256+0000] {processor.py:183} INFO - Processing /home/airflow/.local/lib/python3.12/site-packages/airflow/example_dags/example_xcomargs.py took 0.031 seconds
[2026-03-04T08:47:42.721+0000] {processor.py:161} INFO - Started process (PID=13046) to work on /home/airflow/.local/lib/python3.12/site-packages/airflow/example_dags/example_xcomargs.py
[2026-03-04T08:47:42.722+0000] {processor.py:830} INFO - Processing file /home/airflow/.local/lib/python3.12/site-packages/airflow/example_dags/example_xcomargs.py for tasks to queue
[2026-03-04T08:47:42.723+0000] {logging_mixin.py:188} INFO - [2026-03-04T08:47:42.723+0000] {dagbag.py:545} INFO - Filling up the DagBag from /home/airflow/.local/lib/python3.12/site-packages/airflow/example_dags/example_xcomargs.py
[2026-03-04T08:47:42.726+0000] {processor.py:840} INFO - DAG(s) 'example_xcom_args_with_operators', 'example_xcom_args' retrieved from /home/airflow/.local/lib/python3.12/site-packages/airflow/example_dags/example_xcomargs.py
[2026-03-04T08:47:42.735+0000] {logging_mixin.py:188} INFO - [2026-03-04T08:47:42.735+0000] {dag.py:3089} INFO - Sync 2 DAGs
[2026-03-04T08:47:42.740+0000] {logging_mixin.py:188} INFO - [2026-03-04T08:47:42.740+0000] {dag.py:3947} INFO - Setting next_dagrun for example_xcom_args to None, run_after=None
[2026-03-04T08:47:42.741+0000] {logging_mixin.py:188} INFO - [2026-03-04T08:47:42.741+0000] {dag.py:3947} INFO - Setting next_dagrun for example_xcom_args_with_operators to None, run_after=None
[2026-03-04T08:47:42.746+0000] {processor.py:183} INFO - Processing /home/airflow/.local/lib/python3.12/site-packages/airflow/example_dags/example_xcomargs.py took 0.028 seconds
[2026-03-04T08:48:13.253+0000] {processor.py:161} INFO - Started process (PID=13308) to work on /home/airflow/.local/lib/python3.12/site-packages/airflow/example_dags/example_xcomargs.py
[2026-03-04T08:48:13.254+0000] {processor.py:830} INFO - Processing file /home/airflow/.local/lib/python3.12/site-packages/airflow/example_dags/example_xcomargs.py for tasks to queue
[2026-03-04T08:48:13.255+0000] {logging_mixin.py:188} INFO - [2026-03-04T08:48:13.255+0000] {dagbag.py:545} INFO - Filling up the DagBag from /home/airflow/.local/lib/python3.12/site-packages/airflow/example_dags/example_xcomargs.py
[2026-03-04T08:48:13.258+0000] {processor.py:840} INFO - DAG(s) 'example_xcom_args_with_operators', 'example_xcom_args' retrieved from /home/airflow/.local/lib/python3.12/site-packages/airflow/example_dags/example_xcomargs.py
[2026-03-04T08:48:13.267+0000] {logging_mixin.py:188} INFO - [2026-03-04T08:48:13.267+0000] {dag.py:3089} INFO - Sync 2 DAGs
[2026-03-04T08:48:13.271+0000] {logging_mixin.py:188} INFO - [2026-03-04T08:48:13.271+0000] {dag.py:3947} INFO - Setting next_dagrun for example_xcom_args to None, run_after=None
[2026-03-04T08:48:13.272+0000] {logging_mixin.py:188} INFO - [2026-03-04T08:48:13.272+0000] {dag.py:3947} INFO - Setting next_dagrun for example_xcom_args_with_operators to None, run_after=None
[2026-03-04T08:48:13.277+0000] {processor.py:183} INFO - Processing /home/airflow/.local/lib/python3.12/site-packages/airflow/example_dags/example_xcomargs.py took 0.027 seconds
[2026-03-04T08:48:43.798+0000] {processor.py:161} INFO - Started process (PID=13570) to work on /home/airflow/.local/lib/python3.12/site-packages/airflow/example_dags/example_xcomargs.py
[2026-03-04T08:48:43.799+0000] {processor.py:830} INFO - Processing file /home/airflow/.local/lib/python3.12/site-packages/airflow/example_dags/example_xcomargs.py for tasks to queue
[2026-03-04T08:48:43.799+0000] {logging_mixin.py:188} INFO - [2026-03-04T08:48:43.799+0000] {dagbag.py:545} INFO - Filling up the DagBag from /home/airflow/.local/lib/python3.12/site-packages/airflow/example_dags/example_xcomargs.py
[2026-03-04T08:48:43.803+0000] {processor.py:840} INFO - DAG(s) 'example_xcom_args', 'example_xcom_args_with_operators' retrieved from /home/airflow/.local/lib/python3.12/site-packages/airflow/example_dags/example_xcomargs.py
[2026-03-04T08:48:43.810+0000] {logging_mixin.py:188} INFO - [2026-03-04T08:48:43.810+0000] {dag.py:3089} INFO - Sync 2 DAGs
[2026-03-04T08:48:43.815+0000] {logging_mixin.py:188} INFO - [2026-03-04T08:48:43.815+0000] {dag.py:3947} INFO - Setting next_dagrun for example_xcom_args to None, run_after=None
[2026-03-04T08:48:43.816+0000] {logging_mixin.py:188} INFO - [2026-03-04T08:48:43.816+0000] {dag.py:3947} INFO - Setting next_dagrun for example_xcom_args_with_operators to None, run_after=None
[2026-03-04T08:48:43.820+0000] {processor.py:183} INFO - Processing /home/airflow/.local/lib/python3.12/site-packages/airflow/example_dags/example_xcomargs.py took 0.025 seconds
[2026-03-04T08:49:14.442+0000] {processor.py:161} INFO - Started process (PID=13832) to work on /home/airflow/.local/lib/python3.12/site-packages/airflow/example_dags/example_xcomargs.py
[2026-03-04T08:49:14.442+0000] {processor.py:830} INFO - Processing file /home/airflow/.local/lib/python3.12/site-packages/airflow/example_dags/example_xcomargs.py for tasks to queue
[2026-03-04T08:49:14.443+0000] {logging_mixin.py:188} INFO - [2026-03-04T08:49:14.443+0000] {dagbag.py:545} INFO - Filling up the DagBag from /home/airflow/.local/lib/python3.12/site-packages/airflow/example_dags/example_xcomargs.py
[2026-03-04T08:49:14.446+0000] {processor.py:840} INFO - DAG(s) 'example_xcom_args', 'example_xcom_args_with_operators' retrieved from /home/airflow/.local/lib/python3.12/site-packages/airflow/example_dags/example_xcomargs.py
[2026-03-04T08:49:14.454+0000] {logging_mixin.py:188} INFO - [2026-03-04T08:49:14.454+0000] {dag.py:3089} INFO - Sync 2 DAGs
[2026-03-04T08:49:14.458+0000] {logging_mixin.py:188} INFO - [2026-03-04T08:49:14.458+0000] {dag.py:3947} INFO - Setting next_dagrun for example_xcom_args to None, run_after=None
[2026-03-04T08:49:14.459+0000] {logging_mixin.py:188} INFO - [2026-03-04T08:49:14.459+0000] {dag.py:3947} INFO - Setting next_dagrun for example_xcom_args_with_operators to None, run_after=None
[2026-03-04T08:49:14.464+0000] {processor.py:183} INFO - Processing /home/airflow/.local/lib/python3.12/site-packages/airflow/example_dags/example_xcomargs.py took 0.025 seconds
[2026-03-04T08:49:44.937+0000] {processor.py:161} INFO - Started process (PID=14094) to work on /home/airflow/.local/lib/python3.12/site-packages/airflow/example_dags/example_xcomargs.py
[2026-03-04T08:49:44.938+0000] {processor.py:830} INFO - Processing file /home/airflow/.local/lib/python3.12/site-packages/airflow/example_dags/example_xcomargs.py for tasks to queue
[2026-03-04T08:49:44.938+0000] {logging_mixin.py:188} INFO - [2026-03-04T08:49:44.938+0000] {dagbag.py:545} INFO - Filling up the DagBag from /home/airflow/.local/lib/python3.12/site-packages/airflow/example_dags/example_xcomargs.py
[2026-03-04T08:49:44.942+0000] {processor.py:840} INFO - DAG(s) 'example_xcom_args', 'example_xcom_args_with_operators' retrieved from /home/airflow/.local/lib/python3.12/site-packages/airflow/example_dags/example_xcomargs.py
[2026-03-04T08:49:44.951+0000] {logging_mixin.py:188} INFO - [2026-03-04T08:49:44.951+0000] {dag.py:3089} INFO - Sync 2 DAGs
[2026-03-04T08:49:44.955+0000] {logging_mixin.py:188} INFO - [2026-03-04T08:49:44.955+0000] {dag.py:3947} INFO - Setting next_dagrun for example_xcom_args to None, run_after=None
[2026-03-04T08:49:44.957+0000] {logging_mixin.py:188} INFO - [2026-03-04T08:49:44.957+0000] {dag.py:3947} INFO - Setting next_dagrun for example_xcom_args_with_operators to None, run_after=None
[2026-03-04T08:49:44.962+0000] {processor.py:183} INFO - Processing /home/airflow/.local/lib/python3.12/site-packages/airflow/example_dags/example_xcomargs.py took 0.027 seconds
[2026-03-04T08:50:15.501+0000] {processor.py:161} INFO - Started process (PID=14356) to work on /home/airflow/.local/lib/python3.12/site-packages/airflow/example_dags/example_xcomargs.py
[2026-03-04T08:50:15.502+0000] {processor.py:830} INFO - Processing file /home/airflow/.local/lib/python3.12/site-packages/airflow/example_dags/example_xcomargs.py for tasks to queue
[2026-03-04T08:50:15.503+0000] {logging_mixin.py:188} INFO - [2026-03-04T08:50:15.502+0000] {dagbag.py:545} INFO - Filling up the DagBag from /home/airflow/.local/lib/python3.12/site-packages/airflow/example_dags/example_xcomargs.py
[2026-03-04T08:50:15.506+0000] {processor.py:840} INFO - DAG(s) 'example_xcom_args', 'example_xcom_args_with_operators' retrieved from /home/airflow/.local/lib/python3.12/site-packages/airflow/example_dags/example_xcomargs.py
[2026-03-04T08:50:15.513+0000] {logging_mixin.py:188} INFO - [2026-03-04T08:50:15.513+0000] {dag.py:3089} INFO - Sync 2 DAGs
[2026-03-04T08:50:15.517+0000] {logging_mixin.py:188} INFO - [2026-03-04T08:50:15.517+0000] {dag.py:3947} INFO - Setting next_dagrun for example_xcom_args to None, run_after=None
[2026-03-04T08:50:15.519+0000] {logging_mixin.py:188} INFO - [2026-03-04T08:50:15.518+0000] {dag.py:3947} INFO - Setting next_dagrun for example_xcom_args_with_operators to None, run_after=None
[2026-03-04T08:50:15.523+0000] {processor.py:183} INFO - Processing /home/airflow/.local/lib/python3.12/site-packages/airflow/example_dags/example_xcomargs.py took 0.024 seconds
[2026-03-04T08:50:46.045+0000] {processor.py:161} INFO - Started process (PID=14618) to work on /home/airflow/.local/lib/python3.12/site-packages/airflow/example_dags/example_xcomargs.py
[2026-03-04T08:50:46.046+0000] {processor.py:830} INFO - Processing file /home/airflow/.local/lib/python3.12/site-packages/airflow/example_dags/example_xcomargs.py for tasks to queue
[2026-03-04T08:50:46.047+0000] {logging_mixin.py:188} INFO - [2026-03-04T08:50:46.046+0000] {dagbag.py:545} INFO - Filling up the DagBag from /home/airflow/.local/lib/python3.12/site-packages/airflow/example_dags/example_xcomargs.py
[2026-03-04T08:50:46.050+0000] {processor.py:840} INFO - DAG(s) 'example_xcom_args', 'example_xcom_args_with_operators' retrieved from /home/airflow/.local/lib/python3.12/site-packages/airflow/example_dags/example_xcomargs.py
[2026-03-04T08:50:46.059+0000] {logging_mixin.py:188} INFO - [2026-03-04T08:50:46.059+0000] {dag.py:3089} INFO - Sync 2 DAGs
[2026-03-04T08:50:46.064+0000] {logging_mixin.py:188} INFO - [2026-03-04T08:50:46.064+0000] {dag.py:3947} INFO - Setting next_dagrun for example_xcom_args to None, run_after=None
[2026-03-04T08:50:46.066+0000] {logging_mixin.py:188} INFO - [2026-03-04T08:50:46.065+0000] {dag.py:3947} INFO - Setting next_dagrun for example_xcom_args_with_operators to None, run_after=None
[2026-03-04T08:50:46.071+0000] {processor.py:183} INFO - Processing /home/airflow/.local/lib/python3.12/site-packages/airflow/example_dags/example_xcomargs.py took 0.028 seconds
