[2026-03-04T07:57:49.981+0000] {processor.py:161} INFO - Started process (PID=262) to work on /home/airflow/.local/lib/python3.12/site-packages/airflow/example_dags/example_short_circuit_operator.py
[2026-03-04T07:57:49.981+0000] {processor.py:830} INFO - Processing file /home/airflow/.local/lib/python3.12/site-packages/airflow/example_dags/example_short_circuit_operator.py for tasks to queue
[2026-03-04T07:57:49.982+0000] {logging_mixin.py:188} INFO - [2026-03-04T07:57:49.982+0000] {dagbag.py:545} INFO - Filling up the DagBag from /home/airflow/.local/lib/python3.12/site-packages/airflow/example_dags/example_short_circuit_operator.py
[2026-03-04T07:57:49.986+0000] {processor.py:840} INFO - DAG(s) 'example_short_circuit_operator' retrieved from /home/airflow/.local/lib/python3.12/site-packages/airflow/example_dags/example_short_circuit_operator.py
[2026-03-04T07:57:50.027+0000] {logging_mixin.py:188} INFO - [2026-03-04T07:57:50.027+0000] {override.py:1858} INFO - Created Permission View: can delete on DAG:example_short_circuit_operator
[2026-03-04T07:57:50.030+0000] {logging_mixin.py:188} INFO - [2026-03-04T07:57:50.030+0000] {override.py:1858} INFO - Created Permission View: can read on DAG:example_short_circuit_operator
[2026-03-04T07:57:50.032+0000] {logging_mixin.py:188} INFO - [2026-03-04T07:57:50.032+0000] {override.py:1858} INFO - Created Permission View: can edit on DAG:example_short_circuit_operator
[2026-03-04T07:57:50.032+0000] {logging_mixin.py:188} INFO - [2026-03-04T07:57:50.032+0000] {dag.py:3089} INFO - Sync 1 DAGs
[2026-03-04T07:57:50.036+0000] {logging_mixin.py:188} INFO - [2026-03-04T07:57:50.036+0000] {dag.py:3111} INFO - Creating ORM DAG for example_short_circuit_operator
[2026-03-04T07:57:50.043+0000] {logging_mixin.py:188} INFO - [2026-03-04T07:57:50.043+0000] {dag.py:3947} INFO - Setting next_dagrun for example_short_circuit_operator to 2026-03-03 00:00:00+00:00, run_after=2026-03-04 00:00:00+00:00
[2026-03-04T07:57:50.053+0000] {processor.py:183} INFO - Processing /home/airflow/.local/lib/python3.12/site-packages/airflow/example_dags/example_short_circuit_operator.py took 0.075 seconds
[2026-03-04T07:58:20.407+0000] {processor.py:161} INFO - Started process (PID=524) to work on /home/airflow/.local/lib/python3.12/site-packages/airflow/example_dags/example_short_circuit_operator.py
[2026-03-04T07:58:20.410+0000] {processor.py:830} INFO - Processing file /home/airflow/.local/lib/python3.12/site-packages/airflow/example_dags/example_short_circuit_operator.py for tasks to queue
[2026-03-04T07:58:20.411+0000] {logging_mixin.py:188} INFO - [2026-03-04T07:58:20.411+0000] {dagbag.py:545} INFO - Filling up the DagBag from /home/airflow/.local/lib/python3.12/site-packages/airflow/example_dags/example_short_circuit_operator.py
[2026-03-04T07:58:20.413+0000] {processor.py:840} INFO - DAG(s) 'example_short_circuit_operator' retrieved from /home/airflow/.local/lib/python3.12/site-packages/airflow/example_dags/example_short_circuit_operator.py
[2026-03-04T07:58:20.425+0000] {logging_mixin.py:188} INFO - [2026-03-04T07:58:20.424+0000] {dag.py:3089} INFO - Sync 1 DAGs
[2026-03-04T07:58:20.434+0000] {logging_mixin.py:188} INFO - [2026-03-04T07:58:20.434+0000] {dag.py:3947} INFO - Setting next_dagrun for example_short_circuit_operator to 2026-03-03 00:00:00+00:00, run_after=2026-03-04 00:00:00+00:00
[2026-03-04T07:58:20.441+0000] {processor.py:183} INFO - Processing /home/airflow/.local/lib/python3.12/site-packages/airflow/example_dags/example_short_circuit_operator.py took 0.037 seconds
[2026-03-04T07:58:50.928+0000] {processor.py:161} INFO - Started process (PID=786) to work on /home/airflow/.local/lib/python3.12/site-packages/airflow/example_dags/example_short_circuit_operator.py
[2026-03-04T07:58:50.929+0000] {processor.py:830} INFO - Processing file /home/airflow/.local/lib/python3.12/site-packages/airflow/example_dags/example_short_circuit_operator.py for tasks to queue
[2026-03-04T07:58:50.929+0000] {logging_mixin.py:188} INFO - [2026-03-04T07:58:50.929+0000] {dagbag.py:545} INFO - Filling up the DagBag from /home/airflow/.local/lib/python3.12/site-packages/airflow/example_dags/example_short_circuit_operator.py
[2026-03-04T07:58:50.932+0000] {processor.py:840} INFO - DAG(s) 'example_short_circuit_operator' retrieved from /home/airflow/.local/lib/python3.12/site-packages/airflow/example_dags/example_short_circuit_operator.py
[2026-03-04T07:58:50.940+0000] {logging_mixin.py:188} INFO - [2026-03-04T07:58:50.940+0000] {dag.py:3089} INFO - Sync 1 DAGs
[2026-03-04T07:58:50.948+0000] {logging_mixin.py:188} INFO - [2026-03-04T07:58:50.948+0000] {dag.py:3947} INFO - Setting next_dagrun for example_short_circuit_operator to 2026-03-03 00:00:00+00:00, run_after=2026-03-04 00:00:00+00:00
[2026-03-04T07:58:50.957+0000] {processor.py:183} INFO - Processing /home/airflow/.local/lib/python3.12/site-packages/airflow/example_dags/example_short_circuit_operator.py took 0.030 seconds
[2026-03-04T07:59:21.465+0000] {processor.py:161} INFO - Started process (PID=1048) to work on /home/airflow/.local/lib/python3.12/site-packages/airflow/example_dags/example_short_circuit_operator.py
[2026-03-04T07:59:21.465+0000] {processor.py:830} INFO - Processing file /home/airflow/.local/lib/python3.12/site-packages/airflow/example_dags/example_short_circuit_operator.py for tasks to queue
[2026-03-04T07:59:21.466+0000] {logging_mixin.py:188} INFO - [2026-03-04T07:59:21.466+0000] {dagbag.py:545} INFO - Filling up the DagBag from /home/airflow/.local/lib/python3.12/site-packages/airflow/example_dags/example_short_circuit_operator.py
[2026-03-04T07:59:21.469+0000] {processor.py:840} INFO - DAG(s) 'example_short_circuit_operator' retrieved from /home/airflow/.local/lib/python3.12/site-packages/airflow/example_dags/example_short_circuit_operator.py
[2026-03-04T07:59:21.477+0000] {logging_mixin.py:188} INFO - [2026-03-04T07:59:21.476+0000] {dag.py:3089} INFO - Sync 1 DAGs
[2026-03-04T07:59:21.484+0000] {logging_mixin.py:188} INFO - [2026-03-04T07:59:21.484+0000] {dag.py:3947} INFO - Setting next_dagrun for example_short_circuit_operator to 2026-03-03 00:00:00+00:00, run_after=2026-03-04 00:00:00+00:00
[2026-03-04T07:59:21.490+0000] {processor.py:183} INFO - Processing /home/airflow/.local/lib/python3.12/site-packages/airflow/example_dags/example_short_circuit_operator.py took 0.027 seconds
[2026-03-04T07:59:52.121+0000] {processor.py:161} INFO - Started process (PID=1310) to work on /home/airflow/.local/lib/python3.12/site-packages/airflow/example_dags/example_short_circuit_operator.py
[2026-03-04T07:59:52.121+0000] {processor.py:830} INFO - Processing file /home/airflow/.local/lib/python3.12/site-packages/airflow/example_dags/example_short_circuit_operator.py for tasks to queue
[2026-03-04T07:59:52.123+0000] {logging_mixin.py:188} INFO - [2026-03-04T07:59:52.123+0000] {dagbag.py:545} INFO - Filling up the DagBag from /home/airflow/.local/lib/python3.12/site-packages/airflow/example_dags/example_short_circuit_operator.py
[2026-03-04T07:59:52.126+0000] {processor.py:840} INFO - DAG(s) 'example_short_circuit_operator' retrieved from /home/airflow/.local/lib/python3.12/site-packages/airflow/example_dags/example_short_circuit_operator.py
[2026-03-04T07:59:52.140+0000] {logging_mixin.py:188} INFO - [2026-03-04T07:59:52.140+0000] {dag.py:3089} INFO - Sync 1 DAGs
[2026-03-04T07:59:52.152+0000] {logging_mixin.py:188} INFO - [2026-03-04T07:59:52.152+0000] {dag.py:3947} INFO - Setting next_dagrun for example_short_circuit_operator to 2026-03-03 00:00:00+00:00, run_after=2026-03-04 00:00:00+00:00
[2026-03-04T07:59:52.160+0000] {processor.py:183} INFO - Processing /home/airflow/.local/lib/python3.12/site-packages/airflow/example_dags/example_short_circuit_operator.py took 0.042 seconds
[2026-03-04T08:00:22.801+0000] {processor.py:161} INFO - Started process (PID=1572) to work on /home/airflow/.local/lib/python3.12/site-packages/airflow/example_dags/example_short_circuit_operator.py
[2026-03-04T08:00:22.801+0000] {processor.py:830} INFO - Processing file /home/airflow/.local/lib/python3.12/site-packages/airflow/example_dags/example_short_circuit_operator.py for tasks to queue
[2026-03-04T08:00:22.802+0000] {logging_mixin.py:188} INFO - [2026-03-04T08:00:22.802+0000] {dagbag.py:545} INFO - Filling up the DagBag from /home/airflow/.local/lib/python3.12/site-packages/airflow/example_dags/example_short_circuit_operator.py
[2026-03-04T08:00:22.805+0000] {processor.py:840} INFO - DAG(s) 'example_short_circuit_operator' retrieved from /home/airflow/.local/lib/python3.12/site-packages/airflow/example_dags/example_short_circuit_operator.py
[2026-03-04T08:00:22.814+0000] {logging_mixin.py:188} INFO - [2026-03-04T08:00:22.814+0000] {dag.py:3089} INFO - Sync 1 DAGs
[2026-03-04T08:00:22.822+0000] {logging_mixin.py:188} INFO - [2026-03-04T08:00:22.821+0000] {dag.py:3947} INFO - Setting next_dagrun for example_short_circuit_operator to 2026-03-03 00:00:00+00:00, run_after=2026-03-04 00:00:00+00:00
[2026-03-04T08:00:22.832+0000] {processor.py:183} INFO - Processing /home/airflow/.local/lib/python3.12/site-packages/airflow/example_dags/example_short_circuit_operator.py took 0.034 seconds
[2026-03-04T08:00:53.387+0000] {processor.py:161} INFO - Started process (PID=1834) to work on /home/airflow/.local/lib/python3.12/site-packages/airflow/example_dags/example_short_circuit_operator.py
[2026-03-04T08:00:53.389+0000] {processor.py:830} INFO - Processing file /home/airflow/.local/lib/python3.12/site-packages/airflow/example_dags/example_short_circuit_operator.py for tasks to queue
[2026-03-04T08:00:53.390+0000] {logging_mixin.py:188} INFO - [2026-03-04T08:00:53.390+0000] {dagbag.py:545} INFO - Filling up the DagBag from /home/airflow/.local/lib/python3.12/site-packages/airflow/example_dags/example_short_circuit_operator.py
[2026-03-04T08:00:53.392+0000] {processor.py:840} INFO - DAG(s) 'example_short_circuit_operator' retrieved from /home/airflow/.local/lib/python3.12/site-packages/airflow/example_dags/example_short_circuit_operator.py
[2026-03-04T08:00:53.402+0000] {logging_mixin.py:188} INFO - [2026-03-04T08:00:53.402+0000] {dag.py:3089} INFO - Sync 1 DAGs
[2026-03-04T08:00:53.410+0000] {logging_mixin.py:188} INFO - [2026-03-04T08:00:53.410+0000] {dag.py:3947} INFO - Setting next_dagrun for example_short_circuit_operator to 2026-03-03 00:00:00+00:00, run_after=2026-03-04 00:00:00+00:00
[2026-03-04T08:00:53.418+0000] {processor.py:183} INFO - Processing /home/airflow/.local/lib/python3.12/site-packages/airflow/example_dags/example_short_circuit_operator.py took 0.033 seconds
[2026-03-04T08:01:24.005+0000] {processor.py:161} INFO - Started process (PID=2096) to work on /home/airflow/.local/lib/python3.12/site-packages/airflow/example_dags/example_short_circuit_operator.py
[2026-03-04T08:01:24.006+0000] {processor.py:830} INFO - Processing file /home/airflow/.local/lib/python3.12/site-packages/airflow/example_dags/example_short_circuit_operator.py for tasks to queue
[2026-03-04T08:01:24.007+0000] {logging_mixin.py:188} INFO - [2026-03-04T08:01:24.007+0000] {dagbag.py:545} INFO - Filling up the DagBag from /home/airflow/.local/lib/python3.12/site-packages/airflow/example_dags/example_short_circuit_operator.py
[2026-03-04T08:01:24.010+0000] {processor.py:840} INFO - DAG(s) 'example_short_circuit_operator' retrieved from /home/airflow/.local/lib/python3.12/site-packages/airflow/example_dags/example_short_circuit_operator.py
[2026-03-04T08:01:24.022+0000] {logging_mixin.py:188} INFO - [2026-03-04T08:01:24.022+0000] {dag.py:3089} INFO - Sync 1 DAGs
[2026-03-04T08:01:24.032+0000] {logging_mixin.py:188} INFO - [2026-03-04T08:01:24.032+0000] {dag.py:3947} INFO - Setting next_dagrun for example_short_circuit_operator to 2026-03-03 00:00:00+00:00, run_after=2026-03-04 00:00:00+00:00
[2026-03-04T08:01:24.042+0000] {processor.py:183} INFO - Processing /home/airflow/.local/lib/python3.12/site-packages/airflow/example_dags/example_short_circuit_operator.py took 0.040 seconds
[2026-03-04T08:01:54.564+0000] {processor.py:161} INFO - Started process (PID=2358) to work on /home/airflow/.local/lib/python3.12/site-packages/airflow/example_dags/example_short_circuit_operator.py
[2026-03-04T08:01:54.565+0000] {processor.py:830} INFO - Processing file /home/airflow/.local/lib/python3.12/site-packages/airflow/example_dags/example_short_circuit_operator.py for tasks to queue
[2026-03-04T08:01:54.568+0000] {logging_mixin.py:188} INFO - [2026-03-04T08:01:54.568+0000] {dagbag.py:545} INFO - Filling up the DagBag from /home/airflow/.local/lib/python3.12/site-packages/airflow/example_dags/example_short_circuit_operator.py
[2026-03-04T08:01:54.570+0000] {processor.py:840} INFO - DAG(s) 'example_short_circuit_operator' retrieved from /home/airflow/.local/lib/python3.12/site-packages/airflow/example_dags/example_short_circuit_operator.py
[2026-03-04T08:01:54.578+0000] {logging_mixin.py:188} INFO - [2026-03-04T08:01:54.578+0000] {dag.py:3089} INFO - Sync 1 DAGs
[2026-03-04T08:01:54.586+0000] {logging_mixin.py:188} INFO - [2026-03-04T08:01:54.586+0000] {dag.py:3947} INFO - Setting next_dagrun for example_short_circuit_operator to 2026-03-03 00:00:00+00:00, run_after=2026-03-04 00:00:00+00:00
[2026-03-04T08:01:54.594+0000] {processor.py:183} INFO - Processing /home/airflow/.local/lib/python3.12/site-packages/airflow/example_dags/example_short_circuit_operator.py took 0.031 seconds
[2026-03-04T08:02:25.107+0000] {processor.py:161} INFO - Started process (PID=2622) to work on /home/airflow/.local/lib/python3.12/site-packages/airflow/example_dags/example_short_circuit_operator.py
[2026-03-04T08:02:25.107+0000] {processor.py:830} INFO - Processing file /home/airflow/.local/lib/python3.12/site-packages/airflow/example_dags/example_short_circuit_operator.py for tasks to queue
[2026-03-04T08:02:25.108+0000] {logging_mixin.py:188} INFO - [2026-03-04T08:02:25.108+0000] {dagbag.py:545} INFO - Filling up the DagBag from /home/airflow/.local/lib/python3.12/site-packages/airflow/example_dags/example_short_circuit_operator.py
[2026-03-04T08:02:25.111+0000] {processor.py:840} INFO - DAG(s) 'example_short_circuit_operator' retrieved from /home/airflow/.local/lib/python3.12/site-packages/airflow/example_dags/example_short_circuit_operator.py
[2026-03-04T08:02:25.122+0000] {logging_mixin.py:188} INFO - [2026-03-04T08:02:25.122+0000] {dag.py:3089} INFO - Sync 1 DAGs
[2026-03-04T08:02:25.133+0000] {logging_mixin.py:188} INFO - [2026-03-04T08:02:25.133+0000] {dag.py:3947} INFO - Setting next_dagrun for example_short_circuit_operator to 2026-03-03 00:00:00+00:00, run_after=2026-03-04 00:00:00+00:00
[2026-03-04T08:02:25.142+0000] {processor.py:183} INFO - Processing /home/airflow/.local/lib/python3.12/site-packages/airflow/example_dags/example_short_circuit_operator.py took 0.037 seconds
[2026-03-04T08:02:55.606+0000] {processor.py:161} INFO - Started process (PID=2887) to work on /home/airflow/.local/lib/python3.12/site-packages/airflow/example_dags/example_short_circuit_operator.py
[2026-03-04T08:02:55.606+0000] {processor.py:830} INFO - Processing file /home/airflow/.local/lib/python3.12/site-packages/airflow/example_dags/example_short_circuit_operator.py for tasks to queue
[2026-03-04T08:02:55.608+0000] {logging_mixin.py:188} INFO - [2026-03-04T08:02:55.608+0000] {dagbag.py:545} INFO - Filling up the DagBag from /home/airflow/.local/lib/python3.12/site-packages/airflow/example_dags/example_short_circuit_operator.py
[2026-03-04T08:02:55.613+0000] {processor.py:840} INFO - DAG(s) 'example_short_circuit_operator' retrieved from /home/airflow/.local/lib/python3.12/site-packages/airflow/example_dags/example_short_circuit_operator.py
[2026-03-04T08:02:55.624+0000] {logging_mixin.py:188} INFO - [2026-03-04T08:02:55.624+0000] {dag.py:3089} INFO - Sync 1 DAGs
[2026-03-04T08:02:55.632+0000] {logging_mixin.py:188} INFO - [2026-03-04T08:02:55.632+0000] {dag.py:3947} INFO - Setting next_dagrun for example_short_circuit_operator to 2026-03-03 00:00:00+00:00, run_after=2026-03-04 00:00:00+00:00
[2026-03-04T08:02:55.637+0000] {processor.py:183} INFO - Processing /home/airflow/.local/lib/python3.12/site-packages/airflow/example_dags/example_short_circuit_operator.py took 0.034 seconds
[2026-03-04T08:03:26.195+0000] {processor.py:161} INFO - Started process (PID=3144) to work on /home/airflow/.local/lib/python3.12/site-packages/airflow/example_dags/example_short_circuit_operator.py
[2026-03-04T08:03:26.196+0000] {processor.py:830} INFO - Processing file /home/airflow/.local/lib/python3.12/site-packages/airflow/example_dags/example_short_circuit_operator.py for tasks to queue
[2026-03-04T08:03:26.197+0000] {logging_mixin.py:188} INFO - [2026-03-04T08:03:26.197+0000] {dagbag.py:545} INFO - Filling up the DagBag from /home/airflow/.local/lib/python3.12/site-packages/airflow/example_dags/example_short_circuit_operator.py
[2026-03-04T08:03:26.199+0000] {processor.py:840} INFO - DAG(s) 'example_short_circuit_operator' retrieved from /home/airflow/.local/lib/python3.12/site-packages/airflow/example_dags/example_short_circuit_operator.py
[2026-03-04T08:03:26.213+0000] {logging_mixin.py:188} INFO - [2026-03-04T08:03:26.213+0000] {dag.py:3089} INFO - Sync 1 DAGs
[2026-03-04T08:03:26.221+0000] {logging_mixin.py:188} INFO - [2026-03-04T08:03:26.220+0000] {dag.py:3947} INFO - Setting next_dagrun for example_short_circuit_operator to 2026-03-03 00:00:00+00:00, run_after=2026-03-04 00:00:00+00:00
[2026-03-04T08:03:26.229+0000] {processor.py:183} INFO - Processing /home/airflow/.local/lib/python3.12/site-packages/airflow/example_dags/example_short_circuit_operator.py took 0.036 seconds
[2026-03-04T08:03:56.732+0000] {processor.py:161} INFO - Started process (PID=3406) to work on /home/airflow/.local/lib/python3.12/site-packages/airflow/example_dags/example_short_circuit_operator.py
[2026-03-04T08:03:56.733+0000] {processor.py:830} INFO - Processing file /home/airflow/.local/lib/python3.12/site-packages/airflow/example_dags/example_short_circuit_operator.py for tasks to queue
[2026-03-04T08:03:56.734+0000] {logging_mixin.py:188} INFO - [2026-03-04T08:03:56.734+0000] {dagbag.py:545} INFO - Filling up the DagBag from /home/airflow/.local/lib/python3.12/site-packages/airflow/example_dags/example_short_circuit_operator.py
[2026-03-04T08:03:56.736+0000] {processor.py:840} INFO - DAG(s) 'example_short_circuit_operator' retrieved from /home/airflow/.local/lib/python3.12/site-packages/airflow/example_dags/example_short_circuit_operator.py
[2026-03-04T08:03:56.746+0000] {logging_mixin.py:188} INFO - [2026-03-04T08:03:56.746+0000] {dag.py:3089} INFO - Sync 1 DAGs
[2026-03-04T08:03:56.755+0000] {logging_mixin.py:188} INFO - [2026-03-04T08:03:56.754+0000] {dag.py:3947} INFO - Setting next_dagrun for example_short_circuit_operator to 2026-03-03 00:00:00+00:00, run_after=2026-03-04 00:00:00+00:00
[2026-03-04T08:03:56.760+0000] {processor.py:183} INFO - Processing /home/airflow/.local/lib/python3.12/site-packages/airflow/example_dags/example_short_circuit_operator.py took 0.030 seconds
[2026-03-04T08:04:27.323+0000] {processor.py:161} INFO - Started process (PID=3668) to work on /home/airflow/.local/lib/python3.12/site-packages/airflow/example_dags/example_short_circuit_operator.py
[2026-03-04T08:04:27.325+0000] {processor.py:830} INFO - Processing file /home/airflow/.local/lib/python3.12/site-packages/airflow/example_dags/example_short_circuit_operator.py for tasks to queue
[2026-03-04T08:04:27.326+0000] {logging_mixin.py:188} INFO - [2026-03-04T08:04:27.326+0000] {dagbag.py:545} INFO - Filling up the DagBag from /home/airflow/.local/lib/python3.12/site-packages/airflow/example_dags/example_short_circuit_operator.py
[2026-03-04T08:04:27.328+0000] {processor.py:840} INFO - DAG(s) 'example_short_circuit_operator' retrieved from /home/airflow/.local/lib/python3.12/site-packages/airflow/example_dags/example_short_circuit_operator.py
[2026-03-04T08:04:27.339+0000] {logging_mixin.py:188} INFO - [2026-03-04T08:04:27.339+0000] {dag.py:3089} INFO - Sync 1 DAGs
[2026-03-04T08:04:27.349+0000] {logging_mixin.py:188} INFO - [2026-03-04T08:04:27.349+0000] {dag.py:3947} INFO - Setting next_dagrun for example_short_circuit_operator to 2026-03-03 00:00:00+00:00, run_after=2026-03-04 00:00:00+00:00
[2026-03-04T08:04:27.357+0000] {processor.py:183} INFO - Processing /home/airflow/.local/lib/python3.12/site-packages/airflow/example_dags/example_short_circuit_operator.py took 0.036 seconds
[2026-03-04T08:04:57.895+0000] {processor.py:161} INFO - Started process (PID=3930) to work on /home/airflow/.local/lib/python3.12/site-packages/airflow/example_dags/example_short_circuit_operator.py
[2026-03-04T08:04:57.897+0000] {processor.py:830} INFO - Processing file /home/airflow/.local/lib/python3.12/site-packages/airflow/example_dags/example_short_circuit_operator.py for tasks to queue
[2026-03-04T08:04:57.897+0000] {logging_mixin.py:188} INFO - [2026-03-04T08:04:57.897+0000] {dagbag.py:545} INFO - Filling up the DagBag from /home/airflow/.local/lib/python3.12/site-packages/airflow/example_dags/example_short_circuit_operator.py
[2026-03-04T08:04:57.900+0000] {processor.py:840} INFO - DAG(s) 'example_short_circuit_operator' retrieved from /home/airflow/.local/lib/python3.12/site-packages/airflow/example_dags/example_short_circuit_operator.py
[2026-03-04T08:04:57.909+0000] {logging_mixin.py:188} INFO - [2026-03-04T08:04:57.909+0000] {dag.py:3089} INFO - Sync 1 DAGs
[2026-03-04T08:04:57.917+0000] {logging_mixin.py:188} INFO - [2026-03-04T08:04:57.917+0000] {dag.py:3947} INFO - Setting next_dagrun for example_short_circuit_operator to 2026-03-03 00:00:00+00:00, run_after=2026-03-04 00:00:00+00:00
[2026-03-04T08:04:57.925+0000] {processor.py:183} INFO - Processing /home/airflow/.local/lib/python3.12/site-packages/airflow/example_dags/example_short_circuit_operator.py took 0.032 seconds
[2026-03-04T08:05:28.506+0000] {processor.py:161} INFO - Started process (PID=4192) to work on /home/airflow/.local/lib/python3.12/site-packages/airflow/example_dags/example_short_circuit_operator.py
[2026-03-04T08:05:28.509+0000] {processor.py:830} INFO - Processing file /home/airflow/.local/lib/python3.12/site-packages/airflow/example_dags/example_short_circuit_operator.py for tasks to queue
[2026-03-04T08:05:28.510+0000] {logging_mixin.py:188} INFO - [2026-03-04T08:05:28.510+0000] {dagbag.py:545} INFO - Filling up the DagBag from /home/airflow/.local/lib/python3.12/site-packages/airflow/example_dags/example_short_circuit_operator.py
[2026-03-04T08:05:28.515+0000] {processor.py:840} INFO - DAG(s) 'example_short_circuit_operator' retrieved from /home/airflow/.local/lib/python3.12/site-packages/airflow/example_dags/example_short_circuit_operator.py
[2026-03-04T08:05:28.524+0000] {logging_mixin.py:188} INFO - [2026-03-04T08:05:28.524+0000] {dag.py:3089} INFO - Sync 1 DAGs
[2026-03-04T08:05:28.535+0000] {logging_mixin.py:188} INFO - [2026-03-04T08:05:28.535+0000] {dag.py:3947} INFO - Setting next_dagrun for example_short_circuit_operator to 2026-03-03 00:00:00+00:00, run_after=2026-03-04 00:00:00+00:00
[2026-03-04T08:05:28.545+0000] {processor.py:183} INFO - Processing /home/airflow/.local/lib/python3.12/site-packages/airflow/example_dags/example_short_circuit_operator.py took 0.042 seconds
[2026-03-04T08:05:59.079+0000] {processor.py:161} INFO - Started process (PID=4454) to work on /home/airflow/.local/lib/python3.12/site-packages/airflow/example_dags/example_short_circuit_operator.py
[2026-03-04T08:05:59.080+0000] {processor.py:830} INFO - Processing file /home/airflow/.local/lib/python3.12/site-packages/airflow/example_dags/example_short_circuit_operator.py for tasks to queue
[2026-03-04T08:05:59.081+0000] {logging_mixin.py:188} INFO - [2026-03-04T08:05:59.081+0000] {dagbag.py:545} INFO - Filling up the DagBag from /home/airflow/.local/lib/python3.12/site-packages/airflow/example_dags/example_short_circuit_operator.py
[2026-03-04T08:05:59.083+0000] {processor.py:840} INFO - DAG(s) 'example_short_circuit_operator' retrieved from /home/airflow/.local/lib/python3.12/site-packages/airflow/example_dags/example_short_circuit_operator.py
[2026-03-04T08:05:59.098+0000] {logging_mixin.py:188} INFO - [2026-03-04T08:05:59.098+0000] {dag.py:3089} INFO - Sync 1 DAGs
[2026-03-04T08:05:59.106+0000] {logging_mixin.py:188} INFO - [2026-03-04T08:05:59.106+0000] {dag.py:3947} INFO - Setting next_dagrun for example_short_circuit_operator to 2026-03-03 00:00:00+00:00, run_after=2026-03-04 00:00:00+00:00
[2026-03-04T08:05:59.114+0000] {processor.py:183} INFO - Processing /home/airflow/.local/lib/python3.12/site-packages/airflow/example_dags/example_short_circuit_operator.py took 0.038 seconds
[2026-03-04T08:06:29.614+0000] {processor.py:161} INFO - Started process (PID=4718) to work on /home/airflow/.local/lib/python3.12/site-packages/airflow/example_dags/example_short_circuit_operator.py
[2026-03-04T08:06:29.615+0000] {processor.py:830} INFO - Processing file /home/airflow/.local/lib/python3.12/site-packages/airflow/example_dags/example_short_circuit_operator.py for tasks to queue
[2026-03-04T08:06:29.616+0000] {logging_mixin.py:188} INFO - [2026-03-04T08:06:29.616+0000] {dagbag.py:545} INFO - Filling up the DagBag from /home/airflow/.local/lib/python3.12/site-packages/airflow/example_dags/example_short_circuit_operator.py
[2026-03-04T08:06:29.618+0000] {processor.py:840} INFO - DAG(s) 'example_short_circuit_operator' retrieved from /home/airflow/.local/lib/python3.12/site-packages/airflow/example_dags/example_short_circuit_operator.py
[2026-03-04T08:06:29.626+0000] {logging_mixin.py:188} INFO - [2026-03-04T08:06:29.626+0000] {dag.py:3089} INFO - Sync 1 DAGs
[2026-03-04T08:06:29.632+0000] {logging_mixin.py:188} INFO - [2026-03-04T08:06:29.632+0000] {dag.py:3947} INFO - Setting next_dagrun for example_short_circuit_operator to 2026-03-03 00:00:00+00:00, run_after=2026-03-04 00:00:00+00:00
[2026-03-04T08:06:29.638+0000] {processor.py:183} INFO - Processing /home/airflow/.local/lib/python3.12/site-packages/airflow/example_dags/example_short_circuit_operator.py took 0.025 seconds
[2026-03-04T08:07:00.192+0000] {processor.py:161} INFO - Started process (PID=4978) to work on /home/airflow/.local/lib/python3.12/site-packages/airflow/example_dags/example_short_circuit_operator.py
[2026-03-04T08:07:00.193+0000] {processor.py:830} INFO - Processing file /home/airflow/.local/lib/python3.12/site-packages/airflow/example_dags/example_short_circuit_operator.py for tasks to queue
[2026-03-04T08:07:00.193+0000] {logging_mixin.py:188} INFO - [2026-03-04T08:07:00.193+0000] {dagbag.py:545} INFO - Filling up the DagBag from /home/airflow/.local/lib/python3.12/site-packages/airflow/example_dags/example_short_circuit_operator.py
[2026-03-04T08:07:00.198+0000] {processor.py:840} INFO - DAG(s) 'example_short_circuit_operator' retrieved from /home/airflow/.local/lib/python3.12/site-packages/airflow/example_dags/example_short_circuit_operator.py
[2026-03-04T08:07:00.210+0000] {logging_mixin.py:188} INFO - [2026-03-04T08:07:00.209+0000] {dag.py:3089} INFO - Sync 1 DAGs
[2026-03-04T08:07:00.217+0000] {logging_mixin.py:188} INFO - [2026-03-04T08:07:00.217+0000] {dag.py:3947} INFO - Setting next_dagrun for example_short_circuit_operator to 2026-03-03 00:00:00+00:00, run_after=2026-03-04 00:00:00+00:00
[2026-03-04T08:07:00.227+0000] {processor.py:183} INFO - Processing /home/airflow/.local/lib/python3.12/site-packages/airflow/example_dags/example_short_circuit_operator.py took 0.038 seconds
[2026-03-04T08:07:30.686+0000] {processor.py:161} INFO - Started process (PID=5240) to work on /home/airflow/.local/lib/python3.12/site-packages/airflow/example_dags/example_short_circuit_operator.py
[2026-03-04T08:07:30.688+0000] {processor.py:830} INFO - Processing file /home/airflow/.local/lib/python3.12/site-packages/airflow/example_dags/example_short_circuit_operator.py for tasks to queue
[2026-03-04T08:07:30.689+0000] {logging_mixin.py:188} INFO - [2026-03-04T08:07:30.689+0000] {dagbag.py:545} INFO - Filling up the DagBag from /home/airflow/.local/lib/python3.12/site-packages/airflow/example_dags/example_short_circuit_operator.py
[2026-03-04T08:07:30.692+0000] {processor.py:840} INFO - DAG(s) 'example_short_circuit_operator' retrieved from /home/airflow/.local/lib/python3.12/site-packages/airflow/example_dags/example_short_circuit_operator.py
[2026-03-04T08:07:30.705+0000] {logging_mixin.py:188} INFO - [2026-03-04T08:07:30.705+0000] {dag.py:3089} INFO - Sync 1 DAGs
[2026-03-04T08:07:30.712+0000] {logging_mixin.py:188} INFO - [2026-03-04T08:07:30.712+0000] {dag.py:3947} INFO - Setting next_dagrun for example_short_circuit_operator to 2026-03-03 00:00:00+00:00, run_after=2026-03-04 00:00:00+00:00
[2026-03-04T08:07:30.720+0000] {processor.py:183} INFO - Processing /home/airflow/.local/lib/python3.12/site-packages/airflow/example_dags/example_short_circuit_operator.py took 0.036 seconds
[2026-03-04T08:08:01.295+0000] {processor.py:161} INFO - Started process (PID=5502) to work on /home/airflow/.local/lib/python3.12/site-packages/airflow/example_dags/example_short_circuit_operator.py
[2026-03-04T08:08:01.296+0000] {processor.py:830} INFO - Processing file /home/airflow/.local/lib/python3.12/site-packages/airflow/example_dags/example_short_circuit_operator.py for tasks to queue
[2026-03-04T08:08:01.297+0000] {logging_mixin.py:188} INFO - [2026-03-04T08:08:01.297+0000] {dagbag.py:545} INFO - Filling up the DagBag from /home/airflow/.local/lib/python3.12/site-packages/airflow/example_dags/example_short_circuit_operator.py
[2026-03-04T08:08:01.300+0000] {processor.py:840} INFO - DAG(s) 'example_short_circuit_operator' retrieved from /home/airflow/.local/lib/python3.12/site-packages/airflow/example_dags/example_short_circuit_operator.py
[2026-03-04T08:08:01.310+0000] {logging_mixin.py:188} INFO - [2026-03-04T08:08:01.310+0000] {dag.py:3089} INFO - Sync 1 DAGs
[2026-03-04T08:08:01.319+0000] {logging_mixin.py:188} INFO - [2026-03-04T08:08:01.319+0000] {dag.py:3947} INFO - Setting next_dagrun for example_short_circuit_operator to 2026-03-03 00:00:00+00:00, run_after=2026-03-04 00:00:00+00:00
[2026-03-04T08:08:01.326+0000] {processor.py:183} INFO - Processing /home/airflow/.local/lib/python3.12/site-packages/airflow/example_dags/example_short_circuit_operator.py took 0.033 seconds
[2026-03-04T08:08:31.871+0000] {processor.py:161} INFO - Started process (PID=5766) to work on /home/airflow/.local/lib/python3.12/site-packages/airflow/example_dags/example_short_circuit_operator.py
[2026-03-04T08:08:31.871+0000] {processor.py:830} INFO - Processing file /home/airflow/.local/lib/python3.12/site-packages/airflow/example_dags/example_short_circuit_operator.py for tasks to queue
[2026-03-04T08:08:31.872+0000] {logging_mixin.py:188} INFO - [2026-03-04T08:08:31.872+0000] {dagbag.py:545} INFO - Filling up the DagBag from /home/airflow/.local/lib/python3.12/site-packages/airflow/example_dags/example_short_circuit_operator.py
[2026-03-04T08:08:31.876+0000] {processor.py:840} INFO - DAG(s) 'example_short_circuit_operator' retrieved from /home/airflow/.local/lib/python3.12/site-packages/airflow/example_dags/example_short_circuit_operator.py
[2026-03-04T08:08:31.884+0000] {logging_mixin.py:188} INFO - [2026-03-04T08:08:31.884+0000] {dag.py:3089} INFO - Sync 1 DAGs
[2026-03-04T08:08:31.890+0000] {logging_mixin.py:188} INFO - [2026-03-04T08:08:31.890+0000] {dag.py:3947} INFO - Setting next_dagrun for example_short_circuit_operator to 2026-03-03 00:00:00+00:00, run_after=2026-03-04 00:00:00+00:00
[2026-03-04T08:08:31.898+0000] {processor.py:183} INFO - Processing /home/airflow/.local/lib/python3.12/site-packages/airflow/example_dags/example_short_circuit_operator.py took 0.030 seconds
[2026-03-04T08:09:02.519+0000] {processor.py:161} INFO - Started process (PID=6026) to work on /home/airflow/.local/lib/python3.12/site-packages/airflow/example_dags/example_short_circuit_operator.py
[2026-03-04T08:09:02.519+0000] {processor.py:830} INFO - Processing file /home/airflow/.local/lib/python3.12/site-packages/airflow/example_dags/example_short_circuit_operator.py for tasks to queue
[2026-03-04T08:09:02.520+0000] {logging_mixin.py:188} INFO - [2026-03-04T08:09:02.520+0000] {dagbag.py:545} INFO - Filling up the DagBag from /home/airflow/.local/lib/python3.12/site-packages/airflow/example_dags/example_short_circuit_operator.py
[2026-03-04T08:09:02.522+0000] {processor.py:840} INFO - DAG(s) 'example_short_circuit_operator' retrieved from /home/airflow/.local/lib/python3.12/site-packages/airflow/example_dags/example_short_circuit_operator.py
[2026-03-04T08:09:02.533+0000] {logging_mixin.py:188} INFO - [2026-03-04T08:09:02.533+0000] {dag.py:3089} INFO - Sync 1 DAGs
[2026-03-04T08:09:02.543+0000] {logging_mixin.py:188} INFO - [2026-03-04T08:09:02.543+0000] {dag.py:3947} INFO - Setting next_dagrun for example_short_circuit_operator to 2026-03-03 00:00:00+00:00, run_after=2026-03-04 00:00:00+00:00
[2026-03-04T08:09:02.553+0000] {processor.py:183} INFO - Processing /home/airflow/.local/lib/python3.12/site-packages/airflow/example_dags/example_short_circuit_operator.py took 0.036 seconds
[2026-03-04T08:09:33.073+0000] {processor.py:161} INFO - Started process (PID=6288) to work on /home/airflow/.local/lib/python3.12/site-packages/airflow/example_dags/example_short_circuit_operator.py
[2026-03-04T08:09:33.074+0000] {processor.py:830} INFO - Processing file /home/airflow/.local/lib/python3.12/site-packages/airflow/example_dags/example_short_circuit_operator.py for tasks to queue
[2026-03-04T08:09:33.075+0000] {logging_mixin.py:188} INFO - [2026-03-04T08:09:33.075+0000] {dagbag.py:545} INFO - Filling up the DagBag from /home/airflow/.local/lib/python3.12/site-packages/airflow/example_dags/example_short_circuit_operator.py
[2026-03-04T08:09:33.078+0000] {processor.py:840} INFO - DAG(s) 'example_short_circuit_operator' retrieved from /home/airflow/.local/lib/python3.12/site-packages/airflow/example_dags/example_short_circuit_operator.py
[2026-03-04T08:09:33.088+0000] {logging_mixin.py:188} INFO - [2026-03-04T08:09:33.088+0000] {dag.py:3089} INFO - Sync 1 DAGs
[2026-03-04T08:09:33.097+0000] {logging_mixin.py:188} INFO - [2026-03-04T08:09:33.097+0000] {dag.py:3947} INFO - Setting next_dagrun for example_short_circuit_operator to 2026-03-03 00:00:00+00:00, run_after=2026-03-04 00:00:00+00:00
[2026-03-04T08:09:33.105+0000] {processor.py:183} INFO - Processing /home/airflow/.local/lib/python3.12/site-packages/airflow/example_dags/example_short_circuit_operator.py took 0.034 seconds
[2026-03-04T08:10:03.666+0000] {processor.py:161} INFO - Started process (PID=6550) to work on /home/airflow/.local/lib/python3.12/site-packages/airflow/example_dags/example_short_circuit_operator.py
[2026-03-04T08:10:03.667+0000] {processor.py:830} INFO - Processing file /home/airflow/.local/lib/python3.12/site-packages/airflow/example_dags/example_short_circuit_operator.py for tasks to queue
[2026-03-04T08:10:03.668+0000] {logging_mixin.py:188} INFO - [2026-03-04T08:10:03.667+0000] {dagbag.py:545} INFO - Filling up the DagBag from /home/airflow/.local/lib/python3.12/site-packages/airflow/example_dags/example_short_circuit_operator.py
[2026-03-04T08:10:03.671+0000] {processor.py:840} INFO - DAG(s) 'example_short_circuit_operator' retrieved from /home/airflow/.local/lib/python3.12/site-packages/airflow/example_dags/example_short_circuit_operator.py
[2026-03-04T08:10:03.680+0000] {logging_mixin.py:188} INFO - [2026-03-04T08:10:03.680+0000] {dag.py:3089} INFO - Sync 1 DAGs
[2026-03-04T08:10:03.689+0000] {logging_mixin.py:188} INFO - [2026-03-04T08:10:03.689+0000] {dag.py:3947} INFO - Setting next_dagrun for example_short_circuit_operator to 2026-03-03 00:00:00+00:00, run_after=2026-03-04 00:00:00+00:00
[2026-03-04T08:10:03.697+0000] {processor.py:183} INFO - Processing /home/airflow/.local/lib/python3.12/site-packages/airflow/example_dags/example_short_circuit_operator.py took 0.033 seconds
[2026-03-04T08:10:34.189+0000] {processor.py:161} INFO - Started process (PID=6815) to work on /home/airflow/.local/lib/python3.12/site-packages/airflow/example_dags/example_short_circuit_operator.py
[2026-03-04T08:10:34.189+0000] {processor.py:830} INFO - Processing file /home/airflow/.local/lib/python3.12/site-packages/airflow/example_dags/example_short_circuit_operator.py for tasks to queue
[2026-03-04T08:10:34.190+0000] {logging_mixin.py:188} INFO - [2026-03-04T08:10:34.190+0000] {dagbag.py:545} INFO - Filling up the DagBag from /home/airflow/.local/lib/python3.12/site-packages/airflow/example_dags/example_short_circuit_operator.py
[2026-03-04T08:10:34.193+0000] {processor.py:840} INFO - DAG(s) 'example_short_circuit_operator' retrieved from /home/airflow/.local/lib/python3.12/site-packages/airflow/example_dags/example_short_circuit_operator.py
[2026-03-04T08:10:34.201+0000] {logging_mixin.py:188} INFO - [2026-03-04T08:10:34.200+0000] {dag.py:3089} INFO - Sync 1 DAGs
[2026-03-04T08:10:34.208+0000] {logging_mixin.py:188} INFO - [2026-03-04T08:10:34.208+0000] {dag.py:3947} INFO - Setting next_dagrun for example_short_circuit_operator to 2026-03-03 00:00:00+00:00, run_after=2026-03-04 00:00:00+00:00
[2026-03-04T08:10:34.214+0000] {processor.py:183} INFO - Processing /home/airflow/.local/lib/python3.12/site-packages/airflow/example_dags/example_short_circuit_operator.py took 0.027 seconds
[2026-03-04T08:11:04.847+0000] {processor.py:161} INFO - Started process (PID=7077) to work on /home/airflow/.local/lib/python3.12/site-packages/airflow/example_dags/example_short_circuit_operator.py
[2026-03-04T08:11:04.848+0000] {processor.py:830} INFO - Processing file /home/airflow/.local/lib/python3.12/site-packages/airflow/example_dags/example_short_circuit_operator.py for tasks to queue
[2026-03-04T08:11:04.849+0000] {logging_mixin.py:188} INFO - [2026-03-04T08:11:04.848+0000] {dagbag.py:545} INFO - Filling up the DagBag from /home/airflow/.local/lib/python3.12/site-packages/airflow/example_dags/example_short_circuit_operator.py
[2026-03-04T08:11:04.851+0000] {processor.py:840} INFO - DAG(s) 'example_short_circuit_operator' retrieved from /home/airflow/.local/lib/python3.12/site-packages/airflow/example_dags/example_short_circuit_operator.py
[2026-03-04T08:11:04.862+0000] {logging_mixin.py:188} INFO - [2026-03-04T08:11:04.862+0000] {dag.py:3089} INFO - Sync 1 DAGs
[2026-03-04T08:11:04.870+0000] {logging_mixin.py:188} INFO - [2026-03-04T08:11:04.870+0000] {dag.py:3947} INFO - Setting next_dagrun for example_short_circuit_operator to 2026-03-03 00:00:00+00:00, run_after=2026-03-04 00:00:00+00:00
[2026-03-04T08:11:04.878+0000] {processor.py:183} INFO - Processing /home/airflow/.local/lib/python3.12/site-packages/airflow/example_dags/example_short_circuit_operator.py took 0.033 seconds
[2026-03-04T08:11:35.472+0000] {processor.py:161} INFO - Started process (PID=7339) to work on /home/airflow/.local/lib/python3.12/site-packages/airflow/example_dags/example_short_circuit_operator.py
[2026-03-04T08:11:35.474+0000] {processor.py:830} INFO - Processing file /home/airflow/.local/lib/python3.12/site-packages/airflow/example_dags/example_short_circuit_operator.py for tasks to queue
[2026-03-04T08:11:35.475+0000] {logging_mixin.py:188} INFO - [2026-03-04T08:11:35.475+0000] {dagbag.py:545} INFO - Filling up the DagBag from /home/airflow/.local/lib/python3.12/site-packages/airflow/example_dags/example_short_circuit_operator.py
[2026-03-04T08:11:35.479+0000] {processor.py:840} INFO - DAG(s) 'example_short_circuit_operator' retrieved from /home/airflow/.local/lib/python3.12/site-packages/airflow/example_dags/example_short_circuit_operator.py
[2026-03-04T08:11:35.489+0000] {logging_mixin.py:188} INFO - [2026-03-04T08:11:35.489+0000] {dag.py:3089} INFO - Sync 1 DAGs
[2026-03-04T08:11:35.497+0000] {logging_mixin.py:188} INFO - [2026-03-04T08:11:35.497+0000] {dag.py:3947} INFO - Setting next_dagrun for example_short_circuit_operator to 2026-03-03 00:00:00+00:00, run_after=2026-03-04 00:00:00+00:00
[2026-03-04T08:11:35.505+0000] {processor.py:183} INFO - Processing /home/airflow/.local/lib/python3.12/site-packages/airflow/example_dags/example_short_circuit_operator.py took 0.035 seconds
[2026-03-04T08:12:05.984+0000] {processor.py:161} INFO - Started process (PID=7601) to work on /home/airflow/.local/lib/python3.12/site-packages/airflow/example_dags/example_short_circuit_operator.py
[2026-03-04T08:12:05.985+0000] {processor.py:830} INFO - Processing file /home/airflow/.local/lib/python3.12/site-packages/airflow/example_dags/example_short_circuit_operator.py for tasks to queue
[2026-03-04T08:12:05.986+0000] {logging_mixin.py:188} INFO - [2026-03-04T08:12:05.986+0000] {dagbag.py:545} INFO - Filling up the DagBag from /home/airflow/.local/lib/python3.12/site-packages/airflow/example_dags/example_short_circuit_operator.py
[2026-03-04T08:12:05.989+0000] {processor.py:840} INFO - DAG(s) 'example_short_circuit_operator' retrieved from /home/airflow/.local/lib/python3.12/site-packages/airflow/example_dags/example_short_circuit_operator.py
[2026-03-04T08:12:05.998+0000] {logging_mixin.py:188} INFO - [2026-03-04T08:12:05.998+0000] {dag.py:3089} INFO - Sync 1 DAGs
[2026-03-04T08:12:06.006+0000] {logging_mixin.py:188} INFO - [2026-03-04T08:12:06.006+0000] {dag.py:3947} INFO - Setting next_dagrun for example_short_circuit_operator to 2026-03-03 00:00:00+00:00, run_after=2026-03-04 00:00:00+00:00
[2026-03-04T08:12:06.019+0000] {processor.py:183} INFO - Processing /home/airflow/.local/lib/python3.12/site-packages/airflow/example_dags/example_short_circuit_operator.py took 0.036 seconds
[2026-03-04T08:12:36.545+0000] {processor.py:161} INFO - Started process (PID=7863) to work on /home/airflow/.local/lib/python3.12/site-packages/airflow/example_dags/example_short_circuit_operator.py
[2026-03-04T08:12:36.546+0000] {processor.py:830} INFO - Processing file /home/airflow/.local/lib/python3.12/site-packages/airflow/example_dags/example_short_circuit_operator.py for tasks to queue
[2026-03-04T08:12:36.548+0000] {logging_mixin.py:188} INFO - [2026-03-04T08:12:36.548+0000] {dagbag.py:545} INFO - Filling up the DagBag from /home/airflow/.local/lib/python3.12/site-packages/airflow/example_dags/example_short_circuit_operator.py
[2026-03-04T08:12:36.550+0000] {processor.py:840} INFO - DAG(s) 'example_short_circuit_operator' retrieved from /home/airflow/.local/lib/python3.12/site-packages/airflow/example_dags/example_short_circuit_operator.py
[2026-03-04T08:12:36.561+0000] {logging_mixin.py:188} INFO - [2026-03-04T08:12:36.559+0000] {dag.py:3089} INFO - Sync 1 DAGs
[2026-03-04T08:12:36.569+0000] {logging_mixin.py:188} INFO - [2026-03-04T08:12:36.569+0000] {dag.py:3947} INFO - Setting next_dagrun for example_short_circuit_operator to 2026-03-03 00:00:00+00:00, run_after=2026-03-04 00:00:00+00:00
[2026-03-04T08:12:36.578+0000] {processor.py:183} INFO - Processing /home/airflow/.local/lib/python3.12/site-packages/airflow/example_dags/example_short_circuit_operator.py took 0.035 seconds
[2026-03-04T08:13:07.072+0000] {processor.py:161} INFO - Started process (PID=8125) to work on /home/airflow/.local/lib/python3.12/site-packages/airflow/example_dags/example_short_circuit_operator.py
[2026-03-04T08:13:07.072+0000] {processor.py:830} INFO - Processing file /home/airflow/.local/lib/python3.12/site-packages/airflow/example_dags/example_short_circuit_operator.py for tasks to queue
[2026-03-04T08:13:07.073+0000] {logging_mixin.py:188} INFO - [2026-03-04T08:13:07.073+0000] {dagbag.py:545} INFO - Filling up the DagBag from /home/airflow/.local/lib/python3.12/site-packages/airflow/example_dags/example_short_circuit_operator.py
[2026-03-04T08:13:07.075+0000] {processor.py:840} INFO - DAG(s) 'example_short_circuit_operator' retrieved from /home/airflow/.local/lib/python3.12/site-packages/airflow/example_dags/example_short_circuit_operator.py
[2026-03-04T08:13:07.083+0000] {logging_mixin.py:188} INFO - [2026-03-04T08:13:07.083+0000] {dag.py:3089} INFO - Sync 1 DAGs
[2026-03-04T08:13:07.091+0000] {logging_mixin.py:188} INFO - [2026-03-04T08:13:07.091+0000] {dag.py:3947} INFO - Setting next_dagrun for example_short_circuit_operator to 2026-03-03 00:00:00+00:00, run_after=2026-03-04 00:00:00+00:00
[2026-03-04T08:13:07.097+0000] {processor.py:183} INFO - Processing /home/airflow/.local/lib/python3.12/site-packages/airflow/example_dags/example_short_circuit_operator.py took 0.028 seconds
[2026-03-04T08:13:37.640+0000] {processor.py:161} INFO - Started process (PID=8387) to work on /home/airflow/.local/lib/python3.12/site-packages/airflow/example_dags/example_short_circuit_operator.py
[2026-03-04T08:13:37.641+0000] {processor.py:830} INFO - Processing file /home/airflow/.local/lib/python3.12/site-packages/airflow/example_dags/example_short_circuit_operator.py for tasks to queue
[2026-03-04T08:13:37.642+0000] {logging_mixin.py:188} INFO - [2026-03-04T08:13:37.642+0000] {dagbag.py:545} INFO - Filling up the DagBag from /home/airflow/.local/lib/python3.12/site-packages/airflow/example_dags/example_short_circuit_operator.py
[2026-03-04T08:13:37.644+0000] {processor.py:840} INFO - DAG(s) 'example_short_circuit_operator' retrieved from /home/airflow/.local/lib/python3.12/site-packages/airflow/example_dags/example_short_circuit_operator.py
[2026-03-04T08:13:37.656+0000] {logging_mixin.py:188} INFO - [2026-03-04T08:13:37.656+0000] {dag.py:3089} INFO - Sync 1 DAGs
[2026-03-04T08:13:37.665+0000] {logging_mixin.py:188} INFO - [2026-03-04T08:13:37.665+0000] {dag.py:3947} INFO - Setting next_dagrun for example_short_circuit_operator to 2026-03-03 00:00:00+00:00, run_after=2026-03-04 00:00:00+00:00
[2026-03-04T08:13:37.674+0000] {processor.py:183} INFO - Processing /home/airflow/.local/lib/python3.12/site-packages/airflow/example_dags/example_short_circuit_operator.py took 0.036 seconds
[2026-03-04T08:14:08.166+0000] {processor.py:161} INFO - Started process (PID=8649) to work on /home/airflow/.local/lib/python3.12/site-packages/airflow/example_dags/example_short_circuit_operator.py
[2026-03-04T08:14:08.167+0000] {processor.py:830} INFO - Processing file /home/airflow/.local/lib/python3.12/site-packages/airflow/example_dags/example_short_circuit_operator.py for tasks to queue
[2026-03-04T08:14:08.168+0000] {logging_mixin.py:188} INFO - [2026-03-04T08:14:08.168+0000] {dagbag.py:545} INFO - Filling up the DagBag from /home/airflow/.local/lib/python3.12/site-packages/airflow/example_dags/example_short_circuit_operator.py
[2026-03-04T08:14:08.171+0000] {processor.py:840} INFO - DAG(s) 'example_short_circuit_operator' retrieved from /home/airflow/.local/lib/python3.12/site-packages/airflow/example_dags/example_short_circuit_operator.py
[2026-03-04T08:14:08.178+0000] {logging_mixin.py:188} INFO - [2026-03-04T08:14:08.178+0000] {dag.py:3089} INFO - Sync 1 DAGs
[2026-03-04T08:14:08.187+0000] {logging_mixin.py:188} INFO - [2026-03-04T08:14:08.187+0000] {dag.py:3947} INFO - Setting next_dagrun for example_short_circuit_operator to 2026-03-03 00:00:00+00:00, run_after=2026-03-04 00:00:00+00:00
[2026-03-04T08:14:08.201+0000] {processor.py:183} INFO - Processing /home/airflow/.local/lib/python3.12/site-packages/airflow/example_dags/example_short_circuit_operator.py took 0.037 seconds
[2026-03-04T08:14:38.705+0000] {processor.py:161} INFO - Started process (PID=8911) to work on /home/airflow/.local/lib/python3.12/site-packages/airflow/example_dags/example_short_circuit_operator.py
[2026-03-04T08:14:38.707+0000] {processor.py:830} INFO - Processing file /home/airflow/.local/lib/python3.12/site-packages/airflow/example_dags/example_short_circuit_operator.py for tasks to queue
[2026-03-04T08:14:38.707+0000] {logging_mixin.py:188} INFO - [2026-03-04T08:14:38.707+0000] {dagbag.py:545} INFO - Filling up the DagBag from /home/airflow/.local/lib/python3.12/site-packages/airflow/example_dags/example_short_circuit_operator.py
[2026-03-04T08:14:38.710+0000] {processor.py:840} INFO - DAG(s) 'example_short_circuit_operator' retrieved from /home/airflow/.local/lib/python3.12/site-packages/airflow/example_dags/example_short_circuit_operator.py
[2026-03-04T08:14:38.721+0000] {logging_mixin.py:188} INFO - [2026-03-04T08:14:38.721+0000] {dag.py:3089} INFO - Sync 1 DAGs
[2026-03-04T08:14:38.729+0000] {logging_mixin.py:188} INFO - [2026-03-04T08:14:38.729+0000] {dag.py:3947} INFO - Setting next_dagrun for example_short_circuit_operator to 2026-03-03 00:00:00+00:00, run_after=2026-03-04 00:00:00+00:00
[2026-03-04T08:14:38.739+0000] {processor.py:183} INFO - Processing /home/airflow/.local/lib/python3.12/site-packages/airflow/example_dags/example_short_circuit_operator.py took 0.036 seconds
[2026-03-04T08:15:09.205+0000] {processor.py:161} INFO - Started process (PID=9177) to work on /home/airflow/.local/lib/python3.12/site-packages/airflow/example_dags/example_short_circuit_operator.py
[2026-03-04T08:15:09.206+0000] {processor.py:830} INFO - Processing file /home/airflow/.local/lib/python3.12/site-packages/airflow/example_dags/example_short_circuit_operator.py for tasks to queue
[2026-03-04T08:15:09.207+0000] {logging_mixin.py:188} INFO - [2026-03-04T08:15:09.206+0000] {dagbag.py:545} INFO - Filling up the DagBag from /home/airflow/.local/lib/python3.12/site-packages/airflow/example_dags/example_short_circuit_operator.py
[2026-03-04T08:15:09.210+0000] {processor.py:840} INFO - DAG(s) 'example_short_circuit_operator' retrieved from /home/airflow/.local/lib/python3.12/site-packages/airflow/example_dags/example_short_circuit_operator.py
[2026-03-04T08:15:09.218+0000] {logging_mixin.py:188} INFO - [2026-03-04T08:15:09.218+0000] {dag.py:3089} INFO - Sync 1 DAGs
[2026-03-04T08:15:09.225+0000] {logging_mixin.py:188} INFO - [2026-03-04T08:15:09.225+0000] {dag.py:3947} INFO - Setting next_dagrun for example_short_circuit_operator to 2026-03-03 00:00:00+00:00, run_after=2026-03-04 00:00:00+00:00
[2026-03-04T08:15:09.231+0000] {processor.py:183} INFO - Processing /home/airflow/.local/lib/python3.12/site-packages/airflow/example_dags/example_short_circuit_operator.py took 0.028 seconds
[2026-03-04T08:15:39.830+0000] {processor.py:161} INFO - Started process (PID=9444) to work on /home/airflow/.local/lib/python3.12/site-packages/airflow/example_dags/example_short_circuit_operator.py
[2026-03-04T08:15:39.831+0000] {processor.py:830} INFO - Processing file /home/airflow/.local/lib/python3.12/site-packages/airflow/example_dags/example_short_circuit_operator.py for tasks to queue
[2026-03-04T08:15:39.832+0000] {logging_mixin.py:188} INFO - [2026-03-04T08:15:39.832+0000] {dagbag.py:545} INFO - Filling up the DagBag from /home/airflow/.local/lib/python3.12/site-packages/airflow/example_dags/example_short_circuit_operator.py
[2026-03-04T08:15:39.835+0000] {processor.py:840} INFO - DAG(s) 'example_short_circuit_operator' retrieved from /home/airflow/.local/lib/python3.12/site-packages/airflow/example_dags/example_short_circuit_operator.py
[2026-03-04T08:15:39.844+0000] {logging_mixin.py:188} INFO - [2026-03-04T08:15:39.844+0000] {dag.py:3089} INFO - Sync 1 DAGs
[2026-03-04T08:15:39.853+0000] {logging_mixin.py:188} INFO - [2026-03-04T08:15:39.853+0000] {dag.py:3947} INFO - Setting next_dagrun for example_short_circuit_operator to 2026-03-03 00:00:00+00:00, run_after=2026-03-04 00:00:00+00:00
[2026-03-04T08:15:39.863+0000] {processor.py:183} INFO - Processing /home/airflow/.local/lib/python3.12/site-packages/airflow/example_dags/example_short_circuit_operator.py took 0.035 seconds
[2026-03-04T08:16:10.442+0000] {processor.py:161} INFO - Started process (PID=9705) to work on /home/airflow/.local/lib/python3.12/site-packages/airflow/example_dags/example_short_circuit_operator.py
[2026-03-04T08:16:10.442+0000] {processor.py:830} INFO - Processing file /home/airflow/.local/lib/python3.12/site-packages/airflow/example_dags/example_short_circuit_operator.py for tasks to queue
[2026-03-04T08:16:10.443+0000] {logging_mixin.py:188} INFO - [2026-03-04T08:16:10.443+0000] {dagbag.py:545} INFO - Filling up the DagBag from /home/airflow/.local/lib/python3.12/site-packages/airflow/example_dags/example_short_circuit_operator.py
[2026-03-04T08:16:10.446+0000] {processor.py:840} INFO - DAG(s) 'example_short_circuit_operator' retrieved from /home/airflow/.local/lib/python3.12/site-packages/airflow/example_dags/example_short_circuit_operator.py
[2026-03-04T08:16:10.456+0000] {logging_mixin.py:188} INFO - [2026-03-04T08:16:10.456+0000] {dag.py:3089} INFO - Sync 1 DAGs
[2026-03-04T08:16:10.463+0000] {logging_mixin.py:188} INFO - [2026-03-04T08:16:10.463+0000] {dag.py:3947} INFO - Setting next_dagrun for example_short_circuit_operator to 2026-03-03 00:00:00+00:00, run_after=2026-03-04 00:00:00+00:00
[2026-03-04T08:16:10.473+0000] {processor.py:183} INFO - Processing /home/airflow/.local/lib/python3.12/site-packages/airflow/example_dags/example_short_circuit_operator.py took 0.033 seconds
[2026-03-04T08:16:41.068+0000] {processor.py:161} INFO - Started process (PID=9967) to work on /home/airflow/.local/lib/python3.12/site-packages/airflow/example_dags/example_short_circuit_operator.py
[2026-03-04T08:16:41.069+0000] {processor.py:830} INFO - Processing file /home/airflow/.local/lib/python3.12/site-packages/airflow/example_dags/example_short_circuit_operator.py for tasks to queue
[2026-03-04T08:16:41.071+0000] {logging_mixin.py:188} INFO - [2026-03-04T08:16:41.071+0000] {dagbag.py:545} INFO - Filling up the DagBag from /home/airflow/.local/lib/python3.12/site-packages/airflow/example_dags/example_short_circuit_operator.py
[2026-03-04T08:16:41.073+0000] {processor.py:840} INFO - DAG(s) 'example_short_circuit_operator' retrieved from /home/airflow/.local/lib/python3.12/site-packages/airflow/example_dags/example_short_circuit_operator.py
[2026-03-04T08:16:41.082+0000] {logging_mixin.py:188} INFO - [2026-03-04T08:16:41.082+0000] {dag.py:3089} INFO - Sync 1 DAGs
[2026-03-04T08:16:41.091+0000] {logging_mixin.py:188} INFO - [2026-03-04T08:16:41.091+0000] {dag.py:3947} INFO - Setting next_dagrun for example_short_circuit_operator to 2026-03-03 00:00:00+00:00, run_after=2026-03-04 00:00:00+00:00
[2026-03-04T08:16:41.101+0000] {processor.py:183} INFO - Processing /home/airflow/.local/lib/python3.12/site-packages/airflow/example_dags/example_short_circuit_operator.py took 0.034 seconds
[2026-03-04T08:17:12.000+0000] {processor.py:161} INFO - Started process (PID=10229) to work on /home/airflow/.local/lib/python3.12/site-packages/airflow/example_dags/example_short_circuit_operator.py
[2026-03-04T08:17:12.001+0000] {processor.py:830} INFO - Processing file /home/airflow/.local/lib/python3.12/site-packages/airflow/example_dags/example_short_circuit_operator.py for tasks to queue
[2026-03-04T08:17:12.003+0000] {logging_mixin.py:188} INFO - [2026-03-04T08:17:12.003+0000] {dagbag.py:545} INFO - Filling up the DagBag from /home/airflow/.local/lib/python3.12/site-packages/airflow/example_dags/example_short_circuit_operator.py
[2026-03-04T08:17:12.005+0000] {processor.py:840} INFO - DAG(s) 'example_short_circuit_operator' retrieved from /home/airflow/.local/lib/python3.12/site-packages/airflow/example_dags/example_short_circuit_operator.py
[2026-03-04T08:17:12.014+0000] {logging_mixin.py:188} INFO - [2026-03-04T08:17:12.013+0000] {dag.py:3089} INFO - Sync 1 DAGs
[2026-03-04T08:17:12.085+0000] {logging_mixin.py:188} INFO - [2026-03-04T08:17:12.085+0000] {dag.py:3947} INFO - Setting next_dagrun for example_short_circuit_operator to 2026-03-03 00:00:00+00:00, run_after=2026-03-04 00:00:00+00:00
[2026-03-04T08:17:12.090+0000] {processor.py:183} INFO - Processing /home/airflow/.local/lib/python3.12/site-packages/airflow/example_dags/example_short_circuit_operator.py took 0.092 seconds
[2026-03-04T08:17:42.863+0000] {processor.py:161} INFO - Started process (PID=10493) to work on /home/airflow/.local/lib/python3.12/site-packages/airflow/example_dags/example_short_circuit_operator.py
[2026-03-04T08:17:42.864+0000] {processor.py:830} INFO - Processing file /home/airflow/.local/lib/python3.12/site-packages/airflow/example_dags/example_short_circuit_operator.py for tasks to queue
[2026-03-04T08:17:42.865+0000] {logging_mixin.py:188} INFO - [2026-03-04T08:17:42.864+0000] {dagbag.py:545} INFO - Filling up the DagBag from /home/airflow/.local/lib/python3.12/site-packages/airflow/example_dags/example_short_circuit_operator.py
[2026-03-04T08:17:42.869+0000] {processor.py:840} INFO - DAG(s) 'example_short_circuit_operator' retrieved from /home/airflow/.local/lib/python3.12/site-packages/airflow/example_dags/example_short_circuit_operator.py
[2026-03-04T08:17:42.879+0000] {logging_mixin.py:188} INFO - [2026-03-04T08:17:42.879+0000] {dag.py:3089} INFO - Sync 1 DAGs
[2026-03-04T08:17:42.887+0000] {logging_mixin.py:188} INFO - [2026-03-04T08:17:42.887+0000] {dag.py:3947} INFO - Setting next_dagrun for example_short_circuit_operator to 2026-03-03 00:00:00+00:00, run_after=2026-03-04 00:00:00+00:00
[2026-03-04T08:17:42.963+0000] {processor.py:183} INFO - Processing /home/airflow/.local/lib/python3.12/site-packages/airflow/example_dags/example_short_circuit_operator.py took 0.103 seconds
[2026-03-04T08:18:13.961+0000] {processor.py:161} INFO - Started process (PID=10760) to work on /home/airflow/.local/lib/python3.12/site-packages/airflow/example_dags/example_short_circuit_operator.py
[2026-03-04T08:18:13.962+0000] {processor.py:830} INFO - Processing file /home/airflow/.local/lib/python3.12/site-packages/airflow/example_dags/example_short_circuit_operator.py for tasks to queue
[2026-03-04T08:18:13.964+0000] {logging_mixin.py:188} INFO - [2026-03-04T08:18:13.964+0000] {dagbag.py:545} INFO - Filling up the DagBag from /home/airflow/.local/lib/python3.12/site-packages/airflow/example_dags/example_short_circuit_operator.py
[2026-03-04T08:18:13.974+0000] {processor.py:840} INFO - DAG(s) 'example_short_circuit_operator' retrieved from /home/airflow/.local/lib/python3.12/site-packages/airflow/example_dags/example_short_circuit_operator.py
[2026-03-04T08:18:13.987+0000] {logging_mixin.py:188} INFO - [2026-03-04T08:18:13.987+0000] {dag.py:3089} INFO - Sync 1 DAGs
[2026-03-04T08:18:13.996+0000] {logging_mixin.py:188} INFO - [2026-03-04T08:18:13.995+0000] {dag.py:3947} INFO - Setting next_dagrun for example_short_circuit_operator to 2026-03-03 00:00:00+00:00, run_after=2026-03-04 00:00:00+00:00
[2026-03-04T08:18:14.072+0000] {processor.py:183} INFO - Processing /home/airflow/.local/lib/python3.12/site-packages/airflow/example_dags/example_short_circuit_operator.py took 0.117 seconds
[2026-03-04T08:18:44.604+0000] {processor.py:161} INFO - Started process (PID=11022) to work on /home/airflow/.local/lib/python3.12/site-packages/airflow/example_dags/example_short_circuit_operator.py
[2026-03-04T08:18:44.605+0000] {processor.py:830} INFO - Processing file /home/airflow/.local/lib/python3.12/site-packages/airflow/example_dags/example_short_circuit_operator.py for tasks to queue
[2026-03-04T08:18:44.607+0000] {logging_mixin.py:188} INFO - [2026-03-04T08:18:44.607+0000] {dagbag.py:545} INFO - Filling up the DagBag from /home/airflow/.local/lib/python3.12/site-packages/airflow/example_dags/example_short_circuit_operator.py
[2026-03-04T08:18:44.614+0000] {processor.py:840} INFO - DAG(s) 'example_short_circuit_operator' retrieved from /home/airflow/.local/lib/python3.12/site-packages/airflow/example_dags/example_short_circuit_operator.py
[2026-03-04T08:18:44.634+0000] {logging_mixin.py:188} INFO - [2026-03-04T08:18:44.633+0000] {dag.py:3089} INFO - Sync 1 DAGs
[2026-03-04T08:18:44.645+0000] {logging_mixin.py:188} INFO - [2026-03-04T08:18:44.645+0000] {dag.py:3947} INFO - Setting next_dagrun for example_short_circuit_operator to 2026-03-03 00:00:00+00:00, run_after=2026-03-04 00:00:00+00:00
[2026-03-04T08:18:44.656+0000] {processor.py:183} INFO - Processing /home/airflow/.local/lib/python3.12/site-packages/airflow/example_dags/example_short_circuit_operator.py took 0.057 seconds
[2026-03-04T08:19:15.184+0000] {processor.py:161} INFO - Started process (PID=11284) to work on /home/airflow/.local/lib/python3.12/site-packages/airflow/example_dags/example_short_circuit_operator.py
[2026-03-04T08:19:15.186+0000] {processor.py:830} INFO - Processing file /home/airflow/.local/lib/python3.12/site-packages/airflow/example_dags/example_short_circuit_operator.py for tasks to queue
[2026-03-04T08:19:15.192+0000] {logging_mixin.py:188} INFO - [2026-03-04T08:19:15.192+0000] {dagbag.py:545} INFO - Filling up the DagBag from /home/airflow/.local/lib/python3.12/site-packages/airflow/example_dags/example_short_circuit_operator.py
[2026-03-04T08:19:15.197+0000] {processor.py:840} INFO - DAG(s) 'example_short_circuit_operator' retrieved from /home/airflow/.local/lib/python3.12/site-packages/airflow/example_dags/example_short_circuit_operator.py
[2026-03-04T08:19:15.213+0000] {logging_mixin.py:188} INFO - [2026-03-04T08:19:15.213+0000] {dag.py:3089} INFO - Sync 1 DAGs
[2026-03-04T08:19:15.230+0000] {logging_mixin.py:188} INFO - [2026-03-04T08:19:15.230+0000] {dag.py:3947} INFO - Setting next_dagrun for example_short_circuit_operator to 2026-03-03 00:00:00+00:00, run_after=2026-03-04 00:00:00+00:00
[2026-03-04T08:19:15.246+0000] {processor.py:183} INFO - Processing /home/airflow/.local/lib/python3.12/site-packages/airflow/example_dags/example_short_circuit_operator.py took 0.068 seconds
[2026-03-04T08:19:45.802+0000] {processor.py:161} INFO - Started process (PID=11546) to work on /home/airflow/.local/lib/python3.12/site-packages/airflow/example_dags/example_short_circuit_operator.py
[2026-03-04T08:19:45.804+0000] {processor.py:830} INFO - Processing file /home/airflow/.local/lib/python3.12/site-packages/airflow/example_dags/example_short_circuit_operator.py for tasks to queue
[2026-03-04T08:19:45.805+0000] {logging_mixin.py:188} INFO - [2026-03-04T08:19:45.805+0000] {dagbag.py:545} INFO - Filling up the DagBag from /home/airflow/.local/lib/python3.12/site-packages/airflow/example_dags/example_short_circuit_operator.py
[2026-03-04T08:19:45.811+0000] {processor.py:840} INFO - DAG(s) 'example_short_circuit_operator' retrieved from /home/airflow/.local/lib/python3.12/site-packages/airflow/example_dags/example_short_circuit_operator.py
[2026-03-04T08:19:45.830+0000] {logging_mixin.py:188} INFO - [2026-03-04T08:19:45.830+0000] {dag.py:3089} INFO - Sync 1 DAGs
[2026-03-04T08:19:45.838+0000] {logging_mixin.py:188} INFO - [2026-03-04T08:19:45.838+0000] {dag.py:3947} INFO - Setting next_dagrun for example_short_circuit_operator to 2026-03-03 00:00:00+00:00, run_after=2026-03-04 00:00:00+00:00
[2026-03-04T08:19:45.849+0000] {processor.py:183} INFO - Processing /home/airflow/.local/lib/python3.12/site-packages/airflow/example_dags/example_short_circuit_operator.py took 0.053 seconds
[2026-03-04T08:20:16.356+0000] {processor.py:161} INFO - Started process (PID=11808) to work on /home/airflow/.local/lib/python3.12/site-packages/airflow/example_dags/example_short_circuit_operator.py
[2026-03-04T08:20:16.357+0000] {processor.py:830} INFO - Processing file /home/airflow/.local/lib/python3.12/site-packages/airflow/example_dags/example_short_circuit_operator.py for tasks to queue
[2026-03-04T08:20:16.364+0000] {logging_mixin.py:188} INFO - [2026-03-04T08:20:16.364+0000] {dagbag.py:545} INFO - Filling up the DagBag from /home/airflow/.local/lib/python3.12/site-packages/airflow/example_dags/example_short_circuit_operator.py
[2026-03-04T08:20:16.369+0000] {processor.py:840} INFO - DAG(s) 'example_short_circuit_operator' retrieved from /home/airflow/.local/lib/python3.12/site-packages/airflow/example_dags/example_short_circuit_operator.py
[2026-03-04T08:20:16.387+0000] {logging_mixin.py:188} INFO - [2026-03-04T08:20:16.387+0000] {dag.py:3089} INFO - Sync 1 DAGs
[2026-03-04T08:20:16.400+0000] {logging_mixin.py:188} INFO - [2026-03-04T08:20:16.400+0000] {dag.py:3947} INFO - Setting next_dagrun for example_short_circuit_operator to 2026-03-03 00:00:00+00:00, run_after=2026-03-04 00:00:00+00:00
[2026-03-04T08:20:16.412+0000] {processor.py:183} INFO - Processing /home/airflow/.local/lib/python3.12/site-packages/airflow/example_dags/example_short_circuit_operator.py took 0.065 seconds
[2026-03-04T08:37:20.887+0000] {processor.py:161} INFO - Started process (PID=12063) to work on /home/airflow/.local/lib/python3.12/site-packages/airflow/example_dags/example_short_circuit_operator.py
[2026-03-04T08:37:20.888+0000] {processor.py:830} INFO - Processing file /home/airflow/.local/lib/python3.12/site-packages/airflow/example_dags/example_short_circuit_operator.py for tasks to queue
[2026-03-04T08:37:20.889+0000] {logging_mixin.py:188} INFO - [2026-03-04T08:37:20.889+0000] {dagbag.py:545} INFO - Filling up the DagBag from /home/airflow/.local/lib/python3.12/site-packages/airflow/example_dags/example_short_circuit_operator.py
[2026-03-04T08:37:20.892+0000] {processor.py:840} INFO - DAG(s) 'example_short_circuit_operator' retrieved from /home/airflow/.local/lib/python3.12/site-packages/airflow/example_dags/example_short_circuit_operator.py
[2026-03-04T08:37:20.906+0000] {logging_mixin.py:188} INFO - [2026-03-04T08:37:20.905+0000] {dag.py:3089} INFO - Sync 1 DAGs
[2026-03-04T08:37:20.913+0000] {logging_mixin.py:188} INFO - [2026-03-04T08:37:20.913+0000] {dag.py:3947} INFO - Setting next_dagrun for example_short_circuit_operator to 2026-03-03 00:00:00+00:00, run_after=2026-03-04 00:00:00+00:00
[2026-03-04T08:37:20.921+0000] {processor.py:183} INFO - Processing /home/airflow/.local/lib/python3.12/site-packages/airflow/example_dags/example_short_circuit_operator.py took 0.036 seconds
[2026-03-04T08:46:11.393+0000] {processor.py:161} INFO - Started process (PID=12327) to work on /home/airflow/.local/lib/python3.12/site-packages/airflow/example_dags/example_short_circuit_operator.py
[2026-03-04T08:46:11.393+0000] {processor.py:830} INFO - Processing file /home/airflow/.local/lib/python3.12/site-packages/airflow/example_dags/example_short_circuit_operator.py for tasks to queue
[2026-03-04T08:46:11.394+0000] {logging_mixin.py:188} INFO - [2026-03-04T08:46:11.394+0000] {dagbag.py:545} INFO - Filling up the DagBag from /home/airflow/.local/lib/python3.12/site-packages/airflow/example_dags/example_short_circuit_operator.py
[2026-03-04T08:46:11.398+0000] {processor.py:840} INFO - DAG(s) 'example_short_circuit_operator' retrieved from /home/airflow/.local/lib/python3.12/site-packages/airflow/example_dags/example_short_circuit_operator.py
[2026-03-04T08:46:11.406+0000] {logging_mixin.py:188} INFO - [2026-03-04T08:46:11.406+0000] {dag.py:3089} INFO - Sync 1 DAGs
[2026-03-04T08:46:11.415+0000] {logging_mixin.py:188} INFO - [2026-03-04T08:46:11.415+0000] {dag.py:3947} INFO - Setting next_dagrun for example_short_circuit_operator to 2026-03-03 00:00:00+00:00, run_after=2026-03-04 00:00:00+00:00
[2026-03-04T08:46:11.424+0000] {processor.py:183} INFO - Processing /home/airflow/.local/lib/python3.12/site-packages/airflow/example_dags/example_short_circuit_operator.py took 0.034 seconds
[2026-03-04T08:46:42.002+0000] {processor.py:161} INFO - Started process (PID=12587) to work on /home/airflow/.local/lib/python3.12/site-packages/airflow/example_dags/example_short_circuit_operator.py
[2026-03-04T08:46:42.003+0000] {processor.py:830} INFO - Processing file /home/airflow/.local/lib/python3.12/site-packages/airflow/example_dags/example_short_circuit_operator.py for tasks to queue
[2026-03-04T08:46:42.004+0000] {logging_mixin.py:188} INFO - [2026-03-04T08:46:42.004+0000] {dagbag.py:545} INFO - Filling up the DagBag from /home/airflow/.local/lib/python3.12/site-packages/airflow/example_dags/example_short_circuit_operator.py
[2026-03-04T08:46:42.007+0000] {processor.py:840} INFO - DAG(s) 'example_short_circuit_operator' retrieved from /home/airflow/.local/lib/python3.12/site-packages/airflow/example_dags/example_short_circuit_operator.py
[2026-03-04T08:46:42.016+0000] {logging_mixin.py:188} INFO - [2026-03-04T08:46:42.016+0000] {dag.py:3089} INFO - Sync 1 DAGs
[2026-03-04T08:46:42.024+0000] {logging_mixin.py:188} INFO - [2026-03-04T08:46:42.024+0000] {dag.py:3947} INFO - Setting next_dagrun for example_short_circuit_operator to 2026-03-03 00:00:00+00:00, run_after=2026-03-04 00:00:00+00:00
[2026-03-04T08:46:42.035+0000] {processor.py:183} INFO - Processing /home/airflow/.local/lib/python3.12/site-packages/airflow/example_dags/example_short_circuit_operator.py took 0.035 seconds
[2026-03-04T08:47:12.556+0000] {processor.py:161} INFO - Started process (PID=12849) to work on /home/airflow/.local/lib/python3.12/site-packages/airflow/example_dags/example_short_circuit_operator.py
[2026-03-04T08:47:12.557+0000] {processor.py:830} INFO - Processing file /home/airflow/.local/lib/python3.12/site-packages/airflow/example_dags/example_short_circuit_operator.py for tasks to queue
[2026-03-04T08:47:12.557+0000] {logging_mixin.py:188} INFO - [2026-03-04T08:47:12.557+0000] {dagbag.py:545} INFO - Filling up the DagBag from /home/airflow/.local/lib/python3.12/site-packages/airflow/example_dags/example_short_circuit_operator.py
[2026-03-04T08:47:12.560+0000] {processor.py:840} INFO - DAG(s) 'example_short_circuit_operator' retrieved from /home/airflow/.local/lib/python3.12/site-packages/airflow/example_dags/example_short_circuit_operator.py
[2026-03-04T08:47:12.568+0000] {logging_mixin.py:188} INFO - [2026-03-04T08:47:12.568+0000] {dag.py:3089} INFO - Sync 1 DAGs
[2026-03-04T08:47:12.576+0000] {logging_mixin.py:188} INFO - [2026-03-04T08:47:12.576+0000] {dag.py:3947} INFO - Setting next_dagrun for example_short_circuit_operator to 2026-03-03 00:00:00+00:00, run_after=2026-03-04 00:00:00+00:00
[2026-03-04T08:47:12.589+0000] {processor.py:183} INFO - Processing /home/airflow/.local/lib/python3.12/site-packages/airflow/example_dags/example_short_circuit_operator.py took 0.035 seconds
[2026-03-04T08:47:43.050+0000] {processor.py:161} INFO - Started process (PID=13111) to work on /home/airflow/.local/lib/python3.12/site-packages/airflow/example_dags/example_short_circuit_operator.py
[2026-03-04T08:47:43.051+0000] {processor.py:830} INFO - Processing file /home/airflow/.local/lib/python3.12/site-packages/airflow/example_dags/example_short_circuit_operator.py for tasks to queue
[2026-03-04T08:47:43.052+0000] {logging_mixin.py:188} INFO - [2026-03-04T08:47:43.051+0000] {dagbag.py:545} INFO - Filling up the DagBag from /home/airflow/.local/lib/python3.12/site-packages/airflow/example_dags/example_short_circuit_operator.py
[2026-03-04T08:47:43.054+0000] {processor.py:840} INFO - DAG(s) 'example_short_circuit_operator' retrieved from /home/airflow/.local/lib/python3.12/site-packages/airflow/example_dags/example_short_circuit_operator.py
[2026-03-04T08:47:43.062+0000] {logging_mixin.py:188} INFO - [2026-03-04T08:47:43.062+0000] {dag.py:3089} INFO - Sync 1 DAGs
[2026-03-04T08:47:43.072+0000] {logging_mixin.py:188} INFO - [2026-03-04T08:47:43.072+0000] {dag.py:3947} INFO - Setting next_dagrun for example_short_circuit_operator to 2026-03-03 00:00:00+00:00, run_after=2026-03-04 00:00:00+00:00
[2026-03-04T08:47:43.083+0000] {processor.py:183} INFO - Processing /home/airflow/.local/lib/python3.12/site-packages/airflow/example_dags/example_short_circuit_operator.py took 0.036 seconds
[2026-03-04T08:48:13.572+0000] {processor.py:161} INFO - Started process (PID=13373) to work on /home/airflow/.local/lib/python3.12/site-packages/airflow/example_dags/example_short_circuit_operator.py
[2026-03-04T08:48:13.573+0000] {processor.py:830} INFO - Processing file /home/airflow/.local/lib/python3.12/site-packages/airflow/example_dags/example_short_circuit_operator.py for tasks to queue
[2026-03-04T08:48:13.574+0000] {logging_mixin.py:188} INFO - [2026-03-04T08:48:13.574+0000] {dagbag.py:545} INFO - Filling up the DagBag from /home/airflow/.local/lib/python3.12/site-packages/airflow/example_dags/example_short_circuit_operator.py
[2026-03-04T08:48:13.577+0000] {processor.py:840} INFO - DAG(s) 'example_short_circuit_operator' retrieved from /home/airflow/.local/lib/python3.12/site-packages/airflow/example_dags/example_short_circuit_operator.py
[2026-03-04T08:48:13.589+0000] {logging_mixin.py:188} INFO - [2026-03-04T08:48:13.589+0000] {dag.py:3089} INFO - Sync 1 DAGs
[2026-03-04T08:48:13.597+0000] {logging_mixin.py:188} INFO - [2026-03-04T08:48:13.597+0000] {dag.py:3947} INFO - Setting next_dagrun for example_short_circuit_operator to 2026-03-03 00:00:00+00:00, run_after=2026-03-04 00:00:00+00:00
[2026-03-04T08:48:13.605+0000] {processor.py:183} INFO - Processing /home/airflow/.local/lib/python3.12/site-packages/airflow/example_dags/example_short_circuit_operator.py took 0.036 seconds
[2026-03-04T08:48:44.134+0000] {processor.py:161} INFO - Started process (PID=13636) to work on /home/airflow/.local/lib/python3.12/site-packages/airflow/example_dags/example_short_circuit_operator.py
[2026-03-04T08:48:44.135+0000] {processor.py:830} INFO - Processing file /home/airflow/.local/lib/python3.12/site-packages/airflow/example_dags/example_short_circuit_operator.py for tasks to queue
[2026-03-04T08:48:44.135+0000] {logging_mixin.py:188} INFO - [2026-03-04T08:48:44.135+0000] {dagbag.py:545} INFO - Filling up the DagBag from /home/airflow/.local/lib/python3.12/site-packages/airflow/example_dags/example_short_circuit_operator.py
[2026-03-04T08:48:44.138+0000] {processor.py:840} INFO - DAG(s) 'example_short_circuit_operator' retrieved from /home/airflow/.local/lib/python3.12/site-packages/airflow/example_dags/example_short_circuit_operator.py
[2026-03-04T08:48:44.152+0000] {logging_mixin.py:188} INFO - [2026-03-04T08:48:44.152+0000] {dag.py:3089} INFO - Sync 1 DAGs
[2026-03-04T08:48:44.161+0000] {logging_mixin.py:188} INFO - [2026-03-04T08:48:44.161+0000] {dag.py:3947} INFO - Setting next_dagrun for example_short_circuit_operator to 2026-03-03 00:00:00+00:00, run_after=2026-03-04 00:00:00+00:00
[2026-03-04T08:48:44.170+0000] {processor.py:183} INFO - Processing /home/airflow/.local/lib/python3.12/site-packages/airflow/example_dags/example_short_circuit_operator.py took 0.038 seconds
[2026-03-04T08:49:14.725+0000] {processor.py:161} INFO - Started process (PID=13897) to work on /home/airflow/.local/lib/python3.12/site-packages/airflow/example_dags/example_short_circuit_operator.py
[2026-03-04T08:49:14.726+0000] {processor.py:830} INFO - Processing file /home/airflow/.local/lib/python3.12/site-packages/airflow/example_dags/example_short_circuit_operator.py for tasks to queue
[2026-03-04T08:49:14.727+0000] {logging_mixin.py:188} INFO - [2026-03-04T08:49:14.727+0000] {dagbag.py:545} INFO - Filling up the DagBag from /home/airflow/.local/lib/python3.12/site-packages/airflow/example_dags/example_short_circuit_operator.py
[2026-03-04T08:49:14.730+0000] {processor.py:840} INFO - DAG(s) 'example_short_circuit_operator' retrieved from /home/airflow/.local/lib/python3.12/site-packages/airflow/example_dags/example_short_circuit_operator.py
[2026-03-04T08:49:14.742+0000] {logging_mixin.py:188} INFO - [2026-03-04T08:49:14.742+0000] {dag.py:3089} INFO - Sync 1 DAGs
[2026-03-04T08:49:14.749+0000] {logging_mixin.py:188} INFO - [2026-03-04T08:49:14.749+0000] {dag.py:3947} INFO - Setting next_dagrun for example_short_circuit_operator to 2026-03-03 00:00:00+00:00, run_after=2026-03-04 00:00:00+00:00
[2026-03-04T08:49:14.757+0000] {processor.py:183} INFO - Processing /home/airflow/.local/lib/python3.12/site-packages/airflow/example_dags/example_short_circuit_operator.py took 0.034 seconds
[2026-03-04T08:49:45.315+0000] {processor.py:161} INFO - Started process (PID=14159) to work on /home/airflow/.local/lib/python3.12/site-packages/airflow/example_dags/example_short_circuit_operator.py
[2026-03-04T08:49:45.315+0000] {processor.py:830} INFO - Processing file /home/airflow/.local/lib/python3.12/site-packages/airflow/example_dags/example_short_circuit_operator.py for tasks to queue
[2026-03-04T08:49:45.316+0000] {logging_mixin.py:188} INFO - [2026-03-04T08:49:45.316+0000] {dagbag.py:545} INFO - Filling up the DagBag from /home/airflow/.local/lib/python3.12/site-packages/airflow/example_dags/example_short_circuit_operator.py
[2026-03-04T08:49:45.319+0000] {processor.py:840} INFO - DAG(s) 'example_short_circuit_operator' retrieved from /home/airflow/.local/lib/python3.12/site-packages/airflow/example_dags/example_short_circuit_operator.py
[2026-03-04T08:49:45.330+0000] {logging_mixin.py:188} INFO - [2026-03-04T08:49:45.330+0000] {dag.py:3089} INFO - Sync 1 DAGs
[2026-03-04T08:49:45.341+0000] {logging_mixin.py:188} INFO - [2026-03-04T08:49:45.340+0000] {dag.py:3947} INFO - Setting next_dagrun for example_short_circuit_operator to 2026-03-03 00:00:00+00:00, run_after=2026-03-04 00:00:00+00:00
[2026-03-04T08:49:45.350+0000] {processor.py:183} INFO - Processing /home/airflow/.local/lib/python3.12/site-packages/airflow/example_dags/example_short_circuit_operator.py took 0.037 seconds
[2026-03-04T08:50:15.838+0000] {processor.py:161} INFO - Started process (PID=14423) to work on /home/airflow/.local/lib/python3.12/site-packages/airflow/example_dags/example_short_circuit_operator.py
[2026-03-04T08:50:15.838+0000] {processor.py:830} INFO - Processing file /home/airflow/.local/lib/python3.12/site-packages/airflow/example_dags/example_short_circuit_operator.py for tasks to queue
[2026-03-04T08:50:15.839+0000] {logging_mixin.py:188} INFO - [2026-03-04T08:50:15.839+0000] {dagbag.py:545} INFO - Filling up the DagBag from /home/airflow/.local/lib/python3.12/site-packages/airflow/example_dags/example_short_circuit_operator.py
[2026-03-04T08:50:15.841+0000] {processor.py:840} INFO - DAG(s) 'example_short_circuit_operator' retrieved from /home/airflow/.local/lib/python3.12/site-packages/airflow/example_dags/example_short_circuit_operator.py
[2026-03-04T08:50:15.852+0000] {logging_mixin.py:188} INFO - [2026-03-04T08:50:15.852+0000] {dag.py:3089} INFO - Sync 1 DAGs
[2026-03-04T08:50:15.861+0000] {logging_mixin.py:188} INFO - [2026-03-04T08:50:15.861+0000] {dag.py:3947} INFO - Setting next_dagrun for example_short_circuit_operator to 2026-03-03 00:00:00+00:00, run_after=2026-03-04 00:00:00+00:00
[2026-03-04T08:50:15.869+0000] {processor.py:183} INFO - Processing /home/airflow/.local/lib/python3.12/site-packages/airflow/example_dags/example_short_circuit_operator.py took 0.033 seconds
[2026-03-04T08:50:46.388+0000] {processor.py:161} INFO - Started process (PID=14683) to work on /home/airflow/.local/lib/python3.12/site-packages/airflow/example_dags/example_short_circuit_operator.py
[2026-03-04T08:50:46.388+0000] {processor.py:830} INFO - Processing file /home/airflow/.local/lib/python3.12/site-packages/airflow/example_dags/example_short_circuit_operator.py for tasks to queue
[2026-03-04T08:50:46.389+0000] {logging_mixin.py:188} INFO - [2026-03-04T08:50:46.389+0000] {dagbag.py:545} INFO - Filling up the DagBag from /home/airflow/.local/lib/python3.12/site-packages/airflow/example_dags/example_short_circuit_operator.py
[2026-03-04T08:50:46.392+0000] {processor.py:840} INFO - DAG(s) 'example_short_circuit_operator' retrieved from /home/airflow/.local/lib/python3.12/site-packages/airflow/example_dags/example_short_circuit_operator.py
[2026-03-04T08:50:46.402+0000] {logging_mixin.py:188} INFO - [2026-03-04T08:50:46.402+0000] {dag.py:3089} INFO - Sync 1 DAGs
[2026-03-04T08:50:46.409+0000] {logging_mixin.py:188} INFO - [2026-03-04T08:50:46.409+0000] {dag.py:3947} INFO - Setting next_dagrun for example_short_circuit_operator to 2026-03-03 00:00:00+00:00, run_after=2026-03-04 00:00:00+00:00
[2026-03-04T08:50:46.418+0000] {processor.py:183} INFO - Processing /home/airflow/.local/lib/python3.12/site-packages/airflow/example_dags/example_short_circuit_operator.py took 0.032 seconds
