[2026-03-04T07:57:49.362+0000] {processor.py:161} INFO - Started process (PID=207) to work on /home/airflow/.local/lib/python3.12/site-packages/airflow/example_dags/example_setup_teardown.py
[2026-03-04T07:57:49.363+0000] {processor.py:830} INFO - Processing file /home/airflow/.local/lib/python3.12/site-packages/airflow/example_dags/example_setup_teardown.py for tasks to queue
[2026-03-04T07:57:49.363+0000] {logging_mixin.py:188} INFO - [2026-03-04T07:57:49.363+0000] {dagbag.py:545} INFO - Filling up the DagBag from /home/airflow/.local/lib/python3.12/site-packages/airflow/example_dags/example_setup_teardown.py
[2026-03-04T07:57:49.367+0000] {processor.py:840} INFO - DAG(s) 'example_setup_teardown' retrieved from /home/airflow/.local/lib/python3.12/site-packages/airflow/example_dags/example_setup_teardown.py
[2026-03-04T07:57:49.406+0000] {logging_mixin.py:188} INFO - [2026-03-04T07:57:49.406+0000] {override.py:1858} INFO - Created Permission View: can delete on DAG:example_setup_teardown
[2026-03-04T07:57:49.409+0000] {logging_mixin.py:188} INFO - [2026-03-04T07:57:49.409+0000] {override.py:1858} INFO - Created Permission View: can read on DAG:example_setup_teardown
[2026-03-04T07:57:49.411+0000] {logging_mixin.py:188} INFO - [2026-03-04T07:57:49.410+0000] {override.py:1858} INFO - Created Permission View: can edit on DAG:example_setup_teardown
[2026-03-04T07:57:49.411+0000] {logging_mixin.py:188} INFO - [2026-03-04T07:57:49.411+0000] {dag.py:3089} INFO - Sync 1 DAGs
[2026-03-04T07:57:49.415+0000] {logging_mixin.py:188} INFO - [2026-03-04T07:57:49.414+0000] {dag.py:3111} INFO - Creating ORM DAG for example_setup_teardown
[2026-03-04T07:57:49.419+0000] {logging_mixin.py:188} INFO - [2026-03-04T07:57:49.419+0000] {dag.py:3947} INFO - Setting next_dagrun for example_setup_teardown to 2026-03-03 00:00:00+00:00, run_after=2026-03-04 00:00:00+00:00
[2026-03-04T07:57:49.424+0000] {processor.py:183} INFO - Processing /home/airflow/.local/lib/python3.12/site-packages/airflow/example_dags/example_setup_teardown.py took 0.064 seconds
[2026-03-04T07:58:20.137+0000] {processor.py:161} INFO - Started process (PID=469) to work on /home/airflow/.local/lib/python3.12/site-packages/airflow/example_dags/example_setup_teardown.py
[2026-03-04T07:58:20.137+0000] {processor.py:830} INFO - Processing file /home/airflow/.local/lib/python3.12/site-packages/airflow/example_dags/example_setup_teardown.py for tasks to queue
[2026-03-04T07:58:20.138+0000] {logging_mixin.py:188} INFO - [2026-03-04T07:58:20.138+0000] {dagbag.py:545} INFO - Filling up the DagBag from /home/airflow/.local/lib/python3.12/site-packages/airflow/example_dags/example_setup_teardown.py
[2026-03-04T07:58:20.142+0000] {processor.py:840} INFO - DAG(s) 'example_setup_teardown' retrieved from /home/airflow/.local/lib/python3.12/site-packages/airflow/example_dags/example_setup_teardown.py
[2026-03-04T07:58:20.149+0000] {logging_mixin.py:188} INFO - [2026-03-04T07:58:20.149+0000] {dag.py:3089} INFO - Sync 1 DAGs
[2026-03-04T07:58:20.156+0000] {logging_mixin.py:188} INFO - [2026-03-04T07:58:20.156+0000] {dag.py:3947} INFO - Setting next_dagrun for example_setup_teardown to 2026-03-03 00:00:00+00:00, run_after=2026-03-04 00:00:00+00:00
[2026-03-04T07:58:20.162+0000] {processor.py:183} INFO - Processing /home/airflow/.local/lib/python3.12/site-packages/airflow/example_dags/example_setup_teardown.py took 0.029 seconds
[2026-03-04T07:58:50.663+0000] {processor.py:161} INFO - Started process (PID=731) to work on /home/airflow/.local/lib/python3.12/site-packages/airflow/example_dags/example_setup_teardown.py
[2026-03-04T07:58:50.664+0000] {processor.py:830} INFO - Processing file /home/airflow/.local/lib/python3.12/site-packages/airflow/example_dags/example_setup_teardown.py for tasks to queue
[2026-03-04T07:58:50.666+0000] {logging_mixin.py:188} INFO - [2026-03-04T07:58:50.666+0000] {dagbag.py:545} INFO - Filling up the DagBag from /home/airflow/.local/lib/python3.12/site-packages/airflow/example_dags/example_setup_teardown.py
[2026-03-04T07:58:50.669+0000] {processor.py:840} INFO - DAG(s) 'example_setup_teardown' retrieved from /home/airflow/.local/lib/python3.12/site-packages/airflow/example_dags/example_setup_teardown.py
[2026-03-04T07:58:50.679+0000] {logging_mixin.py:188} INFO - [2026-03-04T07:58:50.679+0000] {dag.py:3089} INFO - Sync 1 DAGs
[2026-03-04T07:58:50.688+0000] {logging_mixin.py:188} INFO - [2026-03-04T07:58:50.688+0000] {dag.py:3947} INFO - Setting next_dagrun for example_setup_teardown to 2026-03-03 00:00:00+00:00, run_after=2026-03-04 00:00:00+00:00
[2026-03-04T07:58:50.695+0000] {processor.py:183} INFO - Processing /home/airflow/.local/lib/python3.12/site-packages/airflow/example_dags/example_setup_teardown.py took 0.035 seconds
[2026-03-04T07:59:21.215+0000] {processor.py:161} INFO - Started process (PID=993) to work on /home/airflow/.local/lib/python3.12/site-packages/airflow/example_dags/example_setup_teardown.py
[2026-03-04T07:59:21.215+0000] {processor.py:830} INFO - Processing file /home/airflow/.local/lib/python3.12/site-packages/airflow/example_dags/example_setup_teardown.py for tasks to queue
[2026-03-04T07:59:21.216+0000] {logging_mixin.py:188} INFO - [2026-03-04T07:59:21.216+0000] {dagbag.py:545} INFO - Filling up the DagBag from /home/airflow/.local/lib/python3.12/site-packages/airflow/example_dags/example_setup_teardown.py
[2026-03-04T07:59:21.219+0000] {processor.py:840} INFO - DAG(s) 'example_setup_teardown' retrieved from /home/airflow/.local/lib/python3.12/site-packages/airflow/example_dags/example_setup_teardown.py
[2026-03-04T07:59:21.227+0000] {logging_mixin.py:188} INFO - [2026-03-04T07:59:21.227+0000] {dag.py:3089} INFO - Sync 1 DAGs
[2026-03-04T07:59:21.234+0000] {logging_mixin.py:188} INFO - [2026-03-04T07:59:21.234+0000] {dag.py:3947} INFO - Setting next_dagrun for example_setup_teardown to 2026-03-03 00:00:00+00:00, run_after=2026-03-04 00:00:00+00:00
[2026-03-04T07:59:21.240+0000] {processor.py:183} INFO - Processing /home/airflow/.local/lib/python3.12/site-packages/airflow/example_dags/example_setup_teardown.py took 0.028 seconds
[2026-03-04T07:59:51.783+0000] {processor.py:161} INFO - Started process (PID=1255) to work on /home/airflow/.local/lib/python3.12/site-packages/airflow/example_dags/example_setup_teardown.py
[2026-03-04T07:59:51.783+0000] {processor.py:830} INFO - Processing file /home/airflow/.local/lib/python3.12/site-packages/airflow/example_dags/example_setup_teardown.py for tasks to queue
[2026-03-04T07:59:51.786+0000] {logging_mixin.py:188} INFO - [2026-03-04T07:59:51.785+0000] {dagbag.py:545} INFO - Filling up the DagBag from /home/airflow/.local/lib/python3.12/site-packages/airflow/example_dags/example_setup_teardown.py
[2026-03-04T07:59:51.790+0000] {processor.py:840} INFO - DAG(s) 'example_setup_teardown' retrieved from /home/airflow/.local/lib/python3.12/site-packages/airflow/example_dags/example_setup_teardown.py
[2026-03-04T07:59:51.799+0000] {logging_mixin.py:188} INFO - [2026-03-04T07:59:51.799+0000] {dag.py:3089} INFO - Sync 1 DAGs
[2026-03-04T07:59:51.810+0000] {logging_mixin.py:188} INFO - [2026-03-04T07:59:51.810+0000] {dag.py:3947} INFO - Setting next_dagrun for example_setup_teardown to 2026-03-03 00:00:00+00:00, run_after=2026-03-04 00:00:00+00:00
[2026-03-04T07:59:51.817+0000] {processor.py:183} INFO - Processing /home/airflow/.local/lib/python3.12/site-packages/airflow/example_dags/example_setup_teardown.py took 0.037 seconds
[2026-03-04T08:00:22.498+0000] {processor.py:161} INFO - Started process (PID=1517) to work on /home/airflow/.local/lib/python3.12/site-packages/airflow/example_dags/example_setup_teardown.py
[2026-03-04T08:00:22.498+0000] {processor.py:830} INFO - Processing file /home/airflow/.local/lib/python3.12/site-packages/airflow/example_dags/example_setup_teardown.py for tasks to queue
[2026-03-04T08:00:22.499+0000] {logging_mixin.py:188} INFO - [2026-03-04T08:00:22.499+0000] {dagbag.py:545} INFO - Filling up the DagBag from /home/airflow/.local/lib/python3.12/site-packages/airflow/example_dags/example_setup_teardown.py
[2026-03-04T08:00:22.502+0000] {processor.py:840} INFO - DAG(s) 'example_setup_teardown' retrieved from /home/airflow/.local/lib/python3.12/site-packages/airflow/example_dags/example_setup_teardown.py
[2026-03-04T08:00:22.511+0000] {logging_mixin.py:188} INFO - [2026-03-04T08:00:22.511+0000] {dag.py:3089} INFO - Sync 1 DAGs
[2026-03-04T08:00:22.519+0000] {logging_mixin.py:188} INFO - [2026-03-04T08:00:22.519+0000] {dag.py:3947} INFO - Setting next_dagrun for example_setup_teardown to 2026-03-03 00:00:00+00:00, run_after=2026-03-04 00:00:00+00:00
[2026-03-04T08:00:22.526+0000] {processor.py:183} INFO - Processing /home/airflow/.local/lib/python3.12/site-packages/airflow/example_dags/example_setup_teardown.py took 0.031 seconds
[2026-03-04T08:00:53.130+0000] {processor.py:161} INFO - Started process (PID=1779) to work on /home/airflow/.local/lib/python3.12/site-packages/airflow/example_dags/example_setup_teardown.py
[2026-03-04T08:00:53.130+0000] {processor.py:830} INFO - Processing file /home/airflow/.local/lib/python3.12/site-packages/airflow/example_dags/example_setup_teardown.py for tasks to queue
[2026-03-04T08:00:53.131+0000] {logging_mixin.py:188} INFO - [2026-03-04T08:00:53.131+0000] {dagbag.py:545} INFO - Filling up the DagBag from /home/airflow/.local/lib/python3.12/site-packages/airflow/example_dags/example_setup_teardown.py
[2026-03-04T08:00:53.135+0000] {processor.py:840} INFO - DAG(s) 'example_setup_teardown' retrieved from /home/airflow/.local/lib/python3.12/site-packages/airflow/example_dags/example_setup_teardown.py
[2026-03-04T08:00:53.144+0000] {logging_mixin.py:188} INFO - [2026-03-04T08:00:53.144+0000] {dag.py:3089} INFO - Sync 1 DAGs
[2026-03-04T08:00:53.153+0000] {logging_mixin.py:188} INFO - [2026-03-04T08:00:53.153+0000] {dag.py:3947} INFO - Setting next_dagrun for example_setup_teardown to 2026-03-03 00:00:00+00:00, run_after=2026-03-04 00:00:00+00:00
[2026-03-04T08:00:53.159+0000] {processor.py:183} INFO - Processing /home/airflow/.local/lib/python3.12/site-packages/airflow/example_dags/example_setup_teardown.py took 0.032 seconds
[2026-03-04T08:01:23.745+0000] {processor.py:161} INFO - Started process (PID=2041) to work on /home/airflow/.local/lib/python3.12/site-packages/airflow/example_dags/example_setup_teardown.py
[2026-03-04T08:01:23.746+0000] {processor.py:830} INFO - Processing file /home/airflow/.local/lib/python3.12/site-packages/airflow/example_dags/example_setup_teardown.py for tasks to queue
[2026-03-04T08:01:23.746+0000] {logging_mixin.py:188} INFO - [2026-03-04T08:01:23.746+0000] {dagbag.py:545} INFO - Filling up the DagBag from /home/airflow/.local/lib/python3.12/site-packages/airflow/example_dags/example_setup_teardown.py
[2026-03-04T08:01:23.749+0000] {processor.py:840} INFO - DAG(s) 'example_setup_teardown' retrieved from /home/airflow/.local/lib/python3.12/site-packages/airflow/example_dags/example_setup_teardown.py
[2026-03-04T08:01:23.757+0000] {logging_mixin.py:188} INFO - [2026-03-04T08:01:23.757+0000] {dag.py:3089} INFO - Sync 1 DAGs
[2026-03-04T08:01:23.764+0000] {logging_mixin.py:188} INFO - [2026-03-04T08:01:23.764+0000] {dag.py:3947} INFO - Setting next_dagrun for example_setup_teardown to 2026-03-03 00:00:00+00:00, run_after=2026-03-04 00:00:00+00:00
[2026-03-04T08:01:23.770+0000] {processor.py:183} INFO - Processing /home/airflow/.local/lib/python3.12/site-packages/airflow/example_dags/example_setup_teardown.py took 0.028 seconds
[2026-03-04T08:01:54.268+0000] {processor.py:161} INFO - Started process (PID=2303) to work on /home/airflow/.local/lib/python3.12/site-packages/airflow/example_dags/example_setup_teardown.py
[2026-03-04T08:01:54.269+0000] {processor.py:830} INFO - Processing file /home/airflow/.local/lib/python3.12/site-packages/airflow/example_dags/example_setup_teardown.py for tasks to queue
[2026-03-04T08:01:54.270+0000] {logging_mixin.py:188} INFO - [2026-03-04T08:01:54.269+0000] {dagbag.py:545} INFO - Filling up the DagBag from /home/airflow/.local/lib/python3.12/site-packages/airflow/example_dags/example_setup_teardown.py
[2026-03-04T08:01:54.273+0000] {processor.py:840} INFO - DAG(s) 'example_setup_teardown' retrieved from /home/airflow/.local/lib/python3.12/site-packages/airflow/example_dags/example_setup_teardown.py
[2026-03-04T08:01:54.282+0000] {logging_mixin.py:188} INFO - [2026-03-04T08:01:54.281+0000] {dag.py:3089} INFO - Sync 1 DAGs
[2026-03-04T08:01:54.290+0000] {logging_mixin.py:188} INFO - [2026-03-04T08:01:54.289+0000] {dag.py:3947} INFO - Setting next_dagrun for example_setup_teardown to 2026-03-03 00:00:00+00:00, run_after=2026-03-04 00:00:00+00:00
[2026-03-04T08:01:54.297+0000] {processor.py:183} INFO - Processing /home/airflow/.local/lib/python3.12/site-packages/airflow/example_dags/example_setup_teardown.py took 0.032 seconds
[2026-03-04T08:02:24.803+0000] {processor.py:161} INFO - Started process (PID=2565) to work on /home/airflow/.local/lib/python3.12/site-packages/airflow/example_dags/example_setup_teardown.py
[2026-03-04T08:02:24.804+0000] {processor.py:830} INFO - Processing file /home/airflow/.local/lib/python3.12/site-packages/airflow/example_dags/example_setup_teardown.py for tasks to queue
[2026-03-04T08:02:24.804+0000] {logging_mixin.py:188} INFO - [2026-03-04T08:02:24.804+0000] {dagbag.py:545} INFO - Filling up the DagBag from /home/airflow/.local/lib/python3.12/site-packages/airflow/example_dags/example_setup_teardown.py
[2026-03-04T08:02:24.807+0000] {processor.py:840} INFO - DAG(s) 'example_setup_teardown' retrieved from /home/airflow/.local/lib/python3.12/site-packages/airflow/example_dags/example_setup_teardown.py
[2026-03-04T08:02:24.815+0000] {logging_mixin.py:188} INFO - [2026-03-04T08:02:24.815+0000] {dag.py:3089} INFO - Sync 1 DAGs
[2026-03-04T08:02:24.822+0000] {logging_mixin.py:188} INFO - [2026-03-04T08:02:24.822+0000] {dag.py:3947} INFO - Setting next_dagrun for example_setup_teardown to 2026-03-03 00:00:00+00:00, run_after=2026-03-04 00:00:00+00:00
[2026-03-04T08:02:24.828+0000] {processor.py:183} INFO - Processing /home/airflow/.local/lib/python3.12/site-packages/airflow/example_dags/example_setup_teardown.py took 0.027 seconds
[2026-03-04T08:02:55.344+0000] {processor.py:161} INFO - Started process (PID=2827) to work on /home/airflow/.local/lib/python3.12/site-packages/airflow/example_dags/example_setup_teardown.py
[2026-03-04T08:02:55.344+0000] {processor.py:830} INFO - Processing file /home/airflow/.local/lib/python3.12/site-packages/airflow/example_dags/example_setup_teardown.py for tasks to queue
[2026-03-04T08:02:55.345+0000] {logging_mixin.py:188} INFO - [2026-03-04T08:02:55.345+0000] {dagbag.py:545} INFO - Filling up the DagBag from /home/airflow/.local/lib/python3.12/site-packages/airflow/example_dags/example_setup_teardown.py
[2026-03-04T08:02:55.348+0000] {processor.py:840} INFO - DAG(s) 'example_setup_teardown' retrieved from /home/airflow/.local/lib/python3.12/site-packages/airflow/example_dags/example_setup_teardown.py
[2026-03-04T08:02:55.355+0000] {logging_mixin.py:188} INFO - [2026-03-04T08:02:55.355+0000] {dag.py:3089} INFO - Sync 1 DAGs
[2026-03-04T08:02:55.362+0000] {logging_mixin.py:188} INFO - [2026-03-04T08:02:55.362+0000] {dag.py:3947} INFO - Setting next_dagrun for example_setup_teardown to 2026-03-03 00:00:00+00:00, run_after=2026-03-04 00:00:00+00:00
[2026-03-04T08:02:55.368+0000] {processor.py:183} INFO - Processing /home/airflow/.local/lib/python3.12/site-packages/airflow/example_dags/example_setup_teardown.py took 0.027 seconds
[2026-03-04T08:03:25.933+0000] {processor.py:161} INFO - Started process (PID=3089) to work on /home/airflow/.local/lib/python3.12/site-packages/airflow/example_dags/example_setup_teardown.py
[2026-03-04T08:03:25.933+0000] {processor.py:830} INFO - Processing file /home/airflow/.local/lib/python3.12/site-packages/airflow/example_dags/example_setup_teardown.py for tasks to queue
[2026-03-04T08:03:25.934+0000] {logging_mixin.py:188} INFO - [2026-03-04T08:03:25.934+0000] {dagbag.py:545} INFO - Filling up the DagBag from /home/airflow/.local/lib/python3.12/site-packages/airflow/example_dags/example_setup_teardown.py
[2026-03-04T08:03:25.938+0000] {processor.py:840} INFO - DAG(s) 'example_setup_teardown' retrieved from /home/airflow/.local/lib/python3.12/site-packages/airflow/example_dags/example_setup_teardown.py
[2026-03-04T08:03:25.946+0000] {logging_mixin.py:188} INFO - [2026-03-04T08:03:25.946+0000] {dag.py:3089} INFO - Sync 1 DAGs
[2026-03-04T08:03:25.954+0000] {logging_mixin.py:188} INFO - [2026-03-04T08:03:25.954+0000] {dag.py:3947} INFO - Setting next_dagrun for example_setup_teardown to 2026-03-03 00:00:00+00:00, run_after=2026-03-04 00:00:00+00:00
[2026-03-04T08:03:25.960+0000] {processor.py:183} INFO - Processing /home/airflow/.local/lib/python3.12/site-packages/airflow/example_dags/example_setup_teardown.py took 0.030 seconds
[2026-03-04T08:03:56.469+0000] {processor.py:161} INFO - Started process (PID=3351) to work on /home/airflow/.local/lib/python3.12/site-packages/airflow/example_dags/example_setup_teardown.py
[2026-03-04T08:03:56.469+0000] {processor.py:830} INFO - Processing file /home/airflow/.local/lib/python3.12/site-packages/airflow/example_dags/example_setup_teardown.py for tasks to queue
[2026-03-04T08:03:56.470+0000] {logging_mixin.py:188} INFO - [2026-03-04T08:03:56.470+0000] {dagbag.py:545} INFO - Filling up the DagBag from /home/airflow/.local/lib/python3.12/site-packages/airflow/example_dags/example_setup_teardown.py
[2026-03-04T08:03:56.473+0000] {processor.py:840} INFO - DAG(s) 'example_setup_teardown' retrieved from /home/airflow/.local/lib/python3.12/site-packages/airflow/example_dags/example_setup_teardown.py
[2026-03-04T08:03:56.480+0000] {logging_mixin.py:188} INFO - [2026-03-04T08:03:56.480+0000] {dag.py:3089} INFO - Sync 1 DAGs
[2026-03-04T08:03:56.487+0000] {logging_mixin.py:188} INFO - [2026-03-04T08:03:56.487+0000] {dag.py:3947} INFO - Setting next_dagrun for example_setup_teardown to 2026-03-03 00:00:00+00:00, run_after=2026-03-04 00:00:00+00:00
[2026-03-04T08:03:56.493+0000] {processor.py:183} INFO - Processing /home/airflow/.local/lib/python3.12/site-packages/airflow/example_dags/example_setup_teardown.py took 0.026 seconds
[2026-03-04T08:04:27.026+0000] {processor.py:161} INFO - Started process (PID=3613) to work on /home/airflow/.local/lib/python3.12/site-packages/airflow/example_dags/example_setup_teardown.py
[2026-03-04T08:04:27.027+0000] {processor.py:830} INFO - Processing file /home/airflow/.local/lib/python3.12/site-packages/airflow/example_dags/example_setup_teardown.py for tasks to queue
[2026-03-04T08:04:27.027+0000] {logging_mixin.py:188} INFO - [2026-03-04T08:04:27.027+0000] {dagbag.py:545} INFO - Filling up the DagBag from /home/airflow/.local/lib/python3.12/site-packages/airflow/example_dags/example_setup_teardown.py
[2026-03-04T08:04:27.031+0000] {processor.py:840} INFO - DAG(s) 'example_setup_teardown' retrieved from /home/airflow/.local/lib/python3.12/site-packages/airflow/example_dags/example_setup_teardown.py
[2026-03-04T08:04:27.041+0000] {logging_mixin.py:188} INFO - [2026-03-04T08:04:27.041+0000] {dag.py:3089} INFO - Sync 1 DAGs
[2026-03-04T08:04:27.050+0000] {logging_mixin.py:188} INFO - [2026-03-04T08:04:27.050+0000] {dag.py:3947} INFO - Setting next_dagrun for example_setup_teardown to 2026-03-03 00:00:00+00:00, run_after=2026-03-04 00:00:00+00:00
[2026-03-04T08:04:27.057+0000] {processor.py:183} INFO - Processing /home/airflow/.local/lib/python3.12/site-packages/airflow/example_dags/example_setup_teardown.py took 0.033 seconds
[2026-03-04T08:04:57.653+0000] {processor.py:161} INFO - Started process (PID=3875) to work on /home/airflow/.local/lib/python3.12/site-packages/airflow/example_dags/example_setup_teardown.py
[2026-03-04T08:04:57.653+0000] {processor.py:830} INFO - Processing file /home/airflow/.local/lib/python3.12/site-packages/airflow/example_dags/example_setup_teardown.py for tasks to queue
[2026-03-04T08:04:57.654+0000] {logging_mixin.py:188} INFO - [2026-03-04T08:04:57.654+0000] {dagbag.py:545} INFO - Filling up the DagBag from /home/airflow/.local/lib/python3.12/site-packages/airflow/example_dags/example_setup_teardown.py
[2026-03-04T08:04:57.657+0000] {processor.py:840} INFO - DAG(s) 'example_setup_teardown' retrieved from /home/airflow/.local/lib/python3.12/site-packages/airflow/example_dags/example_setup_teardown.py
[2026-03-04T08:04:57.664+0000] {logging_mixin.py:188} INFO - [2026-03-04T08:04:57.664+0000] {dag.py:3089} INFO - Sync 1 DAGs
[2026-03-04T08:04:57.671+0000] {logging_mixin.py:188} INFO - [2026-03-04T08:04:57.671+0000] {dag.py:3947} INFO - Setting next_dagrun for example_setup_teardown to 2026-03-03 00:00:00+00:00, run_after=2026-03-04 00:00:00+00:00
[2026-03-04T08:04:57.677+0000] {processor.py:183} INFO - Processing /home/airflow/.local/lib/python3.12/site-packages/airflow/example_dags/example_setup_teardown.py took 0.028 seconds
[2026-03-04T08:05:28.221+0000] {processor.py:161} INFO - Started process (PID=4137) to work on /home/airflow/.local/lib/python3.12/site-packages/airflow/example_dags/example_setup_teardown.py
[2026-03-04T08:05:28.222+0000] {processor.py:830} INFO - Processing file /home/airflow/.local/lib/python3.12/site-packages/airflow/example_dags/example_setup_teardown.py for tasks to queue
[2026-03-04T08:05:28.222+0000] {logging_mixin.py:188} INFO - [2026-03-04T08:05:28.222+0000] {dagbag.py:545} INFO - Filling up the DagBag from /home/airflow/.local/lib/python3.12/site-packages/airflow/example_dags/example_setup_teardown.py
[2026-03-04T08:05:28.225+0000] {processor.py:840} INFO - DAG(s) 'example_setup_teardown' retrieved from /home/airflow/.local/lib/python3.12/site-packages/airflow/example_dags/example_setup_teardown.py
[2026-03-04T08:05:28.232+0000] {logging_mixin.py:188} INFO - [2026-03-04T08:05:28.232+0000] {dag.py:3089} INFO - Sync 1 DAGs
[2026-03-04T08:05:28.240+0000] {logging_mixin.py:188} INFO - [2026-03-04T08:05:28.240+0000] {dag.py:3947} INFO - Setting next_dagrun for example_setup_teardown to 2026-03-03 00:00:00+00:00, run_after=2026-03-04 00:00:00+00:00
[2026-03-04T08:05:28.247+0000] {processor.py:183} INFO - Processing /home/airflow/.local/lib/python3.12/site-packages/airflow/example_dags/example_setup_teardown.py took 0.028 seconds
[2026-03-04T08:05:58.819+0000] {processor.py:161} INFO - Started process (PID=4399) to work on /home/airflow/.local/lib/python3.12/site-packages/airflow/example_dags/example_setup_teardown.py
[2026-03-04T08:05:58.819+0000] {processor.py:830} INFO - Processing file /home/airflow/.local/lib/python3.12/site-packages/airflow/example_dags/example_setup_teardown.py for tasks to queue
[2026-03-04T08:05:58.820+0000] {logging_mixin.py:188} INFO - [2026-03-04T08:05:58.820+0000] {dagbag.py:545} INFO - Filling up the DagBag from /home/airflow/.local/lib/python3.12/site-packages/airflow/example_dags/example_setup_teardown.py
[2026-03-04T08:05:58.823+0000] {processor.py:840} INFO - DAG(s) 'example_setup_teardown' retrieved from /home/airflow/.local/lib/python3.12/site-packages/airflow/example_dags/example_setup_teardown.py
[2026-03-04T08:05:58.830+0000] {logging_mixin.py:188} INFO - [2026-03-04T08:05:58.830+0000] {dag.py:3089} INFO - Sync 1 DAGs
[2026-03-04T08:05:58.838+0000] {logging_mixin.py:188} INFO - [2026-03-04T08:05:58.838+0000] {dag.py:3947} INFO - Setting next_dagrun for example_setup_teardown to 2026-03-03 00:00:00+00:00, run_after=2026-03-04 00:00:00+00:00
[2026-03-04T08:05:58.844+0000] {processor.py:183} INFO - Processing /home/airflow/.local/lib/python3.12/site-packages/airflow/example_dags/example_setup_teardown.py took 0.028 seconds
[2026-03-04T08:06:29.331+0000] {processor.py:161} INFO - Started process (PID=4661) to work on /home/airflow/.local/lib/python3.12/site-packages/airflow/example_dags/example_setup_teardown.py
[2026-03-04T08:06:29.332+0000] {processor.py:830} INFO - Processing file /home/airflow/.local/lib/python3.12/site-packages/airflow/example_dags/example_setup_teardown.py for tasks to queue
[2026-03-04T08:06:29.332+0000] {logging_mixin.py:188} INFO - [2026-03-04T08:06:29.332+0000] {dagbag.py:545} INFO - Filling up the DagBag from /home/airflow/.local/lib/python3.12/site-packages/airflow/example_dags/example_setup_teardown.py
[2026-03-04T08:06:29.335+0000] {processor.py:840} INFO - DAG(s) 'example_setup_teardown' retrieved from /home/airflow/.local/lib/python3.12/site-packages/airflow/example_dags/example_setup_teardown.py
[2026-03-04T08:06:29.342+0000] {logging_mixin.py:188} INFO - [2026-03-04T08:06:29.342+0000] {dag.py:3089} INFO - Sync 1 DAGs
[2026-03-04T08:06:29.348+0000] {logging_mixin.py:188} INFO - [2026-03-04T08:06:29.348+0000] {dag.py:3947} INFO - Setting next_dagrun for example_setup_teardown to 2026-03-03 00:00:00+00:00, run_after=2026-03-04 00:00:00+00:00
[2026-03-04T08:06:29.354+0000] {processor.py:183} INFO - Processing /home/airflow/.local/lib/python3.12/site-packages/airflow/example_dags/example_setup_teardown.py took 0.025 seconds
[2026-03-04T08:06:59.938+0000] {processor.py:161} INFO - Started process (PID=4923) to work on /home/airflow/.local/lib/python3.12/site-packages/airflow/example_dags/example_setup_teardown.py
[2026-03-04T08:06:59.938+0000] {processor.py:830} INFO - Processing file /home/airflow/.local/lib/python3.12/site-packages/airflow/example_dags/example_setup_teardown.py for tasks to queue
[2026-03-04T08:06:59.939+0000] {logging_mixin.py:188} INFO - [2026-03-04T08:06:59.939+0000] {dagbag.py:545} INFO - Filling up the DagBag from /home/airflow/.local/lib/python3.12/site-packages/airflow/example_dags/example_setup_teardown.py
[2026-03-04T08:06:59.941+0000] {processor.py:840} INFO - DAG(s) 'example_setup_teardown' retrieved from /home/airflow/.local/lib/python3.12/site-packages/airflow/example_dags/example_setup_teardown.py
[2026-03-04T08:06:59.949+0000] {logging_mixin.py:188} INFO - [2026-03-04T08:06:59.949+0000] {dag.py:3089} INFO - Sync 1 DAGs
[2026-03-04T08:06:59.956+0000] {logging_mixin.py:188} INFO - [2026-03-04T08:06:59.956+0000] {dag.py:3947} INFO - Setting next_dagrun for example_setup_teardown to 2026-03-03 00:00:00+00:00, run_after=2026-03-04 00:00:00+00:00
[2026-03-04T08:06:59.961+0000] {processor.py:183} INFO - Processing /home/airflow/.local/lib/python3.12/site-packages/airflow/example_dags/example_setup_teardown.py took 0.026 seconds
[2026-03-04T08:07:30.418+0000] {processor.py:161} INFO - Started process (PID=5185) to work on /home/airflow/.local/lib/python3.12/site-packages/airflow/example_dags/example_setup_teardown.py
[2026-03-04T08:07:30.419+0000] {processor.py:830} INFO - Processing file /home/airflow/.local/lib/python3.12/site-packages/airflow/example_dags/example_setup_teardown.py for tasks to queue
[2026-03-04T08:07:30.419+0000] {logging_mixin.py:188} INFO - [2026-03-04T08:07:30.419+0000] {dagbag.py:545} INFO - Filling up the DagBag from /home/airflow/.local/lib/python3.12/site-packages/airflow/example_dags/example_setup_teardown.py
[2026-03-04T08:07:30.422+0000] {processor.py:840} INFO - DAG(s) 'example_setup_teardown' retrieved from /home/airflow/.local/lib/python3.12/site-packages/airflow/example_dags/example_setup_teardown.py
[2026-03-04T08:07:30.429+0000] {logging_mixin.py:188} INFO - [2026-03-04T08:07:30.429+0000] {dag.py:3089} INFO - Sync 1 DAGs
[2026-03-04T08:07:30.436+0000] {logging_mixin.py:188} INFO - [2026-03-04T08:07:30.436+0000] {dag.py:3947} INFO - Setting next_dagrun for example_setup_teardown to 2026-03-03 00:00:00+00:00, run_after=2026-03-04 00:00:00+00:00
[2026-03-04T08:07:30.441+0000] {processor.py:183} INFO - Processing /home/airflow/.local/lib/python3.12/site-packages/airflow/example_dags/example_setup_teardown.py took 0.025 seconds
[2026-03-04T08:08:01.026+0000] {processor.py:161} INFO - Started process (PID=5447) to work on /home/airflow/.local/lib/python3.12/site-packages/airflow/example_dags/example_setup_teardown.py
[2026-03-04T08:08:01.026+0000] {processor.py:830} INFO - Processing file /home/airflow/.local/lib/python3.12/site-packages/airflow/example_dags/example_setup_teardown.py for tasks to queue
[2026-03-04T08:08:01.027+0000] {logging_mixin.py:188} INFO - [2026-03-04T08:08:01.027+0000] {dagbag.py:545} INFO - Filling up the DagBag from /home/airflow/.local/lib/python3.12/site-packages/airflow/example_dags/example_setup_teardown.py
[2026-03-04T08:08:01.029+0000] {processor.py:840} INFO - DAG(s) 'example_setup_teardown' retrieved from /home/airflow/.local/lib/python3.12/site-packages/airflow/example_dags/example_setup_teardown.py
[2026-03-04T08:08:01.038+0000] {logging_mixin.py:188} INFO - [2026-03-04T08:08:01.038+0000] {dag.py:3089} INFO - Sync 1 DAGs
[2026-03-04T08:08:01.045+0000] {logging_mixin.py:188} INFO - [2026-03-04T08:08:01.045+0000] {dag.py:3947} INFO - Setting next_dagrun for example_setup_teardown to 2026-03-03 00:00:00+00:00, run_after=2026-03-04 00:00:00+00:00
[2026-03-04T08:08:01.051+0000] {processor.py:183} INFO - Processing /home/airflow/.local/lib/python3.12/site-packages/airflow/example_dags/example_setup_teardown.py took 0.028 seconds
[2026-03-04T08:08:31.573+0000] {processor.py:161} INFO - Started process (PID=5709) to work on /home/airflow/.local/lib/python3.12/site-packages/airflow/example_dags/example_setup_teardown.py
[2026-03-04T08:08:31.573+0000] {processor.py:830} INFO - Processing file /home/airflow/.local/lib/python3.12/site-packages/airflow/example_dags/example_setup_teardown.py for tasks to queue
[2026-03-04T08:08:31.574+0000] {logging_mixin.py:188} INFO - [2026-03-04T08:08:31.574+0000] {dagbag.py:545} INFO - Filling up the DagBag from /home/airflow/.local/lib/python3.12/site-packages/airflow/example_dags/example_setup_teardown.py
[2026-03-04T08:08:31.577+0000] {processor.py:840} INFO - DAG(s) 'example_setup_teardown' retrieved from /home/airflow/.local/lib/python3.12/site-packages/airflow/example_dags/example_setup_teardown.py
[2026-03-04T08:08:31.585+0000] {logging_mixin.py:188} INFO - [2026-03-04T08:08:31.584+0000] {dag.py:3089} INFO - Sync 1 DAGs
[2026-03-04T08:08:31.591+0000] {logging_mixin.py:188} INFO - [2026-03-04T08:08:31.591+0000] {dag.py:3947} INFO - Setting next_dagrun for example_setup_teardown to 2026-03-03 00:00:00+00:00, run_after=2026-03-04 00:00:00+00:00
[2026-03-04T08:08:31.597+0000] {processor.py:183} INFO - Processing /home/airflow/.local/lib/python3.12/site-packages/airflow/example_dags/example_setup_teardown.py took 0.027 seconds
[2026-03-04T08:09:02.242+0000] {processor.py:161} INFO - Started process (PID=5971) to work on /home/airflow/.local/lib/python3.12/site-packages/airflow/example_dags/example_setup_teardown.py
[2026-03-04T08:09:02.243+0000] {processor.py:830} INFO - Processing file /home/airflow/.local/lib/python3.12/site-packages/airflow/example_dags/example_setup_teardown.py for tasks to queue
[2026-03-04T08:09:02.243+0000] {logging_mixin.py:188} INFO - [2026-03-04T08:09:02.243+0000] {dagbag.py:545} INFO - Filling up the DagBag from /home/airflow/.local/lib/python3.12/site-packages/airflow/example_dags/example_setup_teardown.py
[2026-03-04T08:09:02.246+0000] {processor.py:840} INFO - DAG(s) 'example_setup_teardown' retrieved from /home/airflow/.local/lib/python3.12/site-packages/airflow/example_dags/example_setup_teardown.py
[2026-03-04T08:09:02.253+0000] {logging_mixin.py:188} INFO - [2026-03-04T08:09:02.253+0000] {dag.py:3089} INFO - Sync 1 DAGs
[2026-03-04T08:09:02.260+0000] {logging_mixin.py:188} INFO - [2026-03-04T08:09:02.260+0000] {dag.py:3947} INFO - Setting next_dagrun for example_setup_teardown to 2026-03-03 00:00:00+00:00, run_after=2026-03-04 00:00:00+00:00
[2026-03-04T08:09:02.266+0000] {processor.py:183} INFO - Processing /home/airflow/.local/lib/python3.12/site-packages/airflow/example_dags/example_setup_teardown.py took 0.026 seconds
[2026-03-04T08:09:32.809+0000] {processor.py:161} INFO - Started process (PID=6233) to work on /home/airflow/.local/lib/python3.12/site-packages/airflow/example_dags/example_setup_teardown.py
[2026-03-04T08:09:32.809+0000] {processor.py:830} INFO - Processing file /home/airflow/.local/lib/python3.12/site-packages/airflow/example_dags/example_setup_teardown.py for tasks to queue
[2026-03-04T08:09:32.810+0000] {logging_mixin.py:188} INFO - [2026-03-04T08:09:32.810+0000] {dagbag.py:545} INFO - Filling up the DagBag from /home/airflow/.local/lib/python3.12/site-packages/airflow/example_dags/example_setup_teardown.py
[2026-03-04T08:09:32.813+0000] {processor.py:840} INFO - DAG(s) 'example_setup_teardown' retrieved from /home/airflow/.local/lib/python3.12/site-packages/airflow/example_dags/example_setup_teardown.py
[2026-03-04T08:09:32.820+0000] {logging_mixin.py:188} INFO - [2026-03-04T08:09:32.820+0000] {dag.py:3089} INFO - Sync 1 DAGs
[2026-03-04T08:09:32.826+0000] {logging_mixin.py:188} INFO - [2026-03-04T08:09:32.826+0000] {dag.py:3947} INFO - Setting next_dagrun for example_setup_teardown to 2026-03-03 00:00:00+00:00, run_after=2026-03-04 00:00:00+00:00
[2026-03-04T08:09:32.832+0000] {processor.py:183} INFO - Processing /home/airflow/.local/lib/python3.12/site-packages/airflow/example_dags/example_setup_teardown.py took 0.025 seconds
[2026-03-04T08:10:03.388+0000] {processor.py:161} INFO - Started process (PID=6495) to work on /home/airflow/.local/lib/python3.12/site-packages/airflow/example_dags/example_setup_teardown.py
[2026-03-04T08:10:03.388+0000] {processor.py:830} INFO - Processing file /home/airflow/.local/lib/python3.12/site-packages/airflow/example_dags/example_setup_teardown.py for tasks to queue
[2026-03-04T08:10:03.389+0000] {logging_mixin.py:188} INFO - [2026-03-04T08:10:03.389+0000] {dagbag.py:545} INFO - Filling up the DagBag from /home/airflow/.local/lib/python3.12/site-packages/airflow/example_dags/example_setup_teardown.py
[2026-03-04T08:10:03.392+0000] {processor.py:840} INFO - DAG(s) 'example_setup_teardown' retrieved from /home/airflow/.local/lib/python3.12/site-packages/airflow/example_dags/example_setup_teardown.py
[2026-03-04T08:10:03.405+0000] {logging_mixin.py:188} INFO - [2026-03-04T08:10:03.405+0000] {dag.py:3089} INFO - Sync 1 DAGs
[2026-03-04T08:10:03.414+0000] {logging_mixin.py:188} INFO - [2026-03-04T08:10:03.414+0000] {dag.py:3947} INFO - Setting next_dagrun for example_setup_teardown to 2026-03-03 00:00:00+00:00, run_after=2026-03-04 00:00:00+00:00
[2026-03-04T08:10:03.419+0000] {processor.py:183} INFO - Processing /home/airflow/.local/lib/python3.12/site-packages/airflow/example_dags/example_setup_teardown.py took 0.036 seconds
[2026-03-04T08:10:33.940+0000] {processor.py:161} INFO - Started process (PID=6760) to work on /home/airflow/.local/lib/python3.12/site-packages/airflow/example_dags/example_setup_teardown.py
[2026-03-04T08:10:33.941+0000] {processor.py:830} INFO - Processing file /home/airflow/.local/lib/python3.12/site-packages/airflow/example_dags/example_setup_teardown.py for tasks to queue
[2026-03-04T08:10:33.941+0000] {logging_mixin.py:188} INFO - [2026-03-04T08:10:33.941+0000] {dagbag.py:545} INFO - Filling up the DagBag from /home/airflow/.local/lib/python3.12/site-packages/airflow/example_dags/example_setup_teardown.py
[2026-03-04T08:10:33.944+0000] {processor.py:840} INFO - DAG(s) 'example_setup_teardown' retrieved from /home/airflow/.local/lib/python3.12/site-packages/airflow/example_dags/example_setup_teardown.py
[2026-03-04T08:10:33.951+0000] {logging_mixin.py:188} INFO - [2026-03-04T08:10:33.951+0000] {dag.py:3089} INFO - Sync 1 DAGs
[2026-03-04T08:10:33.958+0000] {logging_mixin.py:188} INFO - [2026-03-04T08:10:33.958+0000] {dag.py:3947} INFO - Setting next_dagrun for example_setup_teardown to 2026-03-03 00:00:00+00:00, run_after=2026-03-04 00:00:00+00:00
[2026-03-04T08:10:33.963+0000] {processor.py:183} INFO - Processing /home/airflow/.local/lib/python3.12/site-packages/airflow/example_dags/example_setup_teardown.py took 0.026 seconds
[2026-03-04T08:11:04.571+0000] {processor.py:161} INFO - Started process (PID=7022) to work on /home/airflow/.local/lib/python3.12/site-packages/airflow/example_dags/example_setup_teardown.py
[2026-03-04T08:11:04.571+0000] {processor.py:830} INFO - Processing file /home/airflow/.local/lib/python3.12/site-packages/airflow/example_dags/example_setup_teardown.py for tasks to queue
[2026-03-04T08:11:04.572+0000] {logging_mixin.py:188} INFO - [2026-03-04T08:11:04.572+0000] {dagbag.py:545} INFO - Filling up the DagBag from /home/airflow/.local/lib/python3.12/site-packages/airflow/example_dags/example_setup_teardown.py
[2026-03-04T08:11:04.575+0000] {processor.py:840} INFO - DAG(s) 'example_setup_teardown' retrieved from /home/airflow/.local/lib/python3.12/site-packages/airflow/example_dags/example_setup_teardown.py
[2026-03-04T08:11:04.583+0000] {logging_mixin.py:188} INFO - [2026-03-04T08:11:04.583+0000] {dag.py:3089} INFO - Sync 1 DAGs
[2026-03-04T08:11:04.591+0000] {logging_mixin.py:188} INFO - [2026-03-04T08:11:04.591+0000] {dag.py:3947} INFO - Setting next_dagrun for example_setup_teardown to 2026-03-03 00:00:00+00:00, run_after=2026-03-04 00:00:00+00:00
[2026-03-04T08:11:04.598+0000] {processor.py:183} INFO - Processing /home/airflow/.local/lib/python3.12/site-packages/airflow/example_dags/example_setup_teardown.py took 0.029 seconds
[2026-03-04T08:11:35.211+0000] {processor.py:161} INFO - Started process (PID=7284) to work on /home/airflow/.local/lib/python3.12/site-packages/airflow/example_dags/example_setup_teardown.py
[2026-03-04T08:11:35.211+0000] {processor.py:830} INFO - Processing file /home/airflow/.local/lib/python3.12/site-packages/airflow/example_dags/example_setup_teardown.py for tasks to queue
[2026-03-04T08:11:35.212+0000] {logging_mixin.py:188} INFO - [2026-03-04T08:11:35.212+0000] {dagbag.py:545} INFO - Filling up the DagBag from /home/airflow/.local/lib/python3.12/site-packages/airflow/example_dags/example_setup_teardown.py
[2026-03-04T08:11:35.214+0000] {processor.py:840} INFO - DAG(s) 'example_setup_teardown' retrieved from /home/airflow/.local/lib/python3.12/site-packages/airflow/example_dags/example_setup_teardown.py
[2026-03-04T08:11:35.222+0000] {logging_mixin.py:188} INFO - [2026-03-04T08:11:35.222+0000] {dag.py:3089} INFO - Sync 1 DAGs
[2026-03-04T08:11:35.229+0000] {logging_mixin.py:188} INFO - [2026-03-04T08:11:35.229+0000] {dag.py:3947} INFO - Setting next_dagrun for example_setup_teardown to 2026-03-03 00:00:00+00:00, run_after=2026-03-04 00:00:00+00:00
[2026-03-04T08:11:35.235+0000] {processor.py:183} INFO - Processing /home/airflow/.local/lib/python3.12/site-packages/airflow/example_dags/example_setup_teardown.py took 0.026 seconds
[2026-03-04T08:12:05.739+0000] {processor.py:161} INFO - Started process (PID=7546) to work on /home/airflow/.local/lib/python3.12/site-packages/airflow/example_dags/example_setup_teardown.py
[2026-03-04T08:12:05.740+0000] {processor.py:830} INFO - Processing file /home/airflow/.local/lib/python3.12/site-packages/airflow/example_dags/example_setup_teardown.py for tasks to queue
[2026-03-04T08:12:05.740+0000] {logging_mixin.py:188} INFO - [2026-03-04T08:12:05.740+0000] {dagbag.py:545} INFO - Filling up the DagBag from /home/airflow/.local/lib/python3.12/site-packages/airflow/example_dags/example_setup_teardown.py
[2026-03-04T08:12:05.743+0000] {processor.py:840} INFO - DAG(s) 'example_setup_teardown' retrieved from /home/airflow/.local/lib/python3.12/site-packages/airflow/example_dags/example_setup_teardown.py
[2026-03-04T08:12:05.750+0000] {logging_mixin.py:188} INFO - [2026-03-04T08:12:05.750+0000] {dag.py:3089} INFO - Sync 1 DAGs
[2026-03-04T08:12:05.756+0000] {logging_mixin.py:188} INFO - [2026-03-04T08:12:05.756+0000] {dag.py:3947} INFO - Setting next_dagrun for example_setup_teardown to 2026-03-03 00:00:00+00:00, run_after=2026-03-04 00:00:00+00:00
[2026-03-04T08:12:05.762+0000] {processor.py:183} INFO - Processing /home/airflow/.local/lib/python3.12/site-packages/airflow/example_dags/example_setup_teardown.py took 0.025 seconds
[2026-03-04T08:12:36.293+0000] {processor.py:161} INFO - Started process (PID=7808) to work on /home/airflow/.local/lib/python3.12/site-packages/airflow/example_dags/example_setup_teardown.py
[2026-03-04T08:12:36.293+0000] {processor.py:830} INFO - Processing file /home/airflow/.local/lib/python3.12/site-packages/airflow/example_dags/example_setup_teardown.py for tasks to queue
[2026-03-04T08:12:36.294+0000] {logging_mixin.py:188} INFO - [2026-03-04T08:12:36.294+0000] {dagbag.py:545} INFO - Filling up the DagBag from /home/airflow/.local/lib/python3.12/site-packages/airflow/example_dags/example_setup_teardown.py
[2026-03-04T08:12:36.296+0000] {processor.py:840} INFO - DAG(s) 'example_setup_teardown' retrieved from /home/airflow/.local/lib/python3.12/site-packages/airflow/example_dags/example_setup_teardown.py
[2026-03-04T08:12:36.303+0000] {logging_mixin.py:188} INFO - [2026-03-04T08:12:36.303+0000] {dag.py:3089} INFO - Sync 1 DAGs
[2026-03-04T08:12:36.310+0000] {logging_mixin.py:188} INFO - [2026-03-04T08:12:36.310+0000] {dag.py:3947} INFO - Setting next_dagrun for example_setup_teardown to 2026-03-03 00:00:00+00:00, run_after=2026-03-04 00:00:00+00:00
[2026-03-04T08:12:36.315+0000] {processor.py:183} INFO - Processing /home/airflow/.local/lib/python3.12/site-packages/airflow/example_dags/example_setup_teardown.py took 0.024 seconds
[2026-03-04T08:13:06.825+0000] {processor.py:161} INFO - Started process (PID=8070) to work on /home/airflow/.local/lib/python3.12/site-packages/airflow/example_dags/example_setup_teardown.py
[2026-03-04T08:13:06.826+0000] {processor.py:830} INFO - Processing file /home/airflow/.local/lib/python3.12/site-packages/airflow/example_dags/example_setup_teardown.py for tasks to queue
[2026-03-04T08:13:06.826+0000] {logging_mixin.py:188} INFO - [2026-03-04T08:13:06.826+0000] {dagbag.py:545} INFO - Filling up the DagBag from /home/airflow/.local/lib/python3.12/site-packages/airflow/example_dags/example_setup_teardown.py
[2026-03-04T08:13:06.829+0000] {processor.py:840} INFO - DAG(s) 'example_setup_teardown' retrieved from /home/airflow/.local/lib/python3.12/site-packages/airflow/example_dags/example_setup_teardown.py
[2026-03-04T08:13:06.836+0000] {logging_mixin.py:188} INFO - [2026-03-04T08:13:06.835+0000] {dag.py:3089} INFO - Sync 1 DAGs
[2026-03-04T08:13:06.842+0000] {logging_mixin.py:188} INFO - [2026-03-04T08:13:06.842+0000] {dag.py:3947} INFO - Setting next_dagrun for example_setup_teardown to 2026-03-03 00:00:00+00:00, run_after=2026-03-04 00:00:00+00:00
[2026-03-04T08:13:06.848+0000] {processor.py:183} INFO - Processing /home/airflow/.local/lib/python3.12/site-packages/airflow/example_dags/example_setup_teardown.py took 0.025 seconds
[2026-03-04T08:13:37.383+0000] {processor.py:161} INFO - Started process (PID=8332) to work on /home/airflow/.local/lib/python3.12/site-packages/airflow/example_dags/example_setup_teardown.py
[2026-03-04T08:13:37.383+0000] {processor.py:830} INFO - Processing file /home/airflow/.local/lib/python3.12/site-packages/airflow/example_dags/example_setup_teardown.py for tasks to queue
[2026-03-04T08:13:37.384+0000] {logging_mixin.py:188} INFO - [2026-03-04T08:13:37.384+0000] {dagbag.py:545} INFO - Filling up the DagBag from /home/airflow/.local/lib/python3.12/site-packages/airflow/example_dags/example_setup_teardown.py
[2026-03-04T08:13:37.386+0000] {processor.py:840} INFO - DAG(s) 'example_setup_teardown' retrieved from /home/airflow/.local/lib/python3.12/site-packages/airflow/example_dags/example_setup_teardown.py
[2026-03-04T08:13:37.393+0000] {logging_mixin.py:188} INFO - [2026-03-04T08:13:37.393+0000] {dag.py:3089} INFO - Sync 1 DAGs
[2026-03-04T08:13:37.400+0000] {logging_mixin.py:188} INFO - [2026-03-04T08:13:37.400+0000] {dag.py:3947} INFO - Setting next_dagrun for example_setup_teardown to 2026-03-03 00:00:00+00:00, run_after=2026-03-04 00:00:00+00:00
[2026-03-04T08:13:37.405+0000] {processor.py:183} INFO - Processing /home/airflow/.local/lib/python3.12/site-packages/airflow/example_dags/example_setup_teardown.py took 0.025 seconds
[2026-03-04T08:14:07.915+0000] {processor.py:161} INFO - Started process (PID=8594) to work on /home/airflow/.local/lib/python3.12/site-packages/airflow/example_dags/example_setup_teardown.py
[2026-03-04T08:14:07.915+0000] {processor.py:830} INFO - Processing file /home/airflow/.local/lib/python3.12/site-packages/airflow/example_dags/example_setup_teardown.py for tasks to queue
[2026-03-04T08:14:07.916+0000] {logging_mixin.py:188} INFO - [2026-03-04T08:14:07.916+0000] {dagbag.py:545} INFO - Filling up the DagBag from /home/airflow/.local/lib/python3.12/site-packages/airflow/example_dags/example_setup_teardown.py
[2026-03-04T08:14:07.919+0000] {processor.py:840} INFO - DAG(s) 'example_setup_teardown' retrieved from /home/airflow/.local/lib/python3.12/site-packages/airflow/example_dags/example_setup_teardown.py
[2026-03-04T08:14:07.925+0000] {logging_mixin.py:188} INFO - [2026-03-04T08:14:07.925+0000] {dag.py:3089} INFO - Sync 1 DAGs
[2026-03-04T08:14:07.932+0000] {logging_mixin.py:188} INFO - [2026-03-04T08:14:07.932+0000] {dag.py:3947} INFO - Setting next_dagrun for example_setup_teardown to 2026-03-03 00:00:00+00:00, run_after=2026-03-04 00:00:00+00:00
[2026-03-04T08:14:07.937+0000] {processor.py:183} INFO - Processing /home/airflow/.local/lib/python3.12/site-packages/airflow/example_dags/example_setup_teardown.py took 0.026 seconds
[2026-03-04T08:14:38.435+0000] {processor.py:161} INFO - Started process (PID=8856) to work on /home/airflow/.local/lib/python3.12/site-packages/airflow/example_dags/example_setup_teardown.py
[2026-03-04T08:14:38.436+0000] {processor.py:830} INFO - Processing file /home/airflow/.local/lib/python3.12/site-packages/airflow/example_dags/example_setup_teardown.py for tasks to queue
[2026-03-04T08:14:38.437+0000] {logging_mixin.py:188} INFO - [2026-03-04T08:14:38.436+0000] {dagbag.py:545} INFO - Filling up the DagBag from /home/airflow/.local/lib/python3.12/site-packages/airflow/example_dags/example_setup_teardown.py
[2026-03-04T08:14:38.439+0000] {processor.py:840} INFO - DAG(s) 'example_setup_teardown' retrieved from /home/airflow/.local/lib/python3.12/site-packages/airflow/example_dags/example_setup_teardown.py
[2026-03-04T08:14:38.447+0000] {logging_mixin.py:188} INFO - [2026-03-04T08:14:38.447+0000] {dag.py:3089} INFO - Sync 1 DAGs
[2026-03-04T08:14:38.454+0000] {logging_mixin.py:188} INFO - [2026-03-04T08:14:38.454+0000] {dag.py:3947} INFO - Setting next_dagrun for example_setup_teardown to 2026-03-03 00:00:00+00:00, run_after=2026-03-04 00:00:00+00:00
[2026-03-04T08:14:38.460+0000] {processor.py:183} INFO - Processing /home/airflow/.local/lib/python3.12/site-packages/airflow/example_dags/example_setup_teardown.py took 0.027 seconds
[2026-03-04T08:15:08.980+0000] {processor.py:161} INFO - Started process (PID=9122) to work on /home/airflow/.local/lib/python3.12/site-packages/airflow/example_dags/example_setup_teardown.py
[2026-03-04T08:15:08.980+0000] {processor.py:830} INFO - Processing file /home/airflow/.local/lib/python3.12/site-packages/airflow/example_dags/example_setup_teardown.py for tasks to queue
[2026-03-04T08:15:08.981+0000] {logging_mixin.py:188} INFO - [2026-03-04T08:15:08.981+0000] {dagbag.py:545} INFO - Filling up the DagBag from /home/airflow/.local/lib/python3.12/site-packages/airflow/example_dags/example_setup_teardown.py
[2026-03-04T08:15:08.983+0000] {processor.py:840} INFO - DAG(s) 'example_setup_teardown' retrieved from /home/airflow/.local/lib/python3.12/site-packages/airflow/example_dags/example_setup_teardown.py
[2026-03-04T08:15:08.990+0000] {logging_mixin.py:188} INFO - [2026-03-04T08:15:08.990+0000] {dag.py:3089} INFO - Sync 1 DAGs
[2026-03-04T08:15:08.998+0000] {logging_mixin.py:188} INFO - [2026-03-04T08:15:08.998+0000] {dag.py:3947} INFO - Setting next_dagrun for example_setup_teardown to 2026-03-03 00:00:00+00:00, run_after=2026-03-04 00:00:00+00:00
[2026-03-04T08:15:09.004+0000] {processor.py:183} INFO - Processing /home/airflow/.local/lib/python3.12/site-packages/airflow/example_dags/example_setup_teardown.py took 0.026 seconds
[2026-03-04T08:15:39.524+0000] {processor.py:161} INFO - Started process (PID=9388) to work on /home/airflow/.local/lib/python3.12/site-packages/airflow/example_dags/example_setup_teardown.py
[2026-03-04T08:15:39.524+0000] {processor.py:830} INFO - Processing file /home/airflow/.local/lib/python3.12/site-packages/airflow/example_dags/example_setup_teardown.py for tasks to queue
[2026-03-04T08:15:39.525+0000] {logging_mixin.py:188} INFO - [2026-03-04T08:15:39.525+0000] {dagbag.py:545} INFO - Filling up the DagBag from /home/airflow/.local/lib/python3.12/site-packages/airflow/example_dags/example_setup_teardown.py
[2026-03-04T08:15:39.528+0000] {processor.py:840} INFO - DAG(s) 'example_setup_teardown' retrieved from /home/airflow/.local/lib/python3.12/site-packages/airflow/example_dags/example_setup_teardown.py
[2026-03-04T08:15:39.536+0000] {logging_mixin.py:188} INFO - [2026-03-04T08:15:39.536+0000] {dag.py:3089} INFO - Sync 1 DAGs
[2026-03-04T08:15:39.544+0000] {logging_mixin.py:188} INFO - [2026-03-04T08:15:39.544+0000] {dag.py:3947} INFO - Setting next_dagrun for example_setup_teardown to 2026-03-03 00:00:00+00:00, run_after=2026-03-04 00:00:00+00:00
[2026-03-04T08:15:39.550+0000] {processor.py:183} INFO - Processing /home/airflow/.local/lib/python3.12/site-packages/airflow/example_dags/example_setup_teardown.py took 0.029 seconds
[2026-03-04T08:16:10.168+0000] {processor.py:161} INFO - Started process (PID=9650) to work on /home/airflow/.local/lib/python3.12/site-packages/airflow/example_dags/example_setup_teardown.py
[2026-03-04T08:16:10.168+0000] {processor.py:830} INFO - Processing file /home/airflow/.local/lib/python3.12/site-packages/airflow/example_dags/example_setup_teardown.py for tasks to queue
[2026-03-04T08:16:10.169+0000] {logging_mixin.py:188} INFO - [2026-03-04T08:16:10.169+0000] {dagbag.py:545} INFO - Filling up the DagBag from /home/airflow/.local/lib/python3.12/site-packages/airflow/example_dags/example_setup_teardown.py
[2026-03-04T08:16:10.171+0000] {processor.py:840} INFO - DAG(s) 'example_setup_teardown' retrieved from /home/airflow/.local/lib/python3.12/site-packages/airflow/example_dags/example_setup_teardown.py
[2026-03-04T08:16:10.179+0000] {logging_mixin.py:188} INFO - [2026-03-04T08:16:10.179+0000] {dag.py:3089} INFO - Sync 1 DAGs
[2026-03-04T08:16:10.185+0000] {logging_mixin.py:188} INFO - [2026-03-04T08:16:10.185+0000] {dag.py:3947} INFO - Setting next_dagrun for example_setup_teardown to 2026-03-03 00:00:00+00:00, run_after=2026-03-04 00:00:00+00:00
[2026-03-04T08:16:10.191+0000] {processor.py:183} INFO - Processing /home/airflow/.local/lib/python3.12/site-packages/airflow/example_dags/example_setup_teardown.py took 0.026 seconds
[2026-03-04T08:16:40.799+0000] {processor.py:161} INFO - Started process (PID=9912) to work on /home/airflow/.local/lib/python3.12/site-packages/airflow/example_dags/example_setup_teardown.py
[2026-03-04T08:16:40.799+0000] {processor.py:830} INFO - Processing file /home/airflow/.local/lib/python3.12/site-packages/airflow/example_dags/example_setup_teardown.py for tasks to queue
[2026-03-04T08:16:40.800+0000] {logging_mixin.py:188} INFO - [2026-03-04T08:16:40.800+0000] {dagbag.py:545} INFO - Filling up the DagBag from /home/airflow/.local/lib/python3.12/site-packages/airflow/example_dags/example_setup_teardown.py
[2026-03-04T08:16:40.802+0000] {processor.py:840} INFO - DAG(s) 'example_setup_teardown' retrieved from /home/airflow/.local/lib/python3.12/site-packages/airflow/example_dags/example_setup_teardown.py
[2026-03-04T08:16:40.811+0000] {logging_mixin.py:188} INFO - [2026-03-04T08:16:40.810+0000] {dag.py:3089} INFO - Sync 1 DAGs
[2026-03-04T08:16:40.818+0000] {logging_mixin.py:188} INFO - [2026-03-04T08:16:40.818+0000] {dag.py:3947} INFO - Setting next_dagrun for example_setup_teardown to 2026-03-03 00:00:00+00:00, run_after=2026-03-04 00:00:00+00:00
[2026-03-04T08:16:40.824+0000] {processor.py:183} INFO - Processing /home/airflow/.local/lib/python3.12/site-packages/airflow/example_dags/example_setup_teardown.py took 0.028 seconds
[2026-03-04T08:17:11.475+0000] {processor.py:161} INFO - Started process (PID=10174) to work on /home/airflow/.local/lib/python3.12/site-packages/airflow/example_dags/example_setup_teardown.py
[2026-03-04T08:17:11.476+0000] {processor.py:830} INFO - Processing file /home/airflow/.local/lib/python3.12/site-packages/airflow/example_dags/example_setup_teardown.py for tasks to queue
[2026-03-04T08:17:11.477+0000] {logging_mixin.py:188} INFO - [2026-03-04T08:17:11.477+0000] {dagbag.py:545} INFO - Filling up the DagBag from /home/airflow/.local/lib/python3.12/site-packages/airflow/example_dags/example_setup_teardown.py
[2026-03-04T08:17:11.480+0000] {processor.py:840} INFO - DAG(s) 'example_setup_teardown' retrieved from /home/airflow/.local/lib/python3.12/site-packages/airflow/example_dags/example_setup_teardown.py
[2026-03-04T08:17:11.496+0000] {logging_mixin.py:188} INFO - [2026-03-04T08:17:11.496+0000] {dag.py:3089} INFO - Sync 1 DAGs
[2026-03-04T08:17:11.504+0000] {logging_mixin.py:188} INFO - [2026-03-04T08:17:11.504+0000] {dag.py:3947} INFO - Setting next_dagrun for example_setup_teardown to 2026-03-03 00:00:00+00:00, run_after=2026-03-04 00:00:00+00:00
[2026-03-04T08:17:11.587+0000] {processor.py:183} INFO - Processing /home/airflow/.local/lib/python3.12/site-packages/airflow/example_dags/example_setup_teardown.py took 0.115 seconds
[2026-03-04T08:17:42.434+0000] {processor.py:161} INFO - Started process (PID=10436) to work on /home/airflow/.local/lib/python3.12/site-packages/airflow/example_dags/example_setup_teardown.py
[2026-03-04T08:17:42.434+0000] {processor.py:830} INFO - Processing file /home/airflow/.local/lib/python3.12/site-packages/airflow/example_dags/example_setup_teardown.py for tasks to queue
[2026-03-04T08:17:42.435+0000] {logging_mixin.py:188} INFO - [2026-03-04T08:17:42.435+0000] {dagbag.py:545} INFO - Filling up the DagBag from /home/airflow/.local/lib/python3.12/site-packages/airflow/example_dags/example_setup_teardown.py
[2026-03-04T08:17:42.437+0000] {processor.py:840} INFO - DAG(s) 'example_setup_teardown' retrieved from /home/airflow/.local/lib/python3.12/site-packages/airflow/example_dags/example_setup_teardown.py
[2026-03-04T08:17:42.444+0000] {logging_mixin.py:188} INFO - [2026-03-04T08:17:42.444+0000] {dag.py:3089} INFO - Sync 1 DAGs
[2026-03-04T08:17:42.451+0000] {logging_mixin.py:188} INFO - [2026-03-04T08:17:42.451+0000] {dag.py:3947} INFO - Setting next_dagrun for example_setup_teardown to 2026-03-03 00:00:00+00:00, run_after=2026-03-04 00:00:00+00:00
[2026-03-04T08:17:42.457+0000] {processor.py:183} INFO - Processing /home/airflow/.local/lib/python3.12/site-packages/airflow/example_dags/example_setup_teardown.py took 0.026 seconds
[2026-03-04T08:18:12.483+0000] {processor.py:161} INFO - Started process (PID=10694) to work on /home/airflow/.local/lib/python3.12/site-packages/airflow/example_dags/example_setup_teardown.py
[2026-03-04T08:18:12.484+0000] {processor.py:830} INFO - Processing file /home/airflow/.local/lib/python3.12/site-packages/airflow/example_dags/example_setup_teardown.py for tasks to queue
[2026-03-04T08:18:12.484+0000] {logging_mixin.py:188} INFO - [2026-03-04T08:18:12.484+0000] {dagbag.py:545} INFO - Filling up the DagBag from /home/airflow/.local/lib/python3.12/site-packages/airflow/example_dags/example_setup_teardown.py
[2026-03-04T08:18:12.487+0000] {processor.py:840} INFO - DAG(s) 'example_setup_teardown' retrieved from /home/airflow/.local/lib/python3.12/site-packages/airflow/example_dags/example_setup_teardown.py
[2026-03-04T08:18:12.493+0000] {logging_mixin.py:188} INFO - [2026-03-04T08:18:12.493+0000] {dag.py:3089} INFO - Sync 1 DAGs
[2026-03-04T08:18:12.499+0000] {logging_mixin.py:188} INFO - [2026-03-04T08:18:12.499+0000] {dag.py:3947} INFO - Setting next_dagrun for example_setup_teardown to 2026-03-03 00:00:00+00:00, run_after=2026-03-04 00:00:00+00:00
[2026-03-04T08:18:12.504+0000] {processor.py:183} INFO - Processing /home/airflow/.local/lib/python3.12/site-packages/airflow/example_dags/example_setup_teardown.py took 0.023 seconds
[2026-03-04T08:18:43.334+0000] {processor.py:161} INFO - Started process (PID=10962) to work on /home/airflow/.local/lib/python3.12/site-packages/airflow/example_dags/example_setup_teardown.py
[2026-03-04T08:18:43.334+0000] {processor.py:830} INFO - Processing file /home/airflow/.local/lib/python3.12/site-packages/airflow/example_dags/example_setup_teardown.py for tasks to queue
[2026-03-04T08:18:43.335+0000] {logging_mixin.py:188} INFO - [2026-03-04T08:18:43.335+0000] {dagbag.py:545} INFO - Filling up the DagBag from /home/airflow/.local/lib/python3.12/site-packages/airflow/example_dags/example_setup_teardown.py
[2026-03-04T08:18:43.337+0000] {processor.py:840} INFO - DAG(s) 'example_setup_teardown' retrieved from /home/airflow/.local/lib/python3.12/site-packages/airflow/example_dags/example_setup_teardown.py
[2026-03-04T08:18:43.347+0000] {logging_mixin.py:188} INFO - [2026-03-04T08:18:43.347+0000] {dag.py:3089} INFO - Sync 1 DAGs
[2026-03-04T08:18:43.355+0000] {logging_mixin.py:188} INFO - [2026-03-04T08:18:43.355+0000] {dag.py:3947} INFO - Setting next_dagrun for example_setup_teardown to 2026-03-03 00:00:00+00:00, run_after=2026-03-04 00:00:00+00:00
[2026-03-04T08:18:43.368+0000] {processor.py:183} INFO - Processing /home/airflow/.local/lib/python3.12/site-packages/airflow/example_dags/example_setup_teardown.py took 0.036 seconds
[2026-03-04T08:19:13.905+0000] {processor.py:161} INFO - Started process (PID=11222) to work on /home/airflow/.local/lib/python3.12/site-packages/airflow/example_dags/example_setup_teardown.py
[2026-03-04T08:19:13.906+0000] {processor.py:830} INFO - Processing file /home/airflow/.local/lib/python3.12/site-packages/airflow/example_dags/example_setup_teardown.py for tasks to queue
[2026-03-04T08:19:13.907+0000] {logging_mixin.py:188} INFO - [2026-03-04T08:19:13.907+0000] {dagbag.py:545} INFO - Filling up the DagBag from /home/airflow/.local/lib/python3.12/site-packages/airflow/example_dags/example_setup_teardown.py
[2026-03-04T08:19:13.910+0000] {processor.py:840} INFO - DAG(s) 'example_setup_teardown' retrieved from /home/airflow/.local/lib/python3.12/site-packages/airflow/example_dags/example_setup_teardown.py
[2026-03-04T08:19:13.917+0000] {logging_mixin.py:188} INFO - [2026-03-04T08:19:13.917+0000] {dag.py:3089} INFO - Sync 1 DAGs
[2026-03-04T08:19:13.925+0000] {logging_mixin.py:188} INFO - [2026-03-04T08:19:13.925+0000] {dag.py:3947} INFO - Setting next_dagrun for example_setup_teardown to 2026-03-03 00:00:00+00:00, run_after=2026-03-04 00:00:00+00:00
[2026-03-04T08:19:13.937+0000] {processor.py:183} INFO - Processing /home/airflow/.local/lib/python3.12/site-packages/airflow/example_dags/example_setup_teardown.py took 0.034 seconds
[2026-03-04T08:19:44.534+0000] {processor.py:161} INFO - Started process (PID=11486) to work on /home/airflow/.local/lib/python3.12/site-packages/airflow/example_dags/example_setup_teardown.py
[2026-03-04T08:19:44.535+0000] {processor.py:830} INFO - Processing file /home/airflow/.local/lib/python3.12/site-packages/airflow/example_dags/example_setup_teardown.py for tasks to queue
[2026-03-04T08:19:44.535+0000] {logging_mixin.py:188} INFO - [2026-03-04T08:19:44.535+0000] {dagbag.py:545} INFO - Filling up the DagBag from /home/airflow/.local/lib/python3.12/site-packages/airflow/example_dags/example_setup_teardown.py
[2026-03-04T08:19:44.538+0000] {processor.py:840} INFO - DAG(s) 'example_setup_teardown' retrieved from /home/airflow/.local/lib/python3.12/site-packages/airflow/example_dags/example_setup_teardown.py
[2026-03-04T08:19:44.547+0000] {logging_mixin.py:188} INFO - [2026-03-04T08:19:44.546+0000] {dag.py:3089} INFO - Sync 1 DAGs
[2026-03-04T08:19:44.553+0000] {logging_mixin.py:188} INFO - [2026-03-04T08:19:44.553+0000] {dag.py:3947} INFO - Setting next_dagrun for example_setup_teardown to 2026-03-03 00:00:00+00:00, run_after=2026-03-04 00:00:00+00:00
[2026-03-04T08:19:44.567+0000] {processor.py:183} INFO - Processing /home/airflow/.local/lib/python3.12/site-packages/airflow/example_dags/example_setup_teardown.py took 0.035 seconds
[2026-03-04T08:20:15.073+0000] {processor.py:161} INFO - Started process (PID=11746) to work on /home/airflow/.local/lib/python3.12/site-packages/airflow/example_dags/example_setup_teardown.py
[2026-03-04T08:20:15.074+0000] {processor.py:830} INFO - Processing file /home/airflow/.local/lib/python3.12/site-packages/airflow/example_dags/example_setup_teardown.py for tasks to queue
[2026-03-04T08:20:15.074+0000] {logging_mixin.py:188} INFO - [2026-03-04T08:20:15.074+0000] {dagbag.py:545} INFO - Filling up the DagBag from /home/airflow/.local/lib/python3.12/site-packages/airflow/example_dags/example_setup_teardown.py
[2026-03-04T08:20:15.077+0000] {processor.py:840} INFO - DAG(s) 'example_setup_teardown' retrieved from /home/airflow/.local/lib/python3.12/site-packages/airflow/example_dags/example_setup_teardown.py
[2026-03-04T08:20:15.086+0000] {logging_mixin.py:188} INFO - [2026-03-04T08:20:15.086+0000] {dag.py:3089} INFO - Sync 1 DAGs
[2026-03-04T08:20:15.093+0000] {logging_mixin.py:188} INFO - [2026-03-04T08:20:15.093+0000] {dag.py:3947} INFO - Setting next_dagrun for example_setup_teardown to 2026-03-03 00:00:00+00:00, run_after=2026-03-04 00:00:00+00:00
[2026-03-04T08:20:15.099+0000] {processor.py:183} INFO - Processing /home/airflow/.local/lib/python3.12/site-packages/airflow/example_dags/example_setup_teardown.py took 0.028 seconds
[2026-03-04T08:37:20.666+0000] {processor.py:161} INFO - Started process (PID=12010) to work on /home/airflow/.local/lib/python3.12/site-packages/airflow/example_dags/example_setup_teardown.py
[2026-03-04T08:37:20.667+0000] {processor.py:830} INFO - Processing file /home/airflow/.local/lib/python3.12/site-packages/airflow/example_dags/example_setup_teardown.py for tasks to queue
[2026-03-04T08:37:20.668+0000] {logging_mixin.py:188} INFO - [2026-03-04T08:37:20.667+0000] {dagbag.py:545} INFO - Filling up the DagBag from /home/airflow/.local/lib/python3.12/site-packages/airflow/example_dags/example_setup_teardown.py
[2026-03-04T08:37:20.670+0000] {processor.py:840} INFO - DAG(s) 'example_setup_teardown' retrieved from /home/airflow/.local/lib/python3.12/site-packages/airflow/example_dags/example_setup_teardown.py
[2026-03-04T08:37:20.679+0000] {logging_mixin.py:188} INFO - [2026-03-04T08:37:20.679+0000] {dag.py:3089} INFO - Sync 1 DAGs
[2026-03-04T08:37:20.688+0000] {logging_mixin.py:188} INFO - [2026-03-04T08:37:20.688+0000] {dag.py:3947} INFO - Setting next_dagrun for example_setup_teardown to 2026-03-03 00:00:00+00:00, run_after=2026-03-04 00:00:00+00:00
[2026-03-04T08:37:20.698+0000] {processor.py:183} INFO - Processing /home/airflow/.local/lib/python3.12/site-packages/airflow/example_dags/example_setup_teardown.py took 0.034 seconds
[2026-03-04T08:46:11.118+0000] {processor.py:161} INFO - Started process (PID=12270) to work on /home/airflow/.local/lib/python3.12/site-packages/airflow/example_dags/example_setup_teardown.py
[2026-03-04T08:46:11.118+0000] {processor.py:830} INFO - Processing file /home/airflow/.local/lib/python3.12/site-packages/airflow/example_dags/example_setup_teardown.py for tasks to queue
[2026-03-04T08:46:11.120+0000] {logging_mixin.py:188} INFO - [2026-03-04T08:46:11.119+0000] {dagbag.py:545} INFO - Filling up the DagBag from /home/airflow/.local/lib/python3.12/site-packages/airflow/example_dags/example_setup_teardown.py
[2026-03-04T08:46:11.122+0000] {processor.py:840} INFO - DAG(s) 'example_setup_teardown' retrieved from /home/airflow/.local/lib/python3.12/site-packages/airflow/example_dags/example_setup_teardown.py
[2026-03-04T08:46:11.131+0000] {logging_mixin.py:188} INFO - [2026-03-04T08:46:11.131+0000] {dag.py:3089} INFO - Sync 1 DAGs
[2026-03-04T08:46:11.140+0000] {logging_mixin.py:188} INFO - [2026-03-04T08:46:11.140+0000] {dag.py:3947} INFO - Setting next_dagrun for example_setup_teardown to 2026-03-03 00:00:00+00:00, run_after=2026-03-04 00:00:00+00:00
[2026-03-04T08:46:11.147+0000] {processor.py:183} INFO - Processing /home/airflow/.local/lib/python3.12/site-packages/airflow/example_dags/example_setup_teardown.py took 0.032 seconds
[2026-03-04T08:46:41.736+0000] {processor.py:161} INFO - Started process (PID=12534) to work on /home/airflow/.local/lib/python3.12/site-packages/airflow/example_dags/example_setup_teardown.py
[2026-03-04T08:46:41.736+0000] {processor.py:830} INFO - Processing file /home/airflow/.local/lib/python3.12/site-packages/airflow/example_dags/example_setup_teardown.py for tasks to queue
[2026-03-04T08:46:41.737+0000] {logging_mixin.py:188} INFO - [2026-03-04T08:46:41.737+0000] {dagbag.py:545} INFO - Filling up the DagBag from /home/airflow/.local/lib/python3.12/site-packages/airflow/example_dags/example_setup_teardown.py
[2026-03-04T08:46:41.739+0000] {processor.py:840} INFO - DAG(s) 'example_setup_teardown' retrieved from /home/airflow/.local/lib/python3.12/site-packages/airflow/example_dags/example_setup_teardown.py
[2026-03-04T08:46:41.746+0000] {logging_mixin.py:188} INFO - [2026-03-04T08:46:41.746+0000] {dag.py:3089} INFO - Sync 1 DAGs
[2026-03-04T08:46:41.753+0000] {logging_mixin.py:188} INFO - [2026-03-04T08:46:41.753+0000] {dag.py:3947} INFO - Setting next_dagrun for example_setup_teardown to 2026-03-03 00:00:00+00:00, run_after=2026-03-04 00:00:00+00:00
[2026-03-04T08:46:41.759+0000] {processor.py:183} INFO - Processing /home/airflow/.local/lib/python3.12/site-packages/airflow/example_dags/example_setup_teardown.py took 0.025 seconds
[2026-03-04T08:47:12.304+0000] {processor.py:161} INFO - Started process (PID=12794) to work on /home/airflow/.local/lib/python3.12/site-packages/airflow/example_dags/example_setup_teardown.py
[2026-03-04T08:47:12.306+0000] {processor.py:830} INFO - Processing file /home/airflow/.local/lib/python3.12/site-packages/airflow/example_dags/example_setup_teardown.py for tasks to queue
[2026-03-04T08:47:12.306+0000] {logging_mixin.py:188} INFO - [2026-03-04T08:47:12.306+0000] {dagbag.py:545} INFO - Filling up the DagBag from /home/airflow/.local/lib/python3.12/site-packages/airflow/example_dags/example_setup_teardown.py
[2026-03-04T08:47:12.310+0000] {processor.py:840} INFO - DAG(s) 'example_setup_teardown' retrieved from /home/airflow/.local/lib/python3.12/site-packages/airflow/example_dags/example_setup_teardown.py
[2026-03-04T08:47:12.320+0000] {logging_mixin.py:188} INFO - [2026-03-04T08:47:12.320+0000] {dag.py:3089} INFO - Sync 1 DAGs
[2026-03-04T08:47:12.329+0000] {logging_mixin.py:188} INFO - [2026-03-04T08:47:12.329+0000] {dag.py:3947} INFO - Setting next_dagrun for example_setup_teardown to 2026-03-03 00:00:00+00:00, run_after=2026-03-04 00:00:00+00:00
[2026-03-04T08:47:12.339+0000] {processor.py:183} INFO - Processing /home/airflow/.local/lib/python3.12/site-packages/airflow/example_dags/example_setup_teardown.py took 0.037 seconds
[2026-03-04T08:47:42.801+0000] {processor.py:161} INFO - Started process (PID=13058) to work on /home/airflow/.local/lib/python3.12/site-packages/airflow/example_dags/example_setup_teardown.py
[2026-03-04T08:47:42.801+0000] {processor.py:830} INFO - Processing file /home/airflow/.local/lib/python3.12/site-packages/airflow/example_dags/example_setup_teardown.py for tasks to queue
[2026-03-04T08:47:42.802+0000] {logging_mixin.py:188} INFO - [2026-03-04T08:47:42.802+0000] {dagbag.py:545} INFO - Filling up the DagBag from /home/airflow/.local/lib/python3.12/site-packages/airflow/example_dags/example_setup_teardown.py
[2026-03-04T08:47:42.805+0000] {processor.py:840} INFO - DAG(s) 'example_setup_teardown' retrieved from /home/airflow/.local/lib/python3.12/site-packages/airflow/example_dags/example_setup_teardown.py
[2026-03-04T08:47:42.816+0000] {logging_mixin.py:188} INFO - [2026-03-04T08:47:42.816+0000] {dag.py:3089} INFO - Sync 1 DAGs
[2026-03-04T08:47:42.824+0000] {logging_mixin.py:188} INFO - [2026-03-04T08:47:42.824+0000] {dag.py:3947} INFO - Setting next_dagrun for example_setup_teardown to 2026-03-03 00:00:00+00:00, run_after=2026-03-04 00:00:00+00:00
[2026-03-04T08:47:42.837+0000] {processor.py:183} INFO - Processing /home/airflow/.local/lib/python3.12/site-packages/airflow/example_dags/example_setup_teardown.py took 0.039 seconds
[2026-03-04T08:48:13.331+0000] {processor.py:161} INFO - Started process (PID=13318) to work on /home/airflow/.local/lib/python3.12/site-packages/airflow/example_dags/example_setup_teardown.py
[2026-03-04T08:48:13.332+0000] {processor.py:830} INFO - Processing file /home/airflow/.local/lib/python3.12/site-packages/airflow/example_dags/example_setup_teardown.py for tasks to queue
[2026-03-04T08:48:13.332+0000] {logging_mixin.py:188} INFO - [2026-03-04T08:48:13.332+0000] {dagbag.py:545} INFO - Filling up the DagBag from /home/airflow/.local/lib/python3.12/site-packages/airflow/example_dags/example_setup_teardown.py
[2026-03-04T08:48:13.335+0000] {processor.py:840} INFO - DAG(s) 'example_setup_teardown' retrieved from /home/airflow/.local/lib/python3.12/site-packages/airflow/example_dags/example_setup_teardown.py
[2026-03-04T08:48:13.343+0000] {logging_mixin.py:188} INFO - [2026-03-04T08:48:13.343+0000] {dag.py:3089} INFO - Sync 1 DAGs
[2026-03-04T08:48:13.352+0000] {logging_mixin.py:188} INFO - [2026-03-04T08:48:13.352+0000] {dag.py:3947} INFO - Setting next_dagrun for example_setup_teardown to 2026-03-03 00:00:00+00:00, run_after=2026-03-04 00:00:00+00:00
[2026-03-04T08:48:13.365+0000] {processor.py:183} INFO - Processing /home/airflow/.local/lib/python3.12/site-packages/airflow/example_dags/example_setup_teardown.py took 0.037 seconds
[2026-03-04T08:48:43.869+0000] {processor.py:161} INFO - Started process (PID=13582) to work on /home/airflow/.local/lib/python3.12/site-packages/airflow/example_dags/example_setup_teardown.py
[2026-03-04T08:48:43.870+0000] {processor.py:830} INFO - Processing file /home/airflow/.local/lib/python3.12/site-packages/airflow/example_dags/example_setup_teardown.py for tasks to queue
[2026-03-04T08:48:43.870+0000] {logging_mixin.py:188} INFO - [2026-03-04T08:48:43.870+0000] {dagbag.py:545} INFO - Filling up the DagBag from /home/airflow/.local/lib/python3.12/site-packages/airflow/example_dags/example_setup_teardown.py
[2026-03-04T08:48:43.873+0000] {processor.py:840} INFO - DAG(s) 'example_setup_teardown' retrieved from /home/airflow/.local/lib/python3.12/site-packages/airflow/example_dags/example_setup_teardown.py
[2026-03-04T08:48:43.879+0000] {logging_mixin.py:188} INFO - [2026-03-04T08:48:43.879+0000] {dag.py:3089} INFO - Sync 1 DAGs
[2026-03-04T08:48:43.885+0000] {logging_mixin.py:188} INFO - [2026-03-04T08:48:43.885+0000] {dag.py:3947} INFO - Setting next_dagrun for example_setup_teardown to 2026-03-03 00:00:00+00:00, run_after=2026-03-04 00:00:00+00:00
[2026-03-04T08:48:43.890+0000] {processor.py:183} INFO - Processing /home/airflow/.local/lib/python3.12/site-packages/airflow/example_dags/example_setup_teardown.py took 0.023 seconds
[2026-03-04T08:49:14.512+0000] {processor.py:161} INFO - Started process (PID=13844) to work on /home/airflow/.local/lib/python3.12/site-packages/airflow/example_dags/example_setup_teardown.py
[2026-03-04T08:49:14.513+0000] {processor.py:830} INFO - Processing file /home/airflow/.local/lib/python3.12/site-packages/airflow/example_dags/example_setup_teardown.py for tasks to queue
[2026-03-04T08:49:14.513+0000] {logging_mixin.py:188} INFO - [2026-03-04T08:49:14.513+0000] {dagbag.py:545} INFO - Filling up the DagBag from /home/airflow/.local/lib/python3.12/site-packages/airflow/example_dags/example_setup_teardown.py
[2026-03-04T08:49:14.516+0000] {processor.py:840} INFO - DAG(s) 'example_setup_teardown' retrieved from /home/airflow/.local/lib/python3.12/site-packages/airflow/example_dags/example_setup_teardown.py
[2026-03-04T08:49:14.526+0000] {logging_mixin.py:188} INFO - [2026-03-04T08:49:14.526+0000] {dag.py:3089} INFO - Sync 1 DAGs
[2026-03-04T08:49:14.537+0000] {logging_mixin.py:188} INFO - [2026-03-04T08:49:14.537+0000] {dag.py:3947} INFO - Setting next_dagrun for example_setup_teardown to 2026-03-03 00:00:00+00:00, run_after=2026-03-04 00:00:00+00:00
[2026-03-04T08:49:14.545+0000] {processor.py:183} INFO - Processing /home/airflow/.local/lib/python3.12/site-packages/airflow/example_dags/example_setup_teardown.py took 0.035 seconds
[2026-03-04T08:49:45.006+0000] {processor.py:161} INFO - Started process (PID=14106) to work on /home/airflow/.local/lib/python3.12/site-packages/airflow/example_dags/example_setup_teardown.py
[2026-03-04T08:49:45.007+0000] {processor.py:830} INFO - Processing file /home/airflow/.local/lib/python3.12/site-packages/airflow/example_dags/example_setup_teardown.py for tasks to queue
[2026-03-04T08:49:45.007+0000] {logging_mixin.py:188} INFO - [2026-03-04T08:49:45.007+0000] {dagbag.py:545} INFO - Filling up the DagBag from /home/airflow/.local/lib/python3.12/site-packages/airflow/example_dags/example_setup_teardown.py
[2026-03-04T08:49:45.010+0000] {processor.py:840} INFO - DAG(s) 'example_setup_teardown' retrieved from /home/airflow/.local/lib/python3.12/site-packages/airflow/example_dags/example_setup_teardown.py
[2026-03-04T08:49:45.016+0000] {logging_mixin.py:188} INFO - [2026-03-04T08:49:45.016+0000] {dag.py:3089} INFO - Sync 1 DAGs
[2026-03-04T08:49:45.023+0000] {logging_mixin.py:188} INFO - [2026-03-04T08:49:45.023+0000] {dag.py:3947} INFO - Setting next_dagrun for example_setup_teardown to 2026-03-03 00:00:00+00:00, run_after=2026-03-04 00:00:00+00:00
[2026-03-04T08:49:45.028+0000] {processor.py:183} INFO - Processing /home/airflow/.local/lib/python3.12/site-packages/airflow/example_dags/example_setup_teardown.py took 0.024 seconds
[2026-03-04T08:50:15.571+0000] {processor.py:161} INFO - Started process (PID=14368) to work on /home/airflow/.local/lib/python3.12/site-packages/airflow/example_dags/example_setup_teardown.py
[2026-03-04T08:50:15.571+0000] {processor.py:830} INFO - Processing file /home/airflow/.local/lib/python3.12/site-packages/airflow/example_dags/example_setup_teardown.py for tasks to queue
[2026-03-04T08:50:15.572+0000] {logging_mixin.py:188} INFO - [2026-03-04T08:50:15.572+0000] {dagbag.py:545} INFO - Filling up the DagBag from /home/airflow/.local/lib/python3.12/site-packages/airflow/example_dags/example_setup_teardown.py
[2026-03-04T08:50:15.574+0000] {processor.py:840} INFO - DAG(s) 'example_setup_teardown' retrieved from /home/airflow/.local/lib/python3.12/site-packages/airflow/example_dags/example_setup_teardown.py
[2026-03-04T08:50:15.580+0000] {logging_mixin.py:188} INFO - [2026-03-04T08:50:15.580+0000] {dag.py:3089} INFO - Sync 1 DAGs
[2026-03-04T08:50:15.587+0000] {logging_mixin.py:188} INFO - [2026-03-04T08:50:15.587+0000] {dag.py:3947} INFO - Setting next_dagrun for example_setup_teardown to 2026-03-03 00:00:00+00:00, run_after=2026-03-04 00:00:00+00:00
[2026-03-04T08:50:15.592+0000] {processor.py:183} INFO - Processing /home/airflow/.local/lib/python3.12/site-packages/airflow/example_dags/example_setup_teardown.py took 0.023 seconds
[2026-03-04T08:50:46.124+0000] {processor.py:161} INFO - Started process (PID=14630) to work on /home/airflow/.local/lib/python3.12/site-packages/airflow/example_dags/example_setup_teardown.py
[2026-03-04T08:50:46.124+0000] {processor.py:830} INFO - Processing file /home/airflow/.local/lib/python3.12/site-packages/airflow/example_dags/example_setup_teardown.py for tasks to queue
[2026-03-04T08:50:46.125+0000] {logging_mixin.py:188} INFO - [2026-03-04T08:50:46.125+0000] {dagbag.py:545} INFO - Filling up the DagBag from /home/airflow/.local/lib/python3.12/site-packages/airflow/example_dags/example_setup_teardown.py
[2026-03-04T08:50:46.127+0000] {processor.py:840} INFO - DAG(s) 'example_setup_teardown' retrieved from /home/airflow/.local/lib/python3.12/site-packages/airflow/example_dags/example_setup_teardown.py
[2026-03-04T08:50:46.135+0000] {logging_mixin.py:188} INFO - [2026-03-04T08:50:46.135+0000] {dag.py:3089} INFO - Sync 1 DAGs
[2026-03-04T08:50:46.141+0000] {logging_mixin.py:188} INFO - [2026-03-04T08:50:46.141+0000] {dag.py:3947} INFO - Setting next_dagrun for example_setup_teardown to 2026-03-03 00:00:00+00:00, run_after=2026-03-04 00:00:00+00:00
[2026-03-04T08:50:46.146+0000] {processor.py:183} INFO - Processing /home/airflow/.local/lib/python3.12/site-packages/airflow/example_dags/example_setup_teardown.py took 0.024 seconds
