[2026-03-04T07:57:49.956+0000] {processor.py:161} INFO - Started process (PID=257) to work on /home/airflow/.local/lib/python3.12/site-packages/airflow/example_dags/example_python_decorator.py
[2026-03-04T07:57:49.956+0000] {processor.py:830} INFO - Processing file /home/airflow/.local/lib/python3.12/site-packages/airflow/example_dags/example_python_decorator.py for tasks to queue
[2026-03-04T07:57:49.957+0000] {logging_mixin.py:188} INFO - [2026-03-04T07:57:49.957+0000] {dagbag.py:545} INFO - Filling up the DagBag from /home/airflow/.local/lib/python3.12/site-packages/airflow/example_dags/example_python_decorator.py
[2026-03-04T07:57:49.967+0000] {processor.py:840} INFO - DAG(s) 'example_python_decorator' retrieved from /home/airflow/.local/lib/python3.12/site-packages/airflow/example_dags/example_python_decorator.py
[2026-03-04T07:57:50.010+0000] {logging_mixin.py:188} INFO - [2026-03-04T07:57:50.010+0000] {override.py:1858} INFO - Created Permission View: can delete on DAG:example_python_decorator
[2026-03-04T07:57:50.014+0000] {logging_mixin.py:188} INFO - [2026-03-04T07:57:50.014+0000] {override.py:1858} INFO - Created Permission View: can read on DAG:example_python_decorator
[2026-03-04T07:57:50.015+0000] {logging_mixin.py:188} INFO - [2026-03-04T07:57:50.015+0000] {override.py:1858} INFO - Created Permission View: can edit on DAG:example_python_decorator
[2026-03-04T07:57:50.016+0000] {logging_mixin.py:188} INFO - [2026-03-04T07:57:50.016+0000] {dag.py:3089} INFO - Sync 1 DAGs
[2026-03-04T07:57:50.020+0000] {logging_mixin.py:188} INFO - [2026-03-04T07:57:50.019+0000] {dag.py:3111} INFO - Creating ORM DAG for example_python_decorator
[2026-03-04T07:57:50.020+0000] {logging_mixin.py:188} INFO - [2026-03-04T07:57:50.020+0000] {dag.py:3947} INFO - Setting next_dagrun for example_python_decorator to None, run_after=None
[2026-03-04T07:57:50.025+0000] {processor.py:183} INFO - Processing /home/airflow/.local/lib/python3.12/site-packages/airflow/example_dags/example_python_decorator.py took 0.071 seconds
[2026-03-04T07:58:20.406+0000] {processor.py:161} INFO - Started process (PID=521) to work on /home/airflow/.local/lib/python3.12/site-packages/airflow/example_dags/example_python_decorator.py
[2026-03-04T07:58:20.406+0000] {processor.py:830} INFO - Processing file /home/airflow/.local/lib/python3.12/site-packages/airflow/example_dags/example_python_decorator.py for tasks to queue
[2026-03-04T07:58:20.407+0000] {logging_mixin.py:188} INFO - [2026-03-04T07:58:20.407+0000] {dagbag.py:545} INFO - Filling up the DagBag from /home/airflow/.local/lib/python3.12/site-packages/airflow/example_dags/example_python_decorator.py
[2026-03-04T07:58:20.412+0000] {processor.py:840} INFO - DAG(s) 'example_python_decorator' retrieved from /home/airflow/.local/lib/python3.12/site-packages/airflow/example_dags/example_python_decorator.py
[2026-03-04T07:58:20.421+0000] {logging_mixin.py:188} INFO - [2026-03-04T07:58:20.421+0000] {dag.py:3089} INFO - Sync 1 DAGs
[2026-03-04T07:58:20.426+0000] {logging_mixin.py:188} INFO - [2026-03-04T07:58:20.425+0000] {dag.py:3947} INFO - Setting next_dagrun for example_python_decorator to None, run_after=None
[2026-03-04T07:58:20.436+0000] {processor.py:183} INFO - Processing /home/airflow/.local/lib/python3.12/site-packages/airflow/example_dags/example_python_decorator.py took 0.033 seconds
[2026-03-04T07:58:50.927+0000] {processor.py:161} INFO - Started process (PID=783) to work on /home/airflow/.local/lib/python3.12/site-packages/airflow/example_dags/example_python_decorator.py
[2026-03-04T07:58:50.927+0000] {processor.py:830} INFO - Processing file /home/airflow/.local/lib/python3.12/site-packages/airflow/example_dags/example_python_decorator.py for tasks to queue
[2026-03-04T07:58:50.928+0000] {logging_mixin.py:188} INFO - [2026-03-04T07:58:50.928+0000] {dagbag.py:545} INFO - Filling up the DagBag from /home/airflow/.local/lib/python3.12/site-packages/airflow/example_dags/example_python_decorator.py
[2026-03-04T07:58:50.934+0000] {processor.py:840} INFO - DAG(s) 'example_python_decorator' retrieved from /home/airflow/.local/lib/python3.12/site-packages/airflow/example_dags/example_python_decorator.py
[2026-03-04T07:58:50.941+0000] {logging_mixin.py:188} INFO - [2026-03-04T07:58:50.941+0000] {dag.py:3089} INFO - Sync 1 DAGs
[2026-03-04T07:58:50.946+0000] {logging_mixin.py:188} INFO - [2026-03-04T07:58:50.946+0000] {dag.py:3947} INFO - Setting next_dagrun for example_python_decorator to None, run_after=None
[2026-03-04T07:58:50.953+0000] {processor.py:183} INFO - Processing /home/airflow/.local/lib/python3.12/site-packages/airflow/example_dags/example_python_decorator.py took 0.029 seconds
[2026-03-04T07:59:21.456+0000] {processor.py:161} INFO - Started process (PID=1043) to work on /home/airflow/.local/lib/python3.12/site-packages/airflow/example_dags/example_python_decorator.py
[2026-03-04T07:59:21.458+0000] {processor.py:830} INFO - Processing file /home/airflow/.local/lib/python3.12/site-packages/airflow/example_dags/example_python_decorator.py for tasks to queue
[2026-03-04T07:59:21.458+0000] {logging_mixin.py:188} INFO - [2026-03-04T07:59:21.458+0000] {dagbag.py:545} INFO - Filling up the DagBag from /home/airflow/.local/lib/python3.12/site-packages/airflow/example_dags/example_python_decorator.py
[2026-03-04T07:59:21.463+0000] {processor.py:840} INFO - DAG(s) 'example_python_decorator' retrieved from /home/airflow/.local/lib/python3.12/site-packages/airflow/example_dags/example_python_decorator.py
[2026-03-04T07:59:21.471+0000] {logging_mixin.py:188} INFO - [2026-03-04T07:59:21.471+0000] {dag.py:3089} INFO - Sync 1 DAGs
[2026-03-04T07:59:21.475+0000] {logging_mixin.py:188} INFO - [2026-03-04T07:59:21.475+0000] {dag.py:3947} INFO - Setting next_dagrun for example_python_decorator to None, run_after=None
[2026-03-04T07:59:21.481+0000] {processor.py:183} INFO - Processing /home/airflow/.local/lib/python3.12/site-packages/airflow/example_dags/example_python_decorator.py took 0.027 seconds
[2026-03-04T07:59:52.119+0000] {processor.py:161} INFO - Started process (PID=1307) to work on /home/airflow/.local/lib/python3.12/site-packages/airflow/example_dags/example_python_decorator.py
[2026-03-04T07:59:52.119+0000] {processor.py:830} INFO - Processing file /home/airflow/.local/lib/python3.12/site-packages/airflow/example_dags/example_python_decorator.py for tasks to queue
[2026-03-04T07:59:52.120+0000] {logging_mixin.py:188} INFO - [2026-03-04T07:59:52.120+0000] {dagbag.py:545} INFO - Filling up the DagBag from /home/airflow/.local/lib/python3.12/site-packages/airflow/example_dags/example_python_decorator.py
[2026-03-04T07:59:52.126+0000] {processor.py:840} INFO - DAG(s) 'example_python_decorator' retrieved from /home/airflow/.local/lib/python3.12/site-packages/airflow/example_dags/example_python_decorator.py
[2026-03-04T07:59:52.136+0000] {logging_mixin.py:188} INFO - [2026-03-04T07:59:52.136+0000] {dag.py:3089} INFO - Sync 1 DAGs
[2026-03-04T07:59:52.142+0000] {logging_mixin.py:188} INFO - [2026-03-04T07:59:52.142+0000] {dag.py:3947} INFO - Setting next_dagrun for example_python_decorator to None, run_after=None
[2026-03-04T07:59:52.154+0000] {processor.py:183} INFO - Processing /home/airflow/.local/lib/python3.12/site-packages/airflow/example_dags/example_python_decorator.py took 0.039 seconds
[2026-03-04T08:00:22.769+0000] {processor.py:161} INFO - Started process (PID=1567) to work on /home/airflow/.local/lib/python3.12/site-packages/airflow/example_dags/example_python_decorator.py
[2026-03-04T08:00:22.769+0000] {processor.py:830} INFO - Processing file /home/airflow/.local/lib/python3.12/site-packages/airflow/example_dags/example_python_decorator.py for tasks to queue
[2026-03-04T08:00:22.770+0000] {logging_mixin.py:188} INFO - [2026-03-04T08:00:22.770+0000] {dagbag.py:545} INFO - Filling up the DagBag from /home/airflow/.local/lib/python3.12/site-packages/airflow/example_dags/example_python_decorator.py
[2026-03-04T08:00:22.775+0000] {processor.py:840} INFO - DAG(s) 'example_python_decorator' retrieved from /home/airflow/.local/lib/python3.12/site-packages/airflow/example_dags/example_python_decorator.py
[2026-03-04T08:00:22.786+0000] {logging_mixin.py:188} INFO - [2026-03-04T08:00:22.786+0000] {dag.py:3089} INFO - Sync 1 DAGs
[2026-03-04T08:00:22.791+0000] {logging_mixin.py:188} INFO - [2026-03-04T08:00:22.791+0000] {dag.py:3947} INFO - Setting next_dagrun for example_python_decorator to None, run_after=None
[2026-03-04T08:00:22.798+0000] {processor.py:183} INFO - Processing /home/airflow/.local/lib/python3.12/site-packages/airflow/example_dags/example_python_decorator.py took 0.032 seconds
[2026-03-04T08:00:53.383+0000] {processor.py:161} INFO - Started process (PID=1829) to work on /home/airflow/.local/lib/python3.12/site-packages/airflow/example_dags/example_python_decorator.py
[2026-03-04T08:00:53.383+0000] {processor.py:830} INFO - Processing file /home/airflow/.local/lib/python3.12/site-packages/airflow/example_dags/example_python_decorator.py for tasks to queue
[2026-03-04T08:00:53.384+0000] {logging_mixin.py:188} INFO - [2026-03-04T08:00:53.384+0000] {dagbag.py:545} INFO - Filling up the DagBag from /home/airflow/.local/lib/python3.12/site-packages/airflow/example_dags/example_python_decorator.py
[2026-03-04T08:00:53.389+0000] {processor.py:840} INFO - DAG(s) 'example_python_decorator' retrieved from /home/airflow/.local/lib/python3.12/site-packages/airflow/example_dags/example_python_decorator.py
[2026-03-04T08:00:53.399+0000] {logging_mixin.py:188} INFO - [2026-03-04T08:00:53.399+0000] {dag.py:3089} INFO - Sync 1 DAGs
[2026-03-04T08:00:53.403+0000] {logging_mixin.py:188} INFO - [2026-03-04T08:00:53.403+0000] {dag.py:3947} INFO - Setting next_dagrun for example_python_decorator to None, run_after=None
[2026-03-04T08:00:53.411+0000] {processor.py:183} INFO - Processing /home/airflow/.local/lib/python3.12/site-packages/airflow/example_dags/example_python_decorator.py took 0.030 seconds
[2026-03-04T08:01:23.985+0000] {processor.py:161} INFO - Started process (PID=2091) to work on /home/airflow/.local/lib/python3.12/site-packages/airflow/example_dags/example_python_decorator.py
[2026-03-04T08:01:23.986+0000] {processor.py:830} INFO - Processing file /home/airflow/.local/lib/python3.12/site-packages/airflow/example_dags/example_python_decorator.py for tasks to queue
[2026-03-04T08:01:23.987+0000] {logging_mixin.py:188} INFO - [2026-03-04T08:01:23.987+0000] {dagbag.py:545} INFO - Filling up the DagBag from /home/airflow/.local/lib/python3.12/site-packages/airflow/example_dags/example_python_decorator.py
[2026-03-04T08:01:23.995+0000] {processor.py:840} INFO - DAG(s) 'example_python_decorator' retrieved from /home/airflow/.local/lib/python3.12/site-packages/airflow/example_dags/example_python_decorator.py
[2026-03-04T08:01:24.004+0000] {logging_mixin.py:188} INFO - [2026-03-04T08:01:24.004+0000] {dag.py:3089} INFO - Sync 1 DAGs
[2026-03-04T08:01:24.010+0000] {logging_mixin.py:188} INFO - [2026-03-04T08:01:24.010+0000] {dag.py:3947} INFO - Setting next_dagrun for example_python_decorator to None, run_after=None
[2026-03-04T08:01:24.022+0000] {processor.py:183} INFO - Processing /home/airflow/.local/lib/python3.12/site-packages/airflow/example_dags/example_python_decorator.py took 0.039 seconds
[2026-03-04T08:01:54.563+0000] {processor.py:161} INFO - Started process (PID=2355) to work on /home/airflow/.local/lib/python3.12/site-packages/airflow/example_dags/example_python_decorator.py
[2026-03-04T08:01:54.564+0000] {processor.py:830} INFO - Processing file /home/airflow/.local/lib/python3.12/site-packages/airflow/example_dags/example_python_decorator.py for tasks to queue
[2026-03-04T08:01:54.564+0000] {logging_mixin.py:188} INFO - [2026-03-04T08:01:54.564+0000] {dagbag.py:545} INFO - Filling up the DagBag from /home/airflow/.local/lib/python3.12/site-packages/airflow/example_dags/example_python_decorator.py
[2026-03-04T08:01:54.570+0000] {processor.py:840} INFO - DAG(s) 'example_python_decorator' retrieved from /home/airflow/.local/lib/python3.12/site-packages/airflow/example_dags/example_python_decorator.py
[2026-03-04T08:01:54.579+0000] {logging_mixin.py:188} INFO - [2026-03-04T08:01:54.579+0000] {dag.py:3089} INFO - Sync 1 DAGs
[2026-03-04T08:01:54.584+0000] {logging_mixin.py:188} INFO - [2026-03-04T08:01:54.584+0000] {dag.py:3947} INFO - Setting next_dagrun for example_python_decorator to None, run_after=None
[2026-03-04T08:01:54.593+0000] {processor.py:183} INFO - Processing /home/airflow/.local/lib/python3.12/site-packages/airflow/example_dags/example_python_decorator.py took 0.032 seconds
[2026-03-04T08:02:25.069+0000] {processor.py:161} INFO - Started process (PID=2615) to work on /home/airflow/.local/lib/python3.12/site-packages/airflow/example_dags/example_python_decorator.py
[2026-03-04T08:02:25.071+0000] {processor.py:830} INFO - Processing file /home/airflow/.local/lib/python3.12/site-packages/airflow/example_dags/example_python_decorator.py for tasks to queue
[2026-03-04T08:02:25.071+0000] {logging_mixin.py:188} INFO - [2026-03-04T08:02:25.071+0000] {dagbag.py:545} INFO - Filling up the DagBag from /home/airflow/.local/lib/python3.12/site-packages/airflow/example_dags/example_python_decorator.py
[2026-03-04T08:02:25.076+0000] {processor.py:840} INFO - DAG(s) 'example_python_decorator' retrieved from /home/airflow/.local/lib/python3.12/site-packages/airflow/example_dags/example_python_decorator.py
[2026-03-04T08:02:25.089+0000] {logging_mixin.py:188} INFO - [2026-03-04T08:02:25.089+0000] {dag.py:3089} INFO - Sync 1 DAGs
[2026-03-04T08:02:25.093+0000] {logging_mixin.py:188} INFO - [2026-03-04T08:02:25.093+0000] {dag.py:3947} INFO - Setting next_dagrun for example_python_decorator to None, run_after=None
[2026-03-04T08:02:25.101+0000] {processor.py:183} INFO - Processing /home/airflow/.local/lib/python3.12/site-packages/airflow/example_dags/example_python_decorator.py took 0.034 seconds
[2026-03-04T08:02:55.567+0000] {processor.py:161} INFO - Started process (PID=2877) to work on /home/airflow/.local/lib/python3.12/site-packages/airflow/example_dags/example_python_decorator.py
[2026-03-04T08:02:55.568+0000] {processor.py:830} INFO - Processing file /home/airflow/.local/lib/python3.12/site-packages/airflow/example_dags/example_python_decorator.py for tasks to queue
[2026-03-04T08:02:55.569+0000] {logging_mixin.py:188} INFO - [2026-03-04T08:02:55.569+0000] {dagbag.py:545} INFO - Filling up the DagBag from /home/airflow/.local/lib/python3.12/site-packages/airflow/example_dags/example_python_decorator.py
[2026-03-04T08:02:55.574+0000] {processor.py:840} INFO - DAG(s) 'example_python_decorator' retrieved from /home/airflow/.local/lib/python3.12/site-packages/airflow/example_dags/example_python_decorator.py
[2026-03-04T08:02:55.583+0000] {logging_mixin.py:188} INFO - [2026-03-04T08:02:55.583+0000] {dag.py:3089} INFO - Sync 1 DAGs
[2026-03-04T08:02:55.588+0000] {logging_mixin.py:188} INFO - [2026-03-04T08:02:55.588+0000] {dag.py:3947} INFO - Setting next_dagrun for example_python_decorator to None, run_after=None
[2026-03-04T08:02:55.595+0000] {processor.py:183} INFO - Processing /home/airflow/.local/lib/python3.12/site-packages/airflow/example_dags/example_python_decorator.py took 0.030 seconds
[2026-03-04T08:03:26.189+0000] {processor.py:161} INFO - Started process (PID=3139) to work on /home/airflow/.local/lib/python3.12/site-packages/airflow/example_dags/example_python_decorator.py
[2026-03-04T08:03:26.189+0000] {processor.py:830} INFO - Processing file /home/airflow/.local/lib/python3.12/site-packages/airflow/example_dags/example_python_decorator.py for tasks to queue
[2026-03-04T08:03:26.190+0000] {logging_mixin.py:188} INFO - [2026-03-04T08:03:26.190+0000] {dagbag.py:545} INFO - Filling up the DagBag from /home/airflow/.local/lib/python3.12/site-packages/airflow/example_dags/example_python_decorator.py
[2026-03-04T08:03:26.195+0000] {processor.py:840} INFO - DAG(s) 'example_python_decorator' retrieved from /home/airflow/.local/lib/python3.12/site-packages/airflow/example_dags/example_python_decorator.py
[2026-03-04T08:03:26.206+0000] {logging_mixin.py:188} INFO - [2026-03-04T08:03:26.206+0000] {dag.py:3089} INFO - Sync 1 DAGs
[2026-03-04T08:03:26.212+0000] {logging_mixin.py:188} INFO - [2026-03-04T08:03:26.212+0000] {dag.py:3947} INFO - Setting next_dagrun for example_python_decorator to None, run_after=None
[2026-03-04T08:03:26.222+0000] {processor.py:183} INFO - Processing /home/airflow/.local/lib/python3.12/site-packages/airflow/example_dags/example_python_decorator.py took 0.036 seconds
[2026-03-04T08:03:56.710+0000] {processor.py:161} INFO - Started process (PID=3401) to work on /home/airflow/.local/lib/python3.12/site-packages/airflow/example_dags/example_python_decorator.py
[2026-03-04T08:03:56.710+0000] {processor.py:830} INFO - Processing file /home/airflow/.local/lib/python3.12/site-packages/airflow/example_dags/example_python_decorator.py for tasks to queue
[2026-03-04T08:03:56.711+0000] {logging_mixin.py:188} INFO - [2026-03-04T08:03:56.711+0000] {dagbag.py:545} INFO - Filling up the DagBag from /home/airflow/.local/lib/python3.12/site-packages/airflow/example_dags/example_python_decorator.py
[2026-03-04T08:03:56.718+0000] {processor.py:840} INFO - DAG(s) 'example_python_decorator' retrieved from /home/airflow/.local/lib/python3.12/site-packages/airflow/example_dags/example_python_decorator.py
[2026-03-04T08:03:56.729+0000] {logging_mixin.py:188} INFO - [2026-03-04T08:03:56.729+0000] {dag.py:3089} INFO - Sync 1 DAGs
[2026-03-04T08:03:56.734+0000] {logging_mixin.py:188} INFO - [2026-03-04T08:03:56.734+0000] {dag.py:3947} INFO - Setting next_dagrun for example_python_decorator to None, run_after=None
[2026-03-04T08:03:56.746+0000] {processor.py:183} INFO - Processing /home/airflow/.local/lib/python3.12/site-packages/airflow/example_dags/example_python_decorator.py took 0.038 seconds
[2026-03-04T08:04:27.319+0000] {processor.py:161} INFO - Started process (PID=3664) to work on /home/airflow/.local/lib/python3.12/site-packages/airflow/example_dags/example_python_decorator.py
[2026-03-04T08:04:27.320+0000] {processor.py:830} INFO - Processing file /home/airflow/.local/lib/python3.12/site-packages/airflow/example_dags/example_python_decorator.py for tasks to queue
[2026-03-04T08:04:27.320+0000] {logging_mixin.py:188} INFO - [2026-03-04T08:04:27.320+0000] {dagbag.py:545} INFO - Filling up the DagBag from /home/airflow/.local/lib/python3.12/site-packages/airflow/example_dags/example_python_decorator.py
[2026-03-04T08:04:27.325+0000] {processor.py:840} INFO - DAG(s) 'example_python_decorator' retrieved from /home/airflow/.local/lib/python3.12/site-packages/airflow/example_dags/example_python_decorator.py
[2026-03-04T08:04:27.337+0000] {logging_mixin.py:188} INFO - [2026-03-04T08:04:27.337+0000] {dag.py:3089} INFO - Sync 1 DAGs
[2026-03-04T08:04:27.343+0000] {logging_mixin.py:188} INFO - [2026-03-04T08:04:27.343+0000] {dag.py:3947} INFO - Setting next_dagrun for example_python_decorator to None, run_after=None
[2026-03-04T08:04:27.350+0000] {processor.py:183} INFO - Processing /home/airflow/.local/lib/python3.12/site-packages/airflow/example_dags/example_python_decorator.py took 0.034 seconds
[2026-03-04T08:04:57.891+0000] {processor.py:161} INFO - Started process (PID=3925) to work on /home/airflow/.local/lib/python3.12/site-packages/airflow/example_dags/example_python_decorator.py
[2026-03-04T08:04:57.891+0000] {processor.py:830} INFO - Processing file /home/airflow/.local/lib/python3.12/site-packages/airflow/example_dags/example_python_decorator.py for tasks to queue
[2026-03-04T08:04:57.892+0000] {logging_mixin.py:188} INFO - [2026-03-04T08:04:57.892+0000] {dagbag.py:545} INFO - Filling up the DagBag from /home/airflow/.local/lib/python3.12/site-packages/airflow/example_dags/example_python_decorator.py
[2026-03-04T08:04:57.897+0000] {processor.py:840} INFO - DAG(s) 'example_python_decorator' retrieved from /home/airflow/.local/lib/python3.12/site-packages/airflow/example_dags/example_python_decorator.py
[2026-03-04T08:04:57.907+0000] {logging_mixin.py:188} INFO - [2026-03-04T08:04:57.907+0000] {dag.py:3089} INFO - Sync 1 DAGs
[2026-03-04T08:04:57.912+0000] {logging_mixin.py:188} INFO - [2026-03-04T08:04:57.912+0000] {dag.py:3947} INFO - Setting next_dagrun for example_python_decorator to None, run_after=None
[2026-03-04T08:04:57.922+0000] {processor.py:183} INFO - Processing /home/airflow/.local/lib/python3.12/site-packages/airflow/example_dags/example_python_decorator.py took 0.033 seconds
[2026-03-04T08:05:28.469+0000] {processor.py:161} INFO - Started process (PID=4187) to work on /home/airflow/.local/lib/python3.12/site-packages/airflow/example_dags/example_python_decorator.py
[2026-03-04T08:05:28.469+0000] {processor.py:830} INFO - Processing file /home/airflow/.local/lib/python3.12/site-packages/airflow/example_dags/example_python_decorator.py for tasks to queue
[2026-03-04T08:05:28.470+0000] {logging_mixin.py:188} INFO - [2026-03-04T08:05:28.470+0000] {dagbag.py:545} INFO - Filling up the DagBag from /home/airflow/.local/lib/python3.12/site-packages/airflow/example_dags/example_python_decorator.py
[2026-03-04T08:05:28.478+0000] {processor.py:840} INFO - DAG(s) 'example_python_decorator' retrieved from /home/airflow/.local/lib/python3.12/site-packages/airflow/example_dags/example_python_decorator.py
[2026-03-04T08:05:28.489+0000] {logging_mixin.py:188} INFO - [2026-03-04T08:05:28.489+0000] {dag.py:3089} INFO - Sync 1 DAGs
[2026-03-04T08:05:28.495+0000] {logging_mixin.py:188} INFO - [2026-03-04T08:05:28.495+0000] {dag.py:3947} INFO - Setting next_dagrun for example_python_decorator to None, run_after=None
[2026-03-04T08:05:28.508+0000] {processor.py:183} INFO - Processing /home/airflow/.local/lib/python3.12/site-packages/airflow/example_dags/example_python_decorator.py took 0.041 seconds
[2026-03-04T08:05:59.074+0000] {processor.py:161} INFO - Started process (PID=4449) to work on /home/airflow/.local/lib/python3.12/site-packages/airflow/example_dags/example_python_decorator.py
[2026-03-04T08:05:59.074+0000] {processor.py:830} INFO - Processing file /home/airflow/.local/lib/python3.12/site-packages/airflow/example_dags/example_python_decorator.py for tasks to queue
[2026-03-04T08:05:59.075+0000] {logging_mixin.py:188} INFO - [2026-03-04T08:05:59.075+0000] {dagbag.py:545} INFO - Filling up the DagBag from /home/airflow/.local/lib/python3.12/site-packages/airflow/example_dags/example_python_decorator.py
[2026-03-04T08:05:59.080+0000] {processor.py:840} INFO - DAG(s) 'example_python_decorator' retrieved from /home/airflow/.local/lib/python3.12/site-packages/airflow/example_dags/example_python_decorator.py
[2026-03-04T08:05:59.091+0000] {logging_mixin.py:188} INFO - [2026-03-04T08:05:59.091+0000] {dag.py:3089} INFO - Sync 1 DAGs
[2026-03-04T08:05:59.097+0000] {logging_mixin.py:188} INFO - [2026-03-04T08:05:59.097+0000] {dag.py:3947} INFO - Setting next_dagrun for example_python_decorator to None, run_after=None
[2026-03-04T08:05:59.108+0000] {processor.py:183} INFO - Processing /home/airflow/.local/lib/python3.12/site-packages/airflow/example_dags/example_python_decorator.py took 0.036 seconds
[2026-03-04T08:06:29.584+0000] {processor.py:161} INFO - Started process (PID=4713) to work on /home/airflow/.local/lib/python3.12/site-packages/airflow/example_dags/example_python_decorator.py
[2026-03-04T08:06:29.585+0000] {processor.py:830} INFO - Processing file /home/airflow/.local/lib/python3.12/site-packages/airflow/example_dags/example_python_decorator.py for tasks to queue
[2026-03-04T08:06:29.585+0000] {logging_mixin.py:188} INFO - [2026-03-04T08:06:29.585+0000] {dagbag.py:545} INFO - Filling up the DagBag from /home/airflow/.local/lib/python3.12/site-packages/airflow/example_dags/example_python_decorator.py
[2026-03-04T08:06:29.590+0000] {processor.py:840} INFO - DAG(s) 'example_python_decorator' retrieved from /home/airflow/.local/lib/python3.12/site-packages/airflow/example_dags/example_python_decorator.py
[2026-03-04T08:06:29.597+0000] {logging_mixin.py:188} INFO - [2026-03-04T08:06:29.597+0000] {dag.py:3089} INFO - Sync 1 DAGs
[2026-03-04T08:06:29.600+0000] {logging_mixin.py:188} INFO - [2026-03-04T08:06:29.600+0000] {dag.py:3947} INFO - Setting next_dagrun for example_python_decorator to None, run_after=None
[2026-03-04T08:06:29.605+0000] {processor.py:183} INFO - Processing /home/airflow/.local/lib/python3.12/site-packages/airflow/example_dags/example_python_decorator.py took 0.023 seconds
[2026-03-04T08:07:00.174+0000] {processor.py:161} INFO - Started process (PID=4973) to work on /home/airflow/.local/lib/python3.12/site-packages/airflow/example_dags/example_python_decorator.py
[2026-03-04T08:07:00.175+0000] {processor.py:830} INFO - Processing file /home/airflow/.local/lib/python3.12/site-packages/airflow/example_dags/example_python_decorator.py for tasks to queue
[2026-03-04T08:07:00.175+0000] {logging_mixin.py:188} INFO - [2026-03-04T08:07:00.175+0000] {dagbag.py:545} INFO - Filling up the DagBag from /home/airflow/.local/lib/python3.12/site-packages/airflow/example_dags/example_python_decorator.py
[2026-03-04T08:07:00.182+0000] {processor.py:840} INFO - DAG(s) 'example_python_decorator' retrieved from /home/airflow/.local/lib/python3.12/site-packages/airflow/example_dags/example_python_decorator.py
[2026-03-04T08:07:00.190+0000] {logging_mixin.py:188} INFO - [2026-03-04T08:07:00.190+0000] {dag.py:3089} INFO - Sync 1 DAGs
[2026-03-04T08:07:00.195+0000] {logging_mixin.py:188} INFO - [2026-03-04T08:07:00.195+0000] {dag.py:3947} INFO - Setting next_dagrun for example_python_decorator to None, run_after=None
[2026-03-04T08:07:00.204+0000] {processor.py:183} INFO - Processing /home/airflow/.local/lib/python3.12/site-packages/airflow/example_dags/example_python_decorator.py took 0.032 seconds
[2026-03-04T08:07:30.681+0000] {processor.py:161} INFO - Started process (PID=5235) to work on /home/airflow/.local/lib/python3.12/site-packages/airflow/example_dags/example_python_decorator.py
[2026-03-04T08:07:30.682+0000] {processor.py:830} INFO - Processing file /home/airflow/.local/lib/python3.12/site-packages/airflow/example_dags/example_python_decorator.py for tasks to queue
[2026-03-04T08:07:30.683+0000] {logging_mixin.py:188} INFO - [2026-03-04T08:07:30.683+0000] {dagbag.py:545} INFO - Filling up the DagBag from /home/airflow/.local/lib/python3.12/site-packages/airflow/example_dags/example_python_decorator.py
[2026-03-04T08:07:30.688+0000] {processor.py:840} INFO - DAG(s) 'example_python_decorator' retrieved from /home/airflow/.local/lib/python3.12/site-packages/airflow/example_dags/example_python_decorator.py
[2026-03-04T08:07:30.698+0000] {logging_mixin.py:188} INFO - [2026-03-04T08:07:30.698+0000] {dag.py:3089} INFO - Sync 1 DAGs
[2026-03-04T08:07:30.702+0000] {logging_mixin.py:188} INFO - [2026-03-04T08:07:30.702+0000] {dag.py:3947} INFO - Setting next_dagrun for example_python_decorator to None, run_after=None
[2026-03-04T08:07:30.713+0000] {processor.py:183} INFO - Processing /home/airflow/.local/lib/python3.12/site-packages/airflow/example_dags/example_python_decorator.py took 0.034 seconds
[2026-03-04T08:08:01.276+0000] {processor.py:161} INFO - Started process (PID=5497) to work on /home/airflow/.local/lib/python3.12/site-packages/airflow/example_dags/example_python_decorator.py
[2026-03-04T08:08:01.276+0000] {processor.py:830} INFO - Processing file /home/airflow/.local/lib/python3.12/site-packages/airflow/example_dags/example_python_decorator.py for tasks to queue
[2026-03-04T08:08:01.277+0000] {logging_mixin.py:188} INFO - [2026-03-04T08:08:01.277+0000] {dagbag.py:545} INFO - Filling up the DagBag from /home/airflow/.local/lib/python3.12/site-packages/airflow/example_dags/example_python_decorator.py
[2026-03-04T08:08:01.285+0000] {processor.py:840} INFO - DAG(s) 'example_python_decorator' retrieved from /home/airflow/.local/lib/python3.12/site-packages/airflow/example_dags/example_python_decorator.py
[2026-03-04T08:08:01.293+0000] {logging_mixin.py:188} INFO - [2026-03-04T08:08:01.293+0000] {dag.py:3089} INFO - Sync 1 DAGs
[2026-03-04T08:08:01.298+0000] {logging_mixin.py:188} INFO - [2026-03-04T08:08:01.298+0000] {dag.py:3947} INFO - Setting next_dagrun for example_python_decorator to None, run_after=None
[2026-03-04T08:08:01.310+0000] {processor.py:183} INFO - Processing /home/airflow/.local/lib/python3.12/site-packages/airflow/example_dags/example_python_decorator.py took 0.037 seconds
[2026-03-04T08:08:31.839+0000] {processor.py:161} INFO - Started process (PID=5761) to work on /home/airflow/.local/lib/python3.12/site-packages/airflow/example_dags/example_python_decorator.py
[2026-03-04T08:08:31.839+0000] {processor.py:830} INFO - Processing file /home/airflow/.local/lib/python3.12/site-packages/airflow/example_dags/example_python_decorator.py for tasks to queue
[2026-03-04T08:08:31.840+0000] {logging_mixin.py:188} INFO - [2026-03-04T08:08:31.840+0000] {dagbag.py:545} INFO - Filling up the DagBag from /home/airflow/.local/lib/python3.12/site-packages/airflow/example_dags/example_python_decorator.py
[2026-03-04T08:08:31.845+0000] {processor.py:840} INFO - DAG(s) 'example_python_decorator' retrieved from /home/airflow/.local/lib/python3.12/site-packages/airflow/example_dags/example_python_decorator.py
[2026-03-04T08:08:31.852+0000] {logging_mixin.py:188} INFO - [2026-03-04T08:08:31.851+0000] {dag.py:3089} INFO - Sync 1 DAGs
[2026-03-04T08:08:31.855+0000] {logging_mixin.py:188} INFO - [2026-03-04T08:08:31.855+0000] {dag.py:3947} INFO - Setting next_dagrun for example_python_decorator to None, run_after=None
[2026-03-04T08:08:31.860+0000] {processor.py:183} INFO - Processing /home/airflow/.local/lib/python3.12/site-packages/airflow/example_dags/example_python_decorator.py took 0.024 seconds
[2026-03-04T08:09:02.482+0000] {processor.py:161} INFO - Started process (PID=6021) to work on /home/airflow/.local/lib/python3.12/site-packages/airflow/example_dags/example_python_decorator.py
[2026-03-04T08:09:02.482+0000] {processor.py:830} INFO - Processing file /home/airflow/.local/lib/python3.12/site-packages/airflow/example_dags/example_python_decorator.py for tasks to queue
[2026-03-04T08:09:02.483+0000] {logging_mixin.py:188} INFO - [2026-03-04T08:09:02.483+0000] {dagbag.py:545} INFO - Filling up the DagBag from /home/airflow/.local/lib/python3.12/site-packages/airflow/example_dags/example_python_decorator.py
[2026-03-04T08:09:02.489+0000] {processor.py:840} INFO - DAG(s) 'example_python_decorator' retrieved from /home/airflow/.local/lib/python3.12/site-packages/airflow/example_dags/example_python_decorator.py
[2026-03-04T08:09:02.501+0000] {logging_mixin.py:188} INFO - [2026-03-04T08:09:02.501+0000] {dag.py:3089} INFO - Sync 1 DAGs
[2026-03-04T08:09:02.505+0000] {logging_mixin.py:188} INFO - [2026-03-04T08:09:02.505+0000] {dag.py:3947} INFO - Setting next_dagrun for example_python_decorator to None, run_after=None
[2026-03-04T08:09:02.514+0000] {processor.py:183} INFO - Processing /home/airflow/.local/lib/python3.12/site-packages/airflow/example_dags/example_python_decorator.py took 0.035 seconds
[2026-03-04T08:09:33.069+0000] {processor.py:161} INFO - Started process (PID=6285) to work on /home/airflow/.local/lib/python3.12/site-packages/airflow/example_dags/example_python_decorator.py
[2026-03-04T08:09:33.070+0000] {processor.py:830} INFO - Processing file /home/airflow/.local/lib/python3.12/site-packages/airflow/example_dags/example_python_decorator.py for tasks to queue
[2026-03-04T08:09:33.071+0000] {logging_mixin.py:188} INFO - [2026-03-04T08:09:33.071+0000] {dagbag.py:545} INFO - Filling up the DagBag from /home/airflow/.local/lib/python3.12/site-packages/airflow/example_dags/example_python_decorator.py
[2026-03-04T08:09:33.076+0000] {processor.py:840} INFO - DAG(s) 'example_python_decorator' retrieved from /home/airflow/.local/lib/python3.12/site-packages/airflow/example_dags/example_python_decorator.py
[2026-03-04T08:09:33.085+0000] {logging_mixin.py:188} INFO - [2026-03-04T08:09:33.085+0000] {dag.py:3089} INFO - Sync 1 DAGs
[2026-03-04T08:09:33.091+0000] {logging_mixin.py:188} INFO - [2026-03-04T08:09:33.091+0000] {dag.py:3947} INFO - Setting next_dagrun for example_python_decorator to None, run_after=None
[2026-03-04T08:09:33.101+0000] {processor.py:183} INFO - Processing /home/airflow/.local/lib/python3.12/site-packages/airflow/example_dags/example_python_decorator.py took 0.034 seconds
[2026-03-04T08:10:03.663+0000] {processor.py:161} INFO - Started process (PID=6547) to work on /home/airflow/.local/lib/python3.12/site-packages/airflow/example_dags/example_python_decorator.py
[2026-03-04T08:10:03.663+0000] {processor.py:830} INFO - Processing file /home/airflow/.local/lib/python3.12/site-packages/airflow/example_dags/example_python_decorator.py for tasks to queue
[2026-03-04T08:10:03.664+0000] {logging_mixin.py:188} INFO - [2026-03-04T08:10:03.664+0000] {dagbag.py:545} INFO - Filling up the DagBag from /home/airflow/.local/lib/python3.12/site-packages/airflow/example_dags/example_python_decorator.py
[2026-03-04T08:10:03.669+0000] {processor.py:840} INFO - DAG(s) 'example_python_decorator' retrieved from /home/airflow/.local/lib/python3.12/site-packages/airflow/example_dags/example_python_decorator.py
[2026-03-04T08:10:03.680+0000] {logging_mixin.py:188} INFO - [2026-03-04T08:10:03.680+0000] {dag.py:3089} INFO - Sync 1 DAGs
[2026-03-04T08:10:03.684+0000] {logging_mixin.py:188} INFO - [2026-03-04T08:10:03.684+0000] {dag.py:3947} INFO - Setting next_dagrun for example_python_decorator to None, run_after=None
[2026-03-04T08:10:03.691+0000] {processor.py:183} INFO - Processing /home/airflow/.local/lib/python3.12/site-packages/airflow/example_dags/example_python_decorator.py took 0.031 seconds
[2026-03-04T08:10:34.179+0000] {processor.py:161} INFO - Started process (PID=6810) to work on /home/airflow/.local/lib/python3.12/site-packages/airflow/example_dags/example_python_decorator.py
[2026-03-04T08:10:34.181+0000] {processor.py:830} INFO - Processing file /home/airflow/.local/lib/python3.12/site-packages/airflow/example_dags/example_python_decorator.py for tasks to queue
[2026-03-04T08:10:34.182+0000] {logging_mixin.py:188} INFO - [2026-03-04T08:10:34.182+0000] {dagbag.py:545} INFO - Filling up the DagBag from /home/airflow/.local/lib/python3.12/site-packages/airflow/example_dags/example_python_decorator.py
[2026-03-04T08:10:34.187+0000] {processor.py:840} INFO - DAG(s) 'example_python_decorator' retrieved from /home/airflow/.local/lib/python3.12/site-packages/airflow/example_dags/example_python_decorator.py
[2026-03-04T08:10:34.195+0000] {logging_mixin.py:188} INFO - [2026-03-04T08:10:34.195+0000] {dag.py:3089} INFO - Sync 1 DAGs
[2026-03-04T08:10:34.199+0000] {logging_mixin.py:188} INFO - [2026-03-04T08:10:34.199+0000] {dag.py:3947} INFO - Setting next_dagrun for example_python_decorator to None, run_after=None
[2026-03-04T08:10:34.204+0000] {processor.py:183} INFO - Processing /home/airflow/.local/lib/python3.12/site-packages/airflow/example_dags/example_python_decorator.py took 0.027 seconds
[2026-03-04T08:11:04.840+0000] {processor.py:161} INFO - Started process (PID=7072) to work on /home/airflow/.local/lib/python3.12/site-packages/airflow/example_dags/example_python_decorator.py
[2026-03-04T08:11:04.841+0000] {processor.py:830} INFO - Processing file /home/airflow/.local/lib/python3.12/site-packages/airflow/example_dags/example_python_decorator.py for tasks to queue
[2026-03-04T08:11:04.841+0000] {logging_mixin.py:188} INFO - [2026-03-04T08:11:04.841+0000] {dagbag.py:545} INFO - Filling up the DagBag from /home/airflow/.local/lib/python3.12/site-packages/airflow/example_dags/example_python_decorator.py
[2026-03-04T08:11:04.846+0000] {processor.py:840} INFO - DAG(s) 'example_python_decorator' retrieved from /home/airflow/.local/lib/python3.12/site-packages/airflow/example_dags/example_python_decorator.py
[2026-03-04T08:11:04.857+0000] {logging_mixin.py:188} INFO - [2026-03-04T08:11:04.857+0000] {dag.py:3089} INFO - Sync 1 DAGs
[2026-03-04T08:11:04.863+0000] {logging_mixin.py:188} INFO - [2026-03-04T08:11:04.863+0000] {dag.py:3947} INFO - Setting next_dagrun for example_python_decorator to None, run_after=None
[2026-03-04T08:11:04.872+0000] {processor.py:183} INFO - Processing /home/airflow/.local/lib/python3.12/site-packages/airflow/example_dags/example_python_decorator.py took 0.035 seconds
[2026-03-04T08:11:35.471+0000] {processor.py:161} INFO - Started process (PID=7336) to work on /home/airflow/.local/lib/python3.12/site-packages/airflow/example_dags/example_python_decorator.py
[2026-03-04T08:11:35.472+0000] {processor.py:830} INFO - Processing file /home/airflow/.local/lib/python3.12/site-packages/airflow/example_dags/example_python_decorator.py for tasks to queue
[2026-03-04T08:11:35.472+0000] {logging_mixin.py:188} INFO - [2026-03-04T08:11:35.472+0000] {dagbag.py:545} INFO - Filling up the DagBag from /home/airflow/.local/lib/python3.12/site-packages/airflow/example_dags/example_python_decorator.py
[2026-03-04T08:11:35.478+0000] {processor.py:840} INFO - DAG(s) 'example_python_decorator' retrieved from /home/airflow/.local/lib/python3.12/site-packages/airflow/example_dags/example_python_decorator.py
[2026-03-04T08:11:35.487+0000] {logging_mixin.py:188} INFO - [2026-03-04T08:11:35.487+0000] {dag.py:3089} INFO - Sync 1 DAGs
[2026-03-04T08:11:35.493+0000] {logging_mixin.py:188} INFO - [2026-03-04T08:11:35.493+0000] {dag.py:3947} INFO - Setting next_dagrun for example_python_decorator to None, run_after=None
[2026-03-04T08:11:35.502+0000] {processor.py:183} INFO - Processing /home/airflow/.local/lib/python3.12/site-packages/airflow/example_dags/example_python_decorator.py took 0.033 seconds
[2026-03-04T08:12:05.959+0000] {processor.py:161} INFO - Started process (PID=7596) to work on /home/airflow/.local/lib/python3.12/site-packages/airflow/example_dags/example_python_decorator.py
[2026-03-04T08:12:05.961+0000] {processor.py:830} INFO - Processing file /home/airflow/.local/lib/python3.12/site-packages/airflow/example_dags/example_python_decorator.py for tasks to queue
[2026-03-04T08:12:05.963+0000] {logging_mixin.py:188} INFO - [2026-03-04T08:12:05.963+0000] {dagbag.py:545} INFO - Filling up the DagBag from /home/airflow/.local/lib/python3.12/site-packages/airflow/example_dags/example_python_decorator.py
[2026-03-04T08:12:05.968+0000] {processor.py:840} INFO - DAG(s) 'example_python_decorator' retrieved from /home/airflow/.local/lib/python3.12/site-packages/airflow/example_dags/example_python_decorator.py
[2026-03-04T08:12:05.978+0000] {logging_mixin.py:188} INFO - [2026-03-04T08:12:05.978+0000] {dag.py:3089} INFO - Sync 1 DAGs
[2026-03-04T08:12:05.982+0000] {logging_mixin.py:188} INFO - [2026-03-04T08:12:05.982+0000] {dag.py:3947} INFO - Setting next_dagrun for example_python_decorator to None, run_after=None
[2026-03-04T08:12:05.988+0000] {processor.py:183} INFO - Processing /home/airflow/.local/lib/python3.12/site-packages/airflow/example_dags/example_python_decorator.py took 0.031 seconds
[2026-03-04T08:12:36.544+0000] {processor.py:161} INFO - Started process (PID=7860) to work on /home/airflow/.local/lib/python3.12/site-packages/airflow/example_dags/example_python_decorator.py
[2026-03-04T08:12:36.545+0000] {processor.py:830} INFO - Processing file /home/airflow/.local/lib/python3.12/site-packages/airflow/example_dags/example_python_decorator.py for tasks to queue
[2026-03-04T08:12:36.545+0000] {logging_mixin.py:188} INFO - [2026-03-04T08:12:36.545+0000] {dagbag.py:545} INFO - Filling up the DagBag from /home/airflow/.local/lib/python3.12/site-packages/airflow/example_dags/example_python_decorator.py
[2026-03-04T08:12:36.552+0000] {processor.py:840} INFO - DAG(s) 'example_python_decorator' retrieved from /home/airflow/.local/lib/python3.12/site-packages/airflow/example_dags/example_python_decorator.py
[2026-03-04T08:12:36.562+0000] {logging_mixin.py:188} INFO - [2026-03-04T08:12:36.562+0000] {dag.py:3089} INFO - Sync 1 DAGs
[2026-03-04T08:12:36.567+0000] {logging_mixin.py:188} INFO - [2026-03-04T08:12:36.567+0000] {dag.py:3947} INFO - Setting next_dagrun for example_python_decorator to None, run_after=None
[2026-03-04T08:12:36.576+0000] {processor.py:183} INFO - Processing /home/airflow/.local/lib/python3.12/site-packages/airflow/example_dags/example_python_decorator.py took 0.034 seconds
[2026-03-04T08:13:07.063+0000] {processor.py:161} INFO - Started process (PID=8120) to work on /home/airflow/.local/lib/python3.12/site-packages/airflow/example_dags/example_python_decorator.py
[2026-03-04T08:13:07.064+0000] {processor.py:830} INFO - Processing file /home/airflow/.local/lib/python3.12/site-packages/airflow/example_dags/example_python_decorator.py for tasks to queue
[2026-03-04T08:13:07.065+0000] {logging_mixin.py:188} INFO - [2026-03-04T08:13:07.064+0000] {dagbag.py:545} INFO - Filling up the DagBag from /home/airflow/.local/lib/python3.12/site-packages/airflow/example_dags/example_python_decorator.py
[2026-03-04T08:13:07.069+0000] {processor.py:840} INFO - DAG(s) 'example_python_decorator' retrieved from /home/airflow/.local/lib/python3.12/site-packages/airflow/example_dags/example_python_decorator.py
[2026-03-04T08:13:07.077+0000] {logging_mixin.py:188} INFO - [2026-03-04T08:13:07.077+0000] {dag.py:3089} INFO - Sync 1 DAGs
[2026-03-04T08:13:07.082+0000] {logging_mixin.py:188} INFO - [2026-03-04T08:13:07.081+0000] {dag.py:3947} INFO - Setting next_dagrun for example_python_decorator to None, run_after=None
[2026-03-04T08:13:07.087+0000] {processor.py:183} INFO - Processing /home/airflow/.local/lib/python3.12/site-packages/airflow/example_dags/example_python_decorator.py took 0.027 seconds
[2026-03-04T08:13:37.636+0000] {processor.py:161} INFO - Started process (PID=8384) to work on /home/airflow/.local/lib/python3.12/site-packages/airflow/example_dags/example_python_decorator.py
[2026-03-04T08:13:37.638+0000] {processor.py:830} INFO - Processing file /home/airflow/.local/lib/python3.12/site-packages/airflow/example_dags/example_python_decorator.py for tasks to queue
[2026-03-04T08:13:37.638+0000] {logging_mixin.py:188} INFO - [2026-03-04T08:13:37.638+0000] {dagbag.py:545} INFO - Filling up the DagBag from /home/airflow/.local/lib/python3.12/site-packages/airflow/example_dags/example_python_decorator.py
[2026-03-04T08:13:37.646+0000] {processor.py:840} INFO - DAG(s) 'example_python_decorator' retrieved from /home/airflow/.local/lib/python3.12/site-packages/airflow/example_dags/example_python_decorator.py
[2026-03-04T08:13:37.653+0000] {logging_mixin.py:188} INFO - [2026-03-04T08:13:37.653+0000] {dag.py:3089} INFO - Sync 1 DAGs
[2026-03-04T08:13:37.657+0000] {logging_mixin.py:188} INFO - [2026-03-04T08:13:37.657+0000] {dag.py:3947} INFO - Setting next_dagrun for example_python_decorator to None, run_after=None
[2026-03-04T08:13:37.667+0000] {processor.py:183} INFO - Processing /home/airflow/.local/lib/python3.12/site-packages/airflow/example_dags/example_python_decorator.py took 0.033 seconds
[2026-03-04T08:14:08.136+0000] {processor.py:161} INFO - Started process (PID=8644) to work on /home/airflow/.local/lib/python3.12/site-packages/airflow/example_dags/example_python_decorator.py
[2026-03-04T08:14:08.137+0000] {processor.py:830} INFO - Processing file /home/airflow/.local/lib/python3.12/site-packages/airflow/example_dags/example_python_decorator.py for tasks to queue
[2026-03-04T08:14:08.138+0000] {logging_mixin.py:188} INFO - [2026-03-04T08:14:08.138+0000] {dagbag.py:545} INFO - Filling up the DagBag from /home/airflow/.local/lib/python3.12/site-packages/airflow/example_dags/example_python_decorator.py
[2026-03-04T08:14:08.144+0000] {processor.py:840} INFO - DAG(s) 'example_python_decorator' retrieved from /home/airflow/.local/lib/python3.12/site-packages/airflow/example_dags/example_python_decorator.py
[2026-03-04T08:14:08.154+0000] {logging_mixin.py:188} INFO - [2026-03-04T08:14:08.154+0000] {dag.py:3089} INFO - Sync 1 DAGs
[2026-03-04T08:14:08.159+0000] {logging_mixin.py:188} INFO - [2026-03-04T08:14:08.159+0000] {dag.py:3947} INFO - Setting next_dagrun for example_python_decorator to None, run_after=None
[2026-03-04T08:14:08.165+0000] {processor.py:183} INFO - Processing /home/airflow/.local/lib/python3.12/site-packages/airflow/example_dags/example_python_decorator.py took 0.031 seconds
[2026-03-04T08:14:38.672+0000] {processor.py:161} INFO - Started process (PID=8906) to work on /home/airflow/.local/lib/python3.12/site-packages/airflow/example_dags/example_python_decorator.py
[2026-03-04T08:14:38.673+0000] {processor.py:830} INFO - Processing file /home/airflow/.local/lib/python3.12/site-packages/airflow/example_dags/example_python_decorator.py for tasks to queue
[2026-03-04T08:14:38.677+0000] {logging_mixin.py:188} INFO - [2026-03-04T08:14:38.674+0000] {dagbag.py:545} INFO - Filling up the DagBag from /home/airflow/.local/lib/python3.12/site-packages/airflow/example_dags/example_python_decorator.py
[2026-03-04T08:14:38.682+0000] {processor.py:840} INFO - DAG(s) 'example_python_decorator' retrieved from /home/airflow/.local/lib/python3.12/site-packages/airflow/example_dags/example_python_decorator.py
[2026-03-04T08:14:38.692+0000] {logging_mixin.py:188} INFO - [2026-03-04T08:14:38.691+0000] {dag.py:3089} INFO - Sync 1 DAGs
[2026-03-04T08:14:38.698+0000] {logging_mixin.py:188} INFO - [2026-03-04T08:14:38.698+0000] {dag.py:3947} INFO - Setting next_dagrun for example_python_decorator to None, run_after=None
[2026-03-04T08:14:38.704+0000] {processor.py:183} INFO - Processing /home/airflow/.local/lib/python3.12/site-packages/airflow/example_dags/example_python_decorator.py took 0.034 seconds
[2026-03-04T08:15:09.187+0000] {processor.py:161} INFO - Started process (PID=9172) to work on /home/airflow/.local/lib/python3.12/site-packages/airflow/example_dags/example_python_decorator.py
[2026-03-04T08:15:09.188+0000] {processor.py:830} INFO - Processing file /home/airflow/.local/lib/python3.12/site-packages/airflow/example_dags/example_python_decorator.py for tasks to queue
[2026-03-04T08:15:09.189+0000] {logging_mixin.py:188} INFO - [2026-03-04T08:15:09.189+0000] {dagbag.py:545} INFO - Filling up the DagBag from /home/airflow/.local/lib/python3.12/site-packages/airflow/example_dags/example_python_decorator.py
[2026-03-04T08:15:09.193+0000] {processor.py:840} INFO - DAG(s) 'example_python_decorator' retrieved from /home/airflow/.local/lib/python3.12/site-packages/airflow/example_dags/example_python_decorator.py
[2026-03-04T08:15:09.201+0000] {logging_mixin.py:188} INFO - [2026-03-04T08:15:09.201+0000] {dag.py:3089} INFO - Sync 1 DAGs
[2026-03-04T08:15:09.206+0000] {logging_mixin.py:188} INFO - [2026-03-04T08:15:09.206+0000] {dag.py:3947} INFO - Setting next_dagrun for example_python_decorator to None, run_after=None
[2026-03-04T08:15:09.212+0000] {processor.py:183} INFO - Processing /home/airflow/.local/lib/python3.12/site-packages/airflow/example_dags/example_python_decorator.py took 0.028 seconds
[2026-03-04T08:15:39.788+0000] {processor.py:161} INFO - Started process (PID=9438) to work on /home/airflow/.local/lib/python3.12/site-packages/airflow/example_dags/example_python_decorator.py
[2026-03-04T08:15:39.789+0000] {processor.py:830} INFO - Processing file /home/airflow/.local/lib/python3.12/site-packages/airflow/example_dags/example_python_decorator.py for tasks to queue
[2026-03-04T08:15:39.791+0000] {logging_mixin.py:188} INFO - [2026-03-04T08:15:39.791+0000] {dagbag.py:545} INFO - Filling up the DagBag from /home/airflow/.local/lib/python3.12/site-packages/airflow/example_dags/example_python_decorator.py
[2026-03-04T08:15:39.798+0000] {processor.py:840} INFO - DAG(s) 'example_python_decorator' retrieved from /home/airflow/.local/lib/python3.12/site-packages/airflow/example_dags/example_python_decorator.py
[2026-03-04T08:15:39.811+0000] {logging_mixin.py:188} INFO - [2026-03-04T08:15:39.811+0000] {dag.py:3089} INFO - Sync 1 DAGs
[2026-03-04T08:15:39.817+0000] {logging_mixin.py:188} INFO - [2026-03-04T08:15:39.817+0000] {dag.py:3947} INFO - Setting next_dagrun for example_python_decorator to None, run_after=None
[2026-03-04T08:15:39.825+0000] {processor.py:183} INFO - Processing /home/airflow/.local/lib/python3.12/site-packages/airflow/example_dags/example_python_decorator.py took 0.039 seconds
[2026-03-04T08:16:10.405+0000] {processor.py:161} INFO - Started process (PID=9700) to work on /home/airflow/.local/lib/python3.12/site-packages/airflow/example_dags/example_python_decorator.py
[2026-03-04T08:16:10.406+0000] {processor.py:830} INFO - Processing file /home/airflow/.local/lib/python3.12/site-packages/airflow/example_dags/example_python_decorator.py for tasks to queue
[2026-03-04T08:16:10.407+0000] {logging_mixin.py:188} INFO - [2026-03-04T08:16:10.407+0000] {dagbag.py:545} INFO - Filling up the DagBag from /home/airflow/.local/lib/python3.12/site-packages/airflow/example_dags/example_python_decorator.py
[2026-03-04T08:16:10.413+0000] {processor.py:840} INFO - DAG(s) 'example_python_decorator' retrieved from /home/airflow/.local/lib/python3.12/site-packages/airflow/example_dags/example_python_decorator.py
[2026-03-04T08:16:10.424+0000] {logging_mixin.py:188} INFO - [2026-03-04T08:16:10.423+0000] {dag.py:3089} INFO - Sync 1 DAGs
[2026-03-04T08:16:10.427+0000] {logging_mixin.py:188} INFO - [2026-03-04T08:16:10.427+0000] {dag.py:3947} INFO - Setting next_dagrun for example_python_decorator to None, run_after=None
[2026-03-04T08:16:10.436+0000] {processor.py:183} INFO - Processing /home/airflow/.local/lib/python3.12/site-packages/airflow/example_dags/example_python_decorator.py took 0.033 seconds
[2026-03-04T08:16:41.067+0000] {processor.py:161} INFO - Started process (PID=9964) to work on /home/airflow/.local/lib/python3.12/site-packages/airflow/example_dags/example_python_decorator.py
[2026-03-04T08:16:41.067+0000] {processor.py:830} INFO - Processing file /home/airflow/.local/lib/python3.12/site-packages/airflow/example_dags/example_python_decorator.py for tasks to queue
[2026-03-04T08:16:41.068+0000] {logging_mixin.py:188} INFO - [2026-03-04T08:16:41.068+0000] {dagbag.py:545} INFO - Filling up the DagBag from /home/airflow/.local/lib/python3.12/site-packages/airflow/example_dags/example_python_decorator.py
[2026-03-04T08:16:41.074+0000] {processor.py:840} INFO - DAG(s) 'example_python_decorator' retrieved from /home/airflow/.local/lib/python3.12/site-packages/airflow/example_dags/example_python_decorator.py
[2026-03-04T08:16:41.083+0000] {logging_mixin.py:188} INFO - [2026-03-04T08:16:41.083+0000] {dag.py:3089} INFO - Sync 1 DAGs
[2026-03-04T08:16:41.088+0000] {logging_mixin.py:188} INFO - [2026-03-04T08:16:41.088+0000] {dag.py:3947} INFO - Setting next_dagrun for example_python_decorator to None, run_after=None
[2026-03-04T08:16:41.097+0000] {processor.py:183} INFO - Processing /home/airflow/.local/lib/python3.12/site-packages/airflow/example_dags/example_python_decorator.py took 0.032 seconds
[2026-03-04T08:17:11.984+0000] {processor.py:161} INFO - Started process (PID=10224) to work on /home/airflow/.local/lib/python3.12/site-packages/airflow/example_dags/example_python_decorator.py
[2026-03-04T08:17:11.985+0000] {processor.py:830} INFO - Processing file /home/airflow/.local/lib/python3.12/site-packages/airflow/example_dags/example_python_decorator.py for tasks to queue
[2026-03-04T08:17:11.985+0000] {logging_mixin.py:188} INFO - [2026-03-04T08:17:11.985+0000] {dagbag.py:545} INFO - Filling up the DagBag from /home/airflow/.local/lib/python3.12/site-packages/airflow/example_dags/example_python_decorator.py
[2026-03-04T08:17:11.991+0000] {processor.py:840} INFO - DAG(s) 'example_python_decorator' retrieved from /home/airflow/.local/lib/python3.12/site-packages/airflow/example_dags/example_python_decorator.py
[2026-03-04T08:17:11.999+0000] {logging_mixin.py:188} INFO - [2026-03-04T08:17:11.999+0000] {dag.py:3089} INFO - Sync 1 DAGs
[2026-03-04T08:17:12.070+0000] {logging_mixin.py:188} INFO - [2026-03-04T08:17:12.070+0000] {dag.py:3947} INFO - Setting next_dagrun for example_python_decorator to None, run_after=None
[2026-03-04T08:17:12.081+0000] {processor.py:183} INFO - Processing /home/airflow/.local/lib/python3.12/site-packages/airflow/example_dags/example_python_decorator.py took 0.099 seconds
[2026-03-04T08:17:42.780+0000] {processor.py:161} INFO - Started process (PID=10488) to work on /home/airflow/.local/lib/python3.12/site-packages/airflow/example_dags/example_python_decorator.py
[2026-03-04T08:17:42.780+0000] {processor.py:830} INFO - Processing file /home/airflow/.local/lib/python3.12/site-packages/airflow/example_dags/example_python_decorator.py for tasks to queue
[2026-03-04T08:17:42.781+0000] {logging_mixin.py:188} INFO - [2026-03-04T08:17:42.781+0000] {dagbag.py:545} INFO - Filling up the DagBag from /home/airflow/.local/lib/python3.12/site-packages/airflow/example_dags/example_python_decorator.py
[2026-03-04T08:17:42.785+0000] {processor.py:840} INFO - DAG(s) 'example_python_decorator' retrieved from /home/airflow/.local/lib/python3.12/site-packages/airflow/example_dags/example_python_decorator.py
[2026-03-04T08:17:42.792+0000] {logging_mixin.py:188} INFO - [2026-03-04T08:17:42.792+0000] {dag.py:3089} INFO - Sync 1 DAGs
[2026-03-04T08:17:42.796+0000] {logging_mixin.py:188} INFO - [2026-03-04T08:17:42.796+0000] {dag.py:3947} INFO - Setting next_dagrun for example_python_decorator to None, run_after=None
[2026-03-04T08:17:42.852+0000] {processor.py:183} INFO - Processing /home/airflow/.local/lib/python3.12/site-packages/airflow/example_dags/example_python_decorator.py took 0.075 seconds
[2026-03-04T08:18:12.892+0000] {processor.py:161} INFO - Started process (PID=10748) to work on /home/airflow/.local/lib/python3.12/site-packages/airflow/example_dags/example_python_decorator.py
[2026-03-04T08:18:12.893+0000] {processor.py:830} INFO - Processing file /home/airflow/.local/lib/python3.12/site-packages/airflow/example_dags/example_python_decorator.py for tasks to queue
[2026-03-04T08:18:12.894+0000] {logging_mixin.py:188} INFO - [2026-03-04T08:18:12.893+0000] {dagbag.py:545} INFO - Filling up the DagBag from /home/airflow/.local/lib/python3.12/site-packages/airflow/example_dags/example_python_decorator.py
[2026-03-04T08:18:12.900+0000] {processor.py:840} INFO - DAG(s) 'example_python_decorator' retrieved from /home/airflow/.local/lib/python3.12/site-packages/airflow/example_dags/example_python_decorator.py
[2026-03-04T08:18:12.912+0000] {logging_mixin.py:188} INFO - [2026-03-04T08:18:12.912+0000] {dag.py:3089} INFO - Sync 1 DAGs
[2026-03-04T08:18:12.919+0000] {logging_mixin.py:188} INFO - [2026-03-04T08:18:12.919+0000] {dag.py:3947} INFO - Setting next_dagrun for example_python_decorator to None, run_after=None
[2026-03-04T08:18:12.925+0000] {processor.py:183} INFO - Processing /home/airflow/.local/lib/python3.12/site-packages/airflow/example_dags/example_python_decorator.py took 0.035 seconds
[2026-03-04T08:18:43.538+0000] {processor.py:161} INFO - Started process (PID=11010) to work on /home/airflow/.local/lib/python3.12/site-packages/airflow/example_dags/example_python_decorator.py
[2026-03-04T08:18:43.539+0000] {processor.py:830} INFO - Processing file /home/airflow/.local/lib/python3.12/site-packages/airflow/example_dags/example_python_decorator.py for tasks to queue
[2026-03-04T08:18:43.540+0000] {logging_mixin.py:188} INFO - [2026-03-04T08:18:43.540+0000] {dagbag.py:545} INFO - Filling up the DagBag from /home/airflow/.local/lib/python3.12/site-packages/airflow/example_dags/example_python_decorator.py
[2026-03-04T08:18:43.547+0000] {processor.py:840} INFO - DAG(s) 'example_python_decorator' retrieved from /home/airflow/.local/lib/python3.12/site-packages/airflow/example_dags/example_python_decorator.py
[2026-03-04T08:18:43.557+0000] {logging_mixin.py:188} INFO - [2026-03-04T08:18:43.557+0000] {dag.py:3089} INFO - Sync 1 DAGs
[2026-03-04T08:18:43.561+0000] {logging_mixin.py:188} INFO - [2026-03-04T08:18:43.561+0000] {dag.py:3947} INFO - Setting next_dagrun for example_python_decorator to None, run_after=None
[2026-03-04T08:18:43.568+0000] {processor.py:183} INFO - Processing /home/airflow/.local/lib/python3.12/site-packages/airflow/example_dags/example_python_decorator.py took 0.032 seconds
[2026-03-04T08:19:14.112+0000] {processor.py:161} INFO - Started process (PID=11272) to work on /home/airflow/.local/lib/python3.12/site-packages/airflow/example_dags/example_python_decorator.py
[2026-03-04T08:19:14.113+0000] {processor.py:830} INFO - Processing file /home/airflow/.local/lib/python3.12/site-packages/airflow/example_dags/example_python_decorator.py for tasks to queue
[2026-03-04T08:19:14.113+0000] {logging_mixin.py:188} INFO - [2026-03-04T08:19:14.113+0000] {dagbag.py:545} INFO - Filling up the DagBag from /home/airflow/.local/lib/python3.12/site-packages/airflow/example_dags/example_python_decorator.py
[2026-03-04T08:19:14.119+0000] {processor.py:840} INFO - DAG(s) 'example_python_decorator' retrieved from /home/airflow/.local/lib/python3.12/site-packages/airflow/example_dags/example_python_decorator.py
[2026-03-04T08:19:14.131+0000] {logging_mixin.py:188} INFO - [2026-03-04T08:19:14.131+0000] {dag.py:3089} INFO - Sync 1 DAGs
[2026-03-04T08:19:14.135+0000] {logging_mixin.py:188} INFO - [2026-03-04T08:19:14.135+0000] {dag.py:3947} INFO - Setting next_dagrun for example_python_decorator to None, run_after=None
[2026-03-04T08:19:14.143+0000] {processor.py:183} INFO - Processing /home/airflow/.local/lib/python3.12/site-packages/airflow/example_dags/example_python_decorator.py took 0.033 seconds
[2026-03-04T08:19:44.739+0000] {processor.py:161} INFO - Started process (PID=11534) to work on /home/airflow/.local/lib/python3.12/site-packages/airflow/example_dags/example_python_decorator.py
[2026-03-04T08:19:44.741+0000] {processor.py:830} INFO - Processing file /home/airflow/.local/lib/python3.12/site-packages/airflow/example_dags/example_python_decorator.py for tasks to queue
[2026-03-04T08:19:44.741+0000] {logging_mixin.py:188} INFO - [2026-03-04T08:19:44.741+0000] {dagbag.py:545} INFO - Filling up the DagBag from /home/airflow/.local/lib/python3.12/site-packages/airflow/example_dags/example_python_decorator.py
[2026-03-04T08:19:44.746+0000] {processor.py:840} INFO - DAG(s) 'example_python_decorator' retrieved from /home/airflow/.local/lib/python3.12/site-packages/airflow/example_dags/example_python_decorator.py
[2026-03-04T08:19:44.755+0000] {logging_mixin.py:188} INFO - [2026-03-04T08:19:44.754+0000] {dag.py:3089} INFO - Sync 1 DAGs
[2026-03-04T08:19:44.759+0000] {logging_mixin.py:188} INFO - [2026-03-04T08:19:44.759+0000] {dag.py:3947} INFO - Setting next_dagrun for example_python_decorator to None, run_after=None
[2026-03-04T08:19:44.767+0000] {processor.py:183} INFO - Processing /home/airflow/.local/lib/python3.12/site-packages/airflow/example_dags/example_python_decorator.py took 0.030 seconds
[2026-03-04T08:20:15.300+0000] {processor.py:161} INFO - Started process (PID=11798) to work on /home/airflow/.local/lib/python3.12/site-packages/airflow/example_dags/example_python_decorator.py
[2026-03-04T08:20:15.301+0000] {processor.py:830} INFO - Processing file /home/airflow/.local/lib/python3.12/site-packages/airflow/example_dags/example_python_decorator.py for tasks to queue
[2026-03-04T08:20:15.302+0000] {logging_mixin.py:188} INFO - [2026-03-04T08:20:15.302+0000] {dagbag.py:545} INFO - Filling up the DagBag from /home/airflow/.local/lib/python3.12/site-packages/airflow/example_dags/example_python_decorator.py
[2026-03-04T08:20:15.411+0000] {processor.py:840} INFO - DAG(s) 'example_python_decorator' retrieved from /home/airflow/.local/lib/python3.12/site-packages/airflow/example_dags/example_python_decorator.py
[2026-03-04T08:20:15.493+0000] {logging_mixin.py:188} INFO - [2026-03-04T08:20:15.493+0000] {dag.py:3089} INFO - Sync 1 DAGs
[2026-03-04T08:20:15.512+0000] {logging_mixin.py:188} INFO - [2026-03-04T08:20:15.512+0000] {dag.py:3947} INFO - Setting next_dagrun for example_python_decorator to None, run_after=None
[2026-03-04T08:20:15.531+0000] {processor.py:183} INFO - Processing /home/airflow/.local/lib/python3.12/site-packages/airflow/example_dags/example_python_decorator.py took 0.234 seconds
[2026-03-04T08:37:20.882+0000] {processor.py:161} INFO - Started process (PID=12059) to work on /home/airflow/.local/lib/python3.12/site-packages/airflow/example_dags/example_python_decorator.py
[2026-03-04T08:37:20.882+0000] {processor.py:830} INFO - Processing file /home/airflow/.local/lib/python3.12/site-packages/airflow/example_dags/example_python_decorator.py for tasks to queue
[2026-03-04T08:37:20.883+0000] {logging_mixin.py:188} INFO - [2026-03-04T08:37:20.883+0000] {dagbag.py:545} INFO - Filling up the DagBag from /home/airflow/.local/lib/python3.12/site-packages/airflow/example_dags/example_python_decorator.py
[2026-03-04T08:37:20.888+0000] {processor.py:840} INFO - DAG(s) 'example_python_decorator' retrieved from /home/airflow/.local/lib/python3.12/site-packages/airflow/example_dags/example_python_decorator.py
[2026-03-04T08:37:20.898+0000] {logging_mixin.py:188} INFO - [2026-03-04T08:37:20.898+0000] {dag.py:3089} INFO - Sync 1 DAGs
[2026-03-04T08:37:20.902+0000] {logging_mixin.py:188} INFO - [2026-03-04T08:37:20.902+0000] {dag.py:3947} INFO - Setting next_dagrun for example_python_decorator to None, run_after=None
[2026-03-04T08:37:20.913+0000] {processor.py:183} INFO - Processing /home/airflow/.local/lib/python3.12/site-packages/airflow/example_dags/example_python_decorator.py took 0.034 seconds
[2026-03-04T08:46:11.360+0000] {processor.py:161} INFO - Started process (PID=12322) to work on /home/airflow/.local/lib/python3.12/site-packages/airflow/example_dags/example_python_decorator.py
[2026-03-04T08:46:11.360+0000] {processor.py:830} INFO - Processing file /home/airflow/.local/lib/python3.12/site-packages/airflow/example_dags/example_python_decorator.py for tasks to queue
[2026-03-04T08:46:11.361+0000] {logging_mixin.py:188} INFO - [2026-03-04T08:46:11.361+0000] {dagbag.py:545} INFO - Filling up the DagBag from /home/airflow/.local/lib/python3.12/site-packages/airflow/example_dags/example_python_decorator.py
[2026-03-04T08:46:11.366+0000] {processor.py:840} INFO - DAG(s) 'example_python_decorator' retrieved from /home/airflow/.local/lib/python3.12/site-packages/airflow/example_dags/example_python_decorator.py
[2026-03-04T08:46:11.373+0000] {logging_mixin.py:188} INFO - [2026-03-04T08:46:11.373+0000] {dag.py:3089} INFO - Sync 1 DAGs
[2026-03-04T08:46:11.377+0000] {logging_mixin.py:188} INFO - [2026-03-04T08:46:11.377+0000] {dag.py:3947} INFO - Setting next_dagrun for example_python_decorator to None, run_after=None
[2026-03-04T08:46:11.382+0000] {processor.py:183} INFO - Processing /home/airflow/.local/lib/python3.12/site-packages/airflow/example_dags/example_python_decorator.py took 0.025 seconds
[2026-03-04T08:46:41.969+0000] {processor.py:161} INFO - Started process (PID=12582) to work on /home/airflow/.local/lib/python3.12/site-packages/airflow/example_dags/example_python_decorator.py
[2026-03-04T08:46:41.970+0000] {processor.py:830} INFO - Processing file /home/airflow/.local/lib/python3.12/site-packages/airflow/example_dags/example_python_decorator.py for tasks to queue
[2026-03-04T08:46:41.971+0000] {logging_mixin.py:188} INFO - [2026-03-04T08:46:41.971+0000] {dagbag.py:545} INFO - Filling up the DagBag from /home/airflow/.local/lib/python3.12/site-packages/airflow/example_dags/example_python_decorator.py
[2026-03-04T08:46:41.978+0000] {processor.py:840} INFO - DAG(s) 'example_python_decorator' retrieved from /home/airflow/.local/lib/python3.12/site-packages/airflow/example_dags/example_python_decorator.py
[2026-03-04T08:46:41.989+0000] {logging_mixin.py:188} INFO - [2026-03-04T08:46:41.989+0000] {dag.py:3089} INFO - Sync 1 DAGs
[2026-03-04T08:46:41.994+0000] {logging_mixin.py:188} INFO - [2026-03-04T08:46:41.994+0000] {dag.py:3947} INFO - Setting next_dagrun for example_python_decorator to None, run_after=None
[2026-03-04T08:46:42.000+0000] {processor.py:183} INFO - Processing /home/airflow/.local/lib/python3.12/site-packages/airflow/example_dags/example_python_decorator.py took 0.034 seconds
[2026-03-04T08:47:12.522+0000] {processor.py:161} INFO - Started process (PID=12844) to work on /home/airflow/.local/lib/python3.12/site-packages/airflow/example_dags/example_python_decorator.py
[2026-03-04T08:47:12.524+0000] {processor.py:830} INFO - Processing file /home/airflow/.local/lib/python3.12/site-packages/airflow/example_dags/example_python_decorator.py for tasks to queue
[2026-03-04T08:47:12.525+0000] {logging_mixin.py:188} INFO - [2026-03-04T08:47:12.525+0000] {dagbag.py:545} INFO - Filling up the DagBag from /home/airflow/.local/lib/python3.12/site-packages/airflow/example_dags/example_python_decorator.py
[2026-03-04T08:47:12.531+0000] {processor.py:840} INFO - DAG(s) 'example_python_decorator' retrieved from /home/airflow/.local/lib/python3.12/site-packages/airflow/example_dags/example_python_decorator.py
[2026-03-04T08:47:12.542+0000] {logging_mixin.py:188} INFO - [2026-03-04T08:47:12.542+0000] {dag.py:3089} INFO - Sync 1 DAGs
[2026-03-04T08:47:12.548+0000] {logging_mixin.py:188} INFO - [2026-03-04T08:47:12.548+0000] {dag.py:3947} INFO - Setting next_dagrun for example_python_decorator to None, run_after=None
[2026-03-04T08:47:12.554+0000] {processor.py:183} INFO - Processing /home/airflow/.local/lib/python3.12/site-packages/airflow/example_dags/example_python_decorator.py took 0.034 seconds
[2026-03-04T08:47:43.025+0000] {processor.py:161} INFO - Started process (PID=13106) to work on /home/airflow/.local/lib/python3.12/site-packages/airflow/example_dags/example_python_decorator.py
[2026-03-04T08:47:43.026+0000] {processor.py:830} INFO - Processing file /home/airflow/.local/lib/python3.12/site-packages/airflow/example_dags/example_python_decorator.py for tasks to queue
[2026-03-04T08:47:43.028+0000] {logging_mixin.py:188} INFO - [2026-03-04T08:47:43.028+0000] {dagbag.py:545} INFO - Filling up the DagBag from /home/airflow/.local/lib/python3.12/site-packages/airflow/example_dags/example_python_decorator.py
[2026-03-04T08:47:43.033+0000] {processor.py:840} INFO - DAG(s) 'example_python_decorator' retrieved from /home/airflow/.local/lib/python3.12/site-packages/airflow/example_dags/example_python_decorator.py
[2026-03-04T08:47:43.044+0000] {logging_mixin.py:188} INFO - [2026-03-04T08:47:43.044+0000] {dag.py:3089} INFO - Sync 1 DAGs
[2026-03-04T08:47:43.049+0000] {logging_mixin.py:188} INFO - [2026-03-04T08:47:43.049+0000] {dag.py:3947} INFO - Setting next_dagrun for example_python_decorator to None, run_after=None
[2026-03-04T08:47:43.055+0000] {processor.py:183} INFO - Processing /home/airflow/.local/lib/python3.12/site-packages/airflow/example_dags/example_python_decorator.py took 0.033 seconds
[2026-03-04T08:48:13.567+0000] {processor.py:161} INFO - Started process (PID=13368) to work on /home/airflow/.local/lib/python3.12/site-packages/airflow/example_dags/example_python_decorator.py
[2026-03-04T08:48:13.568+0000] {processor.py:830} INFO - Processing file /home/airflow/.local/lib/python3.12/site-packages/airflow/example_dags/example_python_decorator.py for tasks to queue
[2026-03-04T08:48:13.568+0000] {logging_mixin.py:188} INFO - [2026-03-04T08:48:13.568+0000] {dagbag.py:545} INFO - Filling up the DagBag from /home/airflow/.local/lib/python3.12/site-packages/airflow/example_dags/example_python_decorator.py
[2026-03-04T08:48:13.573+0000] {processor.py:840} INFO - DAG(s) 'example_python_decorator' retrieved from /home/airflow/.local/lib/python3.12/site-packages/airflow/example_dags/example_python_decorator.py
[2026-03-04T08:48:13.582+0000] {logging_mixin.py:188} INFO - [2026-03-04T08:48:13.582+0000] {dag.py:3089} INFO - Sync 1 DAGs
[2026-03-04T08:48:13.587+0000] {logging_mixin.py:188} INFO - [2026-03-04T08:48:13.587+0000] {dag.py:3947} INFO - Setting next_dagrun for example_python_decorator to None, run_after=None
[2026-03-04T08:48:13.598+0000] {processor.py:183} INFO - Processing /home/airflow/.local/lib/python3.12/site-packages/airflow/example_dags/example_python_decorator.py took 0.033 seconds
[2026-03-04T08:48:44.098+0000] {processor.py:161} INFO - Started process (PID=13630) to work on /home/airflow/.local/lib/python3.12/site-packages/airflow/example_dags/example_python_decorator.py
[2026-03-04T08:48:44.098+0000] {processor.py:830} INFO - Processing file /home/airflow/.local/lib/python3.12/site-packages/airflow/example_dags/example_python_decorator.py for tasks to queue
[2026-03-04T08:48:44.099+0000] {logging_mixin.py:188} INFO - [2026-03-04T08:48:44.099+0000] {dagbag.py:545} INFO - Filling up the DagBag from /home/airflow/.local/lib/python3.12/site-packages/airflow/example_dags/example_python_decorator.py
[2026-03-04T08:48:44.105+0000] {processor.py:840} INFO - DAG(s) 'example_python_decorator' retrieved from /home/airflow/.local/lib/python3.12/site-packages/airflow/example_dags/example_python_decorator.py
[2026-03-04T08:48:44.118+0000] {logging_mixin.py:188} INFO - [2026-03-04T08:48:44.117+0000] {dag.py:3089} INFO - Sync 1 DAGs
[2026-03-04T08:48:44.121+0000] {logging_mixin.py:188} INFO - [2026-03-04T08:48:44.121+0000] {dag.py:3947} INFO - Setting next_dagrun for example_python_decorator to None, run_after=None
[2026-03-04T08:48:44.129+0000] {processor.py:183} INFO - Processing /home/airflow/.local/lib/python3.12/site-packages/airflow/example_dags/example_python_decorator.py took 0.033 seconds
[2026-03-04T08:49:14.721+0000] {processor.py:161} INFO - Started process (PID=13894) to work on /home/airflow/.local/lib/python3.12/site-packages/airflow/example_dags/example_python_decorator.py
[2026-03-04T08:49:14.722+0000] {processor.py:830} INFO - Processing file /home/airflow/.local/lib/python3.12/site-packages/airflow/example_dags/example_python_decorator.py for tasks to queue
[2026-03-04T08:49:14.723+0000] {logging_mixin.py:188} INFO - [2026-03-04T08:49:14.722+0000] {dagbag.py:545} INFO - Filling up the DagBag from /home/airflow/.local/lib/python3.12/site-packages/airflow/example_dags/example_python_decorator.py
[2026-03-04T08:49:14.727+0000] {processor.py:840} INFO - DAG(s) 'example_python_decorator' retrieved from /home/airflow/.local/lib/python3.12/site-packages/airflow/example_dags/example_python_decorator.py
[2026-03-04T08:49:14.737+0000] {logging_mixin.py:188} INFO - [2026-03-04T08:49:14.737+0000] {dag.py:3089} INFO - Sync 1 DAGs
[2026-03-04T08:49:14.742+0000] {logging_mixin.py:188} INFO - [2026-03-04T08:49:14.742+0000] {dag.py:3947} INFO - Setting next_dagrun for example_python_decorator to None, run_after=None
[2026-03-04T08:49:14.752+0000] {processor.py:183} INFO - Processing /home/airflow/.local/lib/python3.12/site-packages/airflow/example_dags/example_python_decorator.py took 0.033 seconds
[2026-03-04T08:49:45.275+0000] {processor.py:161} INFO - Started process (PID=14154) to work on /home/airflow/.local/lib/python3.12/site-packages/airflow/example_dags/example_python_decorator.py
[2026-03-04T08:49:45.276+0000] {processor.py:830} INFO - Processing file /home/airflow/.local/lib/python3.12/site-packages/airflow/example_dags/example_python_decorator.py for tasks to queue
[2026-03-04T08:49:45.277+0000] {logging_mixin.py:188} INFO - [2026-03-04T08:49:45.276+0000] {dagbag.py:545} INFO - Filling up the DagBag from /home/airflow/.local/lib/python3.12/site-packages/airflow/example_dags/example_python_decorator.py
[2026-03-04T08:49:45.283+0000] {processor.py:840} INFO - DAG(s) 'example_python_decorator' retrieved from /home/airflow/.local/lib/python3.12/site-packages/airflow/example_dags/example_python_decorator.py
[2026-03-04T08:49:45.295+0000] {logging_mixin.py:188} INFO - [2026-03-04T08:49:45.295+0000] {dag.py:3089} INFO - Sync 1 DAGs
[2026-03-04T08:49:45.300+0000] {logging_mixin.py:188} INFO - [2026-03-04T08:49:45.300+0000] {dag.py:3947} INFO - Setting next_dagrun for example_python_decorator to None, run_after=None
[2026-03-04T08:49:45.309+0000] {processor.py:183} INFO - Processing /home/airflow/.local/lib/python3.12/site-packages/airflow/example_dags/example_python_decorator.py took 0.038 seconds
[2026-03-04T08:50:15.807+0000] {processor.py:161} INFO - Started process (PID=14418) to work on /home/airflow/.local/lib/python3.12/site-packages/airflow/example_dags/example_python_decorator.py
[2026-03-04T08:50:15.808+0000] {processor.py:830} INFO - Processing file /home/airflow/.local/lib/python3.12/site-packages/airflow/example_dags/example_python_decorator.py for tasks to queue
[2026-03-04T08:50:15.808+0000] {logging_mixin.py:188} INFO - [2026-03-04T08:50:15.808+0000] {dagbag.py:545} INFO - Filling up the DagBag from /home/airflow/.local/lib/python3.12/site-packages/airflow/example_dags/example_python_decorator.py
[2026-03-04T08:50:15.813+0000] {processor.py:840} INFO - DAG(s) 'example_python_decorator' retrieved from /home/airflow/.local/lib/python3.12/site-packages/airflow/example_dags/example_python_decorator.py
[2026-03-04T08:50:15.820+0000] {logging_mixin.py:188} INFO - [2026-03-04T08:50:15.820+0000] {dag.py:3089} INFO - Sync 1 DAGs
[2026-03-04T08:50:15.823+0000] {logging_mixin.py:188} INFO - [2026-03-04T08:50:15.823+0000] {dag.py:3947} INFO - Setting next_dagrun for example_python_decorator to None, run_after=None
[2026-03-04T08:50:15.828+0000] {processor.py:183} INFO - Processing /home/airflow/.local/lib/python3.12/site-packages/airflow/example_dags/example_python_decorator.py took 0.024 seconds
[2026-03-04T08:50:46.387+0000] {processor.py:161} INFO - Started process (PID=14680) to work on /home/airflow/.local/lib/python3.12/site-packages/airflow/example_dags/example_python_decorator.py
[2026-03-04T08:50:46.388+0000] {processor.py:830} INFO - Processing file /home/airflow/.local/lib/python3.12/site-packages/airflow/example_dags/example_python_decorator.py for tasks to queue
[2026-03-04T08:50:46.389+0000] {logging_mixin.py:188} INFO - [2026-03-04T08:50:46.389+0000] {dagbag.py:545} INFO - Filling up the DagBag from /home/airflow/.local/lib/python3.12/site-packages/airflow/example_dags/example_python_decorator.py
[2026-03-04T08:50:46.394+0000] {processor.py:840} INFO - DAG(s) 'example_python_decorator' retrieved from /home/airflow/.local/lib/python3.12/site-packages/airflow/example_dags/example_python_decorator.py
[2026-03-04T08:50:46.404+0000] {logging_mixin.py:188} INFO - [2026-03-04T08:50:46.404+0000] {dag.py:3089} INFO - Sync 1 DAGs
[2026-03-04T08:50:46.411+0000] {logging_mixin.py:188} INFO - [2026-03-04T08:50:46.410+0000] {dag.py:3947} INFO - Setting next_dagrun for example_python_decorator to None, run_after=None
[2026-03-04T08:50:46.420+0000] {processor.py:183} INFO - Processing /home/airflow/.local/lib/python3.12/site-packages/airflow/example_dags/example_python_decorator.py took 0.035 seconds
