[2026-03-04T07:57:51.318+0000] {processor.py:161} INFO - Started process (PID=379) to work on /home/airflow/.local/lib/python3.12/site-packages/airflow/example_dags/example_short_circuit_decorator.py
[2026-03-04T07:57:51.319+0000] {processor.py:830} INFO - Processing file /home/airflow/.local/lib/python3.12/site-packages/airflow/example_dags/example_short_circuit_decorator.py for tasks to queue
[2026-03-04T07:57:51.320+0000] {logging_mixin.py:188} INFO - [2026-03-04T07:57:51.319+0000] {dagbag.py:545} INFO - Filling up the DagBag from /home/airflow/.local/lib/python3.12/site-packages/airflow/example_dags/example_short_circuit_decorator.py
[2026-03-04T07:57:51.323+0000] {processor.py:840} INFO - DAG(s) 'example_short_circuit_decorator' retrieved from /home/airflow/.local/lib/python3.12/site-packages/airflow/example_dags/example_short_circuit_decorator.py
[2026-03-04T07:57:51.370+0000] {logging_mixin.py:188} INFO - [2026-03-04T07:57:51.370+0000] {override.py:1858} INFO - Created Permission View: can delete on DAG:example_short_circuit_decorator
[2026-03-04T07:57:51.374+0000] {logging_mixin.py:188} INFO - [2026-03-04T07:57:51.374+0000] {override.py:1858} INFO - Created Permission View: can read on DAG:example_short_circuit_decorator
[2026-03-04T07:57:51.377+0000] {logging_mixin.py:188} INFO - [2026-03-04T07:57:51.377+0000] {override.py:1858} INFO - Created Permission View: can edit on DAG:example_short_circuit_decorator
[2026-03-04T07:57:51.377+0000] {logging_mixin.py:188} INFO - [2026-03-04T07:57:51.377+0000] {dag.py:3089} INFO - Sync 1 DAGs
[2026-03-04T07:57:51.384+0000] {logging_mixin.py:188} INFO - [2026-03-04T07:57:51.384+0000] {dag.py:3111} INFO - Creating ORM DAG for example_short_circuit_decorator
[2026-03-04T07:57:51.390+0000] {logging_mixin.py:188} INFO - [2026-03-04T07:57:51.390+0000] {dag.py:3947} INFO - Setting next_dagrun for example_short_circuit_decorator to 2026-03-03 00:00:00+00:00, run_after=2026-03-04 00:00:00+00:00
[2026-03-04T07:57:51.398+0000] {processor.py:183} INFO - Processing /home/airflow/.local/lib/python3.12/site-packages/airflow/example_dags/example_short_circuit_decorator.py took 0.082 seconds
[2026-03-04T07:58:22.006+0000] {processor.py:161} INFO - Started process (PID=639) to work on /home/airflow/.local/lib/python3.12/site-packages/airflow/example_dags/example_short_circuit_decorator.py
[2026-03-04T07:58:22.006+0000] {processor.py:830} INFO - Processing file /home/airflow/.local/lib/python3.12/site-packages/airflow/example_dags/example_short_circuit_decorator.py for tasks to queue
[2026-03-04T07:58:22.007+0000] {logging_mixin.py:188} INFO - [2026-03-04T07:58:22.007+0000] {dagbag.py:545} INFO - Filling up the DagBag from /home/airflow/.local/lib/python3.12/site-packages/airflow/example_dags/example_short_circuit_decorator.py
[2026-03-04T07:58:22.010+0000] {processor.py:840} INFO - DAG(s) 'example_short_circuit_decorator' retrieved from /home/airflow/.local/lib/python3.12/site-packages/airflow/example_dags/example_short_circuit_decorator.py
[2026-03-04T07:58:22.019+0000] {logging_mixin.py:188} INFO - [2026-03-04T07:58:22.019+0000] {dag.py:3089} INFO - Sync 1 DAGs
[2026-03-04T07:58:22.026+0000] {logging_mixin.py:188} INFO - [2026-03-04T07:58:22.026+0000] {dag.py:3947} INFO - Setting next_dagrun for example_short_circuit_decorator to 2026-03-03 00:00:00+00:00, run_after=2026-03-04 00:00:00+00:00
[2026-03-04T07:58:22.034+0000] {processor.py:183} INFO - Processing /home/airflow/.local/lib/python3.12/site-packages/airflow/example_dags/example_short_circuit_decorator.py took 0.031 seconds
[2026-03-04T07:58:52.535+0000] {processor.py:161} INFO - Started process (PID=901) to work on /home/airflow/.local/lib/python3.12/site-packages/airflow/example_dags/example_short_circuit_decorator.py
[2026-03-04T07:58:52.536+0000] {processor.py:830} INFO - Processing file /home/airflow/.local/lib/python3.12/site-packages/airflow/example_dags/example_short_circuit_decorator.py for tasks to queue
[2026-03-04T07:58:52.537+0000] {logging_mixin.py:188} INFO - [2026-03-04T07:58:52.537+0000] {dagbag.py:545} INFO - Filling up the DagBag from /home/airflow/.local/lib/python3.12/site-packages/airflow/example_dags/example_short_circuit_decorator.py
[2026-03-04T07:58:52.540+0000] {processor.py:840} INFO - DAG(s) 'example_short_circuit_decorator' retrieved from /home/airflow/.local/lib/python3.12/site-packages/airflow/example_dags/example_short_circuit_decorator.py
[2026-03-04T07:58:52.551+0000] {logging_mixin.py:188} INFO - [2026-03-04T07:58:52.551+0000] {dag.py:3089} INFO - Sync 1 DAGs
[2026-03-04T07:58:52.558+0000] {logging_mixin.py:188} INFO - [2026-03-04T07:58:52.558+0000] {dag.py:3947} INFO - Setting next_dagrun for example_short_circuit_decorator to 2026-03-03 00:00:00+00:00, run_after=2026-03-04 00:00:00+00:00
[2026-03-04T07:58:52.564+0000] {processor.py:183} INFO - Processing /home/airflow/.local/lib/python3.12/site-packages/airflow/example_dags/example_short_circuit_decorator.py took 0.031 seconds
[2026-03-04T07:59:23.071+0000] {processor.py:161} INFO - Started process (PID=1163) to work on /home/airflow/.local/lib/python3.12/site-packages/airflow/example_dags/example_short_circuit_decorator.py
[2026-03-04T07:59:23.072+0000] {processor.py:830} INFO - Processing file /home/airflow/.local/lib/python3.12/site-packages/airflow/example_dags/example_short_circuit_decorator.py for tasks to queue
[2026-03-04T07:59:23.073+0000] {logging_mixin.py:188} INFO - [2026-03-04T07:59:23.073+0000] {dagbag.py:545} INFO - Filling up the DagBag from /home/airflow/.local/lib/python3.12/site-packages/airflow/example_dags/example_short_circuit_decorator.py
[2026-03-04T07:59:23.077+0000] {processor.py:840} INFO - DAG(s) 'example_short_circuit_decorator' retrieved from /home/airflow/.local/lib/python3.12/site-packages/airflow/example_dags/example_short_circuit_decorator.py
[2026-03-04T07:59:23.087+0000] {logging_mixin.py:188} INFO - [2026-03-04T07:59:23.087+0000] {dag.py:3089} INFO - Sync 1 DAGs
[2026-03-04T07:59:23.094+0000] {logging_mixin.py:188} INFO - [2026-03-04T07:59:23.094+0000] {dag.py:3947} INFO - Setting next_dagrun for example_short_circuit_decorator to 2026-03-03 00:00:00+00:00, run_after=2026-03-04 00:00:00+00:00
[2026-03-04T07:59:23.102+0000] {processor.py:183} INFO - Processing /home/airflow/.local/lib/python3.12/site-packages/airflow/example_dags/example_short_circuit_decorator.py took 0.033 seconds
[2026-03-04T07:59:53.753+0000] {processor.py:161} INFO - Started process (PID=1425) to work on /home/airflow/.local/lib/python3.12/site-packages/airflow/example_dags/example_short_circuit_decorator.py
[2026-03-04T07:59:53.755+0000] {processor.py:830} INFO - Processing file /home/airflow/.local/lib/python3.12/site-packages/airflow/example_dags/example_short_circuit_decorator.py for tasks to queue
[2026-03-04T07:59:53.755+0000] {logging_mixin.py:188} INFO - [2026-03-04T07:59:53.755+0000] {dagbag.py:545} INFO - Filling up the DagBag from /home/airflow/.local/lib/python3.12/site-packages/airflow/example_dags/example_short_circuit_decorator.py
[2026-03-04T07:59:53.761+0000] {processor.py:840} INFO - DAG(s) 'example_short_circuit_decorator' retrieved from /home/airflow/.local/lib/python3.12/site-packages/airflow/example_dags/example_short_circuit_decorator.py
[2026-03-04T07:59:53.772+0000] {logging_mixin.py:188} INFO - [2026-03-04T07:59:53.772+0000] {dag.py:3089} INFO - Sync 1 DAGs
[2026-03-04T07:59:53.779+0000] {logging_mixin.py:188} INFO - [2026-03-04T07:59:53.779+0000] {dag.py:3947} INFO - Setting next_dagrun for example_short_circuit_decorator to 2026-03-03 00:00:00+00:00, run_after=2026-03-04 00:00:00+00:00
[2026-03-04T07:59:53.785+0000] {processor.py:183} INFO - Processing /home/airflow/.local/lib/python3.12/site-packages/airflow/example_dags/example_short_circuit_decorator.py took 0.034 seconds
[2026-03-04T08:00:24.374+0000] {processor.py:161} INFO - Started process (PID=1687) to work on /home/airflow/.local/lib/python3.12/site-packages/airflow/example_dags/example_short_circuit_decorator.py
[2026-03-04T08:00:24.374+0000] {processor.py:830} INFO - Processing file /home/airflow/.local/lib/python3.12/site-packages/airflow/example_dags/example_short_circuit_decorator.py for tasks to queue
[2026-03-04T08:00:24.376+0000] {logging_mixin.py:188} INFO - [2026-03-04T08:00:24.375+0000] {dagbag.py:545} INFO - Filling up the DagBag from /home/airflow/.local/lib/python3.12/site-packages/airflow/example_dags/example_short_circuit_decorator.py
[2026-03-04T08:00:24.379+0000] {processor.py:840} INFO - DAG(s) 'example_short_circuit_decorator' retrieved from /home/airflow/.local/lib/python3.12/site-packages/airflow/example_dags/example_short_circuit_decorator.py
[2026-03-04T08:00:24.389+0000] {logging_mixin.py:188} INFO - [2026-03-04T08:00:24.389+0000] {dag.py:3089} INFO - Sync 1 DAGs
[2026-03-04T08:00:24.396+0000] {logging_mixin.py:188} INFO - [2026-03-04T08:00:24.396+0000] {dag.py:3947} INFO - Setting next_dagrun for example_short_circuit_decorator to 2026-03-03 00:00:00+00:00, run_after=2026-03-04 00:00:00+00:00
[2026-03-04T08:00:24.402+0000] {processor.py:183} INFO - Processing /home/airflow/.local/lib/python3.12/site-packages/airflow/example_dags/example_short_circuit_decorator.py took 0.031 seconds
[2026-03-04T08:00:55.008+0000] {processor.py:161} INFO - Started process (PID=1949) to work on /home/airflow/.local/lib/python3.12/site-packages/airflow/example_dags/example_short_circuit_decorator.py
[2026-03-04T08:00:55.008+0000] {processor.py:830} INFO - Processing file /home/airflow/.local/lib/python3.12/site-packages/airflow/example_dags/example_short_circuit_decorator.py for tasks to queue
[2026-03-04T08:00:55.009+0000] {logging_mixin.py:188} INFO - [2026-03-04T08:00:55.009+0000] {dagbag.py:545} INFO - Filling up the DagBag from /home/airflow/.local/lib/python3.12/site-packages/airflow/example_dags/example_short_circuit_decorator.py
[2026-03-04T08:00:55.012+0000] {processor.py:840} INFO - DAG(s) 'example_short_circuit_decorator' retrieved from /home/airflow/.local/lib/python3.12/site-packages/airflow/example_dags/example_short_circuit_decorator.py
[2026-03-04T08:00:55.021+0000] {logging_mixin.py:188} INFO - [2026-03-04T08:00:55.021+0000] {dag.py:3089} INFO - Sync 1 DAGs
[2026-03-04T08:00:55.029+0000] {logging_mixin.py:188} INFO - [2026-03-04T08:00:55.029+0000] {dag.py:3947} INFO - Setting next_dagrun for example_short_circuit_decorator to 2026-03-03 00:00:00+00:00, run_after=2026-03-04 00:00:00+00:00
[2026-03-04T08:00:55.043+0000] {processor.py:183} INFO - Processing /home/airflow/.local/lib/python3.12/site-packages/airflow/example_dags/example_short_circuit_decorator.py took 0.037 seconds
[2026-03-04T08:01:25.562+0000] {processor.py:161} INFO - Started process (PID=2211) to work on /home/airflow/.local/lib/python3.12/site-packages/airflow/example_dags/example_short_circuit_decorator.py
[2026-03-04T08:01:25.562+0000] {processor.py:830} INFO - Processing file /home/airflow/.local/lib/python3.12/site-packages/airflow/example_dags/example_short_circuit_decorator.py for tasks to queue
[2026-03-04T08:01:25.563+0000] {logging_mixin.py:188} INFO - [2026-03-04T08:01:25.563+0000] {dagbag.py:545} INFO - Filling up the DagBag from /home/airflow/.local/lib/python3.12/site-packages/airflow/example_dags/example_short_circuit_decorator.py
[2026-03-04T08:01:25.566+0000] {processor.py:840} INFO - DAG(s) 'example_short_circuit_decorator' retrieved from /home/airflow/.local/lib/python3.12/site-packages/airflow/example_dags/example_short_circuit_decorator.py
[2026-03-04T08:01:25.574+0000] {logging_mixin.py:188} INFO - [2026-03-04T08:01:25.574+0000] {dag.py:3089} INFO - Sync 1 DAGs
[2026-03-04T08:01:25.582+0000] {logging_mixin.py:188} INFO - [2026-03-04T08:01:25.582+0000] {dag.py:3947} INFO - Setting next_dagrun for example_short_circuit_decorator to 2026-03-03 00:00:00+00:00, run_after=2026-03-04 00:00:00+00:00
[2026-03-04T08:01:25.594+0000] {processor.py:183} INFO - Processing /home/airflow/.local/lib/python3.12/site-packages/airflow/example_dags/example_short_circuit_decorator.py took 0.034 seconds
[2026-03-04T08:01:56.155+0000] {processor.py:161} INFO - Started process (PID=2475) to work on /home/airflow/.local/lib/python3.12/site-packages/airflow/example_dags/example_short_circuit_decorator.py
[2026-03-04T08:01:56.155+0000] {processor.py:830} INFO - Processing file /home/airflow/.local/lib/python3.12/site-packages/airflow/example_dags/example_short_circuit_decorator.py for tasks to queue
[2026-03-04T08:01:56.156+0000] {logging_mixin.py:188} INFO - [2026-03-04T08:01:56.156+0000] {dagbag.py:545} INFO - Filling up the DagBag from /home/airflow/.local/lib/python3.12/site-packages/airflow/example_dags/example_short_circuit_decorator.py
[2026-03-04T08:01:56.159+0000] {processor.py:840} INFO - DAG(s) 'example_short_circuit_decorator' retrieved from /home/airflow/.local/lib/python3.12/site-packages/airflow/example_dags/example_short_circuit_decorator.py
[2026-03-04T08:01:56.170+0000] {logging_mixin.py:188} INFO - [2026-03-04T08:01:56.170+0000] {dag.py:3089} INFO - Sync 1 DAGs
[2026-03-04T08:01:56.179+0000] {logging_mixin.py:188} INFO - [2026-03-04T08:01:56.179+0000] {dag.py:3947} INFO - Setting next_dagrun for example_short_circuit_decorator to 2026-03-03 00:00:00+00:00, run_after=2026-03-04 00:00:00+00:00
[2026-03-04T08:01:56.186+0000] {processor.py:183} INFO - Processing /home/airflow/.local/lib/python3.12/site-packages/airflow/example_dags/example_short_circuit_decorator.py took 0.033 seconds
[2026-03-04T08:02:26.652+0000] {processor.py:161} INFO - Started process (PID=2735) to work on /home/airflow/.local/lib/python3.12/site-packages/airflow/example_dags/example_short_circuit_decorator.py
[2026-03-04T08:02:26.654+0000] {processor.py:830} INFO - Processing file /home/airflow/.local/lib/python3.12/site-packages/airflow/example_dags/example_short_circuit_decorator.py for tasks to queue
[2026-03-04T08:02:26.655+0000] {logging_mixin.py:188} INFO - [2026-03-04T08:02:26.655+0000] {dagbag.py:545} INFO - Filling up the DagBag from /home/airflow/.local/lib/python3.12/site-packages/airflow/example_dags/example_short_circuit_decorator.py
[2026-03-04T08:02:26.658+0000] {processor.py:840} INFO - DAG(s) 'example_short_circuit_decorator' retrieved from /home/airflow/.local/lib/python3.12/site-packages/airflow/example_dags/example_short_circuit_decorator.py
[2026-03-04T08:02:26.666+0000] {logging_mixin.py:188} INFO - [2026-03-04T08:02:26.666+0000] {dag.py:3089} INFO - Sync 1 DAGs
[2026-03-04T08:02:26.673+0000] {logging_mixin.py:188} INFO - [2026-03-04T08:02:26.673+0000] {dag.py:3947} INFO - Setting next_dagrun for example_short_circuit_decorator to 2026-03-03 00:00:00+00:00, run_after=2026-03-04 00:00:00+00:00
[2026-03-04T08:02:26.682+0000] {processor.py:183} INFO - Processing /home/airflow/.local/lib/python3.12/site-packages/airflow/example_dags/example_short_circuit_decorator.py took 0.032 seconds
[2026-03-04T08:02:57.204+0000] {processor.py:161} INFO - Started process (PID=2999) to work on /home/airflow/.local/lib/python3.12/site-packages/airflow/example_dags/example_short_circuit_decorator.py
[2026-03-04T08:02:57.205+0000] {processor.py:830} INFO - Processing file /home/airflow/.local/lib/python3.12/site-packages/airflow/example_dags/example_short_circuit_decorator.py for tasks to queue
[2026-03-04T08:02:57.206+0000] {logging_mixin.py:188} INFO - [2026-03-04T08:02:57.206+0000] {dagbag.py:545} INFO - Filling up the DagBag from /home/airflow/.local/lib/python3.12/site-packages/airflow/example_dags/example_short_circuit_decorator.py
[2026-03-04T08:02:57.211+0000] {processor.py:840} INFO - DAG(s) 'example_short_circuit_decorator' retrieved from /home/airflow/.local/lib/python3.12/site-packages/airflow/example_dags/example_short_circuit_decorator.py
[2026-03-04T08:02:57.219+0000] {logging_mixin.py:188} INFO - [2026-03-04T08:02:57.219+0000] {dag.py:3089} INFO - Sync 1 DAGs
[2026-03-04T08:02:57.226+0000] {logging_mixin.py:188} INFO - [2026-03-04T08:02:57.226+0000] {dag.py:3947} INFO - Setting next_dagrun for example_short_circuit_decorator to 2026-03-03 00:00:00+00:00, run_after=2026-03-04 00:00:00+00:00
[2026-03-04T08:02:57.231+0000] {processor.py:183} INFO - Processing /home/airflow/.local/lib/python3.12/site-packages/airflow/example_dags/example_short_circuit_decorator.py took 0.031 seconds
[2026-03-04T08:03:27.786+0000] {processor.py:161} INFO - Started process (PID=3259) to work on /home/airflow/.local/lib/python3.12/site-packages/airflow/example_dags/example_short_circuit_decorator.py
[2026-03-04T08:03:27.787+0000] {processor.py:830} INFO - Processing file /home/airflow/.local/lib/python3.12/site-packages/airflow/example_dags/example_short_circuit_decorator.py for tasks to queue
[2026-03-04T08:03:27.787+0000] {logging_mixin.py:188} INFO - [2026-03-04T08:03:27.787+0000] {dagbag.py:545} INFO - Filling up the DagBag from /home/airflow/.local/lib/python3.12/site-packages/airflow/example_dags/example_short_circuit_decorator.py
[2026-03-04T08:03:27.790+0000] {processor.py:840} INFO - DAG(s) 'example_short_circuit_decorator' retrieved from /home/airflow/.local/lib/python3.12/site-packages/airflow/example_dags/example_short_circuit_decorator.py
[2026-03-04T08:03:27.800+0000] {logging_mixin.py:188} INFO - [2026-03-04T08:03:27.800+0000] {dag.py:3089} INFO - Sync 1 DAGs
[2026-03-04T08:03:27.807+0000] {logging_mixin.py:188} INFO - [2026-03-04T08:03:27.807+0000] {dag.py:3947} INFO - Setting next_dagrun for example_short_circuit_decorator to 2026-03-03 00:00:00+00:00, run_after=2026-03-04 00:00:00+00:00
[2026-03-04T08:03:27.815+0000] {processor.py:183} INFO - Processing /home/airflow/.local/lib/python3.12/site-packages/airflow/example_dags/example_short_circuit_decorator.py took 0.031 seconds
[2026-03-04T08:03:58.309+0000] {processor.py:161} INFO - Started process (PID=3521) to work on /home/airflow/.local/lib/python3.12/site-packages/airflow/example_dags/example_short_circuit_decorator.py
[2026-03-04T08:03:58.310+0000] {processor.py:830} INFO - Processing file /home/airflow/.local/lib/python3.12/site-packages/airflow/example_dags/example_short_circuit_decorator.py for tasks to queue
[2026-03-04T08:03:58.311+0000] {logging_mixin.py:188} INFO - [2026-03-04T08:03:58.311+0000] {dagbag.py:545} INFO - Filling up the DagBag from /home/airflow/.local/lib/python3.12/site-packages/airflow/example_dags/example_short_circuit_decorator.py
[2026-03-04T08:03:58.315+0000] {processor.py:840} INFO - DAG(s) 'example_short_circuit_decorator' retrieved from /home/airflow/.local/lib/python3.12/site-packages/airflow/example_dags/example_short_circuit_decorator.py
[2026-03-04T08:03:58.326+0000] {logging_mixin.py:188} INFO - [2026-03-04T08:03:58.326+0000] {dag.py:3089} INFO - Sync 1 DAGs
[2026-03-04T08:03:58.333+0000] {logging_mixin.py:188} INFO - [2026-03-04T08:03:58.333+0000] {dag.py:3947} INFO - Setting next_dagrun for example_short_circuit_decorator to 2026-03-03 00:00:00+00:00, run_after=2026-03-04 00:00:00+00:00
[2026-03-04T08:03:58.339+0000] {processor.py:183} INFO - Processing /home/airflow/.local/lib/python3.12/site-packages/airflow/example_dags/example_short_circuit_decorator.py took 0.032 seconds
[2026-03-04T08:04:28.949+0000] {processor.py:161} INFO - Started process (PID=3783) to work on /home/airflow/.local/lib/python3.12/site-packages/airflow/example_dags/example_short_circuit_decorator.py
[2026-03-04T08:04:28.950+0000] {processor.py:830} INFO - Processing file /home/airflow/.local/lib/python3.12/site-packages/airflow/example_dags/example_short_circuit_decorator.py for tasks to queue
[2026-03-04T08:04:28.950+0000] {logging_mixin.py:188} INFO - [2026-03-04T08:04:28.950+0000] {dagbag.py:545} INFO - Filling up the DagBag from /home/airflow/.local/lib/python3.12/site-packages/airflow/example_dags/example_short_circuit_decorator.py
[2026-03-04T08:04:28.956+0000] {processor.py:840} INFO - DAG(s) 'example_short_circuit_decorator' retrieved from /home/airflow/.local/lib/python3.12/site-packages/airflow/example_dags/example_short_circuit_decorator.py
[2026-03-04T08:04:28.966+0000] {logging_mixin.py:188} INFO - [2026-03-04T08:04:28.966+0000] {dag.py:3089} INFO - Sync 1 DAGs
[2026-03-04T08:04:28.974+0000] {logging_mixin.py:188} INFO - [2026-03-04T08:04:28.974+0000] {dag.py:3947} INFO - Setting next_dagrun for example_short_circuit_decorator to 2026-03-03 00:00:00+00:00, run_after=2026-03-04 00:00:00+00:00
[2026-03-04T08:04:28.979+0000] {processor.py:183} INFO - Processing /home/airflow/.local/lib/python3.12/site-packages/airflow/example_dags/example_short_circuit_decorator.py took 0.033 seconds
[2026-03-04T08:04:59.504+0000] {processor.py:161} INFO - Started process (PID=4045) to work on /home/airflow/.local/lib/python3.12/site-packages/airflow/example_dags/example_short_circuit_decorator.py
[2026-03-04T08:04:59.505+0000] {processor.py:830} INFO - Processing file /home/airflow/.local/lib/python3.12/site-packages/airflow/example_dags/example_short_circuit_decorator.py for tasks to queue
[2026-03-04T08:04:59.506+0000] {logging_mixin.py:188} INFO - [2026-03-04T08:04:59.505+0000] {dagbag.py:545} INFO - Filling up the DagBag from /home/airflow/.local/lib/python3.12/site-packages/airflow/example_dags/example_short_circuit_decorator.py
[2026-03-04T08:04:59.509+0000] {processor.py:840} INFO - DAG(s) 'example_short_circuit_decorator' retrieved from /home/airflow/.local/lib/python3.12/site-packages/airflow/example_dags/example_short_circuit_decorator.py
[2026-03-04T08:04:59.519+0000] {logging_mixin.py:188} INFO - [2026-03-04T08:04:59.519+0000] {dag.py:3089} INFO - Sync 1 DAGs
[2026-03-04T08:04:59.527+0000] {logging_mixin.py:188} INFO - [2026-03-04T08:04:59.527+0000] {dag.py:3947} INFO - Setting next_dagrun for example_short_circuit_decorator to 2026-03-03 00:00:00+00:00, run_after=2026-03-04 00:00:00+00:00
[2026-03-04T08:04:59.533+0000] {processor.py:183} INFO - Processing /home/airflow/.local/lib/python3.12/site-packages/airflow/example_dags/example_short_circuit_decorator.py took 0.031 seconds
[2026-03-04T08:05:30.119+0000] {processor.py:161} INFO - Started process (PID=4307) to work on /home/airflow/.local/lib/python3.12/site-packages/airflow/example_dags/example_short_circuit_decorator.py
[2026-03-04T08:05:30.120+0000] {processor.py:830} INFO - Processing file /home/airflow/.local/lib/python3.12/site-packages/airflow/example_dags/example_short_circuit_decorator.py for tasks to queue
[2026-03-04T08:05:30.120+0000] {logging_mixin.py:188} INFO - [2026-03-04T08:05:30.120+0000] {dagbag.py:545} INFO - Filling up the DagBag from /home/airflow/.local/lib/python3.12/site-packages/airflow/example_dags/example_short_circuit_decorator.py
[2026-03-04T08:05:30.127+0000] {processor.py:840} INFO - DAG(s) 'example_short_circuit_decorator' retrieved from /home/airflow/.local/lib/python3.12/site-packages/airflow/example_dags/example_short_circuit_decorator.py
[2026-03-04T08:05:30.137+0000] {logging_mixin.py:188} INFO - [2026-03-04T08:05:30.137+0000] {dag.py:3089} INFO - Sync 1 DAGs
[2026-03-04T08:05:30.144+0000] {logging_mixin.py:188} INFO - [2026-03-04T08:05:30.144+0000] {dag.py:3947} INFO - Setting next_dagrun for example_short_circuit_decorator to 2026-03-03 00:00:00+00:00, run_after=2026-03-04 00:00:00+00:00
[2026-03-04T08:05:30.151+0000] {processor.py:183} INFO - Processing /home/airflow/.local/lib/python3.12/site-packages/airflow/example_dags/example_short_circuit_decorator.py took 0.034 seconds
[2026-03-04T08:06:00.670+0000] {processor.py:161} INFO - Started process (PID=4569) to work on /home/airflow/.local/lib/python3.12/site-packages/airflow/example_dags/example_short_circuit_decorator.py
[2026-03-04T08:06:00.670+0000] {processor.py:830} INFO - Processing file /home/airflow/.local/lib/python3.12/site-packages/airflow/example_dags/example_short_circuit_decorator.py for tasks to queue
[2026-03-04T08:06:00.671+0000] {logging_mixin.py:188} INFO - [2026-03-04T08:06:00.671+0000] {dagbag.py:545} INFO - Filling up the DagBag from /home/airflow/.local/lib/python3.12/site-packages/airflow/example_dags/example_short_circuit_decorator.py
[2026-03-04T08:06:00.675+0000] {processor.py:840} INFO - DAG(s) 'example_short_circuit_decorator' retrieved from /home/airflow/.local/lib/python3.12/site-packages/airflow/example_dags/example_short_circuit_decorator.py
[2026-03-04T08:06:00.686+0000] {logging_mixin.py:188} INFO - [2026-03-04T08:06:00.686+0000] {dag.py:3089} INFO - Sync 1 DAGs
[2026-03-04T08:06:00.693+0000] {logging_mixin.py:188} INFO - [2026-03-04T08:06:00.693+0000] {dag.py:3947} INFO - Setting next_dagrun for example_short_circuit_decorator to 2026-03-03 00:00:00+00:00, run_after=2026-03-04 00:00:00+00:00
[2026-03-04T08:06:00.699+0000] {processor.py:183} INFO - Processing /home/airflow/.local/lib/python3.12/site-packages/airflow/example_dags/example_short_circuit_decorator.py took 0.031 seconds
[2026-03-04T08:06:31.234+0000] {processor.py:161} INFO - Started process (PID=4831) to work on /home/airflow/.local/lib/python3.12/site-packages/airflow/example_dags/example_short_circuit_decorator.py
[2026-03-04T08:06:31.235+0000] {processor.py:830} INFO - Processing file /home/airflow/.local/lib/python3.12/site-packages/airflow/example_dags/example_short_circuit_decorator.py for tasks to queue
[2026-03-04T08:06:31.236+0000] {logging_mixin.py:188} INFO - [2026-03-04T08:06:31.235+0000] {dagbag.py:545} INFO - Filling up the DagBag from /home/airflow/.local/lib/python3.12/site-packages/airflow/example_dags/example_short_circuit_decorator.py
[2026-03-04T08:06:31.239+0000] {processor.py:840} INFO - DAG(s) 'example_short_circuit_decorator' retrieved from /home/airflow/.local/lib/python3.12/site-packages/airflow/example_dags/example_short_circuit_decorator.py
[2026-03-04T08:06:31.248+0000] {logging_mixin.py:188} INFO - [2026-03-04T08:06:31.248+0000] {dag.py:3089} INFO - Sync 1 DAGs
[2026-03-04T08:06:31.258+0000] {logging_mixin.py:188} INFO - [2026-03-04T08:06:31.258+0000] {dag.py:3947} INFO - Setting next_dagrun for example_short_circuit_decorator to 2026-03-03 00:00:00+00:00, run_after=2026-03-04 00:00:00+00:00
[2026-03-04T08:06:31.265+0000] {processor.py:183} INFO - Processing /home/airflow/.local/lib/python3.12/site-packages/airflow/example_dags/example_short_circuit_decorator.py took 0.033 seconds
[2026-03-04T08:07:01.782+0000] {processor.py:161} INFO - Started process (PID=5093) to work on /home/airflow/.local/lib/python3.12/site-packages/airflow/example_dags/example_short_circuit_decorator.py
[2026-03-04T08:07:01.783+0000] {processor.py:830} INFO - Processing file /home/airflow/.local/lib/python3.12/site-packages/airflow/example_dags/example_short_circuit_decorator.py for tasks to queue
[2026-03-04T08:07:01.784+0000] {logging_mixin.py:188} INFO - [2026-03-04T08:07:01.784+0000] {dagbag.py:545} INFO - Filling up the DagBag from /home/airflow/.local/lib/python3.12/site-packages/airflow/example_dags/example_short_circuit_decorator.py
[2026-03-04T08:07:01.790+0000] {processor.py:840} INFO - DAG(s) 'example_short_circuit_decorator' retrieved from /home/airflow/.local/lib/python3.12/site-packages/airflow/example_dags/example_short_circuit_decorator.py
[2026-03-04T08:07:01.800+0000] {logging_mixin.py:188} INFO - [2026-03-04T08:07:01.799+0000] {dag.py:3089} INFO - Sync 1 DAGs
[2026-03-04T08:07:01.809+0000] {logging_mixin.py:188} INFO - [2026-03-04T08:07:01.809+0000] {dag.py:3947} INFO - Setting next_dagrun for example_short_circuit_decorator to 2026-03-03 00:00:00+00:00, run_after=2026-03-04 00:00:00+00:00
[2026-03-04T08:07:01.814+0000] {processor.py:183} INFO - Processing /home/airflow/.local/lib/python3.12/site-packages/airflow/example_dags/example_short_circuit_decorator.py took 0.035 seconds
[2026-03-04T08:07:32.254+0000] {processor.py:161} INFO - Started process (PID=5355) to work on /home/airflow/.local/lib/python3.12/site-packages/airflow/example_dags/example_short_circuit_decorator.py
[2026-03-04T08:07:32.254+0000] {processor.py:830} INFO - Processing file /home/airflow/.local/lib/python3.12/site-packages/airflow/example_dags/example_short_circuit_decorator.py for tasks to queue
[2026-03-04T08:07:32.255+0000] {logging_mixin.py:188} INFO - [2026-03-04T08:07:32.255+0000] {dagbag.py:545} INFO - Filling up the DagBag from /home/airflow/.local/lib/python3.12/site-packages/airflow/example_dags/example_short_circuit_decorator.py
[2026-03-04T08:07:32.258+0000] {processor.py:840} INFO - DAG(s) 'example_short_circuit_decorator' retrieved from /home/airflow/.local/lib/python3.12/site-packages/airflow/example_dags/example_short_circuit_decorator.py
[2026-03-04T08:07:32.266+0000] {logging_mixin.py:188} INFO - [2026-03-04T08:07:32.266+0000] {dag.py:3089} INFO - Sync 1 DAGs
[2026-03-04T08:07:32.274+0000] {logging_mixin.py:188} INFO - [2026-03-04T08:07:32.273+0000] {dag.py:3947} INFO - Setting next_dagrun for example_short_circuit_decorator to 2026-03-03 00:00:00+00:00, run_after=2026-03-04 00:00:00+00:00
[2026-03-04T08:07:32.280+0000] {processor.py:183} INFO - Processing /home/airflow/.local/lib/python3.12/site-packages/airflow/example_dags/example_short_circuit_decorator.py took 0.028 seconds
[2026-03-04T08:08:02.873+0000] {processor.py:161} INFO - Started process (PID=5617) to work on /home/airflow/.local/lib/python3.12/site-packages/airflow/example_dags/example_short_circuit_decorator.py
[2026-03-04T08:08:02.873+0000] {processor.py:830} INFO - Processing file /home/airflow/.local/lib/python3.12/site-packages/airflow/example_dags/example_short_circuit_decorator.py for tasks to queue
[2026-03-04T08:08:02.874+0000] {logging_mixin.py:188} INFO - [2026-03-04T08:08:02.874+0000] {dagbag.py:545} INFO - Filling up the DagBag from /home/airflow/.local/lib/python3.12/site-packages/airflow/example_dags/example_short_circuit_decorator.py
[2026-03-04T08:08:02.878+0000] {processor.py:840} INFO - DAG(s) 'example_short_circuit_decorator' retrieved from /home/airflow/.local/lib/python3.12/site-packages/airflow/example_dags/example_short_circuit_decorator.py
[2026-03-04T08:08:02.886+0000] {logging_mixin.py:188} INFO - [2026-03-04T08:08:02.886+0000] {dag.py:3089} INFO - Sync 1 DAGs
[2026-03-04T08:08:02.893+0000] {logging_mixin.py:188} INFO - [2026-03-04T08:08:02.893+0000] {dag.py:3947} INFO - Setting next_dagrun for example_short_circuit_decorator to 2026-03-03 00:00:00+00:00, run_after=2026-03-04 00:00:00+00:00
[2026-03-04T08:08:02.899+0000] {processor.py:183} INFO - Processing /home/airflow/.local/lib/python3.12/site-packages/airflow/example_dags/example_short_circuit_decorator.py took 0.029 seconds
[2026-03-04T08:08:33.524+0000] {processor.py:161} INFO - Started process (PID=5879) to work on /home/airflow/.local/lib/python3.12/site-packages/airflow/example_dags/example_short_circuit_decorator.py
[2026-03-04T08:08:33.525+0000] {processor.py:830} INFO - Processing file /home/airflow/.local/lib/python3.12/site-packages/airflow/example_dags/example_short_circuit_decorator.py for tasks to queue
[2026-03-04T08:08:33.525+0000] {logging_mixin.py:188} INFO - [2026-03-04T08:08:33.525+0000] {dagbag.py:545} INFO - Filling up the DagBag from /home/airflow/.local/lib/python3.12/site-packages/airflow/example_dags/example_short_circuit_decorator.py
[2026-03-04T08:08:33.529+0000] {processor.py:840} INFO - DAG(s) 'example_short_circuit_decorator' retrieved from /home/airflow/.local/lib/python3.12/site-packages/airflow/example_dags/example_short_circuit_decorator.py
[2026-03-04T08:08:33.538+0000] {logging_mixin.py:188} INFO - [2026-03-04T08:08:33.538+0000] {dag.py:3089} INFO - Sync 1 DAGs
[2026-03-04T08:08:33.546+0000] {logging_mixin.py:188} INFO - [2026-03-04T08:08:33.546+0000] {dag.py:3947} INFO - Setting next_dagrun for example_short_circuit_decorator to 2026-03-03 00:00:00+00:00, run_after=2026-03-04 00:00:00+00:00
[2026-03-04T08:08:33.552+0000] {processor.py:183} INFO - Processing /home/airflow/.local/lib/python3.12/site-packages/airflow/example_dags/example_short_circuit_decorator.py took 0.031 seconds
[2026-03-04T08:09:04.098+0000] {processor.py:161} INFO - Started process (PID=6141) to work on /home/airflow/.local/lib/python3.12/site-packages/airflow/example_dags/example_short_circuit_decorator.py
[2026-03-04T08:09:04.098+0000] {processor.py:830} INFO - Processing file /home/airflow/.local/lib/python3.12/site-packages/airflow/example_dags/example_short_circuit_decorator.py for tasks to queue
[2026-03-04T08:09:04.099+0000] {logging_mixin.py:188} INFO - [2026-03-04T08:09:04.099+0000] {dagbag.py:545} INFO - Filling up the DagBag from /home/airflow/.local/lib/python3.12/site-packages/airflow/example_dags/example_short_circuit_decorator.py
[2026-03-04T08:09:04.102+0000] {processor.py:840} INFO - DAG(s) 'example_short_circuit_decorator' retrieved from /home/airflow/.local/lib/python3.12/site-packages/airflow/example_dags/example_short_circuit_decorator.py
[2026-03-04T08:09:04.116+0000] {logging_mixin.py:188} INFO - [2026-03-04T08:09:04.116+0000] {dag.py:3089} INFO - Sync 1 DAGs
[2026-03-04T08:09:04.124+0000] {logging_mixin.py:188} INFO - [2026-03-04T08:09:04.124+0000] {dag.py:3947} INFO - Setting next_dagrun for example_short_circuit_decorator to 2026-03-03 00:00:00+00:00, run_after=2026-03-04 00:00:00+00:00
[2026-03-04T08:09:04.136+0000] {processor.py:183} INFO - Processing /home/airflow/.local/lib/python3.12/site-packages/airflow/example_dags/example_short_circuit_decorator.py took 0.040 seconds
[2026-03-04T08:09:34.654+0000] {processor.py:161} INFO - Started process (PID=6403) to work on /home/airflow/.local/lib/python3.12/site-packages/airflow/example_dags/example_short_circuit_decorator.py
[2026-03-04T08:09:34.654+0000] {processor.py:830} INFO - Processing file /home/airflow/.local/lib/python3.12/site-packages/airflow/example_dags/example_short_circuit_decorator.py for tasks to queue
[2026-03-04T08:09:34.655+0000] {logging_mixin.py:188} INFO - [2026-03-04T08:09:34.655+0000] {dagbag.py:545} INFO - Filling up the DagBag from /home/airflow/.local/lib/python3.12/site-packages/airflow/example_dags/example_short_circuit_decorator.py
[2026-03-04T08:09:34.659+0000] {processor.py:840} INFO - DAG(s) 'example_short_circuit_decorator' retrieved from /home/airflow/.local/lib/python3.12/site-packages/airflow/example_dags/example_short_circuit_decorator.py
[2026-03-04T08:09:34.667+0000] {logging_mixin.py:188} INFO - [2026-03-04T08:09:34.667+0000] {dag.py:3089} INFO - Sync 1 DAGs
[2026-03-04T08:09:34.674+0000] {logging_mixin.py:188} INFO - [2026-03-04T08:09:34.674+0000] {dag.py:3947} INFO - Setting next_dagrun for example_short_circuit_decorator to 2026-03-03 00:00:00+00:00, run_after=2026-03-04 00:00:00+00:00
[2026-03-04T08:09:34.680+0000] {processor.py:183} INFO - Processing /home/airflow/.local/lib/python3.12/site-packages/airflow/example_dags/example_short_circuit_decorator.py took 0.029 seconds
[2026-03-04T08:10:05.252+0000] {processor.py:161} INFO - Started process (PID=6665) to work on /home/airflow/.local/lib/python3.12/site-packages/airflow/example_dags/example_short_circuit_decorator.py
[2026-03-04T08:10:05.252+0000] {processor.py:830} INFO - Processing file /home/airflow/.local/lib/python3.12/site-packages/airflow/example_dags/example_short_circuit_decorator.py for tasks to queue
[2026-03-04T08:10:05.253+0000] {logging_mixin.py:188} INFO - [2026-03-04T08:10:05.253+0000] {dagbag.py:545} INFO - Filling up the DagBag from /home/airflow/.local/lib/python3.12/site-packages/airflow/example_dags/example_short_circuit_decorator.py
[2026-03-04T08:10:05.257+0000] {processor.py:840} INFO - DAG(s) 'example_short_circuit_decorator' retrieved from /home/airflow/.local/lib/python3.12/site-packages/airflow/example_dags/example_short_circuit_decorator.py
[2026-03-04T08:10:05.265+0000] {logging_mixin.py:188} INFO - [2026-03-04T08:10:05.265+0000] {dag.py:3089} INFO - Sync 1 DAGs
[2026-03-04T08:10:05.272+0000] {logging_mixin.py:188} INFO - [2026-03-04T08:10:05.272+0000] {dag.py:3947} INFO - Setting next_dagrun for example_short_circuit_decorator to 2026-03-03 00:00:00+00:00, run_after=2026-03-04 00:00:00+00:00
[2026-03-04T08:10:05.279+0000] {processor.py:183} INFO - Processing /home/airflow/.local/lib/python3.12/site-packages/airflow/example_dags/example_short_circuit_decorator.py took 0.029 seconds
[2026-03-04T08:10:35.774+0000] {processor.py:161} INFO - Started process (PID=6930) to work on /home/airflow/.local/lib/python3.12/site-packages/airflow/example_dags/example_short_circuit_decorator.py
[2026-03-04T08:10:35.774+0000] {processor.py:830} INFO - Processing file /home/airflow/.local/lib/python3.12/site-packages/airflow/example_dags/example_short_circuit_decorator.py for tasks to queue
[2026-03-04T08:10:35.775+0000] {logging_mixin.py:188} INFO - [2026-03-04T08:10:35.775+0000] {dagbag.py:545} INFO - Filling up the DagBag from /home/airflow/.local/lib/python3.12/site-packages/airflow/example_dags/example_short_circuit_decorator.py
[2026-03-04T08:10:35.779+0000] {processor.py:840} INFO - DAG(s) 'example_short_circuit_decorator' retrieved from /home/airflow/.local/lib/python3.12/site-packages/airflow/example_dags/example_short_circuit_decorator.py
[2026-03-04T08:10:35.787+0000] {logging_mixin.py:188} INFO - [2026-03-04T08:10:35.787+0000] {dag.py:3089} INFO - Sync 1 DAGs
[2026-03-04T08:10:35.795+0000] {logging_mixin.py:188} INFO - [2026-03-04T08:10:35.795+0000] {dag.py:3947} INFO - Setting next_dagrun for example_short_circuit_decorator to 2026-03-03 00:00:00+00:00, run_after=2026-03-04 00:00:00+00:00
[2026-03-04T08:10:35.801+0000] {processor.py:183} INFO - Processing /home/airflow/.local/lib/python3.12/site-packages/airflow/example_dags/example_short_circuit_decorator.py took 0.030 seconds
[2026-03-04T08:11:06.480+0000] {processor.py:161} INFO - Started process (PID=7192) to work on /home/airflow/.local/lib/python3.12/site-packages/airflow/example_dags/example_short_circuit_decorator.py
[2026-03-04T08:11:06.480+0000] {processor.py:830} INFO - Processing file /home/airflow/.local/lib/python3.12/site-packages/airflow/example_dags/example_short_circuit_decorator.py for tasks to queue
[2026-03-04T08:11:06.481+0000] {logging_mixin.py:188} INFO - [2026-03-04T08:11:06.481+0000] {dagbag.py:545} INFO - Filling up the DagBag from /home/airflow/.local/lib/python3.12/site-packages/airflow/example_dags/example_short_circuit_decorator.py
[2026-03-04T08:11:06.485+0000] {processor.py:840} INFO - DAG(s) 'example_short_circuit_decorator' retrieved from /home/airflow/.local/lib/python3.12/site-packages/airflow/example_dags/example_short_circuit_decorator.py
[2026-03-04T08:11:06.494+0000] {logging_mixin.py:188} INFO - [2026-03-04T08:11:06.494+0000] {dag.py:3089} INFO - Sync 1 DAGs
[2026-03-04T08:11:06.504+0000] {logging_mixin.py:188} INFO - [2026-03-04T08:11:06.504+0000] {dag.py:3947} INFO - Setting next_dagrun for example_short_circuit_decorator to 2026-03-03 00:00:00+00:00, run_after=2026-03-04 00:00:00+00:00
[2026-03-04T08:11:06.511+0000] {processor.py:183} INFO - Processing /home/airflow/.local/lib/python3.12/site-packages/airflow/example_dags/example_short_circuit_decorator.py took 0.034 seconds
[2026-03-04T08:11:37.065+0000] {processor.py:161} INFO - Started process (PID=7454) to work on /home/airflow/.local/lib/python3.12/site-packages/airflow/example_dags/example_short_circuit_decorator.py
[2026-03-04T08:11:37.065+0000] {processor.py:830} INFO - Processing file /home/airflow/.local/lib/python3.12/site-packages/airflow/example_dags/example_short_circuit_decorator.py for tasks to queue
[2026-03-04T08:11:37.066+0000] {logging_mixin.py:188} INFO - [2026-03-04T08:11:37.066+0000] {dagbag.py:545} INFO - Filling up the DagBag from /home/airflow/.local/lib/python3.12/site-packages/airflow/example_dags/example_short_circuit_decorator.py
[2026-03-04T08:11:37.070+0000] {processor.py:840} INFO - DAG(s) 'example_short_circuit_decorator' retrieved from /home/airflow/.local/lib/python3.12/site-packages/airflow/example_dags/example_short_circuit_decorator.py
[2026-03-04T08:11:37.079+0000] {logging_mixin.py:188} INFO - [2026-03-04T08:11:37.079+0000] {dag.py:3089} INFO - Sync 1 DAGs
[2026-03-04T08:11:37.087+0000] {logging_mixin.py:188} INFO - [2026-03-04T08:11:37.087+0000] {dag.py:3947} INFO - Setting next_dagrun for example_short_circuit_decorator to 2026-03-03 00:00:00+00:00, run_after=2026-03-04 00:00:00+00:00
[2026-03-04T08:11:37.094+0000] {processor.py:183} INFO - Processing /home/airflow/.local/lib/python3.12/site-packages/airflow/example_dags/example_short_circuit_decorator.py took 0.031 seconds
[2026-03-04T08:12:07.557+0000] {processor.py:161} INFO - Started process (PID=7716) to work on /home/airflow/.local/lib/python3.12/site-packages/airflow/example_dags/example_short_circuit_decorator.py
[2026-03-04T08:12:07.557+0000] {processor.py:830} INFO - Processing file /home/airflow/.local/lib/python3.12/site-packages/airflow/example_dags/example_short_circuit_decorator.py for tasks to queue
[2026-03-04T08:12:07.558+0000] {logging_mixin.py:188} INFO - [2026-03-04T08:12:07.558+0000] {dagbag.py:545} INFO - Filling up the DagBag from /home/airflow/.local/lib/python3.12/site-packages/airflow/example_dags/example_short_circuit_decorator.py
[2026-03-04T08:12:07.561+0000] {processor.py:840} INFO - DAG(s) 'example_short_circuit_decorator' retrieved from /home/airflow/.local/lib/python3.12/site-packages/airflow/example_dags/example_short_circuit_decorator.py
[2026-03-04T08:12:07.570+0000] {logging_mixin.py:188} INFO - [2026-03-04T08:12:07.570+0000] {dag.py:3089} INFO - Sync 1 DAGs
[2026-03-04T08:12:07.577+0000] {logging_mixin.py:188} INFO - [2026-03-04T08:12:07.577+0000] {dag.py:3947} INFO - Setting next_dagrun for example_short_circuit_decorator to 2026-03-03 00:00:00+00:00, run_after=2026-03-04 00:00:00+00:00
[2026-03-04T08:12:07.582+0000] {processor.py:183} INFO - Processing /home/airflow/.local/lib/python3.12/site-packages/airflow/example_dags/example_short_circuit_decorator.py took 0.028 seconds
[2026-03-04T08:12:38.136+0000] {processor.py:161} INFO - Started process (PID=7978) to work on /home/airflow/.local/lib/python3.12/site-packages/airflow/example_dags/example_short_circuit_decorator.py
[2026-03-04T08:12:38.136+0000] {processor.py:830} INFO - Processing file /home/airflow/.local/lib/python3.12/site-packages/airflow/example_dags/example_short_circuit_decorator.py for tasks to queue
[2026-03-04T08:12:38.137+0000] {logging_mixin.py:188} INFO - [2026-03-04T08:12:38.137+0000] {dagbag.py:545} INFO - Filling up the DagBag from /home/airflow/.local/lib/python3.12/site-packages/airflow/example_dags/example_short_circuit_decorator.py
[2026-03-04T08:12:38.141+0000] {processor.py:840} INFO - DAG(s) 'example_short_circuit_decorator' retrieved from /home/airflow/.local/lib/python3.12/site-packages/airflow/example_dags/example_short_circuit_decorator.py
[2026-03-04T08:12:38.149+0000] {logging_mixin.py:188} INFO - [2026-03-04T08:12:38.149+0000] {dag.py:3089} INFO - Sync 1 DAGs
[2026-03-04T08:12:38.156+0000] {logging_mixin.py:188} INFO - [2026-03-04T08:12:38.156+0000] {dag.py:3947} INFO - Setting next_dagrun for example_short_circuit_decorator to 2026-03-03 00:00:00+00:00, run_after=2026-03-04 00:00:00+00:00
[2026-03-04T08:12:38.162+0000] {processor.py:183} INFO - Processing /home/airflow/.local/lib/python3.12/site-packages/airflow/example_dags/example_short_circuit_decorator.py took 0.029 seconds
[2026-03-04T08:13:08.713+0000] {processor.py:161} INFO - Started process (PID=8240) to work on /home/airflow/.local/lib/python3.12/site-packages/airflow/example_dags/example_short_circuit_decorator.py
[2026-03-04T08:13:08.713+0000] {processor.py:830} INFO - Processing file /home/airflow/.local/lib/python3.12/site-packages/airflow/example_dags/example_short_circuit_decorator.py for tasks to queue
[2026-03-04T08:13:08.714+0000] {logging_mixin.py:188} INFO - [2026-03-04T08:13:08.714+0000] {dagbag.py:545} INFO - Filling up the DagBag from /home/airflow/.local/lib/python3.12/site-packages/airflow/example_dags/example_short_circuit_decorator.py
[2026-03-04T08:13:08.718+0000] {processor.py:840} INFO - DAG(s) 'example_short_circuit_decorator' retrieved from /home/airflow/.local/lib/python3.12/site-packages/airflow/example_dags/example_short_circuit_decorator.py
[2026-03-04T08:13:08.727+0000] {logging_mixin.py:188} INFO - [2026-03-04T08:13:08.727+0000] {dag.py:3089} INFO - Sync 1 DAGs
[2026-03-04T08:13:08.735+0000] {logging_mixin.py:188} INFO - [2026-03-04T08:13:08.735+0000] {dag.py:3947} INFO - Setting next_dagrun for example_short_circuit_decorator to 2026-03-03 00:00:00+00:00, run_after=2026-03-04 00:00:00+00:00
[2026-03-04T08:13:08.741+0000] {processor.py:183} INFO - Processing /home/airflow/.local/lib/python3.12/site-packages/airflow/example_dags/example_short_circuit_decorator.py took 0.031 seconds
[2026-03-04T08:13:39.223+0000] {processor.py:161} INFO - Started process (PID=8502) to work on /home/airflow/.local/lib/python3.12/site-packages/airflow/example_dags/example_short_circuit_decorator.py
[2026-03-04T08:13:39.223+0000] {processor.py:830} INFO - Processing file /home/airflow/.local/lib/python3.12/site-packages/airflow/example_dags/example_short_circuit_decorator.py for tasks to queue
[2026-03-04T08:13:39.224+0000] {logging_mixin.py:188} INFO - [2026-03-04T08:13:39.224+0000] {dagbag.py:545} INFO - Filling up the DagBag from /home/airflow/.local/lib/python3.12/site-packages/airflow/example_dags/example_short_circuit_decorator.py
[2026-03-04T08:13:39.227+0000] {processor.py:840} INFO - DAG(s) 'example_short_circuit_decorator' retrieved from /home/airflow/.local/lib/python3.12/site-packages/airflow/example_dags/example_short_circuit_decorator.py
[2026-03-04T08:13:39.235+0000] {logging_mixin.py:188} INFO - [2026-03-04T08:13:39.235+0000] {dag.py:3089} INFO - Sync 1 DAGs
[2026-03-04T08:13:39.241+0000] {logging_mixin.py:188} INFO - [2026-03-04T08:13:39.241+0000] {dag.py:3947} INFO - Setting next_dagrun for example_short_circuit_decorator to 2026-03-03 00:00:00+00:00, run_after=2026-03-04 00:00:00+00:00
[2026-03-04T08:13:39.254+0000] {processor.py:183} INFO - Processing /home/airflow/.local/lib/python3.12/site-packages/airflow/example_dags/example_short_circuit_decorator.py took 0.034 seconds
[2026-03-04T08:14:09.738+0000] {processor.py:161} INFO - Started process (PID=8764) to work on /home/airflow/.local/lib/python3.12/site-packages/airflow/example_dags/example_short_circuit_decorator.py
[2026-03-04T08:14:09.738+0000] {processor.py:830} INFO - Processing file /home/airflow/.local/lib/python3.12/site-packages/airflow/example_dags/example_short_circuit_decorator.py for tasks to queue
[2026-03-04T08:14:09.739+0000] {logging_mixin.py:188} INFO - [2026-03-04T08:14:09.739+0000] {dagbag.py:545} INFO - Filling up the DagBag from /home/airflow/.local/lib/python3.12/site-packages/airflow/example_dags/example_short_circuit_decorator.py
[2026-03-04T08:14:09.742+0000] {processor.py:840} INFO - DAG(s) 'example_short_circuit_decorator' retrieved from /home/airflow/.local/lib/python3.12/site-packages/airflow/example_dags/example_short_circuit_decorator.py
[2026-03-04T08:14:09.752+0000] {logging_mixin.py:188} INFO - [2026-03-04T08:14:09.752+0000] {dag.py:3089} INFO - Sync 1 DAGs
[2026-03-04T08:14:09.760+0000] {logging_mixin.py:188} INFO - [2026-03-04T08:14:09.760+0000] {dag.py:3947} INFO - Setting next_dagrun for example_short_circuit_decorator to 2026-03-03 00:00:00+00:00, run_after=2026-03-04 00:00:00+00:00
[2026-03-04T08:14:09.765+0000] {processor.py:183} INFO - Processing /home/airflow/.local/lib/python3.12/site-packages/airflow/example_dags/example_short_circuit_decorator.py took 0.030 seconds
[2026-03-04T08:14:40.296+0000] {processor.py:161} INFO - Started process (PID=9026) to work on /home/airflow/.local/lib/python3.12/site-packages/airflow/example_dags/example_short_circuit_decorator.py
[2026-03-04T08:14:40.297+0000] {processor.py:830} INFO - Processing file /home/airflow/.local/lib/python3.12/site-packages/airflow/example_dags/example_short_circuit_decorator.py for tasks to queue
[2026-03-04T08:14:40.298+0000] {logging_mixin.py:188} INFO - [2026-03-04T08:14:40.297+0000] {dagbag.py:545} INFO - Filling up the DagBag from /home/airflow/.local/lib/python3.12/site-packages/airflow/example_dags/example_short_circuit_decorator.py
[2026-03-04T08:14:40.301+0000] {processor.py:840} INFO - DAG(s) 'example_short_circuit_decorator' retrieved from /home/airflow/.local/lib/python3.12/site-packages/airflow/example_dags/example_short_circuit_decorator.py
[2026-03-04T08:14:40.309+0000] {logging_mixin.py:188} INFO - [2026-03-04T08:14:40.309+0000] {dag.py:3089} INFO - Sync 1 DAGs
[2026-03-04T08:14:40.316+0000] {logging_mixin.py:188} INFO - [2026-03-04T08:14:40.316+0000] {dag.py:3947} INFO - Setting next_dagrun for example_short_circuit_decorator to 2026-03-03 00:00:00+00:00, run_after=2026-03-04 00:00:00+00:00
[2026-03-04T08:14:40.322+0000] {processor.py:183} INFO - Processing /home/airflow/.local/lib/python3.12/site-packages/airflow/example_dags/example_short_circuit_decorator.py took 0.028 seconds
[2026-03-04T08:15:10.828+0000] {processor.py:161} INFO - Started process (PID=9292) to work on /home/airflow/.local/lib/python3.12/site-packages/airflow/example_dags/example_short_circuit_decorator.py
[2026-03-04T08:15:10.828+0000] {processor.py:830} INFO - Processing file /home/airflow/.local/lib/python3.12/site-packages/airflow/example_dags/example_short_circuit_decorator.py for tasks to queue
[2026-03-04T08:15:10.829+0000] {logging_mixin.py:188} INFO - [2026-03-04T08:15:10.829+0000] {dagbag.py:545} INFO - Filling up the DagBag from /home/airflow/.local/lib/python3.12/site-packages/airflow/example_dags/example_short_circuit_decorator.py
[2026-03-04T08:15:10.833+0000] {processor.py:840} INFO - DAG(s) 'example_short_circuit_decorator' retrieved from /home/airflow/.local/lib/python3.12/site-packages/airflow/example_dags/example_short_circuit_decorator.py
[2026-03-04T08:15:10.841+0000] {logging_mixin.py:188} INFO - [2026-03-04T08:15:10.841+0000] {dag.py:3089} INFO - Sync 1 DAGs
[2026-03-04T08:15:10.848+0000] {logging_mixin.py:188} INFO - [2026-03-04T08:15:10.848+0000] {dag.py:3947} INFO - Setting next_dagrun for example_short_circuit_decorator to 2026-03-03 00:00:00+00:00, run_after=2026-03-04 00:00:00+00:00
[2026-03-04T08:15:10.854+0000] {processor.py:183} INFO - Processing /home/airflow/.local/lib/python3.12/site-packages/airflow/example_dags/example_short_circuit_decorator.py took 0.028 seconds
[2026-03-04T08:15:41.454+0000] {processor.py:161} INFO - Started process (PID=9558) to work on /home/airflow/.local/lib/python3.12/site-packages/airflow/example_dags/example_short_circuit_decorator.py
[2026-03-04T08:15:41.455+0000] {processor.py:830} INFO - Processing file /home/airflow/.local/lib/python3.12/site-packages/airflow/example_dags/example_short_circuit_decorator.py for tasks to queue
[2026-03-04T08:15:41.455+0000] {logging_mixin.py:188} INFO - [2026-03-04T08:15:41.455+0000] {dagbag.py:545} INFO - Filling up the DagBag from /home/airflow/.local/lib/python3.12/site-packages/airflow/example_dags/example_short_circuit_decorator.py
[2026-03-04T08:15:41.458+0000] {processor.py:840} INFO - DAG(s) 'example_short_circuit_decorator' retrieved from /home/airflow/.local/lib/python3.12/site-packages/airflow/example_dags/example_short_circuit_decorator.py
[2026-03-04T08:15:41.468+0000] {logging_mixin.py:188} INFO - [2026-03-04T08:15:41.468+0000] {dag.py:3089} INFO - Sync 1 DAGs
[2026-03-04T08:15:41.476+0000] {logging_mixin.py:188} INFO - [2026-03-04T08:15:41.476+0000] {dag.py:3947} INFO - Setting next_dagrun for example_short_circuit_decorator to 2026-03-03 00:00:00+00:00, run_after=2026-03-04 00:00:00+00:00
[2026-03-04T08:15:41.485+0000] {processor.py:183} INFO - Processing /home/airflow/.local/lib/python3.12/site-packages/airflow/example_dags/example_short_circuit_decorator.py took 0.033 seconds
[2026-03-04T08:16:12.097+0000] {processor.py:161} INFO - Started process (PID=9820) to work on /home/airflow/.local/lib/python3.12/site-packages/airflow/example_dags/example_short_circuit_decorator.py
[2026-03-04T08:16:12.098+0000] {processor.py:830} INFO - Processing file /home/airflow/.local/lib/python3.12/site-packages/airflow/example_dags/example_short_circuit_decorator.py for tasks to queue
[2026-03-04T08:16:12.098+0000] {logging_mixin.py:188} INFO - [2026-03-04T08:16:12.098+0000] {dagbag.py:545} INFO - Filling up the DagBag from /home/airflow/.local/lib/python3.12/site-packages/airflow/example_dags/example_short_circuit_decorator.py
[2026-03-04T08:16:12.101+0000] {processor.py:840} INFO - DAG(s) 'example_short_circuit_decorator' retrieved from /home/airflow/.local/lib/python3.12/site-packages/airflow/example_dags/example_short_circuit_decorator.py
[2026-03-04T08:16:12.109+0000] {logging_mixin.py:188} INFO - [2026-03-04T08:16:12.109+0000] {dag.py:3089} INFO - Sync 1 DAGs
[2026-03-04T08:16:12.119+0000] {logging_mixin.py:188} INFO - [2026-03-04T08:16:12.119+0000] {dag.py:3947} INFO - Setting next_dagrun for example_short_circuit_decorator to 2026-03-03 00:00:00+00:00, run_after=2026-03-04 00:00:00+00:00
[2026-03-04T08:16:12.126+0000] {processor.py:183} INFO - Processing /home/airflow/.local/lib/python3.12/site-packages/airflow/example_dags/example_short_circuit_decorator.py took 0.031 seconds
[2026-03-04T08:16:42.667+0000] {processor.py:161} INFO - Started process (PID=10082) to work on /home/airflow/.local/lib/python3.12/site-packages/airflow/example_dags/example_short_circuit_decorator.py
[2026-03-04T08:16:42.667+0000] {processor.py:830} INFO - Processing file /home/airflow/.local/lib/python3.12/site-packages/airflow/example_dags/example_short_circuit_decorator.py for tasks to queue
[2026-03-04T08:16:42.668+0000] {logging_mixin.py:188} INFO - [2026-03-04T08:16:42.668+0000] {dagbag.py:545} INFO - Filling up the DagBag from /home/airflow/.local/lib/python3.12/site-packages/airflow/example_dags/example_short_circuit_decorator.py
[2026-03-04T08:16:42.672+0000] {processor.py:840} INFO - DAG(s) 'example_short_circuit_decorator' retrieved from /home/airflow/.local/lib/python3.12/site-packages/airflow/example_dags/example_short_circuit_decorator.py
[2026-03-04T08:16:42.682+0000] {logging_mixin.py:188} INFO - [2026-03-04T08:16:42.682+0000] {dag.py:3089} INFO - Sync 1 DAGs
[2026-03-04T08:16:42.690+0000] {logging_mixin.py:188} INFO - [2026-03-04T08:16:42.690+0000] {dag.py:3947} INFO - Setting next_dagrun for example_short_circuit_decorator to 2026-03-03 00:00:00+00:00, run_after=2026-03-04 00:00:00+00:00
[2026-03-04T08:16:42.696+0000] {processor.py:183} INFO - Processing /home/airflow/.local/lib/python3.12/site-packages/airflow/example_dags/example_short_circuit_decorator.py took 0.032 seconds
[2026-03-04T08:17:13.682+0000] {processor.py:161} INFO - Started process (PID=10344) to work on /home/airflow/.local/lib/python3.12/site-packages/airflow/example_dags/example_short_circuit_decorator.py
[2026-03-04T08:17:13.683+0000] {processor.py:830} INFO - Processing file /home/airflow/.local/lib/python3.12/site-packages/airflow/example_dags/example_short_circuit_decorator.py for tasks to queue
[2026-03-04T08:17:13.684+0000] {logging_mixin.py:188} INFO - [2026-03-04T08:17:13.683+0000] {dagbag.py:545} INFO - Filling up the DagBag from /home/airflow/.local/lib/python3.12/site-packages/airflow/example_dags/example_short_circuit_decorator.py
[2026-03-04T08:17:13.687+0000] {processor.py:840} INFO - DAG(s) 'example_short_circuit_decorator' retrieved from /home/airflow/.local/lib/python3.12/site-packages/airflow/example_dags/example_short_circuit_decorator.py
[2026-03-04T08:17:13.695+0000] {logging_mixin.py:188} INFO - [2026-03-04T08:17:13.695+0000] {dag.py:3089} INFO - Sync 1 DAGs
[2026-03-04T08:17:13.702+0000] {logging_mixin.py:188} INFO - [2026-03-04T08:17:13.702+0000] {dag.py:3947} INFO - Setting next_dagrun for example_short_circuit_decorator to 2026-03-03 00:00:00+00:00, run_after=2026-03-04 00:00:00+00:00
[2026-03-04T08:17:13.707+0000] {processor.py:183} INFO - Processing /home/airflow/.local/lib/python3.12/site-packages/airflow/example_dags/example_short_circuit_decorator.py took 0.027 seconds
[2026-03-04T08:17:43.822+0000] {processor.py:161} INFO - Started process (PID=10606) to work on /home/airflow/.local/lib/python3.12/site-packages/airflow/example_dags/example_short_circuit_decorator.py
[2026-03-04T08:17:43.822+0000] {processor.py:830} INFO - Processing file /home/airflow/.local/lib/python3.12/site-packages/airflow/example_dags/example_short_circuit_decorator.py for tasks to queue
[2026-03-04T08:17:43.823+0000] {logging_mixin.py:188} INFO - [2026-03-04T08:17:43.823+0000] {dagbag.py:545} INFO - Filling up the DagBag from /home/airflow/.local/lib/python3.12/site-packages/airflow/example_dags/example_short_circuit_decorator.py
[2026-03-04T08:17:43.826+0000] {processor.py:840} INFO - DAG(s) 'example_short_circuit_decorator' retrieved from /home/airflow/.local/lib/python3.12/site-packages/airflow/example_dags/example_short_circuit_decorator.py
[2026-03-04T08:17:43.834+0000] {logging_mixin.py:188} INFO - [2026-03-04T08:17:43.834+0000] {dag.py:3089} INFO - Sync 1 DAGs
[2026-03-04T08:17:43.841+0000] {logging_mixin.py:188} INFO - [2026-03-04T08:17:43.841+0000] {dag.py:3947} INFO - Setting next_dagrun for example_short_circuit_decorator to 2026-03-03 00:00:00+00:00, run_after=2026-03-04 00:00:00+00:00
[2026-03-04T08:17:43.847+0000] {processor.py:183} INFO - Processing /home/airflow/.local/lib/python3.12/site-packages/airflow/example_dags/example_short_circuit_decorator.py took 0.027 seconds
[2026-03-04T08:18:15.186+0000] {processor.py:161} INFO - Started process (PID=10863) to work on /home/airflow/.local/lib/python3.12/site-packages/airflow/example_dags/example_short_circuit_decorator.py
[2026-03-04T08:18:15.187+0000] {processor.py:830} INFO - Processing file /home/airflow/.local/lib/python3.12/site-packages/airflow/example_dags/example_short_circuit_decorator.py for tasks to queue
[2026-03-04T08:18:15.188+0000] {logging_mixin.py:188} INFO - [2026-03-04T08:18:15.188+0000] {dagbag.py:545} INFO - Filling up the DagBag from /home/airflow/.local/lib/python3.12/site-packages/airflow/example_dags/example_short_circuit_decorator.py
[2026-03-04T08:18:15.192+0000] {processor.py:840} INFO - DAG(s) 'example_short_circuit_decorator' retrieved from /home/airflow/.local/lib/python3.12/site-packages/airflow/example_dags/example_short_circuit_decorator.py
[2026-03-04T08:18:15.273+0000] {logging_mixin.py:188} INFO - [2026-03-04T08:18:15.273+0000] {dag.py:3089} INFO - Sync 1 DAGs
[2026-03-04T08:18:15.279+0000] {logging_mixin.py:188} INFO - [2026-03-04T08:18:15.279+0000] {dag.py:3947} INFO - Setting next_dagrun for example_short_circuit_decorator to 2026-03-03 00:00:00+00:00, run_after=2026-03-04 00:00:00+00:00
[2026-03-04T08:18:15.284+0000] {processor.py:183} INFO - Processing /home/airflow/.local/lib/python3.12/site-packages/airflow/example_dags/example_short_circuit_decorator.py took 0.101 seconds
[2026-03-04T08:18:46.149+0000] {processor.py:161} INFO - Started process (PID=11130) to work on /home/airflow/.local/lib/python3.12/site-packages/airflow/example_dags/example_short_circuit_decorator.py
[2026-03-04T08:18:46.149+0000] {processor.py:830} INFO - Processing file /home/airflow/.local/lib/python3.12/site-packages/airflow/example_dags/example_short_circuit_decorator.py for tasks to queue
[2026-03-04T08:18:46.152+0000] {logging_mixin.py:188} INFO - [2026-03-04T08:18:46.152+0000] {dagbag.py:545} INFO - Filling up the DagBag from /home/airflow/.local/lib/python3.12/site-packages/airflow/example_dags/example_short_circuit_decorator.py
[2026-03-04T08:18:46.155+0000] {processor.py:840} INFO - DAG(s) 'example_short_circuit_decorator' retrieved from /home/airflow/.local/lib/python3.12/site-packages/airflow/example_dags/example_short_circuit_decorator.py
[2026-03-04T08:18:46.163+0000] {logging_mixin.py:188} INFO - [2026-03-04T08:18:46.163+0000] {dag.py:3089} INFO - Sync 1 DAGs
[2026-03-04T08:18:46.171+0000] {logging_mixin.py:188} INFO - [2026-03-04T08:18:46.171+0000] {dag.py:3947} INFO - Setting next_dagrun for example_short_circuit_decorator to 2026-03-03 00:00:00+00:00, run_after=2026-03-04 00:00:00+00:00
[2026-03-04T08:18:46.184+0000] {processor.py:183} INFO - Processing /home/airflow/.local/lib/python3.12/site-packages/airflow/example_dags/example_short_circuit_decorator.py took 0.037 seconds
[2026-03-04T08:19:16.829+0000] {processor.py:161} INFO - Started process (PID=11392) to work on /home/airflow/.local/lib/python3.12/site-packages/airflow/example_dags/example_short_circuit_decorator.py
[2026-03-04T08:19:16.830+0000] {processor.py:830} INFO - Processing file /home/airflow/.local/lib/python3.12/site-packages/airflow/example_dags/example_short_circuit_decorator.py for tasks to queue
[2026-03-04T08:19:16.831+0000] {logging_mixin.py:188} INFO - [2026-03-04T08:19:16.831+0000] {dagbag.py:545} INFO - Filling up the DagBag from /home/airflow/.local/lib/python3.12/site-packages/airflow/example_dags/example_short_circuit_decorator.py
[2026-03-04T08:19:16.838+0000] {processor.py:840} INFO - DAG(s) 'example_short_circuit_decorator' retrieved from /home/airflow/.local/lib/python3.12/site-packages/airflow/example_dags/example_short_circuit_decorator.py
[2026-03-04T08:19:16.849+0000] {logging_mixin.py:188} INFO - [2026-03-04T08:19:16.849+0000] {dag.py:3089} INFO - Sync 1 DAGs
[2026-03-04T08:19:16.858+0000] {logging_mixin.py:188} INFO - [2026-03-04T08:19:16.858+0000] {dag.py:3947} INFO - Setting next_dagrun for example_short_circuit_decorator to 2026-03-03 00:00:00+00:00, run_after=2026-03-04 00:00:00+00:00
[2026-03-04T08:19:16.864+0000] {processor.py:183} INFO - Processing /home/airflow/.local/lib/python3.12/site-packages/airflow/example_dags/example_short_circuit_decorator.py took 0.037 seconds
[2026-03-04T08:19:47.371+0000] {processor.py:161} INFO - Started process (PID=11654) to work on /home/airflow/.local/lib/python3.12/site-packages/airflow/example_dags/example_short_circuit_decorator.py
[2026-03-04T08:19:47.372+0000] {processor.py:830} INFO - Processing file /home/airflow/.local/lib/python3.12/site-packages/airflow/example_dags/example_short_circuit_decorator.py for tasks to queue
[2026-03-04T08:19:47.373+0000] {logging_mixin.py:188} INFO - [2026-03-04T08:19:47.373+0000] {dagbag.py:545} INFO - Filling up the DagBag from /home/airflow/.local/lib/python3.12/site-packages/airflow/example_dags/example_short_circuit_decorator.py
[2026-03-04T08:19:47.377+0000] {processor.py:840} INFO - DAG(s) 'example_short_circuit_decorator' retrieved from /home/airflow/.local/lib/python3.12/site-packages/airflow/example_dags/example_short_circuit_decorator.py
[2026-03-04T08:19:47.388+0000] {logging_mixin.py:188} INFO - [2026-03-04T08:19:47.388+0000] {dag.py:3089} INFO - Sync 1 DAGs
[2026-03-04T08:19:47.396+0000] {logging_mixin.py:188} INFO - [2026-03-04T08:19:47.396+0000] {dag.py:3947} INFO - Setting next_dagrun for example_short_circuit_decorator to 2026-03-03 00:00:00+00:00, run_after=2026-03-04 00:00:00+00:00
[2026-03-04T08:19:47.401+0000] {processor.py:183} INFO - Processing /home/airflow/.local/lib/python3.12/site-packages/airflow/example_dags/example_short_circuit_decorator.py took 0.032 seconds
[2026-03-04T08:20:17.956+0000] {processor.py:161} INFO - Started process (PID=11916) to work on /home/airflow/.local/lib/python3.12/site-packages/airflow/example_dags/example_short_circuit_decorator.py
[2026-03-04T08:20:17.956+0000] {processor.py:830} INFO - Processing file /home/airflow/.local/lib/python3.12/site-packages/airflow/example_dags/example_short_circuit_decorator.py for tasks to queue
[2026-03-04T08:20:17.958+0000] {logging_mixin.py:188} INFO - [2026-03-04T08:20:17.957+0000] {dagbag.py:545} INFO - Filling up the DagBag from /home/airflow/.local/lib/python3.12/site-packages/airflow/example_dags/example_short_circuit_decorator.py
[2026-03-04T08:20:17.962+0000] {processor.py:840} INFO - DAG(s) 'example_short_circuit_decorator' retrieved from /home/airflow/.local/lib/python3.12/site-packages/airflow/example_dags/example_short_circuit_decorator.py
[2026-03-04T08:20:17.971+0000] {logging_mixin.py:188} INFO - [2026-03-04T08:20:17.971+0000] {dag.py:3089} INFO - Sync 1 DAGs
[2026-03-04T08:20:17.978+0000] {logging_mixin.py:188} INFO - [2026-03-04T08:20:17.978+0000] {dag.py:3947} INFO - Setting next_dagrun for example_short_circuit_decorator to 2026-03-03 00:00:00+00:00, run_after=2026-03-04 00:00:00+00:00
[2026-03-04T08:20:17.984+0000] {processor.py:183} INFO - Processing /home/airflow/.local/lib/python3.12/site-packages/airflow/example_dags/example_short_circuit_decorator.py took 0.031 seconds
[2026-03-04T08:37:21.861+0000] {processor.py:161} INFO - Started process (PID=12180) to work on /home/airflow/.local/lib/python3.12/site-packages/airflow/example_dags/example_short_circuit_decorator.py
[2026-03-04T08:37:21.862+0000] {processor.py:830} INFO - Processing file /home/airflow/.local/lib/python3.12/site-packages/airflow/example_dags/example_short_circuit_decorator.py for tasks to queue
[2026-03-04T08:37:21.863+0000] {logging_mixin.py:188} INFO - [2026-03-04T08:37:21.863+0000] {dagbag.py:545} INFO - Filling up the DagBag from /home/airflow/.local/lib/python3.12/site-packages/airflow/example_dags/example_short_circuit_decorator.py
[2026-03-04T08:37:21.866+0000] {processor.py:840} INFO - DAG(s) 'example_short_circuit_decorator' retrieved from /home/airflow/.local/lib/python3.12/site-packages/airflow/example_dags/example_short_circuit_decorator.py
[2026-03-04T08:37:21.878+0000] {logging_mixin.py:188} INFO - [2026-03-04T08:37:21.878+0000] {dag.py:3089} INFO - Sync 1 DAGs
[2026-03-04T08:37:21.891+0000] {logging_mixin.py:188} INFO - [2026-03-04T08:37:21.891+0000] {dag.py:3947} INFO - Setting next_dagrun for example_short_circuit_decorator to 2026-03-03 00:00:00+00:00, run_after=2026-03-04 00:00:00+00:00
[2026-03-04T08:37:21.901+0000] {processor.py:183} INFO - Processing /home/airflow/.local/lib/python3.12/site-packages/airflow/example_dags/example_short_circuit_decorator.py took 0.043 seconds
[2026-03-04T08:46:12.019+0000] {processor.py:161} INFO - Started process (PID=12442) to work on /home/airflow/.local/lib/python3.12/site-packages/airflow/example_dags/example_short_circuit_decorator.py
[2026-03-04T08:46:12.019+0000] {processor.py:830} INFO - Processing file /home/airflow/.local/lib/python3.12/site-packages/airflow/example_dags/example_short_circuit_decorator.py for tasks to queue
[2026-03-04T08:46:12.020+0000] {logging_mixin.py:188} INFO - [2026-03-04T08:46:12.020+0000] {dagbag.py:545} INFO - Filling up the DagBag from /home/airflow/.local/lib/python3.12/site-packages/airflow/example_dags/example_short_circuit_decorator.py
[2026-03-04T08:46:12.024+0000] {processor.py:840} INFO - DAG(s) 'example_short_circuit_decorator' retrieved from /home/airflow/.local/lib/python3.12/site-packages/airflow/example_dags/example_short_circuit_decorator.py
[2026-03-04T08:46:12.035+0000] {logging_mixin.py:188} INFO - [2026-03-04T08:46:12.035+0000] {dag.py:3089} INFO - Sync 1 DAGs
[2026-03-04T08:46:12.044+0000] {logging_mixin.py:188} INFO - [2026-03-04T08:46:12.044+0000] {dag.py:3947} INFO - Setting next_dagrun for example_short_circuit_decorator to 2026-03-03 00:00:00+00:00, run_after=2026-03-04 00:00:00+00:00
[2026-03-04T08:46:12.060+0000] {processor.py:183} INFO - Processing /home/airflow/.local/lib/python3.12/site-packages/airflow/example_dags/example_short_circuit_decorator.py took 0.044 seconds
[2026-03-04T08:46:42.640+0000] {processor.py:161} INFO - Started process (PID=12702) to work on /home/airflow/.local/lib/python3.12/site-packages/airflow/example_dags/example_short_circuit_decorator.py
[2026-03-04T08:46:42.643+0000] {processor.py:830} INFO - Processing file /home/airflow/.local/lib/python3.12/site-packages/airflow/example_dags/example_short_circuit_decorator.py for tasks to queue
[2026-03-04T08:46:42.644+0000] {logging_mixin.py:188} INFO - [2026-03-04T08:46:42.644+0000] {dagbag.py:545} INFO - Filling up the DagBag from /home/airflow/.local/lib/python3.12/site-packages/airflow/example_dags/example_short_circuit_decorator.py
[2026-03-04T08:46:42.647+0000] {processor.py:840} INFO - DAG(s) 'example_short_circuit_decorator' retrieved from /home/airflow/.local/lib/python3.12/site-packages/airflow/example_dags/example_short_circuit_decorator.py
[2026-03-04T08:46:42.656+0000] {logging_mixin.py:188} INFO - [2026-03-04T08:46:42.656+0000] {dag.py:3089} INFO - Sync 1 DAGs
[2026-03-04T08:46:42.666+0000] {logging_mixin.py:188} INFO - [2026-03-04T08:46:42.666+0000] {dag.py:3947} INFO - Setting next_dagrun for example_short_circuit_decorator to 2026-03-03 00:00:00+00:00, run_after=2026-03-04 00:00:00+00:00
[2026-03-04T08:46:42.679+0000] {processor.py:183} INFO - Processing /home/airflow/.local/lib/python3.12/site-packages/airflow/example_dags/example_short_circuit_decorator.py took 0.041 seconds
[2026-03-04T08:47:13.057+0000] {processor.py:161} INFO - Started process (PID=12964) to work on /home/airflow/.local/lib/python3.12/site-packages/airflow/example_dags/example_short_circuit_decorator.py
[2026-03-04T08:47:13.059+0000] {processor.py:830} INFO - Processing file /home/airflow/.local/lib/python3.12/site-packages/airflow/example_dags/example_short_circuit_decorator.py for tasks to queue
[2026-03-04T08:47:13.060+0000] {logging_mixin.py:188} INFO - [2026-03-04T08:47:13.060+0000] {dagbag.py:545} INFO - Filling up the DagBag from /home/airflow/.local/lib/python3.12/site-packages/airflow/example_dags/example_short_circuit_decorator.py
[2026-03-04T08:47:13.063+0000] {processor.py:840} INFO - DAG(s) 'example_short_circuit_decorator' retrieved from /home/airflow/.local/lib/python3.12/site-packages/airflow/example_dags/example_short_circuit_decorator.py
[2026-03-04T08:47:13.072+0000] {logging_mixin.py:188} INFO - [2026-03-04T08:47:13.072+0000] {dag.py:3089} INFO - Sync 1 DAGs
[2026-03-04T08:47:13.079+0000] {logging_mixin.py:188} INFO - [2026-03-04T08:47:13.079+0000] {dag.py:3947} INFO - Setting next_dagrun for example_short_circuit_decorator to 2026-03-03 00:00:00+00:00, run_after=2026-03-04 00:00:00+00:00
[2026-03-04T08:47:13.085+0000] {processor.py:183} INFO - Processing /home/airflow/.local/lib/python3.12/site-packages/airflow/example_dags/example_short_circuit_decorator.py took 0.030 seconds
[2026-03-04T08:47:43.602+0000] {processor.py:161} INFO - Started process (PID=13226) to work on /home/airflow/.local/lib/python3.12/site-packages/airflow/example_dags/example_short_circuit_decorator.py
[2026-03-04T08:47:43.603+0000] {processor.py:830} INFO - Processing file /home/airflow/.local/lib/python3.12/site-packages/airflow/example_dags/example_short_circuit_decorator.py for tasks to queue
[2026-03-04T08:47:43.603+0000] {logging_mixin.py:188} INFO - [2026-03-04T08:47:43.603+0000] {dagbag.py:545} INFO - Filling up the DagBag from /home/airflow/.local/lib/python3.12/site-packages/airflow/example_dags/example_short_circuit_decorator.py
[2026-03-04T08:47:43.607+0000] {processor.py:840} INFO - DAG(s) 'example_short_circuit_decorator' retrieved from /home/airflow/.local/lib/python3.12/site-packages/airflow/example_dags/example_short_circuit_decorator.py
[2026-03-04T08:47:43.614+0000] {logging_mixin.py:188} INFO - [2026-03-04T08:47:43.614+0000] {dag.py:3089} INFO - Sync 1 DAGs
[2026-03-04T08:47:43.621+0000] {logging_mixin.py:188} INFO - [2026-03-04T08:47:43.621+0000] {dag.py:3947} INFO - Setting next_dagrun for example_short_circuit_decorator to 2026-03-03 00:00:00+00:00, run_after=2026-03-04 00:00:00+00:00
[2026-03-04T08:47:43.631+0000] {processor.py:183} INFO - Processing /home/airflow/.local/lib/python3.12/site-packages/airflow/example_dags/example_short_circuit_decorator.py took 0.031 seconds
[2026-03-04T08:48:14.098+0000] {processor.py:161} INFO - Started process (PID=13488) to work on /home/airflow/.local/lib/python3.12/site-packages/airflow/example_dags/example_short_circuit_decorator.py
[2026-03-04T08:48:14.100+0000] {processor.py:830} INFO - Processing file /home/airflow/.local/lib/python3.12/site-packages/airflow/example_dags/example_short_circuit_decorator.py for tasks to queue
[2026-03-04T08:48:14.101+0000] {logging_mixin.py:188} INFO - [2026-03-04T08:48:14.101+0000] {dagbag.py:545} INFO - Filling up the DagBag from /home/airflow/.local/lib/python3.12/site-packages/airflow/example_dags/example_short_circuit_decorator.py
[2026-03-04T08:48:14.104+0000] {processor.py:840} INFO - DAG(s) 'example_short_circuit_decorator' retrieved from /home/airflow/.local/lib/python3.12/site-packages/airflow/example_dags/example_short_circuit_decorator.py
[2026-03-04T08:48:14.113+0000] {logging_mixin.py:188} INFO - [2026-03-04T08:48:14.112+0000] {dag.py:3089} INFO - Sync 1 DAGs
[2026-03-04T08:48:14.120+0000] {logging_mixin.py:188} INFO - [2026-03-04T08:48:14.120+0000] {dag.py:3947} INFO - Setting next_dagrun for example_short_circuit_decorator to 2026-03-03 00:00:00+00:00, run_after=2026-03-04 00:00:00+00:00
[2026-03-04T08:48:14.128+0000] {processor.py:183} INFO - Processing /home/airflow/.local/lib/python3.12/site-packages/airflow/example_dags/example_short_circuit_decorator.py took 0.032 seconds
[2026-03-04T08:48:44.738+0000] {processor.py:161} INFO - Started process (PID=13750) to work on /home/airflow/.local/lib/python3.12/site-packages/airflow/example_dags/example_short_circuit_decorator.py
[2026-03-04T08:48:44.739+0000] {processor.py:830} INFO - Processing file /home/airflow/.local/lib/python3.12/site-packages/airflow/example_dags/example_short_circuit_decorator.py for tasks to queue
[2026-03-04T08:48:44.740+0000] {logging_mixin.py:188} INFO - [2026-03-04T08:48:44.740+0000] {dagbag.py:545} INFO - Filling up the DagBag from /home/airflow/.local/lib/python3.12/site-packages/airflow/example_dags/example_short_circuit_decorator.py
[2026-03-04T08:48:44.743+0000] {processor.py:840} INFO - DAG(s) 'example_short_circuit_decorator' retrieved from /home/airflow/.local/lib/python3.12/site-packages/airflow/example_dags/example_short_circuit_decorator.py
[2026-03-04T08:48:44.752+0000] {logging_mixin.py:188} INFO - [2026-03-04T08:48:44.752+0000] {dag.py:3089} INFO - Sync 1 DAGs
[2026-03-04T08:48:44.763+0000] {logging_mixin.py:188} INFO - [2026-03-04T08:48:44.763+0000] {dag.py:3947} INFO - Setting next_dagrun for example_short_circuit_decorator to 2026-03-03 00:00:00+00:00, run_after=2026-03-04 00:00:00+00:00
[2026-03-04T08:48:44.772+0000] {processor.py:183} INFO - Processing /home/airflow/.local/lib/python3.12/site-packages/airflow/example_dags/example_short_circuit_decorator.py took 0.036 seconds
[2026-03-04T08:49:15.317+0000] {processor.py:161} INFO - Started process (PID=14012) to work on /home/airflow/.local/lib/python3.12/site-packages/airflow/example_dags/example_short_circuit_decorator.py
[2026-03-04T08:49:15.319+0000] {processor.py:830} INFO - Processing file /home/airflow/.local/lib/python3.12/site-packages/airflow/example_dags/example_short_circuit_decorator.py for tasks to queue
[2026-03-04T08:49:15.319+0000] {logging_mixin.py:188} INFO - [2026-03-04T08:49:15.319+0000] {dagbag.py:545} INFO - Filling up the DagBag from /home/airflow/.local/lib/python3.12/site-packages/airflow/example_dags/example_short_circuit_decorator.py
[2026-03-04T08:49:15.323+0000] {processor.py:840} INFO - DAG(s) 'example_short_circuit_decorator' retrieved from /home/airflow/.local/lib/python3.12/site-packages/airflow/example_dags/example_short_circuit_decorator.py
[2026-03-04T08:49:15.332+0000] {logging_mixin.py:188} INFO - [2026-03-04T08:49:15.332+0000] {dag.py:3089} INFO - Sync 1 DAGs
[2026-03-04T08:49:15.341+0000] {logging_mixin.py:188} INFO - [2026-03-04T08:49:15.341+0000] {dag.py:3947} INFO - Setting next_dagrun for example_short_circuit_decorator to 2026-03-03 00:00:00+00:00, run_after=2026-03-04 00:00:00+00:00
[2026-03-04T08:49:15.347+0000] {processor.py:183} INFO - Processing /home/airflow/.local/lib/python3.12/site-packages/airflow/example_dags/example_short_circuit_decorator.py took 0.032 seconds
[2026-03-04T08:49:45.881+0000] {processor.py:161} INFO - Started process (PID=14274) to work on /home/airflow/.local/lib/python3.12/site-packages/airflow/example_dags/example_short_circuit_decorator.py
[2026-03-04T08:49:45.882+0000] {processor.py:830} INFO - Processing file /home/airflow/.local/lib/python3.12/site-packages/airflow/example_dags/example_short_circuit_decorator.py for tasks to queue
[2026-03-04T08:49:45.883+0000] {logging_mixin.py:188} INFO - [2026-03-04T08:49:45.883+0000] {dagbag.py:545} INFO - Filling up the DagBag from /home/airflow/.local/lib/python3.12/site-packages/airflow/example_dags/example_short_circuit_decorator.py
[2026-03-04T08:49:45.889+0000] {processor.py:840} INFO - DAG(s) 'example_short_circuit_decorator' retrieved from /home/airflow/.local/lib/python3.12/site-packages/airflow/example_dags/example_short_circuit_decorator.py
[2026-03-04T08:49:45.900+0000] {logging_mixin.py:188} INFO - [2026-03-04T08:49:45.900+0000] {dag.py:3089} INFO - Sync 1 DAGs
[2026-03-04T08:49:45.909+0000] {logging_mixin.py:188} INFO - [2026-03-04T08:49:45.909+0000] {dag.py:3947} INFO - Setting next_dagrun for example_short_circuit_decorator to 2026-03-03 00:00:00+00:00, run_after=2026-03-04 00:00:00+00:00
[2026-03-04T08:49:45.915+0000] {processor.py:183} INFO - Processing /home/airflow/.local/lib/python3.12/site-packages/airflow/example_dags/example_short_circuit_decorator.py took 0.037 seconds
[2026-03-04T08:50:16.395+0000] {processor.py:161} INFO - Started process (PID=14536) to work on /home/airflow/.local/lib/python3.12/site-packages/airflow/example_dags/example_short_circuit_decorator.py
[2026-03-04T08:50:16.397+0000] {processor.py:830} INFO - Processing file /home/airflow/.local/lib/python3.12/site-packages/airflow/example_dags/example_short_circuit_decorator.py for tasks to queue
[2026-03-04T08:50:16.398+0000] {logging_mixin.py:188} INFO - [2026-03-04T08:50:16.398+0000] {dagbag.py:545} INFO - Filling up the DagBag from /home/airflow/.local/lib/python3.12/site-packages/airflow/example_dags/example_short_circuit_decorator.py
[2026-03-04T08:50:16.401+0000] {processor.py:840} INFO - DAG(s) 'example_short_circuit_decorator' retrieved from /home/airflow/.local/lib/python3.12/site-packages/airflow/example_dags/example_short_circuit_decorator.py
[2026-03-04T08:50:16.409+0000] {logging_mixin.py:188} INFO - [2026-03-04T08:50:16.409+0000] {dag.py:3089} INFO - Sync 1 DAGs
[2026-03-04T08:50:16.418+0000] {logging_mixin.py:188} INFO - [2026-03-04T08:50:16.418+0000] {dag.py:3947} INFO - Setting next_dagrun for example_short_circuit_decorator to 2026-03-03 00:00:00+00:00, run_after=2026-03-04 00:00:00+00:00
[2026-03-04T08:50:16.427+0000] {processor.py:183} INFO - Processing /home/airflow/.local/lib/python3.12/site-packages/airflow/example_dags/example_short_circuit_decorator.py took 0.035 seconds
[2026-03-04T08:50:46.982+0000] {processor.py:161} INFO - Started process (PID=14798) to work on /home/airflow/.local/lib/python3.12/site-packages/airflow/example_dags/example_short_circuit_decorator.py
[2026-03-04T08:50:46.982+0000] {processor.py:830} INFO - Processing file /home/airflow/.local/lib/python3.12/site-packages/airflow/example_dags/example_short_circuit_decorator.py for tasks to queue
[2026-03-04T08:50:46.983+0000] {logging_mixin.py:188} INFO - [2026-03-04T08:50:46.983+0000] {dagbag.py:545} INFO - Filling up the DagBag from /home/airflow/.local/lib/python3.12/site-packages/airflow/example_dags/example_short_circuit_decorator.py
[2026-03-04T08:50:46.986+0000] {processor.py:840} INFO - DAG(s) 'example_short_circuit_decorator' retrieved from /home/airflow/.local/lib/python3.12/site-packages/airflow/example_dags/example_short_circuit_decorator.py
[2026-03-04T08:50:46.996+0000] {logging_mixin.py:188} INFO - [2026-03-04T08:50:46.996+0000] {dag.py:3089} INFO - Sync 1 DAGs
[2026-03-04T08:50:47.004+0000] {logging_mixin.py:188} INFO - [2026-03-04T08:50:47.004+0000] {dag.py:3947} INFO - Setting next_dagrun for example_short_circuit_decorator to 2026-03-03 00:00:00+00:00, run_after=2026-03-04 00:00:00+00:00
[2026-03-04T08:50:47.011+0000] {processor.py:183} INFO - Processing /home/airflow/.local/lib/python3.12/site-packages/airflow/example_dags/example_short_circuit_decorator.py took 0.032 seconds
