[2026-03-04T07:57:50.521+0000] {processor.py:161} INFO - Started process (PID=322) to work on /home/airflow/.local/lib/python3.12/site-packages/airflow/example_dags/tutorial.py
[2026-03-04T07:57:50.521+0000] {processor.py:830} INFO - Processing file /home/airflow/.local/lib/python3.12/site-packages/airflow/example_dags/tutorial.py for tasks to queue
[2026-03-04T07:57:50.522+0000] {logging_mixin.py:188} INFO - [2026-03-04T07:57:50.522+0000] {dagbag.py:545} INFO - Filling up the DagBag from /home/airflow/.local/lib/python3.12/site-packages/airflow/example_dags/tutorial.py
[2026-03-04T07:57:50.526+0000] {processor.py:840} INFO - DAG(s) 'tutorial' retrieved from /home/airflow/.local/lib/python3.12/site-packages/airflow/example_dags/tutorial.py
[2026-03-04T07:57:50.563+0000] {logging_mixin.py:188} INFO - [2026-03-04T07:57:50.563+0000] {override.py:1858} INFO - Created Permission View: can delete on DAG:tutorial
[2026-03-04T07:57:50.567+0000] {logging_mixin.py:188} INFO - [2026-03-04T07:57:50.567+0000] {override.py:1858} INFO - Created Permission View: can read on DAG:tutorial
[2026-03-04T07:57:50.569+0000] {logging_mixin.py:188} INFO - [2026-03-04T07:57:50.569+0000] {override.py:1858} INFO - Created Permission View: can edit on DAG:tutorial
[2026-03-04T07:57:50.570+0000] {logging_mixin.py:188} INFO - [2026-03-04T07:57:50.570+0000] {dag.py:3089} INFO - Sync 1 DAGs
[2026-03-04T07:57:50.575+0000] {logging_mixin.py:188} INFO - [2026-03-04T07:57:50.575+0000] {dag.py:3111} INFO - Creating ORM DAG for tutorial
[2026-03-04T07:57:50.580+0000] {logging_mixin.py:188} INFO - [2026-03-04T07:57:50.580+0000] {dag.py:3947} INFO - Setting next_dagrun for tutorial to 2026-03-03 00:00:00+00:00, run_after=2026-03-04 00:00:00+00:00
[2026-03-04T07:57:50.588+0000] {processor.py:183} INFO - Processing /home/airflow/.local/lib/python3.12/site-packages/airflow/example_dags/tutorial.py took 0.069 seconds
[2026-03-04T07:58:20.701+0000] {processor.py:161} INFO - Started process (PID=586) to work on /home/airflow/.local/lib/python3.12/site-packages/airflow/example_dags/tutorial.py
[2026-03-04T07:58:20.702+0000] {processor.py:830} INFO - Processing file /home/airflow/.local/lib/python3.12/site-packages/airflow/example_dags/tutorial.py for tasks to queue
[2026-03-04T07:58:20.702+0000] {logging_mixin.py:188} INFO - [2026-03-04T07:58:20.702+0000] {dagbag.py:545} INFO - Filling up the DagBag from /home/airflow/.local/lib/python3.12/site-packages/airflow/example_dags/tutorial.py
[2026-03-04T07:58:20.705+0000] {processor.py:840} INFO - DAG(s) 'tutorial' retrieved from /home/airflow/.local/lib/python3.12/site-packages/airflow/example_dags/tutorial.py
[2026-03-04T07:58:20.712+0000] {logging_mixin.py:188} INFO - [2026-03-04T07:58:20.712+0000] {dag.py:3089} INFO - Sync 1 DAGs
[2026-03-04T07:58:20.718+0000] {logging_mixin.py:188} INFO - [2026-03-04T07:58:20.718+0000] {dag.py:3947} INFO - Setting next_dagrun for tutorial to 2026-03-03 00:00:00+00:00, run_after=2026-03-04 00:00:00+00:00
[2026-03-04T07:58:20.723+0000] {processor.py:183} INFO - Processing /home/airflow/.local/lib/python3.12/site-packages/airflow/example_dags/tutorial.py took 0.024 seconds
[2026-03-04T07:58:51.227+0000] {processor.py:161} INFO - Started process (PID=846) to work on /home/airflow/.local/lib/python3.12/site-packages/airflow/example_dags/tutorial.py
[2026-03-04T07:58:51.227+0000] {processor.py:830} INFO - Processing file /home/airflow/.local/lib/python3.12/site-packages/airflow/example_dags/tutorial.py for tasks to queue
[2026-03-04T07:58:51.228+0000] {logging_mixin.py:188} INFO - [2026-03-04T07:58:51.228+0000] {dagbag.py:545} INFO - Filling up the DagBag from /home/airflow/.local/lib/python3.12/site-packages/airflow/example_dags/tutorial.py
[2026-03-04T07:58:51.230+0000] {processor.py:840} INFO - DAG(s) 'tutorial' retrieved from /home/airflow/.local/lib/python3.12/site-packages/airflow/example_dags/tutorial.py
[2026-03-04T07:58:51.239+0000] {logging_mixin.py:188} INFO - [2026-03-04T07:58:51.239+0000] {dag.py:3089} INFO - Sync 1 DAGs
[2026-03-04T07:58:51.249+0000] {logging_mixin.py:188} INFO - [2026-03-04T07:58:51.249+0000] {dag.py:3947} INFO - Setting next_dagrun for tutorial to 2026-03-03 00:00:00+00:00, run_after=2026-03-04 00:00:00+00:00
[2026-03-04T07:58:51.261+0000] {processor.py:183} INFO - Processing /home/airflow/.local/lib/python3.12/site-packages/airflow/example_dags/tutorial.py took 0.036 seconds
[2026-03-04T07:59:21.749+0000] {processor.py:161} INFO - Started process (PID=1110) to work on /home/airflow/.local/lib/python3.12/site-packages/airflow/example_dags/tutorial.py
[2026-03-04T07:59:21.749+0000] {processor.py:830} INFO - Processing file /home/airflow/.local/lib/python3.12/site-packages/airflow/example_dags/tutorial.py for tasks to queue
[2026-03-04T07:59:21.750+0000] {logging_mixin.py:188} INFO - [2026-03-04T07:59:21.750+0000] {dagbag.py:545} INFO - Filling up the DagBag from /home/airflow/.local/lib/python3.12/site-packages/airflow/example_dags/tutorial.py
[2026-03-04T07:59:21.752+0000] {processor.py:840} INFO - DAG(s) 'tutorial' retrieved from /home/airflow/.local/lib/python3.12/site-packages/airflow/example_dags/tutorial.py
[2026-03-04T07:59:21.761+0000] {logging_mixin.py:188} INFO - [2026-03-04T07:59:21.761+0000] {dag.py:3089} INFO - Sync 1 DAGs
[2026-03-04T07:59:21.772+0000] {logging_mixin.py:188} INFO - [2026-03-04T07:59:21.772+0000] {dag.py:3947} INFO - Setting next_dagrun for tutorial to 2026-03-03 00:00:00+00:00, run_after=2026-03-04 00:00:00+00:00
[2026-03-04T07:59:21.782+0000] {processor.py:183} INFO - Processing /home/airflow/.local/lib/python3.12/site-packages/airflow/example_dags/tutorial.py took 0.036 seconds
[2026-03-04T07:59:52.461+0000] {processor.py:161} INFO - Started process (PID=1372) to work on /home/airflow/.local/lib/python3.12/site-packages/airflow/example_dags/tutorial.py
[2026-03-04T07:59:52.461+0000] {processor.py:830} INFO - Processing file /home/airflow/.local/lib/python3.12/site-packages/airflow/example_dags/tutorial.py for tasks to queue
[2026-03-04T07:59:52.462+0000] {logging_mixin.py:188} INFO - [2026-03-04T07:59:52.462+0000] {dagbag.py:545} INFO - Filling up the DagBag from /home/airflow/.local/lib/python3.12/site-packages/airflow/example_dags/tutorial.py
[2026-03-04T07:59:52.464+0000] {processor.py:840} INFO - DAG(s) 'tutorial' retrieved from /home/airflow/.local/lib/python3.12/site-packages/airflow/example_dags/tutorial.py
[2026-03-04T07:59:52.476+0000] {logging_mixin.py:188} INFO - [2026-03-04T07:59:52.475+0000] {dag.py:3089} INFO - Sync 1 DAGs
[2026-03-04T07:59:52.484+0000] {logging_mixin.py:188} INFO - [2026-03-04T07:59:52.484+0000] {dag.py:3947} INFO - Setting next_dagrun for tutorial to 2026-03-03 00:00:00+00:00, run_after=2026-03-04 00:00:00+00:00
[2026-03-04T07:59:52.496+0000] {processor.py:183} INFO - Processing /home/airflow/.local/lib/python3.12/site-packages/airflow/example_dags/tutorial.py took 0.037 seconds
[2026-03-04T08:00:23.062+0000] {processor.py:161} INFO - Started process (PID=1632) to work on /home/airflow/.local/lib/python3.12/site-packages/airflow/example_dags/tutorial.py
[2026-03-04T08:00:23.062+0000] {processor.py:830} INFO - Processing file /home/airflow/.local/lib/python3.12/site-packages/airflow/example_dags/tutorial.py for tasks to queue
[2026-03-04T08:00:23.063+0000] {logging_mixin.py:188} INFO - [2026-03-04T08:00:23.063+0000] {dagbag.py:545} INFO - Filling up the DagBag from /home/airflow/.local/lib/python3.12/site-packages/airflow/example_dags/tutorial.py
[2026-03-04T08:00:23.066+0000] {processor.py:840} INFO - DAG(s) 'tutorial' retrieved from /home/airflow/.local/lib/python3.12/site-packages/airflow/example_dags/tutorial.py
[2026-03-04T08:00:23.075+0000] {logging_mixin.py:188} INFO - [2026-03-04T08:00:23.075+0000] {dag.py:3089} INFO - Sync 1 DAGs
[2026-03-04T08:00:23.083+0000] {logging_mixin.py:188} INFO - [2026-03-04T08:00:23.083+0000] {dag.py:3947} INFO - Setting next_dagrun for tutorial to 2026-03-03 00:00:00+00:00, run_after=2026-03-04 00:00:00+00:00
[2026-03-04T08:00:23.089+0000] {processor.py:183} INFO - Processing /home/airflow/.local/lib/python3.12/site-packages/airflow/example_dags/tutorial.py took 0.029 seconds
[2026-03-04T08:00:53.664+0000] {processor.py:161} INFO - Started process (PID=1894) to work on /home/airflow/.local/lib/python3.12/site-packages/airflow/example_dags/tutorial.py
[2026-03-04T08:00:53.665+0000] {processor.py:830} INFO - Processing file /home/airflow/.local/lib/python3.12/site-packages/airflow/example_dags/tutorial.py for tasks to queue
[2026-03-04T08:00:53.666+0000] {logging_mixin.py:188} INFO - [2026-03-04T08:00:53.666+0000] {dagbag.py:545} INFO - Filling up the DagBag from /home/airflow/.local/lib/python3.12/site-packages/airflow/example_dags/tutorial.py
[2026-03-04T08:00:53.668+0000] {processor.py:840} INFO - DAG(s) 'tutorial' retrieved from /home/airflow/.local/lib/python3.12/site-packages/airflow/example_dags/tutorial.py
[2026-03-04T08:00:53.679+0000] {logging_mixin.py:188} INFO - [2026-03-04T08:00:53.679+0000] {dag.py:3089} INFO - Sync 1 DAGs
[2026-03-04T08:00:53.688+0000] {logging_mixin.py:188} INFO - [2026-03-04T08:00:53.688+0000] {dag.py:3947} INFO - Setting next_dagrun for tutorial to 2026-03-03 00:00:00+00:00, run_after=2026-03-04 00:00:00+00:00
[2026-03-04T08:00:53.694+0000] {processor.py:183} INFO - Processing /home/airflow/.local/lib/python3.12/site-packages/airflow/example_dags/tutorial.py took 0.033 seconds
[2026-03-04T08:01:24.276+0000] {processor.py:161} INFO - Started process (PID=2156) to work on /home/airflow/.local/lib/python3.12/site-packages/airflow/example_dags/tutorial.py
[2026-03-04T08:01:24.276+0000] {processor.py:830} INFO - Processing file /home/airflow/.local/lib/python3.12/site-packages/airflow/example_dags/tutorial.py for tasks to queue
[2026-03-04T08:01:24.277+0000] {logging_mixin.py:188} INFO - [2026-03-04T08:01:24.277+0000] {dagbag.py:545} INFO - Filling up the DagBag from /home/airflow/.local/lib/python3.12/site-packages/airflow/example_dags/tutorial.py
[2026-03-04T08:01:24.279+0000] {processor.py:840} INFO - DAG(s) 'tutorial' retrieved from /home/airflow/.local/lib/python3.12/site-packages/airflow/example_dags/tutorial.py
[2026-03-04T08:01:24.286+0000] {logging_mixin.py:188} INFO - [2026-03-04T08:01:24.286+0000] {dag.py:3089} INFO - Sync 1 DAGs
[2026-03-04T08:01:24.293+0000] {logging_mixin.py:188} INFO - [2026-03-04T08:01:24.293+0000] {dag.py:3947} INFO - Setting next_dagrun for tutorial to 2026-03-03 00:00:00+00:00, run_after=2026-03-04 00:00:00+00:00
[2026-03-04T08:01:24.300+0000] {processor.py:183} INFO - Processing /home/airflow/.local/lib/python3.12/site-packages/airflow/example_dags/tutorial.py took 0.027 seconds
[2026-03-04T08:01:54.887+0000] {processor.py:161} INFO - Started process (PID=2420) to work on /home/airflow/.local/lib/python3.12/site-packages/airflow/example_dags/tutorial.py
[2026-03-04T08:01:54.888+0000] {processor.py:830} INFO - Processing file /home/airflow/.local/lib/python3.12/site-packages/airflow/example_dags/tutorial.py for tasks to queue
[2026-03-04T08:01:54.891+0000] {logging_mixin.py:188} INFO - [2026-03-04T08:01:54.891+0000] {dagbag.py:545} INFO - Filling up the DagBag from /home/airflow/.local/lib/python3.12/site-packages/airflow/example_dags/tutorial.py
[2026-03-04T08:01:54.894+0000] {processor.py:840} INFO - DAG(s) 'tutorial' retrieved from /home/airflow/.local/lib/python3.12/site-packages/airflow/example_dags/tutorial.py
[2026-03-04T08:01:54.902+0000] {logging_mixin.py:188} INFO - [2026-03-04T08:01:54.902+0000] {dag.py:3089} INFO - Sync 1 DAGs
[2026-03-04T08:01:54.912+0000] {logging_mixin.py:188} INFO - [2026-03-04T08:01:54.912+0000] {dag.py:3947} INFO - Setting next_dagrun for tutorial to 2026-03-03 00:00:00+00:00, run_after=2026-03-04 00:00:00+00:00
[2026-03-04T08:01:54.923+0000] {processor.py:183} INFO - Processing /home/airflow/.local/lib/python3.12/site-packages/airflow/example_dags/tutorial.py took 0.039 seconds
[2026-03-04T08:02:25.345+0000] {processor.py:161} INFO - Started process (PID=2680) to work on /home/airflow/.local/lib/python3.12/site-packages/airflow/example_dags/tutorial.py
[2026-03-04T08:02:25.347+0000] {processor.py:830} INFO - Processing file /home/airflow/.local/lib/python3.12/site-packages/airflow/example_dags/tutorial.py for tasks to queue
[2026-03-04T08:02:25.347+0000] {logging_mixin.py:188} INFO - [2026-03-04T08:02:25.347+0000] {dagbag.py:545} INFO - Filling up the DagBag from /home/airflow/.local/lib/python3.12/site-packages/airflow/example_dags/tutorial.py
[2026-03-04T08:02:25.349+0000] {processor.py:840} INFO - DAG(s) 'tutorial' retrieved from /home/airflow/.local/lib/python3.12/site-packages/airflow/example_dags/tutorial.py
[2026-03-04T08:02:25.358+0000] {logging_mixin.py:188} INFO - [2026-03-04T08:02:25.358+0000] {dag.py:3089} INFO - Sync 1 DAGs
[2026-03-04T08:02:25.365+0000] {logging_mixin.py:188} INFO - [2026-03-04T08:02:25.365+0000] {dag.py:3947} INFO - Setting next_dagrun for tutorial to 2026-03-03 00:00:00+00:00, run_after=2026-03-04 00:00:00+00:00
[2026-03-04T08:02:25.373+0000] {processor.py:183} INFO - Processing /home/airflow/.local/lib/python3.12/site-packages/airflow/example_dags/tutorial.py took 0.030 seconds
[2026-03-04T08:02:55.872+0000] {processor.py:161} INFO - Started process (PID=2944) to work on /home/airflow/.local/lib/python3.12/site-packages/airflow/example_dags/tutorial.py
[2026-03-04T08:02:55.873+0000] {processor.py:830} INFO - Processing file /home/airflow/.local/lib/python3.12/site-packages/airflow/example_dags/tutorial.py for tasks to queue
[2026-03-04T08:02:55.874+0000] {logging_mixin.py:188} INFO - [2026-03-04T08:02:55.874+0000] {dagbag.py:545} INFO - Filling up the DagBag from /home/airflow/.local/lib/python3.12/site-packages/airflow/example_dags/tutorial.py
[2026-03-04T08:02:55.876+0000] {processor.py:840} INFO - DAG(s) 'tutorial' retrieved from /home/airflow/.local/lib/python3.12/site-packages/airflow/example_dags/tutorial.py
[2026-03-04T08:02:55.884+0000] {logging_mixin.py:188} INFO - [2026-03-04T08:02:55.884+0000] {dag.py:3089} INFO - Sync 1 DAGs
[2026-03-04T08:02:55.893+0000] {logging_mixin.py:188} INFO - [2026-03-04T08:02:55.893+0000] {dag.py:3947} INFO - Setting next_dagrun for tutorial to 2026-03-03 00:00:00+00:00, run_after=2026-03-04 00:00:00+00:00
[2026-03-04T08:02:55.906+0000] {processor.py:183} INFO - Processing /home/airflow/.local/lib/python3.12/site-packages/airflow/example_dags/tutorial.py took 0.036 seconds
[2026-03-04T08:03:26.461+0000] {processor.py:161} INFO - Started process (PID=3204) to work on /home/airflow/.local/lib/python3.12/site-packages/airflow/example_dags/tutorial.py
[2026-03-04T08:03:26.462+0000] {processor.py:830} INFO - Processing file /home/airflow/.local/lib/python3.12/site-packages/airflow/example_dags/tutorial.py for tasks to queue
[2026-03-04T08:03:26.464+0000] {logging_mixin.py:188} INFO - [2026-03-04T08:03:26.463+0000] {dagbag.py:545} INFO - Filling up the DagBag from /home/airflow/.local/lib/python3.12/site-packages/airflow/example_dags/tutorial.py
[2026-03-04T08:03:26.466+0000] {processor.py:840} INFO - DAG(s) 'tutorial' retrieved from /home/airflow/.local/lib/python3.12/site-packages/airflow/example_dags/tutorial.py
[2026-03-04T08:03:26.477+0000] {logging_mixin.py:188} INFO - [2026-03-04T08:03:26.476+0000] {dag.py:3089} INFO - Sync 1 DAGs
[2026-03-04T08:03:26.485+0000] {logging_mixin.py:188} INFO - [2026-03-04T08:03:26.485+0000] {dag.py:3947} INFO - Setting next_dagrun for tutorial to 2026-03-03 00:00:00+00:00, run_after=2026-03-04 00:00:00+00:00
[2026-03-04T08:03:26.493+0000] {processor.py:183} INFO - Processing /home/airflow/.local/lib/python3.12/site-packages/airflow/example_dags/tutorial.py took 0.034 seconds
[2026-03-04T08:03:57.023+0000] {processor.py:161} INFO - Started process (PID=3468) to work on /home/airflow/.local/lib/python3.12/site-packages/airflow/example_dags/tutorial.py
[2026-03-04T08:03:57.023+0000] {processor.py:830} INFO - Processing file /home/airflow/.local/lib/python3.12/site-packages/airflow/example_dags/tutorial.py for tasks to queue
[2026-03-04T08:03:57.024+0000] {logging_mixin.py:188} INFO - [2026-03-04T08:03:57.024+0000] {dagbag.py:545} INFO - Filling up the DagBag from /home/airflow/.local/lib/python3.12/site-packages/airflow/example_dags/tutorial.py
[2026-03-04T08:03:57.026+0000] {processor.py:840} INFO - DAG(s) 'tutorial' retrieved from /home/airflow/.local/lib/python3.12/site-packages/airflow/example_dags/tutorial.py
[2026-03-04T08:03:57.035+0000] {logging_mixin.py:188} INFO - [2026-03-04T08:03:57.035+0000] {dag.py:3089} INFO - Sync 1 DAGs
[2026-03-04T08:03:57.043+0000] {logging_mixin.py:188} INFO - [2026-03-04T08:03:57.043+0000] {dag.py:3947} INFO - Setting next_dagrun for tutorial to 2026-03-03 00:00:00+00:00, run_after=2026-03-04 00:00:00+00:00
[2026-03-04T08:03:57.053+0000] {processor.py:183} INFO - Processing /home/airflow/.local/lib/python3.12/site-packages/airflow/example_dags/tutorial.py took 0.032 seconds
[2026-03-04T08:04:27.613+0000] {processor.py:161} INFO - Started process (PID=3728) to work on /home/airflow/.local/lib/python3.12/site-packages/airflow/example_dags/tutorial.py
[2026-03-04T08:04:27.613+0000] {processor.py:830} INFO - Processing file /home/airflow/.local/lib/python3.12/site-packages/airflow/example_dags/tutorial.py for tasks to queue
[2026-03-04T08:04:27.614+0000] {logging_mixin.py:188} INFO - [2026-03-04T08:04:27.614+0000] {dagbag.py:545} INFO - Filling up the DagBag from /home/airflow/.local/lib/python3.12/site-packages/airflow/example_dags/tutorial.py
[2026-03-04T08:04:27.616+0000] {processor.py:840} INFO - DAG(s) 'tutorial' retrieved from /home/airflow/.local/lib/python3.12/site-packages/airflow/example_dags/tutorial.py
[2026-03-04T08:04:27.626+0000] {logging_mixin.py:188} INFO - [2026-03-04T08:04:27.626+0000] {dag.py:3089} INFO - Sync 1 DAGs
[2026-03-04T08:04:27.633+0000] {logging_mixin.py:188} INFO - [2026-03-04T08:04:27.633+0000] {dag.py:3947} INFO - Setting next_dagrun for tutorial to 2026-03-03 00:00:00+00:00, run_after=2026-03-04 00:00:00+00:00
[2026-03-04T08:04:27.642+0000] {processor.py:183} INFO - Processing /home/airflow/.local/lib/python3.12/site-packages/airflow/example_dags/tutorial.py took 0.033 seconds
[2026-03-04T08:04:58.206+0000] {processor.py:161} INFO - Started process (PID=3990) to work on /home/airflow/.local/lib/python3.12/site-packages/airflow/example_dags/tutorial.py
[2026-03-04T08:04:58.206+0000] {processor.py:830} INFO - Processing file /home/airflow/.local/lib/python3.12/site-packages/airflow/example_dags/tutorial.py for tasks to queue
[2026-03-04T08:04:58.207+0000] {logging_mixin.py:188} INFO - [2026-03-04T08:04:58.207+0000] {dagbag.py:545} INFO - Filling up the DagBag from /home/airflow/.local/lib/python3.12/site-packages/airflow/example_dags/tutorial.py
[2026-03-04T08:04:58.209+0000] {processor.py:840} INFO - DAG(s) 'tutorial' retrieved from /home/airflow/.local/lib/python3.12/site-packages/airflow/example_dags/tutorial.py
[2026-03-04T08:04:58.219+0000] {logging_mixin.py:188} INFO - [2026-03-04T08:04:58.219+0000] {dag.py:3089} INFO - Sync 1 DAGs
[2026-03-04T08:04:58.227+0000] {logging_mixin.py:188} INFO - [2026-03-04T08:04:58.227+0000] {dag.py:3947} INFO - Setting next_dagrun for tutorial to 2026-03-03 00:00:00+00:00, run_after=2026-03-04 00:00:00+00:00
[2026-03-04T08:04:58.240+0000] {processor.py:183} INFO - Processing /home/airflow/.local/lib/python3.12/site-packages/airflow/example_dags/tutorial.py took 0.037 seconds
[2026-03-04T08:05:28.780+0000] {processor.py:161} INFO - Started process (PID=4252) to work on /home/airflow/.local/lib/python3.12/site-packages/airflow/example_dags/tutorial.py
[2026-03-04T08:05:28.781+0000] {processor.py:830} INFO - Processing file /home/airflow/.local/lib/python3.12/site-packages/airflow/example_dags/tutorial.py for tasks to queue
[2026-03-04T08:05:28.783+0000] {logging_mixin.py:188} INFO - [2026-03-04T08:05:28.782+0000] {dagbag.py:545} INFO - Filling up the DagBag from /home/airflow/.local/lib/python3.12/site-packages/airflow/example_dags/tutorial.py
[2026-03-04T08:05:28.785+0000] {processor.py:840} INFO - DAG(s) 'tutorial' retrieved from /home/airflow/.local/lib/python3.12/site-packages/airflow/example_dags/tutorial.py
[2026-03-04T08:05:28.797+0000] {logging_mixin.py:188} INFO - [2026-03-04T08:05:28.797+0000] {dag.py:3089} INFO - Sync 1 DAGs
[2026-03-04T08:05:28.806+0000] {logging_mixin.py:188} INFO - [2026-03-04T08:05:28.805+0000] {dag.py:3947} INFO - Setting next_dagrun for tutorial to 2026-03-03 00:00:00+00:00, run_after=2026-03-04 00:00:00+00:00
[2026-03-04T08:05:28.814+0000] {processor.py:183} INFO - Processing /home/airflow/.local/lib/python3.12/site-packages/airflow/example_dags/tutorial.py took 0.037 seconds
[2026-03-04T08:05:59.368+0000] {processor.py:161} INFO - Started process (PID=4514) to work on /home/airflow/.local/lib/python3.12/site-packages/airflow/example_dags/tutorial.py
[2026-03-04T08:05:59.368+0000] {processor.py:830} INFO - Processing file /home/airflow/.local/lib/python3.12/site-packages/airflow/example_dags/tutorial.py for tasks to queue
[2026-03-04T08:05:59.369+0000] {logging_mixin.py:188} INFO - [2026-03-04T08:05:59.369+0000] {dagbag.py:545} INFO - Filling up the DagBag from /home/airflow/.local/lib/python3.12/site-packages/airflow/example_dags/tutorial.py
[2026-03-04T08:05:59.371+0000] {processor.py:840} INFO - DAG(s) 'tutorial' retrieved from /home/airflow/.local/lib/python3.12/site-packages/airflow/example_dags/tutorial.py
[2026-03-04T08:05:59.381+0000] {logging_mixin.py:188} INFO - [2026-03-04T08:05:59.380+0000] {dag.py:3089} INFO - Sync 1 DAGs
[2026-03-04T08:05:59.390+0000] {logging_mixin.py:188} INFO - [2026-03-04T08:05:59.390+0000] {dag.py:3947} INFO - Setting next_dagrun for tutorial to 2026-03-03 00:00:00+00:00, run_after=2026-03-04 00:00:00+00:00
[2026-03-04T08:05:59.400+0000] {processor.py:183} INFO - Processing /home/airflow/.local/lib/python3.12/site-packages/airflow/example_dags/tutorial.py took 0.035 seconds
[2026-03-04T08:06:29.922+0000] {processor.py:161} INFO - Started process (PID=4778) to work on /home/airflow/.local/lib/python3.12/site-packages/airflow/example_dags/tutorial.py
[2026-03-04T08:06:29.922+0000] {processor.py:830} INFO - Processing file /home/airflow/.local/lib/python3.12/site-packages/airflow/example_dags/tutorial.py for tasks to queue
[2026-03-04T08:06:29.923+0000] {logging_mixin.py:188} INFO - [2026-03-04T08:06:29.923+0000] {dagbag.py:545} INFO - Filling up the DagBag from /home/airflow/.local/lib/python3.12/site-packages/airflow/example_dags/tutorial.py
[2026-03-04T08:06:29.925+0000] {processor.py:840} INFO - DAG(s) 'tutorial' retrieved from /home/airflow/.local/lib/python3.12/site-packages/airflow/example_dags/tutorial.py
[2026-03-04T08:06:29.935+0000] {logging_mixin.py:188} INFO - [2026-03-04T08:06:29.935+0000] {dag.py:3089} INFO - Sync 1 DAGs
[2026-03-04T08:06:29.944+0000] {logging_mixin.py:188} INFO - [2026-03-04T08:06:29.944+0000] {dag.py:3947} INFO - Setting next_dagrun for tutorial to 2026-03-03 00:00:00+00:00, run_after=2026-03-04 00:00:00+00:00
[2026-03-04T08:06:29.954+0000] {processor.py:183} INFO - Processing /home/airflow/.local/lib/python3.12/site-packages/airflow/example_dags/tutorial.py took 0.035 seconds
[2026-03-04T08:07:00.460+0000] {processor.py:161} INFO - Started process (PID=5038) to work on /home/airflow/.local/lib/python3.12/site-packages/airflow/example_dags/tutorial.py
[2026-03-04T08:07:00.461+0000] {processor.py:830} INFO - Processing file /home/airflow/.local/lib/python3.12/site-packages/airflow/example_dags/tutorial.py for tasks to queue
[2026-03-04T08:07:00.462+0000] {logging_mixin.py:188} INFO - [2026-03-04T08:07:00.462+0000] {dagbag.py:545} INFO - Filling up the DagBag from /home/airflow/.local/lib/python3.12/site-packages/airflow/example_dags/tutorial.py
[2026-03-04T08:07:00.464+0000] {processor.py:840} INFO - DAG(s) 'tutorial' retrieved from /home/airflow/.local/lib/python3.12/site-packages/airflow/example_dags/tutorial.py
[2026-03-04T08:07:00.474+0000] {logging_mixin.py:188} INFO - [2026-03-04T08:07:00.474+0000] {dag.py:3089} INFO - Sync 1 DAGs
[2026-03-04T08:07:00.483+0000] {logging_mixin.py:188} INFO - [2026-03-04T08:07:00.483+0000] {dag.py:3947} INFO - Setting next_dagrun for tutorial to 2026-03-03 00:00:00+00:00, run_after=2026-03-04 00:00:00+00:00
[2026-03-04T08:07:00.491+0000] {processor.py:183} INFO - Processing /home/airflow/.local/lib/python3.12/site-packages/airflow/example_dags/tutorial.py took 0.033 seconds
[2026-03-04T08:07:30.942+0000] {processor.py:161} INFO - Started process (PID=5300) to work on /home/airflow/.local/lib/python3.12/site-packages/airflow/example_dags/tutorial.py
[2026-03-04T08:07:30.942+0000] {processor.py:830} INFO - Processing file /home/airflow/.local/lib/python3.12/site-packages/airflow/example_dags/tutorial.py for tasks to queue
[2026-03-04T08:07:30.943+0000] {logging_mixin.py:188} INFO - [2026-03-04T08:07:30.943+0000] {dagbag.py:545} INFO - Filling up the DagBag from /home/airflow/.local/lib/python3.12/site-packages/airflow/example_dags/tutorial.py
[2026-03-04T08:07:30.945+0000] {processor.py:840} INFO - DAG(s) 'tutorial' retrieved from /home/airflow/.local/lib/python3.12/site-packages/airflow/example_dags/tutorial.py
[2026-03-04T08:07:30.955+0000] {logging_mixin.py:188} INFO - [2026-03-04T08:07:30.955+0000] {dag.py:3089} INFO - Sync 1 DAGs
[2026-03-04T08:07:30.961+0000] {logging_mixin.py:188} INFO - [2026-03-04T08:07:30.961+0000] {dag.py:3947} INFO - Setting next_dagrun for tutorial to 2026-03-03 00:00:00+00:00, run_after=2026-03-04 00:00:00+00:00
[2026-03-04T08:07:30.969+0000] {processor.py:183} INFO - Processing /home/airflow/.local/lib/python3.12/site-packages/airflow/example_dags/tutorial.py took 0.030 seconds
[2026-03-04T08:08:01.583+0000] {processor.py:161} INFO - Started process (PID=5564) to work on /home/airflow/.local/lib/python3.12/site-packages/airflow/example_dags/tutorial.py
[2026-03-04T08:08:01.584+0000] {processor.py:830} INFO - Processing file /home/airflow/.local/lib/python3.12/site-packages/airflow/example_dags/tutorial.py for tasks to queue
[2026-03-04T08:08:01.584+0000] {logging_mixin.py:188} INFO - [2026-03-04T08:08:01.584+0000] {dagbag.py:545} INFO - Filling up the DagBag from /home/airflow/.local/lib/python3.12/site-packages/airflow/example_dags/tutorial.py
[2026-03-04T08:08:01.588+0000] {processor.py:840} INFO - DAG(s) 'tutorial' retrieved from /home/airflow/.local/lib/python3.12/site-packages/airflow/example_dags/tutorial.py
[2026-03-04T08:08:01.598+0000] {logging_mixin.py:188} INFO - [2026-03-04T08:08:01.598+0000] {dag.py:3089} INFO - Sync 1 DAGs
[2026-03-04T08:08:01.608+0000] {logging_mixin.py:188} INFO - [2026-03-04T08:08:01.608+0000] {dag.py:3947} INFO - Setting next_dagrun for tutorial to 2026-03-03 00:00:00+00:00, run_after=2026-03-04 00:00:00+00:00
[2026-03-04T08:08:01.616+0000] {processor.py:183} INFO - Processing /home/airflow/.local/lib/python3.12/site-packages/airflow/example_dags/tutorial.py took 0.035 seconds
[2026-03-04T08:08:32.122+0000] {processor.py:161} INFO - Started process (PID=5824) to work on /home/airflow/.local/lib/python3.12/site-packages/airflow/example_dags/tutorial.py
[2026-03-04T08:08:32.123+0000] {processor.py:830} INFO - Processing file /home/airflow/.local/lib/python3.12/site-packages/airflow/example_dags/tutorial.py for tasks to queue
[2026-03-04T08:08:32.124+0000] {logging_mixin.py:188} INFO - [2026-03-04T08:08:32.124+0000] {dagbag.py:545} INFO - Filling up the DagBag from /home/airflow/.local/lib/python3.12/site-packages/airflow/example_dags/tutorial.py
[2026-03-04T08:08:32.126+0000] {processor.py:840} INFO - DAG(s) 'tutorial' retrieved from /home/airflow/.local/lib/python3.12/site-packages/airflow/example_dags/tutorial.py
[2026-03-04T08:08:32.139+0000] {logging_mixin.py:188} INFO - [2026-03-04T08:08:32.139+0000] {dag.py:3089} INFO - Sync 1 DAGs
[2026-03-04T08:08:32.147+0000] {logging_mixin.py:188} INFO - [2026-03-04T08:08:32.147+0000] {dag.py:3947} INFO - Setting next_dagrun for tutorial to 2026-03-03 00:00:00+00:00, run_after=2026-03-04 00:00:00+00:00
[2026-03-04T08:08:32.157+0000] {processor.py:183} INFO - Processing /home/airflow/.local/lib/python3.12/site-packages/airflow/example_dags/tutorial.py took 0.037 seconds
[2026-03-04T08:09:02.802+0000] {processor.py:161} INFO - Started process (PID=6088) to work on /home/airflow/.local/lib/python3.12/site-packages/airflow/example_dags/tutorial.py
[2026-03-04T08:09:02.802+0000] {processor.py:830} INFO - Processing file /home/airflow/.local/lib/python3.12/site-packages/airflow/example_dags/tutorial.py for tasks to queue
[2026-03-04T08:09:02.804+0000] {logging_mixin.py:188} INFO - [2026-03-04T08:09:02.803+0000] {dagbag.py:545} INFO - Filling up the DagBag from /home/airflow/.local/lib/python3.12/site-packages/airflow/example_dags/tutorial.py
[2026-03-04T08:09:02.806+0000] {processor.py:840} INFO - DAG(s) 'tutorial' retrieved from /home/airflow/.local/lib/python3.12/site-packages/airflow/example_dags/tutorial.py
[2026-03-04T08:09:02.813+0000] {logging_mixin.py:188} INFO - [2026-03-04T08:09:02.813+0000] {dag.py:3089} INFO - Sync 1 DAGs
[2026-03-04T08:09:02.824+0000] {logging_mixin.py:188} INFO - [2026-03-04T08:09:02.824+0000] {dag.py:3947} INFO - Setting next_dagrun for tutorial to 2026-03-03 00:00:00+00:00, run_after=2026-03-04 00:00:00+00:00
[2026-03-04T08:09:02.835+0000] {processor.py:183} INFO - Processing /home/airflow/.local/lib/python3.12/site-packages/airflow/example_dags/tutorial.py took 0.036 seconds
[2026-03-04T08:09:33.353+0000] {processor.py:161} INFO - Started process (PID=6348) to work on /home/airflow/.local/lib/python3.12/site-packages/airflow/example_dags/tutorial.py
[2026-03-04T08:09:33.354+0000] {processor.py:830} INFO - Processing file /home/airflow/.local/lib/python3.12/site-packages/airflow/example_dags/tutorial.py for tasks to queue
[2026-03-04T08:09:33.355+0000] {logging_mixin.py:188} INFO - [2026-03-04T08:09:33.355+0000] {dagbag.py:545} INFO - Filling up the DagBag from /home/airflow/.local/lib/python3.12/site-packages/airflow/example_dags/tutorial.py
[2026-03-04T08:09:33.358+0000] {processor.py:840} INFO - DAG(s) 'tutorial' retrieved from /home/airflow/.local/lib/python3.12/site-packages/airflow/example_dags/tutorial.py
[2026-03-04T08:09:33.367+0000] {logging_mixin.py:188} INFO - [2026-03-04T08:09:33.367+0000] {dag.py:3089} INFO - Sync 1 DAGs
[2026-03-04T08:09:33.376+0000] {logging_mixin.py:188} INFO - [2026-03-04T08:09:33.375+0000] {dag.py:3947} INFO - Setting next_dagrun for tutorial to 2026-03-03 00:00:00+00:00, run_after=2026-03-04 00:00:00+00:00
[2026-03-04T08:09:33.388+0000] {processor.py:183} INFO - Processing /home/airflow/.local/lib/python3.12/site-packages/airflow/example_dags/tutorial.py took 0.038 seconds
[2026-03-04T08:10:03.948+0000] {processor.py:161} INFO - Started process (PID=6612) to work on /home/airflow/.local/lib/python3.12/site-packages/airflow/example_dags/tutorial.py
[2026-03-04T08:10:03.948+0000] {processor.py:830} INFO - Processing file /home/airflow/.local/lib/python3.12/site-packages/airflow/example_dags/tutorial.py for tasks to queue
[2026-03-04T08:10:03.949+0000] {logging_mixin.py:188} INFO - [2026-03-04T08:10:03.949+0000] {dagbag.py:545} INFO - Filling up the DagBag from /home/airflow/.local/lib/python3.12/site-packages/airflow/example_dags/tutorial.py
[2026-03-04T08:10:03.951+0000] {processor.py:840} INFO - DAG(s) 'tutorial' retrieved from /home/airflow/.local/lib/python3.12/site-packages/airflow/example_dags/tutorial.py
[2026-03-04T08:10:03.961+0000] {logging_mixin.py:188} INFO - [2026-03-04T08:10:03.961+0000] {dag.py:3089} INFO - Sync 1 DAGs
[2026-03-04T08:10:03.968+0000] {logging_mixin.py:188} INFO - [2026-03-04T08:10:03.968+0000] {dag.py:3947} INFO - Setting next_dagrun for tutorial to 2026-03-03 00:00:00+00:00, run_after=2026-03-04 00:00:00+00:00
[2026-03-04T08:10:03.978+0000] {processor.py:183} INFO - Processing /home/airflow/.local/lib/python3.12/site-packages/airflow/example_dags/tutorial.py took 0.033 seconds
[2026-03-04T08:10:34.441+0000] {processor.py:161} INFO - Started process (PID=6875) to work on /home/airflow/.local/lib/python3.12/site-packages/airflow/example_dags/tutorial.py
[2026-03-04T08:10:34.442+0000] {processor.py:830} INFO - Processing file /home/airflow/.local/lib/python3.12/site-packages/airflow/example_dags/tutorial.py for tasks to queue
[2026-03-04T08:10:34.443+0000] {logging_mixin.py:188} INFO - [2026-03-04T08:10:34.443+0000] {dagbag.py:545} INFO - Filling up the DagBag from /home/airflow/.local/lib/python3.12/site-packages/airflow/example_dags/tutorial.py
[2026-03-04T08:10:34.445+0000] {processor.py:840} INFO - DAG(s) 'tutorial' retrieved from /home/airflow/.local/lib/python3.12/site-packages/airflow/example_dags/tutorial.py
[2026-03-04T08:10:34.455+0000] {logging_mixin.py:188} INFO - [2026-03-04T08:10:34.455+0000] {dag.py:3089} INFO - Sync 1 DAGs
[2026-03-04T08:10:34.465+0000] {logging_mixin.py:188} INFO - [2026-03-04T08:10:34.465+0000] {dag.py:3947} INFO - Setting next_dagrun for tutorial to 2026-03-03 00:00:00+00:00, run_after=2026-03-04 00:00:00+00:00
[2026-03-04T08:10:34.473+0000] {processor.py:183} INFO - Processing /home/airflow/.local/lib/python3.12/site-packages/airflow/example_dags/tutorial.py took 0.034 seconds
[2026-03-04T08:11:05.149+0000] {processor.py:161} INFO - Started process (PID=7137) to work on /home/airflow/.local/lib/python3.12/site-packages/airflow/example_dags/tutorial.py
[2026-03-04T08:11:05.149+0000] {processor.py:830} INFO - Processing file /home/airflow/.local/lib/python3.12/site-packages/airflow/example_dags/tutorial.py for tasks to queue
[2026-03-04T08:11:05.151+0000] {logging_mixin.py:188} INFO - [2026-03-04T08:11:05.151+0000] {dagbag.py:545} INFO - Filling up the DagBag from /home/airflow/.local/lib/python3.12/site-packages/airflow/example_dags/tutorial.py
[2026-03-04T08:11:05.155+0000] {processor.py:840} INFO - DAG(s) 'tutorial' retrieved from /home/airflow/.local/lib/python3.12/site-packages/airflow/example_dags/tutorial.py
[2026-03-04T08:11:05.168+0000] {logging_mixin.py:188} INFO - [2026-03-04T08:11:05.168+0000] {dag.py:3089} INFO - Sync 1 DAGs
[2026-03-04T08:11:05.178+0000] {logging_mixin.py:188} INFO - [2026-03-04T08:11:05.178+0000] {dag.py:3947} INFO - Setting next_dagrun for tutorial to 2026-03-03 00:00:00+00:00, run_after=2026-03-04 00:00:00+00:00
[2026-03-04T08:11:05.185+0000] {processor.py:183} INFO - Processing /home/airflow/.local/lib/python3.12/site-packages/airflow/example_dags/tutorial.py took 0.038 seconds
[2026-03-04T08:11:35.742+0000] {processor.py:161} INFO - Started process (PID=7399) to work on /home/airflow/.local/lib/python3.12/site-packages/airflow/example_dags/tutorial.py
[2026-03-04T08:11:35.743+0000] {processor.py:830} INFO - Processing file /home/airflow/.local/lib/python3.12/site-packages/airflow/example_dags/tutorial.py for tasks to queue
[2026-03-04T08:11:35.744+0000] {logging_mixin.py:188} INFO - [2026-03-04T08:11:35.744+0000] {dagbag.py:545} INFO - Filling up the DagBag from /home/airflow/.local/lib/python3.12/site-packages/airflow/example_dags/tutorial.py
[2026-03-04T08:11:35.746+0000] {processor.py:840} INFO - DAG(s) 'tutorial' retrieved from /home/airflow/.local/lib/python3.12/site-packages/airflow/example_dags/tutorial.py
[2026-03-04T08:11:35.754+0000] {logging_mixin.py:188} INFO - [2026-03-04T08:11:35.754+0000] {dag.py:3089} INFO - Sync 1 DAGs
[2026-03-04T08:11:35.762+0000] {logging_mixin.py:188} INFO - [2026-03-04T08:11:35.762+0000] {dag.py:3947} INFO - Setting next_dagrun for tutorial to 2026-03-03 00:00:00+00:00, run_after=2026-03-04 00:00:00+00:00
[2026-03-04T08:11:35.771+0000] {processor.py:183} INFO - Processing /home/airflow/.local/lib/python3.12/site-packages/airflow/example_dags/tutorial.py took 0.031 seconds
[2026-03-04T08:12:06.238+0000] {processor.py:161} INFO - Started process (PID=7661) to work on /home/airflow/.local/lib/python3.12/site-packages/airflow/example_dags/tutorial.py
[2026-03-04T08:12:06.239+0000] {processor.py:830} INFO - Processing file /home/airflow/.local/lib/python3.12/site-packages/airflow/example_dags/tutorial.py for tasks to queue
[2026-03-04T08:12:06.239+0000] {logging_mixin.py:188} INFO - [2026-03-04T08:12:06.239+0000] {dagbag.py:545} INFO - Filling up the DagBag from /home/airflow/.local/lib/python3.12/site-packages/airflow/example_dags/tutorial.py
[2026-03-04T08:12:06.243+0000] {processor.py:840} INFO - DAG(s) 'tutorial' retrieved from /home/airflow/.local/lib/python3.12/site-packages/airflow/example_dags/tutorial.py
[2026-03-04T08:12:06.250+0000] {logging_mixin.py:188} INFO - [2026-03-04T08:12:06.250+0000] {dag.py:3089} INFO - Sync 1 DAGs
[2026-03-04T08:12:06.257+0000] {logging_mixin.py:188} INFO - [2026-03-04T08:12:06.257+0000] {dag.py:3947} INFO - Setting next_dagrun for tutorial to 2026-03-03 00:00:00+00:00, run_after=2026-03-04 00:00:00+00:00
[2026-03-04T08:12:06.263+0000] {processor.py:183} INFO - Processing /home/airflow/.local/lib/python3.12/site-packages/airflow/example_dags/tutorial.py took 0.027 seconds
[2026-03-04T08:12:36.846+0000] {processor.py:161} INFO - Started process (PID=7923) to work on /home/airflow/.local/lib/python3.12/site-packages/airflow/example_dags/tutorial.py
[2026-03-04T08:12:36.846+0000] {processor.py:830} INFO - Processing file /home/airflow/.local/lib/python3.12/site-packages/airflow/example_dags/tutorial.py for tasks to queue
[2026-03-04T08:12:36.847+0000] {logging_mixin.py:188} INFO - [2026-03-04T08:12:36.847+0000] {dagbag.py:545} INFO - Filling up the DagBag from /home/airflow/.local/lib/python3.12/site-packages/airflow/example_dags/tutorial.py
[2026-03-04T08:12:36.849+0000] {processor.py:840} INFO - DAG(s) 'tutorial' retrieved from /home/airflow/.local/lib/python3.12/site-packages/airflow/example_dags/tutorial.py
[2026-03-04T08:12:36.857+0000] {logging_mixin.py:188} INFO - [2026-03-04T08:12:36.857+0000] {dag.py:3089} INFO - Sync 1 DAGs
[2026-03-04T08:12:36.864+0000] {logging_mixin.py:188} INFO - [2026-03-04T08:12:36.864+0000] {dag.py:3947} INFO - Setting next_dagrun for tutorial to 2026-03-03 00:00:00+00:00, run_after=2026-03-04 00:00:00+00:00
[2026-03-04T08:12:36.879+0000] {processor.py:183} INFO - Processing /home/airflow/.local/lib/python3.12/site-packages/airflow/example_dags/tutorial.py took 0.035 seconds
[2026-03-04T08:13:07.370+0000] {processor.py:161} INFO - Started process (PID=8187) to work on /home/airflow/.local/lib/python3.12/site-packages/airflow/example_dags/tutorial.py
[2026-03-04T08:13:07.371+0000] {processor.py:830} INFO - Processing file /home/airflow/.local/lib/python3.12/site-packages/airflow/example_dags/tutorial.py for tasks to queue
[2026-03-04T08:13:07.372+0000] {logging_mixin.py:188} INFO - [2026-03-04T08:13:07.372+0000] {dagbag.py:545} INFO - Filling up the DagBag from /home/airflow/.local/lib/python3.12/site-packages/airflow/example_dags/tutorial.py
[2026-03-04T08:13:07.374+0000] {processor.py:840} INFO - DAG(s) 'tutorial' retrieved from /home/airflow/.local/lib/python3.12/site-packages/airflow/example_dags/tutorial.py
[2026-03-04T08:13:07.385+0000] {logging_mixin.py:188} INFO - [2026-03-04T08:13:07.385+0000] {dag.py:3089} INFO - Sync 1 DAGs
[2026-03-04T08:13:07.393+0000] {logging_mixin.py:188} INFO - [2026-03-04T08:13:07.393+0000] {dag.py:3947} INFO - Setting next_dagrun for tutorial to 2026-03-03 00:00:00+00:00, run_after=2026-03-04 00:00:00+00:00
[2026-03-04T08:13:07.404+0000] {processor.py:183} INFO - Processing /home/airflow/.local/lib/python3.12/site-packages/airflow/example_dags/tutorial.py took 0.035 seconds
[2026-03-04T08:13:37.924+0000] {processor.py:161} INFO - Started process (PID=8449) to work on /home/airflow/.local/lib/python3.12/site-packages/airflow/example_dags/tutorial.py
[2026-03-04T08:13:37.924+0000] {processor.py:830} INFO - Processing file /home/airflow/.local/lib/python3.12/site-packages/airflow/example_dags/tutorial.py for tasks to queue
[2026-03-04T08:13:37.925+0000] {logging_mixin.py:188} INFO - [2026-03-04T08:13:37.925+0000] {dagbag.py:545} INFO - Filling up the DagBag from /home/airflow/.local/lib/python3.12/site-packages/airflow/example_dags/tutorial.py
[2026-03-04T08:13:37.927+0000] {processor.py:840} INFO - DAG(s) 'tutorial' retrieved from /home/airflow/.local/lib/python3.12/site-packages/airflow/example_dags/tutorial.py
[2026-03-04T08:13:37.936+0000] {logging_mixin.py:188} INFO - [2026-03-04T08:13:37.936+0000] {dag.py:3089} INFO - Sync 1 DAGs
[2026-03-04T08:13:37.945+0000] {logging_mixin.py:188} INFO - [2026-03-04T08:13:37.944+0000] {dag.py:3947} INFO - Setting next_dagrun for tutorial to 2026-03-03 00:00:00+00:00, run_after=2026-03-04 00:00:00+00:00
[2026-03-04T08:13:37.956+0000] {processor.py:183} INFO - Processing /home/airflow/.local/lib/python3.12/site-packages/airflow/example_dags/tutorial.py took 0.035 seconds
[2026-03-04T08:14:08.424+0000] {processor.py:161} INFO - Started process (PID=8709) to work on /home/airflow/.local/lib/python3.12/site-packages/airflow/example_dags/tutorial.py
[2026-03-04T08:14:08.424+0000] {processor.py:830} INFO - Processing file /home/airflow/.local/lib/python3.12/site-packages/airflow/example_dags/tutorial.py for tasks to queue
[2026-03-04T08:14:08.425+0000] {logging_mixin.py:188} INFO - [2026-03-04T08:14:08.425+0000] {dagbag.py:545} INFO - Filling up the DagBag from /home/airflow/.local/lib/python3.12/site-packages/airflow/example_dags/tutorial.py
[2026-03-04T08:14:08.427+0000] {processor.py:840} INFO - DAG(s) 'tutorial' retrieved from /home/airflow/.local/lib/python3.12/site-packages/airflow/example_dags/tutorial.py
[2026-03-04T08:14:08.434+0000] {logging_mixin.py:188} INFO - [2026-03-04T08:14:08.434+0000] {dag.py:3089} INFO - Sync 1 DAGs
[2026-03-04T08:14:08.444+0000] {logging_mixin.py:188} INFO - [2026-03-04T08:14:08.444+0000] {dag.py:3947} INFO - Setting next_dagrun for tutorial to 2026-03-03 00:00:00+00:00, run_after=2026-03-04 00:00:00+00:00
[2026-03-04T08:14:08.455+0000] {processor.py:183} INFO - Processing /home/airflow/.local/lib/python3.12/site-packages/airflow/example_dags/tutorial.py took 0.033 seconds
[2026-03-04T08:14:38.981+0000] {processor.py:161} INFO - Started process (PID=8971) to work on /home/airflow/.local/lib/python3.12/site-packages/airflow/example_dags/tutorial.py
[2026-03-04T08:14:38.983+0000] {processor.py:830} INFO - Processing file /home/airflow/.local/lib/python3.12/site-packages/airflow/example_dags/tutorial.py for tasks to queue
[2026-03-04T08:14:38.983+0000] {logging_mixin.py:188} INFO - [2026-03-04T08:14:38.983+0000] {dagbag.py:545} INFO - Filling up the DagBag from /home/airflow/.local/lib/python3.12/site-packages/airflow/example_dags/tutorial.py
[2026-03-04T08:14:38.985+0000] {processor.py:840} INFO - DAG(s) 'tutorial' retrieved from /home/airflow/.local/lib/python3.12/site-packages/airflow/example_dags/tutorial.py
[2026-03-04T08:14:38.993+0000] {logging_mixin.py:188} INFO - [2026-03-04T08:14:38.993+0000] {dag.py:3089} INFO - Sync 1 DAGs
[2026-03-04T08:14:39.000+0000] {logging_mixin.py:188} INFO - [2026-03-04T08:14:39.000+0000] {dag.py:3947} INFO - Setting next_dagrun for tutorial to 2026-03-03 00:00:00+00:00, run_after=2026-03-04 00:00:00+00:00
[2026-03-04T08:14:39.008+0000] {processor.py:183} INFO - Processing /home/airflow/.local/lib/python3.12/site-packages/airflow/example_dags/tutorial.py took 0.029 seconds
[2026-03-04T08:15:09.517+0000] {processor.py:161} INFO - Started process (PID=9237) to work on /home/airflow/.local/lib/python3.12/site-packages/airflow/example_dags/tutorial.py
[2026-03-04T08:15:09.518+0000] {processor.py:830} INFO - Processing file /home/airflow/.local/lib/python3.12/site-packages/airflow/example_dags/tutorial.py for tasks to queue
[2026-03-04T08:15:09.520+0000] {logging_mixin.py:188} INFO - [2026-03-04T08:15:09.519+0000] {dagbag.py:545} INFO - Filling up the DagBag from /home/airflow/.local/lib/python3.12/site-packages/airflow/example_dags/tutorial.py
[2026-03-04T08:15:09.525+0000] {processor.py:840} INFO - DAG(s) 'tutorial' retrieved from /home/airflow/.local/lib/python3.12/site-packages/airflow/example_dags/tutorial.py
[2026-03-04T08:15:09.539+0000] {logging_mixin.py:188} INFO - [2026-03-04T08:15:09.539+0000] {dag.py:3089} INFO - Sync 1 DAGs
[2026-03-04T08:15:09.553+0000] {logging_mixin.py:188} INFO - [2026-03-04T08:15:09.553+0000] {dag.py:3947} INFO - Setting next_dagrun for tutorial to 2026-03-03 00:00:00+00:00, run_after=2026-03-04 00:00:00+00:00
[2026-03-04T08:15:09.561+0000] {processor.py:183} INFO - Processing /home/airflow/.local/lib/python3.12/site-packages/airflow/example_dags/tutorial.py took 0.049 seconds
[2026-03-04T08:15:40.101+0000] {processor.py:161} INFO - Started process (PID=9503) to work on /home/airflow/.local/lib/python3.12/site-packages/airflow/example_dags/tutorial.py
[2026-03-04T08:15:40.102+0000] {processor.py:830} INFO - Processing file /home/airflow/.local/lib/python3.12/site-packages/airflow/example_dags/tutorial.py for tasks to queue
[2026-03-04T08:15:40.102+0000] {logging_mixin.py:188} INFO - [2026-03-04T08:15:40.102+0000] {dagbag.py:545} INFO - Filling up the DagBag from /home/airflow/.local/lib/python3.12/site-packages/airflow/example_dags/tutorial.py
[2026-03-04T08:15:40.105+0000] {processor.py:840} INFO - DAG(s) 'tutorial' retrieved from /home/airflow/.local/lib/python3.12/site-packages/airflow/example_dags/tutorial.py
[2026-03-04T08:15:40.112+0000] {logging_mixin.py:188} INFO - [2026-03-04T08:15:40.111+0000] {dag.py:3089} INFO - Sync 1 DAGs
[2026-03-04T08:15:40.119+0000] {logging_mixin.py:188} INFO - [2026-03-04T08:15:40.118+0000] {dag.py:3947} INFO - Setting next_dagrun for tutorial to 2026-03-03 00:00:00+00:00, run_after=2026-03-04 00:00:00+00:00
[2026-03-04T08:15:40.125+0000] {processor.py:183} INFO - Processing /home/airflow/.local/lib/python3.12/site-packages/airflow/example_dags/tutorial.py took 0.027 seconds
[2026-03-04T08:16:10.740+0000] {processor.py:161} INFO - Started process (PID=9765) to work on /home/airflow/.local/lib/python3.12/site-packages/airflow/example_dags/tutorial.py
[2026-03-04T08:16:10.740+0000] {processor.py:830} INFO - Processing file /home/airflow/.local/lib/python3.12/site-packages/airflow/example_dags/tutorial.py for tasks to queue
[2026-03-04T08:16:10.741+0000] {logging_mixin.py:188} INFO - [2026-03-04T08:16:10.741+0000] {dagbag.py:545} INFO - Filling up the DagBag from /home/airflow/.local/lib/python3.12/site-packages/airflow/example_dags/tutorial.py
[2026-03-04T08:16:10.743+0000] {processor.py:840} INFO - DAG(s) 'tutorial' retrieved from /home/airflow/.local/lib/python3.12/site-packages/airflow/example_dags/tutorial.py
[2026-03-04T08:16:10.753+0000] {logging_mixin.py:188} INFO - [2026-03-04T08:16:10.752+0000] {dag.py:3089} INFO - Sync 1 DAGs
[2026-03-04T08:16:10.760+0000] {logging_mixin.py:188} INFO - [2026-03-04T08:16:10.760+0000] {dag.py:3947} INFO - Setting next_dagrun for tutorial to 2026-03-03 00:00:00+00:00, run_after=2026-03-04 00:00:00+00:00
[2026-03-04T08:16:10.773+0000] {processor.py:183} INFO - Processing /home/airflow/.local/lib/python3.12/site-packages/airflow/example_dags/tutorial.py took 0.036 seconds
[2026-03-04T08:16:41.340+0000] {processor.py:161} INFO - Started process (PID=10027) to work on /home/airflow/.local/lib/python3.12/site-packages/airflow/example_dags/tutorial.py
[2026-03-04T08:16:41.341+0000] {processor.py:830} INFO - Processing file /home/airflow/.local/lib/python3.12/site-packages/airflow/example_dags/tutorial.py for tasks to queue
[2026-03-04T08:16:41.342+0000] {logging_mixin.py:188} INFO - [2026-03-04T08:16:41.342+0000] {dagbag.py:545} INFO - Filling up the DagBag from /home/airflow/.local/lib/python3.12/site-packages/airflow/example_dags/tutorial.py
[2026-03-04T08:16:41.344+0000] {processor.py:840} INFO - DAG(s) 'tutorial' retrieved from /home/airflow/.local/lib/python3.12/site-packages/airflow/example_dags/tutorial.py
[2026-03-04T08:16:41.352+0000] {logging_mixin.py:188} INFO - [2026-03-04T08:16:41.352+0000] {dag.py:3089} INFO - Sync 1 DAGs
[2026-03-04T08:16:41.360+0000] {logging_mixin.py:188} INFO - [2026-03-04T08:16:41.360+0000] {dag.py:3947} INFO - Setting next_dagrun for tutorial to 2026-03-03 00:00:00+00:00, run_after=2026-03-04 00:00:00+00:00
[2026-03-04T08:16:41.368+0000] {processor.py:183} INFO - Processing /home/airflow/.local/lib/python3.12/site-packages/airflow/example_dags/tutorial.py took 0.031 seconds
[2026-03-04T08:17:12.405+0000] {processor.py:161} INFO - Started process (PID=10289) to work on /home/airflow/.local/lib/python3.12/site-packages/airflow/example_dags/tutorial.py
[2026-03-04T08:17:12.405+0000] {processor.py:830} INFO - Processing file /home/airflow/.local/lib/python3.12/site-packages/airflow/example_dags/tutorial.py for tasks to queue
[2026-03-04T08:17:12.406+0000] {logging_mixin.py:188} INFO - [2026-03-04T08:17:12.406+0000] {dagbag.py:545} INFO - Filling up the DagBag from /home/airflow/.local/lib/python3.12/site-packages/airflow/example_dags/tutorial.py
[2026-03-04T08:17:12.408+0000] {processor.py:840} INFO - DAG(s) 'tutorial' retrieved from /home/airflow/.local/lib/python3.12/site-packages/airflow/example_dags/tutorial.py
[2026-03-04T08:17:12.416+0000] {logging_mixin.py:188} INFO - [2026-03-04T08:17:12.416+0000] {dag.py:3089} INFO - Sync 1 DAGs
[2026-03-04T08:17:12.423+0000] {logging_mixin.py:188} INFO - [2026-03-04T08:17:12.423+0000] {dag.py:3947} INFO - Setting next_dagrun for tutorial to 2026-03-03 00:00:00+00:00, run_after=2026-03-04 00:00:00+00:00
[2026-03-04T08:17:12.434+0000] {processor.py:183} INFO - Processing /home/airflow/.local/lib/python3.12/site-packages/airflow/example_dags/tutorial.py took 0.032 seconds
[2026-03-04T08:17:43.448+0000] {processor.py:161} INFO - Started process (PID=10551) to work on /home/airflow/.local/lib/python3.12/site-packages/airflow/example_dags/tutorial.py
[2026-03-04T08:17:43.448+0000] {processor.py:830} INFO - Processing file /home/airflow/.local/lib/python3.12/site-packages/airflow/example_dags/tutorial.py for tasks to queue
[2026-03-04T08:17:43.449+0000] {logging_mixin.py:188} INFO - [2026-03-04T08:17:43.449+0000] {dagbag.py:545} INFO - Filling up the DagBag from /home/airflow/.local/lib/python3.12/site-packages/airflow/example_dags/tutorial.py
[2026-03-04T08:17:43.451+0000] {processor.py:840} INFO - DAG(s) 'tutorial' retrieved from /home/airflow/.local/lib/python3.12/site-packages/airflow/example_dags/tutorial.py
[2026-03-04T08:17:43.527+0000] {logging_mixin.py:188} INFO - [2026-03-04T08:17:43.527+0000] {dag.py:3089} INFO - Sync 1 DAGs
[2026-03-04T08:17:43.534+0000] {logging_mixin.py:188} INFO - [2026-03-04T08:17:43.533+0000] {dag.py:3947} INFO - Setting next_dagrun for tutorial to 2026-03-03 00:00:00+00:00, run_after=2026-03-04 00:00:00+00:00
[2026-03-04T08:17:43.539+0000] {processor.py:183} INFO - Processing /home/airflow/.local/lib/python3.12/site-packages/airflow/example_dags/tutorial.py took 0.093 seconds
[2026-03-04T08:18:14.657+0000] {processor.py:161} INFO - Started process (PID=10815) to work on /home/airflow/.local/lib/python3.12/site-packages/airflow/example_dags/tutorial.py
[2026-03-04T08:18:14.658+0000] {processor.py:830} INFO - Processing file /home/airflow/.local/lib/python3.12/site-packages/airflow/example_dags/tutorial.py for tasks to queue
[2026-03-04T08:18:14.658+0000] {logging_mixin.py:188} INFO - [2026-03-04T08:18:14.658+0000] {dagbag.py:545} INFO - Filling up the DagBag from /home/airflow/.local/lib/python3.12/site-packages/airflow/example_dags/tutorial.py
[2026-03-04T08:18:14.660+0000] {processor.py:840} INFO - DAG(s) 'tutorial' retrieved from /home/airflow/.local/lib/python3.12/site-packages/airflow/example_dags/tutorial.py
[2026-03-04T08:18:14.667+0000] {logging_mixin.py:188} INFO - [2026-03-04T08:18:14.667+0000] {dag.py:3089} INFO - Sync 1 DAGs
[2026-03-04T08:18:14.724+0000] {logging_mixin.py:188} INFO - [2026-03-04T08:18:14.724+0000] {dag.py:3947} INFO - Setting next_dagrun for tutorial to 2026-03-03 00:00:00+00:00, run_after=2026-03-04 00:00:00+00:00
[2026-03-04T08:18:14.729+0000] {processor.py:183} INFO - Processing /home/airflow/.local/lib/python3.12/site-packages/airflow/example_dags/tutorial.py took 0.074 seconds
[2026-03-04T08:18:44.874+0000] {processor.py:161} INFO - Started process (PID=11075) to work on /home/airflow/.local/lib/python3.12/site-packages/airflow/example_dags/tutorial.py
[2026-03-04T08:18:44.875+0000] {processor.py:830} INFO - Processing file /home/airflow/.local/lib/python3.12/site-packages/airflow/example_dags/tutorial.py for tasks to queue
[2026-03-04T08:18:44.875+0000] {logging_mixin.py:188} INFO - [2026-03-04T08:18:44.875+0000] {dagbag.py:545} INFO - Filling up the DagBag from /home/airflow/.local/lib/python3.12/site-packages/airflow/example_dags/tutorial.py
[2026-03-04T08:18:44.877+0000] {processor.py:840} INFO - DAG(s) 'tutorial' retrieved from /home/airflow/.local/lib/python3.12/site-packages/airflow/example_dags/tutorial.py
[2026-03-04T08:18:44.885+0000] {logging_mixin.py:188} INFO - [2026-03-04T08:18:44.885+0000] {dag.py:3089} INFO - Sync 1 DAGs
[2026-03-04T08:18:44.895+0000] {logging_mixin.py:188} INFO - [2026-03-04T08:18:44.894+0000] {dag.py:3947} INFO - Setting next_dagrun for tutorial to 2026-03-03 00:00:00+00:00, run_after=2026-03-04 00:00:00+00:00
[2026-03-04T08:18:44.900+0000] {processor.py:183} INFO - Processing /home/airflow/.local/lib/python3.12/site-packages/airflow/example_dags/tutorial.py took 0.029 seconds
[2026-03-04T08:19:15.494+0000] {processor.py:161} INFO - Started process (PID=11337) to work on /home/airflow/.local/lib/python3.12/site-packages/airflow/example_dags/tutorial.py
[2026-03-04T08:19:15.495+0000] {processor.py:830} INFO - Processing file /home/airflow/.local/lib/python3.12/site-packages/airflow/example_dags/tutorial.py for tasks to queue
[2026-03-04T08:19:15.495+0000] {logging_mixin.py:188} INFO - [2026-03-04T08:19:15.495+0000] {dagbag.py:545} INFO - Filling up the DagBag from /home/airflow/.local/lib/python3.12/site-packages/airflow/example_dags/tutorial.py
[2026-03-04T08:19:15.498+0000] {processor.py:840} INFO - DAG(s) 'tutorial' retrieved from /home/airflow/.local/lib/python3.12/site-packages/airflow/example_dags/tutorial.py
[2026-03-04T08:19:15.510+0000] {logging_mixin.py:188} INFO - [2026-03-04T08:19:15.510+0000] {dag.py:3089} INFO - Sync 1 DAGs
[2026-03-04T08:19:15.519+0000] {logging_mixin.py:188} INFO - [2026-03-04T08:19:15.519+0000] {dag.py:3947} INFO - Setting next_dagrun for tutorial to 2026-03-03 00:00:00+00:00, run_after=2026-03-04 00:00:00+00:00
[2026-03-04T08:19:15.527+0000] {processor.py:183} INFO - Processing /home/airflow/.local/lib/python3.12/site-packages/airflow/example_dags/tutorial.py took 0.036 seconds
[2026-03-04T08:19:46.068+0000] {processor.py:161} INFO - Started process (PID=11599) to work on /home/airflow/.local/lib/python3.12/site-packages/airflow/example_dags/tutorial.py
[2026-03-04T08:19:46.070+0000] {processor.py:830} INFO - Processing file /home/airflow/.local/lib/python3.12/site-packages/airflow/example_dags/tutorial.py for tasks to queue
[2026-03-04T08:19:46.070+0000] {logging_mixin.py:188} INFO - [2026-03-04T08:19:46.070+0000] {dagbag.py:545} INFO - Filling up the DagBag from /home/airflow/.local/lib/python3.12/site-packages/airflow/example_dags/tutorial.py
[2026-03-04T08:19:46.072+0000] {processor.py:840} INFO - DAG(s) 'tutorial' retrieved from /home/airflow/.local/lib/python3.12/site-packages/airflow/example_dags/tutorial.py
[2026-03-04T08:19:46.081+0000] {logging_mixin.py:188} INFO - [2026-03-04T08:19:46.081+0000] {dag.py:3089} INFO - Sync 1 DAGs
[2026-03-04T08:19:46.089+0000] {logging_mixin.py:188} INFO - [2026-03-04T08:19:46.089+0000] {dag.py:3947} INFO - Setting next_dagrun for tutorial to 2026-03-03 00:00:00+00:00, run_after=2026-03-04 00:00:00+00:00
[2026-03-04T08:19:46.103+0000] {processor.py:183} INFO - Processing /home/airflow/.local/lib/python3.12/site-packages/airflow/example_dags/tutorial.py took 0.037 seconds
[2026-03-04T08:20:16.662+0000] {processor.py:161} INFO - Started process (PID=11863) to work on /home/airflow/.local/lib/python3.12/site-packages/airflow/example_dags/tutorial.py
[2026-03-04T08:20:16.663+0000] {processor.py:830} INFO - Processing file /home/airflow/.local/lib/python3.12/site-packages/airflow/example_dags/tutorial.py for tasks to queue
[2026-03-04T08:20:16.664+0000] {logging_mixin.py:188} INFO - [2026-03-04T08:20:16.664+0000] {dagbag.py:545} INFO - Filling up the DagBag from /home/airflow/.local/lib/python3.12/site-packages/airflow/example_dags/tutorial.py
[2026-03-04T08:20:16.666+0000] {processor.py:840} INFO - DAG(s) 'tutorial' retrieved from /home/airflow/.local/lib/python3.12/site-packages/airflow/example_dags/tutorial.py
[2026-03-04T08:20:16.678+0000] {logging_mixin.py:188} INFO - [2026-03-04T08:20:16.678+0000] {dag.py:3089} INFO - Sync 1 DAGs
[2026-03-04T08:20:16.686+0000] {logging_mixin.py:188} INFO - [2026-03-04T08:20:16.686+0000] {dag.py:3947} INFO - Setting next_dagrun for tutorial to 2026-03-03 00:00:00+00:00, run_after=2026-03-04 00:00:00+00:00
[2026-03-04T08:20:16.696+0000] {processor.py:183} INFO - Processing /home/airflow/.local/lib/python3.12/site-packages/airflow/example_dags/tutorial.py took 0.036 seconds
[2026-03-04T08:37:21.373+0000] {processor.py:161} INFO - Started process (PID=12123) to work on /home/airflow/.local/lib/python3.12/site-packages/airflow/example_dags/tutorial.py
[2026-03-04T08:37:21.377+0000] {processor.py:830} INFO - Processing file /home/airflow/.local/lib/python3.12/site-packages/airflow/example_dags/tutorial.py for tasks to queue
[2026-03-04T08:37:21.378+0000] {logging_mixin.py:188} INFO - [2026-03-04T08:37:21.378+0000] {dagbag.py:545} INFO - Filling up the DagBag from /home/airflow/.local/lib/python3.12/site-packages/airflow/example_dags/tutorial.py
[2026-03-04T08:37:21.383+0000] {processor.py:840} INFO - DAG(s) 'tutorial' retrieved from /home/airflow/.local/lib/python3.12/site-packages/airflow/example_dags/tutorial.py
[2026-03-04T08:37:21.398+0000] {logging_mixin.py:188} INFO - [2026-03-04T08:37:21.398+0000] {dag.py:3089} INFO - Sync 1 DAGs
[2026-03-04T08:37:21.425+0000] {logging_mixin.py:188} INFO - [2026-03-04T08:37:21.424+0000] {dag.py:3947} INFO - Setting next_dagrun for tutorial to 2026-03-03 00:00:00+00:00, run_after=2026-03-04 00:00:00+00:00
[2026-03-04T08:37:21.459+0000] {processor.py:183} INFO - Processing /home/airflow/.local/lib/python3.12/site-packages/airflow/example_dags/tutorial.py took 0.089 seconds
[2026-03-04T08:46:11.663+0000] {processor.py:161} INFO - Started process (PID=12385) to work on /home/airflow/.local/lib/python3.12/site-packages/airflow/example_dags/tutorial.py
[2026-03-04T08:46:11.664+0000] {processor.py:830} INFO - Processing file /home/airflow/.local/lib/python3.12/site-packages/airflow/example_dags/tutorial.py for tasks to queue
[2026-03-04T08:46:11.664+0000] {logging_mixin.py:188} INFO - [2026-03-04T08:46:11.664+0000] {dagbag.py:545} INFO - Filling up the DagBag from /home/airflow/.local/lib/python3.12/site-packages/airflow/example_dags/tutorial.py
[2026-03-04T08:46:11.667+0000] {processor.py:840} INFO - DAG(s) 'tutorial' retrieved from /home/airflow/.local/lib/python3.12/site-packages/airflow/example_dags/tutorial.py
[2026-03-04T08:46:11.674+0000] {logging_mixin.py:188} INFO - [2026-03-04T08:46:11.674+0000] {dag.py:3089} INFO - Sync 1 DAGs
[2026-03-04T08:46:11.685+0000] {logging_mixin.py:188} INFO - [2026-03-04T08:46:11.685+0000] {dag.py:3947} INFO - Setting next_dagrun for tutorial to 2026-03-03 00:00:00+00:00, run_after=2026-03-04 00:00:00+00:00
[2026-03-04T08:46:11.694+0000] {processor.py:183} INFO - Processing /home/airflow/.local/lib/python3.12/site-packages/airflow/example_dags/tutorial.py took 0.033 seconds
[2026-03-04T08:46:42.290+0000] {processor.py:161} INFO - Started process (PID=12647) to work on /home/airflow/.local/lib/python3.12/site-packages/airflow/example_dags/tutorial.py
[2026-03-04T08:46:42.290+0000] {processor.py:830} INFO - Processing file /home/airflow/.local/lib/python3.12/site-packages/airflow/example_dags/tutorial.py for tasks to queue
[2026-03-04T08:46:42.291+0000] {logging_mixin.py:188} INFO - [2026-03-04T08:46:42.291+0000] {dagbag.py:545} INFO - Filling up the DagBag from /home/airflow/.local/lib/python3.12/site-packages/airflow/example_dags/tutorial.py
[2026-03-04T08:46:42.293+0000] {processor.py:840} INFO - DAG(s) 'tutorial' retrieved from /home/airflow/.local/lib/python3.12/site-packages/airflow/example_dags/tutorial.py
[2026-03-04T08:46:42.300+0000] {logging_mixin.py:188} INFO - [2026-03-04T08:46:42.300+0000] {dag.py:3089} INFO - Sync 1 DAGs
[2026-03-04T08:46:42.307+0000] {logging_mixin.py:188} INFO - [2026-03-04T08:46:42.307+0000] {dag.py:3947} INFO - Setting next_dagrun for tutorial to 2026-03-03 00:00:00+00:00, run_after=2026-03-04 00:00:00+00:00
[2026-03-04T08:46:42.315+0000] {processor.py:183} INFO - Processing /home/airflow/.local/lib/python3.12/site-packages/airflow/example_dags/tutorial.py took 0.027 seconds
[2026-03-04T08:47:12.814+0000] {processor.py:161} INFO - Started process (PID=12909) to work on /home/airflow/.local/lib/python3.12/site-packages/airflow/example_dags/tutorial.py
[2026-03-04T08:47:12.815+0000] {processor.py:830} INFO - Processing file /home/airflow/.local/lib/python3.12/site-packages/airflow/example_dags/tutorial.py for tasks to queue
[2026-03-04T08:47:12.816+0000] {logging_mixin.py:188} INFO - [2026-03-04T08:47:12.816+0000] {dagbag.py:545} INFO - Filling up the DagBag from /home/airflow/.local/lib/python3.12/site-packages/airflow/example_dags/tutorial.py
[2026-03-04T08:47:12.819+0000] {processor.py:840} INFO - DAG(s) 'tutorial' retrieved from /home/airflow/.local/lib/python3.12/site-packages/airflow/example_dags/tutorial.py
[2026-03-04T08:47:12.827+0000] {logging_mixin.py:188} INFO - [2026-03-04T08:47:12.827+0000] {dag.py:3089} INFO - Sync 1 DAGs
[2026-03-04T08:47:12.834+0000] {logging_mixin.py:188} INFO - [2026-03-04T08:47:12.834+0000] {dag.py:3947} INFO - Setting next_dagrun for tutorial to 2026-03-03 00:00:00+00:00, run_after=2026-03-04 00:00:00+00:00
[2026-03-04T08:47:12.840+0000] {processor.py:183} INFO - Processing /home/airflow/.local/lib/python3.12/site-packages/airflow/example_dags/tutorial.py took 0.029 seconds
[2026-03-04T08:47:43.335+0000] {processor.py:161} INFO - Started process (PID=13171) to work on /home/airflow/.local/lib/python3.12/site-packages/airflow/example_dags/tutorial.py
[2026-03-04T08:47:43.336+0000] {processor.py:830} INFO - Processing file /home/airflow/.local/lib/python3.12/site-packages/airflow/example_dags/tutorial.py for tasks to queue
[2026-03-04T08:47:43.337+0000] {logging_mixin.py:188} INFO - [2026-03-04T08:47:43.337+0000] {dagbag.py:545} INFO - Filling up the DagBag from /home/airflow/.local/lib/python3.12/site-packages/airflow/example_dags/tutorial.py
[2026-03-04T08:47:43.339+0000] {processor.py:840} INFO - DAG(s) 'tutorial' retrieved from /home/airflow/.local/lib/python3.12/site-packages/airflow/example_dags/tutorial.py
[2026-03-04T08:47:43.353+0000] {logging_mixin.py:188} INFO - [2026-03-04T08:47:43.353+0000] {dag.py:3089} INFO - Sync 1 DAGs
[2026-03-04T08:47:43.361+0000] {logging_mixin.py:188} INFO - [2026-03-04T08:47:43.361+0000] {dag.py:3947} INFO - Setting next_dagrun for tutorial to 2026-03-03 00:00:00+00:00, run_after=2026-03-04 00:00:00+00:00
[2026-03-04T08:47:43.369+0000] {processor.py:183} INFO - Processing /home/airflow/.local/lib/python3.12/site-packages/airflow/example_dags/tutorial.py took 0.037 seconds
[2026-03-04T08:48:13.832+0000] {processor.py:161} INFO - Started process (PID=13433) to work on /home/airflow/.local/lib/python3.12/site-packages/airflow/example_dags/tutorial.py
[2026-03-04T08:48:13.833+0000] {processor.py:830} INFO - Processing file /home/airflow/.local/lib/python3.12/site-packages/airflow/example_dags/tutorial.py for tasks to queue
[2026-03-04T08:48:13.834+0000] {logging_mixin.py:188} INFO - [2026-03-04T08:48:13.834+0000] {dagbag.py:545} INFO - Filling up the DagBag from /home/airflow/.local/lib/python3.12/site-packages/airflow/example_dags/tutorial.py
[2026-03-04T08:48:13.836+0000] {processor.py:840} INFO - DAG(s) 'tutorial' retrieved from /home/airflow/.local/lib/python3.12/site-packages/airflow/example_dags/tutorial.py
[2026-03-04T08:48:13.848+0000] {logging_mixin.py:188} INFO - [2026-03-04T08:48:13.847+0000] {dag.py:3089} INFO - Sync 1 DAGs
[2026-03-04T08:48:13.857+0000] {logging_mixin.py:188} INFO - [2026-03-04T08:48:13.857+0000] {dag.py:3947} INFO - Setting next_dagrun for tutorial to 2026-03-03 00:00:00+00:00, run_after=2026-03-04 00:00:00+00:00
[2026-03-04T08:48:13.865+0000] {processor.py:183} INFO - Processing /home/airflow/.local/lib/python3.12/site-packages/airflow/example_dags/tutorial.py took 0.035 seconds
[2026-03-04T08:48:44.423+0000] {processor.py:161} INFO - Started process (PID=13695) to work on /home/airflow/.local/lib/python3.12/site-packages/airflow/example_dags/tutorial.py
[2026-03-04T08:48:44.424+0000] {processor.py:830} INFO - Processing file /home/airflow/.local/lib/python3.12/site-packages/airflow/example_dags/tutorial.py for tasks to queue
[2026-03-04T08:48:44.425+0000] {logging_mixin.py:188} INFO - [2026-03-04T08:48:44.425+0000] {dagbag.py:545} INFO - Filling up the DagBag from /home/airflow/.local/lib/python3.12/site-packages/airflow/example_dags/tutorial.py
[2026-03-04T08:48:44.427+0000] {processor.py:840} INFO - DAG(s) 'tutorial' retrieved from /home/airflow/.local/lib/python3.12/site-packages/airflow/example_dags/tutorial.py
[2026-03-04T08:48:44.440+0000] {logging_mixin.py:188} INFO - [2026-03-04T08:48:44.440+0000] {dag.py:3089} INFO - Sync 1 DAGs
[2026-03-04T08:48:44.448+0000] {logging_mixin.py:188} INFO - [2026-03-04T08:48:44.448+0000] {dag.py:3947} INFO - Setting next_dagrun for tutorial to 2026-03-03 00:00:00+00:00, run_after=2026-03-04 00:00:00+00:00
[2026-03-04T08:48:44.456+0000] {processor.py:183} INFO - Processing /home/airflow/.local/lib/python3.12/site-packages/airflow/example_dags/tutorial.py took 0.035 seconds
[2026-03-04T08:49:15.032+0000] {processor.py:161} INFO - Started process (PID=13959) to work on /home/airflow/.local/lib/python3.12/site-packages/airflow/example_dags/tutorial.py
[2026-03-04T08:49:15.033+0000] {processor.py:830} INFO - Processing file /home/airflow/.local/lib/python3.12/site-packages/airflow/example_dags/tutorial.py for tasks to queue
[2026-03-04T08:49:15.033+0000] {logging_mixin.py:188} INFO - [2026-03-04T08:49:15.033+0000] {dagbag.py:545} INFO - Filling up the DagBag from /home/airflow/.local/lib/python3.12/site-packages/airflow/example_dags/tutorial.py
[2026-03-04T08:49:15.035+0000] {processor.py:840} INFO - DAG(s) 'tutorial' retrieved from /home/airflow/.local/lib/python3.12/site-packages/airflow/example_dags/tutorial.py
[2026-03-04T08:49:15.046+0000] {logging_mixin.py:188} INFO - [2026-03-04T08:49:15.046+0000] {dag.py:3089} INFO - Sync 1 DAGs
[2026-03-04T08:49:15.059+0000] {logging_mixin.py:188} INFO - [2026-03-04T08:49:15.058+0000] {dag.py:3947} INFO - Setting next_dagrun for tutorial to 2026-03-03 00:00:00+00:00, run_after=2026-03-04 00:00:00+00:00
[2026-03-04T08:49:15.067+0000] {processor.py:183} INFO - Processing /home/airflow/.local/lib/python3.12/site-packages/airflow/example_dags/tutorial.py took 0.037 seconds
[2026-03-04T08:49:45.580+0000] {processor.py:161} INFO - Started process (PID=14219) to work on /home/airflow/.local/lib/python3.12/site-packages/airflow/example_dags/tutorial.py
[2026-03-04T08:49:45.580+0000] {processor.py:830} INFO - Processing file /home/airflow/.local/lib/python3.12/site-packages/airflow/example_dags/tutorial.py for tasks to queue
[2026-03-04T08:49:45.581+0000] {logging_mixin.py:188} INFO - [2026-03-04T08:49:45.581+0000] {dagbag.py:545} INFO - Filling up the DagBag from /home/airflow/.local/lib/python3.12/site-packages/airflow/example_dags/tutorial.py
[2026-03-04T08:49:45.583+0000] {processor.py:840} INFO - DAG(s) 'tutorial' retrieved from /home/airflow/.local/lib/python3.12/site-packages/airflow/example_dags/tutorial.py
[2026-03-04T08:49:45.593+0000] {logging_mixin.py:188} INFO - [2026-03-04T08:49:45.593+0000] {dag.py:3089} INFO - Sync 1 DAGs
[2026-03-04T08:49:45.600+0000] {logging_mixin.py:188} INFO - [2026-03-04T08:49:45.600+0000] {dag.py:3947} INFO - Setting next_dagrun for tutorial to 2026-03-03 00:00:00+00:00, run_after=2026-03-04 00:00:00+00:00
[2026-03-04T08:49:45.606+0000] {processor.py:183} INFO - Processing /home/airflow/.local/lib/python3.12/site-packages/airflow/example_dags/tutorial.py took 0.028 seconds
[2026-03-04T08:50:16.095+0000] {processor.py:161} INFO - Started process (PID=14481) to work on /home/airflow/.local/lib/python3.12/site-packages/airflow/example_dags/tutorial.py
[2026-03-04T08:50:16.096+0000] {processor.py:830} INFO - Processing file /home/airflow/.local/lib/python3.12/site-packages/airflow/example_dags/tutorial.py for tasks to queue
[2026-03-04T08:50:16.098+0000] {logging_mixin.py:188} INFO - [2026-03-04T08:50:16.097+0000] {dagbag.py:545} INFO - Filling up the DagBag from /home/airflow/.local/lib/python3.12/site-packages/airflow/example_dags/tutorial.py
[2026-03-04T08:50:16.100+0000] {processor.py:840} INFO - DAG(s) 'tutorial' retrieved from /home/airflow/.local/lib/python3.12/site-packages/airflow/example_dags/tutorial.py
[2026-03-04T08:50:16.114+0000] {logging_mixin.py:188} INFO - [2026-03-04T08:50:16.114+0000] {dag.py:3089} INFO - Sync 1 DAGs
[2026-03-04T08:50:16.121+0000] {logging_mixin.py:188} INFO - [2026-03-04T08:50:16.121+0000] {dag.py:3947} INFO - Setting next_dagrun for tutorial to 2026-03-03 00:00:00+00:00, run_after=2026-03-04 00:00:00+00:00
[2026-03-04T08:50:16.127+0000] {processor.py:183} INFO - Processing /home/airflow/.local/lib/python3.12/site-packages/airflow/example_dags/tutorial.py took 0.034 seconds
[2026-03-04T08:50:46.690+0000] {processor.py:161} INFO - Started process (PID=14743) to work on /home/airflow/.local/lib/python3.12/site-packages/airflow/example_dags/tutorial.py
[2026-03-04T08:50:46.691+0000] {processor.py:830} INFO - Processing file /home/airflow/.local/lib/python3.12/site-packages/airflow/example_dags/tutorial.py for tasks to queue
[2026-03-04T08:50:46.692+0000] {logging_mixin.py:188} INFO - [2026-03-04T08:50:46.692+0000] {dagbag.py:545} INFO - Filling up the DagBag from /home/airflow/.local/lib/python3.12/site-packages/airflow/example_dags/tutorial.py
[2026-03-04T08:50:46.694+0000] {processor.py:840} INFO - DAG(s) 'tutorial' retrieved from /home/airflow/.local/lib/python3.12/site-packages/airflow/example_dags/tutorial.py
[2026-03-04T08:50:46.709+0000] {logging_mixin.py:188} INFO - [2026-03-04T08:50:46.709+0000] {dag.py:3089} INFO - Sync 1 DAGs
[2026-03-04T08:50:46.716+0000] {logging_mixin.py:188} INFO - [2026-03-04T08:50:46.716+0000] {dag.py:3947} INFO - Setting next_dagrun for tutorial to 2026-03-03 00:00:00+00:00, run_after=2026-03-04 00:00:00+00:00
[2026-03-04T08:50:46.724+0000] {processor.py:183} INFO - Processing /home/airflow/.local/lib/python3.12/site-packages/airflow/example_dags/tutorial.py took 0.037 seconds
