[2026-03-04T07:57:50.035+0000] {processor.py:161} INFO - Started process (PID=267) to work on /home/airflow/.local/lib/python3.12/site-packages/airflow/example_dags/tutorial_dag.py
[2026-03-04T07:57:50.036+0000] {processor.py:830} INFO - Processing file /home/airflow/.local/lib/python3.12/site-packages/airflow/example_dags/tutorial_dag.py for tasks to queue
[2026-03-04T07:57:50.039+0000] {logging_mixin.py:188} INFO - [2026-03-04T07:57:50.039+0000] {dagbag.py:545} INFO - Filling up the DagBag from /home/airflow/.local/lib/python3.12/site-packages/airflow/example_dags/tutorial_dag.py
[2026-03-04T07:57:50.043+0000] {processor.py:840} INFO - DAG(s) 'tutorial_dag' retrieved from /home/airflow/.local/lib/python3.12/site-packages/airflow/example_dags/tutorial_dag.py
[2026-03-04T07:57:50.089+0000] {logging_mixin.py:188} INFO - [2026-03-04T07:57:50.088+0000] {override.py:1858} INFO - Created Permission View: can delete on DAG:tutorial_dag
[2026-03-04T07:57:50.096+0000] {logging_mixin.py:188} INFO - [2026-03-04T07:57:50.096+0000] {override.py:1858} INFO - Created Permission View: can read on DAG:tutorial_dag
[2026-03-04T07:57:50.097+0000] {logging_mixin.py:188} INFO - [2026-03-04T07:57:50.097+0000] {override.py:1858} INFO - Created Permission View: can edit on DAG:tutorial_dag
[2026-03-04T07:57:50.098+0000] {logging_mixin.py:188} INFO - [2026-03-04T07:57:50.098+0000] {dag.py:3089} INFO - Sync 1 DAGs
[2026-03-04T07:57:50.104+0000] {logging_mixin.py:188} INFO - [2026-03-04T07:57:50.104+0000] {dag.py:3111} INFO - Creating ORM DAG for tutorial_dag
[2026-03-04T07:57:50.105+0000] {logging_mixin.py:188} INFO - [2026-03-04T07:57:50.104+0000] {dag.py:3947} INFO - Setting next_dagrun for tutorial_dag to None, run_after=None
[2026-03-04T07:57:50.115+0000] {processor.py:183} INFO - Processing /home/airflow/.local/lib/python3.12/site-packages/airflow/example_dags/tutorial_dag.py took 0.082 seconds
[2026-03-04T07:58:20.447+0000] {processor.py:161} INFO - Started process (PID=530) to work on /home/airflow/.local/lib/python3.12/site-packages/airflow/example_dags/tutorial_dag.py
[2026-03-04T07:58:20.447+0000] {processor.py:830} INFO - Processing file /home/airflow/.local/lib/python3.12/site-packages/airflow/example_dags/tutorial_dag.py for tasks to queue
[2026-03-04T07:58:20.448+0000] {logging_mixin.py:188} INFO - [2026-03-04T07:58:20.448+0000] {dagbag.py:545} INFO - Filling up the DagBag from /home/airflow/.local/lib/python3.12/site-packages/airflow/example_dags/tutorial_dag.py
[2026-03-04T07:58:20.450+0000] {processor.py:840} INFO - DAG(s) 'tutorial_dag' retrieved from /home/airflow/.local/lib/python3.12/site-packages/airflow/example_dags/tutorial_dag.py
[2026-03-04T07:58:20.460+0000] {logging_mixin.py:188} INFO - [2026-03-04T07:58:20.460+0000] {dag.py:3089} INFO - Sync 1 DAGs
[2026-03-04T07:58:20.466+0000] {logging_mixin.py:188} INFO - [2026-03-04T07:58:20.465+0000] {dag.py:3947} INFO - Setting next_dagrun for tutorial_dag to None, run_after=None
[2026-03-04T07:58:20.474+0000] {processor.py:183} INFO - Processing /home/airflow/.local/lib/python3.12/site-packages/airflow/example_dags/tutorial_dag.py took 0.030 seconds
[2026-03-04T07:58:50.963+0000] {processor.py:161} INFO - Started process (PID=793) to work on /home/airflow/.local/lib/python3.12/site-packages/airflow/example_dags/tutorial_dag.py
[2026-03-04T07:58:50.964+0000] {processor.py:830} INFO - Processing file /home/airflow/.local/lib/python3.12/site-packages/airflow/example_dags/tutorial_dag.py for tasks to queue
[2026-03-04T07:58:50.964+0000] {logging_mixin.py:188} INFO - [2026-03-04T07:58:50.964+0000] {dagbag.py:545} INFO - Filling up the DagBag from /home/airflow/.local/lib/python3.12/site-packages/airflow/example_dags/tutorial_dag.py
[2026-03-04T07:58:50.966+0000] {processor.py:840} INFO - DAG(s) 'tutorial_dag' retrieved from /home/airflow/.local/lib/python3.12/site-packages/airflow/example_dags/tutorial_dag.py
[2026-03-04T07:58:50.973+0000] {logging_mixin.py:188} INFO - [2026-03-04T07:58:50.973+0000] {dag.py:3089} INFO - Sync 1 DAGs
[2026-03-04T07:58:50.978+0000] {logging_mixin.py:188} INFO - [2026-03-04T07:58:50.978+0000] {dag.py:3947} INFO - Setting next_dagrun for tutorial_dag to None, run_after=None
[2026-03-04T07:58:50.983+0000] {processor.py:183} INFO - Processing /home/airflow/.local/lib/python3.12/site-packages/airflow/example_dags/tutorial_dag.py took 0.022 seconds
[2026-03-04T07:59:21.492+0000] {processor.py:161} INFO - Started process (PID=1053) to work on /home/airflow/.local/lib/python3.12/site-packages/airflow/example_dags/tutorial_dag.py
[2026-03-04T07:59:21.493+0000] {processor.py:830} INFO - Processing file /home/airflow/.local/lib/python3.12/site-packages/airflow/example_dags/tutorial_dag.py for tasks to queue
[2026-03-04T07:59:21.494+0000] {logging_mixin.py:188} INFO - [2026-03-04T07:59:21.494+0000] {dagbag.py:545} INFO - Filling up the DagBag from /home/airflow/.local/lib/python3.12/site-packages/airflow/example_dags/tutorial_dag.py
[2026-03-04T07:59:21.496+0000] {processor.py:840} INFO - DAG(s) 'tutorial_dag' retrieved from /home/airflow/.local/lib/python3.12/site-packages/airflow/example_dags/tutorial_dag.py
[2026-03-04T07:59:21.505+0000] {logging_mixin.py:188} INFO - [2026-03-04T07:59:21.505+0000] {dag.py:3089} INFO - Sync 1 DAGs
[2026-03-04T07:59:21.511+0000] {logging_mixin.py:188} INFO - [2026-03-04T07:59:21.510+0000] {dag.py:3947} INFO - Setting next_dagrun for tutorial_dag to None, run_after=None
[2026-03-04T07:59:21.522+0000] {processor.py:183} INFO - Processing /home/airflow/.local/lib/python3.12/site-packages/airflow/example_dags/tutorial_dag.py took 0.032 seconds
[2026-03-04T07:59:52.170+0000] {processor.py:161} INFO - Started process (PID=1315) to work on /home/airflow/.local/lib/python3.12/site-packages/airflow/example_dags/tutorial_dag.py
[2026-03-04T07:59:52.171+0000] {processor.py:830} INFO - Processing file /home/airflow/.local/lib/python3.12/site-packages/airflow/example_dags/tutorial_dag.py for tasks to queue
[2026-03-04T07:59:52.172+0000] {logging_mixin.py:188} INFO - [2026-03-04T07:59:52.172+0000] {dagbag.py:545} INFO - Filling up the DagBag from /home/airflow/.local/lib/python3.12/site-packages/airflow/example_dags/tutorial_dag.py
[2026-03-04T07:59:52.174+0000] {processor.py:840} INFO - DAG(s) 'tutorial_dag' retrieved from /home/airflow/.local/lib/python3.12/site-packages/airflow/example_dags/tutorial_dag.py
[2026-03-04T07:59:52.183+0000] {logging_mixin.py:188} INFO - [2026-03-04T07:59:52.183+0000] {dag.py:3089} INFO - Sync 1 DAGs
[2026-03-04T07:59:52.190+0000] {logging_mixin.py:188} INFO - [2026-03-04T07:59:52.189+0000] {dag.py:3947} INFO - Setting next_dagrun for tutorial_dag to None, run_after=None
[2026-03-04T07:59:52.204+0000] {processor.py:183} INFO - Processing /home/airflow/.local/lib/python3.12/site-packages/airflow/example_dags/tutorial_dag.py took 0.038 seconds
[2026-03-04T08:00:22.810+0000] {processor.py:161} INFO - Started process (PID=1577) to work on /home/airflow/.local/lib/python3.12/site-packages/airflow/example_dags/tutorial_dag.py
[2026-03-04T08:00:22.811+0000] {processor.py:830} INFO - Processing file /home/airflow/.local/lib/python3.12/site-packages/airflow/example_dags/tutorial_dag.py for tasks to queue
[2026-03-04T08:00:22.812+0000] {logging_mixin.py:188} INFO - [2026-03-04T08:00:22.812+0000] {dagbag.py:545} INFO - Filling up the DagBag from /home/airflow/.local/lib/python3.12/site-packages/airflow/example_dags/tutorial_dag.py
[2026-03-04T08:00:22.814+0000] {processor.py:840} INFO - DAG(s) 'tutorial_dag' retrieved from /home/airflow/.local/lib/python3.12/site-packages/airflow/example_dags/tutorial_dag.py
[2026-03-04T08:00:22.826+0000] {logging_mixin.py:188} INFO - [2026-03-04T08:00:22.826+0000] {dag.py:3089} INFO - Sync 1 DAGs
[2026-03-04T08:00:22.831+0000] {logging_mixin.py:188} INFO - [2026-03-04T08:00:22.831+0000] {dag.py:3947} INFO - Setting next_dagrun for tutorial_dag to None, run_after=None
[2026-03-04T08:00:22.839+0000] {processor.py:183} INFO - Processing /home/airflow/.local/lib/python3.12/site-packages/airflow/example_dags/tutorial_dag.py took 0.032 seconds
[2026-03-04T08:00:53.423+0000] {processor.py:161} INFO - Started process (PID=1839) to work on /home/airflow/.local/lib/python3.12/site-packages/airflow/example_dags/tutorial_dag.py
[2026-03-04T08:00:53.423+0000] {processor.py:830} INFO - Processing file /home/airflow/.local/lib/python3.12/site-packages/airflow/example_dags/tutorial_dag.py for tasks to queue
[2026-03-04T08:00:53.424+0000] {logging_mixin.py:188} INFO - [2026-03-04T08:00:53.424+0000] {dagbag.py:545} INFO - Filling up the DagBag from /home/airflow/.local/lib/python3.12/site-packages/airflow/example_dags/tutorial_dag.py
[2026-03-04T08:00:53.426+0000] {processor.py:840} INFO - DAG(s) 'tutorial_dag' retrieved from /home/airflow/.local/lib/python3.12/site-packages/airflow/example_dags/tutorial_dag.py
[2026-03-04T08:00:53.433+0000] {logging_mixin.py:188} INFO - [2026-03-04T08:00:53.433+0000] {dag.py:3089} INFO - Sync 1 DAGs
[2026-03-04T08:00:53.438+0000] {logging_mixin.py:188} INFO - [2026-03-04T08:00:53.438+0000] {dag.py:3947} INFO - Setting next_dagrun for tutorial_dag to None, run_after=None
[2026-03-04T08:00:53.447+0000] {processor.py:183} INFO - Processing /home/airflow/.local/lib/python3.12/site-packages/airflow/example_dags/tutorial_dag.py took 0.027 seconds
[2026-03-04T08:01:24.033+0000] {processor.py:161} INFO - Started process (PID=2101) to work on /home/airflow/.local/lib/python3.12/site-packages/airflow/example_dags/tutorial_dag.py
[2026-03-04T08:01:24.034+0000] {processor.py:830} INFO - Processing file /home/airflow/.local/lib/python3.12/site-packages/airflow/example_dags/tutorial_dag.py for tasks to queue
[2026-03-04T08:01:24.035+0000] {logging_mixin.py:188} INFO - [2026-03-04T08:01:24.035+0000] {dagbag.py:545} INFO - Filling up the DagBag from /home/airflow/.local/lib/python3.12/site-packages/airflow/example_dags/tutorial_dag.py
[2026-03-04T08:01:24.038+0000] {processor.py:840} INFO - DAG(s) 'tutorial_dag' retrieved from /home/airflow/.local/lib/python3.12/site-packages/airflow/example_dags/tutorial_dag.py
[2026-03-04T08:01:24.046+0000] {logging_mixin.py:188} INFO - [2026-03-04T08:01:24.046+0000] {dag.py:3089} INFO - Sync 1 DAGs
[2026-03-04T08:01:24.051+0000] {logging_mixin.py:188} INFO - [2026-03-04T08:01:24.051+0000] {dag.py:3947} INFO - Setting next_dagrun for tutorial_dag to None, run_after=None
[2026-03-04T08:01:24.062+0000] {processor.py:183} INFO - Processing /home/airflow/.local/lib/python3.12/site-packages/airflow/example_dags/tutorial_dag.py took 0.032 seconds
[2026-03-04T08:01:54.603+0000] {processor.py:161} INFO - Started process (PID=2365) to work on /home/airflow/.local/lib/python3.12/site-packages/airflow/example_dags/tutorial_dag.py
[2026-03-04T08:01:54.603+0000] {processor.py:830} INFO - Processing file /home/airflow/.local/lib/python3.12/site-packages/airflow/example_dags/tutorial_dag.py for tasks to queue
[2026-03-04T08:01:54.604+0000] {logging_mixin.py:188} INFO - [2026-03-04T08:01:54.604+0000] {dagbag.py:545} INFO - Filling up the DagBag from /home/airflow/.local/lib/python3.12/site-packages/airflow/example_dags/tutorial_dag.py
[2026-03-04T08:01:54.606+0000] {processor.py:840} INFO - DAG(s) 'tutorial_dag' retrieved from /home/airflow/.local/lib/python3.12/site-packages/airflow/example_dags/tutorial_dag.py
[2026-03-04T08:01:54.612+0000] {logging_mixin.py:188} INFO - [2026-03-04T08:01:54.612+0000] {dag.py:3089} INFO - Sync 1 DAGs
[2026-03-04T08:01:54.616+0000] {logging_mixin.py:188} INFO - [2026-03-04T08:01:54.616+0000] {dag.py:3947} INFO - Setting next_dagrun for tutorial_dag to None, run_after=None
[2026-03-04T08:01:54.621+0000] {processor.py:183} INFO - Processing /home/airflow/.local/lib/python3.12/site-packages/airflow/example_dags/tutorial_dag.py took 0.020 seconds
[2026-03-04T08:02:25.112+0000] {processor.py:161} INFO - Started process (PID=2625) to work on /home/airflow/.local/lib/python3.12/site-packages/airflow/example_dags/tutorial_dag.py
[2026-03-04T08:02:25.112+0000] {processor.py:830} INFO - Processing file /home/airflow/.local/lib/python3.12/site-packages/airflow/example_dags/tutorial_dag.py for tasks to queue
[2026-03-04T08:02:25.113+0000] {logging_mixin.py:188} INFO - [2026-03-04T08:02:25.113+0000] {dagbag.py:545} INFO - Filling up the DagBag from /home/airflow/.local/lib/python3.12/site-packages/airflow/example_dags/tutorial_dag.py
[2026-03-04T08:02:25.117+0000] {processor.py:840} INFO - DAG(s) 'tutorial_dag' retrieved from /home/airflow/.local/lib/python3.12/site-packages/airflow/example_dags/tutorial_dag.py
[2026-03-04T08:02:25.126+0000] {logging_mixin.py:188} INFO - [2026-03-04T08:02:25.126+0000] {dag.py:3089} INFO - Sync 1 DAGs
[2026-03-04T08:02:25.130+0000] {logging_mixin.py:188} INFO - [2026-03-04T08:02:25.130+0000] {dag.py:3947} INFO - Setting next_dagrun for tutorial_dag to None, run_after=None
[2026-03-04T08:02:25.138+0000] {processor.py:183} INFO - Processing /home/airflow/.local/lib/python3.12/site-packages/airflow/example_dags/tutorial_dag.py took 0.029 seconds
[2026-03-04T08:02:55.600+0000] {processor.py:161} INFO - Started process (PID=2883) to work on /home/airflow/.local/lib/python3.12/site-packages/airflow/example_dags/tutorial_dag.py
[2026-03-04T08:02:55.601+0000] {processor.py:830} INFO - Processing file /home/airflow/.local/lib/python3.12/site-packages/airflow/example_dags/tutorial_dag.py for tasks to queue
[2026-03-04T08:02:55.601+0000] {logging_mixin.py:188} INFO - [2026-03-04T08:02:55.601+0000] {dagbag.py:545} INFO - Filling up the DagBag from /home/airflow/.local/lib/python3.12/site-packages/airflow/example_dags/tutorial_dag.py
[2026-03-04T08:02:55.603+0000] {processor.py:840} INFO - DAG(s) 'tutorial_dag' retrieved from /home/airflow/.local/lib/python3.12/site-packages/airflow/example_dags/tutorial_dag.py
[2026-03-04T08:02:55.611+0000] {logging_mixin.py:188} INFO - [2026-03-04T08:02:55.611+0000] {dag.py:3089} INFO - Sync 1 DAGs
[2026-03-04T08:02:55.615+0000] {logging_mixin.py:188} INFO - [2026-03-04T08:02:55.615+0000] {dag.py:3947} INFO - Setting next_dagrun for tutorial_dag to None, run_after=None
[2026-03-04T08:02:55.627+0000] {processor.py:183} INFO - Processing /home/airflow/.local/lib/python3.12/site-packages/airflow/example_dags/tutorial_dag.py took 0.029 seconds
[2026-03-04T08:03:26.234+0000] {processor.py:161} INFO - Started process (PID=3149) to work on /home/airflow/.local/lib/python3.12/site-packages/airflow/example_dags/tutorial_dag.py
[2026-03-04T08:03:26.234+0000] {processor.py:830} INFO - Processing file /home/airflow/.local/lib/python3.12/site-packages/airflow/example_dags/tutorial_dag.py for tasks to queue
[2026-03-04T08:03:26.235+0000] {logging_mixin.py:188} INFO - [2026-03-04T08:03:26.235+0000] {dagbag.py:545} INFO - Filling up the DagBag from /home/airflow/.local/lib/python3.12/site-packages/airflow/example_dags/tutorial_dag.py
[2026-03-04T08:03:26.237+0000] {processor.py:840} INFO - DAG(s) 'tutorial_dag' retrieved from /home/airflow/.local/lib/python3.12/site-packages/airflow/example_dags/tutorial_dag.py
[2026-03-04T08:03:26.247+0000] {logging_mixin.py:188} INFO - [2026-03-04T08:03:26.247+0000] {dag.py:3089} INFO - Sync 1 DAGs
[2026-03-04T08:03:26.251+0000] {logging_mixin.py:188} INFO - [2026-03-04T08:03:26.251+0000] {dag.py:3947} INFO - Setting next_dagrun for tutorial_dag to None, run_after=None
[2026-03-04T08:03:26.265+0000] {processor.py:183} INFO - Processing /home/airflow/.local/lib/python3.12/site-packages/airflow/example_dags/tutorial_dag.py took 0.034 seconds
[2026-03-04T08:03:56.760+0000] {processor.py:161} INFO - Started process (PID=3411) to work on /home/airflow/.local/lib/python3.12/site-packages/airflow/example_dags/tutorial_dag.py
[2026-03-04T08:03:56.760+0000] {processor.py:830} INFO - Processing file /home/airflow/.local/lib/python3.12/site-packages/airflow/example_dags/tutorial_dag.py for tasks to queue
[2026-03-04T08:03:56.761+0000] {logging_mixin.py:188} INFO - [2026-03-04T08:03:56.761+0000] {dagbag.py:545} INFO - Filling up the DagBag from /home/airflow/.local/lib/python3.12/site-packages/airflow/example_dags/tutorial_dag.py
[2026-03-04T08:03:56.765+0000] {processor.py:840} INFO - DAG(s) 'tutorial_dag' retrieved from /home/airflow/.local/lib/python3.12/site-packages/airflow/example_dags/tutorial_dag.py
[2026-03-04T08:03:56.773+0000] {logging_mixin.py:188} INFO - [2026-03-04T08:03:56.773+0000] {dag.py:3089} INFO - Sync 1 DAGs
[2026-03-04T08:03:56.780+0000] {logging_mixin.py:188} INFO - [2026-03-04T08:03:56.780+0000] {dag.py:3947} INFO - Setting next_dagrun for tutorial_dag to None, run_after=None
[2026-03-04T08:03:56.786+0000] {processor.py:183} INFO - Processing /home/airflow/.local/lib/python3.12/site-packages/airflow/example_dags/tutorial_dag.py took 0.028 seconds
[2026-03-04T08:04:27.363+0000] {processor.py:161} INFO - Started process (PID=3673) to work on /home/airflow/.local/lib/python3.12/site-packages/airflow/example_dags/tutorial_dag.py
[2026-03-04T08:04:27.363+0000] {processor.py:830} INFO - Processing file /home/airflow/.local/lib/python3.12/site-packages/airflow/example_dags/tutorial_dag.py for tasks to queue
[2026-03-04T08:04:27.364+0000] {logging_mixin.py:188} INFO - [2026-03-04T08:04:27.364+0000] {dagbag.py:545} INFO - Filling up the DagBag from /home/airflow/.local/lib/python3.12/site-packages/airflow/example_dags/tutorial_dag.py
[2026-03-04T08:04:27.366+0000] {processor.py:840} INFO - DAG(s) 'tutorial_dag' retrieved from /home/airflow/.local/lib/python3.12/site-packages/airflow/example_dags/tutorial_dag.py
[2026-03-04T08:04:27.377+0000] {logging_mixin.py:188} INFO - [2026-03-04T08:04:27.377+0000] {dag.py:3089} INFO - Sync 1 DAGs
[2026-03-04T08:04:27.383+0000] {logging_mixin.py:188} INFO - [2026-03-04T08:04:27.383+0000] {dag.py:3947} INFO - Setting next_dagrun for tutorial_dag to None, run_after=None
[2026-03-04T08:04:27.398+0000] {processor.py:183} INFO - Processing /home/airflow/.local/lib/python3.12/site-packages/airflow/example_dags/tutorial_dag.py took 0.038 seconds
[2026-03-04T08:04:57.931+0000] {processor.py:161} INFO - Started process (PID=3937) to work on /home/airflow/.local/lib/python3.12/site-packages/airflow/example_dags/tutorial_dag.py
[2026-03-04T08:04:57.932+0000] {processor.py:830} INFO - Processing file /home/airflow/.local/lib/python3.12/site-packages/airflow/example_dags/tutorial_dag.py for tasks to queue
[2026-03-04T08:04:57.932+0000] {logging_mixin.py:188} INFO - [2026-03-04T08:04:57.932+0000] {dagbag.py:545} INFO - Filling up the DagBag from /home/airflow/.local/lib/python3.12/site-packages/airflow/example_dags/tutorial_dag.py
[2026-03-04T08:04:57.934+0000] {processor.py:840} INFO - DAG(s) 'tutorial_dag' retrieved from /home/airflow/.local/lib/python3.12/site-packages/airflow/example_dags/tutorial_dag.py
[2026-03-04T08:04:57.940+0000] {logging_mixin.py:188} INFO - [2026-03-04T08:04:57.940+0000] {dag.py:3089} INFO - Sync 1 DAGs
[2026-03-04T08:04:57.944+0000] {logging_mixin.py:188} INFO - [2026-03-04T08:04:57.944+0000] {dag.py:3947} INFO - Setting next_dagrun for tutorial_dag to None, run_after=None
[2026-03-04T08:04:57.949+0000] {processor.py:183} INFO - Processing /home/airflow/.local/lib/python3.12/site-packages/airflow/example_dags/tutorial_dag.py took 0.020 seconds
[2026-03-04T08:05:28.521+0000] {processor.py:161} INFO - Started process (PID=4197) to work on /home/airflow/.local/lib/python3.12/site-packages/airflow/example_dags/tutorial_dag.py
[2026-03-04T08:05:28.521+0000] {processor.py:830} INFO - Processing file /home/airflow/.local/lib/python3.12/site-packages/airflow/example_dags/tutorial_dag.py for tasks to queue
[2026-03-04T08:05:28.522+0000] {logging_mixin.py:188} INFO - [2026-03-04T08:05:28.522+0000] {dagbag.py:545} INFO - Filling up the DagBag from /home/airflow/.local/lib/python3.12/site-packages/airflow/example_dags/tutorial_dag.py
[2026-03-04T08:05:28.528+0000] {processor.py:840} INFO - DAG(s) 'tutorial_dag' retrieved from /home/airflow/.local/lib/python3.12/site-packages/airflow/example_dags/tutorial_dag.py
[2026-03-04T08:05:28.536+0000] {logging_mixin.py:188} INFO - [2026-03-04T08:05:28.536+0000] {dag.py:3089} INFO - Sync 1 DAGs
[2026-03-04T08:05:28.541+0000] {logging_mixin.py:188} INFO - [2026-03-04T08:05:28.541+0000] {dag.py:3947} INFO - Setting next_dagrun for tutorial_dag to None, run_after=None
[2026-03-04T08:05:28.550+0000] {processor.py:183} INFO - Processing /home/airflow/.local/lib/python3.12/site-packages/airflow/example_dags/tutorial_dag.py took 0.032 seconds
[2026-03-04T08:05:59.120+0000] {processor.py:161} INFO - Started process (PID=4459) to work on /home/airflow/.local/lib/python3.12/site-packages/airflow/example_dags/tutorial_dag.py
[2026-03-04T08:05:59.120+0000] {processor.py:830} INFO - Processing file /home/airflow/.local/lib/python3.12/site-packages/airflow/example_dags/tutorial_dag.py for tasks to queue
[2026-03-04T08:05:59.121+0000] {logging_mixin.py:188} INFO - [2026-03-04T08:05:59.121+0000] {dagbag.py:545} INFO - Filling up the DagBag from /home/airflow/.local/lib/python3.12/site-packages/airflow/example_dags/tutorial_dag.py
[2026-03-04T08:05:59.123+0000] {processor.py:840} INFO - DAG(s) 'tutorial_dag' retrieved from /home/airflow/.local/lib/python3.12/site-packages/airflow/example_dags/tutorial_dag.py
[2026-03-04T08:05:59.132+0000] {logging_mixin.py:188} INFO - [2026-03-04T08:05:59.132+0000] {dag.py:3089} INFO - Sync 1 DAGs
[2026-03-04T08:05:59.137+0000] {logging_mixin.py:188} INFO - [2026-03-04T08:05:59.137+0000] {dag.py:3947} INFO - Setting next_dagrun for tutorial_dag to None, run_after=None
[2026-03-04T08:05:59.148+0000] {processor.py:183} INFO - Processing /home/airflow/.local/lib/python3.12/site-packages/airflow/example_dags/tutorial_dag.py took 0.031 seconds
[2026-03-04T08:06:29.648+0000] {processor.py:161} INFO - Started process (PID=4723) to work on /home/airflow/.local/lib/python3.12/site-packages/airflow/example_dags/tutorial_dag.py
[2026-03-04T08:06:29.648+0000] {processor.py:830} INFO - Processing file /home/airflow/.local/lib/python3.12/site-packages/airflow/example_dags/tutorial_dag.py for tasks to queue
[2026-03-04T08:06:29.649+0000] {logging_mixin.py:188} INFO - [2026-03-04T08:06:29.649+0000] {dagbag.py:545} INFO - Filling up the DagBag from /home/airflow/.local/lib/python3.12/site-packages/airflow/example_dags/tutorial_dag.py
[2026-03-04T08:06:29.651+0000] {processor.py:840} INFO - DAG(s) 'tutorial_dag' retrieved from /home/airflow/.local/lib/python3.12/site-packages/airflow/example_dags/tutorial_dag.py
[2026-03-04T08:06:29.662+0000] {logging_mixin.py:188} INFO - [2026-03-04T08:06:29.662+0000] {dag.py:3089} INFO - Sync 1 DAGs
[2026-03-04T08:06:29.669+0000] {logging_mixin.py:188} INFO - [2026-03-04T08:06:29.669+0000] {dag.py:3947} INFO - Setting next_dagrun for tutorial_dag to None, run_after=None
[2026-03-04T08:06:29.679+0000] {processor.py:183} INFO - Processing /home/airflow/.local/lib/python3.12/site-packages/airflow/example_dags/tutorial_dag.py took 0.033 seconds
[2026-03-04T08:07:00.218+0000] {processor.py:161} INFO - Started process (PID=4983) to work on /home/airflow/.local/lib/python3.12/site-packages/airflow/example_dags/tutorial_dag.py
[2026-03-04T08:07:00.218+0000] {processor.py:830} INFO - Processing file /home/airflow/.local/lib/python3.12/site-packages/airflow/example_dags/tutorial_dag.py for tasks to queue
[2026-03-04T08:07:00.220+0000] {logging_mixin.py:188} INFO - [2026-03-04T08:07:00.220+0000] {dagbag.py:545} INFO - Filling up the DagBag from /home/airflow/.local/lib/python3.12/site-packages/airflow/example_dags/tutorial_dag.py
[2026-03-04T08:07:00.222+0000] {processor.py:840} INFO - DAG(s) 'tutorial_dag' retrieved from /home/airflow/.local/lib/python3.12/site-packages/airflow/example_dags/tutorial_dag.py
[2026-03-04T08:07:00.232+0000] {logging_mixin.py:188} INFO - [2026-03-04T08:07:00.232+0000] {dag.py:3089} INFO - Sync 1 DAGs
[2026-03-04T08:07:00.236+0000] {logging_mixin.py:188} INFO - [2026-03-04T08:07:00.236+0000] {dag.py:3947} INFO - Setting next_dagrun for tutorial_dag to None, run_after=None
[2026-03-04T08:07:00.246+0000] {processor.py:183} INFO - Processing /home/airflow/.local/lib/python3.12/site-packages/airflow/example_dags/tutorial_dag.py took 0.031 seconds
[2026-03-04T08:07:30.724+0000] {processor.py:161} INFO - Started process (PID=5245) to work on /home/airflow/.local/lib/python3.12/site-packages/airflow/example_dags/tutorial_dag.py
[2026-03-04T08:07:30.724+0000] {processor.py:830} INFO - Processing file /home/airflow/.local/lib/python3.12/site-packages/airflow/example_dags/tutorial_dag.py for tasks to queue
[2026-03-04T08:07:30.725+0000] {logging_mixin.py:188} INFO - [2026-03-04T08:07:30.725+0000] {dagbag.py:545} INFO - Filling up the DagBag from /home/airflow/.local/lib/python3.12/site-packages/airflow/example_dags/tutorial_dag.py
[2026-03-04T08:07:30.727+0000] {processor.py:840} INFO - DAG(s) 'tutorial_dag' retrieved from /home/airflow/.local/lib/python3.12/site-packages/airflow/example_dags/tutorial_dag.py
[2026-03-04T08:07:30.735+0000] {logging_mixin.py:188} INFO - [2026-03-04T08:07:30.735+0000] {dag.py:3089} INFO - Sync 1 DAGs
[2026-03-04T08:07:30.739+0000] {logging_mixin.py:188} INFO - [2026-03-04T08:07:30.739+0000] {dag.py:3947} INFO - Setting next_dagrun for tutorial_dag to None, run_after=None
[2026-03-04T08:07:30.748+0000] {processor.py:183} INFO - Processing /home/airflow/.local/lib/python3.12/site-packages/airflow/example_dags/tutorial_dag.py took 0.027 seconds
[2026-03-04T08:08:01.324+0000] {processor.py:161} INFO - Started process (PID=5507) to work on /home/airflow/.local/lib/python3.12/site-packages/airflow/example_dags/tutorial_dag.py
[2026-03-04T08:08:01.324+0000] {processor.py:830} INFO - Processing file /home/airflow/.local/lib/python3.12/site-packages/airflow/example_dags/tutorial_dag.py for tasks to queue
[2026-03-04T08:08:01.325+0000] {logging_mixin.py:188} INFO - [2026-03-04T08:08:01.325+0000] {dagbag.py:545} INFO - Filling up the DagBag from /home/airflow/.local/lib/python3.12/site-packages/airflow/example_dags/tutorial_dag.py
[2026-03-04T08:08:01.327+0000] {processor.py:840} INFO - DAG(s) 'tutorial_dag' retrieved from /home/airflow/.local/lib/python3.12/site-packages/airflow/example_dags/tutorial_dag.py
[2026-03-04T08:08:01.336+0000] {logging_mixin.py:188} INFO - [2026-03-04T08:08:01.336+0000] {dag.py:3089} INFO - Sync 1 DAGs
[2026-03-04T08:08:01.341+0000] {logging_mixin.py:188} INFO - [2026-03-04T08:08:01.341+0000] {dag.py:3947} INFO - Setting next_dagrun for tutorial_dag to None, run_after=None
[2026-03-04T08:08:01.352+0000] {processor.py:183} INFO - Processing /home/airflow/.local/lib/python3.12/site-packages/airflow/example_dags/tutorial_dag.py took 0.031 seconds
[2026-03-04T08:08:31.871+0000] {processor.py:161} INFO - Started process (PID=5769) to work on /home/airflow/.local/lib/python3.12/site-packages/airflow/example_dags/tutorial_dag.py
[2026-03-04T08:08:31.872+0000] {processor.py:830} INFO - Processing file /home/airflow/.local/lib/python3.12/site-packages/airflow/example_dags/tutorial_dag.py for tasks to queue
[2026-03-04T08:08:31.872+0000] {logging_mixin.py:188} INFO - [2026-03-04T08:08:31.872+0000] {dagbag.py:545} INFO - Filling up the DagBag from /home/airflow/.local/lib/python3.12/site-packages/airflow/example_dags/tutorial_dag.py
[2026-03-04T08:08:31.875+0000] {processor.py:840} INFO - DAG(s) 'tutorial_dag' retrieved from /home/airflow/.local/lib/python3.12/site-packages/airflow/example_dags/tutorial_dag.py
[2026-03-04T08:08:31.883+0000] {logging_mixin.py:188} INFO - [2026-03-04T08:08:31.883+0000] {dag.py:3089} INFO - Sync 1 DAGs
[2026-03-04T08:08:31.889+0000] {logging_mixin.py:188} INFO - [2026-03-04T08:08:31.889+0000] {dag.py:3947} INFO - Setting next_dagrun for tutorial_dag to None, run_after=None
[2026-03-04T08:08:31.897+0000] {processor.py:183} INFO - Processing /home/airflow/.local/lib/python3.12/site-packages/airflow/example_dags/tutorial_dag.py took 0.028 seconds
[2026-03-04T08:09:02.524+0000] {processor.py:161} INFO - Started process (PID=6031) to work on /home/airflow/.local/lib/python3.12/site-packages/airflow/example_dags/tutorial_dag.py
[2026-03-04T08:09:02.524+0000] {processor.py:830} INFO - Processing file /home/airflow/.local/lib/python3.12/site-packages/airflow/example_dags/tutorial_dag.py for tasks to queue
[2026-03-04T08:09:02.525+0000] {logging_mixin.py:188} INFO - [2026-03-04T08:09:02.525+0000] {dagbag.py:545} INFO - Filling up the DagBag from /home/airflow/.local/lib/python3.12/site-packages/airflow/example_dags/tutorial_dag.py
[2026-03-04T08:09:02.527+0000] {processor.py:840} INFO - DAG(s) 'tutorial_dag' retrieved from /home/airflow/.local/lib/python3.12/site-packages/airflow/example_dags/tutorial_dag.py
[2026-03-04T08:09:02.537+0000] {logging_mixin.py:188} INFO - [2026-03-04T08:09:02.537+0000] {dag.py:3089} INFO - Sync 1 DAGs
[2026-03-04T08:09:02.542+0000] {logging_mixin.py:188} INFO - [2026-03-04T08:09:02.542+0000] {dag.py:3947} INFO - Setting next_dagrun for tutorial_dag to None, run_after=None
[2026-03-04T08:09:02.550+0000] {processor.py:183} INFO - Processing /home/airflow/.local/lib/python3.12/site-packages/airflow/example_dags/tutorial_dag.py took 0.028 seconds
[2026-03-04T08:09:33.111+0000] {processor.py:161} INFO - Started process (PID=6295) to work on /home/airflow/.local/lib/python3.12/site-packages/airflow/example_dags/tutorial_dag.py
[2026-03-04T08:09:33.112+0000] {processor.py:830} INFO - Processing file /home/airflow/.local/lib/python3.12/site-packages/airflow/example_dags/tutorial_dag.py for tasks to queue
[2026-03-04T08:09:33.112+0000] {logging_mixin.py:188} INFO - [2026-03-04T08:09:33.112+0000] {dagbag.py:545} INFO - Filling up the DagBag from /home/airflow/.local/lib/python3.12/site-packages/airflow/example_dags/tutorial_dag.py
[2026-03-04T08:09:33.114+0000] {processor.py:840} INFO - DAG(s) 'tutorial_dag' retrieved from /home/airflow/.local/lib/python3.12/site-packages/airflow/example_dags/tutorial_dag.py
[2026-03-04T08:09:33.124+0000] {logging_mixin.py:188} INFO - [2026-03-04T08:09:33.124+0000] {dag.py:3089} INFO - Sync 1 DAGs
[2026-03-04T08:09:33.128+0000] {logging_mixin.py:188} INFO - [2026-03-04T08:09:33.128+0000] {dag.py:3947} INFO - Setting next_dagrun for tutorial_dag to None, run_after=None
[2026-03-04T08:09:33.141+0000] {processor.py:183} INFO - Processing /home/airflow/.local/lib/python3.12/site-packages/airflow/example_dags/tutorial_dag.py took 0.032 seconds
[2026-03-04T08:10:03.703+0000] {processor.py:161} INFO - Started process (PID=6555) to work on /home/airflow/.local/lib/python3.12/site-packages/airflow/example_dags/tutorial_dag.py
[2026-03-04T08:10:03.703+0000] {processor.py:830} INFO - Processing file /home/airflow/.local/lib/python3.12/site-packages/airflow/example_dags/tutorial_dag.py for tasks to queue
[2026-03-04T08:10:03.704+0000] {logging_mixin.py:188} INFO - [2026-03-04T08:10:03.704+0000] {dagbag.py:545} INFO - Filling up the DagBag from /home/airflow/.local/lib/python3.12/site-packages/airflow/example_dags/tutorial_dag.py
[2026-03-04T08:10:03.706+0000] {processor.py:840} INFO - DAG(s) 'tutorial_dag' retrieved from /home/airflow/.local/lib/python3.12/site-packages/airflow/example_dags/tutorial_dag.py
[2026-03-04T08:10:03.717+0000] {logging_mixin.py:188} INFO - [2026-03-04T08:10:03.716+0000] {dag.py:3089} INFO - Sync 1 DAGs
[2026-03-04T08:10:03.724+0000] {logging_mixin.py:188} INFO - [2026-03-04T08:10:03.724+0000] {dag.py:3947} INFO - Setting next_dagrun for tutorial_dag to None, run_after=None
[2026-03-04T08:10:03.732+0000] {processor.py:183} INFO - Processing /home/airflow/.local/lib/python3.12/site-packages/airflow/example_dags/tutorial_dag.py took 0.031 seconds
[2026-03-04T08:10:34.216+0000] {processor.py:161} INFO - Started process (PID=6820) to work on /home/airflow/.local/lib/python3.12/site-packages/airflow/example_dags/tutorial_dag.py
[2026-03-04T08:10:34.216+0000] {processor.py:830} INFO - Processing file /home/airflow/.local/lib/python3.12/site-packages/airflow/example_dags/tutorial_dag.py for tasks to queue
[2026-03-04T08:10:34.217+0000] {logging_mixin.py:188} INFO - [2026-03-04T08:10:34.217+0000] {dagbag.py:545} INFO - Filling up the DagBag from /home/airflow/.local/lib/python3.12/site-packages/airflow/example_dags/tutorial_dag.py
[2026-03-04T08:10:34.219+0000] {processor.py:840} INFO - DAG(s) 'tutorial_dag' retrieved from /home/airflow/.local/lib/python3.12/site-packages/airflow/example_dags/tutorial_dag.py
[2026-03-04T08:10:34.226+0000] {logging_mixin.py:188} INFO - [2026-03-04T08:10:34.226+0000] {dag.py:3089} INFO - Sync 1 DAGs
[2026-03-04T08:10:34.231+0000] {logging_mixin.py:188} INFO - [2026-03-04T08:10:34.231+0000] {dag.py:3947} INFO - Setting next_dagrun for tutorial_dag to None, run_after=None
[2026-03-04T08:10:34.245+0000] {processor.py:183} INFO - Processing /home/airflow/.local/lib/python3.12/site-packages/airflow/example_dags/tutorial_dag.py took 0.032 seconds
[2026-03-04T08:11:04.883+0000] {processor.py:161} INFO - Started process (PID=7083) to work on /home/airflow/.local/lib/python3.12/site-packages/airflow/example_dags/tutorial_dag.py
[2026-03-04T08:11:04.884+0000] {processor.py:830} INFO - Processing file /home/airflow/.local/lib/python3.12/site-packages/airflow/example_dags/tutorial_dag.py for tasks to queue
[2026-03-04T08:11:04.884+0000] {logging_mixin.py:188} INFO - [2026-03-04T08:11:04.884+0000] {dagbag.py:545} INFO - Filling up the DagBag from /home/airflow/.local/lib/python3.12/site-packages/airflow/example_dags/tutorial_dag.py
[2026-03-04T08:11:04.887+0000] {processor.py:840} INFO - DAG(s) 'tutorial_dag' retrieved from /home/airflow/.local/lib/python3.12/site-packages/airflow/example_dags/tutorial_dag.py
[2026-03-04T08:11:04.895+0000] {logging_mixin.py:188} INFO - [2026-03-04T08:11:04.895+0000] {dag.py:3089} INFO - Sync 1 DAGs
[2026-03-04T08:11:04.899+0000] {logging_mixin.py:188} INFO - [2026-03-04T08:11:04.899+0000] {dag.py:3947} INFO - Setting next_dagrun for tutorial_dag to None, run_after=None
[2026-03-04T08:11:04.913+0000] {processor.py:183} INFO - Processing /home/airflow/.local/lib/python3.12/site-packages/airflow/example_dags/tutorial_dag.py took 0.032 seconds
[2026-03-04T08:11:35.512+0000] {processor.py:161} INFO - Started process (PID=7346) to work on /home/airflow/.local/lib/python3.12/site-packages/airflow/example_dags/tutorial_dag.py
[2026-03-04T08:11:35.512+0000] {processor.py:830} INFO - Processing file /home/airflow/.local/lib/python3.12/site-packages/airflow/example_dags/tutorial_dag.py for tasks to queue
[2026-03-04T08:11:35.513+0000] {logging_mixin.py:188} INFO - [2026-03-04T08:11:35.513+0000] {dagbag.py:545} INFO - Filling up the DagBag from /home/airflow/.local/lib/python3.12/site-packages/airflow/example_dags/tutorial_dag.py
[2026-03-04T08:11:35.515+0000] {processor.py:840} INFO - DAG(s) 'tutorial_dag' retrieved from /home/airflow/.local/lib/python3.12/site-packages/airflow/example_dags/tutorial_dag.py
[2026-03-04T08:11:35.525+0000] {logging_mixin.py:188} INFO - [2026-03-04T08:11:35.525+0000] {dag.py:3089} INFO - Sync 1 DAGs
[2026-03-04T08:11:35.529+0000] {logging_mixin.py:188} INFO - [2026-03-04T08:11:35.529+0000] {dag.py:3947} INFO - Setting next_dagrun for tutorial_dag to None, run_after=None
[2026-03-04T08:11:35.540+0000] {processor.py:183} INFO - Processing /home/airflow/.local/lib/python3.12/site-packages/airflow/example_dags/tutorial_dag.py took 0.030 seconds
[2026-03-04T08:12:05.999+0000] {processor.py:161} INFO - Started process (PID=7606) to work on /home/airflow/.local/lib/python3.12/site-packages/airflow/example_dags/tutorial_dag.py
[2026-03-04T08:12:06.001+0000] {processor.py:830} INFO - Processing file /home/airflow/.local/lib/python3.12/site-packages/airflow/example_dags/tutorial_dag.py for tasks to queue
[2026-03-04T08:12:06.001+0000] {logging_mixin.py:188} INFO - [2026-03-04T08:12:06.001+0000] {dagbag.py:545} INFO - Filling up the DagBag from /home/airflow/.local/lib/python3.12/site-packages/airflow/example_dags/tutorial_dag.py
[2026-03-04T08:12:06.003+0000] {processor.py:840} INFO - DAG(s) 'tutorial_dag' retrieved from /home/airflow/.local/lib/python3.12/site-packages/airflow/example_dags/tutorial_dag.py
[2026-03-04T08:12:06.012+0000] {logging_mixin.py:188} INFO - [2026-03-04T08:12:06.012+0000] {dag.py:3089} INFO - Sync 1 DAGs
[2026-03-04T08:12:06.016+0000] {logging_mixin.py:188} INFO - [2026-03-04T08:12:06.016+0000] {dag.py:3947} INFO - Setting next_dagrun for tutorial_dag to None, run_after=None
[2026-03-04T08:12:06.024+0000] {processor.py:183} INFO - Processing /home/airflow/.local/lib/python3.12/site-packages/airflow/example_dags/tutorial_dag.py took 0.027 seconds
[2026-03-04T08:12:36.585+0000] {processor.py:161} INFO - Started process (PID=7870) to work on /home/airflow/.local/lib/python3.12/site-packages/airflow/example_dags/tutorial_dag.py
[2026-03-04T08:12:36.585+0000] {processor.py:830} INFO - Processing file /home/airflow/.local/lib/python3.12/site-packages/airflow/example_dags/tutorial_dag.py for tasks to queue
[2026-03-04T08:12:36.586+0000] {logging_mixin.py:188} INFO - [2026-03-04T08:12:36.586+0000] {dagbag.py:545} INFO - Filling up the DagBag from /home/airflow/.local/lib/python3.12/site-packages/airflow/example_dags/tutorial_dag.py
[2026-03-04T08:12:36.588+0000] {processor.py:840} INFO - DAG(s) 'tutorial_dag' retrieved from /home/airflow/.local/lib/python3.12/site-packages/airflow/example_dags/tutorial_dag.py
[2026-03-04T08:12:36.594+0000] {logging_mixin.py:188} INFO - [2026-03-04T08:12:36.594+0000] {dag.py:3089} INFO - Sync 1 DAGs
[2026-03-04T08:12:36.598+0000] {logging_mixin.py:188} INFO - [2026-03-04T08:12:36.598+0000] {dag.py:3947} INFO - Setting next_dagrun for tutorial_dag to None, run_after=None
[2026-03-04T08:12:36.603+0000] {processor.py:183} INFO - Processing /home/airflow/.local/lib/python3.12/site-packages/airflow/example_dags/tutorial_dag.py took 0.020 seconds
[2026-03-04T08:13:07.098+0000] {processor.py:161} INFO - Started process (PID=8130) to work on /home/airflow/.local/lib/python3.12/site-packages/airflow/example_dags/tutorial_dag.py
[2026-03-04T08:13:07.100+0000] {processor.py:830} INFO - Processing file /home/airflow/.local/lib/python3.12/site-packages/airflow/example_dags/tutorial_dag.py for tasks to queue
[2026-03-04T08:13:07.100+0000] {logging_mixin.py:188} INFO - [2026-03-04T08:13:07.100+0000] {dagbag.py:545} INFO - Filling up the DagBag from /home/airflow/.local/lib/python3.12/site-packages/airflow/example_dags/tutorial_dag.py
[2026-03-04T08:13:07.102+0000] {processor.py:840} INFO - DAG(s) 'tutorial_dag' retrieved from /home/airflow/.local/lib/python3.12/site-packages/airflow/example_dags/tutorial_dag.py
[2026-03-04T08:13:07.112+0000] {logging_mixin.py:188} INFO - [2026-03-04T08:13:07.112+0000] {dag.py:3089} INFO - Sync 1 DAGs
[2026-03-04T08:13:07.116+0000] {logging_mixin.py:188} INFO - [2026-03-04T08:13:07.116+0000] {dag.py:3947} INFO - Setting next_dagrun for tutorial_dag to None, run_after=None
[2026-03-04T08:13:07.131+0000] {processor.py:183} INFO - Processing /home/airflow/.local/lib/python3.12/site-packages/airflow/example_dags/tutorial_dag.py took 0.035 seconds
[2026-03-04T08:13:37.677+0000] {processor.py:161} INFO - Started process (PID=8392) to work on /home/airflow/.local/lib/python3.12/site-packages/airflow/example_dags/tutorial_dag.py
[2026-03-04T08:13:37.677+0000] {processor.py:830} INFO - Processing file /home/airflow/.local/lib/python3.12/site-packages/airflow/example_dags/tutorial_dag.py for tasks to queue
[2026-03-04T08:13:37.678+0000] {logging_mixin.py:188} INFO - [2026-03-04T08:13:37.678+0000] {dagbag.py:545} INFO - Filling up the DagBag from /home/airflow/.local/lib/python3.12/site-packages/airflow/example_dags/tutorial_dag.py
[2026-03-04T08:13:37.680+0000] {processor.py:840} INFO - DAG(s) 'tutorial_dag' retrieved from /home/airflow/.local/lib/python3.12/site-packages/airflow/example_dags/tutorial_dag.py
[2026-03-04T08:13:37.687+0000] {logging_mixin.py:188} INFO - [2026-03-04T08:13:37.687+0000] {dag.py:3089} INFO - Sync 1 DAGs
[2026-03-04T08:13:37.691+0000] {logging_mixin.py:188} INFO - [2026-03-04T08:13:37.691+0000] {dag.py:3947} INFO - Setting next_dagrun for tutorial_dag to None, run_after=None
[2026-03-04T08:13:37.701+0000] {processor.py:183} INFO - Processing /home/airflow/.local/lib/python3.12/site-packages/airflow/example_dags/tutorial_dag.py took 0.026 seconds
[2026-03-04T08:14:08.176+0000] {processor.py:161} INFO - Started process (PID=8654) to work on /home/airflow/.local/lib/python3.12/site-packages/airflow/example_dags/tutorial_dag.py
[2026-03-04T08:14:08.177+0000] {processor.py:830} INFO - Processing file /home/airflow/.local/lib/python3.12/site-packages/airflow/example_dags/tutorial_dag.py for tasks to queue
[2026-03-04T08:14:08.178+0000] {logging_mixin.py:188} INFO - [2026-03-04T08:14:08.178+0000] {dagbag.py:545} INFO - Filling up the DagBag from /home/airflow/.local/lib/python3.12/site-packages/airflow/example_dags/tutorial_dag.py
[2026-03-04T08:14:08.180+0000] {processor.py:840} INFO - DAG(s) 'tutorial_dag' retrieved from /home/airflow/.local/lib/python3.12/site-packages/airflow/example_dags/tutorial_dag.py
[2026-03-04T08:14:08.192+0000] {logging_mixin.py:188} INFO - [2026-03-04T08:14:08.192+0000] {dag.py:3089} INFO - Sync 1 DAGs
[2026-03-04T08:14:08.196+0000] {logging_mixin.py:188} INFO - [2026-03-04T08:14:08.196+0000] {dag.py:3947} INFO - Setting next_dagrun for tutorial_dag to None, run_after=None
[2026-03-04T08:14:08.205+0000] {processor.py:183} INFO - Processing /home/airflow/.local/lib/python3.12/site-packages/airflow/example_dags/tutorial_dag.py took 0.031 seconds
[2026-03-04T08:14:38.717+0000] {processor.py:161} INFO - Started process (PID=8916) to work on /home/airflow/.local/lib/python3.12/site-packages/airflow/example_dags/tutorial_dag.py
[2026-03-04T08:14:38.718+0000] {processor.py:830} INFO - Processing file /home/airflow/.local/lib/python3.12/site-packages/airflow/example_dags/tutorial_dag.py for tasks to queue
[2026-03-04T08:14:38.719+0000] {logging_mixin.py:188} INFO - [2026-03-04T08:14:38.719+0000] {dagbag.py:545} INFO - Filling up the DagBag from /home/airflow/.local/lib/python3.12/site-packages/airflow/example_dags/tutorial_dag.py
[2026-03-04T08:14:38.720+0000] {processor.py:840} INFO - DAG(s) 'tutorial_dag' retrieved from /home/airflow/.local/lib/python3.12/site-packages/airflow/example_dags/tutorial_dag.py
[2026-03-04T08:14:38.728+0000] {logging_mixin.py:188} INFO - [2026-03-04T08:14:38.728+0000] {dag.py:3089} INFO - Sync 1 DAGs
[2026-03-04T08:14:38.733+0000] {logging_mixin.py:188} INFO - [2026-03-04T08:14:38.732+0000] {dag.py:3947} INFO - Setting next_dagrun for tutorial_dag to None, run_after=None
[2026-03-04T08:14:38.742+0000] {processor.py:183} INFO - Processing /home/airflow/.local/lib/python3.12/site-packages/airflow/example_dags/tutorial_dag.py took 0.028 seconds
[2026-03-04T08:15:09.222+0000] {processor.py:161} INFO - Started process (PID=9182) to work on /home/airflow/.local/lib/python3.12/site-packages/airflow/example_dags/tutorial_dag.py
[2026-03-04T08:15:09.223+0000] {processor.py:830} INFO - Processing file /home/airflow/.local/lib/python3.12/site-packages/airflow/example_dags/tutorial_dag.py for tasks to queue
[2026-03-04T08:15:09.224+0000] {logging_mixin.py:188} INFO - [2026-03-04T08:15:09.224+0000] {dagbag.py:545} INFO - Filling up the DagBag from /home/airflow/.local/lib/python3.12/site-packages/airflow/example_dags/tutorial_dag.py
[2026-03-04T08:15:09.226+0000] {processor.py:840} INFO - DAG(s) 'tutorial_dag' retrieved from /home/airflow/.local/lib/python3.12/site-packages/airflow/example_dags/tutorial_dag.py
[2026-03-04T08:15:09.233+0000] {logging_mixin.py:188} INFO - [2026-03-04T08:15:09.233+0000] {dag.py:3089} INFO - Sync 1 DAGs
[2026-03-04T08:15:09.238+0000] {logging_mixin.py:188} INFO - [2026-03-04T08:15:09.238+0000] {dag.py:3947} INFO - Setting next_dagrun for tutorial_dag to None, run_after=None
[2026-03-04T08:15:09.244+0000] {processor.py:183} INFO - Processing /home/airflow/.local/lib/python3.12/site-packages/airflow/example_dags/tutorial_dag.py took 0.023 seconds
[2026-03-04T08:15:39.835+0000] {processor.py:161} INFO - Started process (PID=9448) to work on /home/airflow/.local/lib/python3.12/site-packages/airflow/example_dags/tutorial_dag.py
[2026-03-04T08:15:39.836+0000] {processor.py:830} INFO - Processing file /home/airflow/.local/lib/python3.12/site-packages/airflow/example_dags/tutorial_dag.py for tasks to queue
[2026-03-04T08:15:39.837+0000] {logging_mixin.py:188} INFO - [2026-03-04T08:15:39.837+0000] {dagbag.py:545} INFO - Filling up the DagBag from /home/airflow/.local/lib/python3.12/site-packages/airflow/example_dags/tutorial_dag.py
[2026-03-04T08:15:39.839+0000] {processor.py:840} INFO - DAG(s) 'tutorial_dag' retrieved from /home/airflow/.local/lib/python3.12/site-packages/airflow/example_dags/tutorial_dag.py
[2026-03-04T08:15:39.854+0000] {logging_mixin.py:188} INFO - [2026-03-04T08:15:39.853+0000] {dag.py:3089} INFO - Sync 1 DAGs
[2026-03-04T08:15:39.859+0000] {logging_mixin.py:188} INFO - [2026-03-04T08:15:39.859+0000] {dag.py:3947} INFO - Setting next_dagrun for tutorial_dag to None, run_after=None
[2026-03-04T08:15:39.868+0000] {processor.py:183} INFO - Processing /home/airflow/.local/lib/python3.12/site-packages/airflow/example_dags/tutorial_dag.py took 0.036 seconds
[2026-03-04T08:16:10.447+0000] {processor.py:161} INFO - Started process (PID=9710) to work on /home/airflow/.local/lib/python3.12/site-packages/airflow/example_dags/tutorial_dag.py
[2026-03-04T08:16:10.448+0000] {processor.py:830} INFO - Processing file /home/airflow/.local/lib/python3.12/site-packages/airflow/example_dags/tutorial_dag.py for tasks to queue
[2026-03-04T08:16:10.448+0000] {logging_mixin.py:188} INFO - [2026-03-04T08:16:10.448+0000] {dagbag.py:545} INFO - Filling up the DagBag from /home/airflow/.local/lib/python3.12/site-packages/airflow/example_dags/tutorial_dag.py
[2026-03-04T08:16:10.451+0000] {processor.py:840} INFO - DAG(s) 'tutorial_dag' retrieved from /home/airflow/.local/lib/python3.12/site-packages/airflow/example_dags/tutorial_dag.py
[2026-03-04T08:16:10.463+0000] {logging_mixin.py:188} INFO - [2026-03-04T08:16:10.463+0000] {dag.py:3089} INFO - Sync 1 DAGs
[2026-03-04T08:16:10.468+0000] {logging_mixin.py:188} INFO - [2026-03-04T08:16:10.468+0000] {dag.py:3947} INFO - Setting next_dagrun for tutorial_dag to None, run_after=None
[2026-03-04T08:16:10.478+0000] {processor.py:183} INFO - Processing /home/airflow/.local/lib/python3.12/site-packages/airflow/example_dags/tutorial_dag.py took 0.033 seconds
[2026-03-04T08:16:41.107+0000] {processor.py:161} INFO - Started process (PID=9974) to work on /home/airflow/.local/lib/python3.12/site-packages/airflow/example_dags/tutorial_dag.py
[2026-03-04T08:16:41.108+0000] {processor.py:830} INFO - Processing file /home/airflow/.local/lib/python3.12/site-packages/airflow/example_dags/tutorial_dag.py for tasks to queue
[2026-03-04T08:16:41.108+0000] {logging_mixin.py:188} INFO - [2026-03-04T08:16:41.108+0000] {dagbag.py:545} INFO - Filling up the DagBag from /home/airflow/.local/lib/python3.12/site-packages/airflow/example_dags/tutorial_dag.py
[2026-03-04T08:16:41.110+0000] {processor.py:840} INFO - DAG(s) 'tutorial_dag' retrieved from /home/airflow/.local/lib/python3.12/site-packages/airflow/example_dags/tutorial_dag.py
[2026-03-04T08:16:41.119+0000] {logging_mixin.py:188} INFO - [2026-03-04T08:16:41.119+0000] {dag.py:3089} INFO - Sync 1 DAGs
[2026-03-04T08:16:41.125+0000] {logging_mixin.py:188} INFO - [2026-03-04T08:16:41.125+0000] {dag.py:3947} INFO - Setting next_dagrun for tutorial_dag to None, run_after=None
[2026-03-04T08:16:41.138+0000] {processor.py:183} INFO - Processing /home/airflow/.local/lib/python3.12/site-packages/airflow/example_dags/tutorial_dag.py took 0.033 seconds
[2026-03-04T08:17:12.092+0000] {processor.py:161} INFO - Started process (PID=10234) to work on /home/airflow/.local/lib/python3.12/site-packages/airflow/example_dags/tutorial_dag.py
[2026-03-04T08:17:12.092+0000] {processor.py:830} INFO - Processing file /home/airflow/.local/lib/python3.12/site-packages/airflow/example_dags/tutorial_dag.py for tasks to queue
[2026-03-04T08:17:12.093+0000] {logging_mixin.py:188} INFO - [2026-03-04T08:17:12.093+0000] {dagbag.py:545} INFO - Filling up the DagBag from /home/airflow/.local/lib/python3.12/site-packages/airflow/example_dags/tutorial_dag.py
[2026-03-04T08:17:12.095+0000] {processor.py:840} INFO - DAG(s) 'tutorial_dag' retrieved from /home/airflow/.local/lib/python3.12/site-packages/airflow/example_dags/tutorial_dag.py
[2026-03-04T08:17:12.102+0000] {logging_mixin.py:188} INFO - [2026-03-04T08:17:12.102+0000] {dag.py:3089} INFO - Sync 1 DAGs
[2026-03-04T08:17:12.109+0000] {logging_mixin.py:188} INFO - [2026-03-04T08:17:12.109+0000] {dag.py:3947} INFO - Setting next_dagrun for tutorial_dag to None, run_after=None
[2026-03-04T08:17:12.182+0000] {processor.py:183} INFO - Processing /home/airflow/.local/lib/python3.12/site-packages/airflow/example_dags/tutorial_dag.py took 0.092 seconds
[2026-03-04T08:17:42.863+0000] {processor.py:161} INFO - Started process (PID=10496) to work on /home/airflow/.local/lib/python3.12/site-packages/airflow/example_dags/tutorial_dag.py
[2026-03-04T08:17:42.864+0000] {processor.py:830} INFO - Processing file /home/airflow/.local/lib/python3.12/site-packages/airflow/example_dags/tutorial_dag.py for tasks to queue
[2026-03-04T08:17:42.866+0000] {logging_mixin.py:188} INFO - [2026-03-04T08:17:42.866+0000] {dagbag.py:545} INFO - Filling up the DagBag from /home/airflow/.local/lib/python3.12/site-packages/airflow/example_dags/tutorial_dag.py
[2026-03-04T08:17:42.868+0000] {processor.py:840} INFO - DAG(s) 'tutorial_dag' retrieved from /home/airflow/.local/lib/python3.12/site-packages/airflow/example_dags/tutorial_dag.py
[2026-03-04T08:17:42.876+0000] {logging_mixin.py:188} INFO - [2026-03-04T08:17:42.876+0000] {dag.py:3089} INFO - Sync 1 DAGs
[2026-03-04T08:17:42.880+0000] {logging_mixin.py:188} INFO - [2026-03-04T08:17:42.880+0000] {dag.py:3947} INFO - Setting next_dagrun for tutorial_dag to None, run_after=None
[2026-03-04T08:17:42.894+0000] {processor.py:183} INFO - Processing /home/airflow/.local/lib/python3.12/site-packages/airflow/example_dags/tutorial_dag.py took 0.032 seconds
[2026-03-04T08:18:12.926+0000] {processor.py:161} INFO - Started process (PID=10753) to work on /home/airflow/.local/lib/python3.12/site-packages/airflow/example_dags/tutorial_dag.py
[2026-03-04T08:18:12.926+0000] {processor.py:830} INFO - Processing file /home/airflow/.local/lib/python3.12/site-packages/airflow/example_dags/tutorial_dag.py for tasks to queue
[2026-03-04T08:18:12.927+0000] {logging_mixin.py:188} INFO - [2026-03-04T08:18:12.927+0000] {dagbag.py:545} INFO - Filling up the DagBag from /home/airflow/.local/lib/python3.12/site-packages/airflow/example_dags/tutorial_dag.py
[2026-03-04T08:18:12.929+0000] {processor.py:840} INFO - DAG(s) 'tutorial_dag' retrieved from /home/airflow/.local/lib/python3.12/site-packages/airflow/example_dags/tutorial_dag.py
[2026-03-04T08:18:12.935+0000] {logging_mixin.py:188} INFO - [2026-03-04T08:18:12.935+0000] {dag.py:3089} INFO - Sync 1 DAGs
[2026-03-04T08:18:12.938+0000] {logging_mixin.py:188} INFO - [2026-03-04T08:18:12.938+0000] {dag.py:3947} INFO - Setting next_dagrun for tutorial_dag to None, run_after=None
[2026-03-04T08:18:12.944+0000] {processor.py:183} INFO - Processing /home/airflow/.local/lib/python3.12/site-packages/airflow/example_dags/tutorial_dag.py took 0.020 seconds
[2026-03-04T08:18:43.562+0000] {processor.py:161} INFO - Started process (PID=11015) to work on /home/airflow/.local/lib/python3.12/site-packages/airflow/example_dags/tutorial_dag.py
[2026-03-04T08:18:43.562+0000] {processor.py:830} INFO - Processing file /home/airflow/.local/lib/python3.12/site-packages/airflow/example_dags/tutorial_dag.py for tasks to queue
[2026-03-04T08:18:43.563+0000] {logging_mixin.py:188} INFO - [2026-03-04T08:18:43.563+0000] {dagbag.py:545} INFO - Filling up the DagBag from /home/airflow/.local/lib/python3.12/site-packages/airflow/example_dags/tutorial_dag.py
[2026-03-04T08:18:43.566+0000] {processor.py:840} INFO - DAG(s) 'tutorial_dag' retrieved from /home/airflow/.local/lib/python3.12/site-packages/airflow/example_dags/tutorial_dag.py
[2026-03-04T08:18:43.573+0000] {logging_mixin.py:188} INFO - [2026-03-04T08:18:43.573+0000] {dag.py:3089} INFO - Sync 1 DAGs
[2026-03-04T08:18:43.577+0000] {logging_mixin.py:188} INFO - [2026-03-04T08:18:43.577+0000] {dag.py:3947} INFO - Setting next_dagrun for tutorial_dag to None, run_after=None
[2026-03-04T08:18:43.582+0000] {processor.py:183} INFO - Processing /home/airflow/.local/lib/python3.12/site-packages/airflow/example_dags/tutorial_dag.py took 0.023 seconds
[2026-03-04T08:19:14.149+0000] {processor.py:161} INFO - Started process (PID=11279) to work on /home/airflow/.local/lib/python3.12/site-packages/airflow/example_dags/tutorial_dag.py
[2026-03-04T08:19:14.149+0000] {processor.py:830} INFO - Processing file /home/airflow/.local/lib/python3.12/site-packages/airflow/example_dags/tutorial_dag.py for tasks to queue
[2026-03-04T08:19:14.150+0000] {logging_mixin.py:188} INFO - [2026-03-04T08:19:14.149+0000] {dagbag.py:545} INFO - Filling up the DagBag from /home/airflow/.local/lib/python3.12/site-packages/airflow/example_dags/tutorial_dag.py
[2026-03-04T08:19:14.151+0000] {processor.py:840} INFO - DAG(s) 'tutorial_dag' retrieved from /home/airflow/.local/lib/python3.12/site-packages/airflow/example_dags/tutorial_dag.py
[2026-03-04T08:19:14.158+0000] {logging_mixin.py:188} INFO - [2026-03-04T08:19:14.158+0000] {dag.py:3089} INFO - Sync 1 DAGs
[2026-03-04T08:19:14.162+0000] {logging_mixin.py:188} INFO - [2026-03-04T08:19:14.162+0000] {dag.py:3947} INFO - Setting next_dagrun for tutorial_dag to None, run_after=None
[2026-03-04T08:19:14.168+0000] {processor.py:183} INFO - Processing /home/airflow/.local/lib/python3.12/site-packages/airflow/example_dags/tutorial_dag.py took 0.021 seconds
[2026-03-04T08:19:44.772+0000] {processor.py:161} INFO - Started process (PID=11539) to work on /home/airflow/.local/lib/python3.12/site-packages/airflow/example_dags/tutorial_dag.py
[2026-03-04T08:19:44.773+0000] {processor.py:830} INFO - Processing file /home/airflow/.local/lib/python3.12/site-packages/airflow/example_dags/tutorial_dag.py for tasks to queue
[2026-03-04T08:19:44.773+0000] {logging_mixin.py:188} INFO - [2026-03-04T08:19:44.773+0000] {dagbag.py:545} INFO - Filling up the DagBag from /home/airflow/.local/lib/python3.12/site-packages/airflow/example_dags/tutorial_dag.py
[2026-03-04T08:19:44.775+0000] {processor.py:840} INFO - DAG(s) 'tutorial_dag' retrieved from /home/airflow/.local/lib/python3.12/site-packages/airflow/example_dags/tutorial_dag.py
[2026-03-04T08:19:44.782+0000] {logging_mixin.py:188} INFO - [2026-03-04T08:19:44.781+0000] {dag.py:3089} INFO - Sync 1 DAGs
[2026-03-04T08:19:44.785+0000] {logging_mixin.py:188} INFO - [2026-03-04T08:19:44.785+0000] {dag.py:3947} INFO - Setting next_dagrun for tutorial_dag to None, run_after=None
[2026-03-04T08:19:44.791+0000] {processor.py:183} INFO - Processing /home/airflow/.local/lib/python3.12/site-packages/airflow/example_dags/tutorial_dag.py took 0.020 seconds
[2026-03-04T08:20:15.301+0000] {processor.py:161} INFO - Started process (PID=11801) to work on /home/airflow/.local/lib/python3.12/site-packages/airflow/example_dags/tutorial_dag.py
[2026-03-04T08:20:15.302+0000] {processor.py:830} INFO - Processing file /home/airflow/.local/lib/python3.12/site-packages/airflow/example_dags/tutorial_dag.py for tasks to queue
[2026-03-04T08:20:15.302+0000] {logging_mixin.py:188} INFO - [2026-03-04T08:20:15.302+0000] {dagbag.py:545} INFO - Filling up the DagBag from /home/airflow/.local/lib/python3.12/site-packages/airflow/example_dags/tutorial_dag.py
[2026-03-04T08:20:15.306+0000] {processor.py:840} INFO - DAG(s) 'tutorial_dag' retrieved from /home/airflow/.local/lib/python3.12/site-packages/airflow/example_dags/tutorial_dag.py
[2026-03-04T08:20:15.492+0000] {logging_mixin.py:188} INFO - [2026-03-04T08:20:15.490+0000] {dag.py:3089} INFO - Sync 1 DAGs
[2026-03-04T08:20:15.511+0000] {logging_mixin.py:188} INFO - [2026-03-04T08:20:15.510+0000] {dag.py:3947} INFO - Setting next_dagrun for tutorial_dag to None, run_after=None
[2026-03-04T08:20:15.532+0000] {processor.py:183} INFO - Processing /home/airflow/.local/lib/python3.12/site-packages/airflow/example_dags/tutorial_dag.py took 0.233 seconds
[2026-03-04T08:37:20.926+0000] {processor.py:161} INFO - Started process (PID=12068) to work on /home/airflow/.local/lib/python3.12/site-packages/airflow/example_dags/tutorial_dag.py
[2026-03-04T08:37:20.927+0000] {processor.py:830} INFO - Processing file /home/airflow/.local/lib/python3.12/site-packages/airflow/example_dags/tutorial_dag.py for tasks to queue
[2026-03-04T08:37:20.928+0000] {logging_mixin.py:188} INFO - [2026-03-04T08:37:20.928+0000] {dagbag.py:545} INFO - Filling up the DagBag from /home/airflow/.local/lib/python3.12/site-packages/airflow/example_dags/tutorial_dag.py
[2026-03-04T08:37:20.930+0000] {processor.py:840} INFO - DAG(s) 'tutorial_dag' retrieved from /home/airflow/.local/lib/python3.12/site-packages/airflow/example_dags/tutorial_dag.py
[2026-03-04T08:37:20.940+0000] {logging_mixin.py:188} INFO - [2026-03-04T08:37:20.940+0000] {dag.py:3089} INFO - Sync 1 DAGs
[2026-03-04T08:37:20.949+0000] {logging_mixin.py:188} INFO - [2026-03-04T08:37:20.949+0000] {dag.py:3947} INFO - Setting next_dagrun for tutorial_dag to None, run_after=None
[2026-03-04T08:37:20.958+0000] {processor.py:183} INFO - Processing /home/airflow/.local/lib/python3.12/site-packages/airflow/example_dags/tutorial_dag.py took 0.035 seconds
[2026-03-04T08:46:11.393+0000] {processor.py:161} INFO - Started process (PID=12330) to work on /home/airflow/.local/lib/python3.12/site-packages/airflow/example_dags/tutorial_dag.py
[2026-03-04T08:46:11.394+0000] {processor.py:830} INFO - Processing file /home/airflow/.local/lib/python3.12/site-packages/airflow/example_dags/tutorial_dag.py for tasks to queue
[2026-03-04T08:46:11.395+0000] {logging_mixin.py:188} INFO - [2026-03-04T08:46:11.395+0000] {dagbag.py:545} INFO - Filling up the DagBag from /home/airflow/.local/lib/python3.12/site-packages/airflow/example_dags/tutorial_dag.py
[2026-03-04T08:46:11.398+0000] {processor.py:840} INFO - DAG(s) 'tutorial_dag' retrieved from /home/airflow/.local/lib/python3.12/site-packages/airflow/example_dags/tutorial_dag.py
[2026-03-04T08:46:11.405+0000] {logging_mixin.py:188} INFO - [2026-03-04T08:46:11.405+0000] {dag.py:3089} INFO - Sync 1 DAGs
[2026-03-04T08:46:11.411+0000] {logging_mixin.py:188} INFO - [2026-03-04T08:46:11.411+0000] {dag.py:3947} INFO - Setting next_dagrun for tutorial_dag to None, run_after=None
[2026-03-04T08:46:11.421+0000] {processor.py:183} INFO - Processing /home/airflow/.local/lib/python3.12/site-packages/airflow/example_dags/tutorial_dag.py took 0.030 seconds
[2026-03-04T08:46:42.012+0000] {processor.py:161} INFO - Started process (PID=12592) to work on /home/airflow/.local/lib/python3.12/site-packages/airflow/example_dags/tutorial_dag.py
[2026-03-04T08:46:42.014+0000] {processor.py:830} INFO - Processing file /home/airflow/.local/lib/python3.12/site-packages/airflow/example_dags/tutorial_dag.py for tasks to queue
[2026-03-04T08:46:42.015+0000] {logging_mixin.py:188} INFO - [2026-03-04T08:46:42.015+0000] {dagbag.py:545} INFO - Filling up the DagBag from /home/airflow/.local/lib/python3.12/site-packages/airflow/example_dags/tutorial_dag.py
[2026-03-04T08:46:42.017+0000] {processor.py:840} INFO - DAG(s) 'tutorial_dag' retrieved from /home/airflow/.local/lib/python3.12/site-packages/airflow/example_dags/tutorial_dag.py
[2026-03-04T08:46:42.028+0000] {logging_mixin.py:188} INFO - [2026-03-04T08:46:42.028+0000] {dag.py:3089} INFO - Sync 1 DAGs
[2026-03-04T08:46:42.033+0000] {logging_mixin.py:188} INFO - [2026-03-04T08:46:42.033+0000] {dag.py:3947} INFO - Setting next_dagrun for tutorial_dag to None, run_after=None
[2026-03-04T08:46:42.047+0000] {processor.py:183} INFO - Processing /home/airflow/.local/lib/python3.12/site-packages/airflow/example_dags/tutorial_dag.py took 0.037 seconds
[2026-03-04T08:47:12.566+0000] {processor.py:161} INFO - Started process (PID=12854) to work on /home/airflow/.local/lib/python3.12/site-packages/airflow/example_dags/tutorial_dag.py
[2026-03-04T08:47:12.567+0000] {processor.py:830} INFO - Processing file /home/airflow/.local/lib/python3.12/site-packages/airflow/example_dags/tutorial_dag.py for tasks to queue
[2026-03-04T08:47:12.568+0000] {logging_mixin.py:188} INFO - [2026-03-04T08:47:12.568+0000] {dagbag.py:545} INFO - Filling up the DagBag from /home/airflow/.local/lib/python3.12/site-packages/airflow/example_dags/tutorial_dag.py
[2026-03-04T08:47:12.570+0000] {processor.py:840} INFO - DAG(s) 'tutorial_dag' retrieved from /home/airflow/.local/lib/python3.12/site-packages/airflow/example_dags/tutorial_dag.py
[2026-03-04T08:47:12.583+0000] {logging_mixin.py:188} INFO - [2026-03-04T08:47:12.582+0000] {dag.py:3089} INFO - Sync 1 DAGs
[2026-03-04T08:47:12.587+0000] {logging_mixin.py:188} INFO - [2026-03-04T08:47:12.587+0000] {dag.py:3947} INFO - Setting next_dagrun for tutorial_dag to None, run_after=None
[2026-03-04T08:47:12.597+0000] {processor.py:183} INFO - Processing /home/airflow/.local/lib/python3.12/site-packages/airflow/example_dags/tutorial_dag.py took 0.033 seconds
[2026-03-04T08:47:43.067+0000] {processor.py:161} INFO - Started process (PID=13116) to work on /home/airflow/.local/lib/python3.12/site-packages/airflow/example_dags/tutorial_dag.py
[2026-03-04T08:47:43.069+0000] {processor.py:830} INFO - Processing file /home/airflow/.local/lib/python3.12/site-packages/airflow/example_dags/tutorial_dag.py for tasks to queue
[2026-03-04T08:47:43.069+0000] {logging_mixin.py:188} INFO - [2026-03-04T08:47:43.069+0000] {dagbag.py:545} INFO - Filling up the DagBag from /home/airflow/.local/lib/python3.12/site-packages/airflow/example_dags/tutorial_dag.py
[2026-03-04T08:47:43.072+0000] {processor.py:840} INFO - DAG(s) 'tutorial_dag' retrieved from /home/airflow/.local/lib/python3.12/site-packages/airflow/example_dags/tutorial_dag.py
[2026-03-04T08:47:43.082+0000] {logging_mixin.py:188} INFO - [2026-03-04T08:47:43.082+0000] {dag.py:3089} INFO - Sync 1 DAGs
[2026-03-04T08:47:43.087+0000] {logging_mixin.py:188} INFO - [2026-03-04T08:47:43.087+0000] {dag.py:3947} INFO - Setting next_dagrun for tutorial_dag to None, run_after=None
[2026-03-04T08:47:43.093+0000] {processor.py:183} INFO - Processing /home/airflow/.local/lib/python3.12/site-packages/airflow/example_dags/tutorial_dag.py took 0.029 seconds
[2026-03-04T08:48:13.609+0000] {processor.py:161} INFO - Started process (PID=13378) to work on /home/airflow/.local/lib/python3.12/site-packages/airflow/example_dags/tutorial_dag.py
[2026-03-04T08:48:13.609+0000] {processor.py:830} INFO - Processing file /home/airflow/.local/lib/python3.12/site-packages/airflow/example_dags/tutorial_dag.py for tasks to queue
[2026-03-04T08:48:13.610+0000] {logging_mixin.py:188} INFO - [2026-03-04T08:48:13.610+0000] {dagbag.py:545} INFO - Filling up the DagBag from /home/airflow/.local/lib/python3.12/site-packages/airflow/example_dags/tutorial_dag.py
[2026-03-04T08:48:13.612+0000] {processor.py:840} INFO - DAG(s) 'tutorial_dag' retrieved from /home/airflow/.local/lib/python3.12/site-packages/airflow/example_dags/tutorial_dag.py
[2026-03-04T08:48:13.619+0000] {logging_mixin.py:188} INFO - [2026-03-04T08:48:13.619+0000] {dag.py:3089} INFO - Sync 1 DAGs
[2026-03-04T08:48:13.623+0000] {logging_mixin.py:188} INFO - [2026-03-04T08:48:13.623+0000] {dag.py:3947} INFO - Setting next_dagrun for tutorial_dag to None, run_after=None
[2026-03-04T08:48:13.632+0000] {processor.py:183} INFO - Processing /home/airflow/.local/lib/python3.12/site-packages/airflow/example_dags/tutorial_dag.py took 0.026 seconds
[2026-03-04T08:48:44.139+0000] {processor.py:161} INFO - Started process (PID=13640) to work on /home/airflow/.local/lib/python3.12/site-packages/airflow/example_dags/tutorial_dag.py
[2026-03-04T08:48:44.140+0000] {processor.py:830} INFO - Processing file /home/airflow/.local/lib/python3.12/site-packages/airflow/example_dags/tutorial_dag.py for tasks to queue
[2026-03-04T08:48:44.140+0000] {logging_mixin.py:188} INFO - [2026-03-04T08:48:44.140+0000] {dagbag.py:545} INFO - Filling up the DagBag from /home/airflow/.local/lib/python3.12/site-packages/airflow/example_dags/tutorial_dag.py
[2026-03-04T08:48:44.146+0000] {processor.py:840} INFO - DAG(s) 'tutorial_dag' retrieved from /home/airflow/.local/lib/python3.12/site-packages/airflow/example_dags/tutorial_dag.py
[2026-03-04T08:48:44.157+0000] {logging_mixin.py:188} INFO - [2026-03-04T08:48:44.157+0000] {dag.py:3089} INFO - Sync 1 DAGs
[2026-03-04T08:48:44.162+0000] {logging_mixin.py:188} INFO - [2026-03-04T08:48:44.162+0000] {dag.py:3947} INFO - Setting next_dagrun for tutorial_dag to None, run_after=None
[2026-03-04T08:48:44.170+0000] {processor.py:183} INFO - Processing /home/airflow/.local/lib/python3.12/site-packages/airflow/example_dags/tutorial_dag.py took 0.033 seconds
[2026-03-04T08:49:14.762+0000] {processor.py:161} INFO - Started process (PID=13903) to work on /home/airflow/.local/lib/python3.12/site-packages/airflow/example_dags/tutorial_dag.py
[2026-03-04T08:49:14.763+0000] {processor.py:830} INFO - Processing file /home/airflow/.local/lib/python3.12/site-packages/airflow/example_dags/tutorial_dag.py for tasks to queue
[2026-03-04T08:49:14.763+0000] {logging_mixin.py:188} INFO - [2026-03-04T08:49:14.763+0000] {dagbag.py:545} INFO - Filling up the DagBag from /home/airflow/.local/lib/python3.12/site-packages/airflow/example_dags/tutorial_dag.py
[2026-03-04T08:49:14.765+0000] {processor.py:840} INFO - DAG(s) 'tutorial_dag' retrieved from /home/airflow/.local/lib/python3.12/site-packages/airflow/example_dags/tutorial_dag.py
[2026-03-04T08:49:14.775+0000] {logging_mixin.py:188} INFO - [2026-03-04T08:49:14.775+0000] {dag.py:3089} INFO - Sync 1 DAGs
[2026-03-04T08:49:14.783+0000] {logging_mixin.py:188} INFO - [2026-03-04T08:49:14.783+0000] {dag.py:3947} INFO - Setting next_dagrun for tutorial_dag to None, run_after=None
[2026-03-04T08:49:14.793+0000] {processor.py:183} INFO - Processing /home/airflow/.local/lib/python3.12/site-packages/airflow/example_dags/tutorial_dag.py took 0.033 seconds
[2026-03-04T08:49:45.321+0000] {processor.py:161} INFO - Started process (PID=14164) to work on /home/airflow/.local/lib/python3.12/site-packages/airflow/example_dags/tutorial_dag.py
[2026-03-04T08:49:45.322+0000] {processor.py:830} INFO - Processing file /home/airflow/.local/lib/python3.12/site-packages/airflow/example_dags/tutorial_dag.py for tasks to queue
[2026-03-04T08:49:45.323+0000] {logging_mixin.py:188} INFO - [2026-03-04T08:49:45.323+0000] {dagbag.py:545} INFO - Filling up the DagBag from /home/airflow/.local/lib/python3.12/site-packages/airflow/example_dags/tutorial_dag.py
[2026-03-04T08:49:45.325+0000] {processor.py:840} INFO - DAG(s) 'tutorial_dag' retrieved from /home/airflow/.local/lib/python3.12/site-packages/airflow/example_dags/tutorial_dag.py
[2026-03-04T08:49:45.342+0000] {logging_mixin.py:188} INFO - [2026-03-04T08:49:45.342+0000] {dag.py:3089} INFO - Sync 1 DAGs
[2026-03-04T08:49:45.347+0000] {logging_mixin.py:188} INFO - [2026-03-04T08:49:45.347+0000] {dag.py:3947} INFO - Setting next_dagrun for tutorial_dag to None, run_after=None
[2026-03-04T08:49:45.356+0000] {processor.py:183} INFO - Processing /home/airflow/.local/lib/python3.12/site-packages/airflow/example_dags/tutorial_dag.py took 0.037 seconds
[2026-03-04T08:50:15.839+0000] {processor.py:161} INFO - Started process (PID=14426) to work on /home/airflow/.local/lib/python3.12/site-packages/airflow/example_dags/tutorial_dag.py
[2026-03-04T08:50:15.840+0000] {processor.py:830} INFO - Processing file /home/airflow/.local/lib/python3.12/site-packages/airflow/example_dags/tutorial_dag.py for tasks to queue
[2026-03-04T08:50:15.841+0000] {logging_mixin.py:188} INFO - [2026-03-04T08:50:15.841+0000] {dagbag.py:545} INFO - Filling up the DagBag from /home/airflow/.local/lib/python3.12/site-packages/airflow/example_dags/tutorial_dag.py
[2026-03-04T08:50:15.843+0000] {processor.py:840} INFO - DAG(s) 'tutorial_dag' retrieved from /home/airflow/.local/lib/python3.12/site-packages/airflow/example_dags/tutorial_dag.py
[2026-03-04T08:50:15.855+0000] {logging_mixin.py:188} INFO - [2026-03-04T08:50:15.855+0000] {dag.py:3089} INFO - Sync 1 DAGs
[2026-03-04T08:50:15.860+0000] {logging_mixin.py:188} INFO - [2026-03-04T08:50:15.860+0000] {dag.py:3947} INFO - Setting next_dagrun for tutorial_dag to None, run_after=None
[2026-03-04T08:50:15.868+0000] {processor.py:183} INFO - Processing /home/airflow/.local/lib/python3.12/site-packages/airflow/example_dags/tutorial_dag.py took 0.031 seconds
[2026-03-04T08:50:46.427+0000] {processor.py:161} INFO - Started process (PID=14690) to work on /home/airflow/.local/lib/python3.12/site-packages/airflow/example_dags/tutorial_dag.py
[2026-03-04T08:50:46.428+0000] {processor.py:830} INFO - Processing file /home/airflow/.local/lib/python3.12/site-packages/airflow/example_dags/tutorial_dag.py for tasks to queue
[2026-03-04T08:50:46.428+0000] {logging_mixin.py:188} INFO - [2026-03-04T08:50:46.428+0000] {dagbag.py:545} INFO - Filling up the DagBag from /home/airflow/.local/lib/python3.12/site-packages/airflow/example_dags/tutorial_dag.py
[2026-03-04T08:50:46.430+0000] {processor.py:840} INFO - DAG(s) 'tutorial_dag' retrieved from /home/airflow/.local/lib/python3.12/site-packages/airflow/example_dags/tutorial_dag.py
[2026-03-04T08:50:46.436+0000] {logging_mixin.py:188} INFO - [2026-03-04T08:50:46.436+0000] {dag.py:3089} INFO - Sync 1 DAGs
[2026-03-04T08:50:46.440+0000] {logging_mixin.py:188} INFO - [2026-03-04T08:50:46.440+0000] {dag.py:3947} INFO - Setting next_dagrun for tutorial_dag to None, run_after=None
[2026-03-04T08:50:46.445+0000] {processor.py:183} INFO - Processing /home/airflow/.local/lib/python3.12/site-packages/airflow/example_dags/tutorial_dag.py took 0.020 seconds
